2014-08-05 18:47:14
rsync://kali.mirror.garr.it/kali/

receiving file list ... rsync: opendir "/pool/main/c/clipper" (in kali) failed: Permission denied (13)
done
IO error encountered -- skipping file deletion
pool/main/c/ceph/
file has vanished: "/pool/main/c/ceph/.ceph_0.80.5-1_amd64.deb.Ly8WSs" (in kali)
pool/main/c/ceph/ceph-test-dbg_0.80.5-1_i386.deb
pool/main/c/ceph/ceph-test_0.80.5-1_amd64.deb
pool/main/c/ceph/ceph-test_0.80.5-1_armel.deb
pool/main/c/ceph/ceph-test_0.80.5-1_armhf.deb
pool/main/c/ceph/ceph-test_0.80.5-1_i386.deb
pool/main/c/ceph/ceph_0.80.5-1.debian.tar.xz
pool/main/c/ceph/ceph_0.80.5-1.dsc

Number of files: 338091
Number of files transferred: 7
Total file size: 362075414107 bytes
Total transferred file size: 362982197 bytes
Literal data: 362982197 bytes
Matched data: 0 bytes
File list size: 8431701
File list generation time: 233.155 seconds
File list transfer time: 0.000 seconds
Total bytes sent: 197
Total bytes received: 371458731

sent 197 bytes  received 371458731 bytes  768270.79 bytes/sec
total size is 362075414107  speedup is 974.74
rsync error: some files/attrs were not transferred (see previous errors) (code 23) at main.c(1505) [generator=3.0.6]
