2014-08-05 15:14:07
rsync://archive.raspbian.org/archive/
receiving file list ... done
./
images/
installer/
mate/
mate/dists/
mate/dists/jessie/
mate/dists/jessie/main/
mate/dists/jessie/main/binary-armhf/
mate/dists/jessie/main/debian-installer/
mate/dists/jessie/main/debian-installer/binary-armhf/
mate/dists/jessie/main/source/
mate/dists/wheezy/
mate/dists/wheezy/main/
mate/dists/wheezy/main/binary-armhf/
mate/dists/wheezy/main/debian-installer/
mate/dists/wheezy/main/debian-installer/binary-armhf/
mate/dists/wheezy/main/debian-installer/binary-i386/
mate/dists/wheezy/main/source/
mate/lists/
mate/pool/
mate/pool/main/
mate/pool/main/a/
mate/pool/main/a/airlines-theme/
mate/pool/main/a/aquadreams-theme/
mate/pool/main/b/
mate/pool/main/b/balanzan-theme/
mate/pool/main/b/bamboo-zen-theme/
mate/pool/main/b/bisigi-cursor-theme/
mate/pool/main/c/
mate/pool/main/c/caja-dropbox/
mate/pool/main/e/
mate/pool/main/e/eco-theme/
mate/pool/main/e/ellanna-theme/
mate/pool/main/e/exotic-theme/
mate/pool/main/f/
mate/pool/main/f/ffmpegthumbnailer-caja/
mate/pool/main/i/
mate/pool/main/i/infinity-theme/
mate/pool/main/libm/
mate/pool/main/libm/libmate/
mate/pool/main/libm/libmatecanvas/
mate/pool/main/libm/libmatecomponent/
mate/pool/main/libm/libmatecomponentui/
mate/pool/main/libm/libmatekbd/
mate/pool/main/libm/libmatekeyring/
mate/pool/main/libm/libmatenotify/
mate/pool/main/libm/libmateui/
mate/pool/main/libm/libmateweather/
mate/pool/main/libm/libmatewnck/
mate/pool/main/m/
mate/pool/main/m/mate-applets/
mate/pool/main/m/mate-archive-keyring/
mate/pool/main/m/mate-backgrounds/
mate/pool/main/m/mate-bluetooth/
mate/pool/main/m/mate-calc/
mate/pool/main/m/mate-character-map/
mate/pool/main/m/mate-common/
mate/pool/main/m/mate-conf-editor/
mate/pool/main/m/mate-conf/
mate/pool/main/m/mate-control-center/
mate/pool/main/m/mate-corba/
mate/pool/main/m/mate-desktop-environment/
mate/pool/main/m/mate-desktop/
mate/pool/main/m/mate-dialogs/
mate/pool/main/m/mate-doc-utils/
mate/pool/main/m/mate-document-viewer/
mate/pool/main/m/mate-file-archiver/
mate/pool/main/m/mate-file-manager-gksu/
mate/pool/main/m/mate-file-manager-image-converter/
mate/pool/main/m/mate-file-manager-open-terminal/
mate/pool/main/m/mate-file-manager-sendto/
mate/pool/main/m/mate-file-manager-share/
mate/pool/main/m/mate-file-manager/
mate/pool/main/m/mate-icon-theme-faenza/
mate/pool/main/m/mate-icon-theme/
mate/pool/main/m/mate-image-viewer/
mate/pool/main/m/mate-indicator-applet/
mate/pool/main/m/mate-keyring/
mate/pool/main/m/mate-media/
mate/pool/main/m/mate-menu-editor/
mate/pool/main/m/mate-menus/
mate/pool/main/m/mate-mime-data/
mate/pool/main/m/mate-netbook/
mate/pool/main/m/mate-netspeed/
mate/pool/main/m/mate-notification-daemon/
mate/pool/main/m/mate-panel/
mate/pool/main/m/mate-polkit/
mate/pool/main/m/mate-power-manager/
mate/pool/main/m/mate-screensaver/
mate/pool/main/m/mate-sensors-applet/
mate/pool/main/m/mate-session-manager/
mate/pool/main/m/mate-settings-daemon/
mate/pool/main/m/mate-system-monitor/
mate/pool/main/m/mate-system-tools/
mate/pool/main/m/mate-terminal/
mate/pool/main/m/mate-text-editor/
mate/pool/main/m/mate-themes/
mate/pool/main/m/mate-user-share/
mate/pool/main/m/mate-utils/
mate/pool/main/m/mate-vfs/
mate/pool/main/m/mate-window-manager/
mate/pool/main/o/
mate/pool/main/o/orange-theme/
mate/pool/main/p/
mate/pool/main/p/python-caja/
mate/pool/main/p/python-corba/
mate/pool/main/p/python-mate-desktop/
mate/pool/main/p/python-mate/
mate/pool/main/s/
mate/pool/main/s/showtime-theme/
mate/pool/main/s/split-theme/
mate/pool/main/s/step-into-freedom-theme/
mate/pool/main/t/
mate/pool/main/t/tropical-theme/
mate/pool/main/u/
mate/pool/main/u/ubuntu-sunrise-theme/
mate/pool/main/w/
mate/pool/main/w/wild-shine-theme/
multiarchcross/
multiarchcross/conf/
multiarchcross/db/
multiarchcross/dists/
multiarchcross/dists/wheezy/
multiarchcross/dists/wheezy/main/
multiarchcross/dists/wheezy/main/binary-amd64/
multiarchcross/dists/wheezy/main/binary-armhf/
multiarchcross/dists/wheezy/main/source/
multiarchcross/pool/
multiarchcross/pool/main/
multiarchcross/pool/main/b/
multiarchcross/pool/main/b/binutils-arm-linux-gnueabihf/
multiarchcross/pool/main/g/
multiarchcross/pool/main/g/gcc-4.7-arm-linux-gnueabihf/
multiarchcross/pool/main/g/gcc-4.7/
multiarchcross/pool/main/l/
multiarchcross/pool/main/l/linux/
qemu/
raspbian/
raspbian/dists/
raspbian/dists/jessie-staging/
raspbian/dists/jessie-staging/InRelease
raspbian/dists/jessie-staging/Release
raspbian/dists/jessie-staging/Release.gpg
raspbian/dists/jessie-staging/contrib/
raspbian/dists/jessie-staging/contrib/binary-armhf/
raspbian/dists/jessie-staging/contrib/binary-armhf/Packages
raspbian/dists/jessie-staging/contrib/binary-armhf/Packages.gz
raspbian/dists/jessie-staging/contrib/binary-armhf/Packages.xz
raspbian/dists/jessie-staging/contrib/binary-armhf/Release
raspbian/dists/jessie-staging/contrib/source/
raspbian/dists/jessie-staging/contrib/source/Release
raspbian/dists/jessie-staging/contrib/source/Sources
raspbian/dists/jessie-staging/contrib/source/Sources.gz
raspbian/dists/jessie-staging/contrib/source/Sources.xz
raspbian/dists/jessie-staging/firmware/
raspbian/dists/jessie-staging/firmware/binary-armhf/
raspbian/dists/jessie-staging/firmware/binary-armhf/Packages
raspbian/dists/jessie-staging/firmware/binary-armhf/Packages.gz
raspbian/dists/jessie-staging/firmware/binary-armhf/Packages.xz
raspbian/dists/jessie-staging/firmware/binary-armhf/Release
raspbian/dists/jessie-staging/firmware/source/
raspbian/dists/jessie-staging/firmware/source/Release
raspbian/dists/jessie-staging/firmware/source/Sources
raspbian/dists/jessie-staging/firmware/source/Sources.gz
raspbian/dists/jessie-staging/firmware/source/Sources.xz
raspbian/dists/jessie-staging/main/
raspbian/dists/jessie-staging/main/binary-armhf/
raspbian/dists/jessie-staging/main/binary-armhf/Packages
raspbian/dists/jessie-staging/main/binary-armhf/Packages.gz
raspbian/dists/jessie-staging/main/binary-armhf/Packages.xz
raspbian/dists/jessie-staging/main/binary-armhf/Release
raspbian/dists/jessie-staging/main/debian-installer/
raspbian/dists/jessie-staging/main/debian-installer/binary-armhf/
raspbian/dists/jessie-staging/main/debian-installer/binary-armhf/Packages
raspbian/dists/jessie-staging/main/debian-installer/binary-armhf/Packages.gz
raspbian/dists/jessie-staging/main/debian-installer/binary-armhf/Packages.xz
raspbian/dists/jessie-staging/main/source/
raspbian/dists/jessie-staging/main/source/Release
raspbian/dists/jessie-staging/main/source/Sources
raspbian/dists/jessie-staging/main/source/Sources.gz
raspbian/dists/jessie-staging/main/source/Sources.xz
raspbian/dists/jessie-staging/non-free/
raspbian/dists/jessie-staging/non-free/binary-armhf/
raspbian/dists/jessie-staging/non-free/binary-armhf/Packages
raspbian/dists/jessie-staging/non-free/binary-armhf/Packages.gz
raspbian/dists/jessie-staging/non-free/binary-armhf/Packages.xz
raspbian/dists/jessie-staging/non-free/binary-armhf/Release
raspbian/dists/jessie-staging/non-free/source/
raspbian/dists/jessie-staging/non-free/source/Release
raspbian/dists/jessie-staging/non-free/source/Sources
raspbian/dists/jessie-staging/non-free/source/Sources.gz
raspbian/dists/jessie-staging/non-free/source/Sources.xz
raspbian/dists/jessie-staging/rpi/
raspbian/dists/jessie-staging/rpi/binary-armhf/
raspbian/dists/jessie-staging/rpi/binary-armhf/Packages
raspbian/dists/jessie-staging/rpi/binary-armhf/Packages.gz
raspbian/dists/jessie-staging/rpi/binary-armhf/Packages.xz
raspbian/dists/jessie-staging/rpi/binary-armhf/Release
raspbian/dists/jessie-staging/rpi/source/
raspbian/dists/jessie-staging/rpi/source/Release
raspbian/dists/jessie-staging/rpi/source/Sources
raspbian/dists/jessie-staging/rpi/source/Sources.gz
raspbian/dists/jessie-staging/rpi/source/Sources.xz
raspbian/dists/jessie/
raspbian/dists/jessie/Contents-armhf.gz
raspbian/dists/jessie/InRelease
raspbian/dists/jessie/Release
raspbian/dists/jessie/Release.gpg
raspbian/dists/jessie/uContents-armhf.gz
raspbian/dists/jessie/contrib/
raspbian/dists/jessie/contrib/Contents-armhf.gz
raspbian/dists/jessie/contrib/binary-armhf/
raspbian/dists/jessie/contrib/binary-armhf/Packages
raspbian/dists/jessie/contrib/binary-armhf/Packages.gz
raspbian/dists/jessie/contrib/binary-armhf/Packages.xz
raspbian/dists/jessie/contrib/binary-armhf/Release
raspbian/dists/jessie/contrib/source/
raspbian/dists/jessie/contrib/source/Release
raspbian/dists/jessie/contrib/source/Sources
raspbian/dists/jessie/contrib/source/Sources.gz
raspbian/dists/jessie/contrib/source/Sources.xz
raspbian/dists/jessie/firmware/
raspbian/dists/jessie/firmware/Contents-armhf.gz
raspbian/dists/jessie/firmware/binary-armhf/
raspbian/dists/jessie/firmware/binary-armhf/Packages
raspbian/dists/jessie/firmware/binary-armhf/Packages.gz
raspbian/dists/jessie/firmware/binary-armhf/Packages.xz
raspbian/dists/jessie/firmware/binary-armhf/Release
raspbian/dists/jessie/firmware/source/
raspbian/dists/jessie/firmware/source/Release
raspbian/dists/jessie/firmware/source/Sources
raspbian/dists/jessie/firmware/source/Sources.gz
raspbian/dists/jessie/firmware/source/Sources.xz
raspbian/dists/jessie/main/
raspbian/dists/jessie/main/Contents-armhf.gz
raspbian/dists/jessie/main/Contents-udeb-armhf.gz
raspbian/dists/jessie/main/binary-armhf/
raspbian/dists/jessie/main/binary-armhf/Packages
raspbian/dists/jessie/main/binary-armhf/Packages.gz
raspbian/dists/jessie/main/binary-armhf/Packages.xz
raspbian/dists/jessie/main/binary-armhf/Release
raspbian/dists/jessie/main/debian-installer/
raspbian/dists/jessie/main/debian-installer/binary-armhf/
raspbian/dists/jessie/main/debian-installer/binary-armhf/Packages
raspbian/dists/jessie/main/debian-installer/binary-armhf/Packages.gz
raspbian/dists/jessie/main/debian-installer/binary-armhf/Packages.xz
raspbian/dists/jessie/main/source/
raspbian/dists/jessie/main/source/Release
raspbian/dists/jessie/main/source/Sources
raspbian/dists/jessie/main/source/Sources.gz
raspbian/dists/jessie/main/source/Sources.xz
raspbian/dists/jessie/non-free/
raspbian/dists/jessie/non-free/Contents-armhf.gz
raspbian/dists/jessie/non-free/binary-armhf/
raspbian/dists/jessie/non-free/binary-armhf/Packages
raspbian/dists/jessie/non-free/binary-armhf/Packages.gz
raspbian/dists/jessie/non-free/binary-armhf/Packages.xz
raspbian/dists/jessie/non-free/binary-armhf/Release
raspbian/dists/jessie/non-free/source/
raspbian/dists/jessie/non-free/source/Release
raspbian/dists/jessie/non-free/source/Sources
raspbian/dists/jessie/non-free/source/Sources.gz
raspbian/dists/jessie/non-free/source/Sources.xz
raspbian/dists/jessie/rpi/
raspbian/dists/jessie/rpi/Contents-armhf.gz
raspbian/dists/jessie/rpi/binary-armhf/
raspbian/dists/jessie/rpi/binary-armhf/Packages
raspbian/dists/jessie/rpi/binary-armhf/Packages.gz
raspbian/dists/jessie/rpi/binary-armhf/Packages.xz
raspbian/dists/jessie/rpi/binary-armhf/Release
raspbian/dists/jessie/rpi/source/
raspbian/dists/jessie/rpi/source/Release
raspbian/dists/jessie/rpi/source/Sources
raspbian/dists/jessie/rpi/source/Sources.gz
raspbian/dists/jessie/rpi/source/Sources.xz
raspbian/dists/wheezy-staging/
raspbian/dists/wheezy-staging/InRelease
raspbian/dists/wheezy-staging/Release
raspbian/dists/wheezy-staging/Release.gpg
raspbian/dists/wheezy-staging/contrib/
raspbian/dists/wheezy-staging/contrib/binary-armhf/
raspbian/dists/wheezy-staging/contrib/source/
raspbian/dists/wheezy-staging/firmware/
raspbian/dists/wheezy-staging/firmware/binary-armhf/
raspbian/dists/wheezy-staging/firmware/source/
raspbian/dists/wheezy-staging/main/
raspbian/dists/wheezy-staging/main/binary-armhf/
raspbian/dists/wheezy-staging/main/binary-armhf/Packages
raspbian/dists/wheezy-staging/main/binary-armhf/Packages.gz
raspbian/dists/wheezy-staging/main/binary-armhf/Packages.xz
raspbian/dists/wheezy-staging/main/debian-installer/
raspbian/dists/wheezy-staging/main/debian-installer/binary-armhf/
raspbian/dists/wheezy-staging/main/source/
raspbian/dists/wheezy-staging/main/source/Sources
raspbian/dists/wheezy-staging/main/source/Sources.gz
raspbian/dists/wheezy-staging/main/source/Sources.xz
raspbian/dists/wheezy-staging/non-free/
raspbian/dists/wheezy-staging/non-free/binary-armhf/
raspbian/dists/wheezy-staging/non-free/source/
raspbian/dists/wheezy-staging/rpi/
raspbian/dists/wheezy-staging/rpi/binary-armhf/
raspbian/dists/wheezy-staging/rpi/source/
raspbian/dists/wheezy/
raspbian/dists/wheezy/Contents-armhf.gz
raspbian/dists/wheezy/InRelease
raspbian/dists/wheezy/Release
raspbian/dists/wheezy/Release.gpg
raspbian/dists/wheezy/contrib/
raspbian/dists/wheezy/contrib/binary-armhf/
raspbian/dists/wheezy/contrib/source/
raspbian/dists/wheezy/firmware/
raspbian/dists/wheezy/firmware/binary-armhf/
raspbian/dists/wheezy/firmware/source/
raspbian/dists/wheezy/main/
raspbian/dists/wheezy/main/Contents-armhf.gz
raspbian/dists/wheezy/main/binary-armhf/
raspbian/dists/wheezy/main/binary-armhf/Packages
raspbian/dists/wheezy/main/binary-armhf/Packages.gz
raspbian/dists/wheezy/main/binary-armhf/Packages.xz
raspbian/dists/wheezy/main/debian-installer/
raspbian/dists/wheezy/main/debian-installer/binary-armhf/
raspbian/dists/wheezy/main/source/
raspbian/dists/wheezy/main/source/Sources
raspbian/dists/wheezy/main/source/Sources.gz
raspbian/dists/wheezy/main/source/Sources.xz
raspbian/dists/wheezy/non-free/
raspbian/dists/wheezy/non-free/binary-armhf/
raspbian/dists/wheezy/non-free/source/
raspbian/dists/wheezy/rpi/
raspbian/dists/wheezy/rpi/binary-armhf/
raspbian/dists/wheezy/rpi/source/
raspbian/logs/
raspbian/logs/main/
raspbian/logs/main/0/
raspbian/logs/main/1/
raspbian/logs/main/2/
raspbian/logs/main/3/
raspbian/logs/main/4/
raspbian/logs/main/5/
raspbian/logs/main/6/
raspbian/logs/main/7/
raspbian/logs/main/8/
raspbian/logs/main/9/
raspbian/logs/main/a/
raspbian/logs/main/b/
raspbian/logs/main/c/
rsync error: timeout in data send/receive (code 30) at io.c(137) [sender=3.0.9]
rsync: connection unexpectedly closed (6390067 bytes received so far) [receiver]
rsync error: error in rsync protocol data stream (code 12) at io.c(600) [receiver=3.0.6]
rsync: connection unexpectedly closed (5895666 bytes received so far) [generator]
rsync error: error in rsync protocol data stream (code 12) at io.c(600) [generator=3.0.6]
