2014-08-06 06:00:03
rsync://rsync.releases.ubuntu.com/releases/
This is an Ubuntu mirror - treat it kindly

receiving file list ... done
./
.pool/
.trace/
.trace/releases-zavijava
cdicons/
include/
include/kubuntu-img/
include/kubuntu-img/img/
lucid/
precise/
quantal/
raring/
saucy/
trusty/

Number of files: 578
Number of files transferred: 1
Total file size: 32731573125 bytes
Total transferred file size: 29 bytes
Literal data: 29 bytes
Matched data: 0 bytes
File list size: 26061
File list generation time: 0.359 seconds
File list transfer time: 0.000 seconds
Total bytes sent: 1800
Total bytes received: 27942

sent 1800 bytes  received 27942 bytes  191.27 bytes/sec
total size is 32731573125  speedup is 1100516.88
