2014-08-06 06:00:03
rsync://download1.rpmfusion.org/rpmfusion
receiving file list ... done
./
free/
free/el/
free/el/releases/
free/el/releases/5/
free/el/releases/5/Everything/
free/el/releases/5/Everything/i386/
free/el/releases/5/Everything/i386/debug/
free/el/releases/5/Everything/i386/debug/repodata/
free/el/releases/5/Everything/i386/os/
free/el/releases/5/Everything/i386/os/repodata/
free/el/releases/5/Everything/source/
free/el/releases/5/Everything/source/SRPMS/
free/el/releases/5/Everything/source/SRPMS/repodata/
free/el/releases/5/Everything/x86_64/
free/el/releases/5/Everything/x86_64/debug/
free/el/releases/5/Everything/x86_64/debug/repodata/
free/el/releases/5/Everything/x86_64/os/
free/el/releases/5/Everything/x86_64/os/repodata/
free/el/releases/6/
free/el/releases/6/Everything/
free/el/releases/6/Everything/i386/
free/el/releases/6/Everything/i386/debug/
free/el/releases/6/Everything/i386/os/
free/el/releases/6/Everything/i386/os/repodata/
free/el/releases/6/Everything/source/
free/el/releases/6/Everything/source/SRPMS/
free/el/releases/6/Everything/source/SRPMS/repodata/
free/el/releases/6/Everything/x86_64/
free/el/releases/6/Everything/x86_64/debug/
free/el/releases/6/Everything/x86_64/os/
free/el/releases/6/Everything/x86_64/os/repodata/
free/el/updates/
free/el/updates/5/
free/el/updates/5/SRPMS/
free/el/updates/5/SRPMS/repodata/
free/el/updates/5/SRPMS/repoview/
free/el/updates/5/SRPMS/repoview/layout/
free/el/updates/5/i386/
free/el/updates/5/i386/debug/
free/el/updates/5/i386/debug/repodata/
free/el/updates/5/i386/repodata/
free/el/updates/5/i386/repoview/
free/el/updates/5/i386/repoview/layout/
free/el/updates/5/x86_64/
free/el/updates/5/x86_64/DVDRipOMatic-0.95-5.el5.noarch.rpm
free/el/updates/5/x86_64/a52dec-0.7.4-13.el5.i386.rpm
free/el/updates/5/x86_64/a52dec-devel-0.7.4-13.el5.i386.rpm
free/el/updates/5/x86_64/comps.xml
free/el/updates/5/x86_64/faac-1.28-1.el5.i386.rpm
free/el/updates/5/x86_64/faac-devel-1.28-1.el5.i386.rpm
free/el/updates/5/x86_64/faad2-devel-2.6.1-5.el5.i386.rpm
free/el/updates/5/x86_64/faad2-libs-2.6.1-5.el5.i386.rpm
free/el/updates/5/x86_64/ffmpeg-0.4.9-0.52.20080908.el5.i386.rpm
free/el/updates/5/x86_64/ffmpeg-devel-0.4.9-0.52.20080908.el5.i386.rpm
free/el/updates/5/x86_64/ffmpeg-libs-0.4.9-0.52.20080908.el5.i386.rpm
free/el/updates/5/x86_64/flvtool2-1.0.6-4.el5.noarch.rpm
free/el/updates/5/x86_64/gpac-devel-0.4.5-0.7.20080217cvs.el5.i386.rpm
free/el/updates/5/x86_64/gpac-libs-0.4.5-0.7.20080217cvs.el5.i386.rpm
free/el/updates/5/x86_64/gstreamer-ffmpeg-0.10.5-1.el5.i386.rpm
free/el/updates/5/x86_64/gstreamer-plugins-bad-0.10.8-4.el5.1.i386.rpm
free/el/updates/5/x86_64/gstreamer-plugins-bad-devel-0.10.8-4.el5.1.i386.rpm
free/el/updates/5/x86_64/gstreamer-plugins-bad-extras-0.10.8-4.el5.1.i386.rpm
free/el/updates/5/x86_64/gstreamer-plugins-ugly-0.10.9-2.el5.1.i386.rpm
free/el/updates/5/x86_64/kino-1.3.3-1.el5.i386.rpm
free/el/updates/5/x86_64/kino-devel-1.3.3-1.el5.i386.rpm
free/el/updates/5/x86_64/lame-devel-3.97-7.el5.i386.rpm
free/el/updates/5/x86_64/lame-libs-3.97-7.el5.i386.rpm
free/el/updates/5/x86_64/libdca-0.0.5-3.el5.i386.rpm
free/el/updates/5/x86_64/libdca-devel-0.0.5-3.el5.i386.rpm
free/el/updates/5/x86_64/libdvbpsi-0.1.6-3.el5.1.i386.rpm
free/el/updates/5/x86_64/libdvbpsi-devel-0.1.6-3.el5.1.i386.rpm
free/el/updates/5/x86_64/libmad-0.15.1b-8.el5.i386.rpm
free/el/updates/5/x86_64/libmad-devel-0.15.1b-8.el5.i386.rpm
free/el/updates/5/x86_64/libmms-0.4-3.el5.i386.rpm
free/el/updates/5/x86_64/libmms-devel-0.4-3.el5.i386.rpm
free/el/updates/5/x86_64/libmpeg2-0.5.1-3.el5.i386.rpm
free/el/updates/5/x86_64/libmpeg2-devel-0.5.1-3.el5.i386.rpm
free/el/updates/5/x86_64/libmpeg3-1.7-6.el5.i386.rpm
free/el/updates/5/x86_64/libmpeg3-devel-1.7-6.el5.i386.rpm
free/el/updates/5/x86_64/libquicktime-1.0.3-3.el5.i386.rpm
free/el/updates/5/x86_64/libquicktime-devel-1.0.3-3.el5.i386.rpm
free/el/updates/5/x86_64/live555-0-0.20.2008.07.25.el5.i386.rpm
free/el/updates/5/x86_64/live555-devel-0-0.20.2008.07.25.el5.i386.rpm
free/el/updates/5/x86_64/mamory-0.2.25-3.el5.i386.rpm
free/el/updates/5/x86_64/mamory-devel-0.2.25-3.el5.i386.rpm
free/el/updates/5/x86_64/mencoder-1.0-0.101.20080903svn.el5.1.i386.rpm
free/el/updates/5/x86_64/mjpegtools-1.9.0-0.6.rc3.el5.i386.rpm
free/el/updates/5/x86_64/mjpegtools-devel-1.9.0-0.6.rc3.el5.i386.rpm
free/el/updates/5/x86_64/mjpegtools-libs-1.9.0-0.6.rc3.el5.i386.rpm
free/el/updates/5/x86_64/mplayer-1.0-0.101.20080903svn.el5.1.i386.rpm
free/el/updates/5/x86_64/rpmfusion-free-release-5-0.1.noarch.rpm
free/el/updates/5/x86_64/rpmfusion-free-release-5-1.noarch.rpm
free/el/updates/5/x86_64/smpeg-devel-0.4.5-0.2.el5.i386.rpm
free/el/updates/5/x86_64/smpeg-libs-0.4.5-0.2.el5.i386.rpm
free/el/updates/5/x86_64/tivodecode-devel-0.2-0.3.pre4.el5.i386.rpm
free/el/updates/5/x86_64/tivodecode-libs-0.2-0.3.pre4.el5.i386.rpm
free/el/updates/5/x86_64/twolame-devel-0.3.12-3.el5.i386.rpm
free/el/updates/5/x86_64/twolame-libs-0.3.12-3.el5.i386.rpm
free/el/updates/5/x86_64/vcdimager-0.7.23-8.el5.i386.rpm
free/el/updates/5/x86_64/vcdimager-devel-0.7.23-8.el5.i386.rpm
free/el/updates/5/x86_64/vcdimager-libs-0.7.23-8.el5.i386.rpm
free/el/updates/5/x86_64/x264-devel-0.0.0-0.15.20080613.el5.i386.rpm
free/el/updates/5/x86_64/x264-gui-0.0.0-0.15.20080613.el5.i386.rpm
free/el/updates/5/x86_64/x264-gui-devel-0.0.0-0.15.20080613.el5.i386.rpm
free/el/updates/5/x86_64/x264-libs-0.0.0-0.15.20080613.el5.i386.rpm
free/el/updates/5/x86_64/xvidcore-1.1.3-4.el5.i386.rpm
free/el/updates/5/x86_64/xvidcore-devel-1.1.3-4.el5.i386.rpm
free/el/updates/5/x86_64/z-push-2.0.7-3.el5.centos.noarch.rpm
free/el/updates/5/x86_64/z-push-2.1.1-1.el5.centos.noarch.rpm
free/el/updates/5/x86_64/z-push-combined-2.0.7-3.el5.centos.noarch.rpm
free/el/updates/5/x86_64/z-push-combined-2.1.1-1.el5.centos.noarch.rpm
free/el/updates/5/x86_64/z-push-imap-2.0.7-3.el5.centos.noarch.rpm
free/el/updates/5/x86_64/z-push-imap-2.1.1-1.el5.centos.noarch.rpm
free/el/updates/5/x86_64/z-push-maildir-2.0.7-3.el5.centos.noarch.rpm
free/el/updates/5/x86_64/z-push-maildir-2.1.1-1.el5.centos.noarch.rpm
free/el/updates/5/x86_64/z-push-searchldap-2.0.7-3.el5.centos.noarch.rpm
free/el/updates/5/x86_64/z-push-searchldap-2.1.1-1.el5.centos.noarch.rpm
free/el/updates/5/x86_64/z-push-vcarddir-2.0.7-3.el5.centos.noarch.rpm
free/el/updates/5/x86_64/z-push-vcarddir-2.1.1-1.el5.centos.noarch.rpm
free/el/updates/5/x86_64/z-push-zarafa-2.0.7-3.el5.centos.noarch.rpm
free/el/updates/5/x86_64/z-push-zarafa-2.1.1-1.el5.centos.noarch.rpm
free/el/updates/5/x86_64/debug/
free/el/updates/5/x86_64/debug/repodata/
free/el/updates/5/x86_64/repodata/
free/el/updates/5/x86_64/repoview/
free/el/updates/5/x86_64/repoview/layout/
free/el/updates/6/
free/el/updates/6/SRPMS/
free/el/updates/6/SRPMS/repodata/
free/el/updates/6/SRPMS/repoview/
free/el/updates/6/SRPMS/repoview/layout/
free/el/updates/6/i386/
