2014-08-06 06:00:03
rsync://mirror.team-cymru.org/gnu/
receiving file list ... done
./
3dldf/
GNUinfo/
GNUinfo/Audio/
GNUinfo/Audio/francais/
GNUsBulletins/
GNUsBulletins/9803/
Licenses/
MailingListArchives/
MicrosPorts/
a2ps/
acct/
acm/
adns/
alive/
anubis/
apl/
archimedes/
aris/
aspell/
aspell/dict/
aspell/dict/af/
aspell/dict/am/
aspell/dict/ar/
aspell/dict/ast/
aspell/dict/az/
aspell/dict/be/
aspell/dict/bg/
aspell/dict/bn/
aspell/dict/br/
aspell/dict/ca/
aspell/dict/cs/
aspell/dict/csb/
aspell/dict/cy/
aspell/dict/da/
aspell/dict/de-alt/
aspell/dict/de/
aspell/dict/el/
aspell/dict/en/
aspell/dict/eo/
aspell/dict/es/
aspell/dict/et/
aspell/dict/fa/
aspell/dict/fi/
aspell/dict/fo/
aspell/dict/fr/
aspell/dict/fy/
aspell/dict/ga/
aspell/dict/gd/
aspell/dict/gl/
aspell/dict/grc/
aspell/dict/gu/
aspell/dict/gv/
aspell/dict/he/
aspell/dict/hi/
aspell/dict/hil/
aspell/dict/hr/
aspell/dict/hsb/
aspell/dict/hu/
aspell/dict/hus/
aspell/dict/hy/
aspell/dict/ia/
aspell/dict/id/
aspell/dict/is/
aspell/dict/it/
aspell/dict/kn/
aspell/dict/ku/
aspell/dict/ky/
aspell/dict/la/
aspell/dict/lt/
aspell/dict/lv/
aspell/dict/mg/
aspell/dict/mi/
aspell/dict/mk/
aspell/dict/ml/
aspell/dict/mn/
aspell/dict/mr/
aspell/dict/ms/
aspell/dict/mt/
aspell/dict/nb/
aspell/dict/nds/
aspell/dict/nl/
aspell/dict/nn/
aspell/dict/ny/
aspell/dict/or/
aspell/dict/pa/
aspell/dict/pl/
aspell/dict/pt/
aspell/dict/pt_BR/
aspell/dict/pt_PT/
aspell/dict/qq/
aspell/dict/qu/
aspell/dict/ro/
aspell/dict/ru/
aspell/dict/rw/
aspell/dict/sc/
aspell/dict/sk/
aspell/dict/sl/
aspell/dict/sr/
aspell/dict/sv/
aspell/dict/sw/
aspell/dict/ta/
aspell/dict/te/
aspell/dict/tet/
aspell/dict/tk/
aspell/dict/tl/
aspell/dict/tn/
aspell/dict/tr/
aspell/dict/uk/
aspell/dict/uz/
aspell/dict/vi/
aspell/dict/wa/
aspell/dict/yi/
aspell/dict/zu/
aspell/w32/
auctex/
auctex/11.51-extra/
auctex/11.52-extra/
auctex/11.53-extra/
auctex/11.54-extra/
ignoring unsafe symlink "/mirrorswlzx/gnu/autoconf/autoconf-2.53-2.54.xdelta.back-RSN.README" -> "../../MISSING-FILES"
ignoring unsafe symlink "/mirrorswlzx/gnu/autoconf/autoconf-2.54.tar.gz.back-RSN.README" -> "../../MISSING-FILES"
