2014-08-05 21:48:53
rsync://kali.mirror.garr.it/kali/

receiving file list ... done
pool/main/i/icinga2/
pool/main/i/icinga2/icinga2-dbg_2.0.1-2_armhf.deb
pool/main/i/icinga2/icinga2-dbg_2.0.1-2_i386.deb
pool/main/i/icinga2/icinga2-doc_2.0.1-2_all.deb
pool/main/i/icinga2/icinga2-ido-mysql_2.0.1-2_amd64.deb
pool/main/i/icinga2/icinga2-ido-mysql_2.0.1-2_armel.deb
pool/main/i/icinga2/icinga2-ido-mysql_2.0.1-2_armhf.deb
pool/main/i/icinga2/icinga2-ido-mysql_2.0.1-2_i386.deb
pool/main/i/icinga2/icinga2-ido-pgsql_2.0.1-2_amd64.deb
pool/main/i/icinga2/icinga2-ido-pgsql_2.0.1-2_armel.deb
pool/main/i/icinga2/icinga2-ido-pgsql_2.0.1-2_armhf.deb
pool/main/i/icinga2/icinga2-ido-pgsql_2.0.1-2_i386.deb
pool/main/i/icinga2/icinga2_2.0.1-2.debian.tar.xz
pool/main/i/icinga2/icinga2_2.0.1-2.dsc
pool/main/i/icinga2/icinga2_2.0.1-2_amd64.deb
pool/main/i/icinga2/icinga2_2.0.1-2_armel.deb
pool/main/i/icinga2/icinga2_2.0.1-2_armhf.deb
pool/main/i/icinga2/icinga2_2.0.1-2_i386.deb
pool/main/i/irker/
pool/main/i/irker/irker_2.11+dfsg-2.debian.tar.xz
pool/main/i/irker/irker_2.11+dfsg-2.dsc
pool/main/i/irker/irker_2.11+dfsg-2_all.deb
pool/main/j/jackd2/
pool/main/j/jackd2/jackd2-firewire_1.9.10+20140719git3eb0ae6a~dfsg-1_amd64.deb
pool/main/j/jackd2/jackd2-firewire_1.9.10+20140719git3eb0ae6a~dfsg-1_i386.deb
pool/main/j/jackd2/jackd2_1.9.10+20140719git3eb0ae6a~dfsg-1.debian.tar.xz
pool/main/j/jackd2/jackd2_1.9.10+20140719git3eb0ae6a~dfsg-1.dsc
pool/main/j/jackd2/jackd2_1.9.10+20140719git3eb0ae6a~dfsg-1_amd64.deb
pool/main/j/jackd2/jackd2_1.9.10+20140719git3eb0ae6a~dfsg-1_armel.deb
pool/main/j/jackd2/jackd2_1.9.10+20140719git3eb0ae6a~dfsg-1_armhf.deb
pool/main/j/jackd2/jackd2_1.9.10+20140719git3eb0ae6a~dfsg-1_i386.deb
pool/main/j/jackd2/jackd2_1.9.10+20140719git3eb0ae6a~dfsg.orig.tar.gz
pool/main/j/jackd2/libjack-jackd2-0_1.9.10+20140719git3eb0ae6a~dfsg-1_amd64.deb
pool/main/j/jackd2/libjack-jackd2-0_1.9.10+20140719git3eb0ae6a~dfsg-1_armel.deb
pool/main/j/jackd2/libjack-jackd2-0_1.9.10+20140719git3eb0ae6a~dfsg-1_armhf.deb
pool/main/j/jackd2/libjack-jackd2-0_1.9.10+20140719git3eb0ae6a~dfsg-1_i386.deb
pool/main/j/jackd2/libjack-jackd2-dev_1.9.10+20140719git3eb0ae6a~dfsg-1_amd64.deb
pool/main/j/jackd2/libjack-jackd2-dev_1.9.10+20140719git3eb0ae6a~dfsg-1_armel.deb
pool/main/j/jackd2/libjack-jackd2-dev_1.9.10+20140719git3eb0ae6a~dfsg-1_armhf.deb
pool/main/j/jackd2/libjack-jackd2-dev_1.9.10+20140719git3eb0ae6a~dfsg-1_i386.deb
pool/main/k/kde-baseapps/
file has vanished: "/pool/main/k/kde-baseapps/.kde-baseapps-dbg_4.13.3-1_armel.deb.kr3WiH" (in kali)
pool/main/k/kde-baseapps/dolphin_4.13.3-1_amd64.deb
pool/main/k/kde-baseapps/dolphin_4.13.3-1_armel.deb
pool/main/k/kde-baseapps/dolphin_4.13.3-1_armhf.deb
pool/main/k/kde-baseapps/dolphin_4.13.3-1_i386.deb
pool/main/k/kde-baseapps/kde-baseapps-bin_4.13.3-1_amd64.deb
pool/main/k/kde-baseapps/kde-baseapps-bin_4.13.3-1_armel.deb
pool/main/k/kde-baseapps/kde-baseapps-bin_4.13.3-1_armhf.deb
pool/main/k/kde-baseapps/kde-baseapps-bin_4.13.3-1_i386.deb
pool/main/k/kde-baseapps/kde-baseapps-data_4.13.3-1_all.deb
pool/main/k/kde-baseapps/kde-baseapps-dbg_4.13.3-1_amd64.deb

Number of files: 338708
Number of files transferred: 47
Total file size: 363888579962 bytes
Total transferred file size: 121293416 bytes
Literal data: 121293416 bytes
Matched data: 0 bytes
File list size: 8452300
File list generation time: 352.589 seconds
File list transfer time: 0.000 seconds
Total bytes sent: 974
Total bytes received: 129762643

sent 974 bytes  received 129762643 bytes  297964.68 bytes/sec
total size is 363888579962  speedup is 2804.24
rsync warning: some files vanished before they could be transferred (code 24) at main.c(1505) [generator=3.0.6]
