2014-08-05 16:00:02
rsync://ftp.heanet.ie/pub/linuxmint.com/

Welcome to the HEAnet mirror site, ftp.heanet.ie (http://ftp.heanet.ie/about)
-----------------------------------------------------------------------------

 NOTE: All connections and transfers are logged; if this is disagreeable,
 please disconnect now.

 * ftp.heanet.ie is located in Dublin, Ireland and operated by HEAnet, the
   Irish National Research and Education Network.

 * This is a four node cluster with 10 Gigabit access to the HEAnet backbone.

 * Please contact mirrors@heanet.ie with any operational queries.

 * You are connected to ftp-node4 (gomez)

-----------------------------------------------------------------------------


receiving file list ... done

Number of files: 385
Number of files transferred: 0
Total file size: 194385175458 bytes
Total transferred file size: 0 bytes
Literal data: 0 bytes
Matched data: 0 bytes
File list size: 10781
File list generation time: 0.095 seconds
File list transfer time: 0.000 seconds
Total bytes sent: 39
Total bytes received: 11467

sent 39 bytes  received 11467 bytes  2092.00 bytes/sec
total size is 194385175458  speedup is 16894244.35
