2014-08-05 18:12:41
rsync://us-msync.centos.org/CentOS/

msync.CentOS.org rsync service (centosk3)
---------------------------------------

This service is intended for the sole use of the CentOS worldwide mirror network
to synchronize mirrors.

Unless you are running or intending to run a listed public CentOS mirror
use a mirror listed at http://centos.org/download/mirrors

If you intend to populate a mirror for public use please read the
notes at http://wiki.centos.org/HowTos/CreatePublicMirrors

If you do use this service then it is implied that you are providing a
mirror for public use and giving us authority to publicise such mirror.

receiving file list ... done
./
TIME
dir_sizes
filelist.gz
timestamp.txt
2.1/
3.9/
4.0/
4.1/
4.2/
4.3/
4.3/HEADER.html
4.3/readme
4.4/
4.5/
4.6/
4.7/
4.8/
4.9/
5.0/
5.1/
5.10/
5.10/addons/
5.10/addons/i386/
5.10/addons/i386/RPMS/
5.10/addons/i386/repodata/
5.10/addons/x86_64/
5.10/addons/x86_64/RPMS/
5.10/addons/x86_64/repodata/
5.10/centosplus/
5.10/centosplus/i386/
5.10/centosplus/i386/RPMS/
5.10/centosplus/i386/repodata/
5.10/centosplus/x86_64/
5.10/centosplus/x86_64/RPMS/
5.10/centosplus/x86_64/repodata/
5.10/contrib/
5.10/contrib/i386/
5.10/contrib/i386/RPMS/
5.10/contrib/i386/repodata/
5.10/contrib/x86_64/
5.10/contrib/x86_64/RPMS/
5.10/contrib/x86_64/repodata/
5.10/cr/
5.10/cr/i386/
5.10/cr/i386/RPMS/
5.10/cr/i386/repodata/
5.10/cr/x86_64/
5.10/cr/x86_64/RPMS/
5.10/cr/x86_64/repodata/
5.10/extras/
5.10/extras/i386/
5.10/extras/i386/RPMS/
5.10/extras/i386/RPMS/dmapi-2.2.8-1.el5.centos.i386.rpm
5.10/extras/i386/RPMS/dmapi-devel-2.2.8-1.el5.centos.i386.rpm
5.10/extras/i386/RPMS/kmod-drbd82-8.2.6-2.i686.rpm
5.10/extras/i386/RPMS/kmod-drbd82-PAE-8.2.6-2.i686.rpm
5.10/extras/i386/RPMS/kmod-drbd82-xen-8.2.6-2.i686.rpm
5.10/extras/i386/RPMS/libgdiplus-1.2.5-1.el5.centos.i386.rpm
5.10/extras/i386/RPMS/libgdiplus-devel-1.2.5-1.el5.centos.i386.rpm
5.10/extras/i386/RPMS/xfsdump-2.2.46-1.el5.centos.i386.rpm
5.10/extras/i386/RPMS/xfsprogs-2.9.4-1.el5.centos.i386.rpm
5.10/extras/i386/RPMS/xfsprogs-devel-2.9.4-1.el5.centos.i386.rpm
5.10/extras/i386/repodata/
5.10/extras/x86_64/
5.10/extras/x86_64/yumgroups.xml
5.10/extras/x86_64/RPMS/
5.10/extras/x86_64/RPMS/amqp-1.0.750054-1.el5.centos.noarch.rpm
5.10/extras/x86_64/RPMS/centos-admin-console-8.2.0-2.el5.centos.noarch.rpm
5.10/extras/x86_64/RPMS/centos-ds-console-8.2.0-4.el5.centos.noarch.rpm
5.10/extras/x86_64/RPMS/dmapi-2.2.8-1.el5.centos.x86_64.rpm
5.10/extras/x86_64/RPMS/dmapi-devel-2.2.8-1.el5.centos.x86_64.rpm
5.10/extras/x86_64/RPMS/gollem-h3-1.0.4-1.el5_3.noarch.rpm
5.10/extras/x86_64/RPMS/horde-3.1.9-1.el5_3.noarch.rpm
5.10/extras/x86_64/RPMS/idm-console-framework-1.1.5-1.el5.centos.noarch.rpm
5.10/extras/x86_64/RPMS/imp-h3-4.1.6-1.el5.centos.noarch.rpm
5.10/extras/x86_64/RPMS/ingo-h3-1.1.5-1.el5.centos.noarch.rpm
5.10/extras/x86_64/RPMS/kmod-drbd82-8.2.6-2.x86_64.rpm
5.10/extras/x86_64/RPMS/kmod-drbd82-xen-8.2.6-2.x86_64.rpm
5.10/extras/x86_64/RPMS/kronolith-h3-2.1.8-1.el5.centos.noarch.rpm
5.10/extras/x86_64/RPMS/libgdiplus-1.2.5-1.el5.centos.x86_64.rpm
5.10/extras/x86_64/RPMS/libgdiplus-devel-1.2.5-1.el5.centos.x86_64.rpm
5.10/extras/x86_64/RPMS/mnemo-h3-2.1.2-1.el5.centos.noarch.rpm
5.10/extras/x86_64/RPMS/nag-h3-2.1.4-1.el5.centos.noarch.rpm
5.10/extras/x86_64/RPMS/perl-Authen-Radius-0.13-1.el5.centos.noarch.rpm
5.10/extras/x86_64/RPMS/perl-Data-HexDump-0.02-1.el5.centos.noarch.rpm
5.10/extras/x86_64/RPMS/perl-Mail-POP3Client-2.17-1.el5.centos.noarch.rpm
5.10/extras/x86_64/RPMS/perl-MailTools-1.77-1.el5.centos.noarch.rpm
5.10/extras/x86_64/RPMS/perl-Net-IMAP-Simple-1.17-1.el5.centos.noarch.rpm
5.10/extras/x86_64/RPMS/perl-Net-IMAP-Simple-SSL-1.3-1.el5.centos.noarch.rpm
5.10/extras/x86_64/RPMS/perl-TimeDate-1.16-1.el5.centos.noarch.rpm
5.10/extras/x86_64/RPMS/php-pear-Auth-SASL-1.0.2-4.el5.centos.noarch.rpm
5.10/extras/x86_64/RPMS/php-pear-DB-1.7.13-1.el5.centos.noarch.rpm
5.10/extras/x86_64/RPMS/php-pear-Date-1.4.7-2.el5.centos.noarch.rpm
5.10/extras/x86_64/RPMS/php-pear-File-1.2.2-1.el5.centos.noarch.rpm
5.10/extras/x86_64/RPMS/php-pear-HTTP-Request-1.4.2-1.el5.centos.noarch.rpm
5.10/extras/x86_64/RPMS/php-pear-Log-1.9.13-1.el5.centos.noarch.rpm
5.10/extras/x86_64/RPMS/php-pear-MDB2-2.4.1-2.el5.centos.noarch.rpm
5.10/extras/x86_64/RPMS/php-pear-MDB2-Driver-mysql-1.4.1-3.el5.centos.noarch.rpm
5.10/extras/x86_64/RPMS/php-pear-Mail-1.1.14-1.el5.centos.noarch.rpm
5.10/extras/x86_64/RPMS/php-pear-Mail-Mime-1.4.0-1.el5.centos.noarch.rpm
5.10/extras/x86_64/RPMS/php-pear-Net-SMTP-1.2.10-1.el5.centos.noarch.rpm
5.10/extras/x86_64/RPMS/php-pear-Net-Sieve-1.1.5-2.el5.centos.noarch.rpm
5.10/extras/x86_64/RPMS/php-pear-Net-Socket-1.0.8-1.el5.centos.noarch.rpm
5.10/extras/x86_64/RPMS/php-pear-Net-URL-1.0.15-1.el5.centos.noarch.rpm
5.10/extras/x86_64/RPMS/python-qpid-0.7.946106-15.el5.centos.noarch.rpm
5.10/extras/x86_64/RPMS/turba-h3-2.1.7-1.el5.centos.noarch.rpm
5.10/extras/x86_64/RPMS/xdg-utils-1.0.2-2.el5.centos.noarch.rpm
5.10/extras/x86_64/RPMS/xfce4-dev-tools-4.4.0-1.el5.centos.noarch.rpm
5.10/extras/x86_64/RPMS/xfce4-icon-theme-4.4.2-1.el5.centos.noarch.rpm
5.10/extras/x86_64/RPMS/xfsdump-2.2.46-1.el5.centos.x86_64.rpm
5.10/extras/x86_64/RPMS/xfsprogs-2.9.4-1.el5.centos.x86_64.rpm
5.10/extras/x86_64/RPMS/xfsprogs-devel-2.9.4-1.el5.centos.x86_64.rpm
5.10/extras/x86_64/RPMS/xfwm4-themes-4.4.2-1.el5.centos.noarch.rpm
5.10/extras/x86_64/RPMS/yum-cron-0.6-1.el5.centos.noarch.rpm
5.10/extras/x86_64/RPMS/yumex-2.0.3-2.el5.centos.noarch.rpm
5.10/extras/x86_64/repodata/
5.10/fasttrack/
5.10/fasttrack/i386/
5.10/fasttrack/i386/RPMS/
5.10/fasttrack/i386/repodata/
5.10/fasttrack/x86_64/
5.10/fasttrack/x86_64/RPMS/
5.10/fasttrack/x86_64/repodata/
5.10/isos/
5.10/isos/i386/
5.10/isos/x86_64/
5.10/os/
5.10/os/i386/
5.10/os/i386/RELEASE-NOTES-en_US
5.10/os/i386/RELEASE-NOTES-en_US.html
5.10/os/i386/CentOS/
5.10/os/i386/CentOS/meanwhile-devel-1.0.2-5.el5.i386.rpm
5.10/os/i386/CentOS/opal-devel-2.2.2-1.1.0.1.i386.rpm
5.10/os/i386/CentOS/perl-5.8.8-41.el5.i386.rpm
io timeout after 120 seconds -- exiting
rsync error: timeout in data send/receive (code 30) at io.c(200) [receiver=3.0.6]
rsync: connection unexpectedly closed (2380588 bytes received so far) [generator]
rsync error: error in rsync protocol data stream (code 12) at io.c(600) [generator=3.0.6]
