2014-08-05 19:02:07
rsync://kali.mirror.garr.it/kali/

receiving file list ... rsync: opendir "/pool/main/c/clipper" (in kali) failed: Permission denied (13)
done
pool/main/c/ceph/
file has vanished: "/pool/main/c/ceph/.libcephfs1-dbg_0.80.5-1_amd64.deb.60MA0h" (in kali)
pool/main/c/ceph/ceph_0.80.5-1_amd64.deb
pool/main/c/ceph/ceph_0.80.5-1_armel.deb
pool/main/c/ceph/ceph_0.80.5-1_armhf.deb
pool/main/c/ceph/ceph_0.80.5-1_i386.deb
pool/main/c/ceph/ceph_0.80.5.orig.tar.bz2
pool/main/c/ceph/libcephfs-dev_0.80.5-1_amd64.deb
pool/main/c/ceph/libcephfs-dev_0.80.5-1_armel.deb
pool/main/c/ceph/libcephfs-dev_0.80.5-1_armhf.deb
pool/main/c/ceph/libcephfs-dev_0.80.5-1_i386.deb
pool/main/c/ceph/libcephfs-java_0.80.5-1_all.deb
pool/main/c/ceph/libcephfs-jni-dbg_0.80.5-1_amd64.deb
pool/main/c/ceph/libcephfs-jni-dbg_0.80.5-1_armel.deb
pool/main/c/ceph/libcephfs-jni-dbg_0.80.5-1_armhf.deb
pool/main/c/ceph/libcephfs-jni-dbg_0.80.5-1_i386.deb
pool/main/c/ceph/libcephfs-jni_0.80.5-1_amd64.deb
pool/main/c/ceph/libcephfs-jni_0.80.5-1_armel.deb
pool/main/c/ceph/libcephfs-jni_0.80.5-1_armhf.deb
pool/main/c/ceph/libcephfs-jni_0.80.5-1_i386.deb

Number of files: 338109
Number of files transferred: 18
Total file size: 362208782641 bytes
Total transferred file size: 115935958 bytes
Literal data: 115935958 bytes
Matched data: 0 bytes
File list size: 8432094
File list generation time: 450.267 seconds
File list transfer time: 0.000 seconds
Total bytes sent: 406
Total bytes received: 124383184

sent 406 bytes  received 124383184 bytes  214269.75 bytes/sec
total size is 362208782641  speedup is 2912.03
rsync error: some files/attrs were not transferred (see previous errors) (code 23) at main.c(1505) [generator=3.0.6]
