2014-08-06 04:00:02
rsync://security.debian.org/debian-security/
receiving file list ... done
./
dists/jessie/updates/
dists/jessie/updates/InRelease
dists/jessie/updates/Release
dists/jessie/updates/Release.gpg
dists/jessie/updates/contrib/binary-all/
dists/jessie/updates/contrib/binary-all/Packages.bz2
dists/jessie/updates/contrib/binary-all/Packages.gz
dists/jessie/updates/contrib/binary-amd64/
dists/jessie/updates/contrib/binary-amd64/Packages.bz2
dists/jessie/updates/contrib/binary-amd64/Packages.gz
dists/jessie/updates/contrib/binary-armel/
dists/jessie/updates/contrib/binary-armel/Packages.bz2
dists/jessie/updates/contrib/binary-armel/Packages.gz
dists/jessie/updates/contrib/binary-armhf/
dists/jessie/updates/contrib/binary-armhf/Packages.bz2
dists/jessie/updates/contrib/binary-armhf/Packages.gz
dists/jessie/updates/contrib/binary-i386/
dists/jessie/updates/contrib/binary-i386/Packages.bz2
dists/jessie/updates/contrib/binary-i386/Packages.gz
dists/jessie/updates/contrib/binary-ia64/
dists/jessie/updates/contrib/binary-ia64/Packages.bz2
dists/jessie/updates/contrib/binary-ia64/Packages.gz
dists/jessie/updates/contrib/binary-kfreebsd-amd64/
dists/jessie/updates/contrib/binary-kfreebsd-amd64/Packages.bz2
dists/jessie/updates/contrib/binary-kfreebsd-amd64/Packages.gz
dists/jessie/updates/contrib/binary-kfreebsd-i386/
dists/jessie/updates/contrib/binary-kfreebsd-i386/Packages.bz2
dists/jessie/updates/contrib/binary-kfreebsd-i386/Packages.gz
dists/jessie/updates/contrib/binary-mips/
dists/jessie/updates/contrib/binary-mips/Packages.bz2
dists/jessie/updates/contrib/binary-mips/Packages.gz
dists/jessie/updates/contrib/binary-mipsel/
dists/jessie/updates/contrib/binary-mipsel/Packages.bz2
dists/jessie/updates/contrib/binary-mipsel/Packages.gz
dists/jessie/updates/contrib/binary-powerpc/
dists/jessie/updates/contrib/binary-powerpc/Packages.bz2
dists/jessie/updates/contrib/binary-powerpc/Packages.gz
dists/jessie/updates/contrib/binary-s390x/
dists/jessie/updates/contrib/binary-s390x/Packages.bz2
dists/jessie/updates/contrib/binary-s390x/Packages.gz
dists/jessie/updates/contrib/binary-sparc/
dists/jessie/updates/contrib/binary-sparc/Packages.bz2
dists/jessie/updates/contrib/binary-sparc/Packages.gz
dists/jessie/updates/contrib/debian-installer/binary-all/
dists/jessie/updates/contrib/debian-installer/binary-all/Packages.bz2
dists/jessie/updates/contrib/debian-installer/binary-all/Packages.gz
dists/jessie/updates/contrib/debian-installer/binary-amd64/
dists/jessie/updates/contrib/debian-installer/binary-amd64/Packages.bz2
dists/jessie/updates/contrib/debian-installer/binary-amd64/Packages.gz
dists/jessie/updates/contrib/debian-installer/binary-armel/
dists/jessie/updates/contrib/debian-installer/binary-armel/Packages.bz2
dists/jessie/updates/contrib/debian-installer/binary-armel/Packages.gz
dists/jessie/updates/contrib/debian-installer/binary-armhf/
dists/jessie/updates/contrib/debian-installer/binary-armhf/Packages.bz2
dists/jessie/updates/contrib/debian-installer/binary-armhf/Packages.gz
dists/jessie/updates/contrib/debian-installer/binary-i386/
dists/jessie/updates/contrib/debian-installer/binary-i386/Packages.bz2
dists/jessie/updates/contrib/debian-installer/binary-i386/Packages.gz
dists/jessie/updates/contrib/debian-installer/binary-ia64/
dists/jessie/updates/contrib/debian-installer/binary-ia64/Packages.bz2
dists/jessie/updates/contrib/debian-installer/binary-ia64/Packages.gz
dists/jessie/updates/contrib/debian-installer/binary-kfreebsd-amd64/
dists/jessie/updates/contrib/debian-installer/binary-kfreebsd-amd64/Packages.bz2
dists/jessie/updates/contrib/debian-installer/binary-kfreebsd-amd64/Packages.gz
dists/jessie/updates/contrib/debian-installer/binary-kfreebsd-i386/
dists/jessie/updates/contrib/debian-installer/binary-kfreebsd-i386/Packages.bz2
dists/jessie/updates/contrib/debian-installer/binary-kfreebsd-i386/Packages.gz
dists/jessie/updates/contrib/debian-installer/binary-mips/
dists/jessie/updates/contrib/debian-installer/binary-mips/Packages.bz2
dists/jessie/updates/contrib/debian-installer/binary-mips/Packages.gz
dists/jessie/updates/contrib/debian-installer/binary-mipsel/
dists/jessie/updates/contrib/debian-installer/binary-mipsel/Packages.bz2
dists/jessie/updates/contrib/debian-installer/binary-mipsel/Packages.gz
dists/jessie/updates/contrib/debian-installer/binary-powerpc/
dists/jessie/updates/contrib/debian-installer/binary-powerpc/Packages.bz2
dists/jessie/updates/contrib/debian-installer/binary-powerpc/Packages.gz
dists/jessie/updates/contrib/debian-installer/binary-s390x/
dists/jessie/updates/contrib/debian-installer/binary-s390x/Packages.bz2
dists/jessie/updates/contrib/debian-installer/binary-s390x/Packages.gz
dists/jessie/updates/contrib/debian-installer/binary-sparc/
dists/jessie/updates/contrib/debian-installer/binary-sparc/Packages.bz2
dists/jessie/updates/contrib/debian-installer/binary-sparc/Packages.gz
dists/jessie/updates/contrib/i18n/
dists/jessie/updates/contrib/i18n/Translation-en.bz2
dists/jessie/updates/contrib/source/
dists/jessie/updates/contrib/source/Sources.bz2
dists/jessie/updates/contrib/source/Sources.gz
dists/jessie/updates/main/binary-all/
dists/jessie/updates/main/binary-all/Packages.bz2
dists/jessie/updates/main/binary-all/Packages.gz
dists/jessie/updates/main/binary-amd64/
dists/jessie/updates/main/binary-amd64/Packages.bz2
dists/jessie/updates/main/binary-amd64/Packages.gz
dists/jessie/updates/main/binary-armel/
dists/jessie/updates/main/binary-armel/Packages.bz2
dists/jessie/updates/main/binary-armel/Packages.gz
dists/jessie/updates/main/binary-armhf/
dists/jessie/updates/main/binary-armhf/Packages.bz2
dists/jessie/updates/main/binary-armhf/Packages.gz
dists/jessie/updates/main/binary-i386/
dists/jessie/updates/main/binary-i386/Packages.bz2
dists/jessie/updates/main/binary-i386/Packages.gz
dists/jessie/updates/main/binary-ia64/
dists/jessie/updates/main/binary-ia64/Packages.bz2
dists/jessie/updates/main/binary-ia64/Packages.gz
dists/jessie/updates/main/binary-kfreebsd-amd64/
dists/jessie/updates/main/binary-kfreebsd-amd64/Packages.bz2
dists/jessie/updates/main/binary-kfreebsd-amd64/Packages.gz
dists/jessie/updates/main/binary-kfreebsd-i386/
dists/jessie/updates/main/binary-kfreebsd-i386/Packages.bz2
dists/jessie/updates/main/binary-kfreebsd-i386/Packages.gz
dists/jessie/updates/main/binary-mips/
dists/jessie/updates/main/binary-mips/Packages.bz2
dists/jessie/updates/main/binary-mips/Packages.gz
dists/jessie/updates/main/binary-mipsel/
dists/jessie/updates/main/binary-mipsel/Packages.bz2
dists/jessie/updates/main/binary-mipsel/Packages.gz
dists/jessie/updates/main/binary-powerpc/
dists/jessie/updates/main/binary-powerpc/Packages.bz2
dists/jessie/updates/main/binary-powerpc/Packages.gz
dists/jessie/updates/main/binary-s390x/
dists/jessie/updates/main/binary-s390x/Packages.bz2
dists/jessie/updates/main/binary-s390x/Packages.gz
dists/jessie/updates/main/binary-sparc/
dists/jessie/updates/main/binary-sparc/Packages.bz2
dists/jessie/updates/main/binary-sparc/Packages.gz
dists/jessie/updates/main/debian-installer/binary-all/
dists/jessie/updates/main/debian-installer/binary-all/Packages.bz2
dists/jessie/updates/main/debian-installer/binary-all/Packages.gz
dists/jessie/updates/main/debian-installer/binary-amd64/
dists/jessie/updates/main/debian-installer/binary-amd64/Packages.bz2
dists/jessie/updates/main/debian-installer/binary-amd64/Packages.gz
dists/jessie/updates/main/debian-installer/binary-armel/
dists/jessie/updates/main/debian-installer/binary-armel/Packages.bz2
dists/jessie/updates/main/debian-installer/binary-armel/Packages.gz
dists/jessie/updates/main/debian-installer/binary-armhf/
dists/jessie/updates/main/debian-installer/binary-armhf/Packages.bz2
dists/jessie/updates/main/debian-installer/binary-armhf/Packages.gz
dists/jessie/updates/main/debian-installer/binary-i386/
dists/jessie/updates/main/debian-installer/binary-i386/Packages.bz2
dists/jessie/updates/main/debian-installer/binary-i386/Packages.gz
dists/jessie/updates/main/debian-installer/binary-ia64/
dists/jessie/updates/main/debian-installer/binary-ia64/Packages.bz2
dists/jessie/updates/main/debian-installer/binary-ia64/Packages.gz
dists/jessie/updates/main/debian-installer/binary-kfreebsd-amd64/
dists/jessie/updates/main/debian-installer/binary-kfreebsd-amd64/Packages.bz2
dists/jessie/updates/main/debian-installer/binary-kfreebsd-amd64/Packages.gz
dists/jessie/updates/main/debian-installer/binary-kfreebsd-i386/
dists/jessie/updates/main/debian-installer/binary-kfreebsd-i386/Packages.bz2
dists/jessie/updates/main/debian-installer/binary-kfreebsd-i386/Packages.gz
dists/jessie/updates/main/debian-installer/binary-mips/
dists/jessie/updates/main/debian-installer/binary-mips/Packages.bz2
dists/jessie/updates/main/debian-installer/binary-mips/Packages.gz
dists/jessie/updates/main/debian-installer/binary-mipsel/
dists/jessie/updates/main/debian-installer/binary-mipsel/Packages.bz2
dists/jessie/updates/main/debian-installer/binary-mipsel/Packages.gz
dists/jessie/updates/main/debian-installer/binary-powerpc/
dists/jessie/updates/main/debian-installer/binary-powerpc/Packages.bz2
dists/jessie/updates/main/debian-installer/binary-powerpc/Packages.gz
dists/jessie/updates/main/debian-installer/binary-s390x/
dists/jessie/updates/main/debian-installer/binary-s390x/Packages.bz2
dists/jessie/updates/main/debian-installer/binary-s390x/Packages.gz
dists/jessie/updates/main/debian-installer/binary-sparc/
dists/jessie/updates/main/debian-installer/binary-sparc/Packages.bz2
dists/jessie/updates/main/debian-installer/binary-sparc/Packages.gz
dists/jessie/updates/main/i18n/
dists/jessie/updates/main/i18n/Translation-en.bz2
dists/jessie/updates/main/source/
dists/jessie/updates/main/source/Sources.bz2
dists/jessie/updates/main/source/Sources.gz
dists/jessie/updates/non-free/binary-all/
dists/jessie/updates/non-free/binary-all/Packages.bz2
dists/jessie/updates/non-free/binary-all/Packages.gz
dists/jessie/updates/non-free/binary-amd64/
dists/jessie/updates/non-free/binary-amd64/Packages.bz2
dists/jessie/updates/non-free/binary-amd64/Packages.gz
dists/jessie/updates/non-free/binary-armel/
dists/jessie/updates/non-free/binary-armel/Packages.bz2
dists/jessie/updates/non-free/binary-armel/Packages.gz
dists/jessie/updates/non-free/binary-armhf/
dists/jessie/updates/non-free/binary-armhf/Packages.bz2
dists/jessie/updates/non-free/binary-armhf/Packages.gz
dists/jessie/updates/non-free/binary-i386/
dists/jessie/updates/non-free/binary-i386/Packages.bz2
dists/jessie/updates/non-free/binary-i386/Packages.gz
dists/jessie/updates/non-free/binary-ia64/
dists/jessie/updates/non-free/binary-ia64/Packages.bz2
dists/jessie/updates/non-free/binary-ia64/Packages.gz
dists/jessie/updates/non-free/binary-kfreebsd-amd64/
dists/jessie/updates/non-free/binary-kfreebsd-amd64/Packages.bz2
dists/jessie/updates/non-free/binary-kfreebsd-amd64/Packages.gz
dists/jessie/updates/non-free/binary-kfreebsd-i386/
dists/jessie/updates/non-free/binary-kfreebsd-i386/Packages.bz2
dists/jessie/updates/non-free/binary-kfreebsd-i386/Packages.gz
dists/jessie/updates/non-free/binary-mips/
dists/jessie/updates/non-free/binary-mips/Packages.bz2
dists/jessie/updates/non-free/binary-mips/Packages.gz
dists/jessie/updates/non-free/binary-mipsel/
dists/jessie/updates/non-free/binary-mipsel/Packages.bz2
dists/jessie/updates/non-free/binary-mipsel/Packages.gz
dists/jessie/updates/non-free/binary-powerpc/
dists/jessie/updates/non-free/binary-powerpc/Packages.bz2
dists/jessie/updates/non-free/binary-powerpc/Packages.gz
dists/jessie/updates/non-free/binary-s390x/
dists/jessie/updates/non-free/binary-s390x/Packages.bz2
dists/jessie/updates/non-free/binary-s390x/Packages.gz
dists/jessie/updates/non-free/binary-sparc/
dists/jessie/updates/non-free/binary-sparc/Packages.bz2
dists/jessie/updates/non-free/binary-sparc/Packages.gz
dists/jessie/updates/non-free/debian-installer/binary-all/
dists/jessie/updates/non-free/debian-installer/binary-all/Packages.bz2
dists/jessie/updates/non-free/debian-installer/binary-all/Packages.gz
dists/jessie/updates/non-free/debian-installer/binary-amd64/
dists/jessie/updates/non-free/debian-installer/binary-amd64/Packages.bz2
dists/jessie/updates/non-free/debian-installer/binary-amd64/Packages.gz
dists/jessie/updates/non-free/debian-installer/binary-armel/
dists/jessie/updates/non-free/debian-installer/binary-armel/Packages.bz2
dists/jessie/updates/non-free/debian-installer/binary-armel/Packages.gz
dists/jessie/updates/non-free/debian-installer/binary-armhf/
dists/jessie/updates/non-free/debian-installer/binary-armhf/Packages.bz2
dists/jessie/updates/non-free/debian-installer/binary-armhf/Packages.gz
dists/jessie/updates/non-free/debian-installer/binary-i386/
dists/jessie/updates/non-free/debian-installer/binary-i386/Packages.bz2
dists/jessie/updates/non-free/debian-installer/binary-i386/Packages.gz
dists/jessie/updates/non-free/debian-installer/binary-ia64/
dists/jessie/updates/non-free/debian-installer/binary-ia64/Packages.bz2
dists/jessie/updates/non-free/debian-installer/binary-ia64/Packages.gz
dists/jessie/updates/non-free/debian-installer/binary-kfreebsd-amd64/
dists/jessie/updates/non-free/debian-installer/binary-kfreebsd-amd64/Packages.bz2
dists/jessie/updates/non-free/debian-installer/binary-kfreebsd-amd64/Packages.gz
dists/jessie/updates/non-free/debian-installer/binary-kfreebsd-i386/
dists/jessie/updates/non-free/debian-installer/binary-kfreebsd-i386/Packages.bz2
dists/jessie/updates/non-free/debian-installer/binary-kfreebsd-i386/Packages.gz
dists/jessie/updates/non-free/debian-installer/binary-mips/
dists/jessie/updates/non-free/debian-installer/binary-mips/Packages.bz2
dists/jessie/updates/non-free/debian-installer/binary-mips/Packages.gz
dists/jessie/updates/non-free/debian-installer/binary-mipsel/
dists/jessie/updates/non-free/debian-installer/binary-mipsel/Packages.bz2
dists/jessie/updates/non-free/debian-installer/binary-mipsel/Packages.gz
dists/jessie/updates/non-free/debian-installer/binary-powerpc/
dists/jessie/updates/non-free/debian-installer/binary-powerpc/Packages.bz2
dists/jessie/updates/non-free/debian-installer/binary-powerpc/Packages.gz
dists/jessie/updates/non-free/debian-installer/binary-s390x/
dists/jessie/updates/non-free/debian-installer/binary-s390x/Packages.bz2
dists/jessie/updates/non-free/debian-installer/binary-s390x/Packages.gz
dists/jessie/updates/non-free/debian-installer/binary-sparc/
dists/jessie/updates/non-free/debian-installer/binary-sparc/Packages.bz2
dists/jessie/updates/non-free/debian-installer/binary-sparc/Packages.gz
dists/jessie/updates/non-free/i18n/
dists/jessie/updates/non-free/i18n/Translation-en.bz2
dists/jessie/updates/non-free/source/
dists/jessie/updates/non-free/source/Sources.bz2
dists/jessie/updates/non-free/source/Sources.gz
dists/squeeze/updates/
dists/squeeze/updates/InRelease
dists/squeeze/updates/Release
dists/squeeze/updates/Release.gpg
dists/squeeze/updates/contrib/binary-all/
dists/squeeze/updates/contrib/binary-all/Packages.bz2
dists/squeeze/updates/contrib/binary-all/Packages.gz
dists/squeeze/updates/contrib/binary-amd64/
dists/squeeze/updates/contrib/binary-amd64/Packages.bz2
dists/squeeze/updates/contrib/binary-amd64/Packages.gz
dists/squeeze/updates/contrib/binary-armel/
dists/squeeze/updates/contrib/binary-armel/Packages.bz2
dists/squeeze/updates/contrib/binary-armel/Packages.gz
dists/squeeze/updates/contrib/binary-i386/
dists/squeeze/updates/contrib/binary-i386/Packages.bz2
dists/squeeze/updates/contrib/binary-i386/Packages.gz
dists/squeeze/updates/contrib/binary-ia64/
dists/squeeze/updates/contrib/binary-ia64/Packages.bz2
dists/squeeze/updates/contrib/binary-ia64/Packages.gz
dists/squeeze/updates/contrib/binary-kfreebsd-amd64/
dists/squeeze/updates/contrib/binary-kfreebsd-amd64/Packages.bz2
dists/squeeze/updates/contrib/binary-kfreebsd-amd64/Packages.gz
dists/squeeze/updates/contrib/binary-kfreebsd-i386/
dists/squeeze/updates/contrib/binary-kfreebsd-i386/Packages.bz2
dists/squeeze/updates/contrib/binary-kfreebsd-i386/Packages.gz
dists/squeeze/updates/contrib/binary-mips/
dists/squeeze/updates/contrib/binary-mips/Packages.bz2
dists/squeeze/updates/contrib/binary-mips/Packages.gz
dists/squeeze/updates/contrib/binary-mipsel/
dists/squeeze/updates/contrib/binary-mipsel/Packages.bz2
dists/squeeze/updates/contrib/binary-mipsel/Packages.gz
dists/squeeze/updates/contrib/binary-powerpc/
dists/squeeze/updates/contrib/binary-powerpc/Packages.bz2
dists/squeeze/updates/contrib/binary-powerpc/Packages.gz
dists/squeeze/updates/contrib/binary-s390/
dists/squeeze/updates/contrib/binary-s390/Packages.bz2
dists/squeeze/updates/contrib/binary-s390/Packages.gz
dists/squeeze/updates/contrib/binary-sparc/
dists/squeeze/updates/contrib/binary-sparc/Packages.bz2
dists/squeeze/updates/contrib/binary-sparc/Packages.gz
dists/squeeze/updates/contrib/debian-installer/binary-all/
dists/squeeze/updates/contrib/debian-installer/binary-all/Packages.bz2
dists/squeeze/updates/contrib/debian-installer/binary-all/Packages.gz
dists/squeeze/updates/contrib/debian-installer/binary-amd64/
dists/squeeze/updates/contrib/debian-installer/binary-amd64/Packages.bz2
dists/squeeze/updates/contrib/debian-installer/binary-amd64/Packages.gz
dists/squeeze/updates/contrib/debian-installer/binary-armel/
dists/squeeze/updates/contrib/debian-installer/binary-armel/Packages.bz2
dists/squeeze/updates/contrib/debian-installer/binary-armel/Packages.gz
dists/squeeze/updates/contrib/debian-installer/binary-i386/
dists/squeeze/updates/contrib/debian-installer/binary-i386/Packages.bz2
dists/squeeze/updates/contrib/debian-installer/binary-i386/Packages.gz
dists/squeeze/updates/contrib/debian-installer/binary-ia64/
dists/squeeze/updates/contrib/debian-installer/binary-ia64/Packages.bz2
dists/squeeze/updates/contrib/debian-installer/binary-ia64/Packages.gz
dists/squeeze/updates/contrib/debian-installer/binary-kfreebsd-amd64/
dists/squeeze/updates/contrib/debian-installer/binary-kfreebsd-amd64/Packages.bz2
dists/squeeze/updates/contrib/debian-installer/binary-kfreebsd-amd64/Packages.gz
dists/squeeze/updates/contrib/debian-installer/binary-kfreebsd-i386/
dists/squeeze/updates/contrib/debian-installer/binary-kfreebsd-i386/Packages.bz2
dists/squeeze/updates/contrib/debian-installer/binary-kfreebsd-i386/Packages.gz
dists/squeeze/updates/contrib/debian-installer/binary-mips/
dists/squeeze/updates/contrib/debian-installer/binary-mips/Packages.bz2
dists/squeeze/updates/contrib/debian-installer/binary-mips/Packages.gz
dists/squeeze/updates/contrib/debian-installer/binary-mipsel/
dists/squeeze/updates/contrib/debian-installer/binary-mipsel/Packages.bz2
dists/squeeze/updates/contrib/debian-installer/binary-mipsel/Packages.gz
dists/squeeze/updates/contrib/debian-installer/binary-powerpc/
dists/squeeze/updates/contrib/debian-installer/binary-powerpc/Packages.bz2
dists/squeeze/updates/contrib/debian-installer/binary-powerpc/Packages.gz
dists/squeeze/updates/contrib/debian-installer/binary-s390/
dists/squeeze/updates/contrib/debian-installer/binary-s390/Packages.bz2
dists/squeeze/updates/contrib/debian-installer/binary-s390/Packages.gz
dists/squeeze/updates/contrib/debian-installer/binary-sparc/
dists/squeeze/updates/contrib/debian-installer/binary-sparc/Packages.bz2
dists/squeeze/updates/contrib/debian-installer/binary-sparc/Packages.gz
dists/squeeze/updates/contrib/source/
dists/squeeze/updates/contrib/source/Sources.bz2
dists/squeeze/updates/contrib/source/Sources.gz
dists/squeeze/updates/main/binary-all/
dists/squeeze/updates/main/binary-all/Packages.bz2
dists/squeeze/updates/main/binary-all/Packages.gz
dists/squeeze/updates/main/binary-amd64/
dists/squeeze/updates/main/binary-amd64/Packages.bz2
dists/squeeze/updates/main/binary-amd64/Packages.gz
dists/squeeze/updates/main/binary-armel/
dists/squeeze/updates/main/binary-armel/Packages.bz2
dists/squeeze/updates/main/binary-armel/Packages.gz
dists/squeeze/updates/main/binary-i386/
dists/squeeze/updates/main/binary-i386/Packages.bz2
dists/squeeze/updates/main/binary-i386/Packages.gz
dists/squeeze/updates/main/binary-ia64/
dists/squeeze/updates/main/binary-ia64/Packages.bz2
dists/squeeze/updates/main/binary-ia64/Packages.gz
dists/squeeze/updates/main/binary-kfreebsd-amd64/
dists/squeeze/updates/main/binary-kfreebsd-amd64/Packages.bz2
dists/squeeze/updates/main/binary-kfreebsd-amd64/Packages.gz
dists/squeeze/updates/main/binary-kfreebsd-i386/
dists/squeeze/updates/main/binary-kfreebsd-i386/Packages.bz2
dists/squeeze/updates/main/binary-kfreebsd-i386/Packages.gz
dists/squeeze/updates/main/binary-mips/
dists/squeeze/updates/main/binary-mips/Packages.bz2
dists/squeeze/updates/main/binary-mips/Packages.gz
dists/squeeze/updates/main/binary-mipsel/
dists/squeeze/updates/main/binary-mipsel/Packages.bz2
dists/squeeze/updates/main/binary-mipsel/Packages.gz
dists/squeeze/updates/main/binary-powerpc/
dists/squeeze/updates/main/binary-powerpc/Packages.bz2
dists/squeeze/updates/main/binary-powerpc/Packages.gz
dists/squeeze/updates/main/binary-s390/
dists/squeeze/updates/main/binary-s390/Packages.bz2
dists/squeeze/updates/main/binary-s390/Packages.gz
dists/squeeze/updates/main/binary-sparc/
dists/squeeze/updates/main/binary-sparc/Packages.bz2
dists/squeeze/updates/main/binary-sparc/Packages.gz
dists/squeeze/updates/main/debian-installer/binary-all/
dists/squeeze/updates/main/debian-installer/binary-all/Packages.bz2
dists/squeeze/updates/main/debian-installer/binary-all/Packages.gz
dists/squeeze/updates/main/debian-installer/binary-amd64/
dists/squeeze/updates/main/debian-installer/binary-amd64/Packages.bz2
dists/squeeze/updates/main/debian-installer/binary-amd64/Packages.gz
dists/squeeze/updates/main/debian-installer/binary-armel/
dists/squeeze/updates/main/debian-installer/binary-armel/Packages.bz2
dists/squeeze/updates/main/debian-installer/binary-armel/Packages.gz
dists/squeeze/updates/main/debian-installer/binary-i386/
dists/squeeze/updates/main/debian-installer/binary-i386/Packages.bz2
dists/squeeze/updates/main/debian-installer/binary-i386/Packages.gz
dists/squeeze/updates/main/debian-installer/binary-ia64/
dists/squeeze/updates/main/debian-installer/binary-ia64/Packages.bz2
dists/squeeze/updates/main/debian-installer/binary-ia64/Packages.gz
dists/squeeze/updates/main/debian-installer/binary-kfreebsd-amd64/
dists/squeeze/updates/main/debian-installer/binary-kfreebsd-amd64/Packages.bz2
dists/squeeze/updates/main/debian-installer/binary-kfreebsd-amd64/Packages.gz
dists/squeeze/updates/main/debian-installer/binary-kfreebsd-i386/
dists/squeeze/updates/main/debian-installer/binary-kfreebsd-i386/Packages.bz2
dists/squeeze/updates/main/debian-installer/binary-kfreebsd-i386/Packages.gz
dists/squeeze/updates/main/debian-installer/binary-mips/
dists/squeeze/updates/main/debian-installer/binary-mips/Packages.bz2
dists/squeeze/updates/main/debian-installer/binary-mips/Packages.gz
dists/squeeze/updates/main/debian-installer/binary-mipsel/
dists/squeeze/updates/main/debian-installer/binary-mipsel/Packages.bz2
dists/squeeze/updates/main/debian-installer/binary-mipsel/Packages.gz
dists/squeeze/updates/main/debian-installer/binary-powerpc/
dists/squeeze/updates/main/debian-installer/binary-powerpc/Packages.bz2
dists/squeeze/updates/main/debian-installer/binary-powerpc/Packages.gz
dists/squeeze/updates/main/debian-installer/binary-s390/
dists/squeeze/updates/main/debian-installer/binary-s390/Packages.bz2
dists/squeeze/updates/main/debian-installer/binary-s390/Packages.gz
dists/squeeze/updates/main/debian-installer/binary-sparc/
dists/squeeze/updates/main/debian-installer/binary-sparc/Packages.bz2
dists/squeeze/updates/main/debian-installer/binary-sparc/Packages.gz
dists/squeeze/updates/main/source/
dists/squeeze/updates/main/source/Sources.bz2
dists/squeeze/updates/main/source/Sources.gz
dists/squeeze/updates/non-free/binary-all/
dists/squeeze/updates/non-free/binary-all/Packages.bz2
dists/squeeze/updates/non-free/binary-all/Packages.gz
dists/squeeze/updates/non-free/binary-amd64/
dists/squeeze/updates/non-free/binary-amd64/Packages.bz2
dists/squeeze/updates/non-free/binary-amd64/Packages.gz
dists/squeeze/updates/non-free/binary-armel/
dists/squeeze/updates/non-free/binary-armel/Packages.bz2
dists/squeeze/updates/non-free/binary-armel/Packages.gz
dists/squeeze/updates/non-free/binary-i386/
dists/squeeze/updates/non-free/binary-i386/Packages.bz2
dists/squeeze/updates/non-free/binary-i386/Packages.gz
dists/squeeze/updates/non-free/binary-ia64/
dists/squeeze/updates/non-free/binary-ia64/Packages.bz2
dists/squeeze/updates/non-free/binary-ia64/Packages.gz
dists/squeeze/updates/non-free/binary-kfreebsd-amd64/
dists/squeeze/updates/non-free/binary-kfreebsd-amd64/Packages.bz2
dists/squeeze/updates/non-free/binary-kfreebsd-amd64/Packages.gz
dists/squeeze/updates/non-free/binary-kfreebsd-i386/
dists/squeeze/updates/non-free/binary-kfreebsd-i386/Packages.bz2
dists/squeeze/updates/non-free/binary-kfreebsd-i386/Packages.gz
dists/squeeze/updates/non-free/binary-mips/
dists/squeeze/updates/non-free/binary-mips/Packages.bz2
dists/squeeze/updates/non-free/binary-mips/Packages.gz
dists/squeeze/updates/non-free/binary-mipsel/
dists/squeeze/updates/non-free/binary-mipsel/Packages.bz2
dists/squeeze/updates/non-free/binary-mipsel/Packages.gz
dists/squeeze/updates/non-free/binary-powerpc/
dists/squeeze/updates/non-free/binary-powerpc/Packages.bz2
dists/squeeze/updates/non-free/binary-powerpc/Packages.gz
dists/squeeze/updates/non-free/binary-s390/
dists/squeeze/updates/non-free/binary-s390/Packages.bz2
dists/squeeze/updates/non-free/binary-s390/Packages.gz
dists/squeeze/updates/non-free/binary-sparc/
dists/squeeze/updates/non-free/binary-sparc/Packages.bz2
dists/squeeze/updates/non-free/binary-sparc/Packages.gz
dists/squeeze/updates/non-free/debian-installer/binary-all/
dists/squeeze/updates/non-free/debian-installer/binary-all/Packages.bz2
dists/squeeze/updates/non-free/debian-installer/binary-all/Packages.gz
dists/squeeze/updates/non-free/debian-installer/binary-amd64/
dists/squeeze/updates/non-free/debian-installer/binary-amd64/Packages.bz2
dists/squeeze/updates/non-free/debian-installer/binary-amd64/Packages.gz
dists/squeeze/updates/non-free/debian-installer/binary-armel/
dists/squeeze/updates/non-free/debian-installer/binary-armel/Packages.bz2
dists/squeeze/updates/non-free/debian-installer/binary-armel/Packages.gz
dists/squeeze/updates/non-free/debian-installer/binary-i386/
dists/squeeze/updates/non-free/debian-installer/binary-i386/Packages.bz2
dists/squeeze/updates/non-free/debian-installer/binary-i386/Packages.gz
dists/squeeze/updates/non-free/debian-installer/binary-ia64/
dists/squeeze/updates/non-free/debian-installer/binary-ia64/Packages.bz2
dists/squeeze/updates/non-free/debian-installer/binary-ia64/Packages.gz
dists/squeeze/updates/non-free/debian-installer/binary-kfreebsd-amd64/
dists/squeeze/updates/non-free/debian-installer/binary-kfreebsd-amd64/Packages.bz2
dists/squeeze/updates/non-free/debian-installer/binary-kfreebsd-amd64/Packages.gz
dists/squeeze/updates/non-free/debian-installer/binary-kfreebsd-i386/
dists/squeeze/updates/non-free/debian-installer/binary-kfreebsd-i386/Packages.bz2
dists/squeeze/updates/non-free/debian-installer/binary-kfreebsd-i386/Packages.gz
dists/squeeze/updates/non-free/debian-installer/binary-mips/
dists/squeeze/updates/non-free/debian-installer/binary-mips/Packages.bz2
dists/squeeze/updates/non-free/debian-installer/binary-mips/Packages.gz
dists/squeeze/updates/non-free/debian-installer/binary-mipsel/
dists/squeeze/updates/non-free/debian-installer/binary-mipsel/Packages.bz2
dists/squeeze/updates/non-free/debian-installer/binary-mipsel/Packages.gz
dists/squeeze/updates/non-free/debian-installer/binary-powerpc/
dists/squeeze/updates/non-free/debian-installer/binary-powerpc/Packages.bz2
dists/squeeze/updates/non-free/debian-installer/binary-powerpc/Packages.gz
dists/squeeze/updates/non-free/debian-installer/binary-s390/
dists/squeeze/updates/non-free/debian-installer/binary-s390/Packages.bz2
dists/squeeze/updates/non-free/debian-installer/binary-s390/Packages.gz
dists/squeeze/updates/non-free/debian-installer/binary-sparc/
dists/squeeze/updates/non-free/debian-installer/binary-sparc/Packages.bz2
dists/squeeze/updates/non-free/debian-installer/binary-sparc/Packages.gz
dists/squeeze/updates/non-free/source/
dists/squeeze/updates/non-free/source/Sources.bz2
dists/squeeze/updates/non-free/source/Sources.gz
dists/wheezy/updates/
dists/wheezy/updates/InRelease
dists/wheezy/updates/Release
dists/wheezy/updates/Release.gpg
dists/wheezy/updates/contrib/binary-all/
dists/wheezy/updates/contrib/binary-all/Packages.bz2
dists/wheezy/updates/contrib/binary-all/Packages.gz
dists/wheezy/updates/contrib/binary-amd64/
dists/wheezy/updates/contrib/binary-amd64/Packages.bz2
dists/wheezy/updates/contrib/binary-amd64/Packages.gz
dists/wheezy/updates/contrib/binary-armel/
dists/wheezy/updates/contrib/binary-armel/Packages.bz2
dists/wheezy/updates/contrib/binary-armel/Packages.gz
dists/wheezy/updates/contrib/binary-armhf/
dists/wheezy/updates/contrib/binary-armhf/Packages.bz2
dists/wheezy/updates/contrib/binary-armhf/Packages.gz
dists/wheezy/updates/contrib/binary-i386/
dists/wheezy/updates/contrib/binary-i386/Packages.bz2
dists/wheezy/updates/contrib/binary-i386/Packages.gz
dists/wheezy/updates/contrib/binary-ia64/
dists/wheezy/updates/contrib/binary-ia64/Packages.bz2
dists/wheezy/updates/contrib/binary-ia64/Packages.gz
dists/wheezy/updates/contrib/binary-kfreebsd-amd64/
dists/wheezy/updates/contrib/binary-kfreebsd-amd64/Packages.bz2
dists/wheezy/updates/contrib/binary-kfreebsd-amd64/Packages.gz
dists/wheezy/updates/contrib/binary-kfreebsd-i386/
dists/wheezy/updates/contrib/binary-kfreebsd-i386/Packages.bz2
dists/wheezy/updates/contrib/binary-kfreebsd-i386/Packages.gz
dists/wheezy/updates/contrib/binary-mips/
dists/wheezy/updates/contrib/binary-mips/Packages.bz2
dists/wheezy/updates/contrib/binary-mips/Packages.gz
dists/wheezy/updates/contrib/binary-mipsel/
dists/wheezy/updates/contrib/binary-mipsel/Packages.bz2
dists/wheezy/updates/contrib/binary-mipsel/Packages.gz
dists/wheezy/updates/contrib/binary-powerpc/
dists/wheezy/updates/contrib/binary-powerpc/Packages.bz2
dists/wheezy/updates/contrib/binary-powerpc/Packages.gz
dists/wheezy/updates/contrib/binary-s390/
dists/wheezy/updates/contrib/binary-s390/Packages.bz2
dists/wheezy/updates/contrib/binary-s390/Packages.gz
dists/wheezy/updates/contrib/binary-s390x/
dists/wheezy/updates/contrib/binary-s390x/Packages.bz2
dists/wheezy/updates/contrib/binary-s390x/Packages.gz
dists/wheezy/updates/contrib/binary-sparc/
dists/wheezy/updates/contrib/binary-sparc/Packages.bz2
dists/wheezy/updates/contrib/binary-sparc/Packages.gz
dists/wheezy/updates/contrib/debian-installer/binary-all/
dists/wheezy/updates/contrib/debian-installer/binary-all/Packages.bz2
dists/wheezy/updates/contrib/debian-installer/binary-all/Packages.gz
dists/wheezy/updates/contrib/debian-installer/binary-amd64/
dists/wheezy/updates/contrib/debian-installer/binary-amd64/Packages.bz2
dists/wheezy/updates/contrib/debian-installer/binary-amd64/Packages.gz
dists/wheezy/updates/contrib/debian-installer/binary-armel/
dists/wheezy/updates/contrib/debian-installer/binary-armel/Packages.bz2
dists/wheezy/updates/contrib/debian-installer/binary-armel/Packages.gz
dists/wheezy/updates/contrib/debian-installer/binary-armhf/
dists/wheezy/updates/contrib/debian-installer/binary-armhf/Packages.bz2
dists/wheezy/updates/contrib/debian-installer/binary-armhf/Packages.gz
dists/wheezy/updates/contrib/debian-installer/binary-i386/
dists/wheezy/updates/contrib/debian-installer/binary-i386/Packages.bz2
dists/wheezy/updates/contrib/debian-installer/binary-i386/Packages.gz
dists/wheezy/updates/contrib/debian-installer/binary-ia64/
dists/wheezy/updates/contrib/debian-installer/binary-ia64/Packages.bz2
dists/wheezy/updates/contrib/debian-installer/binary-ia64/Packages.gz
dists/wheezy/updates/contrib/debian-installer/binary-kfreebsd-amd64/
dists/wheezy/updates/contrib/debian-installer/binary-kfreebsd-amd64/Packages.bz2
dists/wheezy/updates/contrib/debian-installer/binary-kfreebsd-amd64/Packages.gz
dists/wheezy/updates/contrib/debian-installer/binary-kfreebsd-i386/
dists/wheezy/updates/contrib/debian-installer/binary-kfreebsd-i386/Packages.bz2
dists/wheezy/updates/contrib/debian-installer/binary-kfreebsd-i386/Packages.gz
dists/wheezy/updates/contrib/debian-installer/binary-mips/
dists/wheezy/updates/contrib/debian-installer/binary-mips/Packages.bz2
dists/wheezy/updates/contrib/debian-installer/binary-mips/Packages.gz
dists/wheezy/updates/contrib/debian-installer/binary-mipsel/
dists/wheezy/updates/contrib/debian-installer/binary-mipsel/Packages.bz2
dists/wheezy/updates/contrib/debian-installer/binary-mipsel/Packages.gz
dists/wheezy/updates/contrib/debian-installer/binary-powerpc/
dists/wheezy/updates/contrib/debian-installer/binary-powerpc/Packages.bz2
dists/wheezy/updates/contrib/debian-installer/binary-powerpc/Packages.gz
dists/wheezy/updates/contrib/debian-installer/binary-s390/
dists/wheezy/updates/contrib/debian-installer/binary-s390/Packages.bz2
dists/wheezy/updates/contrib/debian-installer/binary-s390/Packages.gz
dists/wheezy/updates/contrib/debian-installer/binary-s390x/
dists/wheezy/updates/contrib/debian-installer/binary-s390x/Packages.bz2
dists/wheezy/updates/contrib/debian-installer/binary-s390x/Packages.gz
dists/wheezy/updates/contrib/debian-installer/binary-sparc/
dists/wheezy/updates/contrib/debian-installer/binary-sparc/Packages.bz2
dists/wheezy/updates/contrib/debian-installer/binary-sparc/Packages.gz
dists/wheezy/updates/contrib/i18n/
dists/wheezy/updates/contrib/i18n/Translation-en.bz2
dists/wheezy/updates/contrib/source/
dists/wheezy/updates/contrib/source/Sources.bz2
dists/wheezy/updates/contrib/source/Sources.gz
dists/wheezy/updates/main/binary-all/
dists/wheezy/updates/main/binary-all/Packages.bz2
dists/wheezy/updates/main/binary-all/Packages.gz
dists/wheezy/updates/main/binary-amd64/
dists/wheezy/updates/main/binary-amd64/Packages.bz2
dists/wheezy/updates/main/binary-amd64/Packages.gz
dists/wheezy/updates/main/binary-armel/
dists/wheezy/updates/main/binary-armel/Packages.bz2
dists/wheezy/updates/main/binary-armel/Packages.gz
dists/wheezy/updates/main/binary-armhf/
dists/wheezy/updates/main/binary-armhf/Packages.bz2
dists/wheezy/updates/main/binary-armhf/Packages.gz
dists/wheezy/updates/main/binary-i386/
dists/wheezy/updates/main/binary-i386/Packages.bz2
dists/wheezy/updates/main/binary-i386/Packages.gz
dists/wheezy/updates/main/binary-ia64/
dists/wheezy/updates/main/binary-ia64/Packages.bz2
dists/wheezy/updates/main/binary-ia64/Packages.gz
dists/wheezy/updates/main/binary-kfreebsd-amd64/
dists/wheezy/updates/main/binary-kfreebsd-amd64/Packages.bz2
dists/wheezy/updates/main/binary-kfreebsd-amd64/Packages.gz
dists/wheezy/updates/main/binary-kfreebsd-i386/
dists/wheezy/updates/main/binary-kfreebsd-i386/Packages.bz2
dists/wheezy/updates/main/binary-kfreebsd-i386/Packages.gz
dists/wheezy/updates/main/binary-mips/
dists/wheezy/updates/main/binary-mips/Packages.bz2
dists/wheezy/updates/main/binary-mips/Packages.gz
dists/wheezy/updates/main/binary-mipsel/
dists/wheezy/updates/main/binary-mipsel/Packages.bz2
dists/wheezy/updates/main/binary-mipsel/Packages.gz
dists/wheezy/updates/main/binary-powerpc/
dists/wheezy/updates/main/binary-powerpc/Packages.bz2
dists/wheezy/updates/main/binary-powerpc/Packages.gz
dists/wheezy/updates/main/binary-s390/
dists/wheezy/updates/main/binary-s390/Packages.bz2
dists/wheezy/updates/main/binary-s390/Packages.gz
dists/wheezy/updates/main/binary-s390x/
dists/wheezy/updates/main/binary-s390x/Packages.bz2
dists/wheezy/updates/main/binary-s390x/Packages.gz
dists/wheezy/updates/main/binary-sparc/
dists/wheezy/updates/main/binary-sparc/Packages.bz2
dists/wheezy/updates/main/binary-sparc/Packages.gz
dists/wheezy/updates/main/debian-installer/binary-all/
dists/wheezy/updates/main/debian-installer/binary-all/Packages.bz2
dists/wheezy/updates/main/debian-installer/binary-all/Packages.gz
dists/wheezy/updates/main/debian-installer/binary-amd64/
dists/wheezy/updates/main/debian-installer/binary-amd64/Packages.bz2
dists/wheezy/updates/main/debian-installer/binary-amd64/Packages.gz
dists/wheezy/updates/main/debian-installer/binary-armel/
dists/wheezy/updates/main/debian-installer/binary-armel/Packages.bz2
dists/wheezy/updates/main/debian-installer/binary-armel/Packages.gz
dists/wheezy/updates/main/debian-installer/binary-armhf/
dists/wheezy/updates/main/debian-installer/binary-armhf/Packages.bz2
dists/wheezy/updates/main/debian-installer/binary-armhf/Packages.gz
dists/wheezy/updates/main/debian-installer/binary-i386/
dists/wheezy/updates/main/debian-installer/binary-i386/Packages.bz2
dists/wheezy/updates/main/debian-installer/binary-i386/Packages.gz
dists/wheezy/updates/main/debian-installer/binary-ia64/
dists/wheezy/updates/main/debian-installer/binary-ia64/Packages.bz2
dists/wheezy/updates/main/debian-installer/binary-ia64/Packages.gz
dists/wheezy/updates/main/debian-installer/binary-kfreebsd-amd64/
dists/wheezy/updates/main/debian-installer/binary-kfreebsd-amd64/Packages.bz2
dists/wheezy/updates/main/debian-installer/binary-kfreebsd-amd64/Packages.gz
dists/wheezy/updates/main/debian-installer/binary-kfreebsd-i386/
dists/wheezy/updates/main/debian-installer/binary-kfreebsd-i386/Packages.bz2
dists/wheezy/updates/main/debian-installer/binary-kfreebsd-i386/Packages.gz
dists/wheezy/updates/main/debian-installer/binary-mips/
dists/wheezy/updates/main/debian-installer/binary-mips/Packages.bz2
dists/wheezy/updates/main/debian-installer/binary-mips/Packages.gz
dists/wheezy/updates/main/debian-installer/binary-mipsel/
dists/wheezy/updates/main/debian-installer/binary-mipsel/Packages.bz2
dists/wheezy/updates/main/debian-installer/binary-mipsel/Packages.gz
dists/wheezy/updates/main/debian-installer/binary-powerpc/
dists/wheezy/updates/main/debian-installer/binary-powerpc/Packages.bz2
dists/wheezy/updates/main/debian-installer/binary-powerpc/Packages.gz
dists/wheezy/updates/main/debian-installer/binary-s390/
dists/wheezy/updates/main/debian-installer/binary-s390/Packages.bz2
dists/wheezy/updates/main/debian-installer/binary-s390/Packages.gz
dists/wheezy/updates/main/debian-installer/binary-s390x/
dists/wheezy/updates/main/debian-installer/binary-s390x/Packages.bz2
dists/wheezy/updates/main/debian-installer/binary-s390x/Packages.gz
dists/wheezy/updates/main/debian-installer/binary-sparc/
dists/wheezy/updates/main/debian-installer/binary-sparc/Packages.bz2
dists/wheezy/updates/main/debian-installer/binary-sparc/Packages.gz
dists/wheezy/updates/main/i18n/
dists/wheezy/updates/main/i18n/Translation-en.bz2
dists/wheezy/updates/main/source/
dists/wheezy/updates/main/source/Sources.bz2
dists/wheezy/updates/main/source/Sources.gz
dists/wheezy/updates/non-free/binary-all/
dists/wheezy/updates/non-free/binary-all/Packages.bz2
dists/wheezy/updates/non-free/binary-all/Packages.gz
dists/wheezy/updates/non-free/binary-amd64/
dists/wheezy/updates/non-free/binary-amd64/Packages.bz2
dists/wheezy/updates/non-free/binary-amd64/Packages.gz
dists/wheezy/updates/non-free/binary-armel/
dists/wheezy/updates/non-free/binary-armel/Packages.bz2
dists/wheezy/updates/non-free/binary-armel/Packages.gz
dists/wheezy/updates/non-free/binary-armhf/
dists/wheezy/updates/non-free/binary-armhf/Packages.bz2
dists/wheezy/updates/non-free/binary-armhf/Packages.gz
dists/wheezy/updates/non-free/binary-i386/
dists/wheezy/updates/non-free/binary-i386/Packages.bz2
dists/wheezy/updates/non-free/binary-i386/Packages.gz
dists/wheezy/updates/non-free/binary-ia64/
dists/wheezy/updates/non-free/binary-ia64/Packages.bz2
dists/wheezy/updates/non-free/binary-ia64/Packages.gz
dists/wheezy/updates/non-free/binary-kfreebsd-amd64/
dists/wheezy/updates/non-free/binary-kfreebsd-amd64/Packages.bz2
dists/wheezy/updates/non-free/binary-kfreebsd-amd64/Packages.gz
dists/wheezy/updates/non-free/binary-kfreebsd-i386/
dists/wheezy/updates/non-free/binary-kfreebsd-i386/Packages.bz2
dists/wheezy/updates/non-free/binary-kfreebsd-i386/Packages.gz
dists/wheezy/updates/non-free/binary-mips/
dists/wheezy/updates/non-free/binary-mips/Packages.bz2
dists/wheezy/updates/non-free/binary-mips/Packages.gz
dists/wheezy/updates/non-free/binary-mipsel/
dists/wheezy/updates/non-free/binary-mipsel/Packages.bz2
dists/wheezy/updates/non-free/binary-mipsel/Packages.gz
dists/wheezy/updates/non-free/binary-powerpc/
dists/wheezy/updates/non-free/binary-powerpc/Packages.bz2
dists/wheezy/updates/non-free/binary-powerpc/Packages.gz
dists/wheezy/updates/non-free/binary-s390/
dists/wheezy/updates/non-free/binary-s390/Packages.bz2
dists/wheezy/updates/non-free/binary-s390/Packages.gz
dists/wheezy/updates/non-free/binary-s390x/
dists/wheezy/updates/non-free/binary-s390x/Packages.bz2
dists/wheezy/updates/non-free/binary-s390x/Packages.gz
dists/wheezy/updates/non-free/binary-sparc/
dists/wheezy/updates/non-free/binary-sparc/Packages.bz2
dists/wheezy/updates/non-free/binary-sparc/Packages.gz
dists/wheezy/updates/non-free/debian-installer/binary-all/
dists/wheezy/updates/non-free/debian-installer/binary-all/Packages.bz2
dists/wheezy/updates/non-free/debian-installer/binary-all/Packages.gz
dists/wheezy/updates/non-free/debian-installer/binary-amd64/
dists/wheezy/updates/non-free/debian-installer/binary-amd64/Packages.bz2
dists/wheezy/updates/non-free/debian-installer/binary-amd64/Packages.gz
dists/wheezy/updates/non-free/debian-installer/binary-armel/
dists/wheezy/updates/non-free/debian-installer/binary-armel/Packages.bz2
dists/wheezy/updates/non-free/debian-installer/binary-armel/Packages.gz
dists/wheezy/updates/non-free/debian-installer/binary-armhf/
dists/wheezy/updates/non-free/debian-installer/binary-armhf/Packages.bz2
dists/wheezy/updates/non-free/debian-installer/binary-armhf/Packages.gz
dists/wheezy/updates/non-free/debian-installer/binary-i386/
dists/wheezy/updates/non-free/debian-installer/binary-i386/Packages.bz2
dists/wheezy/updates/non-free/debian-installer/binary-i386/Packages.gz
dists/wheezy/updates/non-free/debian-installer/binary-ia64/
dists/wheezy/updates/non-free/debian-installer/binary-ia64/Packages.bz2
dists/wheezy/updates/non-free/debian-installer/binary-ia64/Packages.gz
dists/wheezy/updates/non-free/debian-installer/binary-kfreebsd-amd64/
dists/wheezy/updates/non-free/debian-installer/binary-kfreebsd-amd64/Packages.bz2
dists/wheezy/updates/non-free/debian-installer/binary-kfreebsd-amd64/Packages.gz
dists/wheezy/updates/non-free/debian-installer/binary-kfreebsd-i386/
dists/wheezy/updates/non-free/debian-installer/binary-kfreebsd-i386/Packages.bz2
dists/wheezy/updates/non-free/debian-installer/binary-kfreebsd-i386/Packages.gz
dists/wheezy/updates/non-free/debian-installer/binary-mips/
dists/wheezy/updates/non-free/debian-installer/binary-mips/Packages.bz2
dists/wheezy/updates/non-free/debian-installer/binary-mips/Packages.gz
dists/wheezy/updates/non-free/debian-installer/binary-mipsel/
dists/wheezy/updates/non-free/debian-installer/binary-mipsel/Packages.bz2
dists/wheezy/updates/non-free/debian-installer/binary-mipsel/Packages.gz
dists/wheezy/updates/non-free/debian-installer/binary-powerpc/
dists/wheezy/updates/non-free/debian-installer/binary-powerpc/Packages.bz2
dists/wheezy/updates/non-free/debian-installer/binary-powerpc/Packages.gz
dists/wheezy/updates/non-free/debian-installer/binary-s390/
dists/wheezy/updates/non-free/debian-installer/binary-s390/Packages.bz2
dists/wheezy/updates/non-free/debian-installer/binary-s390/Packages.gz
dists/wheezy/updates/non-free/debian-installer/binary-s390x/
dists/wheezy/updates/non-free/debian-installer/binary-s390x/Packages.bz2
dists/wheezy/updates/non-free/debian-installer/binary-s390x/Packages.gz
dists/wheezy/updates/non-free/debian-installer/binary-sparc/
dists/wheezy/updates/non-free/debian-installer/binary-sparc/Packages.bz2
dists/wheezy/updates/non-free/debian-installer/binary-sparc/Packages.gz
dists/wheezy/updates/non-free/i18n/
dists/wheezy/updates/non-free/i18n/Translation-en.bz2
dists/wheezy/updates/non-free/source/
dists/wheezy/updates/non-free/source/Sources.bz2
dists/wheezy/updates/non-free/source/Sources.gz
indices/package-file.map.bz2
pool/updates/main/n/nss/
pool/updates/main/r/
pool/updates/main/r/reportbug/
pool/updates/main/r/reportbug/python-reportbug_6.4.4+deb7u1_all.deb
pool/updates/main/r/reportbug/reportbug_6.4.4+deb7u1.dsc
pool/updates/main/r/reportbug/reportbug_6.4.4+deb7u1.tar.bz2
pool/updates/main/r/reportbug/reportbug_6.4.4+deb7u1_all.deb
project/trace/
project/trace/security-master.debian.org
project/trace/security.debian.org
deleting pool/updates/main/n/nss/nss_3.14.5-1.dsc
deleting pool/updates/main/n/nss/nss_3.14.5-1.debian.tar.gz

Number of files: 27934
Number of files transferred: 508
Total file size: 57748732863 bytes
Total transferred file size: 17188993 bytes
Literal data: 4331966 bytes
Matched data: 12857027 bytes
File list size: 673361
File list generation time: 2.926 seconds
File list transfer time: 0.000 seconds
Total bytes sent: 156322
Total bytes received: 5101714

sent 156322 bytes  received 5101714 bytes  269642.87 bytes/sec
total size is 57748732863  speedup is 10982.95
