2014-08-06 06:00:03
rsync://rsync.apache.org/apache-dist/
receiving file list ... done
./
abdera/
abdera/1.1.3/
accumulo/
accumulo/1.3.6/
accumulo/1.4.5/
accumulo/1.5.1/
accumulo/1.6.0/
ace/
ace/apache-ace-2.0.1/
activemq/
activemq/5.10.0/
activemq/5.9.1/
activemq/activemq-apollo/
activemq/activemq-apollo/1.7/
activemq/activemq-cpp/
activemq/activemq-cpp/3.8.2/
activemq/activemq-cpp/3.8.3/
activemq/apache-nms/
activemq/apache-nms/1.5.0/
activemq/apache-nms/1.6.0/
airavata/
airavata/0.12/
allura/
ambari/
ambari/ambari-1.4.3/
ambari/ambari-1.4.4/
ambari/ambari-1.5.0/
ambari/ambari-1.5.1/
ambari/ambari-1.6.0/
ambari/ambari-1.6.1/
ant/
ant/antlibs/
ant/antlibs/antunit/
ant/antlibs/antunit/binaries/
ant/antlibs/antunit/source/
ant/antlibs/compress/
ant/antlibs/compress/binaries/
ant/antlibs/compress/source/
ant/antlibs/dotnet/
ant/antlibs/dotnet/binaries/
ant/antlibs/dotnet/source/
ant/binaries/
ant/ivy/
ant/ivy/2.3.0/
ant/ivy/2.4.0-rc1/
ant/ivyde/
ant/ivyde/2.2.0.final/
ant/ivyde/updatesite/
ant/ivyde/updatesite/ivy-2.3.0.final_20130110142753/
ant/ivyde/updatesite/ivy-2.3.0.final_20130110142753/features/
ant/ivyde/updatesite/ivy-2.3.0.final_20130110142753/plugins/
ant/ivyde/updatesite/ivy-2.4.0.cr1_20140315220245/
ant/ivyde/updatesite/ivy-2.4.0.cr1_20140315220245/features/
ant/ivyde/updatesite/ivy-2.4.0.cr1_20140315220245/plugins/
ant/ivyde/updatesite/ivyde-2.2.0.final-201311091524-RELEASE/
ant/ivyde/updatesite/ivyde-2.2.0.final-201311091524-RELEASE/features/
ant/ivyde/updatesite/ivyde-2.2.0.final-201311091524-RELEASE/plugins/
ant/manual/
ant/source/
any23/
any23/1.0/
apr/
apr/binaries/
apr/binaries/netware/
apr/binaries/pkg/
apr/binaries/rpm/
apr/binaries/rpm/SRPMS/
apr/binaries/rpm/i386/
apr/binaries/rpm/ppc/
apr/binaries/rpm/x86_64/
apr/binaries/win32/
apr/patches/
archiva/
archiva/1.3.9/
archiva/1.3.9/binaries/
archiva/1.3.9/src/
archiva/2.1.0/
archiva/2.1.0/binaries/
archiva/2.1.0/src/
archiva/pom/
archiva/redback-components/
archiva/redback-core/
aries/
avro/
avro/avro-1.6.3/
avro/avro-1.6.3/c/
avro/avro-1.6.3/cpp/
avro/avro-1.6.3/java/
avro/avro-1.6.3/php/
avro/avro-1.6.3/py/
avro/avro-1.6.3/ruby/
avro/avro-1.7.7/
avro/avro-1.7.7/c/
avro/avro-1.7.7/cpp/
avro/avro-1.7.7/java/
avro/avro-1.7.7/perl/
avro/avro-1.7.7/php/
avro/avro-1.7.7/py/
avro/avro-1.7.7/py3/
avro/avro-1.7.7/ruby/
axis/
axis/axis/
axis/axis/c/
axis/axis/java/
axis/axis/java/1.4/
axis/axis2/
axis/axis2/c/
axis/axis2/java/
axis/axis2/java/core/
axis/axis2/java/core/1.5.6/
axis/axis2/java/core/1.6.2/
axis/axis2/java/rampart/
axis/axis2/java/rampart/1.5.2/
axis/axis2/java/rampart/1.6.2/
axis/axis2/java/sandesha/
axis/axis2/java/sandesha/1.4/
axis/axis2/java/sandesha/1.6.2/
beehive/
bigtop/
bigtop/bigtop-0.7.0/
bigtop/bigtop-0.7.0/repos/
bigtop/bigtop-0.7.0/repos/centos5/
bigtop/bigtop-0.7.0/repos/centos6/
bigtop/bigtop-0.7.0/repos/fedora17/
bigtop/bigtop-0.7.0/repos/fedora18/
bigtop/bigtop-0.7.0/repos/lucid/
bigtop/bigtop-0.7.0/repos/opensuse12/
bigtop/bigtop-0.7.0/repos/precise/
bigtop/bigtop-0.7.0/repos/quantal/
bigtop/bigtop-0.7.0/repos/sles11/
bloodhound/
buildr/
buildr/1.4.19/
bval/
bval/0.5/
camel/
camel/apache-camel/
camel/apache-camel/2.11.4/
camel/apache-camel/2.12.4/
camel/apache-camel/2.13.2/
camel/apache-camel/camel-2.13.2/
cassandra/
cassandra/1.1.12/
cassandra/1.2.17/
cassandra/1.2.18/
cassandra/2.0.9/
cassandra/2.1.0/
cassandra/debian/
cassandra/debian/dists/
cassandra/debian/dists/06x/
cassandra/debian/dists/06x/main/
cassandra/debian/dists/06x/main/binary-amd64/
cassandra/debian/dists/06x/main/binary-i386/
cassandra/debian/dists/06x/main/source/
cassandra/debian/dists/07x/
cassandra/debian/dists/07x/main/
cassandra/debian/dists/07x/main/binary-amd64/
cassandra/debian/dists/07x/main/binary-i386/
cassandra/debian/dists/07x/main/source/
cassandra/debian/dists/08x/
cassandra/debian/dists/08x/main/
cassandra/debian/dists/08x/main/binary-amd64/
cassandra/debian/dists/08x/main/binary-i386/
cassandra/debian/dists/08x/main/source/
cassandra/debian/dists/10x/
cassandra/debian/dists/10x/main/
cassandra/debian/dists/10x/main/binary-amd64/
cassandra/debian/dists/10x/main/binary-i386/
cassandra/debian/dists/10x/main/source/
cassandra/debian/dists/11x/
cassandra/debian/dists/11x/main/
cassandra/debian/dists/11x/main/binary-amd64/
cassandra/debian/dists/11x/main/binary-i386/
cassandra/debian/dists/11x/main/source/
cassandra/debian/dists/12x/
cassandra/debian/dists/12x/main/
cassandra/debian/dists/12x/main/binary-amd64/
cassandra/debian/dists/12x/main/binary-i386/
cassandra/debian/dists/12x/main/source/
cassandra/debian/dists/20x/
cassandra/debian/dists/20x/main/
cassandra/debian/dists/20x/main/binary-amd64/
cassandra/debian/dists/20x/main/binary-i386/
cassandra/debian/dists/20x/main/source/
cassandra/debian/dists/21x/
cassandra/debian/dists/21x/main/
cassandra/debian/dists/21x/main/binary-amd64/
cassandra/debian/dists/21x/main/binary-i386/
cassandra/debian/dists/21x/main/source/
cassandra/debian/dists/sid/
cassandra/debian/dists/sid/main/
cassandra/debian/dists/sid/main/binary-amd64/
cassandra/debian/dists/sid/main/binary-i386/
cassandra/debian/dists/sid/main/source/
cassandra/debian/dists/unstable/
cassandra/debian/dists/unstable/main/
cassandra/debian/dists/unstable/main/binary-amd64/
cassandra/debian/dists/unstable/main/binary-i386/
cassandra/debian/dists/unstable/main/source/
cassandra/debian/pool/
cassandra/debian/pool/main/
cassandra/debian/pool/main/c/
cassandra/debian/pool/main/c/cassandra/
cayenne/
cayenne/3.1RC1/
cayenne/3.2M1/
chemistry/
chemistry/cmislib/
chemistry/cmislib/0.5.1/
chemistry/cmislib/0.5/
chemistry/dotcmis/
chemistry/dotcmis/0.4/
chemistry/dotcmis/0.5/
