2014-08-05 15:00:02
rsync://archive.ubuntu.com/ubuntu
This is an Ubuntu mirror - treat it kindly

receiving file list ... done
./
ls-lR.gz
.trace/
.trace/ubuntu-orobas
dists/
dists/lucid-backports/
dists/lucid-backports/main/
dists/lucid-backports/main/binary-amd64/
dists/lucid-backports/main/binary-i386/
dists/lucid-backports/main/debian-installer/
dists/lucid-backports/main/debian-installer/binary-amd64/
dists/lucid-backports/main/debian-installer/binary-i386/
dists/lucid-backports/main/source/
dists/lucid-backports/multiverse/
dists/lucid-backports/multiverse/binary-amd64/
dists/lucid-backports/multiverse/binary-i386/
dists/lucid-backports/multiverse/debian-installer/
dists/lucid-backports/multiverse/debian-installer/binary-amd64/
dists/lucid-backports/multiverse/debian-installer/binary-i386/
dists/lucid-backports/multiverse/source/
dists/lucid-backports/restricted/
dists/lucid-backports/restricted/binary-amd64/
dists/lucid-backports/restricted/binary-i386/
dists/lucid-backports/restricted/debian-installer/
dists/lucid-backports/restricted/debian-installer/binary-amd64/
dists/lucid-backports/restricted/debian-installer/binary-i386/
dists/lucid-backports/restricted/source/
dists/lucid-backports/universe/
dists/lucid-backports/universe/binary-amd64/
dists/lucid-backports/universe/binary-i386/
dists/lucid-backports/universe/debian-installer/
dists/lucid-backports/universe/debian-installer/binary-amd64/
dists/lucid-backports/universe/debian-installer/binary-i386/
dists/lucid-backports/universe/source/
dists/lucid-proposed/
dists/lucid-proposed/Release
dists/lucid-proposed/Release.gpg
dists/lucid-proposed/main/
dists/lucid-proposed/main/binary-amd64/
dists/lucid-proposed/main/binary-amd64/Packages.bz2
dists/lucid-proposed/main/binary-amd64/Packages.gz
dists/lucid-proposed/main/binary-amd64/Release
dists/lucid-proposed/main/binary-i386/
dists/lucid-proposed/main/binary-i386/Packages.bz2
dists/lucid-proposed/main/binary-i386/Packages.gz
dists/lucid-proposed/main/binary-i386/Release
dists/lucid-proposed/main/debian-installer/
dists/lucid-proposed/main/debian-installer/binary-amd64/
dists/lucid-proposed/main/debian-installer/binary-amd64/Packages.bz2
dists/lucid-proposed/main/debian-installer/binary-amd64/Packages.gz
dists/lucid-proposed/main/debian-installer/binary-i386/
dists/lucid-proposed/main/debian-installer/binary-i386/Packages.bz2
dists/lucid-proposed/main/debian-installer/binary-i386/Packages.gz
dists/lucid-proposed/main/dist-upgrader-all/
dists/lucid-proposed/main/dist-upgrader-all/0.134.11/
dists/lucid-proposed/main/dist-upgrader-all/0.134.12.1/
dists/lucid-proposed/main/dist-upgrader-all/0.134.12/
dists/lucid-proposed/main/i18n/
dists/lucid-proposed/main/i18n/Index
dists/lucid-proposed/main/installer-amd64/
dists/lucid-proposed/main/installer-amd64/20081029ubuntu102.16/
dists/lucid-proposed/main/installer-amd64/20081029ubuntu102.16/images/
dists/lucid-proposed/main/installer-amd64/20081029ubuntu102.16/images/cdrom/
dists/lucid-proposed/main/installer-amd64/20081029ubuntu102.16/images/hd-media/
dists/lucid-proposed/main/installer-amd64/20081029ubuntu102.16/images/maverick-cdrom/
dists/lucid-proposed/main/installer-amd64/20081029ubuntu102.16/images/maverick-hd-media/
dists/lucid-proposed/main/installer-amd64/20081029ubuntu102.16/images/maverick-netboot/
dists/lucid-proposed/main/installer-amd64/20081029ubuntu102.16/images/maverick-netboot/ubuntu-installer/
dists/lucid-proposed/main/installer-amd64/20081029ubuntu102.16/images/maverick-netboot/ubuntu-installer/amd64/
dists/lucid-proposed/main/installer-amd64/20081029ubuntu102.16/images/maverick-netboot/ubuntu-installer/amd64/boot-screens/
dists/lucid-proposed/main/installer-amd64/20081029ubuntu102.16/images/maverick-netboot/ubuntu-installer/amd64/pxelinux.cfg/
dists/lucid-proposed/main/installer-amd64/20081029ubuntu102.16/images/maverick-netboot/xen/
dists/lucid-proposed/main/installer-amd64/20081029ubuntu102.16/images/natty-cdrom/
dists/lucid-proposed/main/installer-amd64/20081029ubuntu102.16/images/natty-hd-media/
dists/lucid-proposed/main/installer-amd64/20081029ubuntu102.16/images/natty-netboot/
dists/lucid-proposed/main/installer-amd64/20081029ubuntu102.16/images/natty-netboot/ubuntu-installer/
dists/lucid-proposed/main/installer-amd64/20081029ubuntu102.16/images/natty-netboot/ubuntu-installer/amd64/
dists/lucid-proposed/main/installer-amd64/20081029ubuntu102.16/images/natty-netboot/ubuntu-installer/amd64/boot-screens/
dists/lucid-proposed/main/installer-amd64/20081029ubuntu102.16/images/natty-netboot/ubuntu-installer/amd64/pxelinux.cfg/
dists/lucid-proposed/main/installer-amd64/20081029ubuntu102.16/images/natty-netboot/xen/
dists/lucid-proposed/main/installer-amd64/20081029ubuntu102.16/images/netboot/
dists/lucid-proposed/main/installer-amd64/20081029ubuntu102.16/images/netboot/ubuntu-installer/
dists/lucid-proposed/main/installer-amd64/20081029ubuntu102.16/images/netboot/ubuntu-installer/amd64/
dists/lucid-proposed/main/installer-amd64/20081029ubuntu102.16/images/netboot/ubuntu-installer/amd64/boot-screens/
dists/lucid-proposed/main/installer-amd64/20081029ubuntu102.16/images/netboot/ubuntu-installer/amd64/pxelinux.cfg/
dists/lucid-proposed/main/installer-amd64/20081029ubuntu102.16/images/netboot/xen/
dists/lucid-proposed/main/installer-amd64/20081029ubuntu102.16/images/oneiric-cdrom/
dists/lucid-proposed/main/installer-amd64/20081029ubuntu102.16/images/oneiric-hd-media/
dists/lucid-proposed/main/installer-amd64/20081029ubuntu102.16/images/oneiric-netboot/
dists/lucid-proposed/main/installer-amd64/20081029ubuntu102.16/images/oneiric-netboot/ubuntu-installer/
dists/lucid-proposed/main/installer-amd64/20081029ubuntu102.16/images/oneiric-netboot/ubuntu-installer/amd64/
dists/lucid-proposed/main/installer-amd64/20081029ubuntu102.16/images/oneiric-netboot/ubuntu-installer/amd64/boot-screens/
dists/lucid-proposed/main/installer-amd64/20081029ubuntu102.16/images/oneiric-netboot/ubuntu-installer/amd64/pxelinux.cfg/
dists/lucid-proposed/main/installer-amd64/20081029ubuntu102.16/images/oneiric-netboot/xen/
dists/lucid-proposed/main/installer-amd64/20081029ubuntu102.17/
dists/lucid-proposed/main/installer-amd64/20081029ubuntu102.17/images/
dists/lucid-proposed/main/installer-amd64/20081029ubuntu102.17/images/cdrom/
dists/lucid-proposed/main/installer-amd64/20081029ubuntu102.17/images/hd-media/
dists/lucid-proposed/main/installer-amd64/20081029ubuntu102.17/images/maverick-cdrom/
dists/lucid-proposed/main/installer-amd64/20081029ubuntu102.17/images/maverick-hd-media/
dists/lucid-proposed/main/installer-amd64/20081029ubuntu102.17/images/maverick-netboot/
dists/lucid-proposed/main/installer-amd64/20081029ubuntu102.17/images/maverick-netboot/ubuntu-installer/
dists/lucid-proposed/main/installer-amd64/20081029ubuntu102.17/images/maverick-netboot/ubuntu-installer/amd64/
dists/lucid-proposed/main/installer-amd64/20081029ubuntu102.17/images/maverick-netboot/ubuntu-installer/amd64/boot-screens/
dists/lucid-proposed/main/installer-amd64/20081029ubuntu102.17/images/maverick-netboot/ubuntu-installer/amd64/pxelinux.cfg/
dists/lucid-proposed/main/installer-amd64/20081029ubuntu102.17/images/maverick-netboot/xen/
dists/lucid-proposed/main/installer-amd64/20081029ubuntu102.17/images/natty-cdrom/
dists/lucid-proposed/main/installer-amd64/20081029ubuntu102.17/images/natty-hd-media/
dists/lucid-proposed/main/installer-amd64/20081029ubuntu102.17/images/natty-netboot/
dists/lucid-proposed/main/installer-amd64/20081029ubuntu102.17/images/natty-netboot/ubuntu-installer/
dists/lucid-proposed/main/installer-amd64/20081029ubuntu102.17/images/natty-netboot/ubuntu-installer/amd64/
dists/lucid-proposed/main/installer-amd64/20081029ubuntu102.17/images/natty-netboot/ubuntu-installer/amd64/boot-screens/
dists/lucid-proposed/main/installer-amd64/20081029ubuntu102.17/images/natty-netboot/ubuntu-installer/amd64/pxelinux.cfg/
dists/lucid-proposed/main/installer-amd64/20081029ubuntu102.17/images/natty-netboot/xen/
dists/lucid-proposed/main/installer-amd64/20081029ubuntu102.17/images/netboot/
dists/lucid-proposed/main/installer-amd64/20081029ubuntu102.17/images/netboot/ubuntu-installer/
dists/lucid-proposed/main/installer-amd64/20081029ubuntu102.17/images/netboot/ubuntu-installer/amd64/
dists/lucid-proposed/main/installer-amd64/20081029ubuntu102.17/images/netboot/ubuntu-installer/amd64/boot-screens/
dists/lucid-proposed/main/installer-amd64/20081029ubuntu102.17/images/netboot/ubuntu-installer/amd64/pxelinux.cfg/
dists/lucid-proposed/main/installer-amd64/20081029ubuntu102.17/images/netboot/xen/
dists/lucid-proposed/main/installer-amd64/20081029ubuntu102.17/images/oneiric-cdrom/
dists/lucid-proposed/main/installer-amd64/20081029ubuntu102.17/images/oneiric-hd-media/
dists/lucid-proposed/main/installer-amd64/20081029ubuntu102.17/images/oneiric-netboot/
dists/lucid-proposed/main/installer-amd64/20081029ubuntu102.17/images/oneiric-netboot/ubuntu-installer/
dists/lucid-proposed/main/installer-amd64/20081029ubuntu102.17/images/oneiric-netboot/ubuntu-installer/amd64/
dists/lucid-proposed/main/installer-amd64/20081029ubuntu102.17/images/oneiric-netboot/ubuntu-installer/amd64/boot-screens/
dists/lucid-proposed/main/installer-amd64/20081029ubuntu102.17/images/oneiric-netboot/ubuntu-installer/amd64/pxelinux.cfg/
dists/lucid-proposed/main/installer-amd64/20081029ubuntu102.17/images/oneiric-netboot/xen/
dists/lucid-proposed/main/installer-amd64/20081029ubuntu102.18/
dists/lucid-proposed/main/installer-amd64/20081029ubuntu102.18/images/
dists/lucid-proposed/main/installer-amd64/20081029ubuntu102.18/images/cdrom/
dists/lucid-proposed/main/installer-amd64/20081029ubuntu102.18/images/hd-media/
dists/lucid-proposed/main/installer-amd64/20081029ubuntu102.18/images/maverick-cdrom/
dists/lucid-proposed/main/installer-amd64/20081029ubuntu102.18/images/maverick-hd-media/
dists/lucid-proposed/main/installer-amd64/20081029ubuntu102.18/images/maverick-netboot/
dists/lucid-proposed/main/installer-amd64/20081029ubuntu102.18/images/maverick-netboot/ubuntu-installer/
dists/lucid-proposed/main/installer-amd64/20081029ubuntu102.18/images/maverick-netboot/ubuntu-installer/amd64/
dists/lucid-proposed/main/installer-amd64/20081029ubuntu102.18/images/maverick-netboot/ubuntu-installer/amd64/boot-screens/
dists/lucid-proposed/main/installer-amd64/20081029ubuntu102.18/images/maverick-netboot/ubuntu-installer/amd64/pxelinux.cfg/
dists/lucid-proposed/main/installer-amd64/20081029ubuntu102.18/images/maverick-netboot/xen/
dists/lucid-proposed/main/installer-amd64/20081029ubuntu102.18/images/natty-cdrom/
dists/lucid-proposed/main/installer-amd64/20081029ubuntu102.18/images/natty-hd-media/
dists/lucid-proposed/main/installer-amd64/20081029ubuntu102.18/images/natty-netboot/
dists/lucid-proposed/main/installer-amd64/20081029ubuntu102.18/images/natty-netboot/ubuntu-installer/
dists/lucid-proposed/main/installer-amd64/20081029ubuntu102.18/images/natty-netboot/ubuntu-installer/amd64/
dists/lucid-proposed/main/installer-amd64/20081029ubuntu102.18/images/natty-netboot/ubuntu-installer/amd64/boot-screens/
dists/lucid-proposed/main/installer-amd64/20081029ubuntu102.18/images/natty-netboot/ubuntu-installer/amd64/pxelinux.cfg/
dists/lucid-proposed/main/installer-amd64/20081029ubuntu102.18/images/natty-netboot/xen/
dists/lucid-proposed/main/installer-amd64/20081029ubuntu102.18/images/netboot/
dists/lucid-proposed/main/installer-amd64/20081029ubuntu102.18/images/netboot/ubuntu-installer/
dists/lucid-proposed/main/installer-amd64/20081029ubuntu102.18/images/netboot/ubuntu-installer/amd64/
dists/lucid-proposed/main/installer-amd64/20081029ubuntu102.18/images/netboot/ubuntu-installer/amd64/boot-screens/
dists/lucid-proposed/main/installer-amd64/20081029ubuntu102.18/images/netboot/ubuntu-installer/amd64/pxelinux.cfg/
dists/lucid-proposed/main/installer-amd64/20081029ubuntu102.18/images/netboot/xen/
dists/lucid-proposed/main/installer-amd64/20081029ubuntu102.18/images/oneiric-cdrom/
dists/lucid-proposed/main/installer-amd64/20081029ubuntu102.18/images/oneiric-hd-media/
dists/lucid-proposed/main/installer-amd64/20081029ubuntu102.18/images/oneiric-netboot/
dists/lucid-proposed/main/installer-amd64/20081029ubuntu102.18/images/oneiric-netboot/ubuntu-installer/
dists/lucid-proposed/main/installer-amd64/20081029ubuntu102.18/images/oneiric-netboot/ubuntu-installer/amd64/
dists/lucid-proposed/main/installer-amd64/20081029ubuntu102.18/images/oneiric-netboot/ubuntu-installer/amd64/boot-screens/
dists/lucid-proposed/main/installer-amd64/20081029ubuntu102.18/images/oneiric-netboot/ubuntu-installer/amd64/pxelinux.cfg/
dists/lucid-proposed/main/installer-amd64/20081029ubuntu102.18/images/oneiric-netboot/xen/
dists/lucid-proposed/main/installer-i386/
dists/lucid-proposed/main/installer-i386/20081029ubuntu102.16/
dists/lucid-proposed/main/installer-i386/20081029ubuntu102.16/images/
dists/lucid-proposed/main/installer-i386/20081029ubuntu102.16/images/cdrom/
dists/lucid-proposed/main/installer-i386/20081029ubuntu102.16/images/hd-media/
dists/lucid-proposed/main/installer-i386/20081029ubuntu102.16/images/maverick-cdrom/
dists/lucid-proposed/main/installer-i386/20081029ubuntu102.16/images/maverick-hd-media/
dists/lucid-proposed/main/installer-i386/20081029ubuntu102.16/images/maverick-netboot/
dists/lucid-proposed/main/installer-i386/20081029ubuntu102.16/images/maverick-netboot/ubuntu-installer/
dists/lucid-proposed/main/installer-i386/20081029ubuntu102.16/images/maverick-netboot/ubuntu-installer/i386/
dists/lucid-proposed/main/installer-i386/20081029ubuntu102.16/images/maverick-netboot/ubuntu-installer/i386/boot-screens/
dists/lucid-proposed/main/installer-i386/20081029ubuntu102.16/images/maverick-netboot/ubuntu-installer/i386/pxelinux.cfg/
dists/lucid-proposed/main/installer-i386/20081029ubuntu102.16/images/maverick-netboot/xen/
dists/lucid-proposed/main/installer-i386/20081029ubuntu102.16/images/natty-cdrom/
dists/lucid-proposed/main/installer-i386/20081029ubuntu102.16/images/natty-hd-media/
dists/lucid-proposed/main/installer-i386/20081029ubuntu102.16/images/natty-netboot/
dists/lucid-proposed/main/installer-i386/20081029ubuntu102.16/images/natty-netboot/ubuntu-installer/
dists/lucid-proposed/main/installer-i386/20081029ubuntu102.16/images/natty-netboot/ubuntu-installer/i386/
dists/lucid-proposed/main/installer-i386/20081029ubuntu102.16/images/natty-netboot/ubuntu-installer/i386/boot-screens/
dists/lucid-proposed/main/installer-i386/20081029ubuntu102.16/images/natty-netboot/ubuntu-installer/i386/pxelinux.cfg/
dists/lucid-proposed/main/installer-i386/20081029ubuntu102.16/images/natty-netboot/xen/
dists/lucid-proposed/main/installer-i386/20081029ubuntu102.16/images/netboot/
dists/lucid-proposed/main/installer-i386/20081029ubuntu102.16/images/netboot/ubuntu-installer/
dists/lucid-proposed/main/installer-i386/20081029ubuntu102.16/images/netboot/ubuntu-installer/i386/
dists/lucid-proposed/main/installer-i386/20081029ubuntu102.16/images/netboot/ubuntu-installer/i386/boot-screens/
dists/lucid-proposed/main/installer-i386/20081029ubuntu102.16/images/netboot/ubuntu-installer/i386/pxelinux.cfg/
dists/lucid-proposed/main/installer-i386/20081029ubuntu102.16/images/netboot/xen/
dists/lucid-proposed/main/installer-i386/20081029ubuntu102.16/images/oneiric-cdrom/
dists/lucid-proposed/main/installer-i386/20081029ubuntu102.16/images/oneiric-hd-media/
dists/lucid-proposed/main/installer-i386/20081029ubuntu102.16/images/oneiric-netboot/
dists/lucid-proposed/main/installer-i386/20081029ubuntu102.16/images/oneiric-netboot/ubuntu-installer/
dists/lucid-proposed/main/installer-i386/20081029ubuntu102.16/images/oneiric-netboot/ubuntu-installer/i386/
dists/lucid-proposed/main/installer-i386/20081029ubuntu102.16/images/oneiric-netboot/ubuntu-installer/i386/boot-screens/
dists/lucid-proposed/main/installer-i386/20081029ubuntu102.16/images/oneiric-netboot/ubuntu-installer/i386/pxelinux.cfg/
dists/lucid-proposed/main/installer-i386/20081029ubuntu102.16/images/oneiric-netboot/xen/
dists/lucid-proposed/main/installer-i386/20081029ubuntu102.17/
dists/lucid-proposed/main/installer-i386/20081029ubuntu102.17/images/
dists/lucid-proposed/main/installer-i386/20081029ubuntu102.17/images/cdrom/
dists/lucid-proposed/main/installer-i386/20081029ubuntu102.17/images/hd-media/
dists/lucid-proposed/main/installer-i386/20081029ubuntu102.17/images/maverick-cdrom/
dists/lucid-proposed/main/installer-i386/20081029ubuntu102.17/images/maverick-hd-media/
dists/lucid-proposed/main/installer-i386/20081029ubuntu102.17/images/maverick-netboot/
dists/lucid-proposed/main/installer-i386/20081029ubuntu102.17/images/maverick-netboot/ubuntu-installer/
dists/lucid-proposed/main/installer-i386/20081029ubuntu102.17/images/maverick-netboot/ubuntu-installer/i386/
dists/lucid-proposed/main/installer-i386/20081029ubuntu102.17/images/maverick-netboot/ubuntu-installer/i386/boot-screens/
dists/lucid-proposed/main/installer-i386/20081029ubuntu102.17/images/maverick-netboot/ubuntu-installer/i386/pxelinux.cfg/
dists/lucid-proposed/main/installer-i386/20081029ubuntu102.17/images/maverick-netboot/xen/
dists/lucid-proposed/main/installer-i386/20081029ubuntu102.17/images/natty-cdrom/
dists/lucid-proposed/main/installer-i386/20081029ubuntu102.17/images/natty-hd-media/
dists/lucid-proposed/main/installer-i386/20081029ubuntu102.17/images/natty-netboot/
dists/lucid-proposed/main/installer-i386/20081029ubuntu102.17/images/natty-netboot/ubuntu-installer/
dists/lucid-proposed/main/installer-i386/20081029ubuntu102.17/images/natty-netboot/ubuntu-installer/i386/
dists/lucid-proposed/main/installer-i386/20081029ubuntu102.17/images/natty-netboot/ubuntu-installer/i386/boot-screens/
dists/lucid-proposed/main/installer-i386/20081029ubuntu102.17/images/natty-netboot/ubuntu-installer/i386/pxelinux.cfg/
dists/lucid-proposed/main/installer-i386/20081029ubuntu102.17/images/natty-netboot/xen/
dists/lucid-proposed/main/installer-i386/20081029ubuntu102.17/images/netboot/
dists/lucid-proposed/main/installer-i386/20081029ubuntu102.17/images/netboot/ubuntu-installer/
dists/lucid-proposed/main/installer-i386/20081029ubuntu102.17/images/netboot/ubuntu-installer/i386/
dists/lucid-proposed/main/installer-i386/20081029ubuntu102.17/images/netboot/ubuntu-installer/i386/boot-screens/
dists/lucid-proposed/main/installer-i386/20081029ubuntu102.17/images/netboot/ubuntu-installer/i386/pxelinux.cfg/
dists/lucid-proposed/main/installer-i386/20081029ubuntu102.17/images/netboot/xen/
dists/lucid-proposed/main/installer-i386/20081029ubuntu102.17/images/oneiric-cdrom/
dists/lucid-proposed/main/installer-i386/20081029ubuntu102.17/images/oneiric-hd-media/
dists/lucid-proposed/main/installer-i386/20081029ubuntu102.17/images/oneiric-netboot/
dists/lucid-proposed/main/installer-i386/20081029ubuntu102.17/images/oneiric-netboot/ubuntu-installer/
dists/lucid-proposed/main/installer-i386/20081029ubuntu102.17/images/oneiric-netboot/ubuntu-installer/i386/
dists/lucid-proposed/main/installer-i386/20081029ubuntu102.17/images/oneiric-netboot/ubuntu-installer/i386/boot-screens/
dists/lucid-proposed/main/installer-i386/20081029ubuntu102.17/images/oneiric-netboot/ubuntu-installer/i386/pxelinux.cfg/
dists/lucid-proposed/main/installer-i386/20081029ubuntu102.17/images/oneiric-netboot/xen/
dists/lucid-proposed/main/installer-i386/20081029ubuntu102.18/
dists/lucid-proposed/main/installer-i386/20081029ubuntu102.18/images/
dists/lucid-proposed/main/installer-i386/20081029ubuntu102.18/images/cdrom/
dists/lucid-proposed/main/installer-i386/20081029ubuntu102.18/images/hd-media/
dists/lucid-proposed/main/installer-i386/20081029ubuntu102.18/images/maverick-cdrom/
dists/lucid-proposed/main/installer-i386/20081029ubuntu102.18/images/maverick-hd-media/
dists/lucid-proposed/main/installer-i386/20081029ubuntu102.18/images/maverick-netboot/
dists/lucid-proposed/main/installer-i386/20081029ubuntu102.18/images/maverick-netboot/ubuntu-installer/
dists/lucid-proposed/main/installer-i386/20081029ubuntu102.18/images/maverick-netboot/ubuntu-installer/i386/
dists/lucid-proposed/main/installer-i386/20081029ubuntu102.18/images/maverick-netboot/ubuntu-installer/i386/boot-screens/
dists/lucid-proposed/main/installer-i386/20081029ubuntu102.18/images/maverick-netboot/ubuntu-installer/i386/pxelinux.cfg/
dists/lucid-proposed/main/installer-i386/20081029ubuntu102.18/images/maverick-netboot/xen/
dists/lucid-proposed/main/installer-i386/20081029ubuntu102.18/images/natty-cdrom/
dists/lucid-proposed/main/installer-i386/20081029ubuntu102.18/images/natty-hd-media/
dists/lucid-proposed/main/installer-i386/20081029ubuntu102.18/images/natty-netboot/
dists/lucid-proposed/main/installer-i386/20081029ubuntu102.18/images/natty-netboot/ubuntu-installer/
dists/lucid-proposed/main/installer-i386/20081029ubuntu102.18/images/natty-netboot/ubuntu-installer/i386/
dists/lucid-proposed/main/installer-i386/20081029ubuntu102.18/images/natty-netboot/ubuntu-installer/i386/boot-screens/
dists/lucid-proposed/main/installer-i386/20081029ubuntu102.18/images/natty-netboot/ubuntu-installer/i386/pxelinux.cfg/
dists/lucid-proposed/main/installer-i386/20081029ubuntu102.18/images/natty-netboot/xen/
dists/lucid-proposed/main/installer-i386/20081029ubuntu102.18/images/netboot/
dists/lucid-proposed/main/installer-i386/20081029ubuntu102.18/images/netboot/ubuntu-installer/
dists/lucid-proposed/main/installer-i386/20081029ubuntu102.18/images/netboot/ubuntu-installer/i386/
dists/lucid-proposed/main/installer-i386/20081029ubuntu102.18/images/netboot/ubuntu-installer/i386/boot-screens/
dists/lucid-proposed/main/installer-i386/20081029ubuntu102.18/images/netboot/ubuntu-installer/i386/pxelinux.cfg/
dists/lucid-proposed/main/installer-i386/20081029ubuntu102.18/images/netboot/xen/
dists/lucid-proposed/main/installer-i386/20081029ubuntu102.18/images/oneiric-cdrom/
dists/lucid-proposed/main/installer-i386/20081029ubuntu102.18/images/oneiric-hd-media/
dists/lucid-proposed/main/installer-i386/20081029ubuntu102.18/images/oneiric-netboot/
dists/lucid-proposed/main/installer-i386/20081029ubuntu102.18/images/oneiric-netboot/ubuntu-installer/
dists/lucid-proposed/main/installer-i386/20081029ubuntu102.18/images/oneiric-netboot/ubuntu-installer/i386/
dists/lucid-proposed/main/installer-i386/20081029ubuntu102.18/images/oneiric-netboot/ubuntu-installer/i386/boot-screens/
dists/lucid-proposed/main/installer-i386/20081029ubuntu102.18/images/oneiric-netboot/ubuntu-installer/i386/pxelinux.cfg/
dists/lucid-proposed/main/installer-i386/20081029ubuntu102.18/images/oneiric-netboot/xen/
dists/lucid-proposed/main/source/
dists/lucid-proposed/main/source/Release
dists/lucid-proposed/main/source/Sources.bz2
dists/lucid-proposed/main/source/Sources.gz
dists/lucid-proposed/multiverse/
dists/lucid-proposed/multiverse/binary-amd64/
dists/lucid-proposed/multiverse/binary-amd64/Packages.bz2
dists/lucid-proposed/multiverse/binary-amd64/Packages.gz
dists/lucid-proposed/multiverse/binary-amd64/Release
dists/lucid-proposed/multiverse/binary-i386/
dists/lucid-proposed/multiverse/binary-i386/Packages.bz2
dists/lucid-proposed/multiverse/binary-i386/Packages.gz
dists/lucid-proposed/multiverse/binary-i386/Release
dists/lucid-proposed/multiverse/debian-installer/
dists/lucid-proposed/multiverse/debian-installer/binary-amd64/
dists/lucid-proposed/multiverse/debian-installer/binary-amd64/Packages.bz2
dists/lucid-proposed/multiverse/debian-installer/binary-amd64/Packages.gz
dists/lucid-proposed/multiverse/debian-installer/binary-i386/
dists/lucid-proposed/multiverse/debian-installer/binary-i386/Packages.bz2
dists/lucid-proposed/multiverse/debian-installer/binary-i386/Packages.gz
dists/lucid-proposed/multiverse/i18n/
dists/lucid-proposed/multiverse/i18n/Index
dists/lucid-proposed/multiverse/source/
dists/lucid-proposed/multiverse/source/Release
dists/lucid-proposed/multiverse/source/Sources.bz2
dists/lucid-proposed/multiverse/source/Sources.gz
dists/lucid-proposed/restricted/
dists/lucid-proposed/restricted/binary-amd64/
dists/lucid-proposed/restricted/binary-amd64/Packages.bz2
dists/lucid-proposed/restricted/binary-amd64/Packages.gz
dists/lucid-proposed/restricted/binary-amd64/Release
dists/lucid-proposed/restricted/binary-i386/
dists/lucid-proposed/restricted/binary-i386/Packages.bz2
dists/lucid-proposed/restricted/binary-i386/Packages.gz
dists/lucid-proposed/restricted/binary-i386/Release
dists/lucid-proposed/restricted/debian-installer/
dists/lucid-proposed/restricted/debian-installer/binary-amd64/
dists/lucid-proposed/restricted/debian-installer/binary-amd64/Packages.bz2
dists/lucid-proposed/restricted/debian-installer/binary-amd64/Packages.gz
dists/lucid-proposed/restricted/debian-installer/binary-i386/
dists/lucid-proposed/restricted/debian-installer/binary-i386/Packages.bz2
dists/lucid-proposed/restricted/debian-installer/binary-i386/Packages.gz
dists/lucid-proposed/restricted/i18n/
dists/lucid-proposed/restricted/i18n/Index
dists/lucid-proposed/restricted/source/
dists/lucid-proposed/restricted/source/Release
dists/lucid-proposed/restricted/source/Sources.bz2
dists/lucid-proposed/restricted/source/Sources.gz
dists/lucid-proposed/universe/
dists/lucid-proposed/universe/binary-amd64/
dists/lucid-proposed/universe/binary-amd64/Packages.bz2
dists/lucid-proposed/universe/binary-amd64/Packages.gz
dists/lucid-proposed/universe/binary-amd64/Release
dists/lucid-proposed/universe/binary-i386/
dists/lucid-proposed/universe/binary-i386/Packages.bz2
dists/lucid-proposed/universe/binary-i386/Packages.gz
dists/lucid-proposed/universe/binary-i386/Release
dists/lucid-proposed/universe/debian-installer/
dists/lucid-proposed/universe/debian-installer/binary-amd64/
dists/lucid-proposed/universe/debian-installer/binary-amd64/Packages.bz2
dists/lucid-proposed/universe/debian-installer/binary-amd64/Packages.gz
dists/lucid-proposed/universe/debian-installer/binary-i386/
dists/lucid-proposed/universe/debian-installer/binary-i386/Packages.bz2
dists/lucid-proposed/universe/debian-installer/binary-i386/Packages.gz
dists/lucid-proposed/universe/i18n/
dists/lucid-proposed/universe/i18n/Index
dists/lucid-proposed/universe/source/
dists/lucid-proposed/universe/source/Release
dists/lucid-proposed/universe/source/Sources.bz2
dists/lucid-proposed/universe/source/Sources.gz
dists/lucid-security/
dists/lucid-security/Release
dists/lucid-security/Release.gpg
dists/lucid-security/main/
dists/lucid-security/main/binary-amd64/
dists/lucid-security/main/binary-amd64/Packages.bz2
dists/lucid-security/main/binary-amd64/Packages.gz
dists/lucid-security/main/binary-amd64/Release
dists/lucid-security/main/binary-i386/
dists/lucid-security/main/binary-i386/Packages.bz2
dists/lucid-security/main/binary-i386/Packages.gz
dists/lucid-security/main/binary-i386/Release
dists/lucid-security/main/debian-installer/
dists/lucid-security/main/debian-installer/binary-amd64/
dists/lucid-security/main/debian-installer/binary-amd64/Packages.bz2
dists/lucid-security/main/debian-installer/binary-amd64/Packages.gz
dists/lucid-security/main/debian-installer/binary-i386/
dists/lucid-security/main/debian-installer/binary-i386/Packages.bz2
dists/lucid-security/main/debian-installer/binary-i386/Packages.gz
dists/lucid-security/main/dist-upgrader-all/
dists/lucid-security/main/dist-upgrader-all/0.134.11.1/
dists/lucid-security/main/dist-upgrader-all/0.134.11.2/
dists/lucid-security/main/source/
dists/lucid-security/main/source/Release
dists/lucid-security/main/source/Sources.bz2
dists/lucid-security/main/source/Sources.gz
dists/lucid-security/multiverse/
dists/lucid-security/multiverse/binary-amd64/
dists/lucid-security/multiverse/binary-amd64/Packages.bz2
dists/lucid-security/multiverse/binary-amd64/Packages.gz
dists/lucid-security/multiverse/binary-amd64/Release
dists/lucid-security/multiverse/binary-i386/
dists/lucid-security/multiverse/binary-i386/Packages.bz2
dists/lucid-security/multiverse/binary-i386/Packages.gz
dists/lucid-security/multiverse/binary-i386/Release
dists/lucid-security/multiverse/debian-installer/
dists/lucid-security/multiverse/debian-installer/binary-amd64/
dists/lucid-security/multiverse/debian-installer/binary-amd64/Packages.bz2
dists/lucid-security/multiverse/debian-installer/binary-amd64/Packages.gz
dists/lucid-security/multiverse/debian-installer/binary-i386/
dists/lucid-security/multiverse/debian-installer/binary-i386/Packages.bz2
dists/lucid-security/multiverse/debian-installer/binary-i386/Packages.gz
dists/lucid-security/multiverse/source/
dists/lucid-security/multiverse/source/Release
dists/lucid-security/multiverse/source/Sources.bz2
dists/lucid-security/multiverse/source/Sources.gz
dists/lucid-security/restricted/
dists/lucid-security/restricted/binary-amd64/
dists/lucid-security/restricted/binary-amd64/Packages.bz2
dists/lucid-security/restricted/binary-amd64/Packages.gz
dists/lucid-security/restricted/binary-amd64/Release
dists/lucid-security/restricted/binary-i386/
dists/lucid-security/restricted/binary-i386/Packages.bz2
dists/lucid-security/restricted/binary-i386/Packages.gz
dists/lucid-security/restricted/binary-i386/Release
dists/lucid-security/restricted/debian-installer/
dists/lucid-security/restricted/debian-installer/binary-amd64/
dists/lucid-security/restricted/debian-installer/binary-amd64/Packages.bz2
dists/lucid-security/restricted/debian-installer/binary-amd64/Packages.gz
dists/lucid-security/restricted/debian-installer/binary-i386/
dists/lucid-security/restricted/debian-installer/binary-i386/Packages.bz2
dists/lucid-security/restricted/debian-installer/binary-i386/Packages.gz
dists/lucid-security/restricted/source/
dists/lucid-security/restricted/source/Release
dists/lucid-security/restricted/source/Sources.bz2
dists/lucid-security/restricted/source/Sources.gz
dists/lucid-security/universe/
dists/lucid-security/universe/binary-amd64/
dists/lucid-security/universe/binary-amd64/Packages.bz2
dists/lucid-security/universe/binary-amd64/Packages.gz
dists/lucid-security/universe/binary-amd64/Release
dists/lucid-security/universe/binary-i386/
dists/lucid-security/universe/binary-i386/Packages.bz2
dists/lucid-security/universe/binary-i386/Packages.gz
dists/lucid-security/universe/binary-i386/Release
dists/lucid-security/universe/debian-installer/
dists/lucid-security/universe/debian-installer/binary-amd64/
dists/lucid-security/universe/debian-installer/binary-amd64/Packages.bz2
dists/lucid-security/universe/debian-installer/binary-amd64/Packages.gz
dists/lucid-security/universe/debian-installer/binary-i386/
dists/lucid-security/universe/debian-installer/binary-i386/Packages.bz2
dists/lucid-security/universe/debian-installer/binary-i386/Packages.gz
dists/lucid-security/universe/source/
dists/lucid-security/universe/source/Release
dists/lucid-security/universe/source/Sources.bz2
dists/lucid-security/universe/source/Sources.gz
dists/lucid-updates/
dists/lucid-updates/Release
dists/lucid-updates/Release.gpg
dists/lucid-updates/main/
dists/lucid-updates/main/binary-amd64/
dists/lucid-updates/main/binary-amd64/Packages.bz2
dists/lucid-updates/main/binary-amd64/Packages.gz
dists/lucid-updates/main/binary-amd64/Release
dists/lucid-updates/main/binary-i386/
dists/lucid-updates/main/binary-i386/Packages.bz2
dists/lucid-updates/main/binary-i386/Packages.gz
dists/lucid-updates/main/binary-i386/Release
dists/lucid-updates/main/debian-installer/
dists/lucid-updates/main/debian-installer/binary-amd64/
dists/lucid-updates/main/debian-installer/binary-amd64/Packages.bz2
dists/lucid-updates/main/debian-installer/binary-amd64/Packages.gz
dists/lucid-updates/main/debian-installer/binary-i386/
dists/lucid-updates/main/debian-installer/binary-i386/Packages.bz2
dists/lucid-updates/main/debian-installer/binary-i386/Packages.gz
dists/lucid-updates/main/dist-upgrader-all/
dists/lucid-updates/main/dist-upgrader-all/0.134.10/
dists/lucid-updates/main/dist-upgrader-all/0.134.11/
dists/lucid-updates/main/dist-upgrader-all/0.134.9/
dists/lucid-updates/main/i18n/
dists/lucid-updates/main/i18n/Index
dists/lucid-updates/main/installer-amd64/
dists/lucid-updates/main/installer-amd64/20081029ubuntu102.16/
dists/lucid-updates/main/installer-amd64/20081029ubuntu102.16/images/
dists/lucid-updates/main/installer-amd64/20081029ubuntu102.16/images/cdrom/
dists/lucid-updates/main/installer-amd64/20081029ubuntu102.16/images/hd-media/
dists/lucid-updates/main/installer-amd64/20081029ubuntu102.16/images/maverick-cdrom/
dists/lucid-updates/main/installer-amd64/20081029ubuntu102.16/images/maverick-hd-media/
dists/lucid-updates/main/installer-amd64/20081029ubuntu102.16/images/maverick-netboot/
dists/lucid-updates/main/installer-amd64/20081029ubuntu102.16/images/maverick-netboot/ubuntu-installer/
dists/lucid-updates/main/installer-amd64/20081029ubuntu102.16/images/maverick-netboot/ubuntu-installer/amd64/
dists/lucid-updates/main/installer-amd64/20081029ubuntu102.16/images/maverick-netboot/ubuntu-installer/amd64/boot-screens/
dists/lucid-updates/main/installer-amd64/20081029ubuntu102.16/images/maverick-netboot/ubuntu-installer/amd64/pxelinux.cfg/
dists/lucid-updates/main/installer-amd64/20081029ubuntu102.16/images/maverick-netboot/xen/
dists/lucid-updates/main/installer-amd64/20081029ubuntu102.16/images/natty-cdrom/
dists/lucid-updates/main/installer-amd64/20081029ubuntu102.16/images/natty-hd-media/
dists/lucid-updates/main/installer-amd64/20081029ubuntu102.16/images/natty-netboot/
dists/lucid-updates/main/installer-amd64/20081029ubuntu102.16/images/natty-netboot/ubuntu-installer/
dists/lucid-updates/main/installer-amd64/20081029ubuntu102.16/images/natty-netboot/ubuntu-installer/amd64/
dists/lucid-updates/main/installer-amd64/20081029ubuntu102.16/images/natty-netboot/ubuntu-installer/amd64/boot-screens/
dists/lucid-updates/main/installer-amd64/20081029ubuntu102.16/images/natty-netboot/ubuntu-installer/amd64/pxelinux.cfg/
dists/lucid-updates/main/installer-amd64/20081029ubuntu102.16/images/natty-netboot/xen/
dists/lucid-updates/main/installer-amd64/20081029ubuntu102.16/images/netboot/
dists/lucid-updates/main/installer-amd64/20081029ubuntu102.16/images/netboot/ubuntu-installer/
dists/lucid-updates/main/installer-amd64/20081029ubuntu102.16/images/netboot/ubuntu-installer/amd64/
dists/lucid-updates/main/installer-amd64/20081029ubuntu102.16/images/netboot/ubuntu-installer/amd64/boot-screens/
dists/lucid-updates/main/installer-amd64/20081029ubuntu102.16/images/netboot/ubuntu-installer/amd64/pxelinux.cfg/
dists/lucid-updates/main/installer-amd64/20081029ubuntu102.16/images/netboot/xen/
dists/lucid-updates/main/installer-amd64/20081029ubuntu102.16/images/oneiric-cdrom/
dists/lucid-updates/main/installer-amd64/20081029ubuntu102.16/images/oneiric-hd-media/
dists/lucid-updates/main/installer-amd64/20081029ubuntu102.16/images/oneiric-netboot/
dists/lucid-updates/main/installer-amd64/20081029ubuntu102.16/images/oneiric-netboot/ubuntu-installer/
dists/lucid-updates/main/installer-amd64/20081029ubuntu102.16/images/oneiric-netboot/ubuntu-installer/amd64/
dists/lucid-updates/main/installer-amd64/20081029ubuntu102.16/images/oneiric-netboot/ubuntu-installer/amd64/boot-screens/
dists/lucid-updates/main/installer-amd64/20081029ubuntu102.16/images/oneiric-netboot/ubuntu-installer/amd64/pxelinux.cfg/
dists/lucid-updates/main/installer-amd64/20081029ubuntu102.16/images/oneiric-netboot/xen/
dists/lucid-updates/main/installer-amd64/20081029ubuntu102.17/
dists/lucid-updates/main/installer-amd64/20081029ubuntu102.17/images/
dists/lucid-updates/main/installer-amd64/20081029ubuntu102.17/images/cdrom/
dists/lucid-updates/main/installer-amd64/20081029ubuntu102.17/images/hd-media/
dists/lucid-updates/main/installer-amd64/20081029ubuntu102.17/images/maverick-cdrom/
dists/lucid-updates/main/installer-amd64/20081029ubuntu102.17/images/maverick-hd-media/
dists/lucid-updates/main/installer-amd64/20081029ubuntu102.17/images/maverick-netboot/
dists/lucid-updates/main/installer-amd64/20081029ubuntu102.17/images/maverick-netboot/ubuntu-installer/
dists/lucid-updates/main/installer-amd64/20081029ubuntu102.17/images/maverick-netboot/ubuntu-installer/amd64/
dists/lucid-updates/main/installer-amd64/20081029ubuntu102.17/images/maverick-netboot/ubuntu-installer/amd64/boot-screens/
dists/lucid-updates/main/installer-amd64/20081029ubuntu102.17/images/maverick-netboot/ubuntu-installer/amd64/pxelinux.cfg/
dists/lucid-updates/main/installer-amd64/20081029ubuntu102.17/images/maverick-netboot/xen/
dists/lucid-updates/main/installer-amd64/20081029ubuntu102.17/images/natty-cdrom/
dists/lucid-updates/main/installer-amd64/20081029ubuntu102.17/images/natty-hd-media/
dists/lucid-updates/main/installer-amd64/20081029ubuntu102.17/images/natty-netboot/
dists/lucid-updates/main/installer-amd64/20081029ubuntu102.17/images/natty-netboot/ubuntu-installer/
dists/lucid-updates/main/installer-amd64/20081029ubuntu102.17/images/natty-netboot/ubuntu-installer/amd64/
dists/lucid-updates/main/installer-amd64/20081029ubuntu102.17/images/natty-netboot/ubuntu-installer/amd64/boot-screens/
dists/lucid-updates/main/installer-amd64/20081029ubuntu102.17/images/natty-netboot/ubuntu-installer/amd64/pxelinux.cfg/
dists/lucid-updates/main/installer-amd64/20081029ubuntu102.17/images/natty-netboot/xen/
dists/lucid-updates/main/installer-amd64/20081029ubuntu102.17/images/netboot/
dists/lucid-updates/main/installer-amd64/20081029ubuntu102.17/images/netboot/ubuntu-installer/
dists/lucid-updates/main/installer-amd64/20081029ubuntu102.17/images/netboot/ubuntu-installer/amd64/
dists/lucid-updates/main/installer-amd64/20081029ubuntu102.17/images/netboot/ubuntu-installer/amd64/boot-screens/
dists/lucid-updates/main/installer-amd64/20081029ubuntu102.17/images/netboot/ubuntu-installer/amd64/pxelinux.cfg/
dists/lucid-updates/main/installer-amd64/20081029ubuntu102.17/images/netboot/xen/
dists/lucid-updates/main/installer-amd64/20081029ubuntu102.17/images/oneiric-cdrom/
dists/lucid-updates/main/installer-amd64/20081029ubuntu102.17/images/oneiric-hd-media/
dists/lucid-updates/main/installer-amd64/20081029ubuntu102.17/images/oneiric-netboot/
dists/lucid-updates/main/installer-amd64/20081029ubuntu102.17/images/oneiric-netboot/ubuntu-installer/
dists/lucid-updates/main/installer-amd64/20081029ubuntu102.17/images/oneiric-netboot/ubuntu-installer/amd64/
dists/lucid-updates/main/installer-amd64/20081029ubuntu102.17/images/oneiric-netboot/ubuntu-installer/amd64/boot-screens/
dists/lucid-updates/main/installer-amd64/20081029ubuntu102.17/images/oneiric-netboot/ubuntu-installer/amd64/pxelinux.cfg/
dists/lucid-updates/main/installer-amd64/20081029ubuntu102.17/images/oneiric-netboot/xen/
dists/lucid-updates/main/installer-amd64/20081029ubuntu102.18/
dists/lucid-updates/main/installer-amd64/20081029ubuntu102.18/images/
dists/lucid-updates/main/installer-amd64/20081029ubuntu102.18/images/cdrom/
dists/lucid-updates/main/installer-amd64/20081029ubuntu102.18/images/hd-media/
dists/lucid-updates/main/installer-amd64/20081029ubuntu102.18/images/maverick-cdrom/
dists/lucid-updates/main/installer-amd64/20081029ubuntu102.18/images/maverick-hd-media/
dists/lucid-updates/main/installer-amd64/20081029ubuntu102.18/images/maverick-netboot/
dists/lucid-updates/main/installer-amd64/20081029ubuntu102.18/images/maverick-netboot/ubuntu-installer/
dists/lucid-updates/main/installer-amd64/20081029ubuntu102.18/images/maverick-netboot/ubuntu-installer/amd64/
dists/lucid-updates/main/installer-amd64/20081029ubuntu102.18/images/maverick-netboot/ubuntu-installer/amd64/boot-screens/
dists/lucid-updates/main/installer-amd64/20081029ubuntu102.18/images/maverick-netboot/ubuntu-installer/amd64/pxelinux.cfg/
dists/lucid-updates/main/installer-amd64/20081029ubuntu102.18/images/maverick-netboot/xen/
dists/lucid-updates/main/installer-amd64/20081029ubuntu102.18/images/natty-cdrom/
dists/lucid-updates/main/installer-amd64/20081029ubuntu102.18/images/natty-hd-media/
dists/lucid-updates/main/installer-amd64/20081029ubuntu102.18/images/natty-netboot/
dists/lucid-updates/main/installer-amd64/20081029ubuntu102.18/images/natty-netboot/ubuntu-installer/
dists/lucid-updates/main/installer-amd64/20081029ubuntu102.18/images/natty-netboot/ubuntu-installer/amd64/
dists/lucid-updates/main/installer-amd64/20081029ubuntu102.18/images/natty-netboot/ubuntu-installer/amd64/boot-screens/
dists/lucid-updates/main/installer-amd64/20081029ubuntu102.18/images/natty-netboot/ubuntu-installer/amd64/pxelinux.cfg/
dists/lucid-updates/main/installer-amd64/20081029ubuntu102.18/images/natty-netboot/xen/
dists/lucid-updates/main/installer-amd64/20081029ubuntu102.18/images/netboot/
dists/lucid-updates/main/installer-amd64/20081029ubuntu102.18/images/netboot/ubuntu-installer/
dists/lucid-updates/main/installer-amd64/20081029ubuntu102.18/images/netboot/ubuntu-installer/amd64/
dists/lucid-updates/main/installer-amd64/20081029ubuntu102.18/images/netboot/ubuntu-installer/amd64/boot-screens/
dists/lucid-updates/main/installer-amd64/20081029ubuntu102.18/images/netboot/ubuntu-installer/amd64/pxelinux.cfg/
dists/lucid-updates/main/installer-amd64/20081029ubuntu102.18/images/netboot/xen/
dists/lucid-updates/main/installer-amd64/20081029ubuntu102.18/images/oneiric-cdrom/
dists/lucid-updates/main/installer-amd64/20081029ubuntu102.18/images/oneiric-hd-media/
dists/lucid-updates/main/installer-amd64/20081029ubuntu102.18/images/oneiric-netboot/
dists/lucid-updates/main/installer-amd64/20081029ubuntu102.18/images/oneiric-netboot/ubuntu-installer/
dists/lucid-updates/main/installer-amd64/20081029ubuntu102.18/images/oneiric-netboot/ubuntu-installer/amd64/
dists/lucid-updates/main/installer-amd64/20081029ubuntu102.18/images/oneiric-netboot/ubuntu-installer/amd64/boot-screens/
dists/lucid-updates/main/installer-amd64/20081029ubuntu102.18/images/oneiric-netboot/ubuntu-installer/amd64/pxelinux.cfg/
dists/lucid-updates/main/installer-amd64/20081029ubuntu102.18/images/oneiric-netboot/xen/
dists/lucid-updates/main/installer-i386/
dists/lucid-updates/main/installer-i386/20081029ubuntu102.16/
dists/lucid-updates/main/installer-i386/20081029ubuntu102.16/images/
dists/lucid-updates/main/installer-i386/20081029ubuntu102.16/images/cdrom/
dists/lucid-updates/main/installer-i386/20081029ubuntu102.16/images/hd-media/
dists/lucid-updates/main/installer-i386/20081029ubuntu102.16/images/maverick-cdrom/
dists/lucid-updates/main/installer-i386/20081029ubuntu102.16/images/maverick-hd-media/
dists/lucid-updates/main/installer-i386/20081029ubuntu102.16/images/maverick-netboot/
dists/lucid-updates/main/installer-i386/20081029ubuntu102.16/images/maverick-netboot/ubuntu-installer/
dists/lucid-updates/main/installer-i386/20081029ubuntu102.16/images/maverick-netboot/ubuntu-installer/i386/
dists/lucid-updates/main/installer-i386/20081029ubuntu102.16/images/maverick-netboot/ubuntu-installer/i386/boot-screens/
dists/lucid-updates/main/installer-i386/20081029ubuntu102.16/images/maverick-netboot/ubuntu-installer/i386/pxelinux.cfg/
dists/lucid-updates/main/installer-i386/20081029ubuntu102.16/images/maverick-netboot/xen/
dists/lucid-updates/main/installer-i386/20081029ubuntu102.16/images/natty-cdrom/
dists/lucid-updates/main/installer-i386/20081029ubuntu102.16/images/natty-hd-media/
dists/lucid-updates/main/installer-i386/20081029ubuntu102.16/images/natty-netboot/
dists/lucid-updates/main/installer-i386/20081029ubuntu102.16/images/natty-netboot/ubuntu-installer/
dists/lucid-updates/main/installer-i386/20081029ubuntu102.16/images/natty-netboot/ubuntu-installer/i386/
dists/lucid-updates/main/installer-i386/20081029ubuntu102.16/images/natty-netboot/ubuntu-installer/i386/boot-screens/
dists/lucid-updates/main/installer-i386/20081029ubuntu102.16/images/natty-netboot/ubuntu-installer/i386/pxelinux.cfg/
dists/lucid-updates/main/installer-i386/20081029ubuntu102.16/images/natty-netboot/xen/
dists/lucid-updates/main/installer-i386/20081029ubuntu102.16/images/netboot/
dists/lucid-updates/main/installer-i386/20081029ubuntu102.16/images/netboot/ubuntu-installer/
dists/lucid-updates/main/installer-i386/20081029ubuntu102.16/images/netboot/ubuntu-installer/i386/
dists/lucid-updates/main/installer-i386/20081029ubuntu102.16/images/netboot/ubuntu-installer/i386/boot-screens/
dists/lucid-updates/main/installer-i386/20081029ubuntu102.16/images/netboot/ubuntu-installer/i386/pxelinux.cfg/
dists/lucid-updates/main/installer-i386/20081029ubuntu102.16/images/netboot/xen/
dists/lucid-updates/main/installer-i386/20081029ubuntu102.16/images/oneiric-cdrom/
dists/lucid-updates/main/installer-i386/20081029ubuntu102.16/images/oneiric-hd-media/
dists/lucid-updates/main/installer-i386/20081029ubuntu102.16/images/oneiric-netboot/
dists/lucid-updates/main/installer-i386/20081029ubuntu102.16/images/oneiric-netboot/ubuntu-installer/
dists/lucid-updates/main/installer-i386/20081029ubuntu102.16/images/oneiric-netboot/ubuntu-installer/i386/
dists/lucid-updates/main/installer-i386/20081029ubuntu102.16/images/oneiric-netboot/ubuntu-installer/i386/boot-screens/
dists/lucid-updates/main/installer-i386/20081029ubuntu102.16/images/oneiric-netboot/ubuntu-installer/i386/pxelinux.cfg/
dists/lucid-updates/main/installer-i386/20081029ubuntu102.16/images/oneiric-netboot/xen/
dists/lucid-updates/main/installer-i386/20081029ubuntu102.17/
dists/lucid-updates/main/installer-i386/20081029ubuntu102.17/images/
dists/lucid-updates/main/installer-i386/20081029ubuntu102.17/images/cdrom/
dists/lucid-updates/main/installer-i386/20081029ubuntu102.17/images/hd-media/
dists/lucid-updates/main/installer-i386/20081029ubuntu102.17/images/maverick-cdrom/
dists/lucid-updates/main/installer-i386/20081029ubuntu102.17/images/maverick-hd-media/
dists/lucid-updates/main/installer-i386/20081029ubuntu102.17/images/maverick-netboot/
dists/lucid-updates/main/installer-i386/20081029ubuntu102.17/images/maverick-netboot/ubuntu-installer/
dists/lucid-updates/main/installer-i386/20081029ubuntu102.17/images/maverick-netboot/ubuntu-installer/i386/
dists/lucid-updates/main/installer-i386/20081029ubuntu102.17/images/maverick-netboot/ubuntu-installer/i386/boot-screens/
dists/lucid-updates/main/installer-i386/20081029ubuntu102.17/images/maverick-netboot/ubuntu-installer/i386/pxelinux.cfg/
dists/lucid-updates/main/installer-i386/20081029ubuntu102.17/images/maverick-netboot/xen/
dists/lucid-updates/main/installer-i386/20081029ubuntu102.17/images/natty-cdrom/
dists/lucid-updates/main/installer-i386/20081029ubuntu102.17/images/natty-hd-media/
dists/lucid-updates/main/installer-i386/20081029ubuntu102.17/images/natty-netboot/
dists/lucid-updates/main/installer-i386/20081029ubuntu102.17/images/natty-netboot/ubuntu-installer/
dists/lucid-updates/main/installer-i386/20081029ubuntu102.17/images/natty-netboot/ubuntu-installer/i386/
dists/lucid-updates/main/installer-i386/20081029ubuntu102.17/images/natty-netboot/ubuntu-installer/i386/boot-screens/
dists/lucid-updates/main/installer-i386/20081029ubuntu102.17/images/natty-netboot/ubuntu-installer/i386/pxelinux.cfg/
dists/lucid-updates/main/installer-i386/20081029ubuntu102.17/images/natty-netboot/xen/
dists/lucid-updates/main/installer-i386/20081029ubuntu102.17/images/netboot/
dists/lucid-updates/main/installer-i386/20081029ubuntu102.17/images/netboot/ubuntu-installer/
dists/lucid-updates/main/installer-i386/20081029ubuntu102.17/images/netboot/ubuntu-installer/i386/
dists/lucid-updates/main/installer-i386/20081029ubuntu102.17/images/netboot/ubuntu-installer/i386/boot-screens/
dists/lucid-updates/main/installer-i386/20081029ubuntu102.17/images/netboot/ubuntu-installer/i386/pxelinux.cfg/
dists/lucid-updates/main/installer-i386/20081029ubuntu102.17/images/netboot/xen/
dists/lucid-updates/main/installer-i386/20081029ubuntu102.17/images/oneiric-cdrom/
dists/lucid-updates/main/installer-i386/20081029ubuntu102.17/images/oneiric-hd-media/
dists/lucid-updates/main/installer-i386/20081029ubuntu102.17/images/oneiric-netboot/
dists/lucid-updates/main/installer-i386/20081029ubuntu102.17/images/oneiric-netboot/ubuntu-installer/
dists/lucid-updates/main/installer-i386/20081029ubuntu102.17/images/oneiric-netboot/ubuntu-installer/i386/
dists/lucid-updates/main/installer-i386/20081029ubuntu102.17/images/oneiric-netboot/ubuntu-installer/i386/boot-screens/
dists/lucid-updates/main/installer-i386/20081029ubuntu102.17/images/oneiric-netboot/ubuntu-installer/i386/pxelinux.cfg/
dists/lucid-updates/main/installer-i386/20081029ubuntu102.17/images/oneiric-netboot/xen/
dists/lucid-updates/main/installer-i386/20081029ubuntu102.18/
dists/lucid-updates/main/installer-i386/20081029ubuntu102.18/images/
dists/lucid-updates/main/installer-i386/20081029ubuntu102.18/images/cdrom/
dists/lucid-updates/main/installer-i386/20081029ubuntu102.18/images/hd-media/
dists/lucid-updates/main/installer-i386/20081029ubuntu102.18/images/maverick-cdrom/
dists/lucid-updates/main/installer-i386/20081029ubuntu102.18/images/maverick-hd-media/
dists/lucid-updates/main/installer-i386/20081029ubuntu102.18/images/maverick-netboot/
dists/lucid-updates/main/installer-i386/20081029ubuntu102.18/images/maverick-netboot/ubuntu-installer/
dists/lucid-updates/main/installer-i386/20081029ubuntu102.18/images/maverick-netboot/ubuntu-installer/i386/
dists/lucid-updates/main/installer-i386/20081029ubuntu102.18/images/maverick-netboot/ubuntu-installer/i386/boot-screens/
dists/lucid-updates/main/installer-i386/20081029ubuntu102.18/images/maverick-netboot/ubuntu-installer/i386/pxelinux.cfg/
dists/lucid-updates/main/installer-i386/20081029ubuntu102.18/images/maverick-netboot/xen/
dists/lucid-updates/main/installer-i386/20081029ubuntu102.18/images/natty-cdrom/
dists/lucid-updates/main/installer-i386/20081029ubuntu102.18/images/natty-hd-media/
dists/lucid-updates/main/installer-i386/20081029ubuntu102.18/images/natty-netboot/
dists/lucid-updates/main/installer-i386/20081029ubuntu102.18/images/natty-netboot/ubuntu-installer/
dists/lucid-updates/main/installer-i386/20081029ubuntu102.18/images/natty-netboot/ubuntu-installer/i386/
dists/lucid-updates/main/installer-i386/20081029ubuntu102.18/images/natty-netboot/ubuntu-installer/i386/boot-screens/
dists/lucid-updates/main/installer-i386/20081029ubuntu102.18/images/natty-netboot/ubuntu-installer/i386/pxelinux.cfg/
dists/lucid-updates/main/installer-i386/20081029ubuntu102.18/images/natty-netboot/xen/
dists/lucid-updates/main/installer-i386/20081029ubuntu102.18/images/netboot/
dists/lucid-updates/main/installer-i386/20081029ubuntu102.18/images/netboot/ubuntu-installer/
dists/lucid-updates/main/installer-i386/20081029ubuntu102.18/images/netboot/ubuntu-installer/i386/
dists/lucid-updates/main/installer-i386/20081029ubuntu102.18/images/netboot/ubuntu-installer/i386/boot-screens/
dists/lucid-updates/main/installer-i386/20081029ubuntu102.18/images/netboot/ubuntu-installer/i386/pxelinux.cfg/
dists/lucid-updates/main/installer-i386/20081029ubuntu102.18/images/netboot/xen/
dists/lucid-updates/main/installer-i386/20081029ubuntu102.18/images/oneiric-cdrom/
dists/lucid-updates/main/installer-i386/20081029ubuntu102.18/images/oneiric-hd-media/
dists/lucid-updates/main/installer-i386/20081029ubuntu102.18/images/oneiric-netboot/
dists/lucid-updates/main/installer-i386/20081029ubuntu102.18/images/oneiric-netboot/ubuntu-installer/
dists/lucid-updates/main/installer-i386/20081029ubuntu102.18/images/oneiric-netboot/ubuntu-installer/i386/
dists/lucid-updates/main/installer-i386/20081029ubuntu102.18/images/oneiric-netboot/ubuntu-installer/i386/boot-screens/
dists/lucid-updates/main/installer-i386/20081029ubuntu102.18/images/oneiric-netboot/ubuntu-installer/i386/pxelinux.cfg/
dists/lucid-updates/main/installer-i386/20081029ubuntu102.18/images/oneiric-netboot/xen/
dists/lucid-updates/main/source/
dists/lucid-updates/main/source/Release
dists/lucid-updates/main/source/Sources.bz2
dists/lucid-updates/main/source/Sources.gz
dists/lucid-updates/multiverse/
dists/lucid-updates/multiverse/binary-amd64/
dists/lucid-updates/multiverse/binary-amd64/Packages.bz2
dists/lucid-updates/multiverse/binary-amd64/Packages.gz
dists/lucid-updates/multiverse/binary-amd64/Release
dists/lucid-updates/multiverse/binary-i386/
dists/lucid-updates/multiverse/binary-i386/Packages.bz2
dists/lucid-updates/multiverse/binary-i386/Packages.gz
dists/lucid-updates/multiverse/binary-i386/Release
dists/lucid-updates/multiverse/debian-installer/
dists/lucid-updates/multiverse/debian-installer/binary-amd64/
dists/lucid-updates/multiverse/debian-installer/binary-amd64/Packages.bz2
dists/lucid-updates/multiverse/debian-installer/binary-amd64/Packages.gz
dists/lucid-updates/multiverse/debian-installer/binary-i386/
dists/lucid-updates/multiverse/debian-installer/binary-i386/Packages.bz2
dists/lucid-updates/multiverse/debian-installer/binary-i386/Packages.gz
dists/lucid-updates/multiverse/i18n/
dists/lucid-updates/multiverse/i18n/Index
dists/lucid-updates/multiverse/source/
dists/lucid-updates/multiverse/source/Release
dists/lucid-updates/multiverse/source/Sources.bz2
dists/lucid-updates/multiverse/source/Sources.gz
dists/lucid-updates/restricted/
dists/lucid-updates/restricted/binary-amd64/
dists/lucid-updates/restricted/binary-amd64/Packages.bz2
dists/lucid-updates/restricted/binary-amd64/Packages.gz
dists/lucid-updates/restricted/binary-amd64/Release
dists/lucid-updates/restricted/binary-i386/
dists/lucid-updates/restricted/binary-i386/Packages.bz2
dists/lucid-updates/restricted/binary-i386/Packages.gz
dists/lucid-updates/restricted/binary-i386/Release
dists/lucid-updates/restricted/debian-installer/
dists/lucid-updates/restricted/debian-installer/binary-amd64/
dists/lucid-updates/restricted/debian-installer/binary-amd64/Packages.bz2
dists/lucid-updates/restricted/debian-installer/binary-amd64/Packages.gz
dists/lucid-updates/restricted/debian-installer/binary-i386/
dists/lucid-updates/restricted/debian-installer/binary-i386/Packages.bz2
dists/lucid-updates/restricted/debian-installer/binary-i386/Packages.gz
dists/lucid-updates/restricted/i18n/
dists/lucid-updates/restricted/i18n/Index
dists/lucid-updates/restricted/source/
dists/lucid-updates/restricted/source/Release
dists/lucid-updates/restricted/source/Sources.bz2
dists/lucid-updates/restricted/source/Sources.gz
dists/lucid-updates/universe/
dists/lucid-updates/universe/binary-amd64/
dists/lucid-updates/universe/binary-amd64/Packages.bz2
dists/lucid-updates/universe/binary-amd64/Packages.gz
dists/lucid-updates/universe/binary-amd64/Release
dists/lucid-updates/universe/binary-i386/
dists/lucid-updates/universe/binary-i386/Packages.bz2
rsync error: timeout in data send/receive (code 30) at io.c(137) [sender=3.0.9]
rsync: connection unexpectedly closed (33448121 bytes received so far) [receiver]
rsync error: error in rsync protocol data stream (code 12) at io.c(600) [receiver=3.0.6]
rsync: connection unexpectedly closed (19842019 bytes received so far) [generator]
rsync error: error in rsync protocol data stream (code 12) at io.c(600) [generator=3.0.6]
