2014-08-05 21:36:15
rsync://kali.mirror.garr.it/kali/

receiving file list ... done
pool/main/h/haskell-cabal/
pool/main/h/haskell-cabal/libghc-cabal-prof_1.20.0.2-1_armhf.deb
pool/main/h/haskell-cabal/libghc-cabal-prof_1.20.0.2-1_i386.deb
pool/main/h/hatari/
pool/main/h/hatari/hatari_1.8.0+dfsg-1.debian.tar.xz
pool/main/h/hatari/hatari_1.8.0+dfsg-1.dsc
pool/main/h/hatari/hatari_1.8.0+dfsg-1_amd64.deb
pool/main/h/hatari/hatari_1.8.0+dfsg-1_armel.deb
pool/main/h/hatari/hatari_1.8.0+dfsg-1_armhf.deb
pool/main/h/hatari/hatari_1.8.0+dfsg-1_i386.deb
pool/main/h/hatari/hatari_1.8.0+dfsg.orig.tar.bz2
pool/main/h/helpviewer.app/
pool/main/h/helpviewer.app/helpviewer.app_0.3-8.debian.tar.xz
pool/main/h/helpviewer.app/helpviewer.app_0.3-8.dsc
pool/main/h/helpviewer.app/helpviewer.app_0.3-8_amd64.deb
pool/main/h/helpviewer.app/helpviewer.app_0.3-8_armel.deb
pool/main/h/helpviewer.app/helpviewer.app_0.3-8_armhf.deb
pool/main/h/helpviewer.app/helpviewer.app_0.3-8_i386.deb
pool/main/i/icinga2/
file has vanished: "/pool/main/i/icinga2/.icinga2-dbg_2.0.1-2_armhf.deb.WnZZTZ" (in kali)
pool/main/i/icinga2/icinga2-bin_2.0.1-2_amd64.deb
pool/main/i/icinga2/icinga2-bin_2.0.1-2_armel.deb
pool/main/i/icinga2/icinga2-bin_2.0.1-2_armhf.deb
pool/main/i/icinga2/icinga2-bin_2.0.1-2_i386.deb
pool/main/i/icinga2/icinga2-classicui_2.0.1-2_all.deb
pool/main/i/icinga2/icinga2-common_2.0.1-2_all.deb
pool/main/i/icinga2/icinga2-dbg_2.0.1-2_amd64.deb
pool/main/i/icinga2/icinga2-dbg_2.0.1-2_armel.deb

Number of files: 338661
Number of files transferred: 23
Total file size: 363786849042 bytes
Total transferred file size: 101759832 bytes
Literal data: 101759832 bytes
Matched data: 0 bytes
File list size: 8449705
File list generation time: 671.739 seconds
File list transfer time: 0.000 seconds
Total bytes sent: 518
Total bytes received: 110223073

sent 518 bytes  received 110223073 bytes  146866.88 bytes/sec
total size is 363786849042  speedup is 3300.44
rsync warning: some files vanished before they could be transferred (code 24) at main.c(1505) [generator=3.0.6]
