2014-08-05 15:00:02
rsync://packages.linuxdeepin.com/packages/
receiving file list ... done
./
dists/
dists/kdeepin/
dists/kdeepin/main/
dists/kdeepin/main/binary-amd64/
dists/kdeepin/main/binary-i386/
dists/kdeepin/main/debian-installer/
dists/kdeepin/main/debian-installer/binary-amd64/
dists/kdeepin/main/debian-installer/binary-i386/
dists/kdeepin/main/source/
dists/maverick-special/
dists/maverick-special/main/
dists/maverick-special/main/binary-i386/
dists/maverick-special/main/debian-installer/
dists/maverick-special/main/debian-installer/binary-i386/
dists/maverick-special/main/source/
dists/maverick-updates/
dists/maverick-updates/main/
dists/maverick-updates/main/binary-i386/
dists/maverick-updates/main/debian-installer/
dists/maverick-updates/main/debian-installer/binary-i386/
dists/maverick-updates/main/source/
dists/maverick/
dists/maverick/main/
dists/maverick/main/binary-i386/
dists/maverick/main/debian-installer/
dists/maverick/main/debian-installer/binary-i386/
dists/maverick/main/source/
dists/natty-updates/
dists/natty-updates/main/
dists/natty-updates/main/binary-amd64/
dists/natty-updates/main/binary-i386/
dists/natty-updates/main/debian-installer/
dists/natty-updates/main/debian-installer/binary-amd64/
dists/natty-updates/main/debian-installer/binary-i386/
dists/natty-updates/main/source/
dists/natty-updates/non-free/
dists/natty-updates/non-free/binary-amd64/
dists/natty-updates/non-free/binary-i386/
dists/natty-updates/non-free/source/
dists/natty/
dists/natty/main/
dists/natty/main/binary-amd64/
dists/natty/main/binary-i386/
dists/natty/main/debian-installer/
dists/natty/main/debian-installer/binary-amd64/
dists/natty/main/debian-installer/binary-i386/
dists/natty/main/source/
dists/natty/non-free/
dists/natty/non-free/binary-amd64/
dists/natty/non-free/binary-i386/
dists/natty/non-free/source/
dists/oneiric-updates/
dists/oneiric-updates/main/
dists/oneiric-updates/main/binary-amd64/
dists/oneiric-updates/main/binary-i386/
dists/oneiric-updates/main/debian-installer/
dists/oneiric-updates/main/debian-installer/binary-amd64/
dists/oneiric-updates/main/debian-installer/binary-i386/
dists/oneiric-updates/main/source/
dists/oneiric-updates/non-free/
dists/oneiric-updates/non-free/binary-amd64/
dists/oneiric-updates/non-free/binary-i386/
dists/oneiric-updates/non-free/source/
dists/oneiric/
dists/oneiric/main/
dists/oneiric/main/binary-amd64/
dists/oneiric/main/binary-i386/
dists/oneiric/main/debian-installer/
dists/oneiric/main/debian-installer/binary-amd64/
dists/oneiric/main/debian-installer/binary-i386/
dists/oneiric/main/source/
dists/oneiric/non-free/
dists/oneiric/non-free/binary-amd64/
dists/oneiric/non-free/binary-i386/
dists/oneiric/non-free/source/
dists/precise-updates/
dists/precise-updates/main/
dists/precise-updates/main/binary-amd64/
dists/precise-updates/main/binary-i386/
dists/precise-updates/main/debian-installer/
dists/precise-updates/main/debian-installer/binary-amd64/
dists/precise-updates/main/debian-installer/binary-i386/
dists/precise-updates/main/source/
dists/precise-updates/non-free/
dists/precise-updates/non-free/binary-amd64/
dists/precise-updates/non-free/binary-i386/
dists/precise-updates/non-free/source/
dists/precise/
dists/precise/main/
dists/precise/main/binary-amd64/
dists/precise/main/binary-i386/
dists/precise/main/debian-installer/
dists/precise/main/debian-installer/binary-amd64/
dists/precise/main/debian-installer/binary-i386/
dists/precise/main/source/
dists/precise/non-free/
dists/precise/non-free/binary-amd64/
dists/precise/non-free/binary-i386/
dists/precise/non-free/source/
dists/quantal-updates/
dists/quantal-updates/main/
dists/quantal-updates/main/binary-amd64/
dists/quantal-updates/main/binary-i386/
dists/quantal-updates/main/debian-installer/
dists/quantal-updates/main/debian-installer/binary-amd64/
dists/quantal-updates/main/debian-installer/binary-i386/
dists/quantal-updates/main/source/
dists/quantal-updates/non-free/
dists/quantal-updates/non-free/binary-amd64/
dists/quantal-updates/non-free/binary-i386/
dists/quantal-updates/non-free/source/
dists/quantal/
dists/quantal/main/
dists/quantal/main/binary-amd64/
dists/quantal/main/binary-i386/
dists/quantal/main/debian-installer/
dists/quantal/main/debian-installer/binary-amd64/
dists/quantal/main/debian-installer/binary-i386/
dists/quantal/main/source/
dists/quantal/non-free/
dists/quantal/non-free/binary-amd64/
dists/quantal/non-free/binary-i386/
dists/quantal/non-free/source/
dists/raring/
dists/raring/main/
dists/raring/main/binary-amd64/
dists/raring/main/binary-i386/
dists/raring/main/debian-installer/
dists/raring/main/debian-installer/binary-amd64/
dists/raring/main/debian-installer/binary-i386/
dists/raring/main/source/
dists/raring/non-free/
dists/raring/non-free/binary-amd64/
dists/raring/non-free/binary-i386/
dists/raring/non-free/source/
dists/raring/universe/
dists/raring/universe/binary-amd64/
dists/raring/universe/binary-i386/
dists/raring/universe/source/
dists/sid/
dists/sid/main/
dists/sid/main/binary-mipsel/
dists/sid/main/debian-installer/
dists/sid/main/debian-installer/binary-mipsel/
dists/sid/main/source/
dists/sid/non-free/
dists/sid/non-free/binary-mipsel/
dists/sid/non-free/source/
dists/trusty/
dists/trusty/main/
dists/trusty/main/binary-amd64/
dists/trusty/main/binary-i386/
dists/trusty/main/debian-installer/
dists/trusty/main/debian-installer/binary-amd64/
dists/trusty/main/debian-installer/binary-i386/
dists/trusty/main/source/
dists/trusty/non-free/
dists/trusty/non-free/binary-amd64/
dists/trusty/non-free/binary-i386/
dists/trusty/non-free/source/
dists/trusty/universe/
dists/trusty/universe/binary-amd64/
dists/trusty/universe/binary-i386/
dists/trusty/universe/source/
dists/unstable/
dists/unstable/main/
dists/unstable/main/binary-i386/
dists/unstable/main/debian-installer/
dists/unstable/main/debian-installer/binary-i386/
dists/unstable/main/source/
dists/unstable/non-free/
dists/unstable/non-free/binary-i386/
dists/unstable/non-free/source/
pool/
pool/main/
pool/main/a/
pool/main/a/account-plugins/
pool/main/a/acpi-support/
pool/main/a/acpid/
pool/main/a/ailurus/
pool/main/a/akonadi/
pool/main/a/alacarte/
pool/main/a/aliedit/
pool/main/a/alien-arena/
pool/main/a/alsa-plugins/
pool/main/a/analitza/
pool/main/a/android-sdk-2.3/
pool/main/a/android-sdk-4.0/
pool/main/a/android-sdk-common/
pool/main/a/android-sdk-depends-meta/
pool/main/a/android-sdk-platform-3/
pool/main/a/android-sdk-platform-4/
pool/main/a/android-sdk-platform-tools/
pool/main/a/android-sdk/
pool/main/a/anjuta-extras/
pool/main/a/anjuta/
pool/main/a/anki/
pool/main/a/apper/
pool/main/a/ark/
pool/main/a/atkmm1.6/
pool/main/a/atom/
pool/main/a/attica/
pool/main/a/audio-recorder/
pool/main/a/audiocd-kio/
pool/main/a/automake1.13/
pool/main/b/
pool/main/b/babl/
pool/main/b/baobab/
pool/main/b/base-files/
pool/main/b/bbswitch/
pool/main/b/bcloud/
pool/main/b/beatbox/
pool/main/b/bijiben/
pool/main/b/bison27/
pool/main/b/blinken/
pool/main/b/bluez5/
pool/main/b/boost1.54/
pool/main/b/brasero/
pool/main/b/brise/
pool/main/b/btrfs-tools/
pool/main/b/bumblebee/
pool/main/b/burg-theme-lightness/
pool/main/b/burg-themes/
pool/main/b/burg/
pool/main/c/
pool/main/c/calibre/
pool/main/c/calligra-l10n/
pool/main/c/calligra/
pool/main/c/cantor/
pool/main/c/caribou/
pool/main/c/casper/
pool/main/c/cbundle/
pool/main/c/cdbs/
pool/main/c/chakra-gtk-config/
pool/main/c/cheese/
pool/main/c/chmsee/
pool/main/c/choqok-weibo/
pool/main/c/choqok/
pool/main/c/chrome-default-settings/
pool/main/c/chromium-browser/
pool/main/c/chromium-pepper-flash/
pool/main/c/cinstall/
pool/main/c/clucene-core/
pool/main/c/clucene/
pool/main/c/clutter-1.0/
pool/main/c/clutter-gst-2.0/
pool/main/c/clutter-gtk/
pool/main/c/codeblocks/
pool/main/c/codehaus-signatures-java16/
pool/main/c/codehaus-signatures-parent/
pool/main/c/coffeescript/
pool/main/c/colord-kde/
pool/main/c/compiz/
pool/main/d/
pool/main/d/darktable/
pool/main/d/dbus-factory/
pool/main/d/dbus-generator/
pool/main/d/dde-account-faces/
pool/main/d/dde-api/
pool/main/d/dde-control-center/
pool/main/d/dde-daemon-gsd-input/
pool/main/d/dde-daemon/
pool/main/d/dde-meta/
pool/main/d/deadbeef/
pool/main/d/debhelper/
pool/main/d/deepin-artwork-common/
pool/main/d/deepin-artwork-gnome/
pool/main/d/deepin-artwork-themes/
pool/main/d/deepin-artwork/
pool/main/d/deepin-browser/
pool/main/d/deepin-common/
pool/main/d/deepin-conflicts/
pool/main/d/deepin-cursor-theme/
pool/main/d/deepin-default-gsettings/
pool/main/d/deepin-default-settings-en/
pool/main/d/deepin-default-settings-zh-hans/
pool/main/d/deepin-default-settings-zh-hant/
pool/main/d/deepin-default-settings/
pool/main/d/deepin-desktop-environment-addons-sinaweibo/
pool/main/d/deepin-desktop-environment-plugins/
pool/main/d/deepin-desktop-environment/
pool/main/d/deepin-dictservice-zhcn-pinyin/
pool/main/d/deepin-emacs-common/
pool/main/d/deepin-emacs/
pool/main/d/deepin-firefox-addons-downthemall/
pool/main/d/deepin-firefox-addons-tab-mix-plus/
pool/main/d/deepin-firefox-addons/
pool/main/d/deepin-fontselector/
pool/main/d/deepin-game-center/
pool/main/d/deepin-gnome-shell/
pool/main/d/deepin-greeter/
pool/main/d/deepin-gse/
pool/main/d/deepin-gsettings/
pool/main/d/deepin-gtk-theme/
pool/main/d/deepin-hw-detect/
pool/main/d/deepin-icon-theme-v2013/
pool/main/d/deepin-icon-theme/
pool/main/d/deepin-icons/
pool/main/d/deepin-info/
pool/main/d/deepin-installer/
pool/main/d/deepin-jockey/
pool/main/d/deepin-keyring/
pool/main/d/deepin-laptop-suspend/
pool/main/d/deepin-life-search/
pool/main/d/deepin-media-player/
pool/main/d/deepin-menu/
pool/main/d/deepin-meta-bluetooth/
pool/main/d/deepin-meta-codecs/
pool/main/d/deepin-meta-conflicts/
pool/main/d/deepin-meta-desktop/
pool/main/d/deepin-meta-fonts/
pool/main/d/deepin-meta-games/
pool/main/d/deepin-meta-gnome/
pool/main/d/deepin-meta-print/
pool/main/d/deepin-meta-scan/
pool/main/d/deepin-meta/
pool/main/d/deepin-movie/
pool/main/d/deepin-music-player/
pool/main/d/deepin-notifications/
pool/main/d/deepin-qml-widgets/
pool/main/d/deepin-sample-music/
pool/main/d/deepin-screenshot/
pool/main/d/deepin-scrot/
pool/main/d/deepin-session-fastup/
pool/main/d/deepin-session/
pool/main/d/deepin-settings-daemon/
pool/main/d/deepin-sleep-sixty/
pool/main/d/deepin-software-center-data/
pool/main/d/deepin-software-center-kde/
pool/main/d/deepin-software-center/
pool/main/d/deepin-speech/
pool/main/d/deepin-ssh-proxy/
pool/main/d/deepin-system-settings/
pool/main/d/deepin-system-tray/
pool/main/d/deepin-terminal/
pool/main/d/deepin-theme-gnome-shell/
pool/main/d/deepin-themes/
pool/main/d/deepin-tools/
pool/main/d/deepin-translator/
pool/main/d/deepin-ui/
pool/main/d/deepin-unity-greeter/
pool/main/d/deepin-user-guide/
pool/main/d/deepin-user-manual/
pool/main/d/deepin-utils/
pool/main/d/deepin-wallpapers-11.05/
pool/main/d/deepin-wallpapers/
pool/main/d/deepin-webapp-gen/
pool/main/d/deepin-webapps/
pool/main/d/deepin-webkit/
pool/main/d/deepin-wine-lib/
pool/main/d/deepin-wine-run/
pool/main/d/deepin-wine-tm2009/
pool/main/d/deepin-xrandr/
pool/main/d/deepin-xsession-settings/
pool/main/d/deepinsystem/
pool/main/d/deepinwine-cajviewer/
pool/main/d/deepinwine-foxitreader4/
pool/main/d/deepinwine-foxitreader5/
pool/main/d/deepinwine-qq2009/
pool/main/d/deepinwine-qq2011/
pool/main/d/deepinwine-qq2012/
pool/main/d/deepinwine-rtx2010/
pool/main/d/deepinwine-thunder5/
pool/main/d/desktop-file-utils/
pool/main/d/devhelp/
pool/main/d/dh-golang/
pool/main/d/dh-python/
pool/main/d/digikam/
pool/main/d/dockmanager-kde/
pool/main/d/dragon/
pool/main/d/dtk-widget/
pool/main/d/duckduckgo-lens/
pool/main/d/dwm-plus/
pool/main/e/
pool/main/e/eclipse-adt/
pool/main/e/eclipselink/
pool/main/e/eio/
pool/main/e/eioffice-personal/
pool/main/e/emacs-xwidget/
pool/main/e/emerald/
pool/main/e/emesene/
pool/main/e/empathy/
pool/main/e/eog-plugins/
pool/main/e/eog/
pool/main/e/epiphany-browser/
pool/main/e/eric/
pool/main/e/evince/
pool/main/e/evoluspencil/
pool/main/e/evolution-data-server/
pool/main/e/evolution-ews/
pool/main/e/evolution-indicator/
pool/main/e/evolution-mapi/
pool/main/e/evolution-rss/
pool/main/e/evolution/
pool/main/e/exfat-utils/
pool/main/e/extended-actions/
pool/main/f/
pool/main/f/faenza-icon-theme/
pool/main/f/faience-theme/
pool/main/f/fcitx-anthy/
pool/main/f/fcitx-chewing/
pool/main/f/fcitx-cloudpinyin/
pool/main/f/fcitx-configtool/
pool/main/f/fcitx-fbterm/
pool/main/f/fcitx-googlepinyin/
pool/main/f/fcitx-hangul/
pool/main/f/fcitx-keyboard/
pool/main/f/fcitx-libpinyin/
pool/main/f/fcitx-m17n/
pool/main/f/fcitx-qimpanel/
pool/main/f/fcitx-qt5/
pool/main/f/fcitx-rime/
pool/main/f/fcitx-sayura/
pool/main/f/fcitx-skins/
pool/main/f/fcitx-sogoupinyin-release/
pool/main/f/fcitx-sunpinyin/
pool/main/f/fcitx-table-extra/
pool/main/f/fcitx-table-other/
pool/main/f/fcitx-ui-light/
pool/main/f/fcitx-unikey/
pool/main/f/fcitx/
pool/main/f/ffmpegthumbnailer/
pool/main/f/ffmpegthumbs/
pool/main/f/ffmulticonverter/
pool/main/f/fglrx-installer/
pool/main/f/file-roller/
pool/main/f/filelight/
pool/main/f/firefox-kde/
pool/main/f/firefox-oxygen-kde/
pool/main/f/firefox-prism-addon/
pool/main/f/firefox/
rsync error: timeout in data send/receive (code 30) at io.c(137) [sender=3.0.9]
rsync: connection unexpectedly closed (736505 bytes received so far) [receiver]
rsync error: error in rsync protocol data stream (code 12) at io.c(600) [receiver=3.0.6]
rsync: connection unexpectedly closed (723002 bytes received so far) [generator]
rsync error: error in rsync protocol data stream (code 12) at io.c(600) [generator=3.0.6]
