2014-08-05 15:00:02
rsync://rsync.cn.gentoo.org/gentoo/

#############################################################
#                                                           #
#  Hi,                                                      #
#                                                           #
#    This is the Opensource Mirror Hosted and Maintained    #
#                                                           #
#  by Information and Network Center of Xiamen University.  #
#                                                           #
#  Wish this mirror can help you enjoy free life easily :)  #                
#                                                           # 
#    The --checksum (-c) option is disabled to save the     #
#                                                           #
#  cpu usage. Thus, please remove the -c before syncing ^_^ #                
#                                                           #
#############################################################


receiving file list ... done
./
distfiles/
distfiles/PlayOnLinux_4.2.4.tar.gz
distfiles/db-6.1.19.tar.gz
distfiles/dos2unix-6.0.6.tar.gz
distfiles/gnuchess-6.1.2.tar.gz
distfiles/ignuit-2.20.0.tar.gz
distfiles/libmodplug-0.8.8.5.tar.gz
distfiles/stressapptest-1.0.7_p1.tar.xz
distfiles/timestamp.dev-local
distfiles/timestamp.mirmon
distfiles/tuxonice-for-linux-3.10.50-2014-07-31.patch.bz2
distfiles/tuxonice-for-linux-3.14.14-2014-07-31.patch.bz2
distfiles/tuxonice-for-linux-3.15.7-2014-07-31.patch.bz2
distfiles/tuxonice-for-linux-3.4.100-2014-07-31.patch.bz2
distfiles/tuxonice-for-linux-head-3.16.0-rc7-2014-07-31.patch.bz2
distfiles/txtorcon-0.10.1.tar.gz
experimental/
experimental/.timestamp-experimental.x
experimental/.overlays/
experimental/alpha/
experimental/alpha/historical/
experimental/alpha/livecd/
experimental/amd64/
experimental/amd64/musl/
experimental/amd64/qemu-selinux/
experimental/amd64/qemu/
experimental/amd64/uclibc/
experimental/amd64/x32/
experimental/arm/
experimental/arm/embedded/
experimental/arm/embedded/stages/
experimental/arm/hardened/
experimental/arm/musl/
experimental/arm/netboot/
experimental/arm/netboot/armv4tl-softfloat-linux-gnueabi/
experimental/arm/stages/
experimental/arm/stages/armv4l/
experimental/arm/uclibc/
experimental/arm64/
experimental/arm64/old/
experimental/bsd/
experimental/bsd/freebsd/
experimental/bsd/freebsd/installcd/
experimental/bsd/freebsd/stages/
experimental/bsd/freebsd/stages/amd64-fbsd-9.1/
experimental/bsd/freebsd/stages/amd64-fbsd-9.1/clang/
experimental/bsd/freebsd/stages/x86-fbsd-7.1/
experimental/bsd/freebsd/stages/x86-fbsd-7.2/
experimental/hppa/
experimental/hppa/livecd/
experimental/hppa/netboot/
experimental/ia64/
experimental/ia64/livecd/
experimental/m68k/
experimental/mips/
experimental/mips/contrib/
experimental/mips/desktop-loongson2f/
experimental/mips/historical/
experimental/mips/historical/netboot/
experimental/mips/historical/netboot/cobalt/
experimental/mips/historical/netboot/cobalt/old/
experimental/mips/historical/netboot/configs/
experimental/mips/historical/netboot/configs/old/
experimental/mips/historical/netboot/initrd/
experimental/mips/historical/netboot/initrd/old/
experimental/mips/historical/netboot/ip22/
experimental/mips/historical/netboot/ip22/initrd/
experimental/mips/historical/netboot/ip22/initrd/old/
experimental/mips/historical/netboot/ip22/old-debian/
experimental/mips/historical/netboot/ip22/old/
experimental/mips/historical/netboot/ip27/
experimental/mips/historical/netboot/ip27/initrd/
experimental/mips/historical/netboot/ip27/initrd/old/
experimental/mips/historical/netboot/ip28/
experimental/mips/historical/netboot/ip28/old/
experimental/mips/historical/netboot/ip28/tools/
experimental/mips/historical/netboot/ip30/
experimental/mips/historical/netboot/ip30/initrd/
experimental/mips/historical/netboot/ip30/initrd/old/
experimental/mips/historical/netboot/ip30/old/
experimental/mips/historical/netboot/ip32/
experimental/mips/historical/netboot/ip32/initrd/
experimental/mips/historical/netboot/ip32/initrd/old/
experimental/mips/historical/netboot/ip32/old/
experimental/mips/historical/netboot/new/
experimental/mips/livecd/
experimental/mips/livecd/loongson-2007.1/
experimental/mips/livecd/x-rc6/
experimental/mips/livecd/x-rc6/x-rc6/
experimental/mips/musl/
experimental/mips/stages/
experimental/mips/uclibc/
experimental/ppc/
experimental/ppc/uclibc/
experimental/prefix/
experimental/prefix/patches/
experimental/prefix/rap/
experimental/prefix/x86-interix/
experimental/prefix/x86-interix/20110902/
experimental/s390/
experimental/s390/stages/
experimental/sh/
rsync: send_files failed to open "/releases/.test/THIS-FILE-SHOULD-NOT-BE-PUBLIC.txt" (in gentoo): Permission denied (13)
experimental/sh/stages/
experimental/sparc/
experimental/sparc/freebsd/
experimental/sparc/tftpboot/
experimental/sparc/tftpboot/sparc/
experimental/sparc/tftpboot/sparc64/
experimental/x86/
experimental/x86/embedded/
experimental/x86/musl/
experimental/x86/uclibc/
experimental/x86/vserver/
experimental/x86/xbox/
releases/
releases/.timestamp-releases.x
releases/.test/
releases/alpha/
releases/alpha/2007.0/
releases/alpha/2007.0/installcd/
releases/alpha/2007.0/stages/
releases/alpha/2008.0/
releases/alpha/2008.0/installcd/
releases/alpha/2008.0/stages/
releases/alpha/autobuilds/
releases/alpha/autobuilds/latest-install-alpha-minimal.txt
releases/alpha/autobuilds/latest-iso.txt
releases/alpha/autobuilds/latest-stage3-alpha.txt
releases/alpha/autobuilds/latest-stage3.txt
releases/alpha/autobuilds/20140628/
releases/alpha/autobuilds/20140705/
releases/alpha/autobuilds/20140719/
releases/alpha/autobuilds/20140726/
releases/alpha/autobuilds/20140802/
releases/amd64/
releases/amd64/10.1/
releases/amd64/11.0/
releases/amd64/11.2/
releases/amd64/12.0/
releases/amd64/12.1/
releases/amd64/20121221/
releases/amd64/autobuilds/
releases/amd64/autobuilds/latest-admincd-amd64.txt
releases/amd64/autobuilds/latest-install-amd64-minimal.txt
releases/amd64/autobuilds/latest-iso.txt
releases/amd64/autobuilds/latest-stage3-amd64-hardened+nomultilib.txt
releases/amd64/autobuilds/latest-stage3-amd64-hardened.txt
releases/amd64/autobuilds/latest-stage3-amd64-nomultilib.txt
releases/amd64/autobuilds/latest-stage3-amd64-uclibc-hardened.txt
releases/amd64/autobuilds/latest-stage3-amd64-uclibc-vanilla.txt
releases/amd64/autobuilds/latest-stage3-amd64.txt
releases/amd64/autobuilds/latest-stage3-x32.txt
releases/amd64/autobuilds/latest-stage3.txt
releases/amd64/autobuilds/20130620/
releases/amd64/autobuilds/20130620/hardened/
releases/amd64/autobuilds/20140508/
releases/amd64/autobuilds/20140508/hardened/
releases/amd64/autobuilds/20140626/
releases/amd64/autobuilds/20140626/hardened/
releases/amd64/autobuilds/20140703/
releases/amd64/autobuilds/20140703/hardened/
releases/amd64/autobuilds/20140705/
releases/amd64/autobuilds/20140705/uclibc/
releases/amd64/autobuilds/20140710/
releases/amd64/autobuilds/20140710/hardened/
releases/amd64/autobuilds/20140717/
releases/amd64/autobuilds/20140717/hardened/
releases/amd64/autobuilds/20140724/
releases/amd64/autobuilds/20140724/hardened/
releases/amd64/autobuilds/20140731/
releases/amd64/autobuilds/20140731/hardened/
releases/arm/
releases/arm/autobuilds/
releases/arm/autobuilds/latest-stage3-armv4tl.txt
releases/arm/autobuilds/latest-stage3-armv5tel.txt
releases/arm/autobuilds/latest-stage3-armv6j.txt
releases/arm/autobuilds/latest-stage3-armv6j_hardfp.txt
releases/arm/autobuilds/latest-stage3-armv7a.txt
releases/arm/autobuilds/latest-stage3-armv7a_hardfp.txt
releases/arm/autobuilds/latest-stage3.txt
releases/arm/autobuilds/20140112/
releases/arm/autobuilds/20140113/
releases/arm/autobuilds/20140114/
releases/arm/autobuilds/20140115/
releases/arm/autobuilds/20140603/
releases/arm/autobuilds/20140604/
releases/arm/autobuilds/20140605/
releases/arm/autobuilds/20140606/
releases/hppa/
releases/hppa/2007.0/
releases/hppa/2007.0/installcd/
releases/hppa/2007.0/stages/
releases/hppa/2007.0/stages/hppa1.1/
releases/hppa/2007.0/stages/hppa2.0/
releases/hppa/2008.0/
releases/hppa/2008.0/installcd/
releases/hppa/2008.0/stages/
releases/hppa/autobuilds/
releases/hppa/autobuilds/latest-install-hppa-minimal.txt
releases/hppa/autobuilds/latest-iso.txt
releases/hppa/autobuilds/latest-stage3-hppa1.1.txt
releases/hppa/autobuilds/latest-stage3-hppa2.0.txt
releases/hppa/autobuilds/latest-stage3.txt
releases/hppa/autobuilds/20131227/
releases/hppa/autobuilds/20140103/
releases/hppa/autobuilds/20140201/
releases/hppa/autobuilds/20140416/
releases/hppa/autobuilds/20140602/
releases/ia64/
releases/ia64/2007.0/
releases/ia64/2007.0/installcd/
releases/ia64/2007.0/stages/
releases/ia64/2008.0/
releases/ia64/2008.0/installcd/
releases/ia64/2008.0/stages/
releases/ia64/autobuilds/
releases/ia64/autobuilds/latest-install-ia64-minimal.txt
releases/ia64/autobuilds/latest-iso.txt
releases/ia64/autobuilds/latest-stage3-ia64.txt
releases/ia64/autobuilds/latest-stage3.txt
releases/ia64/autobuilds/20140701/
releases/ia64/autobuilds/20140708/
releases/ia64/autobuilds/20140715/
releases/ia64/autobuilds/20140722/
releases/ia64/autobuilds/20140729/
releases/mips/
releases/mips/2007.0/
releases/mips/2007.0/stages/
releases/ppc/
releases/ppc/2007.0/
releases/ppc/2007.0/ppc32/
releases/ppc/2007.0/ppc32/installcd/
releases/ppc/2007.0/ppc32/packagecd/
releases/ppc/2007.0/ppc32/stages/
releases/ppc/2007.0/ppc64/
releases/ppc/2007.0/ppc64/installcd/
releases/ppc/2007.0/ppc64/stages/
releases/ppc/2008.0/
releases/ppc/2008.0/installcd/
releases/ppc/2008.0/stages/
releases/ppc/autobuilds/
releases/ppc/autobuilds/latest-install-powerpc-minimal.txt
releases/ppc/autobuilds/latest-iso.txt
releases/ppc/autobuilds/latest-stage3-ppc.txt
releases/ppc/autobuilds/latest-stage3-ppc64-32ul.txt
releases/ppc/autobuilds/latest-stage3-ppc64-64ul.txt
releases/ppc/autobuilds/latest-stage3.txt
releases/ppc/autobuilds/20140622/
releases/ppc/autobuilds/20140629/
releases/ppc/autobuilds/20140706/
releases/ppc/autobuilds/20140713/
releases/ppc/autobuilds/20140720/
releases/ppc/autobuilds/20140727/
releases/ppc/autobuilds/20140803/
releases/s390/
releases/s390/autobuilds/
releases/s390/autobuilds/latest-stage3-s390.txt
releases/s390/autobuilds/latest-stage3-s390x.txt
releases/s390/autobuilds/latest-stage3.txt
releases/s390/autobuilds/20140526/
releases/s390/autobuilds/20140610/
releases/s390/autobuilds/20140625/
releases/s390/autobuilds/20140706/
releases/s390/autobuilds/20140725/
releases/sh/
releases/sh/autobuilds/
releases/sh/autobuilds/latest-stage3-sh4.txt
releases/sh/autobuilds/latest-stage3-sh4a.txt
releases/sh/autobuilds/latest-stage3.txt
releases/sh/autobuilds/20110228/
releases/sh/autobuilds/20110228/sh4-unknown-linux-gnu/
releases/sh/autobuilds/20110228/sh4a-unknown-linux-gnu/
releases/sh/autobuilds/20111217/
releases/sh/autobuilds/20111217/sh4-unknown-linux-gnu/
releases/sh/autobuilds/20111217/sh4a-unknown-linux-gnu/
releases/sh/autobuilds/20120323/
releases/sh/autobuilds/20120323/sh4-unknown-linux-gnu/
releases/sh/autobuilds/20120323/sh4a-unknown-linux-gnu/
releases/sh/autobuilds/20130527/
releases/sh/autobuilds/20130614/
releases/sh/autobuilds/20140215/
releases/snapshots/
releases/snapshots/2007.0/
releases/snapshots/2008.0/
releases/sparc/
releases/sparc/2007.0/
releases/sparc/2007.0/sparc64/
releases/sparc/2007.0/sparc64/installcd/
releases/sparc/2007.0/sparc64/packagecd/
releases/sparc/2007.0/sparc64/stages/
releases/sparc/2008.0/
releases/sparc/2008.0/installcd/
releases/sparc/2008.0/packagecd/
releases/sparc/2008.0/stages/
releases/sparc/autobuilds/
releases/sparc/autobuilds/latest-install-sparc64-minimal.txt
releases/sparc/autobuilds/latest-iso.txt
releases/sparc/autobuilds/latest-stage3-sparc64-multilib.txt
releases/sparc/autobuilds/latest-stage3-sparc64.txt
releases/sparc/autobuilds/latest-stage3.txt
releases/sparc/autobuilds/20130822/
releases/sparc/autobuilds/20140421/
releases/sparc/autobuilds/20140421/multilib/
releases/sparc/autobuilds/20140428/
releases/sparc/autobuilds/20140428/multilib/
releases/sparc/autobuilds/20140505/
releases/sparc/autobuilds/20140505/multilib/
releases/sparc/autobuilds/20140630/
releases/sparc/autobuilds/20140630/multilib/
releases/sparc/autobuilds/20140707/
releases/sparc/autobuilds/20140714/
releases/sparc/autobuilds/20140714/multilib/
releases/x86/
releases/x86/10.1/
releases/x86/11.0/
releases/x86/11.2/
releases/x86/12.0/
releases/x86/12.1/
releases/x86/20121221/
releases/x86/autobuilds/
releases/x86/autobuilds/latest-install-x86-minimal.txt
releases/x86/autobuilds/latest-iso.txt
releases/x86/autobuilds/latest-stage3-i486.txt
releases/x86/autobuilds/latest-stage3-i686-hardened.txt
releases/x86/autobuilds/latest-stage3-i686-uclibc-hardened.txt
releases/x86/autobuilds/latest-stage3-i686-uclibc-vanilla.txt
releases/x86/autobuilds/latest-stage3-i686.txt
releases/x86/autobuilds/latest-stage3.txt
releases/x86/autobuilds/20140415/
releases/x86/autobuilds/20140415/hardened/
releases/x86/autobuilds/20140605/
releases/x86/autobuilds/20140605/uclibc/
releases/x86/autobuilds/20140701/
releases/x86/autobuilds/20140705/
releases/x86/autobuilds/20140705/uclibc/
releases/x86/autobuilds/20140708/
releases/x86/autobuilds/20140722/
releases/x86/autobuilds/20140729/
snapshots/
snapshots/.timestamp-snapshots.x
snapshots/portage-20140804.tar.bz2
snapshots/portage-20140804.tar.bz2.gpgsig
snapshots/portage-20140804.tar.bz2.md5sum
snapshots/portage-20140804.tar.bz2.umd5sum
snapshots/portage-20140804.tar.xz
snapshots/portage-20140804.tar.xz.gpgsig
snapshots/portage-20140804.tar.xz.md5sum
snapshots/portage-20140804.tar.xz.umd5sum
snapshots/portage-latest.tar.bz2 -> portage-20140804.tar.bz2
snapshots/portage-latest.tar.bz2.gpgsig -> portage-20140804.tar.bz2.gpgsig
snapshots/portage-latest.tar.bz2.md5sum
snapshots/portage-latest.tar.xz -> portage-20140804.tar.xz
snapshots/portage-latest.tar.xz.gpgsig -> portage-20140804.tar.xz.gpgsig
snapshots/portage-latest.tar.xz.md5sum
snapshots/deltas/
snapshots/deltas/snapshot-20140803-20140804.patch.bz2
snapshots/deltas/snapshot-20140803-20140804.patch.bz2.md5sum
snapshots/squashfs/
rsync: rename failed for "/mirrorswlzx/gentoo/releases/amd64/autobuilds/latest-iso.txt" (from releases/amd64/autobuilds/.~tmp~/latest-iso.txt): No such file or directory (2)
rsync: rename failed for "/mirrorswlzx/gentoo/releases/amd64/autobuilds/latest-stage3-amd64-uclibc-hardened.txt" (from releases/amd64/autobuilds/.~tmp~/latest-stage3-amd64-uclibc-hardened.txt): No such file or directory (2)
rsync: rename failed for "/mirrorswlzx/gentoo/releases/amd64/autobuilds/latest-stage3-amd64.txt" (from releases/amd64/autobuilds/.~tmp~/latest-stage3-amd64.txt): No such file or directory (2)
rsync: rename failed for "/mirrorswlzx/gentoo/releases/amd64/autobuilds/latest-stage3-x32.txt" (from releases/amd64/autobuilds/.~tmp~/latest-stage3-x32.txt): No such file or directory (2)
rsync: rename failed for "/mirrorswlzx/gentoo/releases/amd64/autobuilds/latest-stage3.txt" (from releases/amd64/autobuilds/.~tmp~/latest-stage3.txt): No such file or directory (2)
rsync: rename failed for "/mirrorswlzx/gentoo/releases/arm/autobuilds/latest-stage3-armv4tl.txt" (from releases/arm/autobuilds/.~tmp~/latest-stage3-armv4tl.txt): No such file or directory (2)
rsync: rename failed for "/mirrorswlzx/gentoo/releases/arm/autobuilds/latest-stage3-armv6j.txt" (from releases/arm/autobuilds/.~tmp~/latest-stage3-armv6j.txt): No such file or directory (2)
rsync: rename failed for "/mirrorswlzx/gentoo/releases/arm/autobuilds/latest-stage3-armv7a_hardfp.txt" (from releases/arm/autobuilds/.~tmp~/latest-stage3-armv7a_hardfp.txt): No such file or directory (2)
rsync: rename failed for "/mirrorswlzx/gentoo/releases/hppa/autobuilds/latest-install-hppa-minimal.txt" (from releases/hppa/autobuilds/.~tmp~/latest-install-hppa-minimal.txt): No such file or directory (2)
rsync: rename failed for "/mirrorswlzx/gentoo/releases/hppa/autobuilds/latest-stage3-hppa1.1.txt" (from releases/hppa/autobuilds/.~tmp~/latest-stage3-hppa1.1.txt): No such file or directory (2)
rsync: rename failed for "/mirrorswlzx/gentoo/releases/ia64/autobuilds/latest-iso.txt" (from releases/ia64/autobuilds/.~tmp~/latest-iso.txt): No such file or directory (2)
rsync: rename failed for "/mirrorswlzx/gentoo/releases/ppc/autobuilds/latest-install-powerpc-minimal.txt" (from releases/ppc/autobuilds/.~tmp~/latest-install-powerpc-minimal.txt): No such file or directory (2)
rsync: rename failed for "/mirrorswlzx/gentoo/releases/ppc/autobuilds/latest-stage3-ppc64-32ul.txt" (from releases/ppc/autobuilds/.~tmp~/latest-stage3-ppc64-32ul.txt): No such file or directory (2)
rsync: rename failed for "/mirrorswlzx/gentoo/releases/s390/autobuilds/latest-stage3-s390.txt" (from releases/s390/autobuilds/.~tmp~/latest-stage3-s390.txt): No such file or directory (2)
rsync: rename failed for "/mirrorswlzx/gentoo/releases/sh/autobuilds/latest-stage3-sh4.txt" (from releases/sh/autobuilds/.~tmp~/latest-stage3-sh4.txt): No such file or directory (2)
rsync: rename failed for "/mirrorswlzx/gentoo/releases/sh/autobuilds/latest-stage3.txt" (from releases/sh/autobuilds/.~tmp~/latest-stage3.txt): No such file or directory (2)
rsync: rename failed for "/mirrorswlzx/gentoo/releases/sparc/autobuilds/latest-install-sparc64-minimal.txt" (from releases/sparc/autobuilds/.~tmp~/latest-install-sparc64-minimal.txt): No such file or directory (2)
rsync: rename failed for "/mirrorswlzx/gentoo/releases/sparc/autobuilds/latest-stage3-sparc64-multilib.txt" (from releases/sparc/autobuilds/.~tmp~/latest-stage3-sparc64-multilib.txt): No such file or directory (2)
rsync: rename failed for "/mirrorswlzx/gentoo/releases/sparc/autobuilds/latest-stage3-sparc64.txt" (from releases/sparc/autobuilds/.~tmp~/latest-stage3-sparc64.txt): No such file or directory (2)
rsync: rename failed for "/mirrorswlzx/gentoo/releases/x86/autobuilds/latest-install-x86-minimal.txt" (from releases/x86/autobuilds/.~tmp~/latest-install-x86-minimal.txt): No such file or directory (2)
rsync: rename failed for "/mirrorswlzx/gentoo/releases/x86/autobuilds/latest-stage3-i486.txt" (from releases/x86/autobuilds/.~tmp~/latest-stage3-i486.txt): No such file or directory (2)
rsync: rename failed for "/mirrorswlzx/gentoo/releases/x86/autobuilds/latest-stage3-i686-uclibc-hardened.txt" (from releases/x86/autobuilds/.~tmp~/latest-stage3-i686-uclibc-hardened.txt): No such file or directory (2)
rsync: rename failed for "/mirrorswlzx/gentoo/releases/x86/autobuilds/latest-stage3-i686.txt" (from releases/x86/autobuilds/.~tmp~/latest-stage3-i686.txt): No such file or directory (2)
rsync: rename failed for "/mirrorswlzx/gentoo/snapshots/portage-20140804.tar.bz2" (from snapshots/.~tmp~/portage-20140804.tar.bz2): No such file or directory (2)
rsync: rename failed for "/mirrorswlzx/gentoo/snapshots/portage-20140804.tar.bz2.md5sum" (from snapshots/.~tmp~/portage-20140804.tar.bz2.md5sum): No such file or directory (2)
rsync: rename failed for "/mirrorswlzx/gentoo/snapshots/portage-20140804.tar.bz2.umd5sum" (from snapshots/.~tmp~/portage-20140804.tar.bz2.umd5sum): No such file or directory (2)
rsync: rename failed for "/mirrorswlzx/gentoo/snapshots/portage-20140804.tar.xz" (from snapshots/.~tmp~/portage-20140804.tar.xz): No such file or directory (2)
rsync: rename failed for "/mirrorswlzx/gentoo/snapshots/portage-20140804.tar.xz.gpgsig" (from snapshots/.~tmp~/portage-20140804.tar.xz.gpgsig): No such file or directory (2)
rsync: rename failed for "/mirrorswlzx/gentoo/snapshots/portage-latest.tar.bz2.md5sum" (from snapshots/.~tmp~/portage-latest.tar.bz2.md5sum): No such file or directory (2)
rsync: rename failed for "/mirrorswlzx/gentoo/snapshots/portage-latest.tar.xz.md5sum" (from snapshots/.~tmp~/portage-latest.tar.xz.md5sum): No such file or directory (2)
rsync: rename failed for "/mirrorswlzx/gentoo/snapshots/deltas/snapshot-20140803-20140804.patch.bz2.md5sum" (from snapshots/deltas/.~tmp~/snapshot-20140803-20140804.patch.bz2.md5sum): No such file or directory (2)
deleting distfiles/gnome-system-monitor-3.12.1.tar.xz
deleting snapshots/portage-20140727.tar.xz.gpgsig
deleting snapshots/portage-20140727.tar.xz
deleting snapshots/portage-20140727.tar.bz2.umd5sum
deleting snapshots/portage-20140727.tar.bz2.md5sum

Number of files: 68051
Number of files transferred: 86
Total file size: 290090474580 bytes
Total transferred file size: 178166317 bytes
Literal data: 138525754 bytes
Matched data: 39640563 bytes
File list size: 1884179
File list generation time: 52.013 seconds
File list transfer time: 0.000 seconds
Total bytes sent: 266575
Total bytes received: 140689806

sent 266575 bytes  received 140689806 bytes  5025.63 bytes/sec
total size is 290090474580  speedup is 2058.02
rsync error: some files/attrs were not transferred (see previous errors) (code 23) at main.c(1505) [generator=3.0.6]
