2014-08-06 00:36:14
rsync://rsync.apache.org/apache-dist/
receiving file list ... done
./
abdera/
abdera/1.1.3/
accumulo/
accumulo/1.3.6/
accumulo/1.4.5/
accumulo/1.5.1/
accumulo/1.6.0/
ace/
ace/apache-ace-2.0.1/
activemq/
activemq/5.10.0/
activemq/5.9.1/
activemq/activemq-apollo/
activemq/activemq-apollo/1.7/
activemq/activemq-cpp/
activemq/activemq-cpp/3.8.2/
activemq/activemq-cpp/3.8.3/
activemq/apache-nms/
activemq/apache-nms/1.5.0/
activemq/apache-nms/1.6.0/
airavata/
airavata/0.12/
allura/
ambari/
ambari/ambari-1.4.3/
ambari/ambari-1.4.4/
ambari/ambari-1.5.0/
ambari/ambari-1.5.1/
ambari/ambari-1.6.0/
ambari/ambari-1.6.1/
ant/
ant/antlibs/
ant/antlibs/antunit/
ant/antlibs/antunit/binaries/
ant/antlibs/antunit/source/
ant/antlibs/compress/
ant/antlibs/compress/binaries/
ant/antlibs/compress/source/
ant/antlibs/dotnet/
ant/antlibs/dotnet/binaries/
ant/antlibs/dotnet/source/
ant/binaries/
ant/ivy/
ant/ivy/2.3.0/
ant/ivy/2.4.0-rc1/
ant/ivyde/
ant/ivyde/2.2.0.final/
ant/ivyde/updatesite/
ant/ivyde/updatesite/ivy-2.3.0.final_20130110142753/
ant/ivyde/updatesite/ivy-2.3.0.final_20130110142753/features/
ant/ivyde/updatesite/ivy-2.3.0.final_20130110142753/plugins/
ant/ivyde/updatesite/ivy-2.4.0.cr1_20140315220245/
ant/ivyde/updatesite/ivy-2.4.0.cr1_20140315220245/features/
ant/ivyde/updatesite/ivy-2.4.0.cr1_20140315220245/plugins/
ant/ivyde/updatesite/ivyde-2.2.0.final-201311091524-RELEASE/
ant/ivyde/updatesite/ivyde-2.2.0.final-201311091524-RELEASE/features/
ant/ivyde/updatesite/ivyde-2.2.0.final-201311091524-RELEASE/plugins/
ant/manual/
ant/source/
any23/
any23/1.0/
apr/
apr/binaries/
apr/binaries/netware/
apr/binaries/pkg/
apr/binaries/rpm/
apr/binaries/rpm/SRPMS/
apr/binaries/rpm/i386/
apr/binaries/rpm/ppc/
apr/binaries/rpm/x86_64/
apr/binaries/win32/
apr/patches/
archiva/
archiva/1.3.9/
archiva/1.3.9/binaries/
archiva/1.3.9/src/
archiva/2.1.0/
archiva/2.1.0/binaries/
archiva/2.1.0/src/
archiva/pom/
archiva/redback-components/
archiva/redback-core/
aries/
avro/
avro/avro-1.6.3/
avro/avro-1.6.3/c/
avro/avro-1.6.3/cpp/
avro/avro-1.6.3/java/
avro/avro-1.6.3/php/
avro/avro-1.6.3/py/
avro/avro-1.6.3/ruby/
avro/avro-1.7.7/
avro/avro-1.7.7/c/
avro/avro-1.7.7/cpp/
avro/avro-1.7.7/java/
avro/avro-1.7.7/perl/
avro/avro-1.7.7/php/
avro/avro-1.7.7/py/
avro/avro-1.7.7/py3/
avro/avro-1.7.7/ruby/
axis/
axis/axis/
axis/axis/c/
axis/axis/java/
axis/axis/java/1.4/
axis/axis2/
axis/axis2/c/
axis/axis2/java/
axis/axis2/java/core/
axis/axis2/java/core/1.5.6/
axis/axis2/java/core/1.6.2/
axis/axis2/java/rampart/
axis/axis2/java/rampart/1.5.2/
axis/axis2/java/rampart/1.6.2/
axis/axis2/java/sandesha/
axis/axis2/java/sandesha/1.4/
axis/axis2/java/sandesha/1.6.2/
beehive/
bigtop/
bigtop/bigtop-0.7.0/
bigtop/bigtop-0.7.0/repos/
bigtop/bigtop-0.7.0/repos/centos5/
bigtop/bigtop-0.7.0/repos/centos6/
bigtop/bigtop-0.7.0/repos/fedora17/
bigtop/bigtop-0.7.0/repos/fedora18/
bigtop/bigtop-0.7.0/repos/lucid/
bigtop/bigtop-0.7.0/repos/opensuse12/
bigtop/bigtop-0.7.0/repos/precise/
bigtop/bigtop-0.7.0/repos/quantal/
bigtop/bigtop-0.7.0/repos/sles11/
bloodhound/
buildr/
buildr/1.4.19/
bval/
bval/0.5/
camel/
camel/apache-camel/
camel/apache-camel/2.11.4/
camel/apache-camel/2.12.4/
camel/apache-camel/2.13.2/
camel/apache-camel/camel-2.13.2/
cassandra/
cassandra/1.1.12/
cassandra/1.2.17/
cassandra/1.2.18/
cassandra/2.0.9/
cassandra/2.1.0/
cassandra/debian/
cassandra/debian/dists/
cassandra/debian/dists/06x/
cassandra/debian/dists/06x/main/
cassandra/debian/dists/06x/main/binary-amd64/
cassandra/debian/dists/06x/main/binary-i386/
cassandra/debian/dists/06x/main/source/
cassandra/debian/dists/07x/
cassandra/debian/dists/07x/main/
cassandra/debian/dists/07x/main/binary-amd64/
cassandra/debian/dists/07x/main/binary-i386/
cassandra/debian/dists/07x/main/source/
cassandra/debian/dists/08x/
cassandra/debian/dists/08x/main/
cassandra/debian/dists/08x/main/binary-amd64/
cassandra/debian/dists/08x/main/binary-i386/
cassandra/debian/dists/08x/main/source/
cassandra/debian/dists/10x/
cassandra/debian/dists/10x/main/
cassandra/debian/dists/10x/main/binary-amd64/
cassandra/debian/dists/10x/main/binary-i386/
cassandra/debian/dists/10x/main/source/
cassandra/debian/dists/11x/
cassandra/debian/dists/11x/main/
cassandra/debian/dists/11x/main/binary-amd64/
cassandra/debian/dists/11x/main/binary-i386/
cassandra/debian/dists/11x/main/source/
cassandra/debian/dists/12x/
cassandra/debian/dists/12x/main/
cassandra/debian/dists/12x/main/binary-amd64/
cassandra/debian/dists/12x/main/binary-i386/
cassandra/debian/dists/12x/main/source/
cassandra/debian/dists/20x/
cassandra/debian/dists/20x/main/
cassandra/debian/dists/20x/main/binary-amd64/
cassandra/debian/dists/20x/main/binary-i386/
cassandra/debian/dists/20x/main/source/
cassandra/debian/dists/21x/
cassandra/debian/dists/21x/main/
cassandra/debian/dists/21x/main/binary-amd64/
cassandra/debian/dists/21x/main/binary-i386/
cassandra/debian/dists/21x/main/source/
cassandra/debian/dists/sid/
cassandra/debian/dists/sid/main/
cassandra/debian/dists/sid/main/binary-amd64/
cassandra/debian/dists/sid/main/binary-i386/
cassandra/debian/dists/sid/main/source/
cassandra/debian/dists/unstable/
cassandra/debian/dists/unstable/main/
cassandra/debian/dists/unstable/main/binary-amd64/
cassandra/debian/dists/unstable/main/binary-i386/
cassandra/debian/dists/unstable/main/source/
cassandra/debian/pool/
cassandra/debian/pool/main/
cassandra/debian/pool/main/c/
cassandra/debian/pool/main/c/cassandra/
cayenne/
cayenne/3.1RC1/
cayenne/3.2M1/
chemistry/
chemistry/cmislib/
chemistry/cmislib/0.5.1/
chemistry/cmislib/0.5/
chemistry/dotcmis/
chemistry/dotcmis/0.4/
chemistry/dotcmis/0.5/
chemistry/dotcmis/0.6/
chemistry/objectivecmis/
chemistry/objectivecmis/0.1/
chemistry/objectivecmis/0.2/
chemistry/objectivecmis/0.3/
chemistry/objectivecmis/0.4/
chemistry/opencmis/
chemistry/opencmis/0.10.0/
chemistry/opencmis/0.11.0/
chemistry/opencmis/0.9.0-beta-1/
chemistry/opencmis/0.9.0/
chukwa/
clerezza/
clerezza/partial-release-20130710/
click/
click/click/
click/click/2.3.0/
click/clickide/
click/clickide/2.3.0.0/
cloudstack/
cloudstack/releases/
cloudstack/releases/4.1.1/
cloudstack/releases/4.2.1/
cloudstack/releases/4.3.0/
cloudstack/releases/4.4.0/
cloudstack/releases/cloudmonkey-5.0.0/
cloudstack/releases/cloudmonkey-5.1.0/
cocoon/
cocoon/2.2/
cocoon/2.2/cocoon-ajax-block/
cocoon/2.2/cocoon-apples-block/
cocoon/2.2/cocoon-auth-block/
cocoon/2.2/cocoon-batik-block/
cocoon/2.2/cocoon-captcha-block/
cocoon/2.2/cocoon-databases-bridge-block/
cocoon/2.2/cocoon-databases-hsqldb-client-block/
cocoon/2.2/cocoon-databases-hsqldb-server-block/
cocoon/2.2/cocoon-databases-impl-block/
cocoon/2.2/cocoon-flowscript-block/
cocoon/2.2/cocoon-fop-block/
cocoon/2.2/cocoon-forms-block/
cocoon/2.2/cocoon-getting-started/
cocoon/2.2/cocoon-html-block/
cocoon/2.2/cocoon-linkrewriter-block/
cocoon/2.2/cocoon-mail-block/
cocoon/2.2/cocoon-template-block/
cocoon/3.0/
cocoon/BINARIES/
cocoon/SOURCES/
cocoon/events/
cocoon/images/
cocoon/styles/
cocoon/subprojects/
cocoon/subprojects/block-deployment/
cocoon/subprojects/block-deployment/1.2.1/
cocoon/subprojects/configuration/
cocoon/subprojects/configuration/configuration-api/
cocoon/subprojects/configuration/configuration-api/1.0.4/
cocoon/subprojects/configuration/spring-configurator/
cocoon/subprojects/configuration/spring-configurator/2.2.1/
cocoon/subprojects/it-fw/
cocoon/subprojects/it-fw/1.0.1/
cocoon/subprojects/jnet/
cocoon/subprojects/jnet/1.2.2/
cocoon/subprojects/maven-plugin/
cocoon/subprojects/maven-plugin/1.0.2/
cocoon/subprojects/rcl/
cocoon/subprojects/rcl/cocoon-rcl-spring-reloader/
cocoon/subprojects/rcl/cocoon-rcl-spring-reloader/1.0.2/
cocoon/subprojects/rcl/cocoon-rcl-webapp-wrapper/
cocoon/subprojects/rcl/cocoon-rcl-webapp-wrapper/1.0.2/
cocoon/subprojects/serializers-charsets/
cocoon/subprojects/serializers-charsets/1.0.2/
cocoon/subprojects/servlet-service/
cocoon/subprojects/servlet-service/1.3.2/
cocoon/subprojects/xml/
cocoon/subprojects/xml/2.0.4/
commons/
commons/attributes/
commons/attributes/binaries/
commons/attributes/source/
commons/bcel/
commons/bcel/binaries/
commons/bcel/source/
commons/beanutils/
commons/beanutils/binaries/
commons/beanutils/source/
commons/betwixt/
commons/betwixt/binaries/
commons/betwixt/source/
commons/bsf/
commons/bsf/binaries/
commons/bsf/source/
commons/chain/
commons/chain/binaries/
commons/chain/source/
commons/cli/
commons/cli/binaries/
commons/cli/source/
commons/codec/
commons/codec/binaries/
commons/codec/source/
commons/collections/
commons/collections/binaries/
commons/collections/source/
commons/commons-build-plugin/
commons/commons-build-plugin/binaries/
commons/commons-build-plugin/source/
commons/compress/
commons/compress/binaries/
commons/compress/source/
commons/configuration/
commons/configuration/binaries/
commons/configuration/source/
commons/daemon/
commons/daemon/binaries/
commons/daemon/binaries/windows/
commons/daemon/source/
commons/dbcp/
commons/dbcp/binaries/
commons/dbcp/source/
commons/dbutils/
commons/dbutils/binaries/
commons/dbutils/source/
commons/digester/
commons/digester/binaries/
commons/digester/source/
commons/discovery/
commons/discovery/binaries/
commons/discovery/source/
commons/el/
commons/el/binaries/
commons/el/source/
commons/email/
commons/email/binaries/
commons/email/source/
commons/exec/
commons/exec/binaries/
commons/exec/source/
commons/fileupload/
commons/fileupload/binaries/
commons/fileupload/source/
commons/httpclient/
commons/io/
commons/io/binaries/
commons/io/source/
commons/jci/
commons/jci/binaries/
commons/jci/source/
commons/jcs/
commons/jcs/binaries/
commons/jcs/source/
commons/jelly/
commons/jelly/binaries/
commons/jelly/source/
commons/jexl/
commons/jexl/binaries/
commons/jexl/source/
commons/jxpath/
commons/jxpath/binaries/
commons/jxpath/source/
commons/lang/
commons/lang/binaries/
commons/lang/source/
commons/launcher/
commons/launcher/binaries/
commons/launcher/source/
commons/logging/
commons/logging/binaries/
commons/logging/source/
commons/math/
commons/math/binaries/
commons/math/source/
commons/modeler/
commons/modeler/binaries/
commons/modeler/source/
commons/net/
commons/net/binaries/
commons/net/source/
commons/pool/
commons/pool/binaries/
commons/pool/source/
commons/primitives/
commons/primitives/binaries/
commons/primitives/source/
commons/proxy/
commons/proxy/binaries/
commons/proxy/source/
commons/sanselan/
commons/sanselan/binaries/
commons/sanselan/source/
commons/scxml/
commons/scxml/binaries/
commons/scxml/source/
commons/transaction/
commons/transaction/binaries/
commons/transaction/source/
commons/validator/
commons/validator/binaries/
commons/validator/source/
commons/vfs/
commons/vfs/binaries/
commons/vfs/source/
commons/weaver/
commons/weaver/binaries/
commons/weaver/source/
continuum/
continuum/binaries/
continuum/source/
cordova/
cordova/libs/
cordova/platforms/
cordova/plugins/
cordova/tools/
couchdb/
couchdb/binary/
couchdb/binary/mac/
couchdb/binary/mac/1.5.0/
couchdb/binary/mac/1.5.1/
couchdb/binary/mac/1.6.0/
couchdb/binary/win/
couchdb/binary/win/1.5.0/
couchdb/binary/win/1.5.1/
couchdb/binary/win/1.6.0/
couchdb/hidden/
couchdb/notes/
couchdb/notes/1.3.0/
couchdb/notes/1.3.1/
couchdb/notes/1.4.0/
couchdb/notes/1.5.0/
couchdb/notes/1.5.1/
couchdb/notes/1.6.0/
couchdb/source/
couchdb/source/1.5.0/
couchdb/source/1.5.1/
couchdb/source/1.6.0/
creadur/
creadur/apache-rat-0.10/
crunch/
crunch/crunch-0.10.0/
crunch/crunch-0.8.3/
ctakes/
ctakes/ctakes-3.1.0/
ctakes/ctakes-3.1.1/
ctakes/ctakes-3.2.0/
curator/
curator/2.3.0/
curator/2.4.0/
curator/2.4.1/
curator/2.4.2/
curator/2.5.0/
curator/2.6.0/
cxf/
cxf/2.6.14/
cxf/2.6.15/
cxf/2.7.11/
cxf/2.7.12/
cxf/3.0.0/
cxf/3.0.1/
cxf/dosgi/
cxf/dosgi/1.2/
cxf/fediz/
cxf/fediz/1.0.4/
cxf/fediz/1.1.1/
db/
db/derby/
db/derby/db-derby-10.10.2.0/
db/derby/db-derby-10.8.3.0/
db/jdo/
db/jdo/3.0.1/
db/jdo/3.1-rc1/
db/torque/
db/torque/torque-4.0/
db/torque/torque-4.0/binaries/
db/torque/torque-4.0/source/
deltacloud/
deltacloud/1.0.3/
deltacloud/1.0.4/
deltacloud/1.0.5/
deltacloud/1.1.0/
deltacloud/1.1.1/
deltacloud/1.1.2/
deltacloud/1.1.3/
deltacloud/rc1/
deltaspike/
deltaspike/1.0.1/
directmemory/
directmemory/0.2/
directory/
directory/apacheds/
directory/apacheds/dist/
directory/apacheds/dist/2.0.0-M16/
directory/apacheds/dist/2.0.0-M17/
directory/api/
directory/api/1.0.0-M20/
directory/api/dist/
directory/api/dist/1.0.0-M21/
directory/api/dist/1.0.0-M22/
directory/api/dist/1.0.0-M23/
directory/api/dist/1.0.0-M24/
directory/mavibot/
directory/mavibot/dist/
directory/mavibot/dist/1.0.0-M3/
directory/mavibot/dist/1.0.0-M4/
directory/mavibot/dist/1.0.0-M5/
directory/studio/
directory/studio/2.0.0.v20130628/
directory/studio/dist/
directory/studio/dist/2.0.0.v20130628/
directory/studio/update/
directory/studio/update/2.x/
directory/studio/update/2.x/features/
directory/studio/update/2.x/plugins/
empire-db/
empire-db/2.3.0/
empire-db/2.4.0/
empire-db/2.4.1/
empire-db/2.4.2/
esme/
etch/
etch/1.3.0/
excalibur/
rsync error: timeout in data send/receive (code 30) at io.c(137) [sender=3.0.9]
rsync: connection unexpectedly closed (273518 bytes received so far) [receiver]
rsync error: error in rsync protocol data stream (code 12) at io.c(600) [receiver=3.0.6]
rsync: connection unexpectedly closed (266057 bytes received so far) [generator]
rsync error: error in rsync protocol data stream (code 12) at io.c(600) [generator=3.0.6]
