2014-08-06 04:00:02
rsync://ftp.cn.debian.org/debian-cd/
 _______________________________________________________________
|         University of Science and Technology of China         |
|           Open Source Mirror  (mirrors.ustc.edu.cn)           |
|===============================================================|
|                                                               |
| Debian primary mirror in China mainland (ftp.cn.debian.org),  |
|     also mirroring a great many OSS projects & Linux distros. |
|                                                               |
| This site also provides http/https/ftp access.                |
|                                                               |
| Supported by USTC Network Information Center                  |
|          and USTC Linux User Group (http://lug.ustc.edu.cn/). |
|                                                               |
|    Sync Status:  http://mirrors.ustc.edu.cn/status/           |
|           News:  http://servers.blog.ustc.edu.cn/             |
|        Contact:  mirrors@ustc.edu.cn                          |
|_______________________________________________________________|


receiving file list ... done
./
ls-lR.gz
project/trace/ftp.cn.debian.org

Number of files: 5710
Number of files transferred: 2
Total file size: 325544214719 bytes
Total transferred file size: 38815 bytes
Literal data: 38815 bytes
Matched data: 0 bytes
File list size: 137238
File list generation time: 0.789 seconds
File list transfer time: 0.000 seconds
Total bytes sent: 430
Total bytes received: 177305

sent 430 bytes  received 177305 bytes  71094.00 bytes/sec
total size is 325544214719  speedup is 1831626.94
