2014-08-05 15:28:57
rsync://download1.rpmfusion.org/rpmfusion
receiving file list ... done
./
free/
free/el/
free/el/releases/
free/el/releases/5/
free/el/releases/5/Everything/
free/el/releases/5/Everything/i386/
free/el/releases/5/Everything/i386/debug/
free/el/releases/5/Everything/i386/debug/repodata/
free/el/releases/5/Everything/i386/os/
free/el/releases/5/Everything/i386/os/repodata/
free/el/releases/5/Everything/source/
free/el/releases/5/Everything/source/SRPMS/
free/el/releases/5/Everything/source/SRPMS/repodata/
free/el/releases/5/Everything/x86_64/
free/el/releases/5/Everything/x86_64/debug/
free/el/releases/5/Everything/x86_64/debug/repodata/
free/el/releases/5/Everything/x86_64/os/
free/el/releases/5/Everything/x86_64/os/repodata/
free/el/releases/6/
free/el/releases/6/Everything/
free/el/releases/6/Everything/i386/
free/el/releases/6/Everything/i386/debug/
free/el/releases/6/Everything/i386/os/
free/el/releases/6/Everything/i386/os/repodata/
free/el/releases/6/Everything/source/
free/el/releases/6/Everything/source/SRPMS/
free/el/releases/6/Everything/source/SRPMS/repodata/
free/el/releases/6/Everything/x86_64/
free/el/releases/6/Everything/x86_64/debug/
free/el/releases/6/Everything/x86_64/os/
free/el/releases/6/Everything/x86_64/os/repodata/
free/el/updates/
free/el/updates/5/
free/el/updates/5/SRPMS/
free/el/updates/5/SRPMS/repodata/
free/el/updates/5/SRPMS/repoview/
free/el/updates/5/SRPMS/repoview/layout/
free/el/updates/5/i386/
free/el/updates/5/i386/debug/
free/el/updates/5/i386/debug/repodata/
free/el/updates/5/i386/repodata/
free/el/updates/5/i386/repoview/
free/el/updates/5/i386/repoview/layout/
free/el/updates/5/x86_64/
free/el/updates/5/x86_64/DVDRipOMatic-0.95-5.el5.noarch.rpm
free/el/updates/5/x86_64/a52dec-0.7.4-13.el5.i386.rpm
free/el/updates/5/x86_64/a52dec-devel-0.7.4-13.el5.i386.rpm
free/el/updates/5/x86_64/comps.xml
free/el/updates/5/x86_64/faac-1.28-1.el5.i386.rpm
free/el/updates/5/x86_64/faac-devel-1.28-1.el5.i386.rpm
free/el/updates/5/x86_64/faad2-devel-2.6.1-5.el5.i386.rpm
free/el/updates/5/x86_64/faad2-libs-2.6.1-5.el5.i386.rpm
free/el/updates/5/x86_64/ffmpeg-0.4.9-0.52.20080908.el5.i386.rpm
free/el/updates/5/x86_64/ffmpeg-devel-0.4.9-0.52.20080908.el5.i386.rpm
free/el/updates/5/x86_64/ffmpeg-libs-0.4.9-0.52.20080908.el5.i386.rpm
free/el/updates/5/x86_64/flvtool2-1.0.6-4.el5.noarch.rpm
free/el/updates/5/x86_64/gpac-devel-0.4.5-0.7.20080217cvs.el5.i386.rpm
free/el/updates/5/x86_64/gpac-libs-0.4.5-0.7.20080217cvs.el5.i386.rpm
free/el/updates/5/x86_64/gstreamer-ffmpeg-0.10.5-1.el5.i386.rpm
free/el/updates/5/x86_64/gstreamer-plugins-bad-0.10.8-4.el5.1.i386.rpm
free/el/updates/5/x86_64/gstreamer-plugins-bad-devel-0.10.8-4.el5.1.i386.rpm
free/el/updates/5/x86_64/gstreamer-plugins-bad-extras-0.10.8-4.el5.1.i386.rpm
free/el/updates/5/x86_64/gstreamer-plugins-ugly-0.10.9-2.el5.1.i386.rpm
free/el/updates/5/x86_64/kino-1.3.3-1.el5.i386.rpm
free/el/updates/5/x86_64/kino-devel-1.3.3-1.el5.i386.rpm
free/el/updates/5/x86_64/lame-devel-3.97-7.el5.i386.rpm
free/el/updates/5/x86_64/lame-libs-3.97-7.el5.i386.rpm
free/el/updates/5/x86_64/libdca-0.0.5-3.el5.i386.rpm
free/el/updates/5/x86_64/libdca-devel-0.0.5-3.el5.i386.rpm
free/el/updates/5/x86_64/libdvbpsi-0.1.6-3.el5.1.i386.rpm
free/el/updates/5/x86_64/libdvbpsi-devel-0.1.6-3.el5.1.i386.rpm
free/el/updates/5/x86_64/libmad-0.15.1b-8.el5.i386.rpm
free/el/updates/5/x86_64/libmad-devel-0.15.1b-8.el5.i386.rpm
free/el/updates/5/x86_64/libmms-0.4-3.el5.i386.rpm
free/el/updates/5/x86_64/libmms-devel-0.4-3.el5.i386.rpm
free/el/updates/5/x86_64/libmpeg2-0.5.1-3.el5.i386.rpm
free/el/updates/5/x86_64/libmpeg2-devel-0.5.1-3.el5.i386.rpm
free/el/updates/5/x86_64/libmpeg3-1.7-6.el5.i386.rpm
free/el/updates/5/x86_64/libmpeg3-devel-1.7-6.el5.i386.rpm
free/el/updates/5/x86_64/libquicktime-1.0.3-3.el5.i386.rpm
free/el/updates/5/x86_64/libquicktime-devel-1.0.3-3.el5.i386.rpm
free/el/updates/5/x86_64/live555-0-0.20.2008.07.25.el5.i386.rpm
free/el/updates/5/x86_64/live555-devel-0-0.20.2008.07.25.el5.i386.rpm
free/el/updates/5/x86_64/mamory-0.2.25-3.el5.i386.rpm
free/el/updates/5/x86_64/mamory-devel-0.2.25-3.el5.i386.rpm
free/el/updates/5/x86_64/mencoder-1.0-0.101.20080903svn.el5.1.i386.rpm
free/el/updates/5/x86_64/mjpegtools-1.9.0-0.6.rc3.el5.i386.rpm
free/el/updates/5/x86_64/mjpegtools-devel-1.9.0-0.6.rc3.el5.i386.rpm
free/el/updates/5/x86_64/mjpegtools-libs-1.9.0-0.6.rc3.el5.i386.rpm
free/el/updates/5/x86_64/mplayer-1.0-0.101.20080903svn.el5.1.i386.rpm
free/el/updates/5/x86_64/rpmfusion-free-release-5-0.1.noarch.rpm
free/el/updates/5/x86_64/rpmfusion-free-release-5-1.noarch.rpm
free/el/updates/5/x86_64/smpeg-devel-0.4.5-0.2.el5.i386.rpm
free/el/updates/5/x86_64/smpeg-libs-0.4.5-0.2.el5.i386.rpm
free/el/updates/5/x86_64/tivodecode-devel-0.2-0.3.pre4.el5.i386.rpm
free/el/updates/5/x86_64/tivodecode-libs-0.2-0.3.pre4.el5.i386.rpm
free/el/updates/5/x86_64/twolame-devel-0.3.12-3.el5.i386.rpm
free/el/updates/5/x86_64/twolame-libs-0.3.12-3.el5.i386.rpm
free/el/updates/5/x86_64/vcdimager-0.7.23-8.el5.i386.rpm
free/el/updates/5/x86_64/vcdimager-devel-0.7.23-8.el5.i386.rpm
free/el/updates/5/x86_64/vcdimager-libs-0.7.23-8.el5.i386.rpm
free/el/updates/5/x86_64/x264-devel-0.0.0-0.15.20080613.el5.i386.rpm
free/el/updates/5/x86_64/x264-gui-0.0.0-0.15.20080613.el5.i386.rpm
free/el/updates/5/x86_64/x264-gui-devel-0.0.0-0.15.20080613.el5.i386.rpm
free/el/updates/5/x86_64/x264-libs-0.0.0-0.15.20080613.el5.i386.rpm
free/el/updates/5/x86_64/xvidcore-1.1.3-4.el5.i386.rpm
free/el/updates/5/x86_64/xvidcore-devel-1.1.3-4.el5.i386.rpm
free/el/updates/5/x86_64/z-push-2.0.7-3.el5.centos.noarch.rpm
free/el/updates/5/x86_64/z-push-2.1.1-1.el5.centos.noarch.rpm
free/el/updates/5/x86_64/z-push-combined-2.0.7-3.el5.centos.noarch.rpm
free/el/updates/5/x86_64/z-push-combined-2.1.1-1.el5.centos.noarch.rpm
free/el/updates/5/x86_64/z-push-imap-2.0.7-3.el5.centos.noarch.rpm
free/el/updates/5/x86_64/z-push-imap-2.1.1-1.el5.centos.noarch.rpm
free/el/updates/5/x86_64/z-push-maildir-2.0.7-3.el5.centos.noarch.rpm
free/el/updates/5/x86_64/z-push-maildir-2.1.1-1.el5.centos.noarch.rpm
free/el/updates/5/x86_64/z-push-searchldap-2.0.7-3.el5.centos.noarch.rpm
free/el/updates/5/x86_64/z-push-searchldap-2.1.1-1.el5.centos.noarch.rpm
free/el/updates/5/x86_64/z-push-vcarddir-2.0.7-3.el5.centos.noarch.rpm
free/el/updates/5/x86_64/z-push-vcarddir-2.1.1-1.el5.centos.noarch.rpm
free/el/updates/5/x86_64/z-push-zarafa-2.0.7-3.el5.centos.noarch.rpm
free/el/updates/5/x86_64/z-push-zarafa-2.1.1-1.el5.centos.noarch.rpm
free/el/updates/5/x86_64/debug/
free/el/updates/5/x86_64/debug/repodata/
free/el/updates/5/x86_64/repodata/
free/el/updates/5/x86_64/repoview/
free/el/updates/5/x86_64/repoview/layout/
free/el/updates/6/
free/el/updates/6/SRPMS/
free/el/updates/6/SRPMS/repodata/
free/el/updates/6/SRPMS/repoview/
free/el/updates/6/SRPMS/repoview/layout/
free/el/updates/6/i386/
free/el/updates/6/i386/debug/
free/el/updates/6/i386/debug/repodata/
free/el/updates/6/i386/repodata/
free/el/updates/6/i386/repoview/
free/el/updates/6/i386/repoview/layout/
free/el/updates/6/x86_64/
free/el/updates/6/x86_64/a52dec-0.7.4-15.el6.3.i686.rpm
free/el/updates/6/x86_64/a52dec-devel-0.7.4-15.el6.3.i686.rpm
free/el/updates/6/x86_64/faad2-devel-2.7-2.el6.3.i686.rpm
free/el/updates/6/x86_64/faad2-libs-2.7-2.el6.3.i686.rpm
free/el/updates/6/x86_64/ffmpeg-compat-0.6.6-1.el6.i686.rpm
free/el/updates/6/x86_64/ffmpeg-compat-0.6.7-1.el6.i686.rpm
free/el/updates/6/x86_64/ffmpeg-compat-devel-0.6.6-1.el6.i686.rpm
free/el/updates/6/x86_64/ffmpeg-compat-devel-0.6.7-1.el6.i686.rpm
free/el/updates/6/x86_64/ffmpeg-devel-0.10.11-1.el6.i686.rpm
free/el/updates/6/x86_64/ffmpeg-devel-0.10.9-1.el6.i686.rpm
free/el/updates/6/x86_64/ffmpeg-libs-0.10.11-1.el6.i686.rpm
free/el/updates/6/x86_64/ffmpeg-libs-0.10.9-1.el6.i686.rpm
free/el/updates/6/x86_64/flvtool2-1.0.6-4.el6.noarch.rpm
free/el/updates/6/x86_64/gpac-devel-0.4.6-0.13.cvs20100527.el6.3.i686.rpm
free/el/updates/6/x86_64/gpac-devel-0.5.0-1.el6.i686.rpm
free/el/updates/6/x86_64/gpac-libs-0.4.6-0.13.cvs20100527.el6.3.i686.rpm
free/el/updates/6/x86_64/gpac-libs-0.5.0-1.el6.i686.rpm
free/el/updates/6/x86_64/gstreamer-ffmpeg-0.10.11-2.el6.i686.rpm
free/el/updates/6/x86_64/gstreamer-plugins-bad-0.10.19-2.el6.i686.rpm
free/el/updates/6/x86_64/gstreamer-plugins-bad-freeworld-devel-0.10.19-2.el6.i686.rpm
free/el/updates/6/x86_64/gstreamer-plugins-ugly-0.10.18-4.el6.i686.rpm
free/el/updates/6/x86_64/gstreamer-plugins-ugly-devel-docs-0.10.18-4.el6.noarch.rpm
free/el/updates/6/x86_64/lame-devel-3.99.5-1.el6.i686.rpm
free/el/updates/6/x86_64/lame-libs-3.99.5-1.el6.i686.rpm
free/el/updates/6/x86_64/libaacs-0.2-0.3.20111105git876f45a3f727e.el6.i386.rpm
free/el/updates/6/x86_64/libaacs-0.7.0-2.el6.i686.rpm
free/el/updates/6/x86_64/libaacs-devel-0.2-0.3.20111105git876f45a3f727e.el6.i386.rpm
free/el/updates/6/x86_64/libaacs-devel-0.7.0-2.el6.i686.rpm
free/el/updates/6/x86_64/libbdplus-0.1.0-2.el6.i686.rpm
free/el/updates/6/x86_64/libbdplus-devel-0.1.0-2.el6.i686.rpm
free/el/updates/6/x86_64/libdca-0.0.5-6.el6.i686.rpm
free/el/updates/6/x86_64/libdca-devel-0.0.5-6.el6.i686.rpm
free/el/updates/6/x86_64/libdvbpsi-0.2.2-2.el6.i686.rpm
free/el/updates/6/x86_64/libdvbpsi-devel-0.2.2-2.el6.i686.rpm
free/el/updates/6/x86_64/libfame-0.9.1-16.el6.i686.rpm
free/el/updates/6/x86_64/libfame-devel-0.9.1-16.el6.i686.rpm
free/el/updates/6/x86_64/libmad-0.15.1b-14.el6.i686.rpm
free/el/updates/6/x86_64/libmad-devel-0.15.1b-14.el6.i686.rpm
free/el/updates/6/x86_64/libmimic-1.0.4-6.el6.i686.rpm
free/el/updates/6/x86_64/libmimic-devel-1.0.4-6.el6.i686.rpm
free/el/updates/6/x86_64/libmms-0.6-2.el6.i686.rpm
free/el/updates/6/x86_64/libmms-devel-0.6-2.el6.i686.rpm
free/el/updates/6/x86_64/libmpeg2-0.5.1-9.el6.i686.rpm
free/el/updates/6/x86_64/libmpeg2-devel-0.5.1-9.el6.i686.rpm
free/el/updates/6/x86_64/libmpeg3-1.8-4.el6.i686.rpm
free/el/updates/6/x86_64/libmpeg3-devel-1.8-4.el6.i686.rpm
free/el/updates/6/x86_64/libmpg123-1.13.8-1.el6.i686.rpm
free/el/updates/6/x86_64/libmpg123-devel-1.13.8-1.el6.i686.rpm
free/el/updates/6/x86_64/libquicktime-1.2.4-1.el6.i686.rpm
free/el/updates/6/x86_64/libquicktime-devel-1.2.4-1.el6.i686.rpm
free/el/updates/6/x86_64/librtmp-2.3-3.el6.i686.rpm
free/el/updates/6/x86_64/librtmp-devel-2.3-3.el6.i686.rpm
free/el/updates/6/x86_64/libshairport-1.2.1-2.20121218git16395d8.el6.i686.rpm
free/el/updates/6/x86_64/libshairport-devel-1.2.1-2.20121218git16395d8.el6.i686.rpm
free/el/updates/6/x86_64/live555-0-0.30.2011.01.24.el6.i386.rpm
free/el/updates/6/x86_64/live555-0-0.37.2012.04.27.el6.i686.rpm
free/el/updates/6/x86_64/live555-devel-0-0.30.2011.01.24.el6.i386.rpm
free/el/updates/6/x86_64/live555-devel-0-0.37.2012.04.27.el6.i686.rpm
free/el/updates/6/x86_64/mjpegtools-devel-2.0.0-4.el6.i686.rpm
free/el/updates/6/x86_64/mjpegtools-lav-2.0.0-4.el6.i686.rpm
free/el/updates/6/x86_64/mjpegtools-lav-devel-2.0.0-4.el6.i686.rpm
free/el/updates/6/x86_64/mjpegtools-libs-2.0.0-4.el6.i686.rpm
free/el/updates/6/x86_64/mock-rpmfusion-free-20.0-1.el6.noarch.rpm
free/el/updates/6/x86_64/mock-rpmfusion-free-20.1-1.el6.noarch.rpm
free/el/updates/6/x86_64/mythtv-devel-0.26.1-4.el6.i686.rpm
free/el/updates/6/x86_64/mythtv-devel-0.26.1-5.el6.i686.rpm
free/el/updates/6/x86_64/mythtv-docs-0.26.1-4.el6.noarch.rpm
free/el/updates/6/x86_64/mythtv-docs-0.26.1-5.el6.noarch.rpm
free/el/updates/6/x86_64/mythtv-libs-0.26.1-4.el6.i686.rpm
free/el/updates/6/x86_64/mythtv-libs-0.26.1-5.el6.i686.rpm
free/el/updates/6/x86_64/mythweb-0.26.0-2.el6.noarch.rpm
free/el/updates/6/x86_64/mythweb-0.26.1-1.el6.noarch.rpm
free/el/updates/6/x86_64/opencore-amr-0.1.2-2.el6.i686.rpm
free/el/updates/6/x86_64/opencore-amr-devel-0.1.2-2.el6.i686.rpm
free/el/updates/6/x86_64/perl-MythTV-0.26.1-4.el6.noarch.rpm
free/el/updates/6/x86_64/perl-MythTV-0.26.1-5.el6.noarch.rpm
free/el/updates/6/x86_64/perl-XMLTV-0.5.63-1.el6.noarch.rpm
free/el/updates/6/x86_64/php-MythTV-0.26.1-4.el6.noarch.rpm
free/el/updates/6/x86_64/php-MythTV-0.26.1-5.el6.noarch.rpm
free/el/updates/6/x86_64/python-MythTV-0.26.1-4.el6.noarch.rpm
free/el/updates/6/x86_64/python-MythTV-0.26.1-5.el6.noarch.rpm
free/el/updates/6/x86_64/rpmfusion-free-release-6-0.1.noarch.rpm
free/el/updates/6/x86_64/rpmfusion-free-release-6-1.noarch.rpm
free/el/updates/6/x86_64/twolame-devel-0.3.13-2.el6.i686.rpm
free/el/updates/6/x86_64/twolame-libs-0.3.13-2.el6.i686.rpm
free/el/updates/6/x86_64/vcdimager-devel-0.7.24-2.el6.1.i686.rpm
free/el/updates/6/x86_64/vcdimager-libs-0.7.24-2.el6.1.i686.rpm
free/el/updates/6/x86_64/vlc-core-2.0.10-1.el6.i686.rpm
free/el/updates/6/x86_64/vlc-core-2.0.8-2.el6.i686.rpm
free/el/updates/6/x86_64/vlc-devel-2.0.10-1.el6.i686.rpm
free/el/updates/6/x86_64/vlc-devel-2.0.8-2.el6.i686.rpm
free/el/updates/6/x86_64/vo-amrwbenc-0.1.1-2.el6.1.i686.rpm
free/el/updates/6/x86_64/vo-amrwbenc-devel-0.1.1-2.el6.1.i686.rpm
free/el/updates/6/x86_64/x264-devel-0.120-4.20120303.el6_bootstrap.i686.rpm
free/el/updates/6/x86_64/x264-devel-0.120-5.20120303.el6.i686.rpm
free/el/updates/6/x86_64/x264-libs-0.120-4.20120303.el6_bootstrap.i686.rpm
free/el/updates/6/x86_64/x264-libs-0.120-5.20120303.el6.i686.rpm
free/el/updates/6/x86_64/xmltv-0.5.63-1.el6.noarch.rpm
free/el/updates/6/x86_64/xmltv-grabbers-0.5.63-1.el6.noarch.rpm
free/el/updates/6/x86_64/xmltv-gui-0.5.63-1.el6.noarch.rpm
free/el/updates/6/x86_64/xvidcore-1.3.2-3.el6.i686.rpm
free/el/updates/6/x86_64/xvidcore-devel-1.3.2-3.el6.i686.rpm
free/el/updates/6/x86_64/yle-dl-2.0.1-3.el6.noarch.rpm
free/el/updates/6/x86_64/z-push-2.0.7-3.el6.noarch.rpm
free/el/updates/6/x86_64/z-push-2.1.1-1.el6.noarch.rpm
free/el/updates/6/x86_64/z-push-combined-2.0.7-3.el6.noarch.rpm
free/el/updates/6/x86_64/z-push-combined-2.1.1-1.el6.noarch.rpm
free/el/updates/6/x86_64/z-push-imap-2.0.7-3.el6.noarch.rpm
free/el/updates/6/x86_64/z-push-imap-2.1.1-1.el6.noarch.rpm
free/el/updates/6/x86_64/z-push-maildir-2.0.7-3.el6.noarch.rpm
free/el/updates/6/x86_64/z-push-maildir-2.1.1-1.el6.noarch.rpm
free/el/updates/6/x86_64/z-push-searchldap-2.0.7-3.el6.noarch.rpm
free/el/updates/6/x86_64/z-push-searchldap-2.1.1-1.el6.noarch.rpm
free/el/updates/6/x86_64/z-push-vcarddir-2.0.7-3.el6.noarch.rpm
free/el/updates/6/x86_64/z-push-vcarddir-2.1.1-1.el6.noarch.rpm
free/el/updates/6/x86_64/z-push-zarafa-2.0.7-3.el6.noarch.rpm
free/el/updates/6/x86_64/z-push-zarafa-2.1.1-1.el6.noarch.rpm
free/el/updates/6/x86_64/debug/
free/el/updates/6/x86_64/debug/repodata/
free/el/updates/6/x86_64/repodata/
free/el/updates/6/x86_64/repoview/
free/el/updates/6/x86_64/repoview/layout/
free/el/updates/testing/
free/el/updates/testing/5/
free/el/updates/testing/5/SRPMS/
free/el/updates/testing/5/SRPMS/repodata/
free/el/updates/testing/5/SRPMS/repoview/
free/el/updates/testing/5/SRPMS/repoview/layout/
free/el/updates/testing/5/i386/
free/el/updates/testing/5/i386/debug/
free/el/updates/testing/5/i386/debug/repodata/
free/el/updates/testing/5/i386/repodata/
free/el/updates/testing/5/i386/repoview/
free/el/updates/testing/5/i386/repoview/layout/
free/el/updates/testing/5/x86_64/
free/el/updates/testing/5/x86_64/comps.xml
free/el/updates/testing/5/x86_64/z-push-2.1.2-1.el5.centos.noarch.rpm
free/el/updates/testing/5/x86_64/z-push-combined-2.1.2-1.el5.centos.noarch.rpm
free/el/updates/testing/5/x86_64/z-push-imap-2.1.2-1.el5.centos.noarch.rpm
free/el/updates/testing/5/x86_64/z-push-maildir-2.1.2-1.el5.centos.noarch.rpm
free/el/updates/testing/5/x86_64/z-push-searchldap-2.1.2-1.el5.centos.noarch.rpm
free/el/updates/testing/5/x86_64/z-push-vcarddir-2.1.2-1.el5.centos.noarch.rpm
free/el/updates/testing/5/x86_64/z-push-zarafa-2.1.2-1.el5.centos.noarch.rpm
free/el/updates/testing/5/x86_64/debug/
free/el/updates/testing/5/x86_64/debug/repodata/
free/el/updates/testing/5/x86_64/repodata/
free/el/updates/testing/5/x86_64/repoview/
free/el/updates/testing/5/x86_64/repoview/layout/
free/el/updates/testing/6/
free/el/updates/testing/6/SRPMS/
free/el/updates/testing/6/SRPMS/repodata/
free/el/updates/testing/6/SRPMS/repoview/
free/el/updates/testing/6/SRPMS/repoview/layout/
free/el/updates/testing/6/i386/
free/el/updates/testing/6/i386/debug/
free/el/updates/testing/6/i386/debug/repodata/
free/el/updates/testing/6/i386/repodata/
free/el/updates/testing/6/i386/repoview/
free/el/updates/testing/6/i386/repoview/layout/
free/el/updates/testing/6/x86_64/
free/el/updates/testing/6/x86_64/z-push-2.1.2-1.el6.noarch.rpm
free/el/updates/testing/6/x86_64/z-push-combined-2.1.2-1.el6.noarch.rpm
free/el/updates/testing/6/x86_64/z-push-imap-2.1.2-1.el6.noarch.rpm
free/el/updates/testing/6/x86_64/z-push-maildir-2.1.2-1.el6.noarch.rpm
free/el/updates/testing/6/x86_64/z-push-searchldap-2.1.2-1.el6.noarch.rpm
free/el/updates/testing/6/x86_64/z-push-vcarddir-2.1.2-1.el6.noarch.rpm
free/el/updates/testing/6/x86_64/z-push-zarafa-2.1.2-1.el6.noarch.rpm
free/el/updates/testing/6/x86_64/debug/
free/el/updates/testing/6/x86_64/debug/repodata/
free/el/updates/testing/6/x86_64/repodata/
free/el/updates/testing/6/x86_64/repoview/
free/el/updates/testing/6/x86_64/repoview/layout/
free/fedora-secondary/
free/fedora-secondary/development/
free/fedora-secondary/development/rawhide/
free/fedora-secondary/development/rawhide/arm/
free/fedora-secondary/development/rawhide/arm/debug/
free/fedora-secondary/development/rawhide/arm/debug/repodata/
free/fedora-secondary/development/rawhide/arm/os/
free/fedora-secondary/development/rawhide/arm/os/repodata/
free/fedora-secondary/development/rawhide/armhfp/
free/fedora-secondary/development/rawhide/armhfp/debug/
free/fedora-secondary/development/rawhide/armhfp/debug/repodata/
free/fedora-secondary/development/rawhide/armhfp/os/
free/fedora-secondary/development/rawhide/armhfp/os/repodata/
free/fedora-secondary/development/rawhide/ppc/
free/fedora-secondary/development/rawhide/ppc/debug/
free/fedora-secondary/development/rawhide/ppc/debug/repodata/
free/fedora-secondary/development/rawhide/ppc/os/
free/fedora-secondary/development/rawhide/ppc/os/repodata/
free/fedora-secondary/development/rawhide/ppc64/
free/fedora-secondary/development/rawhide/ppc64/debug/
free/fedora-secondary/development/rawhide/ppc64/debug/repodata/
free/fedora-secondary/development/rawhide/ppc64/os/
free/fedora-secondary/development/rawhide/ppc64/os/repodata/
free/fedora-secondary/development/rawhide/source/
free/fedora-secondary/development/rawhide/source/SRPMS/
free/fedora-secondary/development/rawhide/source/SRPMS/repodata/
free/fedora-secondary/releases/
free/fedora-secondary/releases/17/
free/fedora-secondary/releases/17/Everything/
free/fedora-secondary/releases/17/Everything/arm/
free/fedora-secondary/releases/17/Everything/arm/debug/
free/fedora-secondary/releases/17/Everything/arm/debug/repodata/
free/fedora-secondary/releases/17/Everything/arm/os/
free/fedora-secondary/releases/17/Everything/arm/os/repodata/
free/fedora-secondary/releases/17/Everything/arm/os/repoview/
free/fedora-secondary/releases/17/Everything/arm/os/repoview/layout/
free/fedora-secondary/releases/17/Everything/armhfp/
free/fedora-secondary/releases/17/Everything/armhfp/debug/
free/fedora-secondary/releases/17/Everything/armhfp/debug/repodata/
free/fedora-secondary/releases/17/Everything/armhfp/os/
free/fedora-secondary/releases/17/Everything/armhfp/os/repodata/
free/fedora-secondary/releases/17/Everything/armhfp/os/repoview/
free/fedora-secondary/releases/17/Everything/armhfp/os/repoview/layout/
free/fedora-secondary/releases/17/Everything/ppc/
free/fedora-secondary/releases/17/Everything/ppc/debug/
free/fedora-secondary/releases/17/Everything/ppc/debug/repodata/
free/fedora-secondary/releases/17/Everything/ppc/os/
free/fedora-secondary/releases/17/Everything/ppc/os/repodata/
free/fedora-secondary/releases/17/Everything/ppc64/
free/fedora-secondary/releases/17/Everything/ppc64/debug/
free/fedora-secondary/releases/17/Everything/ppc64/debug/repodata/
free/fedora-secondary/releases/17/Everything/ppc64/os/
free/fedora-secondary/releases/17/Everything/ppc64/os/repodata/
free/fedora-secondary/releases/17/Everything/source/
free/fedora-secondary/releases/17/Everything/source/SRPMS/
free/fedora-secondary/releases/17/Everything/source/SRPMS/repodata/
free/fedora-secondary/releases/18/
free/fedora-secondary/releases/18/Everything/
free/fedora-secondary/releases/18/Everything/arm/
free/fedora-secondary/releases/18/Everything/arm/debug/
free/fedora-secondary/releases/18/Everything/arm/debug/repodata/
free/fedora-secondary/releases/18/Everything/arm/os/
free/fedora-secondary/releases/18/Everything/arm/os/repodata/
free/fedora-secondary/releases/18/Everything/arm/os/repoview/
free/fedora-secondary/releases/18/Everything/arm/os/repoview/layout/
free/fedora-secondary/releases/18/Everything/armhfp/
free/fedora-secondary/releases/18/Everything/armhfp/debug/
free/fedora-secondary/releases/18/Everything/armhfp/debug/repodata/
free/fedora-secondary/releases/18/Everything/armhfp/os/
free/fedora-secondary/releases/18/Everything/armhfp/os/repodata/
free/fedora-secondary/releases/18/Everything/armhfp/os/repoview/
free/fedora-secondary/releases/18/Everything/armhfp/os/repoview/layout/
rsync error: timeout in data send/receive (code 30) at io.c(200) [sender=3.0.6]
rsync: connection unexpectedly closed (6959071 bytes received so far) [receiver]
rsync error: error in rsync protocol data stream (code 12) at io.c(600) [receiver=3.0.6]
rsync: connection unexpectedly closed (6942068 bytes received so far) [generator]
rsync error: error in rsync protocol data stream (code 12) at io.c(600) [generator=3.0.6]
