2014-08-06 00:00:03
rsync://kali.mirror.garr.it/kali/

receiving file list ... done
./
dists/debian-testing/InRelease
dists/debian-testing/Release
dists/debian-testing/Release.gpg
dists/debian-testing/contrib/binary-amd64/Packages
dists/debian-testing/contrib/binary-amd64/Packages.gz
dists/debian-testing/contrib/binary-armel/Packages
dists/debian-testing/contrib/binary-armel/Packages.gz
dists/debian-testing/contrib/binary-armhf/Packages
dists/debian-testing/contrib/binary-armhf/Packages.gz
dists/debian-testing/contrib/binary-i386/Packages
dists/debian-testing/contrib/binary-i386/Packages.gz
dists/debian-testing/main/binary-amd64/Packages
dists/debian-testing/main/binary-amd64/Packages.gz
dists/debian-testing/main/binary-armel/Packages
dists/debian-testing/main/binary-armel/Packages.gz
dists/debian-testing/main/binary-armhf/Packages
dists/debian-testing/main/binary-armhf/Packages.gz
dists/debian-testing/main/binary-i386/Packages
dists/debian-testing/main/binary-i386/Packages.gz
dists/debian-testing/main/debian-installer/binary-amd64/Packages
dists/debian-testing/main/debian-installer/binary-amd64/Packages.gz
dists/debian-testing/main/debian-installer/binary-armel/Packages
dists/debian-testing/main/debian-installer/binary-armel/Packages.gz
dists/debian-testing/main/debian-installer/binary-armhf/Packages
dists/debian-testing/main/debian-installer/binary-armhf/Packages.gz
dists/debian-testing/main/debian-installer/binary-i386/Packages
dists/debian-testing/main/debian-installer/binary-i386/Packages.gz
dists/debian-testing/main/source/Sources.gz
dists/debian-testing/non-free/binary-amd64/Packages
dists/debian-testing/non-free/binary-amd64/Packages.gz
dists/debian-testing/non-free/binary-armel/Packages
dists/debian-testing/non-free/binary-armel/Packages.gz
dists/debian-testing/non-free/binary-armhf/Packages
dists/debian-testing/non-free/binary-armhf/Packages.gz
dists/debian-testing/non-free/binary-i386/Packages
dists/debian-testing/non-free/binary-i386/Packages.gz
dists/debian-testing/non-free/source/Sources.gz
dists/kali-bleeding-edge/InRelease
dists/kali-bleeding-edge/Release
dists/kali-bleeding-edge/Release.gpg
dists/kali-bleeding-edge/main/binary-amd64/Packages
dists/kali-bleeding-edge/main/binary-amd64/Packages.gz
dists/kali-bleeding-edge/main/binary-armel/Packages
dists/kali-bleeding-edge/main/binary-armel/Packages.gz
dists/kali-bleeding-edge/main/binary-armhf/Packages
dists/kali-bleeding-edge/main/binary-armhf/Packages.gz
dists/kali-bleeding-edge/main/binary-i386/Packages
dists/kali-bleeding-edge/main/binary-i386/Packages.gz
dists/kali-bleeding-edge/main/source/Sources.gz
dists/kali-dev-only/
dists/kali-dev-only/InRelease
dists/kali-dev-only/Release
dists/kali-dev-only/Release.gpg
dists/kali-dev-only/main/binary-amd64/
dists/kali-dev-only/main/binary-amd64/Packages
dists/kali-dev-only/main/binary-amd64/Packages.gz
dists/kali-dev-only/main/binary-armel/
dists/kali-dev-only/main/binary-armel/Packages
dists/kali-dev-only/main/binary-armel/Packages.gz
dists/kali-dev-only/main/binary-armhf/
dists/kali-dev-only/main/binary-armhf/Packages
dists/kali-dev-only/main/binary-armhf/Packages.gz
dists/kali-dev-only/main/binary-i386/
dists/kali-dev-only/main/binary-i386/Packages
dists/kali-dev-only/main/binary-i386/Packages.gz
dists/kali-dev-only/main/source/
dists/kali-dev-only/main/source/Sources.gz
dists/kali-dev/
dists/kali-dev/Contents-amd64.gz
dists/kali-dev/Contents-armel.gz
dists/kali-dev/Contents-armhf.gz
dists/kali-dev/Contents-i386.gz
dists/kali-dev/InRelease
dists/kali-dev/Release
dists/kali-dev/Release.gpg
dists/kali-dev/contrib/binary-amd64/Packages
dists/kali-dev/contrib/binary-amd64/Packages.gz
dists/kali-dev/contrib/binary-armel/Packages
dists/kali-dev/contrib/binary-armel/Packages.gz
dists/kali-dev/contrib/binary-armhf/Packages
dists/kali-dev/contrib/binary-armhf/Packages.gz
dists/kali-dev/contrib/binary-i386/Packages
dists/kali-dev/contrib/binary-i386/Packages.gz
dists/kali-dev/main/
dists/kali-dev/main/Contents-amd64.gz
dists/kali-dev/main/Contents-armel.gz
dists/kali-dev/main/Contents-armhf.gz
dists/kali-dev/main/Contents-i386.gz
dists/kali-dev/main/binary-amd64/
dists/kali-dev/main/binary-amd64/Packages
dists/kali-dev/main/binary-amd64/Packages.gz
dists/kali-dev/main/binary-armel/
dists/kali-dev/main/binary-armel/Packages
dists/kali-dev/main/binary-armel/Packages.gz
dists/kali-dev/main/binary-armhf/
dists/kali-dev/main/binary-armhf/Packages
dists/kali-dev/main/binary-armhf/Packages.gz
dists/kali-dev/main/binary-i386/
dists/kali-dev/main/binary-i386/Packages
dists/kali-dev/main/binary-i386/Packages.gz
dists/kali-dev/main/debian-installer/binary-amd64/Packages
dists/kali-dev/main/debian-installer/binary-amd64/Packages.gz
dists/kali-dev/main/debian-installer/binary-armel/Packages
dists/kali-dev/main/debian-installer/binary-armel/Packages.gz
dists/kali-dev/main/debian-installer/binary-armhf/Packages
dists/kali-dev/main/debian-installer/binary-armhf/Packages.gz
dists/kali-dev/main/debian-installer/binary-i386/Packages
dists/kali-dev/main/debian-installer/binary-i386/Packages.gz
dists/kali-dev/main/source/
dists/kali-dev/main/source/Sources.gz
dists/kali-dev/non-free/binary-amd64/Packages
dists/kali-dev/non-free/binary-amd64/Packages.gz
dists/kali-dev/non-free/binary-armel/Packages
dists/kali-dev/non-free/binary-armel/Packages.gz
dists/kali-dev/non-free/binary-armhf/Packages
dists/kali-dev/non-free/binary-armhf/Packages.gz
dists/kali-dev/non-free/binary-i386/Packages
dists/kali-dev/non-free/binary-i386/Packages.gz
dists/kali-dev/non-free/source/Sources.gz
dists/kali-rolling/
dists/kali-rolling/Contents-amd64.gz
dists/kali-rolling/Contents-armel.gz
dists/kali-rolling/Contents-armhf.gz
dists/kali-rolling/Contents-i386.gz
dists/kali-rolling/InRelease
dists/kali-rolling/Release
dists/kali-rolling/Release.gpg
dists/kali-rolling/contrib/
dists/kali-rolling/contrib/Contents-amd64.gz
dists/kali-rolling/contrib/Contents-armel.gz
dists/kali-rolling/contrib/Contents-armhf.gz
dists/kali-rolling/contrib/Contents-i386.gz
dists/kali-rolling/contrib/binary-amd64/
dists/kali-rolling/contrib/binary-amd64/Packages
dists/kali-rolling/contrib/binary-amd64/Packages.gz
dists/kali-rolling/contrib/binary-amd64/Release
dists/kali-rolling/contrib/binary-armel/
dists/kali-rolling/contrib/binary-armel/Packages
dists/kali-rolling/contrib/binary-armel/Packages.gz
dists/kali-rolling/contrib/binary-armel/Release
dists/kali-rolling/contrib/binary-armhf/
dists/kali-rolling/contrib/binary-armhf/Packages
dists/kali-rolling/contrib/binary-armhf/Packages.gz
dists/kali-rolling/contrib/binary-armhf/Release
dists/kali-rolling/contrib/binary-i386/
dists/kali-rolling/contrib/binary-i386/Packages
dists/kali-rolling/contrib/binary-i386/Packages.gz
dists/kali-rolling/contrib/binary-i386/Release
dists/kali-rolling/contrib/source/
dists/kali-rolling/contrib/source/Release
dists/kali-rolling/contrib/source/Sources.gz
dists/kali-rolling/main/
dists/kali-rolling/main/Contents-amd64.gz
dists/kali-rolling/main/Contents-armel.gz
dists/kali-rolling/main/Contents-armhf.gz
dists/kali-rolling/main/Contents-i386.gz
dists/kali-rolling/main/binary-amd64/
dists/kali-rolling/main/binary-amd64/Packages
dists/kali-rolling/main/binary-amd64/Packages.gz
dists/kali-rolling/main/binary-amd64/Release
dists/kali-rolling/main/binary-armel/
dists/kali-rolling/main/binary-armel/Packages
dists/kali-rolling/main/binary-armel/Packages.gz
dists/kali-rolling/main/binary-armel/Release
dists/kali-rolling/main/binary-armhf/
dists/kali-rolling/main/binary-armhf/Packages
dists/kali-rolling/main/binary-armhf/Packages.gz
dists/kali-rolling/main/binary-armhf/Release
dists/kali-rolling/main/binary-i386/
dists/kali-rolling/main/binary-i386/Packages
dists/kali-rolling/main/binary-i386/Packages.gz
dists/kali-rolling/main/binary-i386/Release
dists/kali-rolling/main/debian-installer/binary-amd64/
dists/kali-rolling/main/debian-installer/binary-amd64/Packages
dists/kali-rolling/main/debian-installer/binary-amd64/Packages.gz
dists/kali-rolling/main/debian-installer/binary-armel/
dists/kali-rolling/main/debian-installer/binary-armel/Packages
dists/kali-rolling/main/debian-installer/binary-armel/Packages.gz
dists/kali-rolling/main/debian-installer/binary-armhf/
dists/kali-rolling/main/debian-installer/binary-armhf/Packages
dists/kali-rolling/main/debian-installer/binary-armhf/Packages.gz
dists/kali-rolling/main/debian-installer/binary-i386/
dists/kali-rolling/main/debian-installer/binary-i386/Packages
dists/kali-rolling/main/debian-installer/binary-i386/Packages.gz
dists/kali-rolling/main/source/
dists/kali-rolling/main/source/Release
dists/kali-rolling/main/source/Sources.gz
dists/kali-rolling/non-free/
dists/kali-rolling/non-free/Contents-amd64.gz
dists/kali-rolling/non-free/Contents-armel.gz
dists/kali-rolling/non-free/Contents-armhf.gz
dists/kali-rolling/non-free/Contents-i386.gz
dists/kali-rolling/non-free/binary-amd64/
dists/kali-rolling/non-free/binary-amd64/Packages
dists/kali-rolling/non-free/binary-amd64/Packages.gz
dists/kali-rolling/non-free/binary-amd64/Release
dists/kali-rolling/non-free/binary-armel/
dists/kali-rolling/non-free/binary-armel/Packages
dists/kali-rolling/non-free/binary-armel/Packages.gz
dists/kali-rolling/non-free/binary-armel/Release
dists/kali-rolling/non-free/binary-armhf/
dists/kali-rolling/non-free/binary-armhf/Packages
dists/kali-rolling/non-free/binary-armhf/Packages.gz
dists/kali-rolling/non-free/binary-armhf/Release
dists/kali-rolling/non-free/binary-i386/
dists/kali-rolling/non-free/binary-i386/Packages
dists/kali-rolling/non-free/binary-i386/Packages.gz
dists/kali-rolling/non-free/binary-i386/Release
dists/kali-rolling/non-free/source/
dists/kali-rolling/non-free/source/Release
dists/kali-rolling/non-free/source/Sources.gz
pool/main/b/bulk-extractor/
pool/main/b/bulk-extractor/bulk-extractor_1.5.1-0kali1.debian.tar.xz
pool/main/b/bulk-extractor/bulk-extractor_1.5.1-0kali1.dsc
pool/main/b/bulk-extractor/bulk-extractor_1.5.1-0kali1_amd64.changes
pool/main/b/bulk-extractor/bulk-extractor_1.5.1-0kali1_amd64.deb
pool/main/b/bulk-extractor/bulk-extractor_1.5.1-0kali1_armel.changes
pool/main/b/bulk-extractor/bulk-extractor_1.5.1-0kali1_armel.deb
pool/main/b/bulk-extractor/bulk-extractor_1.5.1-0kali1_armhf.changes
pool/main/b/bulk-extractor/bulk-extractor_1.5.1-0kali1_armhf.deb
pool/main/b/bulk-extractor/bulk-extractor_1.5.1-0kali1_i386.changes
pool/main/b/bulk-extractor/bulk-extractor_1.5.1-0kali1_i386.deb
pool/main/b/bulk-extractor/bulk-extractor_1.5.1-0kali1_source.changes
pool/main/b/bulk-extractor/bulk-extractor_1.5.1.orig.tar.gz
pool/main/c/cewl/
pool/main/c/cewl/cewl_5.0-1kali6.debian.tar.xz
pool/main/c/cewl/cewl_5.0-1kali6.dsc
pool/main/c/cewl/cewl_5.0-1kali6_all.changes
pool/main/c/cewl/cewl_5.0-1kali6_all.deb
pool/main/c/cewl/cewl_5.0-1kali6_source.changes
pool/main/k/kde-baseapps/
pool/main/k/kde-baseapps/kde-baseapps-dbg_4.13.3-1_i386.deb
pool/main/k/kde-baseapps/kde-baseapps_4.13.3-1.debian.tar.xz
pool/main/k/kde-baseapps/kde-baseapps_4.13.3-1.dsc
pool/main/k/kde-baseapps/kde-baseapps_4.13.3-1_all.deb
pool/main/k/kde-baseapps/kde-baseapps_4.13.3.orig.tar.xz
pool/main/k/kde-baseapps/kdebase-apps_4.13.3-1_all.deb
pool/main/k/kde-baseapps/kdebase-bin_4.13.3-1_all.deb
pool/main/k/kde-baseapps/kdebase-dbg_4.13.3-1_all.deb
pool/main/k/kde-baseapps/kdepasswd_4.13.3-1_amd64.deb
pool/main/k/kde-baseapps/kdepasswd_4.13.3-1_armel.deb
pool/main/k/kde-baseapps/kdepasswd_4.13.3-1_armhf.deb
pool/main/k/kde-baseapps/kdepasswd_4.13.3-1_i386.deb
pool/main/k/kde-baseapps/kfind_4.13.3-1_amd64.deb
pool/main/k/kde-baseapps/kfind_4.13.3-1_armel.deb
pool/main/k/kde-baseapps/kfind_4.13.3-1_armhf.deb
pool/main/k/kde-baseapps/kfind_4.13.3-1_i386.deb
pool/main/k/kde-baseapps/konq-plugins_4.13.3-1_amd64.deb
pool/main/k/kde-baseapps/konq-plugins_4.13.3-1_armel.deb
pool/main/k/kde-baseapps/konq-plugins_4.13.3-1_armhf.deb
pool/main/k/kde-baseapps/konq-plugins_4.13.3-1_i386.deb
pool/main/k/kde-baseapps/konqueror-nsplugins_4.13.3-1_amd64.deb
pool/main/k/kde-baseapps/konqueror-nsplugins_4.13.3-1_armel.deb
pool/main/k/kde-baseapps/konqueror-nsplugins_4.13.3-1_armhf.deb
pool/main/k/kde-baseapps/konqueror-nsplugins_4.13.3-1_i386.deb
pool/main/k/kde-baseapps/konqueror_4.13.3-1_amd64.deb
pool/main/k/kde-baseapps/konqueror_4.13.3-1_armel.deb
pool/main/k/kde-baseapps/konqueror_4.13.3-1_armhf.deb
pool/main/k/kde-baseapps/konqueror_4.13.3-1_i386.deb
pool/main/k/kde-baseapps/libkonq-common_4.13.3-1_amd64.deb
pool/main/k/kde-baseapps/libkonq-common_4.13.3-1_armel.deb
pool/main/k/kde-baseapps/libkonq-common_4.13.3-1_armhf.deb
pool/main/k/kde-baseapps/libkonq-common_4.13.3-1_i386.deb
pool/main/k/kde-baseapps/libkonq5-dev_4.13.3-1_amd64.deb
pool/main/k/kde-baseapps/libkonq5-dev_4.13.3-1_armel.deb
pool/main/k/kde-baseapps/libkonq5-dev_4.13.3-1_armhf.deb
pool/main/k/kde-baseapps/libkonq5-dev_4.13.3-1_i386.deb
pool/main/k/kde-baseapps/libkonq5-templates_4.13.3-1_all.deb
pool/main/k/kde-baseapps/libkonq5abi1_4.13.3-1_amd64.deb
pool/main/k/kde-baseapps/libkonq5abi1_4.13.3-1_armel.deb
pool/main/k/kde-baseapps/libkonq5abi1_4.13.3-1_armhf.deb
pool/main/k/kde-baseapps/libkonq5abi1_4.13.3-1_i386.deb
pool/main/k/kde-baseapps/libkonqsidebarplugin-dev_4.13.3-1_amd64.deb
pool/main/k/kde-baseapps/libkonqsidebarplugin-dev_4.13.3-1_armel.deb
pool/main/k/kde-baseapps/libkonqsidebarplugin-dev_4.13.3-1_armhf.deb
pool/main/k/kde-baseapps/libkonqsidebarplugin-dev_4.13.3-1_i386.deb
pool/main/k/kde-baseapps/libkonqsidebarplugin4a_4.13.3-1_amd64.deb
pool/main/k/kde-baseapps/libkonqsidebarplugin4a_4.13.3-1_armel.deb
pool/main/k/kde-baseapps/libkonqsidebarplugin4a_4.13.3-1_armhf.deb
pool/main/k/kde-baseapps/libkonqsidebarplugin4a_4.13.3-1_i386.deb
pool/main/k/kde-baseapps/plasma-widget-folderview_4.13.3-1_amd64.deb
pool/main/k/kde-baseapps/plasma-widget-folderview_4.13.3-1_armel.deb
pool/main/k/kde-baseapps/plasma-widget-folderview_4.13.3-1_armhf.deb
pool/main/k/kde-baseapps/plasma-widget-folderview_4.13.3-1_i386.deb
pool/main/k/kmahjongg/
pool/main/k/kmahjongg/kmahjongg_4.13.3-1.debian.tar.xz
pool/main/k/kmahjongg/kmahjongg_4.13.3-1.dsc
pool/main/k/kmahjongg/kmahjongg_4.13.3-1_amd64.deb
pool/main/k/kmahjongg/kmahjongg_4.13.3-1_armel.deb
pool/main/k/kmahjongg/kmahjongg_4.13.3-1_armhf.deb
pool/main/k/kmahjongg/kmahjongg_4.13.3-1_i386.deb
pool/main/k/kmahjongg/kmahjongg_4.13.3.orig.tar.xz
pool/main/l/lime-forensics/
pool/main/l/lime-forensics/lime-forensics-dkms_1.3~svn.r18-1_all.deb
pool/main/l/lime-forensics/lime-forensics_1.3~svn.r18-1.debian.tar.xz
pool/main/l/lime-forensics/lime-forensics_1.3~svn.r18-1.dsc
pool/main/l/lime-forensics/lime-forensics_1.3~svn.r18.orig.tar.gz
pool/main/l/log4cxx/
pool/main/l/log4cxx/liblog4cxx10-dev_0.10.0-4_amd64.deb
pool/main/l/log4cxx/liblog4cxx10-dev_0.10.0-4_armel.deb
pool/main/l/log4cxx/liblog4cxx10-dev_0.10.0-4_armhf.deb
pool/main/l/log4cxx/liblog4cxx10-dev_0.10.0-4_i386.deb
pool/main/l/log4cxx/liblog4cxx10-doc_0.10.0-4_all.deb
pool/main/l/log4cxx/liblog4cxx10_0.10.0-4_amd64.deb
pool/main/l/log4cxx/liblog4cxx10_0.10.0-4_armel.deb
pool/main/l/log4cxx/liblog4cxx10_0.10.0-4_armhf.deb
pool/main/l/log4cxx/liblog4cxx10_0.10.0-4_i386.deb
pool/main/l/log4cxx/log4cxx_0.10.0-4.debian.tar.xz
pool/main/l/log4cxx/log4cxx_0.10.0-4.dsc
pool/main/libb/libbde/
pool/main/libb/libbde/libbde-dev_20140728-1_amd64.deb
pool/main/libb/libbde/libbde-dev_20140728-1_armel.deb
pool/main/libb/libbde/libbde-dev_20140728-1_armhf.deb
pool/main/libb/libbde/libbde-dev_20140728-1_i386.deb
pool/main/libb/libbde/libbde-utils_20140728-1_amd64.deb
pool/main/libb/libbde/libbde-utils_20140728-1_armel.deb
pool/main/libb/libbde/libbde-utils_20140728-1_armhf.deb
pool/main/libb/libbde/libbde-utils_20140728-1_i386.deb
pool/main/libb/libbde/libbde1_20140728-1_amd64.deb
pool/main/libb/libbde/libbde1_20140728-1_armel.deb
pool/main/libb/libbde/libbde1_20140728-1_armhf.deb
pool/main/libb/libbde/libbde1_20140728-1_i386.deb
pool/main/libb/libbde/libbde_20140728-1.debian.tar.xz
pool/main/libb/libbde/libbde_20140728-1.dsc
pool/main/libb/libbde/libbde_20140728.orig.tar.gz
pool/main/libc/
pool/main/libc/libccp4/
pool/main/libc/libccp4/libccp4-data_6.4.5-2_all.deb
pool/main/libc/libccp4/libccp4-dev_6.4.5-2_amd64.deb
pool/main/libc/libccp4/libccp4-dev_6.4.5-2_armel.deb
pool/main/libc/libccp4/libccp4-dev_6.4.5-2_armhf.deb
pool/main/libc/libccp4/libccp4-dev_6.4.5-2_i386.deb
pool/main/libc/libccp4/libccp4_6.4.5-2.debian.tar.xz
pool/main/libc/libccp4/libccp4_6.4.5-2.dsc
pool/main/libc/libccp4/libccp4_6.4.5.orig.tar.gz
pool/main/libc/libccp4/libccp4c0-dbg_6.4.5-2_amd64.deb
pool/main/libc/libccp4/libccp4c0-dbg_6.4.5-2_armel.deb
pool/main/libc/libccp4/libccp4c0-dbg_6.4.5-2_armhf.deb
pool/main/libc/libccp4/libccp4c0-dbg_6.4.5-2_i386.deb
pool/main/libc/libccp4/libccp4c0_6.4.5-2_amd64.deb
pool/main/libc/libccp4/libccp4c0_6.4.5-2_armel.deb
pool/main/libc/libccp4/libccp4c0_6.4.5-2_armhf.deb
pool/main/libc/libccp4/libccp4c0_6.4.5-2_i386.deb
pool/main/libc/libccp4/libccp4f0-dbg_6.4.5-2_amd64.deb
pool/main/libc/libccp4/libccp4f0-dbg_6.4.5-2_armel.deb
pool/main/libc/libccp4/libccp4f0-dbg_6.4.5-2_armhf.deb
pool/main/libc/libccp4/libccp4f0-dbg_6.4.5-2_i386.deb
pool/main/libc/libccp4/libccp4f0_6.4.5-2_amd64.deb
pool/main/libc/libccp4/libccp4f0_6.4.5-2_armel.deb
pool/main/libc/libccp4/libccp4f0_6.4.5-2_armhf.deb
pool/main/libc/libccp4/libccp4f0_6.4.5-2_i386.deb
pool/main/libe/libembperl-perl/
pool/main/libe/libembperl-perl/libembperl-perl_2.5.0-2.debian.tar.xz
pool/main/libe/libembperl-perl/libembperl-perl_2.5.0-2.dsc
pool/main/libe/libembperl-perl/libembperl-perl_2.5.0-2_amd64.deb
pool/main/libe/libembperl-perl/libembperl-perl_2.5.0-2_armel.deb
pool/main/libe/libembperl-perl/libembperl-perl_2.5.0-2_armhf.deb
pool/main/libe/libembperl-perl/libembperl-perl_2.5.0-2_i386.deb
pool/main/libl/liblinux-inotify2-perl/
pool/main/libl/liblinux-inotify2-perl/liblinux-inotify2-perl_1.22-1.debian.tar.xz
pool/main/libl/liblinux-inotify2-perl/liblinux-inotify2-perl_1.22-1.dsc
pool/main/libl/liblinux-inotify2-perl/liblinux-inotify2-perl_1.22-1_amd64.deb
pool/main/libl/liblinux-inotify2-perl/liblinux-inotify2-perl_1.22-1_armel.deb
pool/main/libl/liblinux-inotify2-perl/liblinux-inotify2-perl_1.22-1_armhf.deb
pool/main/libl/liblinux-inotify2-perl/liblinux-inotify2-perl_1.22-1_i386.deb
pool/main/libl/liblognorm/
pool/main/libl/liblognorm/liblognorm-dev_1.0.1-1_amd64.deb
pool/main/libl/liblognorm/liblognorm-dev_1.0.1-1_armel.deb
pool/main/libl/liblognorm/liblognorm-dev_1.0.1-1_armhf.deb
pool/main/libl/liblognorm/liblognorm-dev_1.0.1-1_i386.deb
pool/main/libl/liblognorm/liblognorm1_1.0.1-1_amd64.deb
pool/main/libl/liblognorm/liblognorm1_1.0.1-1_armel.deb
pool/main/libl/liblognorm/liblognorm1_1.0.1-1_armhf.deb
pool/main/libl/liblognorm/liblognorm1_1.0.1-1_i386.deb
pool/main/libl/liblognorm/liblognorm_1.0.1-1.debian.tar.xz
pool/main/libl/liblognorm/liblognorm_1.0.1-1.dsc
pool/main/libl/liblognorm/liblognorm_1.0.1.orig.tar.gz
pool/main/libp/libpcap/
pool/main/libp/libpcap/libpcap-dev_1.6.1-1_all.deb
pool/main/libp/libpcap/libpcap0.8-dbg_1.6.1-1_amd64.deb
pool/main/libp/libpcap/libpcap0.8-dbg_1.6.1-1_armel.deb
pool/main/libp/libpcap/libpcap0.8-dbg_1.6.1-1_armhf.deb
pool/main/libp/libpcap/libpcap0.8-dbg_1.6.1-1_i386.deb
pool/main/libp/libpcap/libpcap0.8-dev_1.6.1-1_amd64.deb
pool/main/libp/libpcap/libpcap0.8-dev_1.6.1-1_armel.deb
pool/main/libp/libpcap/libpcap0.8-dev_1.6.1-1_armhf.deb
pool/main/libp/libpcap/libpcap0.8-dev_1.6.1-1_i386.deb
pool/main/libp/libpcap/libpcap0.8_1.6.1-1_amd64.deb
pool/main/libp/libpcap/libpcap0.8_1.6.1-1_armel.deb
pool/main/libp/libpcap/libpcap0.8_1.6.1-1_armhf.deb
pool/main/libp/libpcap/libpcap0.8_1.6.1-1_i386.deb
pool/main/libp/libpcap/libpcap_1.6.1-1.debian.tar.xz
pool/main/libp/libpcap/libpcap_1.6.1-1.dsc
pool/main/libp/libpcap/libpcap_1.6.1.orig.tar.gz
pool/main/libw/libwarnings-illegalproto-perl/
pool/main/libw/libwarnings-illegalproto-perl/libwarnings-illegalproto-perl_0.001003-1.debian.tar.xz
pool/main/libw/libwarnings-illegalproto-perl/libwarnings-illegalproto-perl_0.001003-1.dsc
pool/main/libw/libwarnings-illegalproto-perl/libwarnings-illegalproto-perl_0.001003-1_all.deb
pool/main/libw/libwarnings-illegalproto-perl/libwarnings-illegalproto-perl_0.001003.orig.tar.gz
pool/main/m/magit/
pool/main/m/magit/magit_1.2.1-1.debian.tar.xz
pool/main/m/magit/magit_1.2.1-1.dsc
pool/main/m/magit/magit_1.2.1-1_all.deb
pool/main/m/magit/magit_1.2.1.orig.tar.gz
pool/main/m/marble/
pool/main/m/marble/libastro-dev_4.13.3-2_amd64.deb
pool/main/m/marble/libastro-dev_4.13.3-2_armel.deb
pool/main/m/marble/libastro-dev_4.13.3-2_armhf.deb
pool/main/m/marble/libastro-dev_4.13.3-2_i386.deb
pool/main/m/marble/libastro1_4.13.3-2_amd64.deb
pool/main/m/marble/libastro1_4.13.3-2_armel.deb
pool/main/m/marble/libastro1_4.13.3-2_armhf.deb
pool/main/m/marble/libastro1_4.13.3-2_i386.deb
pool/main/m/marble/libmarble-dev_4.13.3-2_amd64.deb
pool/main/m/marble/libmarble-dev_4.13.3-2_armel.deb
pool/main/m/marble/libmarble-dev_4.13.3-2_armhf.deb
pool/main/m/marble/libmarble-dev_4.13.3-2_i386.deb
pool/main/m/marble/libmarblewidget18_4.13.3-2_amd64.deb
pool/main/m/marble/libmarblewidget18_4.13.3-2_armel.deb
pool/main/m/marble/libmarblewidget18_4.13.3-2_armhf.deb
pool/main/m/marble/libmarblewidget18_4.13.3-2_i386.deb
pool/main/m/marble/marble-data_4.13.3-2_all.deb
pool/main/m/marble/marble-dbg_4.13.3-2_amd64.deb
pool/main/m/marble/marble-dbg_4.13.3-2_armel.deb
pool/main/m/marble/marble-dbg_4.13.3-2_armhf.deb
pool/main/m/marble/marble-dbg_4.13.3-2_i386.deb
pool/main/m/marble/marble-mobile_4.13.3-2_amd64.deb
pool/main/m/marble/marble-mobile_4.13.3-2_armel.deb
pool/main/m/marble/marble-mobile_4.13.3-2_armhf.deb
pool/main/m/marble/marble-mobile_4.13.3-2_i386.deb
pool/main/m/marble/marble-plugins_4.13.3-2_amd64.deb
pool/main/m/marble/marble-plugins_4.13.3-2_armel.deb
pool/main/m/marble/marble-plugins_4.13.3-2_armhf.deb
pool/main/m/marble/marble-plugins_4.13.3-2_i386.deb
pool/main/m/marble/marble-qt_4.13.3-2_amd64.deb
pool/main/m/marble/marble-qt_4.13.3-2_armel.deb
pool/main/m/marble/marble-qt_4.13.3-2_armhf.deb
pool/main/m/marble/marble-qt_4.13.3-2_i386.deb
pool/main/m/marble/marble-touch_4.13.3-2_amd64.deb
pool/main/m/marble/marble-touch_4.13.3-2_armel.deb
pool/main/m/marble/marble-touch_4.13.3-2_armhf.deb
pool/main/m/marble/marble-touch_4.13.3-2_i386.deb
pool/main/m/marble/marble_4.13.3-2.debian.tar.xz
pool/main/m/marble/marble_4.13.3-2.dsc
pool/main/m/marble/marble_4.13.3-2_amd64.deb
pool/main/m/marble/marble_4.13.3-2_armel.deb
pool/main/m/marble/marble_4.13.3-2_armhf.deb
pool/main/m/marble/marble_4.13.3-2_i386.deb
pool/main/m/marble/marble_4.13.3.orig.tar.xz
pool/main/m/marisa/
pool/main/m/marisa/libmarisa-dev_0.2.4-7_amd64.deb
pool/main/m/marisa/libmarisa-dev_0.2.4-7_armel.deb
pool/main/m/marisa/libmarisa-dev_0.2.4-7_armhf.deb
pool/main/m/marisa/libmarisa-dev_0.2.4-7_i386.deb
pool/main/m/marisa/libmarisa-perl_0.2.4-7_amd64.deb
pool/main/m/marisa/libmarisa-perl_0.2.4-7_armel.deb
pool/main/m/marisa/libmarisa-perl_0.2.4-7_armhf.deb
pool/main/m/marisa/libmarisa-perl_0.2.4-7_i386.deb
pool/main/m/marisa/libmarisa0_0.2.4-7_amd64.deb
pool/main/m/marisa/libmarisa0_0.2.4-7_armel.deb
pool/main/m/marisa/libmarisa0_0.2.4-7_armhf.deb
pool/main/m/marisa/libmarisa0_0.2.4-7_i386.deb
pool/main/m/marisa/marisa_0.2.4-7.debian.tar.xz
pool/main/m/marisa/marisa_0.2.4-7.dsc
pool/main/m/marisa/marisa_0.2.4-7_amd64.deb
pool/main/m/marisa/marisa_0.2.4-7_armel.deb
pool/main/m/marisa/marisa_0.2.4-7_armhf.deb
pool/main/m/marisa/marisa_0.2.4-7_i386.deb
pool/main/m/marisa/python-marisa_0.2.4-7_amd64.deb
pool/main/m/marisa/python-marisa_0.2.4-7_armel.deb
pool/main/m/marisa/python-marisa_0.2.4-7_armhf.deb
pool/main/m/marisa/python-marisa_0.2.4-7_i386.deb
pool/main/m/marisa/python3-marisa_0.2.4-7_amd64.deb
pool/main/m/marisa/python3-marisa_0.2.4-7_armel.deb
pool/main/m/marisa/python3-marisa_0.2.4-7_armhf.deb
pool/main/m/marisa/python3-marisa_0.2.4-7_i386.deb
pool/main/m/marisa/ruby-marisa_0.2.4-7_amd64.deb
pool/main/m/marisa/ruby-marisa_0.2.4-7_armel.deb
pool/main/m/marisa/ruby-marisa_0.2.4-7_armhf.deb
pool/main/m/marisa/ruby-marisa_0.2.4-7_i386.deb
pool/main/m/mozilla-noscript/
pool/main/m/mozilla-noscript/mozilla-noscript_2.6.8.36-1.debian.tar.xz
pool/main/m/mozilla-noscript/mozilla-noscript_2.6.8.36-1.dsc
pool/main/m/mozilla-noscript/mozilla-noscript_2.6.8.36.orig.tar.xz
pool/main/m/mozilla-noscript/xul-ext-noscript_2.6.8.36-1_all.deb
pool/main/m/mp3diags/
pool/main/m/mp3diags/mp3diags_1.2.01-1.debian.tar.xz
pool/main/m/mp3diags/mp3diags_1.2.01-1.dsc
pool/main/m/mp3diags/mp3diags_1.2.01-1_amd64.deb
pool/main/m/mp3diags/mp3diags_1.2.01-1_armel.deb
pool/main/m/mp3diags/mp3diags_1.2.01-1_armhf.deb
pool/main/m/mp3diags/mp3diags_1.2.01-1_i386.deb
pool/main/m/mp3diags/mp3diags_1.2.01.orig.tar.gz
pool/main/n/ntfs-3g/
pool/main/n/ntfs-3g/ntfs-3g-dbg_2014.2.15AR.1-4_amd64.deb
pool/main/n/ntfs-3g/ntfs-3g-dbg_2014.2.15AR.1-4_armel.deb
pool/main/n/ntfs-3g/ntfs-3g-dbg_2014.2.15AR.1-4_armhf.deb
pool/main/n/ntfs-3g/ntfs-3g-dbg_2014.2.15AR.1-4_i386.deb
pool/main/n/ntfs-3g/ntfs-3g-dev_2014.2.15AR.1-4_amd64.deb
pool/main/n/ntfs-3g/ntfs-3g-dev_2014.2.15AR.1-4_armel.deb
pool/main/n/ntfs-3g/ntfs-3g-dev_2014.2.15AR.1-4_armhf.deb
pool/main/n/ntfs-3g/ntfs-3g-dev_2014.2.15AR.1-4_i386.deb
pool/main/n/ntfs-3g/ntfs-3g-udeb_2014.2.15AR.1-4_amd64.udeb
pool/main/n/ntfs-3g/ntfs-3g-udeb_2014.2.15AR.1-4_armel.udeb
pool/main/n/ntfs-3g/ntfs-3g-udeb_2014.2.15AR.1-4_armhf.udeb
pool/main/n/ntfs-3g/ntfs-3g-udeb_2014.2.15AR.1-4_i386.udeb
pool/main/n/ntfs-3g/ntfs-3g_2014.2.15AR.1-4.debian.tar.xz
pool/main/n/ntfs-3g/ntfs-3g_2014.2.15AR.1-4.dsc
pool/main/n/ntfs-3g/ntfs-3g_2014.2.15AR.1-4_amd64.deb
pool/main/n/ntfs-3g/ntfs-3g_2014.2.15AR.1-4_armel.deb
pool/main/n/ntfs-3g/ntfs-3g_2014.2.15AR.1-4_armhf.deb
pool/main/n/ntfs-3g/ntfs-3g_2014.2.15AR.1-4_i386.deb
pool/main/o/openntpd/
pool/main/o/openntpd/openntpd_20080406p-8.debian.tar.xz
pool/main/o/openntpd/openntpd_20080406p-8.dsc
pool/main/o/openntpd/openntpd_20080406p-8_amd64.deb
pool/main/o/openntpd/openntpd_20080406p-8_armel.deb
pool/main/o/openntpd/openntpd_20080406p-8_armhf.deb
pool/main/o/openntpd/openntpd_20080406p-8_i386.deb
pool/main/o/orafce/
pool/main/o/orafce/orafce_3.0.7-1.debian.tar.xz
pool/main/o/orafce/orafce_3.0.7-1.dsc
pool/main/o/orafce/orafce_3.0.7.orig.tar.gz
pool/main/o/orafce/postgresql-9.4-orafce_3.0.7-1_amd64.deb
pool/main/o/orafce/postgresql-9.4-orafce_3.0.7-1_armel.deb
pool/main/o/orafce/postgresql-9.4-orafce_3.0.7-1_armhf.deb
pool/main/o/orafce/postgresql-9.4-orafce_3.0.7-1_i386.deb
pool/main/p/
pool/main/p/parted/
pool/main/p/parted/libparted-dev_3.2-1_amd64.deb
pool/main/p/parted/libparted-dev_3.2-1_armel.deb
pool/main/p/parted/libparted-dev_3.2-1_armhf.deb
pool/main/p/parted/libparted-dev_3.2-1_i386.deb
pool/main/p/parted/libparted-fs-resize0-dbg_3.2-1_amd64.deb
pool/main/p/parted/libparted-fs-resize0-dbg_3.2-1_armel.deb
pool/main/p/parted/libparted-fs-resize0-dbg_3.2-1_armhf.deb
pool/main/p/parted/libparted-fs-resize0-dbg_3.2-1_i386.deb
pool/main/p/parted/libparted-fs-resize0-udeb_3.2-1_amd64.udeb
pool/main/p/parted/libparted-fs-resize0-udeb_3.2-1_armel.udeb
pool/main/p/parted/libparted-fs-resize0-udeb_3.2-1_armhf.udeb
pool/main/p/parted/libparted-fs-resize0-udeb_3.2-1_i386.udeb
pool/main/p/parted/libparted-fs-resize0_3.2-1_amd64.deb
pool/main/p/parted/libparted-fs-resize0_3.2-1_armel.deb
pool/main/p/parted/libparted-fs-resize0_3.2-1_armhf.deb
pool/main/p/parted/libparted-fs-resize0_3.2-1_i386.deb
pool/main/p/parted/libparted-i18n_3.2-1_all.deb
pool/main/p/parted/libparted0-dev_3.2-1_all.deb
pool/main/p/parted/libparted2-dbg_3.2-1_amd64.deb
pool/main/p/parted/libparted2-dbg_3.2-1_armel.deb
pool/main/p/parted/libparted2-dbg_3.2-1_armhf.deb
pool/main/p/parted/libparted2-dbg_3.2-1_i386.deb
pool/main/p/parted/libparted2-udeb_3.2-1_amd64.udeb
pool/main/p/parted/libparted2-udeb_3.2-1_armel.udeb
pool/main/p/parted/libparted2-udeb_3.2-1_armhf.udeb
pool/main/p/parted/libparted2-udeb_3.2-1_i386.udeb
pool/main/p/parted/libparted2_3.2-1_amd64.deb
pool/main/p/parted/libparted2_3.2-1_armel.deb
pool/main/p/parted/libparted2_3.2-1_armhf.deb
pool/main/p/parted/libparted2_3.2-1_i386.deb
pool/main/p/parted/parted-doc_3.2-1_all.deb
pool/main/p/parted/parted-udeb_3.2-1_amd64.udeb
pool/main/p/parted/parted-udeb_3.2-1_armel.udeb
pool/main/p/parted/parted-udeb_3.2-1_armhf.udeb
pool/main/p/parted/parted-udeb_3.2-1_i386.udeb
pool/main/p/parted/parted_3.2-1.debian.tar.xz
pool/main/p/parted/parted_3.2-1.dsc
pool/main/p/parted/parted_3.2-1_amd64.deb
pool/main/p/parted/parted_3.2-1_armel.deb
pool/main/p/parted/parted_3.2-1_armhf.deb
pool/main/p/parted/parted_3.2-1_i386.deb
pool/main/p/parted/parted_3.2.orig.tar.xz
pool/main/p/patsy/
pool/main/p/patsy/patsy_0.3.0-2.debian.tar.xz
pool/main/p/patsy/patsy_0.3.0-2.dsc
pool/main/p/patsy/python-patsy-doc_0.3.0-2_all.deb
pool/main/p/patsy/python-patsy_0.3.0-2_all.deb
pool/main/p/patsy/python3-patsy_0.3.0-2_all.deb
pool/main/p/pcalendar/
pool/main/p/pcalendar/pcalendar_3.4.0-1.debian.tar.bz2
pool/main/p/pcalendar/pcalendar_3.4.0-1.dsc
pool/main/p/pcalendar/pcalendar_3.4.0-1_all.deb
pool/main/p/pcalendar/pcalendar_3.4.0.orig.tar.xz
pool/main/p/phpdox/
pool/main/p/phpdox/phpdox_0.6.5-1.debian.tar.xz
pool/main/p/phpdox/phpdox_0.6.5-1.dsc
pool/main/p/phpdox/phpdox_0.6.5-1_all.deb
pool/main/p/phpdox/phpdox_0.6.5.orig.tar.gz
pool/main/p/pidgin-otr/
pool/main/p/pidgin-otr/pidgin-otr_4.0.0-3.debian.tar.xz
pool/main/p/pidgin-otr/pidgin-otr_4.0.0-3.dsc
pool/main/p/pidgin-otr/pidgin-otr_4.0.0-3_amd64.deb
pool/main/p/pidgin-otr/pidgin-otr_4.0.0-3_armel.deb
pool/main/p/pidgin-otr/pidgin-otr_4.0.0-3_armhf.deb
pool/main/p/pidgin-otr/pidgin-otr_4.0.0-3_i386.deb
pool/main/p/pyexiv2/
pool/main/p/pyexiv2/pyexiv2_0.3.2-7.debian.tar.xz
pool/main/p/pyexiv2/pyexiv2_0.3.2-7.dsc
pool/main/p/pyexiv2/python-pyexiv2-doc_0.3.2-7_all.deb
pool/main/p/pyexiv2/python-pyexiv2_0.3.2-7_amd64.deb
pool/main/p/pyexiv2/python-pyexiv2_0.3.2-7_armel.deb
pool/main/p/pyexiv2/python-pyexiv2_0.3.2-7_armhf.deb
pool/main/p/pyexiv2/python-pyexiv2_0.3.2-7_i386.deb
pool/main/p/pysmbc/
pool/main/p/pysmbc/pysmbc_1.0.15.1-0.1.debian.tar.xz
pool/main/p/pysmbc/pysmbc_1.0.15.1-0.1.dsc
pool/main/p/pysmbc/pysmbc_1.0.15.1.orig.tar.bz2
pool/main/p/pysmbc/python-smbc_1.0.15.1-0.1_amd64.deb
pool/main/p/pysmbc/python-smbc_1.0.15.1-0.1_armel.deb
pool/main/p/pysmbc/python-smbc_1.0.15.1-0.1_armhf.deb
pool/main/p/pysmbc/python-smbc_1.0.15.1-0.1_i386.deb
pool/main/p/python-netaddr/
pool/main/p/python-netaddr/python-netaddr-docs_0.7.12-1_all.deb
pool/main/p/python-netaddr/python-netaddr_0.7.12-1.debian.tar.xz
pool/main/p/python-netaddr/python-netaddr_0.7.12-1.dsc
pool/main/p/python-netaddr/python-netaddr_0.7.12-1_all.deb
pool/main/p/python-netaddr/python-netaddr_0.7.12.orig.tar.gz
pool/main/p/python-netaddr/python3-netaddr_0.7.12-1_all.deb
pool/main/q/qlandkartegt/
pool/main/q/qlandkartegt/qlandkartegt_1.7.7-2.debian.tar.xz
pool/main/q/qlandkartegt/qlandkartegt_1.7.7-2.dsc
pool/main/q/qlandkartegt/qlandkartegt_1.7.7-2_amd64.deb
pool/main/q/qlandkartegt/qlandkartegt_1.7.7-2_armel.deb
pool/main/q/qlandkartegt/qlandkartegt_1.7.7-2_armhf.deb
pool/main/q/qlandkartegt/qlandkartegt_1.7.7-2_i386.deb
pool/main/q/qlandkartegt/qlandkartegt_1.7.7.orig.tar.gz
pool/main/r/
pool/main/r/r-bioc-biovizbase/
pool/main/r/r-bioc-biovizbase/r-bioc-biovizbase_1.12.1-1.debian.tar.xz
pool/main/r/r-bioc-biovizbase/r-bioc-biovizbase_1.12.1-1.dsc
pool/main/r/r-bioc-biovizbase/r-bioc-biovizbase_1.12.1-1_amd64.deb
pool/main/r/r-bioc-biovizbase/r-bioc-biovizbase_1.12.1-1_armhf.deb
pool/main/r/r-bioc-biovizbase/r-bioc-biovizbase_1.12.1-1_i386.deb
pool/main/r/r-bioc-biovizbase/r-bioc-biovizbase_1.12.1.orig.tar.gz
pool/main/r/r-bioc-gviz/
pool/main/r/r-bioc-gviz/r-bioc-gviz_1.8.3-1.debian.tar.xz
pool/main/r/r-bioc-gviz/r-bioc-gviz_1.8.3-1.dsc
pool/main/r/r-bioc-gviz/r-bioc-gviz_1.8.3-1_all.deb
pool/main/r/r-bioc-gviz/r-bioc-gviz_1.8.3.orig.tar.gz
pool/main/r/r-bioc-snpstats/
pool/main/r/r-bioc-snpstats/r-bioc-snpstats_1.14.0+dfsg-1.debian.tar.xz
pool/main/r/r-bioc-snpstats/r-bioc-snpstats_1.14.0+dfsg-1.dsc
pool/main/r/r-bioc-snpstats/r-bioc-snpstats_1.14.0+dfsg-1_amd64.deb
pool/main/r/r-bioc-snpstats/r-bioc-snpstats_1.14.0+dfsg-1_armel.deb
pool/main/r/r-bioc-snpstats/r-bioc-snpstats_1.14.0+dfsg-1_armhf.deb
pool/main/r/r-bioc-snpstats/r-bioc-snpstats_1.14.0+dfsg-1_i386.deb
pool/main/r/r-bioc-snpstats/r-bioc-snpstats_1.14.0+dfsg.orig.tar.xz
pool/main/r/r-bioc-variantannotation/
pool/main/r/r-bioc-variantannotation/r-bioc-variantannotation_1.10.1-1.debian.tar.xz
pool/main/r/r-bioc-variantannotation/r-bioc-variantannotation_1.10.1-1.dsc
pool/main/r/r-bioc-variantannotation/r-bioc-variantannotation_1.10.1-1_amd64.deb
pool/main/r/r-bioc-variantannotation/r-bioc-variantannotation_1.10.1-1_armhf.deb
pool/main/r/r-bioc-variantannotation/r-bioc-variantannotation_1.10.1-1_i386.deb
pool/main/r/r-bioc-variantannotation/r-bioc-variantannotation_1.10.1.orig.tar.gz
pool/main/r/rinse/
pool/main/r/rinse/rinse_3.0.4.dsc
pool/main/r/rinse/rinse_3.0.4.tar.gz
pool/main/r/rinse/rinse_3.0.4_all.deb
pool/main/r/rsyslog/
pool/main/r/rsyslog/rsyslog-elasticsearch_8.2.2-3_amd64.deb
pool/main/r/rsyslog/rsyslog-elasticsearch_8.2.2-3_armel.deb
pool/main/r/rsyslog/rsyslog-elasticsearch_8.2.2-3_armhf.deb
pool/main/r/rsyslog/rsyslog-elasticsearch_8.2.2-3_i386.deb
pool/main/r/rsyslog/rsyslog-gnutls_8.2.2-3_amd64.deb
pool/main/r/rsyslog/rsyslog-gnutls_8.2.2-3_armel.deb
pool/main/r/rsyslog/rsyslog-gnutls_8.2.2-3_armhf.deb
pool/main/r/rsyslog/rsyslog-gnutls_8.2.2-3_i386.deb
pool/main/r/rsyslog/rsyslog-gssapi_8.2.2-3_amd64.deb
pool/main/r/rsyslog/rsyslog-gssapi_8.2.2-3_armel.deb
pool/main/r/rsyslog/rsyslog-gssapi_8.2.2-3_armhf.deb
pool/main/r/rsyslog/rsyslog-gssapi_8.2.2-3_i386.deb
pool/main/r/rsyslog/rsyslog-mongodb_8.2.2-3_amd64.deb
pool/main/r/rsyslog/rsyslog-mongodb_8.2.2-3_armel.deb
pool/main/r/rsyslog/rsyslog-mongodb_8.2.2-3_armhf.deb
pool/main/r/rsyslog/rsyslog-mongodb_8.2.2-3_i386.deb
pool/main/r/rsyslog/rsyslog-mysql_8.2.2-3_amd64.deb
pool/main/r/rsyslog/rsyslog-mysql_8.2.2-3_armel.deb
pool/main/r/rsyslog/rsyslog-mysql_8.2.2-3_armhf.deb
pool/main/r/rsyslog/rsyslog-mysql_8.2.2-3_i386.deb
pool/main/r/rsyslog/rsyslog-pgsql_8.2.2-3_amd64.deb
pool/main/r/rsyslog/rsyslog-pgsql_8.2.2-3_armel.deb
pool/main/r/rsyslog/rsyslog-pgsql_8.2.2-3_armhf.deb
pool/main/r/rsyslog/rsyslog-pgsql_8.2.2-3_i386.deb
pool/main/r/rsyslog/rsyslog-relp_8.2.2-3_amd64.deb
pool/main/r/rsyslog/rsyslog-relp_8.2.2-3_armel.deb
pool/main/r/rsyslog/rsyslog-relp_8.2.2-3_armhf.deb
pool/main/r/rsyslog/rsyslog-relp_8.2.2-3_i386.deb
pool/main/r/rsyslog/rsyslog_8.2.2-3.debian.tar.xz
pool/main/r/rsyslog/rsyslog_8.2.2-3.dsc
pool/main/r/rsyslog/rsyslog_8.2.2-3_amd64.deb
pool/main/r/rsyslog/rsyslog_8.2.2-3_armel.deb
pool/main/r/rsyslog/rsyslog_8.2.2-3_armhf.deb
pool/main/r/rsyslog/rsyslog_8.2.2-3_i386.deb
pool/main/r/rsyslog/rsyslog_8.2.2.orig.tar.gz
pool/main/r/ruby-execjs/
pool/main/r/ruby-execjs/ruby-execjs_2.2.1-1.debian.tar.xz
pool/main/r/ruby-execjs/ruby-execjs_2.2.1-1.dsc
pool/main/r/ruby-execjs/ruby-execjs_2.2.1-1_all.deb
pool/main/r/ruby-execjs/ruby-execjs_2.2.1.orig.tar.gz
pool/main/r/ruby-libv8/
pool/main/r/ruby-libv8/ruby-libv8_3.16.14.3-0kali5.debian.tar.xz
pool/main/r/ruby-libv8/ruby-libv8_3.16.14.3-0kali5.dsc
pool/main/r/ruby-libv8/ruby-libv8_3.16.14.3-0kali5_source.changes
pool/main/s/
pool/main/s/samba/
pool/main/s/samba/libnss-winbind_4.1.11+dfsg-1_amd64.deb
pool/main/s/samba/libnss-winbind_4.1.11+dfsg-1_armel.deb
pool/main/s/samba/libnss-winbind_4.1.11+dfsg-1_armhf.deb
pool/main/s/samba/libnss-winbind_4.1.11+dfsg-1_i386.deb
pool/main/s/samba/libpam-smbpass_4.1.11+dfsg-1_amd64.deb
pool/main/s/samba/libpam-smbpass_4.1.11+dfsg-1_armel.deb
pool/main/s/samba/libpam-smbpass_4.1.11+dfsg-1_armhf.deb
pool/main/s/samba/libpam-smbpass_4.1.11+dfsg-1_i386.deb
pool/main/s/samba/libpam-winbind_4.1.11+dfsg-1_amd64.deb
pool/main/s/samba/libpam-winbind_4.1.11+dfsg-1_armel.deb
pool/main/s/samba/libpam-winbind_4.1.11+dfsg-1_armhf.deb
pool/main/s/samba/libpam-winbind_4.1.11+dfsg-1_i386.deb
pool/main/s/samba/libparse-pidl-perl_4.1.11+dfsg-1_amd64.deb
pool/main/s/samba/libparse-pidl-perl_4.1.11+dfsg-1_armel.deb
pool/main/s/samba/libparse-pidl-perl_4.1.11+dfsg-1_armhf.deb
pool/main/s/samba/libparse-pidl-perl_4.1.11+dfsg-1_i386.deb
pool/main/s/samba/libsmbclient-dev_4.1.11+dfsg-1_amd64.deb
pool/main/s/samba/libsmbclient-dev_4.1.11+dfsg-1_armel.deb
pool/main/s/samba/libsmbclient-dev_4.1.11+dfsg-1_armhf.deb
pool/main/s/samba/libsmbclient-dev_4.1.11+dfsg-1_i386.deb
pool/main/s/samba/libsmbclient_4.1.11+dfsg-1_amd64.deb
pool/main/s/samba/libsmbclient_4.1.11+dfsg-1_armel.deb
pool/main/s/samba/libsmbclient_4.1.11+dfsg-1_armhf.deb
pool/main/s/samba/libsmbclient_4.1.11+dfsg-1_i386.deb
pool/main/s/samba/libsmbsharemodes-dev_4.1.11+dfsg-1_amd64.deb
pool/main/s/samba/libsmbsharemodes-dev_4.1.11+dfsg-1_armel.deb
pool/main/s/samba/libsmbsharemodes-dev_4.1.11+dfsg-1_armhf.deb
pool/main/s/samba/libsmbsharemodes-dev_4.1.11+dfsg-1_i386.deb
pool/main/s/samba/libsmbsharemodes0_4.1.11+dfsg-1_amd64.deb
pool/main/s/samba/libsmbsharemodes0_4.1.11+dfsg-1_armel.deb
pool/main/s/samba/libsmbsharemodes0_4.1.11+dfsg-1_armhf.deb
pool/main/s/samba/libsmbsharemodes0_4.1.11+dfsg-1_i386.deb
pool/main/s/samba/libwbclient-dev_4.1.11+dfsg-1_amd64.deb
pool/main/s/samba/libwbclient-dev_4.1.11+dfsg-1_armel.deb
pool/main/s/samba/libwbclient-dev_4.1.11+dfsg-1_armhf.deb
pool/main/s/samba/libwbclient-dev_4.1.11+dfsg-1_i386.deb
pool/main/s/samba/libwbclient0_4.1.11+dfsg-1_amd64.deb
pool/main/s/samba/libwbclient0_4.1.11+dfsg-1_armel.deb
pool/main/s/samba/libwbclient0_4.1.11+dfsg-1_armhf.deb
pool/main/s/samba/libwbclient0_4.1.11+dfsg-1_i386.deb
pool/main/s/samba/python-samba_4.1.11+dfsg-1_amd64.deb
pool/main/s/samba/python-samba_4.1.11+dfsg-1_armel.deb
pool/main/s/samba/python-samba_4.1.11+dfsg-1_armhf.deb
pool/main/s/samba/python-samba_4.1.11+dfsg-1_i386.deb
pool/main/s/samba/registry-tools_4.1.11+dfsg-1_amd64.deb
pool/main/s/samba/registry-tools_4.1.11+dfsg-1_armel.deb
pool/main/s/samba/registry-tools_4.1.11+dfsg-1_armhf.deb
pool/main/s/samba/registry-tools_4.1.11+dfsg-1_i386.deb
pool/main/s/samba/samba-common-bin_4.1.11+dfsg-1_amd64.deb
pool/main/s/samba/samba-common-bin_4.1.11+dfsg-1_armel.deb
pool/main/s/samba/samba-common-bin_4.1.11+dfsg-1_armhf.deb
pool/main/s/samba/samba-common-bin_4.1.11+dfsg-1_i386.deb
pool/main/s/samba/samba-common_4.1.11+dfsg-1_all.deb
pool/main/s/samba/samba-dbg_4.1.11+dfsg-1_amd64.deb
pool/main/s/samba/samba-dbg_4.1.11+dfsg-1_armel.deb
pool/main/s/samba/samba-dbg_4.1.11+dfsg-1_armhf.deb
pool/main/s/samba/samba-dbg_4.1.11+dfsg-1_i386.deb
pool/main/s/samba/samba-dev_4.1.11+dfsg-1_amd64.deb
pool/main/s/samba/samba-dev_4.1.11+dfsg-1_armel.deb
pool/main/s/samba/samba-dev_4.1.11+dfsg-1_armhf.deb
pool/main/s/samba/samba-dev_4.1.11+dfsg-1_i386.deb
pool/main/s/samba/samba-doc_4.1.11+dfsg-1_all.deb
pool/main/s/samba/samba-dsdb-modules_4.1.11+dfsg-1_amd64.deb
pool/main/s/samba/samba-dsdb-modules_4.1.11+dfsg-1_armel.deb
pool/main/s/samba/samba-dsdb-modules_4.1.11+dfsg-1_armhf.deb
pool/main/s/samba/samba-dsdb-modules_4.1.11+dfsg-1_i386.deb
pool/main/s/samba/samba-libs_4.1.11+dfsg-1_amd64.deb
pool/main/s/samba/samba-libs_4.1.11+dfsg-1_armel.deb
pool/main/s/samba/samba-libs_4.1.11+dfsg-1_armhf.deb
pool/main/s/samba/samba-libs_4.1.11+dfsg-1_i386.deb
pool/main/s/samba/samba-testsuite_4.1.11+dfsg-1_amd64.deb
pool/main/s/samba/samba-testsuite_4.1.11+dfsg-1_armel.deb
pool/main/s/samba/samba-testsuite_4.1.11+dfsg-1_armhf.deb
pool/main/s/samba/samba-testsuite_4.1.11+dfsg-1_i386.deb
pool/main/s/samba/samba-vfs-modules_4.1.11+dfsg-1_amd64.deb
pool/main/s/samba/samba-vfs-modules_4.1.11+dfsg-1_armel.deb
pool/main/s/samba/samba-vfs-modules_4.1.11+dfsg-1_armhf.deb
pool/main/s/samba/samba-vfs-modules_4.1.11+dfsg-1_i386.deb
pool/main/s/samba/samba_4.1.11+dfsg-1.debian.tar.xz
pool/main/s/samba/samba_4.1.11+dfsg-1.dsc
pool/main/s/samba/samba_4.1.11+dfsg-1_amd64.deb
pool/main/s/samba/samba_4.1.11+dfsg-1_armel.deb
pool/main/s/samba/samba_4.1.11+dfsg-1_armhf.deb
pool/main/s/samba/samba_4.1.11+dfsg-1_i386.deb
pool/main/s/samba/samba_4.1.11+dfsg.orig.tar.gz
pool/main/s/samba/smbclient_4.1.11+dfsg-1_amd64.deb
pool/main/s/samba/smbclient_4.1.11+dfsg-1_armel.deb
pool/main/s/samba/smbclient_4.1.11+dfsg-1_armhf.deb
pool/main/s/samba/smbclient_4.1.11+dfsg-1_i386.deb
pool/main/s/samba/winbind_4.1.11+dfsg-1_amd64.deb
pool/main/s/samba/winbind_4.1.11+dfsg-1_armel.deb
pool/main/s/samba/winbind_4.1.11+dfsg-1_armhf.deb
pool/main/s/samba/winbind_4.1.11+dfsg-1_i386.deb
pool/main/s/slurm-llnl/
pool/main/s/slurm-llnl/libpam-slurm_2.6.7-2_amd64.deb
pool/main/s/slurm-llnl/libpam-slurm_2.6.7-2_armel.deb
pool/main/s/slurm-llnl/libpam-slurm_2.6.7-2_armhf.deb
pool/main/s/slurm-llnl/libpam-slurm_2.6.7-2_i386.deb
pool/main/s/slurm-llnl/libpmi0-dev_2.6.7-2_amd64.deb
pool/main/s/slurm-llnl/libpmi0-dev_2.6.7-2_armel.deb
pool/main/s/slurm-llnl/libpmi0-dev_2.6.7-2_armhf.deb
pool/main/s/slurm-llnl/libpmi0-dev_2.6.7-2_i386.deb
pool/main/s/slurm-llnl/libpmi0_2.6.7-2_amd64.deb
pool/main/s/slurm-llnl/libpmi0_2.6.7-2_armel.deb
pool/main/s/slurm-llnl/libpmi0_2.6.7-2_armhf.deb
pool/main/s/slurm-llnl/libpmi0_2.6.7-2_i386.deb
pool/main/s/slurm-llnl/libslurm-dev_2.6.7-2_amd64.deb
pool/main/s/slurm-llnl/libslurm-dev_2.6.7-2_armel.deb
pool/main/s/slurm-llnl/libslurm-dev_2.6.7-2_armhf.deb
pool/main/s/slurm-llnl/libslurm-dev_2.6.7-2_i386.deb
pool/main/s/slurm-llnl/libslurm-perl_2.6.7-2_amd64.deb
pool/main/s/slurm-llnl/libslurm-perl_2.6.7-2_armel.deb
pool/main/s/slurm-llnl/libslurm-perl_2.6.7-2_armhf.deb
pool/main/s/slurm-llnl/libslurm-perl_2.6.7-2_i386.deb
pool/main/s/slurm-llnl/libslurm26_2.6.7-2_amd64.deb
pool/main/s/slurm-llnl/libslurm26_2.6.7-2_armel.deb
pool/main/s/slurm-llnl/libslurm26_2.6.7-2_armhf.deb
pool/main/s/slurm-llnl/libslurm26_2.6.7-2_i386.deb
pool/main/s/slurm-llnl/libslurmdb-dev_2.6.7-2_amd64.deb
pool/main/s/slurm-llnl/libslurmdb-dev_2.6.7-2_armel.deb
pool/main/s/slurm-llnl/libslurmdb-dev_2.6.7-2_armhf.deb
pool/main/s/slurm-llnl/libslurmdb-dev_2.6.7-2_i386.deb
pool/main/s/slurm-llnl/libslurmdb-perl_2.6.7-2_amd64.deb
pool/main/s/slurm-llnl/libslurmdb-perl_2.6.7-2_armel.deb
pool/main/s/slurm-llnl/libslurmdb-perl_2.6.7-2_armhf.deb
pool/main/s/slurm-llnl/libslurmdb-perl_2.6.7-2_i386.deb
pool/main/s/slurm-llnl/libslurmdb26_2.6.7-2_amd64.deb
pool/main/s/slurm-llnl/libslurmdb26_2.6.7-2_armel.deb
pool/main/s/slurm-llnl/libslurmdb26_2.6.7-2_armhf.deb
pool/main/s/slurm-llnl/libslurmdb26_2.6.7-2_i386.deb
pool/main/s/slurm-llnl/slurm-llnl-basic-plugins-dev_2.6.7-2_amd64.deb
pool/main/s/slurm-llnl/slurm-llnl-basic-plugins-dev_2.6.7-2_armel.deb
pool/main/s/slurm-llnl/slurm-llnl-basic-plugins-dev_2.6.7-2_armhf.deb
pool/main/s/slurm-llnl/slurm-llnl-basic-plugins-dev_2.6.7-2_i386.deb
pool/main/s/slurm-llnl/slurm-llnl-basic-plugins_2.6.7-2_amd64.deb
pool/main/s/slurm-llnl/slurm-llnl-basic-plugins_2.6.7-2_armel.deb
pool/main/s/slurm-llnl/slurm-llnl-basic-plugins_2.6.7-2_armhf.deb
pool/main/s/slurm-llnl/slurm-llnl-basic-plugins_2.6.7-2_i386.deb
pool/main/s/slurm-llnl/slurm-llnl-doc_2.6.7-2_all.deb
pool/main/s/slurm-llnl/slurm-llnl-slurmdbd_2.6.7-2_amd64.deb
pool/main/s/slurm-llnl/slurm-llnl-slurmdbd_2.6.7-2_armel.deb
pool/main/s/slurm-llnl/slurm-llnl-slurmdbd_2.6.7-2_armhf.deb
pool/main/s/slurm-llnl/slurm-llnl-slurmdbd_2.6.7-2_i386.deb
pool/main/s/slurm-llnl/slurm-llnl-sview_2.6.7-2_amd64.deb
pool/main/s/slurm-llnl/slurm-llnl-sview_2.6.7-2_armel.deb
pool/main/s/slurm-llnl/slurm-llnl-sview_2.6.7-2_armhf.deb
pool/main/s/slurm-llnl/slurm-llnl-sview_2.6.7-2_i386.deb
pool/main/s/slurm-llnl/slurm-llnl-torque_2.6.7-2_all.deb
pool/main/s/slurm-llnl/slurm-llnl_2.6.7-2.debian.tar.xz
pool/main/s/slurm-llnl/slurm-llnl_2.6.7-2.dsc
pool/main/s/slurm-llnl/slurm-llnl_2.6.7-2_amd64.deb
pool/main/s/slurm-llnl/slurm-llnl_2.6.7-2_armel.deb
pool/main/s/slurm-llnl/slurm-llnl_2.6.7-2_armhf.deb
pool/main/s/slurm-llnl/slurm-llnl_2.6.7-2_i386.deb
pool/main/s/sqlmap/
pool/main/s/sqlmap/sqlmap_1.0+git20140307+0~git1407217387.2da94b-1.debian.tar.gz
pool/main/s/sqlmap/sqlmap_1.0+git20140307+0~git1407217387.2da94b-1.dsc
pool/main/s/sqlmap/sqlmap_1.0+git20140307+0~git1407217387.2da94b-1_all.changes
pool/main/s/sqlmap/sqlmap_1.0+git20140307+0~git1407217387.2da94b-1_all.deb
pool/main/s/sqlmap/sqlmap_1.0+git20140307+0~git1407217387.2da94b-1_source.changes
pool/main/s/sqlmap/sqlmap_1.0+git20140307+0~git1407217387.2da94b.orig.tar.gz
pool/main/s/sra-sdk/
pool/main/s/sra-sdk/sra-sdk_2.3.5-2+dfsg-1.debian.tar.xz
pool/main/s/sra-sdk/sra-sdk_2.3.5-2+dfsg-1.dsc
pool/main/s/sra-sdk/sra-sdk_2.3.5-2+dfsg.orig.tar.xz
pool/main/s/sra-sdk/sra-toolkit-libs-dev_2.3.5-2+dfsg-1_amd64.deb
pool/main/s/sra-sdk/sra-toolkit-libs-dev_2.3.5-2+dfsg-1_i386.deb
pool/main/s/sra-sdk/sra-toolkit-libs0_2.3.5-2+dfsg-1_amd64.deb
pool/main/s/sra-sdk/sra-toolkit-libs0_2.3.5-2+dfsg-1_i386.deb
pool/main/s/sra-sdk/sra-toolkit_2.3.5-2+dfsg-1_amd64.deb
pool/main/s/sra-sdk/sra-toolkit_2.3.5-2+dfsg-1_i386.deb
pool/main/s/ssm/
pool/main/s/ssm/libssm-dev_1.3-2_amd64.deb
pool/main/s/ssm/libssm-dev_1.3-2_armel.deb
pool/main/s/ssm/libssm-dev_1.3-2_armhf.deb
pool/main/s/ssm/libssm-dev_1.3-2_i386.deb
pool/main/s/ssm/libssm1-dbg_1.3-2_amd64.deb
pool/main/s/ssm/libssm1-dbg_1.3-2_armel.deb
pool/main/s/ssm/libssm1-dbg_1.3-2_armhf.deb
pool/main/s/ssm/libssm1-dbg_1.3-2_i386.deb
pool/main/s/ssm/libssm1_1.3-2_amd64.deb
pool/main/s/ssm/libssm1_1.3-2_armel.deb
pool/main/s/ssm/libssm1_1.3-2_armhf.deb
pool/main/s/ssm/libssm1_1.3-2_i386.deb
pool/main/s/ssm/ssm_1.3-2.debian.tar.xz
pool/main/s/ssm/ssm_1.3-2.dsc
pool/main/s/ssm/ssm_1.3.orig.tar.bz2
pool/main/s/strongswan/
pool/main/s/strongswan/charon-cmd_5.2.0-2_amd64.deb
pool/main/s/strongswan/charon-cmd_5.2.0-2_armel.deb
pool/main/s/strongswan/charon-cmd_5.2.0-2_armhf.deb
pool/main/s/strongswan/charon-cmd_5.2.0-2_i386.deb
pool/main/s/strongswan/libcharon-extra-plugins_5.2.0-2_amd64.deb
pool/main/s/strongswan/libcharon-extra-plugins_5.2.0-2_armel.deb
pool/main/s/strongswan/libcharon-extra-plugins_5.2.0-2_armhf.deb
pool/main/s/strongswan/libcharon-extra-plugins_5.2.0-2_i386.deb
pool/main/s/strongswan/libstrongswan-extra-plugins_5.2.0-2_amd64.deb
pool/main/s/strongswan/libstrongswan-extra-plugins_5.2.0-2_armel.deb
pool/main/s/strongswan/libstrongswan-extra-plugins_5.2.0-2_armhf.deb
pool/main/s/strongswan/libstrongswan-extra-plugins_5.2.0-2_i386.deb
pool/main/s/strongswan/libstrongswan-standard-plugins_5.2.0-2_amd64.deb
pool/main/s/strongswan/libstrongswan-standard-plugins_5.2.0-2_armel.deb
pool/main/s/strongswan/libstrongswan-standard-plugins_5.2.0-2_armhf.deb
pool/main/s/strongswan/libstrongswan-standard-plugins_5.2.0-2_i386.deb
pool/main/s/strongswan/libstrongswan_5.2.0-2_amd64.deb
pool/main/s/strongswan/libstrongswan_5.2.0-2_armel.deb
pool/main/s/strongswan/libstrongswan_5.2.0-2_armhf.deb
pool/main/s/strongswan/libstrongswan_5.2.0-2_i386.deb
pool/main/s/strongswan/strongswan-charon_5.2.0-2_amd64.deb
pool/main/s/strongswan/strongswan-charon_5.2.0-2_armel.deb
pool/main/s/strongswan/strongswan-charon_5.2.0-2_armhf.deb
pool/main/s/strongswan/strongswan-charon_5.2.0-2_i386.deb
pool/main/s/strongswan/strongswan-dbg_5.2.0-2_amd64.deb
pool/main/s/strongswan/strongswan-dbg_5.2.0-2_armel.deb
pool/main/s/strongswan/strongswan-dbg_5.2.0-2_armhf.deb
pool/main/s/strongswan/strongswan-dbg_5.2.0-2_i386.deb
pool/main/s/strongswan/strongswan-ike_5.2.0-2_all.deb
pool/main/s/strongswan/strongswan-ikev1_5.2.0-2_all.deb
pool/main/s/strongswan/strongswan-ikev2_5.2.0-2_all.deb
pool/main/s/strongswan/strongswan-libcharon_5.2.0-2_amd64.deb
pool/main/s/strongswan/strongswan-libcharon_5.2.0-2_armel.deb
pool/main/s/strongswan/strongswan-libcharon_5.2.0-2_armhf.deb
pool/main/s/strongswan/strongswan-libcharon_5.2.0-2_i386.deb
pool/main/s/strongswan/strongswan-nm_5.2.0-2_amd64.deb
pool/main/s/strongswan/strongswan-nm_5.2.0-2_armel.deb
pool/main/s/strongswan/strongswan-nm_5.2.0-2_armhf.deb
pool/main/s/strongswan/strongswan-nm_5.2.0-2_i386.deb
pool/main/s/strongswan/strongswan-starter_5.2.0-2_amd64.deb
pool/main/s/strongswan/strongswan-starter_5.2.0-2_armel.deb
pool/main/s/strongswan/strongswan-starter_5.2.0-2_armhf.deb
pool/main/s/strongswan/strongswan-starter_5.2.0-2_i386.deb
pool/main/s/strongswan/strongswan_5.2.0-2.debian.tar.xz
pool/main/s/strongswan/strongswan_5.2.0-2.dsc
pool/main/s/strongswan/strongswan_5.2.0-2_all.deb
pool/main/t/tftp-hpa/
pool/main/t/tftp-hpa/tftp-hpa-dbg_5.2+20140608-3_amd64.deb
pool/main/t/tftp-hpa/tftp-hpa-dbg_5.2+20140608-3_armel.deb
pool/main/t/tftp-hpa/tftp-hpa-dbg_5.2+20140608-3_armhf.deb
pool/main/t/tftp-hpa/tftp-hpa-dbg_5.2+20140608-3_i386.deb
pool/main/t/tftp-hpa/tftp-hpa_5.2+20140608-3.diff.gz
pool/main/t/tftp-hpa/tftp-hpa_5.2+20140608-3.dsc
pool/main/t/tftp-hpa/tftp-hpa_5.2+20140608-3_amd64.deb
pool/main/t/tftp-hpa/tftp-hpa_5.2+20140608-3_armel.deb
pool/main/t/tftp-hpa/tftp-hpa_5.2+20140608-3_armhf.deb
pool/main/t/tftp-hpa/tftp-hpa_5.2+20140608-3_i386.deb
pool/main/t/tftp-hpa/tftp-hpa_5.2+20140608.orig.tar.gz
pool/main/t/tftp-hpa/tftpd-hpa_5.2+20140608-3_amd64.deb
pool/main/t/tftp-hpa/tftpd-hpa_5.2+20140608-3_armel.deb
pool/main/t/tftp-hpa/tftpd-hpa_5.2+20140608-3_armhf.deb
pool/main/t/tftp-hpa/tftpd-hpa_5.2+20140608-3_i386.deb
pool/main/t/tinyxml2/
pool/main/t/tinyxml2/libtinyxml2-2_2.1.0-1_amd64.deb
pool/main/t/tinyxml2/libtinyxml2-2_2.1.0-1_armel.deb
pool/main/t/tinyxml2/libtinyxml2-2_2.1.0-1_armhf.deb
pool/main/t/tinyxml2/libtinyxml2-2_2.1.0-1_i386.deb
pool/main/t/tinyxml2/libtinyxml2-dev_2.1.0-1_amd64.deb
pool/main/t/tinyxml2/libtinyxml2-dev_2.1.0-1_armel.deb
pool/main/t/tinyxml2/libtinyxml2-dev_2.1.0-1_armhf.deb
pool/main/t/tinyxml2/libtinyxml2-dev_2.1.0-1_i386.deb
pool/main/t/tinyxml2/tinyxml2_2.1.0-1.debian.tar.xz
pool/main/t/tinyxml2/tinyxml2_2.1.0-1.dsc
pool/main/t/tinyxml2/tinyxml2_2.1.0.orig.tar.gz
pool/main/t/typespeed/
pool/main/t/typespeed/typespeed_0.6.5-2.diff.gz
pool/main/t/typespeed/typespeed_0.6.5-2.dsc
pool/main/t/typespeed/typespeed_0.6.5-2_amd64.deb
pool/main/t/typespeed/typespeed_0.6.5-2_armel.deb
pool/main/t/typespeed/typespeed_0.6.5-2_armhf.deb
pool/main/t/typespeed/typespeed_0.6.5-2_i386.deb
pool/main/v/v4l2loopback/
pool/main/v/v4l2loopback/v4l2loopback-dkms_0.8.0-2_all.deb
pool/main/v/v4l2loopback/v4l2loopback-source_0.8.0-2_all.deb
pool/main/v/v4l2loopback/v4l2loopback-utils_0.8.0-2_amd64.deb
pool/main/v/v4l2loopback/v4l2loopback_0.8.0-2.debian.tar.xz
pool/main/v/v4l2loopback/v4l2loopback_0.8.0-2.dsc
pool/main/v/vorbis-tools/
pool/main/v/vorbis-tools/vorbis-tools-dbg_1.4.0-1.1_amd64.deb
pool/main/v/vorbis-tools/vorbis-tools-dbg_1.4.0-1.1_armel.deb
pool/main/v/vorbis-tools/vorbis-tools-dbg_1.4.0-1.1_armhf.deb
pool/main/v/vorbis-tools/vorbis-tools-dbg_1.4.0-1.1_i386.deb
pool/main/v/vorbis-tools/vorbis-tools_1.4.0-1.1.diff.gz
pool/main/v/vorbis-tools/vorbis-tools_1.4.0-1.1.dsc
pool/main/v/vorbis-tools/vorbis-tools_1.4.0-1.1_amd64.deb
pool/main/v/vorbis-tools/vorbis-tools_1.4.0-1.1_armel.deb
pool/main/v/vorbis-tools/vorbis-tools_1.4.0-1.1_armhf.deb
pool/main/v/vorbis-tools/vorbis-tools_1.4.0-1.1_i386.deb
pool/main/w/wrapsrv/
pool/main/w/wrapsrv/wrapsrv_1.0.0-1.debian.tar.xz
pool/main/w/wrapsrv/wrapsrv_1.0.0-1.dsc
pool/main/w/wrapsrv/wrapsrv_1.0.0-1_amd64.deb
pool/main/w/wrapsrv/wrapsrv_1.0.0-1_armel.deb
pool/main/w/wrapsrv/wrapsrv_1.0.0-1_armhf.deb
pool/main/w/wrapsrv/wrapsrv_1.0.0-1_i386.deb
pool/main/w/wrapsrv/wrapsrv_1.0.0.orig.tar.gz
pool/main/x/xbmc/
pool/main/x/xbmc/xbmc-bin_13.1~rc1+dfsg1-1+b1_armel.deb
pool/main/x/xbmc/xbmc-bin_13.1~rc1+dfsg1-1+b1_armhf.deb
pool/main/x/xbmc/xbmc-bin_13.1~rc1+dfsg1-1+b1_i386.deb
pool/main/x/xbmc/xbmc-eventclients-wiiremote_13.1~rc1+dfsg1-1+b1_armel.deb
pool/main/x/xbmc/xbmc-eventclients-wiiremote_13.1~rc1+dfsg1-1+b1_armhf.deb
pool/main/x/xbmc/xbmc-eventclients-wiiremote_13.1~rc1+dfsg1-1+b1_i386.deb
pool/main/x/xchat-gnome/
pool/main/x/xchat-gnome/xchat-gnome-common_0.30.0~git20131003.d20b8d-2.1_all.deb
pool/main/x/xchat-gnome/xchat-gnome_0.30.0~git20131003.d20b8d-2.1.debian.tar.xz
pool/main/x/xchat-gnome/xchat-gnome_0.30.0~git20131003.d20b8d-2.1.dsc
pool/main/x/xchat-gnome/xchat-gnome_0.30.0~git20131003.d20b8d-2.1_amd64.deb
pool/main/x/xchat-gnome/xchat-gnome_0.30.0~git20131003.d20b8d-2.1_armel.deb
pool/main/x/xchat-gnome/xchat-gnome_0.30.0~git20131003.d20b8d-2.1_armhf.deb
pool/main/x/xchat-gnome/xchat-gnome_0.30.0~git20131003.d20b8d-2.1_i386.deb
pool/main/x/xchat-gnome/xchat-gnome_0.30.0~git20131003.d20b8d.orig.tar.gz
pool/non-free/p/paml/
pool/non-free/p/paml/paml-doc_4.8+dfsg-1_all.deb
pool/non-free/p/paml/paml_4.8+dfsg-1.debian.tar.xz
pool/non-free/p/paml/paml_4.8+dfsg-1.dsc
pool/non-free/p/paml/paml_4.8+dfsg-1_amd64.deb
pool/non-free/p/paml/paml_4.8+dfsg.orig.tar.xz
project/trace/archive.kali.org
project/trace/mirror3.mirror.garr.it
project/trace/repo.kali.org
deleting Archive-Update-in-Progress-mirror3.mirror.garr.it
deleting Archive-Update-Required-mirror3.mirror.garr.it
deleting pool/main/d/dosfstools/dosfstools_3.0.26-2_i386.deb
deleting pool/main/d/dosfstools/dosfstools_3.0.26-2_armhf.deb
deleting pool/main/d/dosfstools/dosfstools_3.0.26-2_armel.deb
deleting pool/main/d/dosfstools/dosfstools_3.0.26-2_amd64.deb
deleting pool/main/d/dosfstools/dosfstools_3.0.26-2.dsc
deleting pool/main/d/dosfstools/dosfstools_3.0.26-2.debian.tar.xz
deleting pool/main/d/dosfstools/dosfstools-udeb_3.0.26-2_i386.udeb
deleting pool/main/d/dosfstools/dosfstools-udeb_3.0.26-2_armhf.udeb
deleting pool/main/d/dosfstools/dosfstools-udeb_3.0.26-2_armel.udeb
deleting pool/main/d/dosfstools/dosfstools-udeb_3.0.26-2_amd64.udeb
deleting pool/main/d/dosfstools/dosfstools-dbg_3.0.26-2_i386.deb
deleting pool/main/d/dosfstools/dosfstools-dbg_3.0.26-2_armhf.deb
deleting pool/main/d/dosfstools/dosfstools-dbg_3.0.26-2_armel.deb
deleting pool/main/d/dosfstools/dosfstools-dbg_3.0.26-2_amd64.deb
deleting pool/main/m/mp3diags/mp3diags-doc_1.0.12.079-2_all.deb
deleting pool/main/s/sqlmap/sqlmap_1.0+git20140307+0~git1406958192.859900.orig.tar.gz
deleting pool/main/s/sqlmap/sqlmap_1.0+git20140307+0~git1406958192.859900-1_source.changes
deleting pool/main/s/sqlmap/sqlmap_1.0+git20140307+0~git1406958192.859900-1_all.deb
deleting pool/main/s/sqlmap/sqlmap_1.0+git20140307+0~git1406958192.859900-1_all.changes
deleting pool/main/s/sqlmap/sqlmap_1.0+git20140307+0~git1406958192.859900-1.dsc
deleting pool/main/s/sqlmap/sqlmap_1.0+git20140307+0~git1406958192.859900-1.debian.tar.gz

Number of files: 339443
Number of files transferred: 930
Total file size: 364658958715 bytes
Total transferred file size: 1677603770 bytes
Literal data: 1250494167 bytes
Matched data: 427109603 bytes
File list size: 8472665
File list generation time: 24.656 seconds
File list transfer time: 0.000 seconds
Total bytes sent: 1331378
Total bytes received: 1259540797

sent 1331378 bytes  received 1259540797 bytes  1779636.10 bytes/sec
total size is 364658958715  speedup is 289.21
