2014-08-05 15:00:02
rsync://ftp.ussg.iu.edu/gentoo-portage/
---------------------------------------------------------
      ___           ___           ___           ___
     /\__\         /\  \         /\  \         /\  \
    /:/  /        /::\  \       /::\  \       /::\  \
   /:/  /        /:/\ \  \     /:/\ \  \     /:/\:\  \
  /:/  /  ___   _\:\~\ \  \   _\:\~\ \  \   /:/  \:\  \
 /:/__/  /\__\ /\ \:\ \ \__\ /\ \:\ \ \__\ /:/__/_\:\__\
 \:\  \ /:/  / \:\ \:\ \/__/ \:\ \:\ \/__/ \:\  /\ \/__/
  \:\  /:/  /   \:\ \:\__\    \:\ \:\__\    \:\ \:\__\
   \:\/:/  /     \:\/:/  /     \:\/:/  /     \:\/:/  /
    \::/  /       \::/  /       \::/  /       \::/  /
     \/__/         \/__/         \/__/         \/__/

          Indiana University
       Unix Systems Support Group
        ftp://ftp.ussg.iu.edu/
    Located in Bloomington, Indiana
      AKA: rsync25.us.gentoo.org

Questions and comments to: ussg@iu.edu

    !!!NOTICE!!!
    Maintenance window is every Tuesday
    beginning at 0900 (1400 GMT)

---------------------------------------------------------

receiving file list ... done
./
app-accessibility/
app-accessibility/SphinxTrain/
app-accessibility/SphinxTrain/files/
app-accessibility/accerciser/
app-accessibility/accerciser/ChangeLog
app-accessibility/accerciser/Manifest
app-accessibility/accerciser/accerciser-3.12.0.ebuild
app-accessibility/at-spi2-atk/
app-accessibility/at-spi2-atk/ChangeLog
app-accessibility/at-spi2-atk/Manifest
app-accessibility/at-spi2-atk/at-spi2-atk-2.12.1.ebuild
app-accessibility/at-spi2-core/
app-accessibility/at-spi2-core/ChangeLog
app-accessibility/at-spi2-core/Manifest
app-accessibility/at-spi2-core/at-spi2-core-2.12.0.ebuild
app-accessibility/at-spi2-core/files/
app-accessibility/brltty/
app-accessibility/brltty/files/
app-accessibility/caribou/
app-accessibility/dasher/
app-accessibility/edbrowse/
app-accessibility/edbrowse/files/
app-accessibility/eflite/
app-accessibility/eflite/ChangeLog
app-accessibility/eflite/Manifest
app-accessibility/eflite/eflite-0.4.1-r2.ebuild
app-accessibility/eflite/files/
app-accessibility/emacspeak-ss/
app-accessibility/emacspeak-ss/files/
app-accessibility/emacspeak/
app-accessibility/epos/
app-accessibility/epos/files/
app-accessibility/espeak/
app-accessibility/espeakup/
app-accessibility/espeakup/files/
app-accessibility/festival-fi/
app-accessibility/festival-fi/files/
app-accessibility/festival-freebsoft-utils/
app-accessibility/festival-hts/
app-accessibility/festival-it/
app-accessibility/festival-ru/
app-accessibility/festival/
app-accessibility/festival/files/
app-accessibility/flite/
app-accessibility/flite/ChangeLog
app-accessibility/flite/Manifest
app-accessibility/flite/flite-1.2-r2.ebuild
app-accessibility/flite/flite-1.3-r1.ebuild
app-accessibility/flite/flite-1.4-r4.ebuild
app-accessibility/flite/files/
app-accessibility/freetts/
app-accessibility/freetts/files/
app-accessibility/gnome-mag/
app-accessibility/gnome-speech/
app-accessibility/gnome-speech/files/
app-accessibility/gok/
app-accessibility/java-access-bridge/
app-accessibility/java-access-bridge/files/
app-accessibility/julius/
app-accessibility/julius/files/
app-accessibility/mbrola/
app-accessibility/morseall/
app-accessibility/nfbtrans/
app-accessibility/nfbtrans/files/
app-accessibility/orca/
app-accessibility/orca/ChangeLog
app-accessibility/orca/Manifest
app-accessibility/orca/orca-3.12.2.ebuild
app-accessibility/perlbox-voice/
app-accessibility/pidgin-festival/
app-accessibility/pocketsphinx/
app-accessibility/powiedz/
app-accessibility/powiedz/files/
app-accessibility/simon/
app-accessibility/simon/files/
app-accessibility/sound-icons/
app-accessibility/speakup/
app-accessibility/speech-dispatcher/
app-accessibility/speech-dispatcher/files/
app-accessibility/speech-tools/
app-accessibility/speech-tools/files/
app-accessibility/speechd-el/
app-accessibility/speechd-up/
app-accessibility/speechd-up/files/
app-accessibility/sphinx2/
app-accessibility/sphinx2/files/
app-accessibility/sphinx3/
app-accessibility/sphinx3/files/
app-accessibility/sphinxbase/
app-accessibility/sphinxbase/files/
app-accessibility/yasr/
app-accessibility/yasr/files/
app-admin/
app-admin/389-admin-console/
app-admin/389-console/
app-admin/389-ds-console/
app-admin/abrt/
app-admin/abrt/files/
app-admin/amazon-ec2-init/
app-admin/amazon-ec2-init/files/
app-admin/analog/
app-admin/analog/files/
app-admin/ansible/
app-admin/ansible/ChangeLog
app-admin/ansible/Manifest
app-admin/ansible/ansible-1.6.10.ebuild
app-admin/ansible/ansible-1.6.8.ebuild
app-admin/ansible/ansible-9999.ebuild
app-admin/ansible/files/
app-admin/apache-tools/
app-admin/apache-tools/ChangeLog
app-admin/apache-tools/Manifest
app-admin/apache-tools/apache-tools-2.4.10.ebuild
app-admin/apache-tools/files/
app-admin/apachetop/
app-admin/apachetop/files/
app-admin/apg/
app-admin/apg/files/
app-admin/augeas/
app-admin/augeas/files/
app-admin/authbind/
app-admin/authbind/files/
app-admin/aws-as-tools/
app-admin/aws-cw-tools/
app-admin/aws-elb-tools/
app-admin/aws-iam-tools/
app-admin/aws-rds-tools/
app-admin/bastille/
app-admin/bcfg2/
app-admin/bcfg2/files/
app-admin/cancd/
app-admin/cancd/files/
app-admin/ccze/
app-admin/ccze/files/
app-admin/cdist/
app-admin/checkrestart/
app-admin/checkrestart/files/
app-admin/chef-expander/
app-admin/chef-expander/files/
app-admin/chef-expander/files/confd/
app-admin/chef-expander/files/initd/
app-admin/chef-server-api/
app-admin/chef-server-api/files/
app-admin/chef-server-api/files/confd/
app-admin/chef-server-api/files/initd/
app-admin/chef-server-webui/
app-admin/chef-server-webui/files/
app-admin/chef-server-webui/files/confd/
app-admin/chef-server-webui/files/initd/
app-admin/chef-server/
app-admin/chef-solr/
app-admin/chef-solr/files/
app-admin/chef-solr/files/confd/
app-admin/chef-solr/files/initd/
app-admin/chef/
app-admin/chef/files/
app-admin/chef/files/confd/
app-admin/chef/files/initd/
app-admin/chroot_safe/
app-admin/chroot_safe/files/
app-admin/chrootuid/
app-admin/chrpath/
app-admin/chrpath/files/
app-admin/clog/
app-admin/clustershell/
app-admin/collectd/
app-admin/collectd/ChangeLog
app-admin/collectd/Manifest
app-admin/collectd/metadata.xml
app-admin/collectd/files/
app-admin/conky/
app-admin/conky/files/
app-admin/conkyforecast/
app-admin/conserver/
app-admin/conserver/files/
app-admin/consolehm/
app-admin/consolehm/files/
app-admin/cpulimit/
app-admin/cpulimit/files/
app-admin/cronolog/
app-admin/cronolog/files/
app-admin/cronolog/files/1.6.2-patches/
app-admin/denyhosts/
app-admin/denyhosts/ChangeLog
app-admin/denyhosts/Manifest
app-admin/denyhosts/denyhosts-2.6-r10.ebuild
app-admin/denyhosts/files/
app-admin/diradm/
app-admin/drush/
app-admin/durep/
app-admin/durep/files/
app-admin/ec2-ami-tools/
app-admin/ec2-api-tools/
app-admin/eclean-kernel/
app-admin/elektra/
app-admin/elektra/ChangeLog
app-admin/elektra/Manifest
app-admin/elektra/elektra-0.8.6.ebuild
app-admin/elektra/metadata.xml
app-admin/elektra/files/
app-admin/emacs-updater/
app-admin/emacs-updater/ChangeLog
app-admin/emacs-updater/Manifest
app-admin/emacs-updater/emacs-updater-1.14.ebuild
app-admin/equo/
app-admin/eselect-audicle/
app-admin/eselect-awk/
app-admin/eselect-bashcomp/
app-admin/eselect-bashcomp/ChangeLog
app-admin/eselect-bashcomp/Manifest
app-admin/eselect-bashcomp/metadata.xml
app-admin/eselect-blas/
app-admin/eselect-blas/files/
app-admin/eselect-cblas/
app-admin/eselect-cblas/files/
app-admin/eselect-cdparanoia/
app-admin/eselect-cdparanoia/files/
app-admin/eselect-chuck/
app-admin/eselect-ctags/
app-admin/eselect-ecj/
app-admin/eselect-ecj/files/
app-admin/eselect-emacs/
app-admin/eselect-esd/
app-admin/eselect-fontconfig/
app-admin/eselect-fontconfig/files/
app-admin/eselect-gnat/
app-admin/eselect-gnat/files/
app-admin/eselect-gnome-shell-extensions/
app-admin/eselect-infinality/
app-admin/eselect-java/
app-admin/eselect-lapack/
app-admin/eselect-lapack/files/
app-admin/eselect-lcdfilter/
app-admin/eselect-lib-bin-symlink/
app-admin/eselect-lua/
app-admin/eselect-lua/files/
app-admin/eselect-maven/
app-admin/eselect-maven/files/
app-admin/eselect-mesa/
app-admin/eselect-metasploit/
app-admin/eselect-metasploit/files/
app-admin/eselect-miniaudicle/
app-admin/eselect-miniaudicle/files/
app-admin/eselect-mpg123/
app-admin/eselect-mpg123/files/
app-admin/eselect-mpost/
app-admin/eselect-mpost/files/
app-admin/eselect-notify-send/
app-admin/eselect-notify-send/files/
app-admin/eselect-nxserver/
app-admin/eselect-oodict/
app-admin/eselect-opencascade/
app-admin/eselect-opencascade/files/
app-admin/eselect-opencl/
app-admin/eselect-opencl/ChangeLog
app-admin/eselect-opencl/Manifest
app-admin/eselect-opencl/eselect-opencl-1.1.0-r3.ebuild
app-admin/eselect-opengl/
app-admin/eselect-package-manager/
app-admin/eselect-package-manager/ChangeLog
app-admin/eselect-package-manager/Manifest
app-admin/eselect-package-manager/eselect-package-manager-20110108.ebuild
app-admin/eselect-package-manager/metadata.xml
app-admin/eselect-pdftex/
app-admin/eselect-pdftex/files/
app-admin/eselect-php/
app-admin/eselect-php/files/
app-admin/eselect-pinentry/
app-admin/eselect-pinentry/files/
app-admin/eselect-postgresql/
app-admin/eselect-python/
app-admin/eselect-qtgraphicssystem/
app-admin/eselect-rails/
app-admin/eselect-renpy/
app-admin/eselect-renpy/ChangeLog
app-admin/eselect-renpy/Manifest
app-admin/eselect-renpy/eselect-renpy-0.4.ebuild
app-admin/eselect-renpy/files/
app-admin/eselect-ruby/
app-admin/eselect-ruby/ChangeLog
app-admin/eselect-ruby/Manifest
app-admin/eselect-ruby/eselect-ruby-20131227.ebuild
app-admin/eselect-sh/
app-admin/eselect-sh/files/
app-admin/eselect-sndpeek/
app-admin/eselect-timezone/
app-admin/eselect-timidity/
app-admin/eselect-unison/
app-admin/eselect-unison/files/
app-admin/eselect-vdr/
app-admin/eselect-vi/
app-admin/eselect-vi/files/
app-admin/eselect-wxwidgets/
app-admin/eselect-wxwidgets/files/
app-admin/eselect-xvmc/
app-admin/eselect-xvmc/files/
app-admin/eselect/
app-admin/eselect/ChangeLog
app-admin/eselect/Manifest
app-admin/eselect/eselect-1.4.1.ebuild
app-admin/eselect/metadata.xml
app-admin/evtxtools/
app-admin/fam/
app-admin/fam/files/
app-admin/fetchlog/
app-admin/fifo-cronolog/
app-admin/filewatcher/
app-admin/filewatcher/files/
app-admin/fleet/
app-admin/fleet/ChangeLog
app-admin/fleet/Manifest
app-admin/fleet/fleet-0.5.3.ebuild
app-admin/fleet/fleet-0.5.4.ebuild
app-admin/fleet/fleet-9999.ebuild
app-admin/fleet/metadata.xml
app-admin/fleet/files/
app-admin/fleet/files/fleet.service
app-admin/fsvs/
app-admin/fsvs/files/
app-admin/gam-server/
app-admin/gam-server/files/
app-admin/gamin/
app-admin/genromfs/
app-admin/genromfs/files/
app-admin/gentoo-rsync-mirror/
app-admin/gentoo-rsync-mirror/files/
app-admin/geolizer/
app-admin/geolizer/files/
app-admin/gkrellm/
app-admin/gkrellm/files/
app-admin/gksu-polkit/
app-admin/gksu-polkit/files/
app-admin/glance/
app-admin/glance/ChangeLog
app-admin/glance/Manifest
app-admin/glance/glance-2014.1.1.ebuild
app-admin/glance/glance-2014.1.9999.ebuild
app-admin/glance/glance-9999.ebuild
app-admin/glance/files/
app-admin/gnome-system-log/
app-admin/gnome-system-tools/
app-admin/gnome-system-tools/files/
app-admin/grubconfig/
app-admin/gtkdiskfree/
app-admin/gtkdiskfree/files/
app-admin/hardening-check/
app-admin/hardinfo/
app-admin/hardinfo/files/
app-admin/haskell-updater/
app-admin/haskell-updater/ChangeLog
app-admin/haskell-updater/Manifest
app-admin/haskell-updater/haskell-updater-1.2.3.ebuild
app-admin/hddtemp/
app-admin/hddtemp/files/
app-admin/hwreport/
app-admin/ide-smart/
app-admin/integrit/
app-admin/jinit/
app-admin/jinit/files/
app-admin/kedpm/
app-admin/kedpm/files/
app-admin/keepass/
app-admin/keepass/ChangeLog
app-admin/keepass/Manifest
app-admin/keepass/keepass-2.27.ebuild
app-admin/keepass/files/
app-admin/keepassx/
app-admin/keepassx/files/
app-admin/killproc/
app-admin/killproc/ChangeLog
app-admin/killproc/Manifest
app-admin/killproc/killproc-2.13-r1.ebuild
app-admin/killproc/killproc-2.13.ebuild
app-admin/killproc/files/
app-admin/lib_users/
app-admin/lib_users/ChangeLog
app-admin/lib_users/Manifest
app-admin/lib_users/lib_users-0.9.ebuild
app-admin/lnav/
app-admin/localepurge/
app-admin/localepurge/files/
app-admin/logcheck/
app-admin/logcheck/files/
app-admin/logmon/
app-admin/logmon/ChangeLog
app-admin/logmon/Manifest
app-admin/logmon/logmon-0.4.4-r1.ebuild
app-admin/logmon/files/
app-admin/logrotate/
app-admin/logrotate/ChangeLog
app-admin/logrotate/Manifest
app-admin/logrotate/files/
app-admin/logsentry/
app-admin/logstalgia/
app-admin/logsurfer+/
app-admin/logsurfer+/files/
app-admin/longrun/
app-admin/longrun/files/
app-admin/lsat/
app-admin/lsat/files/
app-admin/lsyncd/
app-admin/makepasswd/
app-admin/mate-system-tools/
app-admin/mate-system-tools/files/
app-admin/matter/
app-admin/mcelog/
app-admin/mcelog/files/
app-admin/mcollective/
app-admin/mcollective/ChangeLog
app-admin/mcollective/Manifest
app-admin/mcollective/mcollective-2.5.3.ebuild
app-admin/mcollective/files/
app-admin/metalog/
app-admin/metalog/files/
app-admin/mktwpol/
app-admin/mktwpol/ChangeLog
app-admin/mktwpol/Manifest
app-admin/mktwpol/mktwpol-0.2.4.ebuild
app-admin/monit/
app-admin/monit/ChangeLog
app-admin/monit/Manifest
app-admin/monit/monit-5.8.ebuild
app-admin/monit/files/
app-admin/multilog-watch/
app-admin/newsyslog/
app-admin/newsyslog/files/
app-admin/ngxtop/
app-admin/ngxtop/files/
app-admin/openrc-settingsd/
app-admin/packagekit-base/
app-admin/packagekit-base/ChangeLog
app-admin/packagekit-base/Manifest
app-admin/packagekit-base/packagekit-base-0.7.4.ebuild
app-admin/packagekit-base/packagekit-base-0.8.15-r1.ebuild
app-admin/packagekit-base/files/
app-admin/packagekit-gtk/
app-admin/packagekit-qt4/
app-admin/packagekit/
app-admin/pass/
app-admin/pass/ChangeLog
app-admin/pass/Manifest
app-admin/pass/pass-1.6.3.ebuild
app-admin/pass/pass-9999.ebuild
app-admin/pass/files/
app-admin/passook/
app-admin/passook/files/
app-admin/paxtest/
app-admin/paxtest/files/
app-admin/perl-cleaner/
app-admin/perl-cleaner/ChangeLog
app-admin/perl-cleaner/Manifest
app-admin/perl-cleaner/perl-cleaner-2.16.ebuild
app-admin/perl-cleaner/perl-cleaner-9999.ebuild
app-admin/pessulus/
app-admin/petrovich/
app-admin/petrovich/files/
app-admin/phpsyslogng/
app-admin/phpsyslogng/files/
app-admin/pprocm/
app-admin/procinfo-ng/
app-admin/procinfo-ng/files/
app-admin/procinfo/
app-admin/procinfo/files/
app-admin/psmon/
app-admin/puppet-lint/
app-admin/puppet/
app-admin/puppet/ChangeLog
app-admin/puppet/Manifest
app-admin/puppet/puppet-3.6.2.ebuild
app-admin/puppet/files/
app-admin/pwcrypt/
app-admin/pwgen/
app-admin/pwgen/files/
app-admin/pydf/
app-admin/pydf/ChangeLog
app-admin/pydf/Manifest
app-admin/pydf/pydf-10-r1.ebuild
app-admin/python-updater/
app-admin/python-updater/files/
app-admin/qpage/
app-admin/qpage/files/
app-admin/quickswitch/
app-admin/r10k/
app-admin/rackview/
app-admin/radmind/
app-admin/radmind/ChangeLog
app-admin/radmind/Manifest
app-admin/radmind/radmind-1.14.1.ebuild
app-admin/radmind/files/
app-admin/ranpwd/
app-admin/recursos/
app-admin/recursos/ChangeLog
app-admin/recursos/Manifest
app-admin/recursos/recursos-2.0.ebuild
app-admin/reportmagic/
app-admin/rex/
app-admin/rigo/
app-admin/rsyslog/
app-admin/rsyslog/files/
app-admin/rsyslog/files/6-stable/
app-admin/rsyslog/files/7-stable/
app-admin/rudy/
app-admin/sabayon/
app-admin/sagan-rules/
app-admin/sagan/
app-admin/sagan/files/
app-admin/salt/
app-admin/salt/ChangeLog
app-admin/salt/Manifest
app-admin/salt/salt-2014.1.10.ebuild
app-admin/salt/salt-2014.1.7.ebuild
app-admin/salt/salt-9999.ebuild
app-admin/salt/files/
app-admin/setools/
app-admin/setools/ChangeLog
app-admin/setools/Manifest
app-admin/setools/setools-3.3.8-r5.ebuild
app-admin/setools/files/
app-admin/showconsole/
app-admin/showconsole/files/
app-admin/socklog/
app-admin/socklog/files/
app-admin/sshguard/
app-admin/sshguard/files/
app-admin/stow/
app-admin/stow/files/
app-admin/sud/
app-admin/sud/files/
app-admin/sudo/
app-admin/sulfur/
app-admin/superadduser/
app-admin/superadduser/files/
app-admin/superadduser/files/1.0.9/
app-admin/supernova/
app-admin/supernova/ChangeLog
app-admin/supernova/Manifest
app-admin/supernova/metadata.xml
app-admin/supernova/supernova-1.0.1.ebuild
app-admin/supervisor/
app-admin/supervisor/ChangeLog
app-admin/supervisor/Manifest
app-admin/supervisor/supervisor-3.1.0.ebuild
app-admin/supervisor/files/
app-admin/swatch/
app-admin/swatch/files/
app-admin/sxid/
app-admin/sysklogd/
app-admin/sysklogd/files/
app-admin/syslog-ng/
app-admin/syslog-ng/ChangeLog
app-admin/syslog-ng/Manifest
app-admin/syslog-ng/metadata.xml
app-admin/syslog-ng/syslog-ng-3.4.8.ebuild
app-admin/syslog-ng/syslog-ng-3.5.5.ebuild
app-admin/syslog-ng/files/
app-admin/syslog-ng/files/3.4/
app-admin/syslog-ng/files/3.5/
app-admin/syslog-summary/
app-admin/syslogread/
app-admin/syslogread/files/
app-admin/syslogread/files/0.92/
app-admin/sysrqd/
app-admin/sysrqd/files/
app-admin/sysstat/
app-admin/sysstat/ChangeLog
app-admin/sysstat/Manifest
app-admin/sysstat/sysstat-10.2.1-r1.ebuild
app-admin/sysstat/files/
app-admin/system-config-printer-common/
app-admin/system-config-printer-common/ChangeLog
app-admin/system-config-printer-common/Manifest
app-admin/system-config-printer-common/system-config-printer-common-1.3.12.ebuild
app-admin/system-config-printer-common/system-config-printer-common-1.3.13.ebuild
app-admin/system-config-printer-common/system-config-printer-common-1.4.3.ebuild
app-admin/system-config-printer-common/files/
app-admin/system-config-printer-gnome/
app-admin/system-config-printer-gnome/ChangeLog
app-admin/system-config-printer-gnome/Manifest
app-admin/system-config-printer-gnome/system-config-printer-gnome-1.4.3-r1.ebuild
app-admin/system-config-printer-gnome/files/
app-admin/system-tools-backends/
app-admin/system-tools-backends/files/
app-admin/tenshi/
app-admin/tenshi/files/
app-admin/testdisk/
app-admin/tmpreaper/
app-admin/tmpreaper/files/
app-admin/tmpwatch/
app-admin/tmpwatch/files/
app-admin/tripwire/
app-admin/tripwire/ChangeLog
app-admin/tripwire/Manifest
app-admin/tripwire/tripwire-2.4.2.2-r2.ebuild
app-admin/tripwire/files/
app-admin/ulog-acctd/
app-admin/ulog-acctd/files/
app-admin/ulog-acctd/files/init.d/
app-admin/ulogd/
app-admin/ulogd/ChangeLog
app-admin/ulogd/Manifest
app-admin/ulogd/ulogd-2.0.3.ebuild
app-admin/ulogd/files/
app-admin/usbview/
app-admin/usermin/
app-admin/usermin/files/
app-admin/verynice/
app-admin/verynice/files/
app-admin/watchfolder/
app-admin/watchfolder/files/
app-admin/webalizer/
app-admin/webalizer/files/
app-admin/webapp-config/
app-admin/webapp-config/ChangeLog
app-admin/webapp-config/Manifest
app-admin/webapp-config/webapp-config-1.52-r1.ebuild
app-admin/webapp-config/files/
app-admin/webmin/
app-admin/webmin/files/
app-admin/whowatch/
app-admin/whowatch/files/
app-admin/xstow/
app-admin/xstow/files/
app-admin/xtail/
app-admin/yaala/
app-admin/yaala/files/
app-admin/zypper/
app-admin/zypper/files/
app-antivirus/
app-antivirus/clamav-unofficial-sigs/
app-antivirus/clamav/
app-antivirus/clamav/ChangeLog
app-antivirus/clamav/Manifest
app-antivirus/clamav/clamav-0.98.1.ebuild
app-antivirus/clamav/files/
app-antivirus/clamav/files/tmpfiles.d/
app-arch/
app-arch/advancecomp/
app-arch/advancecomp/files/
app-arch/afio/
app-arch/afio/files/
app-arch/alien/
app-arch/arc/
app-arch/arc/files/
app-arch/arj/
app-arch/arj/files/
app-arch/atool/
app-arch/bloscpack/
app-arch/bsdsfv/
app-arch/bsdsfv/files/
app-arch/bzip2/
app-arch/bzip2/files/
app-arch/cabextract/
app-arch/cfv/
app-arch/cfv/files/
app-arch/cksfv/
app-arch/cpio/
app-arch/cpio/files/
app-arch/createrepo/
app-arch/createrepo/files/
app-arch/dczip/
app-arch/deb2targz/
app-arch/deb2targz/files/
app-arch/defluff/
app-arch/deltarpm/
app-arch/deltarpm/files/
app-arch/dpkg/
app-arch/dpkg/files/
app-arch/duff/
app-arch/dump/
app-arch/dump/files/
app-arch/engrampa/
app-arch/engrampa/ChangeLog
app-arch/engrampa/Manifest
app-arch/engrampa/engrampa-1.8.0.ebuild
app-arch/engrampa/metadata.xml
app-arch/fastjar/
app-arch/fastjar/ChangeLog
app-arch/fastjar/Manifest
app-arch/fastjar/files/
app-arch/file-roller/
app-arch/file-roller/ChangeLog
app-arch/file-roller/Manifest
app-arch/file-roller/file-roller-3.12.2.ebuild
app-arch/file-roller/files/
app-arch/freeze/
app-arch/freeze/files/
app-arch/funzix/
app-arch/gtk-splitter/
app-arch/gtk-splitter/ChangeLog
app-arch/gtk-splitter/Manifest
app-arch/gtk-splitter/gtk-splitter-2.2.1-r1.ebuild
app-arch/gtk-splitter/files/
app-arch/gzip/
app-arch/gzip/files/
app-arch/hardlink/
app-arch/innoextract/
app-arch/innoextract/files/
app-arch/ipkg-utils/
app-arch/ipkg-utils/files/
app-arch/lbzip2/
app-arch/lbzip2/files/
app-arch/lcab/
app-arch/lha/
app-arch/lha/files/
app-arch/libarchive/
app-arch/libarchive/files/
app-arch/libpar2/
app-arch/libzpaq/
app-arch/libzpaq/files/
app-arch/lrzip/
app-arch/lrzip/ChangeLog
app-arch/lrzip/Manifest
app-arch/lrzip/lrzip-0.611.ebuild
app-arch/lrzip/lrzip-0.614.ebuild
app-arch/lrzip/lrzip-0.616.ebuild
app-arch/lrzip/files/
app-arch/lz4/
app-arch/lz4/ChangeLog
app-arch/lz4/Manifest
app-arch/lz4/lz4-0_p106-r1.ebuild
app-arch/lz4/lz4-0_p120.ebuild
app-arch/lz4/lz4-9999.ebuild
app-arch/lz4/files/
app-arch/lzip/
app-arch/lziprecover/
app-arch/lzlib/
app-arch/lzma/
app-arch/lzop/
app-arch/makeself/
app-arch/makeself/files/
app-arch/mate-file-archiver/
app-arch/mscompress/
app-arch/mscompress/files/
app-arch/mt-st/
app-arch/ncompress/
app-arch/p7zip/
app-arch/p7zip/files/
app-arch/par/
app-arch/par2cmdline/
app-arch/par2cmdline/files/
app-arch/pax/
app-arch/pax/files/
app-arch/pbzip2/
app-arch/pbzip2/files/
app-arch/pdlzip/
app-arch/pdv/
app-arch/pdv/files/
app-arch/pet2tgz/
app-arch/pigz/
app-arch/pigz/files/
app-arch/pixz/
app-arch/pixz/files/
app-arch/plzip/
app-arch/ppmd/
app-arch/ppmd/files/
app-arch/pure-sfv/
app-arch/pure-sfv/files/
app-arch/pxz/
app-arch/rar/
app-arch/rpm/
app-arch/rpm/ChangeLog
app-arch/rpm/Manifest
app-arch/rpm/rpm-4.11.2-r1.ebuild
app-arch/rpm/files/
app-arch/rpm2targz/
app-arch/rpm5/
app-arch/rpm5/files/
app-arch/rzip/
app-arch/rzip/files/
app-arch/sharutils/
app-arch/sharutils/files/
app-arch/snappy/
app-arch/star/
app-arch/star/files/
app-arch/stuffit/
app-arch/tapeutils/
app-arch/tar/
app-arch/tar/ChangeLog
app-arch/tar/Manifest
app-arch/tar/tar-1.28.ebuild
app-arch/tar/files/
app-arch/tardy/
app-arch/tardy/files/
app-arch/tarsync/
app-arch/tarsync/files/
app-arch/threadzip/
app-arch/torrentzip/
app-arch/torrentzip/files/
app-arch/unace/
app-arch/unadf/
app-arch/unadf/files/
app-arch/unar/
app-arch/unarj/
app-arch/unarj/files/
app-arch/undms/
app-arch/unlzx/
app-arch/unmakeself/
app-arch/unp/
app-arch/unp/files/
app-arch/unrar-gpl/
app-arch/unrar/
app-arch/unrar/ChangeLog
app-arch/unrar/Manifest
app-arch/unrar/unrar-5.1.6.ebuild
app-arch/unrar/files/
app-arch/unshield/
app-arch/unshield/files/
app-arch/unzip/
app-arch/unzip/files/
app-arch/upx-bin/
app-arch/upx-ucl/
app-arch/xar/
app-arch/xar/files/
app-arch/xarchiver/
app-arch/xarchiver/files/
app-arch/xdms/
app-arch/xz-utils/
app-arch/zip/
app-arch/zip/files/
app-arch/zoo/
app-arch/zoo/files/
app-arch/zopfli/
app-arch/zopfli/ChangeLog
app-arch/zopfli/Manifest
app-arch/zopfli/zopfli-1.0.0_p20140623.ebuild
app-arch/zopfli/zopfli-1.0.0_p20140705.ebuild
app-arch/zpaq-extras/
app-arch/zpaq/
app-arch/zpaq/files/
app-arch/zpipe/
app-backup/
app-backup/amanda/
app-backup/amanda/files/
app-backup/backintime/
app-backup/backintime/files/
app-backup/backup-manager/
app-backup/backup-manager/files/
app-backup/backupninja/
app-backup/backuppc/
app-backup/backuppc/ChangeLog
app-backup/backuppc/Manifest
app-backup/backuppc/backuppc-3.2.1-r2.ebuild
app-backup/backuppc/backuppc-3.2.1-r3.ebuild
app-backup/backuppc/backuppc-3.3.0.ebuild
app-backup/backuppc/files/
app-backup/backuppc/files/3.2.0/
app-backup/backuppc/files/3.3.0/
app-backup/backuppc/files/3.3.0/01-fix-configure.pl.patch
app-backup/backuppc/files/3.3.0/02-fix-config.pl-formatting.patch
app-backup/backuppc/files/3.3.0/03-reasonable-config.pl-defaults.patch
app-backup/bacula/
app-backup/bacula/files/
app-backup/bacula/files/5.0.3/
app-backup/bacula/files/5.2.10/
app-backup/bacula/files/5.2.12/
app-backup/bacula/files/5.2.3/
app-backup/bacula/files/7.0.2/
app-backup/bareos/
app-backup/bareos/files/
app-backup/boxbackup/
app-backup/boxbackup/files/
app-backup/ccollect/
app-backup/cdbackup/
app-backup/cdbkup/
app-backup/cpdup/
app-backup/cpdup/files/
app-backup/cyphertite/
app-backup/cyphertite/ChangeLog
app-backup/cyphertite/Manifest
app-backup/cyphertite/cyphertite-2.0.2-r3.ebuild
app-backup/cyphertite/files/
app-backup/cyphertite/files/cyphertite-2.0.2-cflags.patch
app-backup/cyphertite/files/cyphertite-2.0.2-fix-build.patch
app-backup/dar/
app-backup/deja-dup/
app-backup/deja-dup/files/
app-backup/dirvish/
app-backup/dirvish/files/
app-backup/duplicity/
app-backup/duplicity/files/
app-backup/duply/
app-backup/duply/ChangeLog
app-backup/duply/Manifest
app-backup/duply/duply-1.8.0.ebuild
app-backup/flexbackup/
app-backup/flexbackup/files/
app-backup/fsarchiver/
app-backup/furball/
app-backup/hdup/
app-backup/kbackup/
app-backup/luckybackup/
app-backup/mirdir/
app-backup/mylvmbackup/
app-backup/obnam/
app-backup/obnam/files/
app-backup/pdumpfs/
app-backup/pybackpack/
app-backup/qt4-fsarchiver/
app-backup/qt4-fsarchiver/ChangeLog
app-backup/qt4-fsarchiver/Manifest
app-backup/qt4-fsarchiver/qt4-fsarchiver-0.6.19.5.ebuild
app-backup/rdiff-backup/
app-backup/rdiff-backup/files/
app-backup/rdumpfs/
app-backup/rear/
app-backup/rear/files/
app-backup/reoback/
app-backup/rsnapshot/
app-backup/rsnapshot/files/
app-backup/sarab/
app-backup/sarab/files/
app-backup/simplebackup/
app-backup/snapback2/
app-backup/snapper/
app-backup/snapper/ChangeLog
app-backup/snapper/Manifest
app-backup/snapper/snapper-0.2.3.ebuild
app-backup/snapper/files/
app-backup/spideroak-bin/
app-backup/spideroak-bin/files/
app-backup/tarsnap/
app-backup/tob/
app-backup/tob/files/
app-backup/tsm/
app-backup/tsm/files/
app-backup/vzdump/
app-benchmarks/
app-benchmarks/acovea-gtk/
app-benchmarks/acovea-gtk/files/
app-benchmarks/acovea/
app-benchmarks/acovea/files/
app-benchmarks/bashmark/
app-benchmarks/bashmark/files/
app-benchmarks/bonnie++/
app-benchmarks/bonnie++/ChangeLog
app-benchmarks/bonnie++/Manifest
app-benchmarks/bonnie++/bonnie++-1.97.ebuild
app-benchmarks/bonnie++/files/
app-benchmarks/bonnie/
app-benchmarks/bonnie/files/
app-benchmarks/bootchart2/
app-benchmarks/bootchart2/files/
app-benchmarks/contest/
app-benchmarks/contest/files/
app-benchmarks/cpuburn/
app-benchmarks/cpuburn/files/
app-benchmarks/dbench/
app-benchmarks/expedite/
app-benchmarks/filebench/
app-benchmarks/filebench/files/
app-benchmarks/forkbomb/
app-benchmarks/gtkperf/
app-benchmarks/gtkperf/files/
app-benchmarks/httperf/
app-benchmarks/httperf/files/
app-benchmarks/i7z/
app-benchmarks/ioping/
app-benchmarks/ioping/files/
app-benchmarks/iozone/
app-benchmarks/jmeter/
app-benchmarks/jmeter/ChangeLog
app-benchmarks/jmeter/Manifest
app-benchmarks/jmeter/jmeter-2.0.1-r5.ebuild
app-benchmarks/libc-bench/
app-benchmarks/libc-bench/files/
app-benchmarks/ltp/
app-benchmarks/ltp/files/
app-benchmarks/nbench/
app-benchmarks/nbench/files/
app-benchmarks/os-autoinst/
app-benchmarks/phoronix-test-suite/
app-benchmarks/piozone/
app-benchmarks/piozone/files/
app-benchmarks/pipebench/
app-benchmarks/ramspeed/
app-benchmarks/siege/
app-benchmarks/siege/files/
rsync error: timeout in data send/receive (code 30) at io.c(200) [sender=3.0.6]
rsync: connection unexpectedly closed (4331920 bytes received so far) [receiver]
rsync error: error in rsync protocol data stream (code 12) at io.c(600) [receiver=3.0.6]
rsync: connection unexpectedly closed (4303603 bytes received so far) [generator]
rsync error: error in rsync protocol data stream (code 12) at io.c(600) [generator=3.0.6]
