2014-08-06 00:00:03
rsync://packages.linuxdeepin.com/packages/
receiving file list ... done
./
dists/
dists/kdeepin/
dists/kdeepin/main/
dists/kdeepin/main/binary-amd64/
dists/kdeepin/main/binary-i386/
dists/kdeepin/main/debian-installer/
dists/kdeepin/main/debian-installer/binary-amd64/
dists/kdeepin/main/debian-installer/binary-i386/
dists/kdeepin/main/source/
dists/maverick-special/
dists/maverick-special/main/
dists/maverick-special/main/binary-i386/
dists/maverick-special/main/debian-installer/
dists/maverick-special/main/debian-installer/binary-i386/
dists/maverick-special/main/source/
dists/maverick-updates/
dists/maverick-updates/main/
dists/maverick-updates/main/binary-i386/
dists/maverick-updates/main/debian-installer/
dists/maverick-updates/main/debian-installer/binary-i386/
dists/maverick-updates/main/source/
dists/maverick/
dists/maverick/main/
dists/maverick/main/binary-i386/
dists/maverick/main/debian-installer/
dists/maverick/main/debian-installer/binary-i386/
dists/maverick/main/source/
dists/natty-updates/
dists/natty-updates/main/
dists/natty-updates/main/binary-amd64/
dists/natty-updates/main/binary-i386/
dists/natty-updates/main/debian-installer/
dists/natty-updates/main/debian-installer/binary-amd64/
dists/natty-updates/main/debian-installer/binary-i386/
dists/natty-updates/main/source/
dists/natty-updates/non-free/
dists/natty-updates/non-free/binary-amd64/
dists/natty-updates/non-free/binary-i386/
dists/natty-updates/non-free/source/
dists/natty/
dists/natty/main/
dists/natty/main/binary-amd64/
dists/natty/main/binary-i386/
dists/natty/main/debian-installer/
dists/natty/main/debian-installer/binary-amd64/
dists/natty/main/debian-installer/binary-i386/
dists/natty/main/source/
dists/natty/non-free/
dists/natty/non-free/binary-amd64/
dists/natty/non-free/binary-i386/
dists/natty/non-free/source/
dists/oneiric-updates/
dists/oneiric-updates/main/
dists/oneiric-updates/main/binary-amd64/
dists/oneiric-updates/main/binary-i386/
dists/oneiric-updates/main/debian-installer/
dists/oneiric-updates/main/debian-installer/binary-amd64/
dists/oneiric-updates/main/debian-installer/binary-i386/
dists/oneiric-updates/main/source/
dists/oneiric-updates/non-free/
dists/oneiric-updates/non-free/binary-amd64/
dists/oneiric-updates/non-free/binary-i386/
dists/oneiric-updates/non-free/source/
dists/oneiric/
dists/oneiric/main/
dists/oneiric/main/binary-amd64/
dists/oneiric/main/binary-i386/
dists/oneiric/main/debian-installer/
dists/oneiric/main/debian-installer/binary-amd64/
dists/oneiric/main/debian-installer/binary-i386/
dists/oneiric/main/source/
dists/oneiric/non-free/
dists/oneiric/non-free/binary-amd64/
dists/oneiric/non-free/binary-i386/
dists/oneiric/non-free/source/
dists/precise-updates/
dists/precise-updates/main/
dists/precise-updates/main/binary-amd64/
dists/precise-updates/main/binary-i386/
dists/precise-updates/main/debian-installer/
dists/precise-updates/main/debian-installer/binary-amd64/
dists/precise-updates/main/debian-installer/binary-i386/
dists/precise-updates/main/source/
dists/precise-updates/non-free/
dists/precise-updates/non-free/binary-amd64/
dists/precise-updates/non-free/binary-i386/
dists/precise-updates/non-free/source/
dists/precise/
dists/precise/main/
dists/precise/main/binary-amd64/
dists/precise/main/binary-i386/
dists/precise/main/debian-installer/
dists/precise/main/debian-installer/binary-amd64/
dists/precise/main/debian-installer/binary-i386/
dists/precise/main/source/
dists/precise/non-free/
dists/precise/non-free/binary-amd64/
dists/precise/non-free/binary-i386/
dists/precise/non-free/source/
dists/quantal-updates/
dists/quantal-updates/main/
dists/quantal-updates/main/binary-amd64/
dists/quantal-updates/main/binary-i386/
dists/quantal-updates/main/debian-installer/
dists/quantal-updates/main/debian-installer/binary-amd64/
dists/quantal-updates/main/debian-installer/binary-i386/
dists/quantal-updates/main/source/
dists/quantal-updates/non-free/
dists/quantal-updates/non-free/binary-amd64/
dists/quantal-updates/non-free/binary-i386/
dists/quantal-updates/non-free/source/
dists/quantal/
dists/quantal/main/
dists/quantal/main/binary-amd64/
dists/quantal/main/binary-i386/
dists/quantal/main/debian-installer/
dists/quantal/main/debian-installer/binary-amd64/
dists/quantal/main/debian-installer/binary-i386/
dists/quantal/main/source/
dists/quantal/non-free/
dists/quantal/non-free/binary-amd64/
dists/quantal/non-free/binary-i386/
dists/quantal/non-free/source/
dists/raring/
dists/raring/main/
dists/raring/main/binary-amd64/
dists/raring/main/binary-i386/
dists/raring/main/debian-installer/
dists/raring/main/debian-installer/binary-amd64/
dists/raring/main/debian-installer/binary-i386/
dists/raring/main/source/
dists/raring/non-free/
dists/raring/non-free/binary-amd64/
dists/raring/non-free/binary-i386/
dists/raring/non-free/source/
dists/raring/universe/
dists/raring/universe/binary-amd64/
dists/raring/universe/binary-i386/
dists/raring/universe/source/
dists/sid/
dists/sid/main/
dists/sid/main/binary-mipsel/
dists/sid/main/debian-installer/
dists/sid/main/debian-installer/binary-mipsel/
dists/sid/main/source/
dists/sid/non-free/
dists/sid/non-free/binary-mipsel/
dists/sid/non-free/source/
dists/trusty/
dists/trusty/main/
dists/trusty/main/binary-amd64/
dists/trusty/main/binary-i386/
dists/trusty/main/debian-installer/
dists/trusty/main/debian-installer/binary-amd64/
dists/trusty/main/debian-installer/binary-i386/
dists/trusty/main/source/
dists/trusty/non-free/
dists/trusty/non-free/binary-amd64/
dists/trusty/non-free/binary-i386/
dists/trusty/non-free/source/
dists/trusty/universe/
dists/trusty/universe/binary-amd64/
dists/trusty/universe/binary-i386/
dists/trusty/universe/source/
dists/unstable/
dists/unstable/main/
dists/unstable/main/binary-i386/
dists/unstable/main/debian-installer/
dists/unstable/main/debian-installer/binary-i386/
dists/unstable/main/source/
dists/unstable/non-free/
dists/unstable/non-free/binary-i386/
dists/unstable/non-free/source/
pool/
pool/main/
pool/main/a/
pool/main/a/account-plugins/
pool/main/a/acpi-support/
pool/main/a/acpid/
pool/main/a/ailurus/
pool/main/a/akonadi/
pool/main/a/alacarte/
pool/main/a/aliedit/
pool/main/a/alien-arena/
pool/main/a/alsa-plugins/
pool/main/a/analitza/
pool/main/a/android-sdk-2.3/
pool/main/a/android-sdk-4.0/
pool/main/a/android-sdk-common/
pool/main/a/android-sdk-depends-meta/
pool/main/a/android-sdk-platform-3/
pool/main/a/android-sdk-platform-4/
pool/main/a/android-sdk-platform-tools/
pool/main/a/android-sdk/
pool/main/a/anjuta-extras/
pool/main/a/anjuta/
pool/main/a/anki/
pool/main/a/apper/
pool/main/a/ark/
pool/main/a/atkmm1.6/
pool/main/a/atom/
pool/main/a/attica/
pool/main/a/audio-recorder/
pool/main/a/audiocd-kio/
pool/main/a/automake1.13/
pool/main/b/
pool/main/b/babl/
pool/main/b/baobab/
pool/main/b/base-files/
pool/main/b/bbswitch/
pool/main/b/bcloud/
pool/main/b/beatbox/
pool/main/b/bijiben/
pool/main/b/bison27/
pool/main/b/blinken/
pool/main/b/bluez5/
pool/main/b/boost1.54/
pool/main/b/brasero/
pool/main/b/brise/
pool/main/b/btrfs-tools/
pool/main/b/bumblebee/
pool/main/b/burg-theme-lightness/
pool/main/b/burg-themes/
pool/main/b/burg/
pool/main/c/
pool/main/c/calibre/
pool/main/c/calligra-l10n/
pool/main/c/calligra/
pool/main/c/cantor/
pool/main/c/caribou/
pool/main/c/casper/
pool/main/c/cbundle/
pool/main/c/cdbs/
pool/main/c/chakra-gtk-config/
pool/main/c/cheese/
pool/main/c/chmsee/
pool/main/c/choqok-weibo/
pool/main/c/choqok/
pool/main/c/chrome-default-settings/
pool/main/c/chromium-browser/
pool/main/c/chromium-pepper-flash/
pool/main/c/cinstall/
pool/main/c/clucene-core/
pool/main/c/clucene/
pool/main/c/clutter-1.0/
pool/main/c/clutter-gst-2.0/
pool/main/c/clutter-gtk/
pool/main/c/codeblocks/
pool/main/c/codehaus-signatures-java16/
pool/main/c/codehaus-signatures-parent/
pool/main/c/coffeescript/
pool/main/c/colord-kde/
pool/main/c/compiz/
pool/main/d/
pool/main/d/darktable/
pool/main/d/dbus-factory/
pool/main/d/dbus-generator/
pool/main/d/dde-account-faces/
pool/main/d/dde-api/
pool/main/d/dde-control-center/
pool/main/d/dde-daemon-gsd-input/
pool/main/d/dde-daemon/
pool/main/d/dde-meta/
pool/main/d/deadbeef/
pool/main/d/debhelper/
pool/main/d/deepin-artwork-common/
pool/main/d/deepin-artwork-gnome/
pool/main/d/deepin-artwork-themes/
pool/main/d/deepin-artwork/
pool/main/d/deepin-browser/
pool/main/d/deepin-common/
pool/main/d/deepin-conflicts/
pool/main/d/deepin-cursor-theme/
pool/main/d/deepin-default-gsettings/
pool/main/d/deepin-default-settings-en/
pool/main/d/deepin-default-settings-zh-hans/
pool/main/d/deepin-default-settings-zh-hant/
pool/main/d/deepin-default-settings/
pool/main/d/deepin-desktop-environment-addons-sinaweibo/
pool/main/d/deepin-desktop-environment-plugins/
pool/main/d/deepin-desktop-environment/
pool/main/d/deepin-dictservice-zhcn-pinyin/
pool/main/d/deepin-emacs-common/
pool/main/d/deepin-emacs/
pool/main/d/deepin-firefox-addons-downthemall/
pool/main/d/deepin-firefox-addons-tab-mix-plus/
pool/main/d/deepin-firefox-addons/
pool/main/d/deepin-fontselector/
pool/main/d/deepin-game-center/
pool/main/d/deepin-gnome-shell/
pool/main/d/deepin-greeter/
pool/main/d/deepin-gse/
pool/main/d/deepin-gsettings/
pool/main/d/deepin-gtk-theme/
pool/main/d/deepin-hw-detect/
pool/main/d/deepin-icon-theme-v2013/
pool/main/d/deepin-icon-theme/
pool/main/d/deepin-icons/
pool/main/d/deepin-info/
pool/main/d/deepin-installer/
pool/main/d/deepin-jockey/
pool/main/d/deepin-keyring/
pool/main/d/deepin-laptop-suspend/
pool/main/d/deepin-life-search/
pool/main/d/deepin-media-player/
pool/main/d/deepin-menu/
pool/main/d/deepin-meta-bluetooth/
pool/main/d/deepin-meta-codecs/
pool/main/d/deepin-meta-conflicts/
pool/main/d/deepin-meta-desktop/
pool/main/d/deepin-meta-fonts/
pool/main/d/deepin-meta-games/
pool/main/d/deepin-meta-gnome/
pool/main/d/deepin-meta-print/
pool/main/d/deepin-meta-scan/
pool/main/d/deepin-meta/
pool/main/d/deepin-movie/
pool/main/d/deepin-music-player/
pool/main/d/deepin-notifications/
pool/main/d/deepin-qml-widgets/
pool/main/d/deepin-sample-music/
pool/main/d/deepin-screenshot/
pool/main/d/deepin-scrot/
pool/main/d/deepin-session-fastup/
pool/main/d/deepin-session/
pool/main/d/deepin-settings-daemon/
pool/main/d/deepin-sleep-sixty/
pool/main/d/deepin-software-center-data/
pool/main/d/deepin-software-center-kde/
pool/main/d/deepin-software-center/
pool/main/d/deepin-speech/
pool/main/d/deepin-ssh-proxy/
pool/main/d/deepin-system-settings/
pool/main/d/deepin-system-tray/
pool/main/d/deepin-terminal/
pool/main/d/deepin-theme-gnome-shell/
pool/main/d/deepin-themes/
pool/main/d/deepin-tools/
pool/main/d/deepin-translator/
pool/main/d/deepin-ui/
pool/main/d/deepin-unity-greeter/
pool/main/d/deepin-user-guide/
pool/main/d/deepin-user-manual/
pool/main/d/deepin-utils/
pool/main/d/deepin-wallpapers-11.05/
pool/main/d/deepin-wallpapers/
pool/main/d/deepin-webapp-gen/
pool/main/d/deepin-webapps/
pool/main/d/deepin-webkit/
pool/main/d/deepin-wine-lib/
pool/main/d/deepin-wine-run/
pool/main/d/deepin-wine-tm2009/
pool/main/d/deepin-xrandr/
pool/main/d/deepin-xsession-settings/
pool/main/d/deepinsystem/
pool/main/d/deepinwine-cajviewer/
pool/main/d/deepinwine-foxitreader4/
pool/main/d/deepinwine-foxitreader5/
pool/main/d/deepinwine-qq2009/
pool/main/d/deepinwine-qq2011/
pool/main/d/deepinwine-qq2012/
pool/main/d/deepinwine-rtx2010/
pool/main/d/deepinwine-thunder5/
pool/main/d/desktop-file-utils/
pool/main/d/devhelp/
pool/main/d/dh-golang/
pool/main/d/dh-python/
pool/main/d/digikam/
pool/main/d/dockmanager-kde/
pool/main/d/dragon/
pool/main/d/dtk-widget/
pool/main/d/duckduckgo-lens/
pool/main/d/dwm-plus/
pool/main/e/
pool/main/e/eclipse-adt/
pool/main/e/eclipselink/
pool/main/e/eio/
pool/main/e/eioffice-personal/
pool/main/e/emacs-xwidget/
pool/main/e/emerald/
pool/main/e/emesene/
pool/main/e/empathy/
pool/main/e/eog-plugins/
pool/main/e/eog/
pool/main/e/epiphany-browser/
pool/main/e/eric/
pool/main/e/evince/
pool/main/e/evoluspencil/
pool/main/e/evolution-data-server/
pool/main/e/evolution-ews/
pool/main/e/evolution-indicator/
pool/main/e/evolution-mapi/
pool/main/e/evolution-rss/
pool/main/e/evolution/
pool/main/e/exfat-utils/
pool/main/e/extended-actions/
pool/main/f/
pool/main/f/faenza-icon-theme/
pool/main/f/faience-theme/
pool/main/f/fcitx-anthy/
pool/main/f/fcitx-chewing/
pool/main/f/fcitx-cloudpinyin/
pool/main/f/fcitx-configtool/
pool/main/f/fcitx-fbterm/
pool/main/f/fcitx-googlepinyin/
pool/main/f/fcitx-hangul/
pool/main/f/fcitx-keyboard/
pool/main/f/fcitx-libpinyin/
pool/main/f/fcitx-m17n/
pool/main/f/fcitx-qimpanel/
pool/main/f/fcitx-qt5/
pool/main/f/fcitx-rime/
pool/main/f/fcitx-sayura/
pool/main/f/fcitx-skins/
pool/main/f/fcitx-sogoupinyin-release/
pool/main/f/fcitx-sunpinyin/
pool/main/f/fcitx-table-extra/
pool/main/f/fcitx-table-other/
pool/main/f/fcitx-ui-light/
pool/main/f/fcitx-unikey/
pool/main/f/fcitx/
pool/main/f/ffmpegthumbnailer/
pool/main/f/ffmpegthumbs/
pool/main/f/ffmulticonverter/
pool/main/f/fglrx-installer/
pool/main/f/file-roller/
pool/main/f/filelight/
pool/main/f/firefox-kde/
pool/main/f/firefox-oxygen-kde/
pool/main/f/firefox-prism-addon/
pool/main/f/firefox/
pool/main/f/flareget/
pool/main/f/flashget/
pool/main/f/folks/
pool/main/f/fontconfig-infinality/
pool/main/f/fontconfig/
pool/main/f/fonts-adobe-sourcehansans/
pool/main/f/fonts-droid/
pool/main/f/foobnix/
pool/main/f/freemind/
pool/main/f/freetype/
pool/main/f/fuse-exfat/
pool/main/g/
pool/main/g/gala/
pool/main/g/gambas3/
pool/main/g/gcr/
pool/main/g/gdebi/
pool/main/g/gdk-pixbuf/
pool/main/g/gdm/
pool/main/g/gedit-plugins/
pool/main/g/gedit/
pool/main/g/gegl/
pool/main/g/genymotion/
pool/main/g/gflags/
pool/main/g/ghex/
pool/main/g/gimp/
pool/main/g/gjs/
pool/main/g/gksu-polkit/
pool/main/g/gksu/
pool/main/g/glib2.0/
pool/main/g/glibmm2.4/
pool/main/g/gmchess/
pool/main/g/gnome-boxes/
pool/main/g/gnome-calculator/
pool/main/g/gnome-chess/
pool/main/g/gnome-clocks/
pool/main/g/gnome-color-manager/
pool/main/g/gnome-common/
pool/main/g/gnome-contacts/
pool/main/g/gnome-control-center/
pool/main/g/gnome-desktop3/
pool/main/g/gnome-disk-utility/
pool/main/g/gnome-documents/
pool/main/g/gnome-font-viewer/
pool/main/g/gnome-globalmenu/
pool/main/g/gnome-icon-theme-extras/
pool/main/g/gnome-icon-theme-symbolic/
pool/main/g/gnome-icon-theme/
pool/main/g/gnome-keyring/
pool/main/g/gnome-media/
pool/main/g/gnome-menus/
pool/main/g/gnome-online-accounts/
pool/main/g/gnome-orca/
pool/main/g/gnome-panel/
pool/main/g/gnome-photos/
pool/main/g/gnome-pkg-tools/
pool/main/g/gnome-power-manager/
pool/main/g/gnome-python-desktop/
pool/main/g/gnome-schedule/
pool/main/g/gnome-screensaver/
pool/main/g/gnome-screenshot/
pool/main/g/gnome-session/
pool/main/g/gnome-settings-daemon/
pool/main/g/gnome-shell-extensions-mediaplayer/
pool/main/g/gnome-shell-extensions/
pool/main/g/gnome-shell/
pool/main/g/gnome-sushi/
pool/main/g/gnome-system-log/
pool/main/g/gnome-system-monitor/
pool/main/g/gnome-terminal/
pool/main/g/gnome-themes-standard/
pool/main/g/gnome-tweak-tool/
pool/main/g/gnome-user-docs/
pool/main/g/gnome-user-share/
pool/main/g/gnome-weather/
pool/main/g/gnome-window-applets/
pool/main/g/go-dlib-dbus-proxyer/
pool/main/g/go-dlib/
pool/main/g/go-xgb/
pool/main/g/go-xgbutil/
pool/main/g/golang-fsnotify/
pool/main/g/golang-gettext-go/
pool/main/g/golang-gocheck/
pool/main/g/golang-graphics-go/
pool/main/g/golang-jamslam-freetype-go/
pool/main/g/golang-sqlite3/
pool/main/g/golang/
pool/main/g/google-chrome-beta/
pool/main/g/google-chrome-stable/
pool/main/g/google-chrome-unstable/
pool/main/g/google-glog/
pool/main/g/granite/
pool/main/g/grub-customizer/
pool/main/g/grub-themes-deepin/
pool/main/g/grub-themes-dharma/
pool/main/g/grub2-theme-deepin/
pool/main/g/grub2-theme-kdeepin/
pool/main/g/grub2/
pool/main/g/gsettings-desktop-schemas/
pool/main/g/gst-plugins-bad-multiverse0.10/
pool/main/g/gstreamer0.10-ffmpeg/
pool/main/g/gtk+3.0/
pool/main/g/gtk2-engines-equinox/
pool/main/g/gtk2-engines-oxygen/
pool/main/g/gtkhash/
pool/main/g/gtkhtml4.0/
pool/main/g/gtkmm3.0/
pool/main/g/gtkpod/
pool/main/g/gtksourceview3/
pool/main/g/gummiboot/
pool/main/g/gwenview/
pool/main/h/
pool/main/h/harfbuzz/
pool/main/i/
pool/main/i/i-nex/
pool/main/i/ibus-googlepinyin/
pool/main/i/ibus-table-wubi/
pool/main/i/ibus-table/
pool/main/i/ibus/
pool/main/i/icu/
pool/main/i/icu4j/
pool/main/i/im-config/
pool/main/i/ipad-charge/
pool/main/i/ipmsg-qt/
pool/main/i/iptux/
pool/main/j/
pool/main/j/jchardet/
pool/main/j/jieba/
pool/main/j/jnlp-servlet/
pool/main/j/jockey-disable-fglrx/
pool/main/j/jockey/
pool/main/j/jovie/
pool/main/j/jreen/
pool/main/j/json-glib/
pool/main/j/json-simple/
pool/main/j/juk/
pool/main/k/
pool/main/k/kaccessible/
pool/main/k/kactivities/
pool/main/k/kalgebra/
pool/main/k/kalzium/
pool/main/k/kamera/
pool/main/k/kamule/
pool/main/k/kanagram/
pool/main/k/kate/
pool/main/k/kbruch/
pool/main/k/kcalc/
pool/main/k/kcharselect/
pool/main/k/kchildlock/
pool/main/k/kcm-fcitx/
pool/main/k/kcm-grub2/
pool/main/k/kcolorchooser/
pool/main/k/kde-base-artwork/
pool/main/k/kde-baseapps/
pool/main/k/kde-l10n-zhcn/
pool/main/k/kde-runtime/
pool/main/k/kde-style-bespin/
pool/main/k/kde-style-oxygen-transparent/
pool/main/k/kde-thumbnailer-audiothumbs/
pool/main/k/kde-thumbnailer-msoole/
pool/main/k/kde-wallpapers/
pool/main/k/kde-workspace/
pool/main/k/kde4libs/
pool/main/k/kdeadmin/
pool/main/k/kdeartwork/
pool/main/k/kded-appmenu/
pool/main/k/kdeepin-default-settings/
pool/main/k/kdeepin-desktop/
pool/main/k/kdeepin-wallpaper/
pool/main/k/kdegames/
pool/main/k/kdegraphics-mobipocket/
pool/main/k/kdegraphics-strigi-analyzer/
pool/main/k/kdegraphics-thumbnailers/
pool/main/k/kdenetwork/
pool/main/k/kdepim-runtime/
pool/main/k/kdepim/
pool/main/k/kdepimlibs/
pool/main/k/kdeplasma-addons/
pool/main/k/kdeplasma-themes-panels-collection/
pool/main/k/kdesdk/
pool/main/k/kdetoys/
pool/main/k/kdewebdev/
pool/main/k/kdf/
pool/main/k/kdm-theme-caledonia/
pool/main/k/kdm-theme-deepin/
pool/main/k/kdm-theme-dharma/
pool/main/k/kdoubanfm/
pool/main/k/kfaenza-icon-theme/
pool/main/k/kfloppy/
pool/main/k/kgamma/
pool/main/k/kgeography/
pool/main/k/kgpg/
pool/main/k/khangman/
pool/main/k/kig/
pool/main/k/kimtoy/
pool/main/k/kiten/
pool/main/k/klettres/
pool/main/k/kmag/
pool/main/k/kmix/
pool/main/k/kmod/
pool/main/k/kmousetool/
pool/main/k/kmouth/
pool/main/k/kmozillahelper/
pool/main/k/kmplot/
pool/main/k/kolourpaint/
pool/main/k/konsole/
pool/main/k/konversation/
pool/main/k/korundum/
pool/main/k/kremotecontrol/
pool/main/k/kross-interpreters/
pool/main/k/kruler/
pool/main/k/ksaneplugin/
pool/main/k/kscd/
pool/main/k/ksnapshot/
pool/main/k/ksplash-theme-deepin/
pool/main/k/ksplash-theme-dharma/
pool/main/k/kstars/
pool/main/k/ktimer/
pool/main/k/ktouch/
pool/main/k/ktp-accounts-kcm/
pool/main/k/ktp-approver/
pool/main/k/ktp-auth-handler/
pool/main/k/ktp-call-ui/
pool/main/k/ktp-common-internals/
pool/main/k/ktp-contact-applet/
pool/main/k/ktp-contact-list/
pool/main/k/ktp-contact-runner/
pool/main/k/ktp-filetransfer-handler/
pool/main/k/ktp-kded-integration-module/
pool/main/k/ktp-presence-applet/
pool/main/k/ktp-send-file/
pool/main/k/ktp-text-ui/
pool/main/k/kturtle/
pool/main/k/kwallet/
pool/main/k/kwin-style-crystal/
pool/main/k/kwin-style-dekorator/
pool/main/k/kwordquiz/
pool/main/k/kwplayer/
pool/main/k/kyotocabinet/
pool/main/l/
pool/main/l/lamp/
pool/main/l/lampp/
pool/main/l/language-pack-gnome-zh-hans-base/
pool/main/l/language-pack-gnome-zh-hans/
pool/main/l/language-pack-zh-hans-base/
pool/main/l/language-pack-zh-hans/
pool/main/l/language-selector/
pool/main/l/launchpad-getkeys/
pool/main/l/leap-examples/
pool/main/l/leap-sdk/
pool/main/l/leap/
pool/main/l/light-themes-marlinesque/
pool/main/l/lightdm/
pool/main/l/linux-firmware/
pool/main/l/linux-meta/
pool/main/l/linux/
pool/main/l/linux1g1g/
pool/main/l/listaller/
pool/main/l/liteide/
pool/main/l/llvm-toolchain-3.3/
pool/main/l/llvmpy/
pool/main/l/lnmp/
pool/main/l/lovewallpaper/
pool/main/l/lunar-calendar/
pool/main/l/lunar-date/
pool/main/liba/
pool/main/liba/libaccounts-glib/
pool/main/libc/
pool/main/libc/libcryptui/
pool/main/libd/
pool/main/libd/libdmapsharing/
pool/main/libd/libdrm/
pool/main/libd/libdvdcss/
pool/main/libe/
pool/main/libe/libechonest/
pool/main/libf/
pool/main/libf/libflashplugin/
pool/main/libg/
pool/main/libg/libgd2/
pool/main/libg/libgdata/
pool/main/libg/libgee-0.8/
pool/main/libg/libgee/
pool/main/libg/libgnome-keyring/
pool/main/libg/libgooglepinyin/
pool/main/libg/libgweather/
pool/main/libi/
pool/main/libi/libindicator/
pool/main/libk/
pool/main/libk/libkcddb/
pool/main/libk/libkcompactdisc/
pool/main/libk/libkdcraw/
pool/main/libk/libkdeedu/
pool/main/libk/libkexiv2/
pool/main/libk/libkipi/
pool/main/libk/libksane/
pool/main/libl/
pool/main/libl/liblastfm/
pool/main/libm/
pool/main/libm/libmetalink/
pool/main/libn/
pool/main/libn/libnu-htmlparser-java/
pool/main/libo/
pool/main/libo/libofetion/
pool/main/libp/
pool/main/libp/libpeas/
pool/main/libp/libpinyin/
pool/main/libp/libpng/
pool/main/libr/
pool/main/libr/librime/
pool/main/libs/
pool/main/libs/libsimple-validation-java/
pool/main/libs/libsoup2.4/
pool/main/libt/
pool/main/libt/libtxc-dxtn/
pool/main/libv/
pool/main/libv/libvirt-glib/
pool/main/libv/libvlc-qt/
pool/main/libw/
pool/main/libw/libwebp/
pool/main/libx/
pool/main/libx/libx11/
pool/main/libx/libxml2/
pool/main/libz/
pool/main/libz/libzapojit/
pool/main/m/
pool/main/m/marble/
pool/main/m/marlin/
pool/main/m/maven-archetype/
pool/main/m/maven-indexer/
pool/main/m/maven-script-interpreter/
pool/main/m/maven/
pool/main/m/mdm/
pool/main/m/meandmyshadow/
pool/main/m/mendeleydesktop/
pool/main/m/mesa/
pool/main/m/meta-kde-telepathy/
pool/main/m/metacity/
pool/main/m/mintmenu/
pool/main/m/mintupdate/
pool/main/m/mjpegtools/
pool/main/m/mocker/
pool/main/m/mockup/
pool/main/m/modello-maven-plugin1.4/
pool/main/m/monochrome-tray-icons/
pool/main/m/monodevelop-4.0/
pool/main/m/mouse-action-favorites-launcher/
pool/main/m/mozc/
pool/main/m/mozjs17/
pool/main/m/mplayer2/
pool/main/m/mplayerthumbs/
pool/main/m/muon/
pool/main/m/mutagenx/
pool/main/m/mutter/
pool/main/n/
pool/main/n/nautilus-nutstore/
pool/main/n/nautilus/
pool/main/n/ndisgtk/
pool/main/n/nemo/
pool/main/n/nepomuk-core/
pool/main/n/nepoogle/
pool/main/n/net-tools/
pool/main/n/network-manager-l2tp/
pool/main/n/nitrotasks/
pool/main/n/nitruxos/
pool/main/n/node-semver/
pool/main/n/nodejs/
pool/main/n/notification-daemon/
pool/main/n/npm/
pool/main/n/nspr/
pool/main/n/nss-mdns/
pool/main/n/nss/
pool/main/n/ntp/
pool/main/n/nuvolaplayer/
pool/main/n/nvidia-graphics-drivers-310/
pool/main/n/nvidia-graphics-drivers-319/
pool/main/o/
pool/main/o/oem-config-wrapper-deepin-hw-detect/
pool/main/o/okular/
pool/main/o/onigiri-emoticon-theme/
pool/main/o/open-gram/
pool/main/o/opencv/
pool/main/o/osdlyrics/
pool/main/o/oxygen-gtk3/
pool/main/o/oxygen-icons/
pool/main/p/
pool/main/p/p11-kit/
pool/main/p/p7zip/
pool/main/p/packagekit/
pool/main/p/pairs/
pool/main/p/pango1.0/
pool/main/p/pangomm/
pool/main/p/pangox-compat/
pool/main/p/parley/
pool/main/p/partitionmanager/
pool/main/p/pdf2htmlex/
pool/main/p/perlkde/
pool/main/p/perlqt/
pool/main/p/phonon-backend-gstreamer/
pool/main/p/phonon-backend-vlc/
pool/main/p/photoqt/
pool/main/p/phototonic/
pool/main/p/pidgin-lwqq/
pool/main/p/pkg-kde-tools/
pool/main/p/plank/
pool/main/p/plasma-runner-browsechromiumbookmarks/
pool/main/p/plasma-theme-deepin/
pool/main/p/plasma-theme-ronak/
pool/main/p/plasma-wallpaper-video/
pool/main/p/plasma-webqq/
pool/main/p/plasma-widget-activitymanager-wheeled/
pool/main/p/plasma-widget-adjustableclock/
pool/main/p/plasma-widget-cpuload/
pool/main/p/plasma-widget-cwp/
pool/main/p/plasma-widget-fastuserswitch/
pool/main/p/plasma-widget-menubar/
pool/main/p/plasma-widget-stackfolder/
pool/main/p/plasma-widget-takeoff/
pool/main/p/plasma-widget-yawp/
pool/main/p/plasmoid-workflow/
pool/main/p/plexus-utils3/
pool/main/p/plymouth-theme-deepin/
pool/main/p/plymouth-theme-kdeepin/
pool/main/p/plymouth/
pool/main/p/policykit-1-gnome/
pool/main/p/polkit-kde-1/
pool/main/p/polkit-webkit-agent/
pool/main/p/ppa-purge/
pool/main/p/ppstream/
pool/main/p/primus/
pool/main/p/printer-applet/
pool/main/p/pulseaudio/
pool/main/p/pygobject/
pool/main/p/pygtk/
pool/main/p/pykde4/
pool/main/p/pymol/
pool/main/p/pyocr/
pool/main/p/pypulseaudio/
pool/main/p/pyqt5/
pool/main/p/pyquery/
pool/main/p/pysrt/
pool/main/p/pystorm/
pool/main/p/python-apt/
pool/main/p/python-ass/
pool/main/p/python-central/
pool/main/p/python-cssselect/
pool/main/p/python-deepin-lunar/
pool/main/p/python-deepin-storm/
pool/main/p/python-epc/
pool/main/p/python-gevent/
pool/main/p/python-javascriptcore/
pool/main/p/python-jedi/
pool/main/p/python-lunar/
pool/main/p/python-markdown/
pool/main/p/python-qt4/
pool/main/p/python-tesseract/
pool/main/p/python-tz/
pool/main/p/python-webqq/
pool/main/q/
pool/main/q/qapt/
pool/main/q/qml-dde-dock-applet/
pool/main/q/qml-gettext-plugin/
pool/main/q/qreator/
pool/main/q/qt-gstreamer/
pool/main/q/qt-sdk/
pool/main/q/qt4-x11/
pool/main/q/qt5-extra/
pool/main/q/qtbase-opensource-src/
pool/main/q/qtchooser/
pool/main/q/qtcreator/
pool/main/q/qtdeclarative-opensource-src/
pool/main/q/qtdoc-opensource-src/
pool/main/q/qtgraphicaleffects-opensource-src/
pool/main/q/qtimageformats-opensource-src/
pool/main/q/qtjsbackend-opensource-src/
pool/main/q/qtmultimedia-opensource-src/
pool/main/q/qtquick1-opensource-src/
pool/main/q/qtquickcontrols-opensource-src/
pool/main/q/qtruby/
pool/main/q/qtscript-opensource-src/
pool/main/q/qtsensors-opensource-src/
pool/main/q/qtserialport-opensource-src/
pool/main/q/qtsvg-opensource-src/
pool/main/q/qttools-opensource-src/
pool/main/q/qttranslations-opensource-src/
pool/main/q/qtwebkit-opensource-src/
pool/main/q/qtweetlib/
pool/main/q/qtx11extras-opensource-src/
pool/main/q/qtxmlpatterns-opensource-src/
pool/main/q/quazip/
pool/main/q/quick-usb-formatter/
pool/main/q/qxmledit/
pool/main/r/
pool/main/r/rabbitvcs/
pool/main/r/razorqt/
pool/main/r/remmina/
pool/main/r/rhythmbox/
pool/main/r/rocs/
pool/main/r/rtl-dkms/
pool/main/r/rtl8723au/
pool/main/s/
pool/main/s/samba/
pool/main/s/scim-googlepinyin/
pool/main/s/scim-tables/
pool/main/s/scim/
pool/main/s/seahorse-nautilus/
pool/main/s/seahorse-sharing/
pool/main/s/seahorse/
pool/main/s/sexpdata/
pool/main/s/shared-desktop-ontologies/
pool/main/s/sigil/
pool/main/s/simple-scan/
pool/main/s/simplescreenrecorder-lib/
pool/main/s/simplescreenrecorder/
pool/main/s/sip4/
pool/main/s/skype/
pool/main/s/smokegen/
pool/main/s/smokekde/
pool/main/s/smokeqt/
pool/main/s/smplayer2/
pool/main/s/snakeyaml/
pool/main/s/software-center/
pool/main/s/software-properties/
pool/main/s/sogoupinyin/
pool/main/s/soprano/
pool/main/s/sqlheavy/
pool/main/s/stardict-dict/
pool/main/s/startdde/
pool/main/s/steam/
pool/main/s/step/
pool/main/s/sunpinyin/
pool/main/s/superkaramba/
pool/main/s/svgpart/
pool/main/s/sweeper/
pool/main/s/synaptic/
pool/main/s/system-config-printer/
pool/main/t/
pool/main/t/takeoff-mod/
pool/main/t/tano/
pool/main/t/telepathy-glib/
pool/main/t/telepathy-logger-qt/
pool/main/t/telepathy-qt4/
pool/main/t/testng/
pool/main/t/texpen/
pool/main/t/tmux/
pool/main/t/tomahawk/
pool/main/t/totem-pl-parser/
pool/main/t/totem/
pool/main/t/tracker/
pool/main/t/tribe-partitionmanager/
pool/main/t/tribe/
pool/main/t/ttf-mscorefonts-installer/
pool/main/t/ttf-simfang/
pool/main/t/ttf-simhei/
pool/main/t/ttf-simkai/
pool/main/t/ttf-wqy-microhei/
pool/main/t/ttf-xhei/
pool/main/t/tzdata-l10n/
pool/main/t/tzdata/
pool/main/u/
pool/main/u/uberwriter/
pool/main/u/ubiquity-slideshow-deepin/
pool/main/u/ubiquity/
pool/main/u/ubuntu-system-adjustments/
pool/main/u/ubuntu-themes/
pool/main/u/udev/
pool/main/u/udiskie/
pool/main/u/udisks2/
pool/main/u/uglifyjs/
pool/main/u/unity-greeter/
pool/main/u/update-manager/
pool/main/u/usb-creator/
pool/main/v/
pool/main/v/vala-0.18/
pool/main/v/vala-0.22/
pool/main/v/valadoc/
pool/main/v/variety/
pool/main/v/varka/
pool/main/v/veromix/
pool/main/v/vinagre/
pool/main/v/virtualbox/
pool/main/v/virtualgl/
pool/main/v/vte/
pool/main/w/
pool/main/w/w-app/
pool/main/w/wagon2/
pool/main/w/warsow/
pool/main/w/webkitgtk/
pool/main/w/wifi-hostapd-ap/
pool/main/w/wine-qq/
pool/main/w/wine-thunder/
pool/main/w/wine/
pool/main/w/wine1.3/
pool/main/w/winusb/
pool/main/w/wireshark/
pool/main/w/workrave/
pool/main/w/wps-office/
pool/main/x/
pool/main/x/xcur2png/
pool/main/x/xdg-utils/
pool/main/x/xmltodict/
pool/main/x/xnoise/
pool/main/x/xnview/
pool/main/x/xombrero/
pool/main/y/
pool/main/y/y-ppa-manager/
pool/main/y/yad/
pool/main/y/yaml-cpp/
pool/main/y/yelp-xsl/
pool/main/y/yelp/
pool/main/y/yong-64/
pool/main/y/yong-hesp/
pool/main/y/yong-mb/
pool/main/y/yong-pinyin-extra/
pool/main/y/yong-pinyin/
pool/main/y/yong-skins-extra/
pool/main/y/yong-skins/
pool/main/y/yong-wubi/
pool/main/y/yong/
pool/main/y/yozo-office-zh-cn/
pool/main/z/
pool/main/z/zenity/
pool/main/z/zentyal-language-packs/
pool/main/z/zsync/
pool/main/z/zukitwo-theme/
pool/non-free/
pool/non-free/a/
pool/non-free/a/aliedit/
pool/non-free/a/android-sdk-addon-dualscreen-10-1/
pool/non-free/a/android-sdk-addon-dualscreen-10-2/
pool/non-free/a/android-sdk-addon-dualscreen-10/
pool/non-free/a/android-sdk-addon-dualscreen-8/
pool/non-free/a/android-sdk-addon-galaxytab-8-1/
pool/non-free/a/android-sdk-addon-galaxytab-8/
pool/non-free/a/android-sdk-addon-google-apis-10/
pool/non-free/a/android-sdk-addon-google-apis-11/
pool/non-free/a/android-sdk-addon-google-apis-12/
pool/non-free/a/android-sdk-addon-google-apis-13/
pool/non-free/a/android-sdk-addon-google-apis-14/
pool/non-free/a/android-sdk-addon-google-apis-15/
pool/non-free/a/android-sdk-addon-google-apis-3/
pool/non-free/a/android-sdk-addon-google-apis-4/
pool/non-free/a/android-sdk-addon-google-apis-7/
pool/non-free/a/android-sdk-addon-google-apis-8/
pool/non-free/a/android-sdk-addon-google-tv-12/
pool/non-free/a/android-sdk-addon-intel-atom-x86-system-image-10/
pool/non-free/a/android-sdk-addon-real3d-lge-10-1/
pool/non-free/a/android-sdk-addon-real3d-lge-10-2/
pool/non-free/a/android-sdk-addon-real3d-lge-10/
pool/non-free/a/android-sdk-addon-real3d-lge-8-1/
pool/non-free/a/android-sdk-addon-real3d-lge-8/
pool/non-free/a/android-sdk-addon-sony-edk-2-0-10/
pool/non-free/a/android-sdk-platform-10/
pool/non-free/a/android-sdk-platform-11/
pool/non-free/a/android-sdk-platform-12/
pool/non-free/a/android-sdk-platform-13/
pool/non-free/a/android-sdk-platform-14/
pool/non-free/a/android-sdk-platform-15/
pool/non-free/a/android-sdk-platform-7/
pool/non-free/a/android-sdk-platform-8/
pool/non-free/a/android-sdk/
pool/non-free/b/
pool/non-free/b/brackets/
pool/non-free/c/
pool/non-free/c/crossover/
pool/non-free/d/
pool/non-free/d/deepin-boot-maker/
pool/non-free/d/deepin-wine-lib/
pool/non-free/d/deepin-wine-rtx2010/
pool/non-free/d/deepin-wine-run/
pool/non-free/d/deepin-wine-runtime/
pool/non-free/d/deepin-wine-tm2009/
pool/non-free/d/deepinwine-picasa/
pool/non-free/d/deepinwine-qq2011/
pool/non-free/d/deepinwine-qq2012/
pool/non-free/d/deepinwine-qqintl/
pool/non-free/d/deepinwine-rtx2010/
pool/non-free/d/deepinwine-thunder5/
pool/non-free/d/deepinwine-tm2009/
pool/non-free/d/draftsight/
pool/non-free/d/dropbox/
pool/non-free/d/dukto/
pool/non-free/e/
pool/non-free/e/eioffice-personal/
pool/non-free/f/
pool/non-free/f/faac/
pool/non-free/f/fcitx-sogoupinyin-release/
pool/non-free/f/fcitx-table-wb98/
pool/non-free/f/flareget/
pool/non-free/g/
pool/non-free/g/google-webdesigner/
pool/non-free/h/
pool/non-free/h/haroopad/
pool/non-free/h/hhvm-fastcgi/
pool/non-free/h/hhvm/
pool/non-free/k/
pool/non-free/k/kingdom-rush/
pool/non-free/k/kingsoft-office/
pool/non-free/k/kuaipan4uk/
pool/non-free/l/
pool/non-free/l/leap/
pool/non-free/l/lovewallpaper/
pool/non-free/libf/
pool/non-free/libf/libflashplugin/
pool/non-free/m/
pool/non-free/m/maxthon-browser-beta/
pool/non-free/m/maxthon-browser-stable/
pool/non-free/o/
pool/non-free/o/opera-next/
pool/non-free/o/opera/
pool/non-free/p/
pool/non-free/p/pointdownload/
pool/non-free/p/ppstream/
pool/non-free/s/
pool/non-free/s/skype/
pool/non-free/s/sogoupinyin/
pool/non-free/s/sublime-text/
pool/non-free/w/
pool/non-free/w/wine-thunder/
pool/non-free/x/
pool/non-free/x/xnview/
pool/non-free/y/
pool/non-free/y/yong-skins-extra/
pool/non-free/y/yozo-office-zh-cn/
pool/non-free/y/yozooffice/
pool/non-free/y/yunio/
pool/non-free/z/
pool/non-free/z/zotero/
pool/universe/
pool/universe/a/
pool/universe/a/acpi-call/
pool/universe/a/akonadi/
pool/universe/a/amarok/
pool/universe/a/amor/
pool/universe/a/analitza/
pool/universe/a/aptik/
pool/universe/a/ark/
pool/universe/a/attica/
pool/universe/a/audio-recorder/
pool/universe/a/audiocd-kio/
pool/universe/a/autotools-dev/
pool/universe/b/
pool/universe/b/bbswitch/
pool/universe/b/blender-codecs-ffmpeg2.1/
pool/universe/b/blender-codecs-ffmpeg2.2/
pool/universe/b/blender/
pool/universe/b/blender2.4/
pool/universe/b/blinken/
pool/universe/b/bombehunter/
pool/universe/b/bomber/
pool/universe/b/boost1.49/
pool/universe/b/boost1.53/
pool/universe/b/bovo/
pool/universe/b/builddeb/
pool/universe/b/bumblebee/
pool/universe/c/
pool/universe/c/c501checkers/
pool/universe/c/c501wakeonlan/
pool/universe/c/calligra-l10n/
pool/universe/c/calligra/
pool/universe/c/cantata/
pool/universe/c/cantor/
pool/universe/c/cervisia/
pool/universe/c/chromium-browser/
pool/universe/c/chromium-pepper-flash/
pool/universe/c/click/
pool/universe/c/codeblocks-fr/
pool/universe/c/codeblocks/
pool/universe/c/conky-manager/
pool/universe/c/cordova-ubuntu-tests/
pool/universe/c/cordova-ubuntu/
pool/universe/c/crossover/
pool/universe/d/
pool/universe/d/debtest/
pool/universe/d/devismaker/
pool/universe/d/digikam/
pool/universe/d/dmusic-plugin-baidumusic/
pool/universe/d/dolphin-plugins/
pool/universe/d/douml/
pool/universe/d/dragon/
pool/universe/f/
pool/universe/f/fcitx-qt5/
pool/universe/f/fcitx-sogoupinyin-uk/
pool/universe/f/ffmpegthumbs/
pool/universe/f/ffmulticonverter/
pool/universe/f/filelight/
pool/universe/f/finalterm/
pool/universe/f/fontconfig-infinality/
pool/universe/f/forbidden2forget/
pool/universe/f/freerdp/
pool/universe/f/friends-app/
pool/universe/g/
pool/universe/g/gambas3/
pool/universe/g/gecko-sharp-4.0/
pool/universe/g/gnome-sharp-4.0/
pool/universe/g/google-chrome-beta/
pool/universe/g/google-chrome-stable/
pool/universe/g/google-chrome-unstable/
pool/universe/g/granatier/
pool/universe/g/grantlee/
pool/universe/g/grub-themes-deepin/
pool/universe/g/gstreamer0.10-ffmpeg/
pool/universe/g/gtk-sharp-4.0/
pool/universe/g/gwenview/
pool/universe/h/
pool/universe/h/handbrake/
pool/universe/h/homebank/
pool/universe/i/
pool/universe/i/idea/
pool/universe/i/ilmbase/
pool/universe/j/
pool/universe/j/jovie/
pool/universe/j/jscall-sharp-0/
pool/universe/j/juk/
pool/universe/k/
pool/universe/k/kaccessible/
pool/universe/k/kactivities/
pool/universe/k/kajongg/
pool/universe/k/kalgebra/
pool/universe/k/kalzium/
pool/universe/k/kamera/
pool/universe/k/kanagram/
pool/universe/k/kapman/
pool/universe/k/kapptemplate/
pool/universe/k/kate/
pool/universe/k/katomic/
pool/universe/k/kblackbox/
pool/universe/k/kblocks/
pool/universe/k/kbounce/
pool/universe/k/kbreakout/
pool/universe/k/kbruch/
pool/universe/k/kcachegrind/
pool/universe/k/kcalc/
pool/universe/k/kcharselect/
pool/universe/k/kcolorchooser/
pool/universe/k/kcron/
pool/universe/k/kde-base-artwork/
pool/universe/k/kde-baseapps/
pool/universe/k/kde-dev-scripts/
pool/universe/k/kde-dev-utils/
pool/universe/k/kde-l10n-ar/
pool/universe/k/kde-l10n-bg/
pool/universe/k/kde-l10n-bs/
pool/universe/k/kde-l10n-ca-valencia/
pool/universe/k/kde-l10n-ca/
pool/universe/k/kde-l10n-cs/
pool/universe/k/kde-l10n-da/
pool/universe/k/kde-l10n-de/
pool/universe/k/kde-l10n-el/
pool/universe/k/kde-l10n-engb/
pool/universe/k/kde-l10n-es/
pool/universe/k/kde-l10n-et/
pool/universe/k/kde-l10n-eu/
pool/universe/k/kde-l10n-fa/
pool/universe/k/kde-l10n-fi/
pool/universe/k/kde-l10n-fr/
pool/universe/k/kde-l10n-ga/
pool/universe/k/kde-l10n-gl/
pool/universe/k/kde-l10n-he/
pool/universe/k/kde-l10n-hi/
pool/universe/k/kde-l10n-hr/
pool/universe/k/kde-l10n-hu/
pool/universe/k/kde-l10n-ia/
pool/universe/k/kde-l10n-is/
pool/universe/k/kde-l10n-it/
pool/universe/k/kde-l10n-ja/
pool/universe/k/kde-l10n-kk/
pool/universe/k/kde-l10n-km/
pool/universe/k/kde-l10n-ko/
pool/universe/k/kde-l10n-lt/
pool/universe/k/kde-l10n-lv/
pool/universe/k/kde-l10n-mr/
pool/universe/k/kde-l10n-nb/
pool/universe/k/kde-l10n-nds/
pool/universe/k/kde-l10n-nl/
pool/universe/k/kde-l10n-nn/
pool/universe/k/kde-l10n-pa/
pool/universe/k/kde-l10n-pl/
pool/universe/k/kde-l10n-pt/
pool/universe/k/kde-l10n-ptbr/
pool/universe/k/kde-l10n-ro/
pool/universe/k/kde-l10n-ru/
pool/universe/k/kde-l10n-sk/
pool/universe/k/kde-l10n-sl/
pool/universe/k/kde-l10n-sr/
pool/universe/k/kde-l10n-sv/
pool/universe/k/kde-l10n-tg/
pool/universe/k/kde-l10n-tr/
pool/universe/k/kde-l10n-ug/
pool/universe/k/kde-l10n-uk/
pool/universe/k/kde-l10n-vi/
pool/universe/k/kde-l10n-wa/
pool/universe/k/kde-l10n-zhcn/
pool/universe/k/kde-l10n-zhtw/
pool/universe/k/kde-runtime/
pool/universe/k/kde-style-qtcurve/
pool/universe/k/kde-wallpapers/
pool/universe/k/kde-workspace/
pool/universe/k/kde4libs/
pool/universe/k/kdeartwork/
pool/universe/k/kdegraphics-mobipocket/
pool/universe/k/kdegraphics-strigi-analyzer/
pool/universe/k/kdegraphics-thumbnailers/
pool/universe/k/kdenetwork-filesharing/
pool/universe/k/kdenetwork-strigi-analyzers/
pool/universe/k/kdepim-runtime/
pool/universe/k/kdepim/
pool/universe/k/kdepimlibs/
pool/universe/k/kdeplasma-addons/
pool/universe/k/kdesdk-kioslaves/
pool/universe/k/kdesdk-strigi-analyzers/
pool/universe/k/kdesdk-thumbnailers/
pool/universe/k/kdev-python/
pool/universe/k/kdevelop-php-docs/
pool/universe/k/kdevelop-php/
pool/universe/k/kdevelop/
pool/universe/k/kdevplatform/
pool/universe/k/kdewebdev/
pool/universe/k/kdf/
pool/universe/k/kdiamond/
pool/universe/k/kdnssd/
pool/universe/k/kfloppy/
pool/universe/k/kfourinline/
pool/universe/k/kgamma/
pool/universe/k/kgeography/
pool/universe/k/kget/
pool/universe/k/kgoldrunner/
pool/universe/k/kgpg/
pool/universe/k/khangman/
pool/universe/k/kig/
pool/universe/k/kigo/
pool/universe/k/killbots/
pool/universe/k/kiriki/
pool/universe/k/kiten/
pool/universe/k/kjumpingcube/
pool/universe/k/klettres/
pool/universe/k/klickety/
pool/universe/k/klines/
pool/universe/k/kmag/
pool/universe/k/kmahjongg/
pool/universe/k/kmines/
pool/universe/k/kmix/
pool/universe/k/kmousetool/
pool/universe/k/kmouth/
pool/universe/k/kmplot/
pool/universe/k/knavalbattle/
pool/universe/k/knetwalk/
pool/universe/k/koala/
pool/universe/k/kolf/
pool/universe/k/kollision/
pool/universe/k/kolourpaint/
pool/universe/k/kompare/
pool/universe/k/konquest/
pool/universe/k/konsole/
pool/universe/k/kopete/
pool/universe/k/korundum/
pool/universe/k/kpat/
pool/universe/k/kppp/
pool/universe/k/krdc/
pool/universe/k/kremotecontrol/
pool/universe/k/kreversi/
pool/universe/k/krfb/
pool/universe/k/kross-interpreters/
pool/universe/k/kruler/
pool/universe/k/ksaneplugin/
pool/universe/k/kscd/
pool/universe/k/kshisen/
pool/universe/k/ksirk/
pool/universe/k/ksnakeduel/
pool/universe/k/ksnapshot/
pool/universe/k/kspaceduel/
pool/universe/k/ksquares/
pool/universe/k/kstars/
pool/universe/k/ksudoku/
pool/universe/k/ksystemlog/
pool/universe/k/kteatime/
pool/universe/k/ktimer/
pool/universe/k/ktouch/
pool/universe/k/ktuberling/
pool/universe/k/kturtle/
pool/universe/k/ktux/
pool/universe/k/kubrick/
pool/universe/k/kubuntu-meta/
pool/universe/k/kuser/
pool/universe/k/kwallet/
pool/universe/k/kwordquiz/
pool/universe/l/
pool/universe/l/language-pack-kde-ar/
pool/universe/l/language-pack-kde-bg/
pool/universe/l/language-pack-kde-bs/
pool/universe/l/language-pack-kde-ca/
pool/universe/l/language-pack-kde-cs/
pool/universe/l/language-pack-kde-da/
pool/universe/l/language-pack-kde-de/
pool/universe/l/language-pack-kde-el/
pool/universe/l/language-pack-kde-en/
pool/universe/l/language-pack-kde-es/
pool/universe/l/language-pack-kde-et/
pool/universe/l/language-pack-kde-eu/
pool/universe/l/language-pack-kde-fa/
pool/universe/l/language-pack-kde-fi/
pool/universe/l/language-pack-kde-fr/
pool/universe/l/language-pack-kde-ga/
pool/universe/l/language-pack-kde-gl/
pool/universe/l/language-pack-kde-he/
pool/universe/l/language-pack-kde-hi/
pool/universe/l/language-pack-kde-hr/
pool/universe/l/language-pack-kde-hu/
pool/universe/l/language-pack-kde-ia/
pool/universe/l/language-pack-kde-is/
pool/universe/l/language-pack-kde-it/
pool/universe/l/language-pack-kde-ja/
pool/universe/l/language-pack-kde-kk/
pool/universe/l/language-pack-kde-km/
pool/universe/l/language-pack-kde-ko/
pool/universe/l/language-pack-kde-lt/
pool/universe/l/language-pack-kde-lv/
pool/universe/l/language-pack-kde-mr/
pool/universe/l/language-pack-kde-nb/
pool/universe/l/language-pack-kde-nds/
pool/universe/l/language-pack-kde-nl/
pool/universe/l/language-pack-kde-nn/
pool/universe/l/language-pack-kde-pa/
pool/universe/l/language-pack-kde-pl/
pool/universe/l/language-pack-kde-pt/
pool/universe/l/language-pack-kde-ro/
pool/universe/l/language-pack-kde-ru/
pool/universe/l/language-pack-kde-sk/
pool/universe/l/language-pack-kde-sl/
pool/universe/l/language-pack-kde-sr/
pool/universe/l/language-pack-kde-sv/
pool/universe/l/language-pack-kde-tg/
pool/universe/l/language-pack-kde-tr/
pool/universe/l/language-pack-kde-ug/
pool/universe/l/language-pack-kde-uk/
pool/universe/l/language-pack-kde-vi/
pool/universe/l/language-pack-kde-wa/
pool/universe/l/language-pack-kde-zh-hans/
pool/universe/l/language-pack-kde-zh-hant/
pool/universe/l/lcdnurse/
pool/universe/l/lettergames/
pool/universe/l/lokalize/
pool/universe/l/lskat/
pool/universe/l/lucene++/
pool/universe/l/lwqq/
pool/universe/libg/
pool/universe/libg/libgdiplus-4.0/
pool/universe/libg/libgee-0.8/
pool/universe/libg/libgee/
pool/universe/libi/
pool/universe/libi/libical/
pool/universe/libk/
pool/universe/libk/libkcddb/
pool/universe/libk/libkcompactdisc/
pool/universe/libk/libkdcraw/
pool/universe/libk/libkdeedu/
pool/universe/libk/libkdegames/
pool/universe/libk/libkexiv2/
pool/universe/libk/libkgapi/
pool/universe/libk/libkipi/
pool/universe/libk/libkmahjongg/
pool/universe/libk/libksane/
pool/universe/libm/
pool/universe/libm/libmygpo-qt/
pool/universe/libq/
pool/universe/libq/libquazip/
pool/universe/m/
pool/universe/m/marble/
pool/universe/m/maxishoot/
pool/universe/m/maxishoot2/
pool/universe/m/maxthon-browser-beta/
pool/universe/m/maxthon-browser-stable/
pool/universe/m/mediascanner/
pool/universe/m/memwrite/
pool/universe/m/meta-kde/
pool/universe/m/mixxx/
pool/universe/m/mono-3/
pool/universe/m/mono-addins-4.0/
pool/universe/m/monodevelop-4.0/
pool/universe/m/monodevelop-5/
pool/universe/m/monodevelop-database-4.0/
pool/universe/m/monodevelop-database-5/
pool/universe/m/monodevelop-debugger-gdb-4.0/
pool/universe/m/monodevelop-debugger-gdb-5/
pool/universe/m/mplayerthumbs/
pool/universe/n/
pool/universe/n/nemo-qml-plugin-folderlistmodel/
pool/universe/n/nepomuk-core/
pool/universe/n/nepomuk-widgets/
pool/universe/n/networkmanagement/
pool/universe/n/nitrotasks/
pool/universe/n/notepad-qml/
pool/universe/o/
pool/universe/o/okteta/
pool/universe/o/okular/
pool/universe/o/opencolorio/
pool/universe/o/opencv/
pool/universe/o/openexr/
pool/universe/o/openimageio/
pool/universe/o/openshadinglanguage/
pool/universe/o/oxygen-icons/
pool/universe/p/
pool/universe/p/pairs/
pool/universe/p/palapeli/
pool/universe/p/parley/
pool/universe/p/pdf2htmlex/
pool/universe/p/perlkde/
pool/universe/p/perlqt/
pool/universe/p/picmi/
pool/universe/p/pidgin-lwqq-unstable/
pool/universe/p/pidgin-lwqq/
pool/universe/p/pkg-kde-tools/
pool/universe/p/plasma-mediacenter/
pool/universe/p/plasma-mobile/
pool/universe/p/plasma-widget-smooth-tasks/
pool/universe/p/poxml/
pool/universe/p/premake4/
pool/universe/p/premake5/
pool/universe/p/primus/
pool/universe/p/print-manager/
pool/universe/p/pykde4/
pool/universe/p/pyqt5/
pool/universe/q/
pool/universe/q/qt3d-opensource-src/
pool/universe/q/qt4-x11/
pool/universe/q/qt5-extra/
pool/universe/q/qtbase-opensource-src/
pool/universe/q/qtchooser/
pool/universe/q/qtconnectivity-opensource-src/
pool/universe/q/qtcreator-plugin-ubuntu/
pool/universe/q/qtcreator/
pool/universe/q/qtdeclarative-opensource-src/
pool/universe/q/qtdoc-opensource-src/
pool/universe/q/qtfeedback-opensource-src/
pool/universe/q/qtgraphicaleffects-opensource-src/
pool/universe/q/qtimageformats-opensource-src/
pool/universe/q/qtjsbackend-opensource-src/
pool/universe/q/qtjsondb/
pool/universe/q/qtlocation-opensource-src/
pool/universe/q/qtmultimedia-opensource-src/
pool/universe/q/qtpim-opensource-src/
pool/universe/q/qtquick1-opensource-src/
pool/universe/q/qtquickcontrols-opensource-src/
pool/universe/q/qtruby/
pool/universe/q/qtscript-opensource-src/
pool/universe/q/qtsensors-opensource-src/
pool/universe/q/qtserialport-opensource-src/
pool/universe/q/qtsvg-opensource-src/
pool/universe/q/qtsystems-opensource-src/
pool/universe/q/qttools-opensource-src/
pool/universe/q/qttranslations-opensource-src/
pool/universe/q/qtwayland/
pool/universe/q/qtwebkit-opensource-src/
pool/universe/q/qtx11extras-opensource-src/
pool/universe/q/qtxmlpatterns-opensource-src/
pool/universe/r/
pool/universe/r/readline5/
pool/universe/r/readline6/
pool/universe/r/rekonq/
pool/universe/r/resistancevalue/
pool/universe/r/rocs/
pool/universe/s/
pool/universe/s/scite/
pool/universe/s/selene/
pool/universe/s/shared-desktop-ontologies/
pool/universe/s/simplescreenrecorder-lib/
pool/universe/s/simplescreenrecorder/
pool/universe/s/sip4/
pool/universe/s/smokegen/
pool/universe/s/smokekde/
pool/universe/s/smokeqt/
pool/universe/s/soprano/
pool/universe/s/springseed/
pool/universe/s/step/
pool/universe/s/superkaramba/
pool/universe/s/svgpart/
pool/universe/s/sweeper/
pool/universe/s/syncdrive/
pool/universe/t/
pool/universe/t/thumbnailer/
pool/universe/t/timeshift/
pool/universe/t/tlp/
pool/universe/u/
pool/universe/u/u1db-qt/
pool/universe/u/ubuntu-html5-theme/
pool/universe/u/ubuntu-touch-meta/
pool/universe/u/ubuntu-ui-toolkit/
pool/universe/u/umbrello/
pool/universe/u/unity-action-api/
pool/universe/u/unity-action/
pool/universe/v/
pool/universe/v/vala-0.16/
pool/universe/v/vala-0.18/
pool/universe/v/vala-0.20/
pool/universe/v/vala-0.22/
pool/universe/v/vala-0.24/
pool/universe/v/valadoc/
pool/universe/v/virtualgl/
pool/universe/v/vokoscreen/
pool/universe/w/
pool/universe/w/wine-gecko1.8/
pool/universe/w/wine-gecko1.9/
pool/universe/w/wine-gecko2.21/
pool/universe/w/wine-gecko2.24/
pool/universe/w/wine-mono0.0.8/
pool/universe/w/wine-mono4.5.0/
pool/universe/w/wine-mono4.5.2/
pool/universe/w/wine1.5/
pool/universe/w/wine1.6/
pool/universe/w/wine1.7/
pool/universe/w/winetricks/
pool/universe/w/winusb/
pool/universe/w/wiznote/
pool/universe/x/
pool/universe/x/xmradio/
pool/universe/z/
pool/universe/z/zlib/
project/

Number of files: 18621
Number of files transferred: 0
Total file size: 62589354836 bytes
Total transferred file size: 0 bytes
Literal data: 0 bytes
Matched data: 0 bytes
File list size: 722997
File list generation time: 0.617 seconds
File list transfer time: 0.000 seconds
Total bytes sent: 55907
Total bytes received: 778894

sent 55907 bytes  received 778894 bytes  210.62 bytes/sec
total size is 62589354836  speedup is 74975.18
