2014-08-05 15:23:25
rsync://mirrors.hust.edu.cn/packman/
Welcome to HUST Mirror Site!
This site is sponsored by Network and Computation Center of Huazhong University of Science and Technology and maintained by DianGroup, HUST.
You can contact us by sending us email via mirror@hust.edu.cn.


receiving file list ... done
./
.last_update
debian/
debian/dists/
debian/indices/
debian/pool/
fedora/
fedora/19/
fedora/19/SRPMS/
fedora/19/SRPMS/repodata/
fedora/19/i386/
fedora/19/i386/repodata/
fedora/19/i386/repodata/repomd.xml.key
fedora/19/x86_64/
fedora/19/x86_64/repodata/
fedora/19/x86_64/repodata/repomd.xml.key
fedora/20/
fedora/20/SRPMS/
fedora/20/SRPMS/repodata/
fedora/20/SRPMS/repodata/repomd.xml.key
fedora/20/i386/
fedora/20/i386/repodata/
fedora/20/i386/repodata/repomd.xml.key
fedora/20/x86_64/
fedora/20/x86_64/repodata/
fedora/20/x86_64/repodata/repomd.xml.key
fedora/21/
fedora/21/SRPMS/
fedora/21/SRPMS/repodata/
fedora/21/SRPMS/repodata/repomd.xml.key
fedora/21/i386/
fedora/21/i386/repodata/
fedora/21/i386/repodata/repomd.xml.key
fedora/21/x86_64/
fedora/21/x86_64/repodata/
fedora/21/x86_64/repodata/repomd.xml.key
redhat/
redhat/7/
redhat/7/SRPMS/
redhat/7/i386/
redhat/7/i386/headers/
redhat/7/repodata/
redhat/7/repodata/repomd.xml.key
suse/
suse/Evergreen_11.1/
suse/Evergreen_11.1/Essentials/
suse/Evergreen_11.1/Essentials/i586/
suse/Evergreen_11.1/Essentials/noarch/
suse/Evergreen_11.1/Essentials/repodata/
suse/Evergreen_11.1/Essentials/repodata/repomd.xml.key
suse/Evergreen_11.1/Essentials/src/
suse/Evergreen_11.1/Essentials/x86_64/
suse/Evergreen_11.1/repodata/
io timeout after 120 seconds -- exiting
rsync error: timeout in data send/receive (code 30) at io.c(200) [receiver=3.0.6]
rsync: connection unexpectedly closed (3113730 bytes received so far) [generator]
rsync error: error in rsync protocol data stream (code 12) at io.c(600) [generator=3.0.6]
