2014-08-05 15:23:20
rsync://kali.mirror.garr.it/kali/

receiving file list ... done
dists/kali-rolling/
dists/kali-rolling/Contents-armhf.gz
dists/kali-rolling/Contents-i386.gz
dists/kali-rolling/contrib/Contents-amd64.gz
dists/kali-rolling/contrib/Contents-armel.gz
dists/kali-rolling/contrib/Contents-armhf.gz
dists/kali-rolling/contrib/Contents-i386.gz
dists/kali-rolling/main/
file has vanished: "/dists/kali-rolling/main/.Contents-armhf.gz.pVOz48" (in kali)
dists/kali-rolling/main/Contents-amd64.gz
dists/kali-rolling/main/Contents-armel.gz

Number of files: 338036
Number of files transferred: 8
Total file size: 359967697798 bytes
Total transferred file size: 104780031 bytes
Literal data: 103854478 bytes
Matched data: 925553 bytes
File list size: 8430230
File list generation time: 495.076 seconds
File list transfer time: 0.000 seconds
Total bytes sent: 125361
Total bytes received: 112300005

sent 125361 bytes  received 112300005 bytes  187845.22 bytes/sec
total size is 359967697798  speedup is 3201.84
rsync warning: some files vanished before they could be transferred (code 24) at main.c(1505) [generator=3.0.6]
