2014-08-06 00:00:03
rsync://security.debian.org/debian-security/
receiving file list ... done
./
pool/updates/contrib/
pool/updates/contrib/m/
pool/updates/contrib/m/mahara/
pool/updates/main/a/acpid/
pool/updates/main/a/apr/
pool/updates/main/a/arpwatch/
pool/updates/main/a/avahi/
pool/updates/main/b/bacula/
pool/updates/main/b/bcfg2/
pool/updates/main/b/beaker/
pool/updates/main/b/bip/
pool/updates/main/c/ca-certificates/
pool/updates/main/c/cgiirc/
pool/updates/main/c/chasen/
pool/updates/main/c/chromium-browser/
pool/updates/main/c/citadel/
pool/updates/main/c/clearsilver/
pool/updates/main/c/cups-pk-helper/
pool/updates/main/c/cups/
pool/updates/main/c/cvs/
pool/updates/main/c/cyrus-imapd-2.2/
pool/updates/main/d/dajaxice/
pool/updates/main/d/devscripts/
pool/updates/main/d/dhcpcd/
pool/updates/main/d/doctrine/
pool/updates/main/d/dropbear/
pool/updates/main/e/ecryptfs-utils/
pool/updates/main/e/ejabberd/
pool/updates/main/e/evince/
pool/updates/main/e/exim4/
pool/updates/main/e/expat/
pool/updates/main/e/extplorer/
pool/updates/main/f/fckeditor/
pool/updates/main/f/fex/
pool/updates/main/f/ffmpeg/
pool/updates/main/f/file/
pool/updates/main/f/foomatic-filters/
pool/updates/main/f/freeradius/
pool/updates/main/g/gajim/
pool/updates/main/g/gdm3/
pool/updates/main/g/gimp/
pool/updates/main/g/gitolite/
pool/updates/main/g/globus-gridftp-server-control/
pool/updates/main/g/globus-gridftp-server/
pool/updates/main/g/gnash/
pool/updates/main/g/gnutls26/
pool/updates/main/g/gridengine/
pool/updates/main/h/heimdal/
pool/updates/main/h/hostapd/
pool/updates/main/i/iceape/
pool/updates/main/i/imp4/
pool/updates/main/i/inetutils/
pool/updates/main/i/inspircd/
pool/updates/main/i/ipmitool/
pool/updates/main/i/isc-dhcp/
pool/updates/main/j/jabberd14/
pool/updates/main/j/jasper/
pool/updates/main/k/kfreebsd-8/
pool/updates/main/k/kolab-cyrus-imapd/
pool/updates/main/k/krb5-appl/
pool/updates/main/l/ldns/
pool/updates/main/l/logwatch/
pool/updates/main/liba/libapache-mod-security/
pool/updates/main/liba/libapache2-mod-authnz-external/
pool/updates/main/liba/libapache2-mod-fcgid/
pool/updates/main/liba/libapache2-mod-rpaf/
pool/updates/main/liba/libarchive/
pool/updates/main/libc/
pool/updates/main/libc/libcgroup/
pool/updates/main/libd/
pool/updates/main/libd/libdbd-pg-perl/
pool/updates/main/libe/
pool/updates/main/libe/libexif/
pool/updates/main/libf/
pool/updates/main/libf/libfcgi-perl/
pool/updates/main/libg/
pool/updates/main/libg/libgdata/
pool/updates/main/libj/
pool/updates/main/libj/libjakarta-poi-java/
pool/updates/main/libm/libmodplug/
pool/updates/main/libm/libmojolicious-perl/
pool/updates/main/libo/
pool/updates/main/libo/libotr/
pool/updates/main/libs/libsoup2.4/
pool/updates/main/libs/libspring-2.5-java/
pool/updates/main/libt/libtasn1-3/
pool/updates/main/libv/libvirt/
pool/updates/main/libx/libxfont/
pool/updates/main/libx/libxml-atom-perl/
pool/updates/main/libx/libxslt/
pool/updates/main/liby/
pool/updates/main/liby/libyaml-libyaml-perl/
pool/updates/main/m/mahara/
pool/updates/main/m/mailman/
pool/updates/main/m/man2html/
pool/updates/main/m/mojarra/
pool/updates/main/m/mono/
pool/updates/main/m/movabletype-opensource/
pool/updates/main/m/mumble/
pool/updates/main/m/mysql-5.1/
pool/updates/main/n/nginx/
pool/updates/main/n/notmuch/
pool/updates/main/n/nsd3/
pool/updates/main/n/nss/
pool/updates/main/n/nut/
pool/updates/main/o/openarena/
pool/updates/main/o/openconnect/
pool/updates/main/o/openjdk-6/
pool/updates/main/o/opensaml2/
pool/updates/main/o/openswan/
pool/updates/main/o/openttd/
pool/updates/main/o/opie/
pool/updates/main/o/oprofile/
pool/updates/main/p/pam-pgsql/
pool/updates/main/p/pam/
pool/updates/main/p/pango1.0/
pool/updates/main/p/pcp/
pool/updates/main/p/pdns/
pool/updates/main/p/pidgin-otr/
pool/updates/main/p/pidgin/
pool/updates/main/p/plib/
pool/updates/main/p/policykit-1/
pool/updates/main/p/postfix/
pool/updates/main/p/postgresql-8.4/
pool/updates/main/p/proftpd-dfsg/
pool/updates/main/p/puppet/
pool/updates/main/p/python-crypto/
pool/updates/main/p/python-django-piston/
pool/updates/main/p/python-pam/
pool/updates/main/p/pywebdav/
pool/updates/main/q/qemu-kvm/
pool/updates/main/q/qemu/
pool/updates/main/r/radvd/
pool/updates/main/r/rails/
pool/updates/main/r/raptor/
pool/updates/main/r/redmine/
pool/updates/main/r/request-tracker3.8/
pool/updates/main/r/rssh/
pool/updates/main/r/rtfm/
pool/updates/main/s/shadow/
pool/updates/main/s/simplesamlphp/
pool/updates/main/s/spip/
pool/updates/main/s/sqlalchemy/
pool/updates/main/s/squid3/
pool/updates/main/s/strongswan/
pool/updates/main/s/subversion/
pool/updates/main/s/sudo/
pool/updates/main/s/super/
pool/updates/main/s/sympa/
pool/updates/main/s/systemtap/
pool/updates/main/t/t1lib/
pool/updates/main/t/telepathy-gabble/
pool/updates/main/t/tex-common/
pool/updates/main/t/tgt/
pool/updates/main/t/tinyproxy/
pool/updates/main/t/tmux/
pool/updates/main/t/tomcat6/
pool/updates/main/t/tor/
pool/updates/main/t/torque/
pool/updates/main/t/tryton-server/
pool/updates/main/u/unbound/
pool/updates/main/v/viewvc/
pool/updates/main/v/vimperator/
pool/updates/main/v/vino/
pool/updates/main/v/vsftpd/
pool/updates/main/w/webkit/
pool/updates/main/x/x11-xserver-utils/
pool/updates/main/x/xen-qemu-dm-4.0/
pool/updates/main/x/xen/
pool/updates/main/x/xml-security-c/
pool/updates/main/x/xmlsec1/
pool/updates/main/x/xorg/
pool/updates/main/z/
pool/updates/main/z/zabbix/
pool/updates/main/z/zendframework/
project/
project/trace/
project/trace/security.debian.org

Number of files: 27931
Number of files transferred: 1
Total file size: 57748312040 bytes
Total transferred file size: 276 bytes
Literal data: 276 bytes
Matched data: 0 bytes
File list size: 861093
File list generation time: 1.472 seconds
File list transfer time: 0.000 seconds
Total bytes sent: 17084
Total bytes received: 878454

sent 17084 bytes  received 878454 bytes  71643.04 bytes/sec
total size is 57748312040  speedup is 64484.49
