2014-08-06 03:00:02
rsync://rsync.cn.gentoo.org/gentoo/

#############################################################
#                                                           #
#  Hi,                                                      #
#                                                           #
#    This is the Opensource Mirror Hosted and Maintained    #
#                                                           #
#  by Information and Network Center of Xiamen University.  #
#                                                           #
#  Wish this mirror can help you enjoy free life easily :)  #                
#                                                           # 
#    The --checksum (-c) option is disabled to save the     #
#                                                           #
#  cpu usage. Thus, please remove the -c before syncing ^_^ #                
#                                                           #
#############################################################


receiving file list ... done
./
distfiles/
distfiles/connman-1.24.tar.xz
distfiles/hardened-patches-3.14.15-1.extras.tar.bz2
distfiles/hardened-patches-3.15.8-1.extras.tar.bz2
distfiles/hardened-patches-3.2.61-6.extras.tar.bz2
distfiles/ignuit-2.20.0.tar.gz
distfiles/libbluray-0.6.1.tar.bz2
distfiles/libdvdcss-1.3.0.tar.bz2
distfiles/mirall-1.6.2.tar.bz2
distfiles/nx-libs-3.5.0.27-full.tar.gz
distfiles/phc-intel-pack-rev16.tar.bz2
distfiles/plowshare-1.0.4.tar.gz
distfiles/spandsp-0.0.6.tar.gz
