2014-08-06 00:00:03
rsync://kali.mirror.garr.it/kali-security/

receiving file list ... done
./
project/trace/archive.kali.org
project/trace/mirror3.mirror.garr.it
project/trace/repo.kali.org

Number of files: 4730
Number of files transferred: 3
Total file size: 13424333285 bytes
Total transferred file size: 562 bytes
Literal data: 562 bytes
Matched data: 0 bytes
File list size: 136830
File list generation time: 13.171 seconds
File list transfer time: 0.000 seconds
Total bytes sent: 129
Total bytes received: 137561

sent 129 bytes  received 137561 bytes  6716.59 bytes/sec
total size is 13424333285  speedup is 97496.79
