2014-08-05 15:12:37
rsync://kali.mirror.garr.it/kali/

receiving file list ... done
dists/kali-dev/main/
dists/kali-dev/main/Contents-amd64.gz
dists/kali-dev/main/Contents-armel.gz
dists/kali-dev/main/Contents-armhf.gz
dists/kali-dev/main/Contents-i386.gz
dists/kali-dev/main/source/
dists/kali-dev/non-free/
dists/kali-dev/non-free/Contents-amd64.gz
dists/kali-dev/non-free/Contents-armel.gz
dists/kali-dev/non-free/Contents-armhf.gz
dists/kali-dev/non-free/Contents-i386.gz
dists/kali-dev/non-free/binary-amd64/
dists/kali-dev/non-free/binary-armel/
dists/kali-dev/non-free/binary-armhf/
dists/kali-dev/non-free/binary-i386/
dists/kali-dev/non-free/source/
dists/kali-rolling/
file has vanished: "/dists/kali-rolling/.Contents-armhf.gz.8mLQPs" (in kali)
dists/kali-rolling/Contents-amd64.gz
dists/kali-rolling/Contents-armel.gz
dists/kali-rolling/contrib/
dists/kali-rolling/contrib/binary-amd64/
dists/kali-rolling/contrib/binary-armel/
dists/kali-rolling/contrib/binary-armhf/
dists/kali-rolling/contrib/binary-i386/
dists/kali-rolling/contrib/source/
dists/kali-rolling/main/
dists/kali-rolling/main/binary-amd64/
dists/kali-rolling/main/binary-armel/
dists/kali-rolling/main/binary-armhf/
dists/kali-rolling/main/binary-i386/
dists/kali-rolling/main/debian-installer/binary-amd64/
dists/kali-rolling/main/debian-installer/binary-armel/
dists/kali-rolling/main/debian-installer/binary-armhf/
dists/kali-rolling/main/debian-installer/binary-i386/
dists/kali-rolling/main/source/
dists/kali-rolling/non-free/
dists/kali-rolling/non-free/binary-amd64/
dists/kali-rolling/non-free/binary-armel/
dists/kali-rolling/non-free/binary-armhf/
dists/kali-rolling/non-free/binary-i386/
dists/kali-rolling/non-free/source/

Number of files: 338036
Number of files transferred: 10
Total file size: 359958273347 bytes
Total transferred file size: 160036523 bytes
Literal data: 157516315 bytes
Matched data: 2520208 bytes
File list size: 8430221
File list generation time: 532.555 seconds
File list transfer time: 0.000 seconds
Total bytes sent: 206878
Total bytes received: 165973751

sent 206878 bytes  received 165973751 bytes  260267.23 bytes/sec
total size is 359958273347  speedup is 2166.07
rsync warning: some files vanished before they could be transferred (code 24) at main.c(1505) [generator=3.0.6]
