2014-08-05 21:11:06
rsync://mirrors.hust.edu.cn/packman/
Welcome to HUST Mirror Site!
This site is sponsored by Network and Computation Center of Huazhong University of Science and Technology and maintained by DianGroup, HUST.
You can contact us by sending us email via mirror@hust.edu.cn.


receiving file list ... done
./
.last_update
debian/
debian/dists/
debian/indices/
debian/pool/
fedora/
fedora/19/
fedora/19/SRPMS/
fedora/19/SRPMS/repodata/
fedora/19/i386/
fedora/19/i386/repodata/
fedora/19/i386/repodata/repomd.xml.key
fedora/19/x86_64/
fedora/19/x86_64/repodata/
fedora/19/x86_64/repodata/repomd.xml.key
fedora/20/
fedora/20/SRPMS/
fedora/20/SRPMS/repodata/
fedora/20/SRPMS/repodata/repomd.xml.key
fedora/20/i386/
fedora/20/i386/repodata/
fedora/20/i386/repodata/repomd.xml.key
fedora/20/x86_64/
fedora/20/x86_64/repodata/
fedora/20/x86_64/repodata/repomd.xml.key
fedora/21/
fedora/21/SRPMS/
fedora/21/SRPMS/repodata/
fedora/21/SRPMS/repodata/repomd.xml.key
fedora/21/i386/
fedora/21/i386/repodata/
fedora/21/i386/repodata/repomd.xml.key
fedora/21/x86_64/
fedora/21/x86_64/repodata/
fedora/21/x86_64/repodata/repomd.xml.key
redhat/
redhat/7/
redhat/7/SRPMS/
redhat/7/i386/
redhat/7/i386/headers/
redhat/7/repodata/
redhat/7/repodata/repomd.xml.key
suse/
suse/Evergreen_11.1/
suse/Evergreen_11.1/Essentials/
suse/Evergreen_11.1/Essentials/i586/
suse/Evergreen_11.1/Essentials/noarch/
suse/Evergreen_11.1/Essentials/repodata/
suse/Evergreen_11.1/Essentials/repodata/repomd.xml.key
suse/Evergreen_11.1/Essentials/src/
suse/Evergreen_11.1/Essentials/x86_64/
suse/Evergreen_11.1/repodata/
suse/Evergreen_11.1/repodata/repomd.xml.key
suse/Evergreen_11.2/
suse/Evergreen_11.2/Essentials/
suse/Evergreen_11.2/Essentials/i586/
suse/Evergreen_11.2/Essentials/noarch/
suse/Evergreen_11.2/Essentials/repodata/
suse/Evergreen_11.2/Essentials/repodata/repomd.xml.key
suse/Evergreen_11.2/Essentials/src/
suse/Evergreen_11.2/Essentials/x86_64/
suse/Evergreen_11.2/repodata/
suse/Evergreen_11.2/repodata/repomd.xml.key
suse/Factory/
suse/Factory/Essentials/
suse/Factory/Essentials/i586/
suse/Factory/Essentials/i586/chromium-beta-debugsource-37.0.2062.58-6.1.i586.rpm
suse/Factory/Essentials/i586/chromium-beta-ffmpeg-37.0.2062.58-6.1.i586.rpm
suse/Factory/Essentials/i586/chromium-beta-ffmpeg-debuginfo-37.0.2062.58-6.1.i586.rpm
suse/Factory/Essentials/i586/chromium-dev-debugsource-38.0.2107.3-2.1.i586.rpm
suse/Factory/Essentials/i586/chromium-dev-ffmpeg-38.0.2107.3-2.1.i586.rpm
suse/Factory/Essentials/i586/chromium-dev-ffmpeg-debuginfo-38.0.2107.3-2.1.i586.rpm
suse/Factory/Essentials/i586/gstreamer-0_10-doc-0.10.36-18.117.i586.rpm
suse/Factory/Essentials/i586/gstreamer-0_10-plugins-buzztard-0.6.0-9.125.i586.rpm
suse/Factory/Essentials/i586/gstreamer-0_10-plugins-buzztard-debuginfo-0.6.0-9.125.i586.rpm
suse/Factory/Essentials/i586/gstreamer-0_10-plugins-buzztard-debugsource-0.6.0-9.125.i586.rpm
suse/Factory/Essentials/i586/gstreamer-doc-1.4.0-2.4.i586.rpm
suse/Factory/Essentials/i586/gstreamer-plugins-bad-1.4.0-5.4.i586.rpm
suse/Factory/Essentials/i586/gstreamer-plugins-bad-debuginfo-1.4.0-5.4.i586.rpm
suse/Factory/Essentials/i586/gstreamer-plugins-bad-debugsource-1.4.0-5.4.i586.rpm
suse/Factory/Essentials/i586/gstreamer-plugins-bad-devel-1.4.0-5.4.i586.rpm
suse/Factory/Essentials/i586/gstreamer-plugins-bad-doc-1.4.0-5.4.i586.rpm
suse/Factory/Essentials/i586/gstreamer-plugins-bad-orig-addon-1.4.0-5.4.i586.rpm
suse/Factory/Essentials/i586/gstreamer-plugins-bad-orig-addon-debuginfo-1.4.0-5.4.i586.rpm
suse/Factory/Essentials/i586/gstreamer-plugins-base-1.4.0-2.3.i586.rpm
suse/Factory/Essentials/i586/gstreamer-plugins-base-debuginfo-1.4.0-2.3.i586.rpm
suse/Factory/Essentials/i586/gstreamer-plugins-base-debugsource-1.4.0-2.3.i586.rpm
suse/Factory/Essentials/i586/gstreamer-plugins-base-devel-1.4.0-2.3.i586.rpm
suse/Factory/Essentials/i586/gstreamer-plugins-base-doc-1.4.0-2.3.i586.rpm
suse/Factory/Essentials/i586/libgstallocators-1_0-0-1.4.0-2.3.i586.rpm
suse/Factory/Essentials/i586/libgstallocators-1_0-0-debuginfo-1.4.0-2.3.i586.rpm
suse/Factory/Essentials/i586/libgstapp-1_0-0-1.4.0-2.3.i586.rpm
suse/Factory/Essentials/i586/libgstapp-1_0-0-debuginfo-1.4.0-2.3.i586.rpm
suse/Factory/Essentials/i586/libgstaudio-1_0-0-1.4.0-2.3.i586.rpm
suse/Factory/Essentials/i586/libgstaudio-1_0-0-debuginfo-1.4.0-2.3.i586.rpm
suse/Factory/Essentials/i586/libgstbadbase-1_0-0-1.4.0-5.4.i586.rpm
suse/Factory/Essentials/i586/libgstbadbase-1_0-0-debuginfo-1.4.0-5.4.i586.rpm
suse/Factory/Essentials/i586/libgstbadvideo-1_0-0-1.4.0-5.4.i586.rpm
suse/Factory/Essentials/i586/libgstbadvideo-1_0-0-debuginfo-1.4.0-5.4.i586.rpm
suse/Factory/Essentials/i586/libgstbasecamerabinsrc-1_0-0-1.4.0-5.4.i586.rpm
suse/Factory/Essentials/i586/libgstbasecamerabinsrc-1_0-0-debuginfo-1.4.0-5.4.i586.rpm
suse/Factory/Essentials/i586/libgstbuzztard-devel-0.6.0-9.125.i586.rpm
suse/Factory/Essentials/i586/libgstbuzztard0-0.6.0-9.125.i586.rpm
suse/Factory/Essentials/i586/libgstbuzztard0-debuginfo-0.6.0-9.125.i586.rpm
suse/Factory/Essentials/i586/libgstcodecparsers-1_0-0-1.4.0-5.4.i586.rpm
suse/Factory/Essentials/i586/libgstcodecparsers-1_0-0-debuginfo-1.4.0-5.4.i586.rpm
suse/Factory/Essentials/i586/libgstfft-1_0-0-1.4.0-2.3.i586.rpm
suse/Factory/Essentials/i586/libgstfft-1_0-0-debuginfo-1.4.0-2.3.i586.rpm
suse/Factory/Essentials/i586/libgstgl-1_0-0-1.4.0-5.4.i586.rpm
suse/Factory/Essentials/i586/libgstgl-1_0-0-debuginfo-1.4.0-5.4.i586.rpm
suse/Factory/Essentials/i586/libgstinsertbin-1_0-0-1.4.0-5.4.i586.rpm
suse/Factory/Essentials/i586/libgstinsertbin-1_0-0-debuginfo-1.4.0-5.4.i586.rpm
suse/Factory/Essentials/i586/libgstmpegts-1_0-0-1.4.0-5.4.i586.rpm
suse/Factory/Essentials/i586/libgstmpegts-1_0-0-debuginfo-1.4.0-5.4.i586.rpm
suse/Factory/Essentials/i586/libgstpbutils-1_0-0-1.4.0-2.3.i586.rpm
suse/Factory/Essentials/i586/libgstpbutils-1_0-0-debuginfo-1.4.0-2.3.i586.rpm
suse/Factory/Essentials/i586/libgstphotography-1_0-0-1.4.0-5.4.i586.rpm
suse/Factory/Essentials/i586/libgstphotography-1_0-0-debuginfo-1.4.0-5.4.i586.rpm
suse/Factory/Essentials/i586/libgstriff-1_0-0-1.4.0-2.3.i586.rpm
suse/Factory/Essentials/i586/libgstriff-1_0-0-debuginfo-1.4.0-2.3.i586.rpm
suse/Factory/Essentials/i586/libgstrtp-1_0-0-1.4.0-2.3.i586.rpm
suse/Factory/Essentials/i586/libgstrtp-1_0-0-debuginfo-1.4.0-2.3.i586.rpm
suse/Factory/Essentials/i586/libgstrtsp-1_0-0-1.4.0-2.3.i586.rpm
suse/Factory/Essentials/i586/libgstrtsp-1_0-0-debuginfo-1.4.0-2.3.i586.rpm
suse/Factory/Essentials/i586/libgstsdp-1_0-0-1.4.0-2.3.i586.rpm
suse/Factory/Essentials/i586/libgstsdp-1_0-0-debuginfo-1.4.0-2.3.i586.rpm
suse/Factory/Essentials/i586/libgsttag-1_0-0-1.4.0-2.3.i586.rpm
suse/Factory/Essentials/i586/libgsttag-1_0-0-debuginfo-1.4.0-2.3.i586.rpm
suse/Factory/Essentials/i586/libgsturidownloader-1_0-0-1.4.0-5.4.i586.rpm
suse/Factory/Essentials/i586/libgsturidownloader-1_0-0-debuginfo-1.4.0-5.4.i586.rpm
suse/Factory/Essentials/i586/libgstvideo-1_0-0-1.4.0-2.3.i586.rpm
suse/Factory/Essentials/i586/libgstvideo-1_0-0-debuginfo-1.4.0-2.3.i586.rpm
suse/Factory/Essentials/i586/libopencv2_4-2.4.9-5.32.i586.rpm
suse/Factory/Essentials/i586/libopencv2_4-debuginfo-2.4.9-5.32.i586.rpm
suse/Factory/Essentials/i586/libslv2-9-0.6.6-3.183.i586.rpm
suse/Factory/Essentials/i586/libslv2-9-debuginfo-0.6.6-3.183.i586.rpm
suse/Factory/Essentials/i586/libstreamanalyzer0-0.7.8-9.7.i586.rpm
suse/Factory/Essentials/i586/libstreamanalyzer0-debuginfo-0.7.8-9.7.i586.rpm
suse/Factory/Essentials/i586/libstrigi0-0.7.8-9.7.i586.rpm
suse/Factory/Essentials/i586/libstrigi0-debuginfo-0.7.8-9.7.i586.rpm
suse/Factory/Essentials/i586/libvlc5-2.1.5-214.11.i586.rpm
suse/Factory/Essentials/i586/libvlc5-debuginfo-2.1.5-214.11.i586.rpm
suse/Factory/Essentials/i586/libvlccore7-2.1.5-214.11.i586.rpm
suse/Factory/Essentials/i586/libvlccore7-debuginfo-2.1.5-214.11.i586.rpm
suse/Factory/Essentials/i586/libx264-142-0.142svn20140321-2.9.i586.rpm
suse/Factory/Essentials/i586/libx264-142-debuginfo-0.142svn20140321-2.9.i586.rpm
suse/Factory/Essentials/i586/libx264-debugsource-0.142svn20140321-2.9.i586.rpm
suse/Factory/Essentials/i586/libx264-devel-0.142svn20140321-2.9.i586.rpm
suse/Factory/Essentials/i586/mpv-0.4.2-1.1.i586.rpm
suse/Factory/Essentials/i586/mpv-debuginfo-0.4.2-1.1.i586.rpm
suse/Factory/Essentials/i586/opencv-2.4.9-5.32.i586.rpm
suse/Factory/Essentials/i586/opencv-debuginfo-2.4.9-5.32.i586.rpm
suse/Factory/Essentials/i586/opencv-debugsource-2.4.9-5.32.i586.rpm
suse/Factory/Essentials/i586/opencv-devel-2.4.9-5.32.i586.rpm
suse/Factory/Essentials/i586/opencv-doc-2.4.9-5.32.i586.rpm
suse/Factory/Essentials/i586/python-opencv-2.4.9-5.32.i586.rpm
suse/Factory/Essentials/i586/python-opencv-debuginfo-2.4.9-5.32.i586.rpm
suse/Factory/Essentials/i586/slv2-0.6.6-3.183.i586.rpm
suse/Factory/Essentials/i586/slv2-debuginfo-0.6.6-3.183.i586.rpm
suse/Factory/Essentials/i586/slv2-debugsource-0.6.6-3.183.i586.rpm
suse/Factory/Essentials/i586/slv2-devel-0.6.6-3.183.i586.rpm
suse/Factory/Essentials/i586/strigi-0.7.8-9.7.i586.rpm
suse/Factory/Essentials/i586/strigi-debuginfo-0.7.8-9.7.i586.rpm
suse/Factory/Essentials/i586/strigi-debugsource-0.7.8-9.7.i586.rpm
suse/Factory/Essentials/i586/strigi-devel-0.7.8-9.7.i586.rpm
suse/Factory/Essentials/i586/typelib-1_0-GstAllocators-1_0-1.4.0-2.3.i586.rpm
suse/Factory/Essentials/i586/typelib-1_0-GstApp-1_0-1.4.0-2.3.i586.rpm
suse/Factory/Essentials/i586/typelib-1_0-GstAudio-1_0-1.4.0-2.3.i586.rpm
suse/Factory/Essentials/i586/typelib-1_0-GstFft-1_0-1.4.0-2.3.i586.rpm
suse/Factory/Essentials/i586/typelib-1_0-GstPbutils-1_0-1.4.0-2.3.i586.rpm
suse/Factory/Essentials/i586/typelib-1_0-GstRiff-1_0-1.4.0-2.3.i586.rpm
suse/Factory/Essentials/i586/typelib-1_0-GstRtp-1_0-1.4.0-2.3.i586.rpm
suse/Factory/Essentials/i586/typelib-1_0-GstRtsp-1_0-1.4.0-2.3.i586.rpm
suse/Factory/Essentials/i586/typelib-1_0-GstSdp-1_0-1.4.0-2.3.i586.rpm
suse/Factory/Essentials/i586/typelib-1_0-GstTag-1_0-1.4.0-2.3.i586.rpm
suse/Factory/Essentials/i586/typelib-1_0-GstVideo-1_0-1.4.0-2.3.i586.rpm
suse/Factory/Essentials/i586/vlc-2.1.5-214.11.i586.rpm
suse/Factory/Essentials/i586/vlc-codecs-2.1.5-214.11.i586.rpm
suse/Factory/Essentials/i586/vlc-codecs-debuginfo-2.1.5-214.11.i586.rpm
suse/Factory/Essentials/i586/vlc-debuginfo-2.1.5-214.11.i586.rpm
suse/Factory/Essentials/i586/vlc-debugsource-2.1.5-214.11.i586.rpm
suse/Factory/Essentials/i586/vlc-devel-2.1.5-214.11.i586.rpm
suse/Factory/Essentials/i586/vlc-gnome-2.1.5-214.11.i586.rpm
suse/Factory/Essentials/i586/vlc-gnome-debuginfo-2.1.5-214.11.i586.rpm
suse/Factory/Essentials/i586/vlc-noX-2.1.5-214.11.i586.rpm
suse/Factory/Essentials/i586/vlc-noX-debuginfo-2.1.5-214.11.i586.rpm
suse/Factory/Essentials/i586/vlc-qt-2.1.5-214.11.i586.rpm
suse/Factory/Essentials/i586/vlc-qt-debuginfo-2.1.5-214.11.i586.rpm
suse/Factory/Essentials/noarch/
suse/Factory/Essentials/noarch/build-compare-2014.07.15-156.7.noarch.rpm
suse/Factory/Essentials/noarch/gstreamer-plugins-bad-lang-1.4.0-5.4.noarch.rpm
suse/Factory/Essentials/noarch/gstreamer-plugins-base-lang-1.4.0-2.3.noarch.rpm
suse/Factory/Essentials/noarch/vlc-noX-lang-2.1.5-214.11.noarch.rpm
suse/Factory/Essentials/repodata/
suse/Factory/Essentials/repodata/filelists.xml.gz
suse/Factory/Essentials/repodata/other.xml.gz
suse/Factory/Essentials/repodata/primary.xml.gz
suse/Factory/Essentials/repodata/repomd.xml
suse/Factory/Essentials/repodata/repomd.xml.asc
suse/Factory/Essentials/repodata/repomd.xml.key
suse/Factory/Essentials/src/
suse/Factory/Essentials/src/build-compare-2014.07.15-156.7.src.rpm
suse/Factory/Essentials/src/chromium-beta-37.0.2062.58-6.1.src.rpm
suse/Factory/Essentials/src/chromium-dev-38.0.2107.3-2.1.src.rpm
suse/Factory/Essentials/src/gstreamer-0_10-doc-0.10.36-18.117.src.rpm
suse/Factory/Essentials/src/gstreamer-0_10-plugins-buzztard-0.6.0-9.125.src.rpm
suse/Factory/Essentials/src/gstreamer-doc-1.4.0-2.4.src.rpm
suse/Factory/Essentials/src/gstreamer-plugins-bad-1.4.0-5.4.src.rpm
suse/Factory/Essentials/src/gstreamer-plugins-base-1.4.0-2.3.src.rpm
suse/Factory/Essentials/src/libx264-0.142svn20140321-2.9.src.rpm
suse/Factory/Essentials/src/mpv-0.4.2-1.1.src.rpm
suse/Factory/Essentials/src/opencv-2.4.9-5.32.src.rpm
suse/Factory/Essentials/src/slv2-0.6.6-3.183.src.rpm
suse/Factory/Essentials/src/strigi-0.7.8-9.7.src.rpm
suse/Factory/Essentials/src/vlc-2.1.5-214.11.src.rpm
suse/Factory/Essentials/x86_64/
suse/Factory/Essentials/x86_64/chromium-beta-debugsource-37.0.2062.58-6.1.x86_64.rpm
suse/Factory/Essentials/x86_64/chromium-beta-ffmpeg-37.0.2062.58-6.1.x86_64.rpm
suse/Factory/Essentials/x86_64/chromium-beta-ffmpeg-debuginfo-37.0.2062.58-6.1.x86_64.rpm
suse/Factory/Essentials/x86_64/chromium-dev-debugsource-38.0.2107.3-2.1.x86_64.rpm
suse/Factory/Essentials/x86_64/chromium-dev-ffmpeg-38.0.2107.3-2.1.x86_64.rpm
suse/Factory/Essentials/x86_64/chromium-dev-ffmpeg-debuginfo-38.0.2107.3-2.1.x86_64.rpm
suse/Factory/Essentials/x86_64/gstreamer-0_10-doc-0.10.36-18.117.x86_64.rpm
suse/Factory/Essentials/x86_64/gstreamer-0_10-plugins-buzztard-0.6.0-9.125.x86_64.rpm
suse/Factory/Essentials/x86_64/gstreamer-0_10-plugins-buzztard-32bit-0.6.0-9.125.x86_64.rpm
suse/Factory/Essentials/x86_64/gstreamer-0_10-plugins-buzztard-debuginfo-0.6.0-9.125.x86_64.rpm
suse/Factory/Essentials/x86_64/gstreamer-0_10-plugins-buzztard-debuginfo-32bit-0.6.0-9.125.x86_64.rpm
suse/Factory/Essentials/x86_64/gstreamer-0_10-plugins-buzztard-debugsource-0.6.0-9.125.x86_64.rpm
suse/Factory/Essentials/x86_64/gstreamer-doc-1.4.0-2.4.x86_64.rpm
suse/Factory/Essentials/x86_64/gstreamer-plugins-bad-1.4.0-5.4.x86_64.rpm
suse/Factory/Essentials/x86_64/gstreamer-plugins-bad-32bit-1.4.0-5.4.x86_64.rpm
suse/Factory/Essentials/x86_64/gstreamer-plugins-bad-debuginfo-1.4.0-5.4.x86_64.rpm
suse/Factory/Essentials/x86_64/gstreamer-plugins-bad-debuginfo-32bit-1.4.0-5.4.x86_64.rpm
suse/Factory/Essentials/x86_64/gstreamer-plugins-bad-debugsource-1.4.0-5.4.x86_64.rpm
suse/Factory/Essentials/x86_64/gstreamer-plugins-bad-devel-1.4.0-5.4.x86_64.rpm
suse/Factory/Essentials/x86_64/gstreamer-plugins-bad-doc-1.4.0-5.4.x86_64.rpm
suse/Factory/Essentials/x86_64/gstreamer-plugins-bad-orig-addon-1.4.0-5.4.x86_64.rpm
suse/Factory/Essentials/x86_64/gstreamer-plugins-bad-orig-addon-32bit-1.4.0-5.4.x86_64.rpm
suse/Factory/Essentials/x86_64/gstreamer-plugins-bad-orig-addon-debuginfo-1.4.0-5.4.x86_64.rpm
suse/Factory/Essentials/x86_64/gstreamer-plugins-bad-orig-addon-debuginfo-32bit-1.4.0-5.4.x86_64.rpm
suse/Factory/Essentials/x86_64/gstreamer-plugins-base-1.4.0-2.3.x86_64.rpm
suse/Factory/Essentials/x86_64/gstreamer-plugins-base-32bit-1.4.0-2.3.x86_64.rpm
suse/Factory/Essentials/x86_64/gstreamer-plugins-base-debuginfo-1.4.0-2.3.x86_64.rpm
suse/Factory/Essentials/x86_64/gstreamer-plugins-base-debuginfo-32bit-1.4.0-2.3.x86_64.rpm
suse/Factory/Essentials/x86_64/gstreamer-plugins-base-debugsource-1.4.0-2.3.x86_64.rpm
suse/Factory/Essentials/x86_64/gstreamer-plugins-base-devel-1.4.0-2.3.x86_64.rpm
suse/Factory/Essentials/x86_64/gstreamer-plugins-base-doc-1.4.0-2.3.x86_64.rpm
suse/Factory/Essentials/x86_64/libgstallocators-1_0-0-1.4.0-2.3.x86_64.rpm
suse/Factory/Essentials/x86_64/libgstallocators-1_0-0-32bit-1.4.0-2.3.x86_64.rpm
suse/Factory/Essentials/x86_64/libgstallocators-1_0-0-debuginfo-1.4.0-2.3.x86_64.rpm
suse/Factory/Essentials/x86_64/libgstallocators-1_0-0-debuginfo-32bit-1.4.0-2.3.x86_64.rpm
suse/Factory/Essentials/x86_64/libgstapp-1_0-0-1.4.0-2.3.x86_64.rpm
suse/Factory/Essentials/x86_64/libgstapp-1_0-0-32bit-1.4.0-2.3.x86_64.rpm
suse/Factory/Essentials/x86_64/libgstapp-1_0-0-debuginfo-1.4.0-2.3.x86_64.rpm
suse/Factory/Essentials/x86_64/libgstapp-1_0-0-debuginfo-32bit-1.4.0-2.3.x86_64.rpm
suse/Factory/Essentials/x86_64/libgstaudio-1_0-0-1.4.0-2.3.x86_64.rpm
suse/Factory/Essentials/x86_64/libgstaudio-1_0-0-32bit-1.4.0-2.3.x86_64.rpm
suse/Factory/Essentials/x86_64/libgstaudio-1_0-0-debuginfo-1.4.0-2.3.x86_64.rpm
suse/Factory/Essentials/x86_64/libgstaudio-1_0-0-debuginfo-32bit-1.4.0-2.3.x86_64.rpm
suse/Factory/Essentials/x86_64/libgstbadbase-1_0-0-1.4.0-5.4.x86_64.rpm
suse/Factory/Essentials/x86_64/libgstbadbase-1_0-0-debuginfo-1.4.0-5.4.x86_64.rpm
suse/Factory/Essentials/x86_64/libgstbadvideo-1_0-0-1.4.0-5.4.x86_64.rpm
suse/Factory/Essentials/x86_64/libgstbadvideo-1_0-0-debuginfo-1.4.0-5.4.x86_64.rpm
suse/Factory/Essentials/x86_64/libgstbasecamerabinsrc-1_0-0-1.4.0-5.4.x86_64.rpm
suse/Factory/Essentials/x86_64/libgstbasecamerabinsrc-1_0-0-32bit-1.4.0-5.4.x86_64.rpm
suse/Factory/Essentials/x86_64/libgstbasecamerabinsrc-1_0-0-debuginfo-1.4.0-5.4.x86_64.rpm
suse/Factory/Essentials/x86_64/libgstbasecamerabinsrc-1_0-0-debuginfo-32bit-1.4.0-5.4.x86_64.rpm
suse/Factory/Essentials/x86_64/libgstbuzztard-devel-0.6.0-9.125.x86_64.rpm
suse/Factory/Essentials/x86_64/libgstbuzztard0-0.6.0-9.125.x86_64.rpm
suse/Factory/Essentials/x86_64/libgstbuzztard0-32bit-0.6.0-9.125.x86_64.rpm
suse/Factory/Essentials/x86_64/libgstbuzztard0-debuginfo-0.6.0-9.125.x86_64.rpm
suse/Factory/Essentials/x86_64/libgstbuzztard0-debuginfo-32bit-0.6.0-9.125.x86_64.rpm
suse/Factory/Essentials/x86_64/libgstcodecparsers-1_0-0-1.4.0-5.4.x86_64.rpm
suse/Factory/Essentials/x86_64/libgstcodecparsers-1_0-0-32bit-1.4.0-5.4.x86_64.rpm
suse/Factory/Essentials/x86_64/libgstcodecparsers-1_0-0-debuginfo-1.4.0-5.4.x86_64.rpm
suse/Factory/Essentials/x86_64/libgstcodecparsers-1_0-0-debuginfo-32bit-1.4.0-5.4.x86_64.rpm
suse/Factory/Essentials/x86_64/libgstfft-1_0-0-1.4.0-2.3.x86_64.rpm
suse/Factory/Essentials/x86_64/libgstfft-1_0-0-32bit-1.4.0-2.3.x86_64.rpm
suse/Factory/Essentials/x86_64/libgstfft-1_0-0-debuginfo-1.4.0-2.3.x86_64.rpm
suse/Factory/Essentials/x86_64/libgstfft-1_0-0-debuginfo-32bit-1.4.0-2.3.x86_64.rpm
suse/Factory/Essentials/x86_64/libgstgl-1_0-0-1.4.0-5.4.x86_64.rpm
suse/Factory/Essentials/x86_64/libgstgl-1_0-0-debuginfo-1.4.0-5.4.x86_64.rpm
suse/Factory/Essentials/x86_64/libgstinsertbin-1_0-0-1.4.0-5.4.x86_64.rpm
suse/Factory/Essentials/x86_64/libgstinsertbin-1_0-0-32bit-1.4.0-5.4.x86_64.rpm
suse/Factory/Essentials/x86_64/libgstinsertbin-1_0-0-debuginfo-1.4.0-5.4.x86_64.rpm
suse/Factory/Essentials/x86_64/libgstinsertbin-1_0-0-debuginfo-32bit-1.4.0-5.4.x86_64.rpm
suse/Factory/Essentials/x86_64/libgstmpegts-1_0-0-1.4.0-5.4.x86_64.rpm
suse/Factory/Essentials/x86_64/libgstmpegts-1_0-0-32bit-1.4.0-5.4.x86_64.rpm
suse/Factory/Essentials/x86_64/libgstmpegts-1_0-0-debuginfo-1.4.0-5.4.x86_64.rpm
suse/Factory/Essentials/x86_64/libgstmpegts-1_0-0-debuginfo-32bit-1.4.0-5.4.x86_64.rpm
suse/Factory/Essentials/x86_64/libgstpbutils-1_0-0-1.4.0-2.3.x86_64.rpm
suse/Factory/Essentials/x86_64/libgstpbutils-1_0-0-32bit-1.4.0-2.3.x86_64.rpm
suse/Factory/Essentials/x86_64/libgstpbutils-1_0-0-debuginfo-1.4.0-2.3.x86_64.rpm
suse/Factory/Essentials/x86_64/libgstpbutils-1_0-0-debuginfo-32bit-1.4.0-2.3.x86_64.rpm
suse/Factory/Essentials/x86_64/libgstphotography-1_0-0-1.4.0-5.4.x86_64.rpm
suse/Factory/Essentials/x86_64/libgstphotography-1_0-0-32bit-1.4.0-5.4.x86_64.rpm
suse/Factory/Essentials/x86_64/libgstphotography-1_0-0-debuginfo-1.4.0-5.4.x86_64.rpm
suse/Factory/Essentials/x86_64/libgstphotography-1_0-0-debuginfo-32bit-1.4.0-5.4.x86_64.rpm
suse/Factory/Essentials/x86_64/libgstriff-1_0-0-1.4.0-2.3.x86_64.rpm
suse/Factory/Essentials/x86_64/libgstriff-1_0-0-32bit-1.4.0-2.3.x86_64.rpm
suse/Factory/Essentials/x86_64/libgstriff-1_0-0-debuginfo-1.4.0-2.3.x86_64.rpm
suse/Factory/Essentials/x86_64/libgstriff-1_0-0-debuginfo-32bit-1.4.0-2.3.x86_64.rpm
suse/Factory/Essentials/x86_64/libgstrtp-1_0-0-1.4.0-2.3.x86_64.rpm
suse/Factory/Essentials/x86_64/libgstrtp-1_0-0-32bit-1.4.0-2.3.x86_64.rpm
suse/Factory/Essentials/x86_64/libgstrtp-1_0-0-debuginfo-1.4.0-2.3.x86_64.rpm
suse/Factory/Essentials/x86_64/libgstrtp-1_0-0-debuginfo-32bit-1.4.0-2.3.x86_64.rpm
suse/Factory/Essentials/x86_64/libgstrtsp-1_0-0-1.4.0-2.3.x86_64.rpm
suse/Factory/Essentials/x86_64/libgstrtsp-1_0-0-32bit-1.4.0-2.3.x86_64.rpm
suse/Factory/Essentials/x86_64/libgstrtsp-1_0-0-debuginfo-1.4.0-2.3.x86_64.rpm
suse/Factory/Essentials/x86_64/libgstrtsp-1_0-0-debuginfo-32bit-1.4.0-2.3.x86_64.rpm
suse/Factory/Essentials/x86_64/libgstsdp-1_0-0-1.4.0-2.3.x86_64.rpm
suse/Factory/Essentials/x86_64/libgstsdp-1_0-0-32bit-1.4.0-2.3.x86_64.rpm
suse/Factory/Essentials/x86_64/libgstsdp-1_0-0-debuginfo-1.4.0-2.3.x86_64.rpm
suse/Factory/Essentials/x86_64/libgstsdp-1_0-0-debuginfo-32bit-1.4.0-2.3.x86_64.rpm
suse/Factory/Essentials/x86_64/libgsttag-1_0-0-1.4.0-2.3.x86_64.rpm
suse/Factory/Essentials/x86_64/libgsttag-1_0-0-32bit-1.4.0-2.3.x86_64.rpm
suse/Factory/Essentials/x86_64/libgsttag-1_0-0-debuginfo-1.4.0-2.3.x86_64.rpm
suse/Factory/Essentials/x86_64/libgsttag-1_0-0-debuginfo-32bit-1.4.0-2.3.x86_64.rpm
suse/Factory/Essentials/x86_64/libgsturidownloader-1_0-0-1.4.0-5.4.x86_64.rpm
suse/Factory/Essentials/x86_64/libgsturidownloader-1_0-0-32bit-1.4.0-5.4.x86_64.rpm
suse/Factory/Essentials/x86_64/libgsturidownloader-1_0-0-debuginfo-1.4.0-5.4.x86_64.rpm
suse/Factory/Essentials/x86_64/libgsturidownloader-1_0-0-debuginfo-32bit-1.4.0-5.4.x86_64.rpm
suse/Factory/Essentials/x86_64/libgstvideo-1_0-0-1.4.0-2.3.x86_64.rpm
suse/Factory/Essentials/x86_64/libgstvideo-1_0-0-32bit-1.4.0-2.3.x86_64.rpm
suse/Factory/Essentials/x86_64/libgstvideo-1_0-0-debuginfo-1.4.0-2.3.x86_64.rpm
suse/Factory/Essentials/x86_64/libgstvideo-1_0-0-debuginfo-32bit-1.4.0-2.3.x86_64.rpm
suse/Factory/Essentials/x86_64/libopencv2_4-2.4.9-5.32.x86_64.rpm
suse/Factory/Essentials/x86_64/libopencv2_4-debuginfo-2.4.9-5.32.x86_64.rpm
suse/Factory/Essentials/x86_64/libslv2-9-0.6.6-3.183.x86_64.rpm
suse/Factory/Essentials/x86_64/libslv2-9-32bit-0.6.6-3.183.x86_64.rpm
suse/Factory/Essentials/x86_64/libslv2-9-debuginfo-0.6.6-3.183.x86_64.rpm
suse/Factory/Essentials/x86_64/libslv2-9-debuginfo-32bit-0.6.6-3.183.x86_64.rpm
suse/Factory/Essentials/x86_64/libstreamanalyzer0-0.7.8-9.7.x86_64.rpm
suse/Factory/Essentials/x86_64/libstreamanalyzer0-debuginfo-0.7.8-9.7.x86_64.rpm
suse/Factory/Essentials/x86_64/libstrigi0-0.7.8-9.7.x86_64.rpm
suse/Factory/Essentials/x86_64/libstrigi0-32bit-0.7.8-9.7.x86_64.rpm
suse/Factory/Essentials/x86_64/libstrigi0-debuginfo-0.7.8-9.7.x86_64.rpm
suse/Factory/Essentials/x86_64/libstrigi0-debuginfo-32bit-0.7.8-9.7.x86_64.rpm
suse/Factory/Essentials/x86_64/libvlc5-2.1.5-214.11.x86_64.rpm
suse/Factory/Essentials/x86_64/libvlc5-debuginfo-2.1.5-214.11.x86_64.rpm
suse/Factory/Essentials/x86_64/libvlccore7-2.1.5-214.11.x86_64.rpm
suse/Factory/Essentials/x86_64/libvlccore7-debuginfo-2.1.5-214.11.x86_64.rpm
suse/Factory/Essentials/x86_64/libx264-142-0.142svn20140321-2.9.x86_64.rpm
suse/Factory/Essentials/x86_64/libx264-142-32bit-0.142svn20140321-2.9.x86_64.rpm
suse/Factory/Essentials/x86_64/libx264-142-debuginfo-0.142svn20140321-2.9.x86_64.rpm
suse/Factory/Essentials/x86_64/libx264-142-debuginfo-32bit-0.142svn20140321-2.9.x86_64.rpm
suse/Factory/Essentials/x86_64/libx264-debugsource-0.142svn20140321-2.9.x86_64.rpm
suse/Factory/Essentials/x86_64/libx264-devel-0.142svn20140321-2.9.x86_64.rpm
suse/Factory/Essentials/x86_64/mpv-0.4.2-1.1.x86_64.rpm
suse/Factory/Essentials/x86_64/mpv-debuginfo-0.4.2-1.1.x86_64.rpm
suse/Factory/Essentials/x86_64/opencv-2.4.9-5.32.x86_64.rpm
suse/Factory/Essentials/x86_64/opencv-debuginfo-2.4.9-5.32.x86_64.rpm
suse/Factory/Essentials/x86_64/opencv-debugsource-2.4.9-5.32.x86_64.rpm
suse/Factory/Essentials/x86_64/opencv-devel-2.4.9-5.32.x86_64.rpm
suse/Factory/Essentials/x86_64/opencv-doc-2.4.9-5.32.x86_64.rpm
suse/Factory/Essentials/x86_64/python-opencv-2.4.9-5.32.x86_64.rpm
suse/Factory/Essentials/x86_64/python-opencv-debuginfo-2.4.9-5.32.x86_64.rpm
suse/Factory/Essentials/x86_64/slv2-0.6.6-3.183.x86_64.rpm
suse/Factory/Essentials/x86_64/slv2-debuginfo-0.6.6-3.183.x86_64.rpm
suse/Factory/Essentials/x86_64/slv2-debuginfo-32bit-0.6.6-3.183.x86_64.rpm
suse/Factory/Essentials/x86_64/slv2-debugsource-0.6.6-3.183.x86_64.rpm
suse/Factory/Essentials/x86_64/slv2-devel-0.6.6-3.183.x86_64.rpm
suse/Factory/Essentials/x86_64/strigi-0.7.8-9.7.x86_64.rpm
suse/Factory/Essentials/x86_64/strigi-debuginfo-0.7.8-9.7.x86_64.rpm
suse/Factory/Essentials/x86_64/strigi-debugsource-0.7.8-9.7.x86_64.rpm
suse/Factory/Essentials/x86_64/strigi-devel-0.7.8-9.7.x86_64.rpm
suse/Factory/Essentials/x86_64/typelib-1_0-GstAllocators-1_0-1.4.0-2.3.x86_64.rpm
suse/Factory/Essentials/x86_64/typelib-1_0-GstApp-1_0-1.4.0-2.3.x86_64.rpm
suse/Factory/Essentials/x86_64/typelib-1_0-GstAudio-1_0-1.4.0-2.3.x86_64.rpm
suse/Factory/Essentials/x86_64/typelib-1_0-GstFft-1_0-1.4.0-2.3.x86_64.rpm
suse/Factory/Essentials/x86_64/typelib-1_0-GstPbutils-1_0-1.4.0-2.3.x86_64.rpm
suse/Factory/Essentials/x86_64/typelib-1_0-GstRiff-1_0-1.4.0-2.3.x86_64.rpm
suse/Factory/Essentials/x86_64/typelib-1_0-GstRtp-1_0-1.4.0-2.3.x86_64.rpm
suse/Factory/Essentials/x86_64/typelib-1_0-GstRtsp-1_0-1.4.0-2.3.x86_64.rpm
suse/Factory/Essentials/x86_64/typelib-1_0-GstSdp-1_0-1.4.0-2.3.x86_64.rpm
suse/Factory/Essentials/x86_64/typelib-1_0-GstTag-1_0-1.4.0-2.3.x86_64.rpm
suse/Factory/Essentials/x86_64/typelib-1_0-GstVideo-1_0-1.4.0-2.3.x86_64.rpm
suse/Factory/Essentials/x86_64/vlc-2.1.5-214.11.x86_64.rpm
suse/Factory/Essentials/x86_64/vlc-codecs-2.1.5-214.11.x86_64.rpm
suse/Factory/Essentials/x86_64/vlc-codecs-debuginfo-2.1.5-214.11.x86_64.rpm
suse/Factory/Essentials/x86_64/vlc-debuginfo-2.1.5-214.11.x86_64.rpm
suse/Factory/Essentials/x86_64/vlc-debugsource-2.1.5-214.11.x86_64.rpm
suse/Factory/Essentials/x86_64/vlc-devel-2.1.5-214.11.x86_64.rpm
suse/Factory/Essentials/x86_64/vlc-gnome-2.1.5-214.11.x86_64.rpm
suse/Factory/Essentials/x86_64/vlc-gnome-debuginfo-2.1.5-214.11.x86_64.rpm
suse/Factory/Essentials/x86_64/vlc-noX-2.1.5-214.11.x86_64.rpm
suse/Factory/Essentials/x86_64/vlc-noX-debuginfo-2.1.5-214.11.x86_64.rpm
suse/Factory/Essentials/x86_64/vlc-qt-2.1.5-214.11.x86_64.rpm
suse/Factory/Essentials/x86_64/vlc-qt-debuginfo-2.1.5-214.11.x86_64.rpm
suse/Factory/Extra/
suse/Factory/Extra/i586/
suse/Factory/Extra/i586/Coin-debugsource-3.1.3-7.5.i586.rpm
suse/Factory/Extra/i586/Coin-devel-3.1.3-7.5.i586.rpm
suse/Factory/Extra/i586/FreeCAD-0.15.99+git20140802.1626-1.3.i586.rpm
suse/Factory/Extra/i586/FreeCAD-debuginfo-0.15.99+git20140802.1626-1.3.i586.rpm
suse/Factory/Extra/i586/FreeCAD-debugsource-0.15.99+git20140802.1626-1.3.i586.rpm
suse/Factory/Extra/i586/MLDonkey-3.1.5-1.6.i586.rpm
suse/Factory/Extra/i586/MLDonkey-debuginfo-3.1.5-1.6.i586.rpm
suse/Factory/Extra/i586/MLDonkey-debugsource-3.1.5-1.6.i586.rpm
suse/Factory/Extra/i586/MLDonkey-gui-3.1.5-1.6.i586.rpm
suse/Factory/Extra/i586/MLDonkey-gui-debuginfo-3.1.5-1.6.i586.rpm
suse/Factory/Extra/i586/SoQt-debugsource-1.5.0-5.6.i586.rpm
suse/Factory/Extra/i586/SoQt-devel-1.5.0-5.6.i586.rpm
suse/Factory/Extra/i586/SoQt-doc-1.5.0-5.6.i586.rpm
suse/Factory/Extra/i586/compal-laptop-kmp-default-0.2.10_k3.16.0_rc7_2-1.6.i586.rpm
suse/Factory/Extra/i586/compal-laptop-kmp-desktop-0.2.10_k3.16.0_rc7_2-1.6.i586.rpm
suse/Factory/Extra/i586/compal-laptop-kmp-pae-0.2.10_k3.16.0_rc7_2-1.6.i586.rpm
suse/Factory/Extra/i586/compal-laptop-kmp-xen-0.2.10_k3.16.0_rc7_2-1.6.i586.rpm
suse/Factory/Extra/i586/glaurung22-2.2-1.5.i586.rpm
suse/Factory/Extra/i586/glaurung22-debuginfo-2.2-1.5.i586.rpm
suse/Factory/Extra/i586/glaurung22-debugsource-2.2-1.5.i586.rpm
suse/Factory/Extra/i586/gtk-gnutella-0.98.2-1.6.i586.rpm
suse/Factory/Extra/i586/gtk-gnutella-debuginfo-0.98.2-1.6.i586.rpm
suse/Factory/Extra/i586/gtk-gnutella-debugsource-0.98.2-1.6.i586.rpm
suse/Factory/Extra/i586/hdf-4.2r3-1.5.i586.rpm
suse/Factory/Extra/i586/hdf-debuginfo-4.2r3-1.5.i586.rpm
suse/Factory/Extra/i586/hdf-debugsource-4.2r3-1.5.i586.rpm
suse/Factory/Extra/i586/hdf-devel-4.2r3-1.5.i586.rpm
suse/Factory/Extra/i586/libCoin60-3.1.3-7.5.i586.rpm
suse/Factory/Extra/i586/libCoin60-debuginfo-3.1.3-7.5.i586.rpm
suse/Factory/Extra/i586/libSoQt20-1.5.0-5.6.i586.rpm
suse/Factory/Extra/i586/libSoQt20-debuginfo-1.5.0-5.6.i586.rpm
suse/Factory/Extra/i586/libtntnet-devel-2.2.1-1.5.i586.rpm
suse/Factory/Extra/i586/libtntnet12-2.2.1-1.5.i586.rpm
suse/Factory/Extra/i586/libtntnet12-debuginfo-2.2.1-1.5.i586.rpm
suse/Factory/Extra/i586/libxmlrpc++8-1.33.06-2.6.i586.rpm
suse/Factory/Extra/i586/libxmlrpc++8-debuginfo-1.33.06-2.6.i586.rpm
suse/Factory/Extra/i586/libxmlrpc3-1.33.06-2.6.i586.rpm
suse/Factory/Extra/i586/libxmlrpc3-debuginfo-1.33.06-2.6.i586.rpm
suse/Factory/Extra/i586/libxmlrpc_abyss3-1.33.06-2.6.i586.rpm
suse/Factory/Extra/i586/libxmlrpc_abyss3-debuginfo-1.33.06-2.6.i586.rpm
suse/Factory/Extra/i586/libxmlrpc_client++8-1.33.06-2.6.i586.rpm
suse/Factory/Extra/i586/libxmlrpc_client++8-debuginfo-1.33.06-2.6.i586.rpm
suse/Factory/Extra/i586/libxmlrpc_client3-1.33.06-2.6.i586.rpm
suse/Factory/Extra/i586/libxmlrpc_client3-debuginfo-1.33.06-2.6.i586.rpm
suse/Factory/Extra/i586/libxmlrpc_cpp8-1.33.06-2.6.i586.rpm
suse/Factory/Extra/i586/libxmlrpc_cpp8-debuginfo-1.33.06-2.6.i586.rpm
suse/Factory/Extra/i586/libxmlrpc_packetsocket8-1.33.06-2.6.i586.rpm
suse/Factory/Extra/i586/libxmlrpc_packetsocket8-debuginfo-1.33.06-2.6.i586.rpm
suse/Factory/Extra/i586/libxmlrpc_server++8-1.33.06-2.6.i586.rpm
suse/Factory/Extra/i586/libxmlrpc_server++8-debuginfo-1.33.06-2.6.i586.rpm
suse/Factory/Extra/i586/libxmlrpc_server3-1.33.06-2.6.i586.rpm
suse/Factory/Extra/i586/libxmlrpc_server3-debuginfo-1.33.06-2.6.i586.rpm
suse/Factory/Extra/i586/libxmlrpc_server_abyss++8-1.33.06-2.6.i586.rpm
suse/Factory/Extra/i586/libxmlrpc_server_abyss++8-debuginfo-1.33.06-2.6.i586.rpm
suse/Factory/Extra/i586/libxmlrpc_server_abyss3-1.33.06-2.6.i586.rpm
suse/Factory/Extra/i586/libxmlrpc_server_abyss3-debuginfo-1.33.06-2.6.i586.rpm
suse/Factory/Extra/i586/libxmlrpc_server_cgi++8-1.33.06-2.6.i586.rpm
suse/Factory/Extra/i586/libxmlrpc_server_cgi++8-debuginfo-1.33.06-2.6.i586.rpm
suse/Factory/Extra/i586/libxmlrpc_server_cgi3-1.33.06-2.6.i586.rpm
suse/Factory/Extra/i586/libxmlrpc_server_cgi3-debuginfo-1.33.06-2.6.i586.rpm
suse/Factory/Extra/i586/libxmlrpc_server_pstream++8-1.33.06-2.6.i586.rpm
suse/Factory/Extra/i586/libxmlrpc_server_pstream++8-debuginfo-1.33.06-2.6.i586.rpm
suse/Factory/Extra/i586/libxmlrpc_util3-1.33.06-2.6.i586.rpm
suse/Factory/Extra/i586/libxmlrpc_util3-debuginfo-1.33.06-2.6.i586.rpm
suse/Factory/Extra/i586/oce-0.15.99+git20140721.2013-1.4.i586.rpm
suse/Factory/Extra/i586/oce-DRAWEXE-0.15.99+git20140721.2013-1.4.i586.rpm
suse/Factory/Extra/i586/oce-DRAWEXE-debuginfo-0.15.99+git20140721.2013-1.4.i586.rpm
suse/Factory/Extra/i586/oce-debuginfo-0.15.99+git20140721.2013-1.4.i586.rpm
suse/Factory/Extra/i586/oce-debugsource-0.15.99+git20140721.2013-1.4.i586.rpm
suse/Factory/Extra/i586/oce-devel-0.15.99+git20140721.2013-1.4.i586.rpm
suse/Factory/Extra/i586/pgn-extract-16.7-1.5.i586.rpm
suse/Factory/Extra/i586/pgn-extract-debuginfo-16.7-1.5.i586.rpm
suse/Factory/Extra/i586/pgn-extract-debugsource-16.7-1.5.i586.rpm
suse/Factory/Extra/i586/pydb-1.26-2.6.i586.rpm
suse/Factory/Extra/i586/tntnet-2.2.1-1.5.i586.rpm
suse/Factory/Extra/i586/tntnet-debuginfo-2.2.1-1.5.i586.rpm
suse/Factory/Extra/i586/tntnet-debugsource-2.2.1-1.5.i586.rpm
suse/Factory/Extra/i586/topal-72-2.5.i586.rpm
suse/Factory/Extra/i586/uae-0.8.29-6.6.i586.rpm
suse/Factory/Extra/i586/uae-debuginfo-0.8.29-6.6.i586.rpm
suse/Factory/Extra/i586/uae-debugsource-0.8.29-6.6.i586.rpm
suse/Factory/Extra/i586/wineasio-0.9.2-3.1.i586.rpm
suse/Factory/Extra/i586/wineasio-debuginfo-0.9.2-3.1.i586.rpm
suse/Factory/Extra/i586/wineasio-debugsource-0.9.2-3.1.i586.rpm
suse/Factory/Extra/i586/x264_tMod-0.142git20140421-1.6.i586.rpm
suse/Factory/Extra/i586/x264_tMod-debuginfo-0.142git20140421-1.6.i586.rpm
suse/Factory/Extra/i586/x264_tMod-debugsource-0.142git20140421-1.6.i586.rpm
suse/Factory/Extra/i586/xmlrpc-c-1.33.06-2.6.i586.rpm
suse/Factory/Extra/i586/xmlrpc-c-debugsource-1.33.06-2.6.i586.rpm
suse/Factory/Extra/i586/xmlrpc-c-devel-1.33.06-2.6.i586.rpm
suse/Factory/Extra/i586/xpra-0.9.4-1.6.i586.rpm
suse/Factory/Extra/i586/xpra-debuginfo-0.9.4-1.6.i586.rpm
suse/Factory/Extra/i586/xpra-debugsource-0.9.4-1.6.i586.rpm
suse/Factory/Extra/noarch/
suse/Factory/Extra/noarch/Q7Z-0.8.0-1.11.noarch.rpm
suse/Factory/Extra/noarch/compal-laptop-doc-0.2.10-1.6.noarch.rpm
suse/Factory/Extra/noarch/deluge-1.3.6-1.5.noarch.rpm
suse/Factory/Extra/noarch/kde4-Q7Z-0.8.0-1.11.noarch.rpm
suse/Factory/Extra/noarch/python-scapy-2.2.0-1.6.noarch.rpm
suse/Factory/Extra/noarch/zbuild-1.6-1.5.noarch.rpm
suse/Factory/Extra/repodata/
suse/Factory/Extra/repodata/filelists.xml.gz
suse/Factory/Extra/repodata/other.xml.gz
suse/Factory/Extra/repodata/primary.xml.gz
suse/Factory/Extra/repodata/repomd.xml
suse/Factory/Extra/repodata/repomd.xml.asc
suse/Factory/Extra/repodata/repomd.xml.key
suse/Factory/Extra/src/
suse/Factory/Extra/src/Coin-3.1.3-7.5.src.rpm
suse/Factory/Extra/src/FreeCAD-0.15.99+git20140802.1626-1.3.src.rpm
suse/Factory/Extra/src/MLDonkey-3.1.5-1.6.src.rpm
suse/Factory/Extra/src/Q7Z-0.8.0-1.11.src.rpm
suse/Factory/Extra/src/SoQt-1.5.0-5.6.src.rpm
suse/Factory/Extra/src/compal-laptop-0.2.10-1.6.src.rpm
suse/Factory/Extra/src/deluge-1.3.6-1.5.src.rpm
suse/Factory/Extra/src/glaurung22-2.2-1.5.src.rpm
suse/Factory/Extra/src/gtk-gnutella-0.98.2-1.6.src.rpm
suse/Factory/Extra/src/hdf-4.2r3-1.5.src.rpm
suse/Factory/Extra/src/oce-0.15.99+git20140721.2013-1.4.src.rpm
suse/Factory/Extra/src/pgn-extract-16.7-1.5.src.rpm
suse/Factory/Extra/src/pydb-1.26-2.6.src.rpm
suse/Factory/Extra/src/python-scapy-2.2.0-1.6.src.rpm
suse/Factory/Extra/src/tntnet-2.2.1-1.5.src.rpm
suse/Factory/Extra/src/topal-72-2.5.src.rpm
suse/Factory/Extra/src/uae-0.8.29-6.6.src.rpm
suse/Factory/Extra/src/wineasio-0.9.2-3.1.src.rpm
suse/Factory/Extra/src/x264_tMod-0.142git20140421-1.6.src.rpm
suse/Factory/Extra/src/xmlrpc-c-1.33.06-2.6.src.rpm
suse/Factory/Extra/src/xpra-0.9.4-1.6.src.rpm
suse/Factory/Extra/src/zbuild-1.6-1.5.src.rpm
suse/Factory/Extra/x86_64/
suse/Factory/Extra/x86_64/Coin-debugsource-3.1.3-7.5.x86_64.rpm
suse/Factory/Extra/x86_64/Coin-devel-3.1.3-7.5.x86_64.rpm
suse/Factory/Extra/x86_64/FreeCAD-0.15.99+git20140802.1626-1.3.x86_64.rpm
suse/Factory/Extra/x86_64/FreeCAD-debuginfo-0.15.99+git20140802.1626-1.3.x86_64.rpm
suse/Factory/Extra/x86_64/FreeCAD-debugsource-0.15.99+git20140802.1626-1.3.x86_64.rpm
suse/Factory/Extra/x86_64/MLDonkey-3.1.5-1.6.x86_64.rpm
suse/Factory/Extra/x86_64/MLDonkey-debuginfo-3.1.5-1.6.x86_64.rpm
suse/Factory/Extra/x86_64/MLDonkey-debugsource-3.1.5-1.6.x86_64.rpm
suse/Factory/Extra/x86_64/MLDonkey-gui-3.1.5-1.6.x86_64.rpm
suse/Factory/Extra/x86_64/MLDonkey-gui-debuginfo-3.1.5-1.6.x86_64.rpm
suse/Factory/Extra/x86_64/SoQt-debugsource-1.5.0-5.6.x86_64.rpm
suse/Factory/Extra/x86_64/SoQt-devel-1.5.0-5.6.x86_64.rpm
suse/Factory/Extra/x86_64/SoQt-doc-1.5.0-5.6.x86_64.rpm
suse/Factory/Extra/x86_64/compal-laptop-kmp-default-0.2.10_k3.16.0_rc7_2-1.6.x86_64.rpm
suse/Factory/Extra/x86_64/compal-laptop-kmp-desktop-0.2.10_k3.16.0_rc7_2-1.6.x86_64.rpm
suse/Factory/Extra/x86_64/compal-laptop-kmp-xen-0.2.10_k3.16.0_rc7_2-1.6.x86_64.rpm
suse/Factory/Extra/x86_64/glaurung22-2.2-1.5.x86_64.rpm
suse/Factory/Extra/x86_64/glaurung22-debuginfo-2.2-1.5.x86_64.rpm
suse/Factory/Extra/x86_64/glaurung22-debugsource-2.2-1.5.x86_64.rpm
suse/Factory/Extra/x86_64/gtk-gnutella-0.98.2-1.6.x86_64.rpm
suse/Factory/Extra/x86_64/gtk-gnutella-debuginfo-0.98.2-1.6.x86_64.rpm
suse/Factory/Extra/x86_64/gtk-gnutella-debugsource-0.98.2-1.6.x86_64.rpm
suse/Factory/Extra/x86_64/hdf-4.2r3-1.5.x86_64.rpm
suse/Factory/Extra/x86_64/hdf-debuginfo-4.2r3-1.5.x86_64.rpm
suse/Factory/Extra/x86_64/hdf-debugsource-4.2r3-1.5.x86_64.rpm
suse/Factory/Extra/x86_64/hdf-devel-4.2r3-1.5.x86_64.rpm
suse/Factory/Extra/x86_64/libCoin60-3.1.3-7.5.x86_64.rpm
suse/Factory/Extra/x86_64/libCoin60-debuginfo-3.1.3-7.5.x86_64.rpm
suse/Factory/Extra/x86_64/libSoQt20-1.5.0-5.6.x86_64.rpm
suse/Factory/Extra/x86_64/libSoQt20-debuginfo-1.5.0-5.6.x86_64.rpm
suse/Factory/Extra/x86_64/libtntnet-devel-2.2.1-1.5.x86_64.rpm
suse/Factory/Extra/x86_64/libtntnet12-2.2.1-1.5.x86_64.rpm
suse/Factory/Extra/x86_64/libtntnet12-debuginfo-2.2.1-1.5.x86_64.rpm
suse/Factory/Extra/x86_64/libxmlrpc++8-1.33.06-2.6.x86_64.rpm
suse/Factory/Extra/x86_64/libxmlrpc++8-debuginfo-1.33.06-2.6.x86_64.rpm
suse/Factory/Extra/x86_64/libxmlrpc3-1.33.06-2.6.x86_64.rpm
suse/Factory/Extra/x86_64/libxmlrpc3-debuginfo-1.33.06-2.6.x86_64.rpm
suse/Factory/Extra/x86_64/libxmlrpc_abyss3-1.33.06-2.6.x86_64.rpm
suse/Factory/Extra/x86_64/libxmlrpc_abyss3-debuginfo-1.33.06-2.6.x86_64.rpm
suse/Factory/Extra/x86_64/libxmlrpc_client++8-1.33.06-2.6.x86_64.rpm
suse/Factory/Extra/x86_64/libxmlrpc_client++8-debuginfo-1.33.06-2.6.x86_64.rpm
suse/Factory/Extra/x86_64/libxmlrpc_client3-1.33.06-2.6.x86_64.rpm
suse/Factory/Extra/x86_64/libxmlrpc_client3-debuginfo-1.33.06-2.6.x86_64.rpm
suse/Factory/Extra/x86_64/libxmlrpc_cpp8-1.33.06-2.6.x86_64.rpm
suse/Factory/Extra/x86_64/libxmlrpc_cpp8-debuginfo-1.33.06-2.6.x86_64.rpm
suse/Factory/Extra/x86_64/libxmlrpc_packetsocket8-1.33.06-2.6.x86_64.rpm
suse/Factory/Extra/x86_64/libxmlrpc_packetsocket8-debuginfo-1.33.06-2.6.x86_64.rpm
suse/Factory/Extra/x86_64/libxmlrpc_server++8-1.33.06-2.6.x86_64.rpm
suse/Factory/Extra/x86_64/libxmlrpc_server++8-debuginfo-1.33.06-2.6.x86_64.rpm
suse/Factory/Extra/x86_64/libxmlrpc_server3-1.33.06-2.6.x86_64.rpm
suse/Factory/Extra/x86_64/libxmlrpc_server3-debuginfo-1.33.06-2.6.x86_64.rpm
suse/Factory/Extra/x86_64/libxmlrpc_server_abyss++8-1.33.06-2.6.x86_64.rpm
suse/Factory/Extra/x86_64/libxmlrpc_server_abyss++8-debuginfo-1.33.06-2.6.x86_64.rpm
suse/Factory/Extra/x86_64/libxmlrpc_server_abyss3-1.33.06-2.6.x86_64.rpm
suse/Factory/Extra/x86_64/libxmlrpc_server_abyss3-debuginfo-1.33.06-2.6.x86_64.rpm
suse/Factory/Extra/x86_64/libxmlrpc_server_cgi++8-1.33.06-2.6.x86_64.rpm
suse/Factory/Extra/x86_64/libxmlrpc_server_cgi++8-debuginfo-1.33.06-2.6.x86_64.rpm
suse/Factory/Extra/x86_64/libxmlrpc_server_cgi3-1.33.06-2.6.x86_64.rpm
suse/Factory/Extra/x86_64/libxmlrpc_server_cgi3-debuginfo-1.33.06-2.6.x86_64.rpm
suse/Factory/Extra/x86_64/libxmlrpc_server_pstream++8-1.33.06-2.6.x86_64.rpm
suse/Factory/Extra/x86_64/libxmlrpc_server_pstream++8-debuginfo-1.33.06-2.6.x86_64.rpm
suse/Factory/Extra/x86_64/libxmlrpc_util3-1.33.06-2.6.x86_64.rpm
suse/Factory/Extra/x86_64/libxmlrpc_util3-debuginfo-1.33.06-2.6.x86_64.rpm
suse/Factory/Extra/x86_64/oce-0.15.99+git20140721.2013-1.4.x86_64.rpm
suse/Factory/Extra/x86_64/oce-DRAWEXE-0.15.99+git20140721.2013-1.4.x86_64.rpm
suse/Factory/Extra/x86_64/oce-DRAWEXE-debuginfo-0.15.99+git20140721.2013-1.4.x86_64.rpm
suse/Factory/Extra/x86_64/oce-debuginfo-0.15.99+git20140721.2013-1.4.x86_64.rpm
suse/Factory/Extra/x86_64/oce-debugsource-0.15.99+git20140721.2013-1.4.x86_64.rpm
suse/Factory/Extra/x86_64/oce-devel-0.15.99+git20140721.2013-1.4.x86_64.rpm
suse/Factory/Extra/x86_64/pgn-extract-16.7-1.5.x86_64.rpm
suse/Factory/Extra/x86_64/pgn-extract-debuginfo-16.7-1.5.x86_64.rpm
suse/Factory/Extra/x86_64/pgn-extract-debugsource-16.7-1.5.x86_64.rpm
suse/Factory/Extra/x86_64/pydb-1.26-2.6.x86_64.rpm
suse/Factory/Extra/x86_64/tntnet-2.2.1-1.5.x86_64.rpm
suse/Factory/Extra/x86_64/tntnet-debuginfo-2.2.1-1.5.x86_64.rpm
suse/Factory/Extra/x86_64/tntnet-debugsource-2.2.1-1.5.x86_64.rpm
suse/Factory/Extra/x86_64/topal-72-2.5.x86_64.rpm
suse/Factory/Extra/x86_64/uae-0.8.29-6.6.x86_64.rpm
suse/Factory/Extra/x86_64/uae-debuginfo-0.8.29-6.6.x86_64.rpm
suse/Factory/Extra/x86_64/uae-debugsource-0.8.29-6.6.x86_64.rpm
suse/Factory/Extra/x86_64/wineasio-0.9.2-3.1.x86_64.rpm
suse/Factory/Extra/x86_64/wineasio-32bit-0.9.2-3.1.x86_64.rpm
suse/Factory/Extra/x86_64/wineasio-debuginfo-0.9.2-3.1.x86_64.rpm
suse/Factory/Extra/x86_64/wineasio-debuginfo-32bit-0.9.2-3.1.x86_64.rpm
suse/Factory/Extra/x86_64/wineasio-debugsource-0.9.2-3.1.x86_64.rpm
suse/Factory/Extra/x86_64/x264_tMod-0.142git20140421-1.6.x86_64.rpm
suse/Factory/Extra/x86_64/x264_tMod-debuginfo-0.142git20140421-1.6.x86_64.rpm
suse/Factory/Extra/x86_64/x264_tMod-debugsource-0.142git20140421-1.6.x86_64.rpm
suse/Factory/Extra/x86_64/xmlrpc-c-1.33.06-2.6.x86_64.rpm
suse/Factory/Extra/x86_64/xmlrpc-c-debugsource-1.33.06-2.6.x86_64.rpm
suse/Factory/Extra/x86_64/xmlrpc-c-devel-1.33.06-2.6.x86_64.rpm
suse/Factory/Extra/x86_64/xpra-0.9.4-1.6.x86_64.rpm
suse/Factory/Extra/x86_64/xpra-debuginfo-0.9.4-1.6.x86_64.rpm
suse/Factory/Extra/x86_64/xpra-debugsource-0.9.4-1.6.x86_64.rpm
suse/Factory/Multimedia/
suse/Factory/Multimedia/i586/
suse/Factory/Multimedia/i586/DVDStyler-2.7.2-1.31.i586.rpm
suse/Factory/Multimedia/i586/DVDStyler-debuginfo-2.7.2-1.31.i586.rpm
suse/Factory/Multimedia/i586/DVDStyler-debugsource-2.7.2-1.31.i586.rpm
suse/Factory/Multimedia/i586/aegisub-3.1.3-28.20.i586.rpm
suse/Factory/Multimedia/i586/aegisub-debuginfo-3.1.3-28.20.i586.rpm
suse/Factory/Multimedia/i586/aegisub-debugsource-3.1.3-28.20.i586.rpm
suse/Factory/Multimedia/i586/avidemux3-2.6.8-2.9.i586.rpm
suse/Factory/Multimedia/i586/avidemux3-cli-2.6.8-2.9.i586.rpm
suse/Factory/Multimedia/i586/avidemux3-cli-debuginfo-2.6.8-2.9.i586.rpm
suse/Factory/Multimedia/i586/avidemux3-debuginfo-2.6.8-2.9.i586.rpm
suse/Factory/Multimedia/i586/avidemux3-debugsource-2.6.8-2.9.i586.rpm
suse/Factory/Multimedia/i586/avidemux3-gtk-2.6.8-2.9.i586.rpm
suse/Factory/Multimedia/i586/avidemux3-gtk-debuginfo-2.6.8-2.9.i586.rpm
suse/Factory/Multimedia/i586/avidemux3-qt4-2.6.8-2.9.i586.rpm
suse/Factory/Multimedia/i586/avidemux3-qt4-debuginfo-2.6.8-2.9.i586.rpm
suse/Factory/Multimedia/i586/cinelerra-2.2git.2013.09.09-1.86.i586.rpm
suse/Factory/Multimedia/i586/cinelerra-debuginfo-2.2git.2013.09.09-1.86.i586.rpm
suse/Factory/Multimedia/i586/cinelerra-debugsource-2.2git.2013.09.09-1.86.i586.rpm
suse/Factory/Multimedia/i586/cinelerra-devel-2.2git.2013.09.09-1.86.i586.rpm
suse/Factory/Multimedia/i586/cunit-debugsource-2.1.3-3.1.i586.rpm
suse/Factory/Multimedia/i586/cunit-devel-2.1.3-3.1.i586.rpm
suse/Factory/Multimedia/i586/cunit-devel-debuginfo-2.1.3-3.1.i586.rpm
suse/Factory/Multimedia/i586/cunit-doc-2.1.3-3.1.i586.rpm
suse/Factory/Multimedia/i586/darktable-1.4.2-1.36.i586.rpm
suse/Factory/Multimedia/i586/darktable-debuginfo-1.4.2-1.36.i586.rpm
suse/Factory/Multimedia/i586/darktable-debugsource-1.4.2-1.36.i586.rpm
suse/Factory/Multimedia/i586/darktable-doc-1.4.2-1.36.i586.rpm
suse/Factory/Multimedia/i586/dssi-linuxsampler-1.0.0+r2342-5.103.i586.rpm
suse/Factory/Multimedia/i586/dssi-linuxsampler-debuginfo-1.0.0+r2342-5.103.i586.rpm
suse/Factory/Multimedia/i586/easytag-2.2.3-1.4.i586.rpm
suse/Factory/Multimedia/i586/easytag-debuginfo-2.2.3-1.4.i586.rpm
suse/Factory/Multimedia/i586/easytag-debugsource-2.2.3-1.4.i586.rpm
suse/Factory/Multimedia/i586/flacon-1.0.0-1.2.i586.rpm
suse/Factory/Multimedia/i586/flacon-debuginfo-1.0.0-1.2.i586.rpm
suse/Factory/Multimedia/i586/flacon-debugsource-1.0.0-1.2.i586.rpm
suse/Factory/Multimedia/i586/fpc-2.6.2-2.62.i586.rpm
suse/Factory/Multimedia/i586/fpc-debuginfo-2.6.2-2.62.i586.rpm
suse/Factory/Multimedia/i586/fpc-doc-2.6.2-2.62.i586.rpm
suse/Factory/Multimedia/i586/fpc-src-2.6.2-2.62.i586.rpm
suse/Factory/Multimedia/i586/gmerlin-1.2.0-2.41.i586.rpm
suse/Factory/Multimedia/i586/gmerlin-alsamixer-1.2.0-2.41.i586.rpm
suse/Factory/Multimedia/i586/gmerlin-alsamixer-debuginfo-1.2.0-2.41.i586.rpm
suse/Factory/Multimedia/i586/gmerlin-avdecoder-1.2.0-1.18.i586.rpm
suse/Factory/Multimedia/i586/gmerlin-avdecoder-debuginfo-1.2.0-1.18.i586.rpm
suse/Factory/Multimedia/i586/gmerlin-avdecoder-debugsource-1.2.0-1.18.i586.rpm
suse/Factory/Multimedia/i586/gmerlin-avdecoder-plugins-1.2.0-1.18.i586.rpm
suse/Factory/Multimedia/i586/gmerlin-avdecoder-plugins-debuginfo-1.2.0-1.18.i586.rpm
suse/Factory/Multimedia/i586/gmerlin-debuginfo-1.2.0-2.41.i586.rpm
suse/Factory/Multimedia/i586/gmerlin-debugsource-1.2.0-2.41.i586.rpm
suse/Factory/Multimedia/i586/gmerlin-jack-1.2.0-2.41.i586.rpm
suse/Factory/Multimedia/i586/gmerlin-jack-debuginfo-1.2.0-2.41.i586.rpm
suse/Factory/Multimedia/i586/gmerlin-kbd-1.2.0-2.41.i586.rpm
suse/Factory/Multimedia/i586/gmerlin-kbd-debuginfo-1.2.0-2.41.i586.rpm
suse/Factory/Multimedia/i586/gmerlin-player-1.2.0-2.41.i586.rpm
suse/Factory/Multimedia/i586/gmerlin-player-debuginfo-1.2.0-2.41.i586.rpm
suse/Factory/Multimedia/i586/gmerlin-recorder-1.2.0-2.41.i586.rpm
suse/Factory/Multimedia/i586/gmerlin-recorder-debuginfo-1.2.0-2.41.i586.rpm
suse/Factory/Multimedia/i586/gmerlin-transcoder-1.2.0-2.41.i586.rpm
suse/Factory/Multimedia/i586/gmerlin-transcoder-debuginfo-1.2.0-2.41.i586.rpm
suse/Factory/Multimedia/i586/gmerlin-utils-1.2.0-2.41.i586.rpm
suse/Factory/Multimedia/i586/gmerlin-utils-debuginfo-1.2.0-2.41.i586.rpm
suse/Factory/Multimedia/i586/gmerlin-visualizer-1.2.0-2.41.i586.rpm
suse/Factory/Multimedia/i586/gmerlin-visualizer-debuginfo-1.2.0-2.41.i586.rpm
suse/Factory/Multimedia/i586/handbrake-cli-0.9.9-3.114.i586.rpm
suse/Factory/Multimedia/i586/handbrake-cli-debuginfo-0.9.9-3.114.i586.rpm
suse/Factory/Multimedia/i586/handbrake-debugsource-0.9.9-3.114.i586.rpm
suse/Factory/Multimedia/i586/handbrake-gtk-0.9.9-3.114.i586.rpm
suse/Factory/Multimedia/i586/handbrake-gtk-debuginfo-0.9.9-3.114.i586.rpm
suse/Factory/Multimedia/i586/heldenviewer-1.0.4-2.94.i586.rpm
suse/Factory/Multimedia/i586/heldenviewer-debuginfo-1.0.4-2.94.i586.rpm
suse/Factory/Multimedia/i586/jack_mixer-9-2.131.i586.rpm
suse/Factory/Multimedia/i586/jack_mixer-debuginfo-9-2.131.i586.rpm
suse/Factory/Multimedia/i586/jack_mixer-debugsource-9-2.131.i586.rpm
suse/Factory/Multimedia/i586/kde3-kaffeine-0.8.8-56.338.i586.rpm
suse/Factory/Multimedia/i586/kde3-kaffeine-debuginfo-0.8.8-56.338.i586.rpm
suse/Factory/Multimedia/i586/kde3-kaffeine-debugsource-0.8.8-56.338.i586.rpm
suse/Factory/Multimedia/i586/kde3-kaffeine-devel-0.8.8-56.338.i586.rpm
suse/Factory/Multimedia/i586/kde3-kaffeine-gstreamer-0.8.8-56.338.i586.rpm
suse/Factory/Multimedia/i586/kde3-kaffeine-gstreamer-debuginfo-0.8.8-56.338.i586.rpm
suse/Factory/Multimedia/i586/kino-1.3.4-6.365.i586.rpm
suse/Factory/Multimedia/i586/kino-debuginfo-1.3.4-6.365.i586.rpm
suse/Factory/Multimedia/i586/kino-debugsource-1.3.4-6.365.i586.rpm
suse/Factory/Multimedia/i586/kino-devel-1.3.4-6.365.i586.rpm
suse/Factory/Multimedia/i586/kmediafactory-0.8.1-5.274.i586.rpm
suse/Factory/Multimedia/i586/kmediafactory-debuginfo-0.8.1-5.274.i586.rpm
suse/Factory/Multimedia/i586/kmediafactory-debugsource-0.8.1-5.274.i586.rpm
suse/Factory/Multimedia/i586/kmediafactory-devel-0.8.1-5.274.i586.rpm
suse/Factory/Multimedia/i586/lazarus-1.0.10-2.66.i586.rpm
suse/Factory/Multimedia/i586/lazarus-debuginfo-1.0.10-2.66.i586.rpm
suse/Factory/Multimedia/i586/libatlas3-sse-3.10.1-19.3.i586.rpm
suse/Factory/Multimedia/i586/libatlas3-sse-common-devel-3.10.1-19.3.i586.rpm
suse/Factory/Multimedia/i586/libatlas3-sse-devel-3.10.1-19.3.i586.rpm
suse/Factory/Multimedia/i586/libatlas3-sse2-3.10.1-19.3.i586.rpm
suse/Factory/Multimedia/i586/libatlas3-sse2-devel-3.10.1-19.3.i586.rpm
suse/Factory/Multimedia/i586/libatlas3-sse3-3.10.1-19.3.i586.rpm
suse/Factory/Multimedia/i586/libatlas3-sse3-devel-3.10.1-19.3.i586.rpm
suse/Factory/Multimedia/i586/libcec2-2.1.3-4.70.i586.rpm
suse/Factory/Multimedia/i586/libcec2-debuginfo-2.1.3-4.70.i586.rpm
suse/Factory/Multimedia/i586/libcec2-debugsource-2.1.3-4.70.i586.rpm
suse/Factory/Multimedia/i586/libcec2-devel-2.1.3-4.70.i586.rpm
suse/Factory/Multimedia/i586/libcunit1-2.1.3-3.1.i586.rpm
suse/Factory/Multimedia/i586/libcunit1-debuginfo-2.1.3-3.1.i586.rpm
suse/Factory/Multimedia/i586/libgmerlin-avdecoder-devel-1.2.0-1.18.i586.rpm
suse/Factory/Multimedia/i586/libgmerlin-devel-1.2.0-2.41.i586.rpm
suse/Factory/Multimedia/i586/libgmerlin0-1.2.0-2.41.i586.rpm
suse/Factory/Multimedia/i586/libgmerlin0-debuginfo-1.2.0-2.41.i586.rpm
suse/Factory/Multimedia/i586/libgmerlin_avdec1-1.2.0-1.18.i586.rpm
suse/Factory/Multimedia/i586/libgmerlin_avdec1-debuginfo-1.2.0-1.18.i586.rpm
suse/Factory/Multimedia/i586/libgmerlin_gtk-devel-1.2.0-2.41.i586.rpm
suse/Factory/Multimedia/i586/libgmerlin_gtk0-1.2.0-2.41.i586.rpm
suse/Factory/Multimedia/i586/libgmerlin_gtk0-debuginfo-1.2.0-2.41.i586.rpm
suse/Factory/Multimedia/i586/liblinuxsampler-devel-1.0.0+r2342-5.103.i586.rpm
suse/Factory/Multimedia/i586/liblinuxsampler3-1.0.0+r2342-5.103.i586.rpm
suse/Factory/Multimedia/i586/liblinuxsampler3-debuginfo-1.0.0+r2342-5.103.i586.rpm
suse/Factory/Multimedia/i586/liblog4cpp5-1.1.1-2.16.i586.rpm
suse/Factory/Multimedia/i586/liblog4cpp5-debuginfo-1.1.1-2.16.i586.rpm
suse/Factory/Multimedia/i586/libmediainfo-debugsource-0.7.67-1.16.i586.rpm
suse/Factory/Multimedia/i586/libmediainfo-devel-0.7.67-1.16.i586.rpm
suse/Factory/Multimedia/i586/libmediainfo0-0.7.67-1.16.i586.rpm
suse/Factory/Multimedia/i586/libmediainfo0-debuginfo-0.7.67-1.16.i586.rpm
suse/Factory/Multimedia/i586/libmpdclient-debugsource-2.9-1.17.i586.rpm
suse/Factory/Multimedia/i586/libmpdclient-devel-2.9-1.17.i586.rpm
suse/Factory/Multimedia/i586/libmpdclient2-2.9-1.17.i586.rpm
suse/Factory/Multimedia/i586/libmpdclient2-debuginfo-2.9-1.17.i586.rpm
suse/Factory/Multimedia/i586/libmpfc-devel-1.3.8.1-1.134.i586.rpm
suse/Factory/Multimedia/i586/libmpfc0-1.3.8.1-1.134.i586.rpm
suse/Factory/Multimedia/i586/libmpfc0-debuginfo-1.3.8.1-1.134.i586.rpm
suse/Factory/Multimedia/i586/libogmrip-devel-1.0.0-1.74.i586.rpm
suse/Factory/Multimedia/i586/libogmrip1-1.0.0-1.74.i586.rpm
suse/Factory/Multimedia/i586/libogmrip1-debuginfo-1.0.0-1.74.i586.rpm
suse/Factory/Multimedia/i586/libportaudiocpp-V19-20140130.42.i586.rpm
suse/Factory/Multimedia/i586/libportaudiocpp-debuginfo-V19-20140130.42.i586.rpm
suse/Factory/Multimedia/i586/libportaudiocpp-debugsource-V19-20140130.42.i586.rpm
suse/Factory/Multimedia/i586/libportaudiocpp-devel-V19-20140130.42.i586.rpm
suse/Factory/Multimedia/i586/libsynfig-devel-0.64.1-1.124.i586.rpm
suse/Factory/Multimedia/i586/libsynfig0-0.64.1-1.124.i586.rpm
suse/Factory/Multimedia/i586/libsynfig0-debuginfo-0.64.1-1.124.i586.rpm
suse/Factory/Multimedia/i586/libsynfigapp-devel-0.64.1-3.47.i586.rpm
suse/Factory/Multimedia/i586/libsynfigapp0-0.64.1-3.47.i586.rpm
suse/Factory/Multimedia/i586/libsynfigapp0-debuginfo-0.64.1-3.47.i586.rpm
suse/Factory/Multimedia/i586/libxmmsclient++-glib1-0.8-2.131.i586.rpm
suse/Factory/Multimedia/i586/libxmmsclient++-glib1-debuginfo-0.8-2.131.i586.rpm
suse/Factory/Multimedia/i586/libxmmsclient++4-0.8-2.131.i586.rpm
suse/Factory/Multimedia/i586/libxmmsclient++4-debuginfo-0.8-2.131.i586.rpm
suse/Factory/Multimedia/i586/libxmmsclient-glib1-0.8-2.131.i586.rpm
suse/Factory/Multimedia/i586/libxmmsclient-glib1-debuginfo-0.8-2.131.i586.rpm
suse/Factory/Multimedia/i586/libxmmsclient6-0.8-2.131.i586.rpm
suse/Factory/Multimedia/i586/libxmmsclient6-debuginfo-0.8-2.131.i586.rpm
suse/Factory/Multimedia/i586/libxtract-devel-0.6.2-2.51.i586.rpm
suse/Factory/Multimedia/i586/libxtract0-0.6.2-2.51.i586.rpm
suse/Factory/Multimedia/i586/libxtract0-debuginfo-0.6.2-2.51.i586.rpm
suse/Factory/Multimedia/i586/libxtract0-debugsource-0.6.2-2.51.i586.rpm
suse/Factory/Multimedia/i586/libzen-debugsource-0.4.29-1.13.i586.rpm
suse/Factory/Multimedia/i586/libzen-devel-0.4.29-1.13.i586.rpm
suse/Factory/Multimedia/i586/libzen0-0.4.29-1.13.i586.rpm
suse/Factory/Multimedia/i586/libzen0-debuginfo-0.4.29-1.13.i586.rpm
suse/Factory/Multimedia/i586/linuxsampler-1.0.0+r2342-5.103.i586.rpm
suse/Factory/Multimedia/i586/linuxsampler-debuginfo-1.0.0+r2342-5.103.i586.rpm
suse/Factory/Multimedia/i586/linuxsampler-debugsource-1.0.0+r2342-5.103.i586.rpm
suse/Factory/Multimedia/i586/linuxsampler-doc-1.0.0+r2342-5.103.i586.rpm
suse/Factory/Multimedia/i586/lmms-1.0.3-44.2.i586.rpm
suse/Factory/Multimedia/i586/lmms-debuginfo-1.0.3-44.2.i586.rpm
suse/Factory/Multimedia/i586/lmms-debugsource-1.0.3-44.2.i586.rpm
suse/Factory/Multimedia/i586/lmms-devel-1.0.3-44.2.i586.rpm
suse/Factory/Multimedia/i586/log4cpp-debugsource-1.1.1-2.16.i586.rpm
suse/Factory/Multimedia/i586/log4cpp-devel-1.1.1-2.16.i586.rpm
suse/Factory/Multimedia/i586/log4cpp-doc-1.1.1-2.16.i586.rpm
suse/Factory/Multimedia/i586/lv2-linuxsampler-1.0.0+r2342-5.103.i586.rpm
suse/Factory/Multimedia/i586/lv2-linuxsampler-debuginfo-1.0.0+r2342-5.103.i586.rpm
suse/Factory/Multimedia/i586/me-tv-1.3.6-7.274.i586.rpm
suse/Factory/Multimedia/i586/me-tv-debuginfo-1.3.6-7.274.i586.rpm
suse/Factory/Multimedia/i586/me-tv-debugsource-1.3.6-7.274.i586.rpm
suse/Factory/Multimedia/i586/minidlna-1.1.3-1.16.i586.rpm
suse/Factory/Multimedia/i586/minidlna-debuginfo-1.1.3-1.16.i586.rpm
suse/Factory/Multimedia/i586/minidlna-debugsource-1.1.3-1.16.i586.rpm
suse/Factory/Multimedia/i586/mixxx-1.11.0-1.66.i586.rpm
suse/Factory/Multimedia/i586/mixxx-debuginfo-1.11.0-1.66.i586.rpm
suse/Factory/Multimedia/i586/mixxx-debugsource-1.11.0-1.66.i586.rpm
suse/Factory/Multimedia/i586/mixxx-unstable-1.11.999+git20140803.2045-1.1.i586.rpm
suse/Factory/Multimedia/i586/mixxx-unstable-debuginfo-1.11.999+git20140803.2045-1.1.i586.rpm
suse/Factory/Multimedia/i586/mixxx-unstable-debugsource-1.11.999+git20140803.2045-1.1.i586.rpm
suse/Factory/Multimedia/i586/mpfc-1.3.8.1-1.134.i586.rpm
suse/Factory/Multimedia/i586/mpfc-debuginfo-1.3.8.1-1.134.i586.rpm
suse/Factory/Multimedia/i586/mpfc-debugsource-1.3.8.1-1.134.i586.rpm
suse/Factory/Multimedia/i586/ogmrip-1.0.0-1.74.i586.rpm
suse/Factory/Multimedia/i586/ogmrip-debuginfo-1.0.0-1.74.i586.rpm
suse/Factory/Multimedia/i586/ogmrip-debugsource-1.0.0-1.74.i586.rpm
suse/Factory/Multimedia/i586/perl-DateTime-Format-W3CDTF-0.06-6.7.i586.rpm
suse/Factory/Multimedia/i586/perl-Event-ExecFlow-0.64-6.7.i586.rpm
suse/Factory/Multimedia/i586/perl-Gtk2-WebKit-0.08-3.120.i586.rpm
suse/Factory/Multimedia/i586/perl-Gtk2-WebKit-debuginfo-0.08-3.120.i586.rpm
suse/Factory/Multimedia/i586/perl-Gtk2-WebKit-debugsource-0.08-3.120.i586.rpm
suse/Factory/Multimedia/i586/perl-HTML-FromText-2.05-6.7.i586.rpm
suse/Factory/Multimedia/i586/python-xmms2-0.8-2.131.i586.rpm
suse/Factory/Multimedia/i586/python-xmms2-debuginfo-0.8-2.131.i586.rpm
suse/Factory/Multimedia/i586/synfig-0.64.1-1.124.i586.rpm
suse/Factory/Multimedia/i586/synfig-debuginfo-0.64.1-1.124.i586.rpm
suse/Factory/Multimedia/i586/synfigstudio-0.64.1-3.47.i586.rpm
suse/Factory/Multimedia/i586/synfigstudio-debuginfo-0.64.1-3.47.i586.rpm
suse/Factory/Multimedia/i586/synfigstudio-debugsource-0.64.1-3.47.i586.rpm
suse/Factory/Multimedia/i586/vamp-mazurka-plugins-20070508-2.216.i586.rpm
suse/Factory/Multimedia/i586/vamp-mazurka-plugins-debuginfo-20070508-2.216.i586.rpm
suse/Factory/Multimedia/i586/vamp-mazurka-plugins-debugsource-20070508-2.216.i586.rpm
suse/Factory/Multimedia/i586/vamp-qm-plugins-1.7-1.99.i586.rpm
suse/Factory/Multimedia/i586/vamp-qm-plugins-debuginfo-1.7-1.99.i586.rpm
suse/Factory/Multimedia/i586/winff-1.5.3-1.15.i586.rpm
suse/Factory/Multimedia/i586/winff-debuginfo-1.5.3-1.15.i586.rpm
suse/Factory/Multimedia/i586/wxcam-1.1-1.343.i586.rpm
suse/Factory/Multimedia/i586/wxcam-debuginfo-1.1-1.343.i586.rpm
suse/Factory/Multimedia/i586/wxcam-debugsource-1.1-1.343.i586.rpm
suse/Factory/Multimedia/i586/xbmc-13.1-2.21.i586.rpm
suse/Factory/Multimedia/i586/xbmc-debuginfo-13.1-2.21.i586.rpm
suse/Factory/Multimedia/i586/xbmc-debugsource-13.1-2.21.i586.rpm
suse/Factory/Multimedia/i586/xcfa-4.2.8-3.233.i586.rpm
suse/Factory/Multimedia/i586/xcfa-debuginfo-4.2.8-3.233.i586.rpm
suse/Factory/Multimedia/i586/xine-ui-0.99.8-45.39.i586.rpm
suse/Factory/Multimedia/i586/xine-ui-debuginfo-0.99.8-45.39.i586.rpm
suse/Factory/Multimedia/i586/xine-ui-debugsource-0.99.8-45.39.i586.rpm
suse/Factory/Multimedia/i586/xmms2-0.8-2.131.i586.rpm
suse/Factory/Multimedia/i586/xmms2-debuginfo-0.8-2.131.i586.rpm
suse/Factory/Multimedia/i586/xmms2-debugsource-0.8-2.131.i586.rpm
suse/Factory/Multimedia/i586/xmms2-devel-0.8-2.131.i586.rpm
suse/Factory/Multimedia/i586/xmms2-docs-0.8-2.131.i586.rpm
suse/Factory/Multimedia/i586/xmms2-perl-0.8-2.131.i586.rpm
suse/Factory/Multimedia/i586/xmms2-perl-debuginfo-0.8-2.131.i586.rpm
suse/Factory/Multimedia/i586/xmms2-plugin-airplay-0.8-2.131.i586.rpm
suse/Factory/Multimedia/i586/xmms2-plugin-airplay-debuginfo-0.8-2.131.i586.rpm
suse/Factory/Multimedia/i586/xmms2-plugin-ao-0.8-2.131.i586.rpm
suse/Factory/Multimedia/i586/xmms2-plugin-ao-debuginfo-0.8-2.131.i586.rpm
suse/Factory/Multimedia/i586/xmms2-plugin-apefile-0.8-2.131.i586.rpm
suse/Factory/Multimedia/i586/xmms2-plugin-apefile-debuginfo-0.8-2.131.i586.rpm
suse/Factory/Multimedia/i586/xmms2-plugin-asf-0.8-2.131.i586.rpm
suse/Factory/Multimedia/i586/xmms2-plugin-asf-debuginfo-0.8-2.131.i586.rpm
suse/Factory/Multimedia/i586/xmms2-plugin-asx-0.8-2.131.i586.rpm
suse/Factory/Multimedia/i586/xmms2-plugin-asx-debuginfo-0.8-2.131.i586.rpm
suse/Factory/Multimedia/i586/xmms2-plugin-base-0.8-2.131.i586.rpm
suse/Factory/Multimedia/i586/xmms2-plugin-base-debuginfo-0.8-2.131.i586.rpm
suse/Factory/Multimedia/i586/xmms2-plugin-cdda-0.8-2.131.i586.rpm
suse/Factory/Multimedia/i586/xmms2-plugin-cdda-debuginfo-0.8-2.131.i586.rpm
suse/Factory/Multimedia/i586/xmms2-plugin-cue-0.8-2.131.i586.rpm
suse/Factory/Multimedia/i586/xmms2-plugin-cue-debuginfo-0.8-2.131.i586.rpm
suse/Factory/Multimedia/i586/xmms2-plugin-curl-0.8-2.131.i586.rpm
suse/Factory/Multimedia/i586/xmms2-plugin-curl-debuginfo-0.8-2.131.i586.rpm
suse/Factory/Multimedia/i586/xmms2-plugin-daap-0.8-2.131.i586.rpm
suse/Factory/Multimedia/i586/xmms2-plugin-daap-debuginfo-0.8-2.131.i586.rpm
suse/Factory/Multimedia/i586/xmms2-plugin-ffmpeg-0.8-2.131.i586.rpm
suse/Factory/Multimedia/i586/xmms2-plugin-ffmpeg-debuginfo-0.8-2.131.i586.rpm
suse/Factory/Multimedia/i586/xmms2-plugin-flac-0.8-2.131.i586.rpm
suse/Factory/Multimedia/i586/xmms2-plugin-flac-debuginfo-0.8-2.131.i586.rpm
suse/Factory/Multimedia/i586/xmms2-plugin-flv-0.8-2.131.i586.rpm
suse/Factory/Multimedia/i586/xmms2-plugin-flv-debuginfo-0.8-2.131.i586.rpm
suse/Factory/Multimedia/i586/xmms2-plugin-gme-0.8-2.131.i586.rpm
suse/Factory/Multimedia/i586/xmms2-plugin-gme-debuginfo-0.8-2.131.i586.rpm
suse/Factory/Multimedia/i586/xmms2-plugin-gvfs-0.8-2.131.i586.rpm
suse/Factory/Multimedia/i586/xmms2-plugin-gvfs-debuginfo-0.8-2.131.i586.rpm
suse/Factory/Multimedia/i586/xmms2-plugin-html-0.8-2.131.i586.rpm
suse/Factory/Multimedia/i586/xmms2-plugin-html-debuginfo-0.8-2.131.i586.rpm
suse/Factory/Multimedia/i586/xmms2-plugin-ices-0.8-2.131.i586.rpm
suse/Factory/Multimedia/i586/xmms2-plugin-ices-debuginfo-0.8-2.131.i586.rpm
suse/Factory/Multimedia/i586/xmms2-plugin-icymetaint-0.8-2.131.i586.rpm
suse/Factory/Multimedia/i586/xmms2-plugin-icymetaint-debuginfo-0.8-2.131.i586.rpm
suse/Factory/Multimedia/i586/xmms2-plugin-id3v2-0.8-2.131.i586.rpm
suse/Factory/Multimedia/i586/xmms2-plugin-id3v2-debuginfo-0.8-2.131.i586.rpm
suse/Factory/Multimedia/i586/xmms2-plugin-jack-0.8-2.131.i586.rpm
suse/Factory/Multimedia/i586/xmms2-plugin-jack-debuginfo-0.8-2.131.i586.rpm
suse/Factory/Multimedia/i586/xmms2-plugin-karaoke-0.8-2.131.i586.rpm
suse/Factory/Multimedia/i586/xmms2-plugin-karaoke-debuginfo-0.8-2.131.i586.rpm
suse/Factory/Multimedia/i586/xmms2-plugin-m3u-0.8-2.131.i586.rpm
suse/Factory/Multimedia/i586/xmms2-plugin-m3u-debuginfo-0.8-2.131.i586.rpm
suse/Factory/Multimedia/i586/xmms2-plugin-mad-0.8-2.131.i586.rpm
suse/Factory/Multimedia/i586/xmms2-plugin-mad-debuginfo-0.8-2.131.i586.rpm
suse/Factory/Multimedia/i586/xmms2-plugin-modplug-0.8-2.131.i586.rpm
suse/Factory/Multimedia/i586/xmms2-plugin-modplug-debuginfo-0.8-2.131.i586.rpm
suse/Factory/Multimedia/i586/xmms2-plugin-mp4-0.8-2.131.i586.rpm
suse/Factory/Multimedia/i586/xmms2-plugin-mp4-debuginfo-0.8-2.131.i586.rpm
suse/Factory/Multimedia/i586/xmms2-plugin-musepack-0.8-2.131.i586.rpm
suse/Factory/Multimedia/i586/xmms2-plugin-musepack-debuginfo-0.8-2.131.i586.rpm
suse/Factory/Multimedia/i586/xmms2-plugin-normalize-0.8-2.131.i586.rpm
suse/Factory/Multimedia/i586/xmms2-plugin-normalize-debuginfo-0.8-2.131.i586.rpm
suse/Factory/Multimedia/i586/xmms2-plugin-ofa-0.8-2.131.i586.rpm
suse/Factory/Multimedia/i586/xmms2-plugin-ofa-debuginfo-0.8-2.131.i586.rpm
suse/Factory/Multimedia/i586/xmms2-plugin-pulse-0.8-2.131.i586.rpm
suse/Factory/Multimedia/i586/xmms2-plugin-pulse-debuginfo-0.8-2.131.i586.rpm
suse/Factory/Multimedia/i586/xmms2-plugin-restricted-0.8-2.131.i586.rpm
suse/Factory/Multimedia/i586/xmms2-plugin-restricted-debuginfo-0.8-2.131.i586.rpm
suse/Factory/Multimedia/i586/xmms2-plugin-samba-0.8-2.131.i586.rpm
suse/Factory/Multimedia/i586/xmms2-plugin-samba-debuginfo-0.8-2.131.i586.rpm
suse/Factory/Multimedia/i586/xmms2-plugin-sndfile-0.8-2.131.i586.rpm
suse/Factory/Multimedia/i586/xmms2-plugin-sndfile-debuginfo-0.8-2.131.i586.rpm
suse/Factory/Multimedia/i586/xmms2-plugin-speex-0.8-2.131.i586.rpm
suse/Factory/Multimedia/i586/xmms2-plugin-speex-debuginfo-0.8-2.131.i586.rpm
suse/Factory/Multimedia/i586/xmms2-plugin-tta-0.8-2.131.i586.rpm
suse/Factory/Multimedia/i586/xmms2-plugin-tta-debuginfo-0.8-2.131.i586.rpm
suse/Factory/Multimedia/i586/xmms2-plugin-vocoder-0.8-2.131.i586.rpm
suse/Factory/Multimedia/i586/xmms2-plugin-vocoder-debuginfo-0.8-2.131.i586.rpm
suse/Factory/Multimedia/i586/xmms2-plugin-wave-0.8-2.131.i586.rpm
suse/Factory/Multimedia/i586/xmms2-plugin-wave-debuginfo-0.8-2.131.i586.rpm
suse/Factory/Multimedia/i586/xmms2-plugin-wavpack-0.8-2.131.i586.rpm
suse/Factory/Multimedia/i586/xmms2-plugin-wavpack-debuginfo-0.8-2.131.i586.rpm
suse/Factory/Multimedia/i586/xmms2-ruby-0.8-2.131.i586.rpm
suse/Factory/Multimedia/i586/xmms2-ruby-debuginfo-0.8-2.131.i586.rpm
suse/Factory/Multimedia/noarch/
suse/Factory/Multimedia/noarch/cinelerra-lang-2.2git.2013.09.09-1.86.noarch.rpm
suse/Factory/Multimedia/noarch/easytag-lang-2.2.3-1.4.noarch.rpm
suse/Factory/Multimedia/noarch/flacon-lang-1.0.0-1.2.noarch.rpm
suse/Factory/Multimedia/noarch/gnome-btdownload-0.0.32-1.20.noarch.rpm
suse/Factory/Multimedia/noarch/gpodder3-3.7.0-1.15.noarch.rpm
suse/Factory/Multimedia/noarch/jakarta-commons-compress-1_1-1.1-1.279.noarch.rpm
suse/Factory/Multimedia/noarch/jakarta-commons-compress-1_1-javadoc-1.1-1.279.noarch.rpm
suse/Factory/Multimedia/noarch/kde3-kaffeine-lang-0.8.8-56.338.noarch.rpm
suse/Factory/Multimedia/noarch/winff-lang-1.5.3-1.15.noarch.rpm
suse/Factory/Multimedia/noarch/xbmc-devel-13.1-2.21.noarch.rpm
suse/Factory/Multimedia/noarch/xcfa-lang-4.2.8-3.233.noarch.rpm
suse/Factory/Multimedia/noarch/youtube-dl-2014.08.02.1-70.1.noarch.rpm
suse/Factory/Multimedia/nosrc/
suse/Factory/Multimedia/repodata/
suse/Factory/Multimedia/repodata/filelists.xml.gz
suse/Factory/Multimedia/repodata/other.xml.gz
suse/Factory/Multimedia/repodata/primary.xml.gz
suse/Factory/Multimedia/repodata/repomd.xml
suse/Factory/Multimedia/repodata/repomd.xml.asc
suse/Factory/Multimedia/repodata/repomd.xml.key
suse/Factory/Multimedia/src/
suse/Factory/Multimedia/src/DVDStyler-2.7.2-1.31.src.rpm
suse/Factory/Multimedia/src/cinelerra-2.2git.2013.09.09-1.86.src.rpm
suse/Factory/Multimedia/src/cunit-2.1.3-3.1.src.rpm
suse/Factory/Multimedia/src/darktable-1.4.2-1.36.src.rpm
suse/Factory/Multimedia/src/easytag-2.2.3-1.4.src.rpm
suse/Factory/Multimedia/src/flacon-1.0.0-1.2.src.rpm
suse/Factory/Multimedia/src/fpc-2.6.2-2.62.src.rpm
suse/Factory/Multimedia/src/gnome-btdownload-0.0.32-1.20.src.rpm
suse/Factory/Multimedia/src/gpodder3-3.7.0-1.15.src.rpm
suse/Factory/Multimedia/src/handbrake-0.9.9-3.114.src.rpm
suse/Factory/Multimedia/src/jakarta-commons-compress-1_1-1.1-1.279.src.rpm
suse/Factory/Multimedia/src/kde3-kaffeine-0.8.8-56.338.src.rpm
suse/Factory/Multimedia/src/kino-1.3.4-6.365.src.rpm
suse/Factory/Multimedia/src/kmediafactory-0.8.1-5.274.src.rpm
suse/Factory/Multimedia/src/lazarus-1.0.10-2.66.src.rpm
suse/Factory/Multimedia/src/libatlas3-3.10.1-19.3.src.rpm
suse/Factory/Multimedia/src/libcec2-2.1.3-4.70.src.rpm
suse/Factory/Multimedia/src/libportaudiocpp-V19-20140130.42.src.rpm
suse/Factory/Multimedia/src/linuxsampler-1.0.0+r2342-5.103.src.rpm
suse/Factory/Multimedia/src/lmms-1.0.3-44.2.src.rpm
suse/Factory/Multimedia/src/log4cpp-1.1.1-2.16.src.rpm
suse/Factory/Multimedia/src/minidlna-1.1.3-1.16.src.rpm
suse/Factory/Multimedia/src/mixxx-1.11.0-1.66.src.rpm
suse/Factory/Multimedia/src/mixxx-unstable-1.11.999+git20140803.2045-1.1.src.rpm
suse/Factory/Multimedia/src/synfig-0.64.1-1.124.src.rpm
suse/Factory/Multimedia/src/synfigstudio-0.64.1-3.47.src.rpm
suse/Factory/Multimedia/src/vamp-mazurka-plugins-20070508-2.216.src.rpm
suse/Factory/Multimedia/src/vamp-qm-plugins-1.7-1.99.src.rpm
suse/Factory/Multimedia/src/winff-1.5.3-1.15.src.rpm
suse/Factory/Multimedia/src/wxcam-1.1-1.343.src.rpm
suse/Factory/Multimedia/src/xbmc-13.1-2.21.src.rpm
suse/Factory/Multimedia/src/xcfa-4.2.8-3.233.src.rpm
suse/Factory/Multimedia/src/youtube-dl-2014.08.02.1-70.1.src.rpm
suse/Factory/Multimedia/x86_64/
suse/Factory/Multimedia/x86_64/DVDStyler-2.7.2-1.31.x86_64.rpm
suse/Factory/Multimedia/x86_64/DVDStyler-debuginfo-2.7.2-1.31.x86_64.rpm
suse/Factory/Multimedia/x86_64/DVDStyler-debugsource-2.7.2-1.31.x86_64.rpm
suse/Factory/Multimedia/x86_64/cinelerra-2.2git.2013.09.09-1.86.x86_64.rpm
suse/Factory/Multimedia/x86_64/cinelerra-debuginfo-2.2git.2013.09.09-1.86.x86_64.rpm
suse/Factory/Multimedia/x86_64/cinelerra-debugsource-2.2git.2013.09.09-1.86.x86_64.rpm
suse/Factory/Multimedia/x86_64/cinelerra-devel-2.2git.2013.09.09-1.86.x86_64.rpm
suse/Factory/Multimedia/x86_64/cunit-debugsource-2.1.3-3.1.x86_64.rpm
suse/Factory/Multimedia/x86_64/cunit-devel-2.1.3-3.1.x86_64.rpm
suse/Factory/Multimedia/x86_64/cunit-devel-debuginfo-2.1.3-3.1.x86_64.rpm
suse/Factory/Multimedia/x86_64/cunit-doc-2.1.3-3.1.x86_64.rpm
suse/Factory/Multimedia/x86_64/darktable-1.4.2-1.36.x86_64.rpm
suse/Factory/Multimedia/x86_64/darktable-debuginfo-1.4.2-1.36.x86_64.rpm
suse/Factory/Multimedia/x86_64/darktable-debugsource-1.4.2-1.36.x86_64.rpm
suse/Factory/Multimedia/x86_64/darktable-doc-1.4.2-1.36.x86_64.rpm
suse/Factory/Multimedia/x86_64/dssi-linuxsampler-1.0.0+r2342-5.103.x86_64.rpm
suse/Factory/Multimedia/x86_64/dssi-linuxsampler-debuginfo-1.0.0+r2342-5.103.x86_64.rpm
suse/Factory/Multimedia/x86_64/easytag-2.2.3-1.4.x86_64.rpm
suse/Factory/Multimedia/x86_64/easytag-debuginfo-2.2.3-1.4.x86_64.rpm
suse/Factory/Multimedia/x86_64/easytag-debugsource-2.2.3-1.4.x86_64.rpm
suse/Factory/Multimedia/x86_64/flacon-1.0.0-1.2.x86_64.rpm
suse/Factory/Multimedia/x86_64/flacon-debuginfo-1.0.0-1.2.x86_64.rpm
suse/Factory/Multimedia/x86_64/flacon-debugsource-1.0.0-1.2.x86_64.rpm
suse/Factory/Multimedia/x86_64/fpc-2.6.2-2.62.x86_64.rpm
suse/Factory/Multimedia/x86_64/fpc-debuginfo-2.6.2-2.62.x86_64.rpm
suse/Factory/Multimedia/x86_64/fpc-debugsource-2.6.2-2.62.x86_64.rpm
suse/Factory/Multimedia/x86_64/fpc-doc-2.6.2-2.62.x86_64.rpm
suse/Factory/Multimedia/x86_64/fpc-src-2.6.2-2.62.x86_64.rpm
suse/Factory/Multimedia/x86_64/handbrake-cli-0.9.9-3.114.x86_64.rpm
suse/Factory/Multimedia/x86_64/handbrake-cli-debuginfo-0.9.9-3.114.x86_64.rpm
suse/Factory/Multimedia/x86_64/handbrake-debugsource-0.9.9-3.114.x86_64.rpm
suse/Factory/Multimedia/x86_64/handbrake-gtk-0.9.9-3.114.x86_64.rpm
suse/Factory/Multimedia/x86_64/handbrake-gtk-debuginfo-0.9.9-3.114.x86_64.rpm
suse/Factory/Multimedia/x86_64/kde3-kaffeine-0.8.8-56.338.x86_64.rpm
suse/Factory/Multimedia/x86_64/kde3-kaffeine-debuginfo-0.8.8-56.338.x86_64.rpm
suse/Factory/Multimedia/x86_64/kde3-kaffeine-debugsource-0.8.8-56.338.x86_64.rpm
suse/Factory/Multimedia/x86_64/kde3-kaffeine-devel-0.8.8-56.338.x86_64.rpm
suse/Factory/Multimedia/x86_64/kde3-kaffeine-gstreamer-0.8.8-56.338.x86_64.rpm
suse/Factory/Multimedia/x86_64/kde3-kaffeine-gstreamer-debuginfo-0.8.8-56.338.x86_64.rpm
suse/Factory/Multimedia/x86_64/kino-1.3.4-6.365.x86_64.rpm
suse/Factory/Multimedia/x86_64/kino-debuginfo-1.3.4-6.365.x86_64.rpm
suse/Factory/Multimedia/x86_64/kino-debugsource-1.3.4-6.365.x86_64.rpm
suse/Factory/Multimedia/x86_64/kino-devel-1.3.4-6.365.x86_64.rpm
suse/Factory/Multimedia/x86_64/kmediafactory-0.8.1-5.274.x86_64.rpm
suse/Factory/Multimedia/x86_64/kmediafactory-debuginfo-0.8.1-5.274.x86_64.rpm
suse/Factory/Multimedia/x86_64/kmediafactory-debugsource-0.8.1-5.274.x86_64.rpm
suse/Factory/Multimedia/x86_64/kmediafactory-devel-0.8.1-5.274.x86_64.rpm
suse/Factory/Multimedia/x86_64/lazarus-1.0.10-2.66.x86_64.rpm
suse/Factory/Multimedia/x86_64/lazarus-debuginfo-1.0.10-2.66.x86_64.rpm
suse/Factory/Multimedia/x86_64/lazarus-debugsource-1.0.10-2.66.x86_64.rpm
suse/Factory/Multimedia/x86_64/libatlas3-3.10.1-19.3.x86_64.rpm
suse/Factory/Multimedia/x86_64/libatlas3-devel-3.10.1-19.3.x86_64.rpm
suse/Factory/Multimedia/x86_64/libcec2-2.1.3-4.70.x86_64.rpm
suse/Factory/Multimedia/x86_64/libcec2-debuginfo-2.1.3-4.70.x86_64.rpm
suse/Factory/Multimedia/x86_64/libcec2-debugsource-2.1.3-4.70.x86_64.rpm
suse/Factory/Multimedia/x86_64/libcec2-devel-2.1.3-4.70.x86_64.rpm
suse/Factory/Multimedia/x86_64/libcunit1-2.1.3-3.1.x86_64.rpm
suse/Factory/Multimedia/x86_64/libcunit1-debuginfo-2.1.3-3.1.x86_64.rpm
suse/Factory/Multimedia/x86_64/liblinuxsampler-devel-1.0.0+r2342-5.103.x86_64.rpm
suse/Factory/Multimedia/x86_64/liblinuxsampler3-1.0.0+r2342-5.103.x86_64.rpm
suse/Factory/Multimedia/x86_64/liblinuxsampler3-debuginfo-1.0.0+r2342-5.103.x86_64.rpm
suse/Factory/Multimedia/x86_64/liblog4cpp5-1.1.1-2.16.x86_64.rpm
suse/Factory/Multimedia/x86_64/liblog4cpp5-debuginfo-1.1.1-2.16.x86_64.rpm
suse/Factory/Multimedia/x86_64/libmediainfo0-32bit-0.7.67-1.16.x86_64.rpm
suse/Factory/Multimedia/x86_64/libmediainfo0-debuginfo-32bit-0.7.67-1.16.x86_64.rpm
suse/Factory/Multimedia/x86_64/libportaudiocpp-V19-20140130.42.x86_64.rpm
suse/Factory/Multimedia/x86_64/libportaudiocpp-debuginfo-V19-20140130.42.x86_64.rpm
suse/Factory/Multimedia/x86_64/libportaudiocpp-debugsource-V19-20140130.42.x86_64.rpm
suse/Factory/Multimedia/x86_64/libportaudiocpp-devel-V19-20140130.42.x86_64.rpm
suse/Factory/Multimedia/x86_64/libsynfig-devel-0.64.1-1.124.x86_64.rpm
suse/Factory/Multimedia/x86_64/libsynfig0-0.64.1-1.124.x86_64.rpm
suse/Factory/Multimedia/x86_64/libsynfig0-debuginfo-0.64.1-1.124.x86_64.rpm
suse/Factory/Multimedia/x86_64/libsynfigapp-devel-0.64.1-3.47.x86_64.rpm
suse/Factory/Multimedia/x86_64/libsynfigapp0-0.64.1-3.47.x86_64.rpm
suse/Factory/Multimedia/x86_64/libsynfigapp0-debuginfo-0.64.1-3.47.x86_64.rpm
suse/Factory/Multimedia/x86_64/libzen0-32bit-0.4.29-1.13.x86_64.rpm
suse/Factory/Multimedia/x86_64/libzen0-debuginfo-32bit-0.4.29-1.13.x86_64.rpm
suse/Factory/Multimedia/x86_64/linuxsampler-1.0.0+r2342-5.103.x86_64.rpm
suse/Factory/Multimedia/x86_64/linuxsampler-debuginfo-1.0.0+r2342-5.103.x86_64.rpm
suse/Factory/Multimedia/x86_64/linuxsampler-debugsource-1.0.0+r2342-5.103.x86_64.rpm
suse/Factory/Multimedia/x86_64/linuxsampler-doc-1.0.0+r2342-5.103.x86_64.rpm
suse/Factory/Multimedia/x86_64/lmms-1.0.3-44.2.x86_64.rpm
suse/Factory/Multimedia/x86_64/lmms-debuginfo-1.0.3-44.2.x86_64.rpm
suse/Factory/Multimedia/x86_64/lmms-debugsource-1.0.3-44.2.x86_64.rpm
suse/Factory/Multimedia/x86_64/lmms-devel-1.0.3-44.2.x86_64.rpm
suse/Factory/Multimedia/x86_64/log4cpp-debugsource-1.1.1-2.16.x86_64.rpm
suse/Factory/Multimedia/x86_64/log4cpp-devel-1.1.1-2.16.x86_64.rpm
suse/Factory/Multimedia/x86_64/log4cpp-doc-1.1.1-2.16.x86_64.rpm
suse/Factory/Multimedia/x86_64/lv2-linuxsampler-1.0.0+r2342-5.103.x86_64.rpm
suse/Factory/Multimedia/x86_64/lv2-linuxsampler-debuginfo-1.0.0+r2342-5.103.x86_64.rpm
suse/Factory/Multimedia/x86_64/minidlna-1.1.3-1.16.x86_64.rpm
suse/Factory/Multimedia/x86_64/minidlna-debuginfo-1.1.3-1.16.x86_64.rpm
suse/Factory/Multimedia/x86_64/minidlna-debugsource-1.1.3-1.16.x86_64.rpm
suse/Factory/Multimedia/x86_64/mixxx-1.11.0-1.66.x86_64.rpm
suse/Factory/Multimedia/x86_64/mixxx-debuginfo-1.11.0-1.66.x86_64.rpm
suse/Factory/Multimedia/x86_64/mixxx-debugsource-1.11.0-1.66.x86_64.rpm
suse/Factory/Multimedia/x86_64/mixxx-unstable-1.11.999+git20140803.2045-1.1.x86_64.rpm
suse/Factory/Multimedia/x86_64/mixxx-unstable-debuginfo-1.11.999+git20140803.2045-1.1.x86_64.rpm
suse/Factory/Multimedia/x86_64/mixxx-unstable-debugsource-1.11.999+git20140803.2045-1.1.x86_64.rpm
suse/Factory/Multimedia/x86_64/synfig-0.64.1-1.124.x86_64.rpm
suse/Factory/Multimedia/x86_64/synfig-debuginfo-0.64.1-1.124.x86_64.rpm
suse/Factory/Multimedia/x86_64/synfigstudio-0.64.1-3.47.x86_64.rpm
suse/Factory/Multimedia/x86_64/synfigstudio-debuginfo-0.64.1-3.47.x86_64.rpm
suse/Factory/Multimedia/x86_64/synfigstudio-debugsource-0.64.1-3.47.x86_64.rpm
suse/Factory/Multimedia/x86_64/vamp-mazurka-plugins-20070508-2.216.x86_64.rpm
suse/Factory/Multimedia/x86_64/vamp-mazurka-plugins-debuginfo-20070508-2.216.x86_64.rpm
suse/Factory/Multimedia/x86_64/vamp-mazurka-plugins-debugsource-20070508-2.216.x86_64.rpm
suse/Factory/Multimedia/x86_64/vamp-qm-plugins-1.7-1.99.x86_64.rpm
suse/Factory/Multimedia/x86_64/vamp-qm-plugins-debuginfo-1.7-1.99.x86_64.rpm
suse/Factory/Multimedia/x86_64/winff-1.5.3-1.15.x86_64.rpm
suse/Factory/Multimedia/x86_64/winff-debuginfo-1.5.3-1.15.x86_64.rpm
suse/Factory/Multimedia/x86_64/winff-debugsource-1.5.3-1.15.x86_64.rpm
suse/Factory/Multimedia/x86_64/wxcam-1.1-1.343.x86_64.rpm
suse/Factory/Multimedia/x86_64/wxcam-debuginfo-1.1-1.343.x86_64.rpm
suse/Factory/Multimedia/x86_64/wxcam-debugsource-1.1-1.343.x86_64.rpm
suse/Factory/Multimedia/x86_64/xbmc-13.1-2.21.x86_64.rpm
suse/Factory/Multimedia/x86_64/xbmc-debuginfo-13.1-2.21.x86_64.rpm
suse/Factory/Multimedia/x86_64/xbmc-debugsource-13.1-2.21.x86_64.rpm
suse/Factory/Multimedia/x86_64/xcfa-4.2.8-3.233.x86_64.rpm
suse/Factory/Multimedia/x86_64/xcfa-debuginfo-4.2.8-3.233.x86_64.rpm
suse/Factory/Multimedia/x86_64/xine-ui-32bit-0.99.8-45.39.x86_64.rpm
suse/Factory/Multimedia/x86_64/xine-ui-debuginfo-32bit-0.99.8-45.39.x86_64.rpm
suse/Factory/repodata/
suse/Factory/repodata/filelists.xml.gz
suse/Factory/repodata/other.xml.gz
suse/Factory/repodata/primary.xml.gz
suse/Factory/repodata/repomd.xml
suse/Factory/repodata/repomd.xml.asc
suse/Factory/repodata/repomd.xml.key
suse/SLE_11/
suse/SLE_11/Essentials/
suse/SLE_11/Essentials/i586/
suse/SLE_11/Essentials/noarch/
suse/SLE_11/Essentials/noarch/build-compare-2014.07.15-156.4.noarch.rpm
suse/SLE_11/Essentials/repodata/
suse/SLE_11/Essentials/repodata/filelists.xml.gz
suse/SLE_11/Essentials/repodata/other.xml.gz
suse/SLE_11/Essentials/repodata/primary.xml.gz
suse/SLE_11/Essentials/repodata/repomd.xml
suse/SLE_11/Essentials/repodata/repomd.xml.asc
suse/SLE_11/Essentials/repodata/repomd.xml.key
suse/SLE_11/Essentials/src/
suse/SLE_11/Essentials/src/build-compare-2014.07.15-156.4.src.rpm
suse/SLE_11/Essentials/x86_64/
suse/SLE_11/Extra/
suse/SLE_11/Extra/i586/
suse/SLE_11/Extra/noarch/
suse/SLE_11/Extra/repodata/
suse/SLE_11/Extra/repodata/repomd.xml.key
suse/SLE_11/Extra/src/
suse/SLE_11/Extra/x86_64/
suse/SLE_11/Multimedia/
suse/SLE_11/Multimedia/i586/
suse/SLE_11/Multimedia/i586/cunit-debuginfo-2.1.3-3.1.i586.rpm
suse/SLE_11/Multimedia/i586/cunit-debugsource-2.1.3-3.1.i586.rpm
suse/SLE_11/Multimedia/i586/cunit-devel-2.1.3-3.1.i586.rpm
suse/SLE_11/Multimedia/i586/cunit-doc-2.1.3-3.1.i586.rpm
io timeout after 120 seconds -- exiting
rsync error: timeout in data send/receive (code 30) at io.c(200) [receiver=3.0.6]
rsync: connection unexpectedly closed (3112753 bytes received so far) [generator]
rsync error: error in rsync protocol data stream (code 12) at io.c(600) [generator=3.0.6]
