2014-08-06 00:49:05
rsync://rsync.apache.org/apache-dist/
receiving file list ... done
./
abdera/
abdera/1.1.3/
accumulo/
accumulo/1.3.6/
accumulo/1.4.5/
accumulo/1.5.1/
accumulo/1.6.0/
ace/
ace/apache-ace-2.0.1/
activemq/
activemq/5.10.0/
activemq/5.9.1/
activemq/activemq-apollo/
activemq/activemq-apollo/1.7/
activemq/activemq-cpp/
activemq/activemq-cpp/3.8.2/
activemq/activemq-cpp/3.8.3/
activemq/apache-nms/
activemq/apache-nms/1.5.0/
activemq/apache-nms/1.6.0/
airavata/
airavata/0.12/
allura/
ambari/
ambari/ambari-1.4.3/
ambari/ambari-1.4.4/
ambari/ambari-1.5.0/
ambari/ambari-1.5.1/
ambari/ambari-1.6.0/
ambari/ambari-1.6.1/
ant/
ant/antlibs/
ant/antlibs/antunit/
ant/antlibs/antunit/binaries/
ant/antlibs/antunit/source/
ant/antlibs/compress/
ant/antlibs/compress/binaries/
ant/antlibs/compress/source/
ant/antlibs/dotnet/
ant/antlibs/dotnet/binaries/
ant/antlibs/dotnet/source/
ant/binaries/
ant/ivy/
ant/ivy/2.3.0/
ant/ivy/2.4.0-rc1/
ant/ivyde/
ant/ivyde/2.2.0.final/
ant/ivyde/updatesite/
ant/ivyde/updatesite/ivy-2.3.0.final_20130110142753/
ant/ivyde/updatesite/ivy-2.3.0.final_20130110142753/features/
ant/ivyde/updatesite/ivy-2.3.0.final_20130110142753/plugins/
ant/ivyde/updatesite/ivy-2.4.0.cr1_20140315220245/
ant/ivyde/updatesite/ivy-2.4.0.cr1_20140315220245/features/
ant/ivyde/updatesite/ivy-2.4.0.cr1_20140315220245/plugins/
ant/ivyde/updatesite/ivyde-2.2.0.final-201311091524-RELEASE/
ant/ivyde/updatesite/ivyde-2.2.0.final-201311091524-RELEASE/features/
ant/ivyde/updatesite/ivyde-2.2.0.final-201311091524-RELEASE/plugins/
ant/manual/
ant/source/
any23/
any23/1.0/
apr/
apr/binaries/
apr/binaries/netware/
apr/binaries/pkg/
apr/binaries/rpm/
apr/binaries/rpm/SRPMS/
apr/binaries/rpm/i386/
apr/binaries/rpm/ppc/
apr/binaries/rpm/x86_64/
apr/binaries/win32/
apr/patches/
archiva/
archiva/1.3.9/
archiva/1.3.9/binaries/
archiva/1.3.9/src/
archiva/2.1.0/
archiva/2.1.0/binaries/
archiva/2.1.0/src/
archiva/pom/
archiva/redback-components/
archiva/redback-core/
aries/
avro/
avro/avro-1.6.3/
avro/avro-1.6.3/c/
avro/avro-1.6.3/cpp/
avro/avro-1.6.3/java/
avro/avro-1.6.3/php/
avro/avro-1.6.3/py/
avro/avro-1.6.3/ruby/
avro/avro-1.7.7/
avro/avro-1.7.7/c/
avro/avro-1.7.7/cpp/
avro/avro-1.7.7/java/
avro/avro-1.7.7/perl/
avro/avro-1.7.7/php/
avro/avro-1.7.7/py/
avro/avro-1.7.7/py3/
avro/avro-1.7.7/ruby/
axis/
axis/axis/
axis/axis/c/
axis/axis/java/
axis/axis/java/1.4/
axis/axis2/
axis/axis2/c/
axis/axis2/java/
axis/axis2/java/core/
axis/axis2/java/core/1.5.6/
axis/axis2/java/core/1.6.2/
axis/axis2/java/rampart/
axis/axis2/java/rampart/1.5.2/
axis/axis2/java/rampart/1.6.2/
axis/axis2/java/sandesha/
axis/axis2/java/sandesha/1.4/
axis/axis2/java/sandesha/1.6.2/
beehive/
bigtop/
bigtop/bigtop-0.7.0/
bigtop/bigtop-0.7.0/repos/
bigtop/bigtop-0.7.0/repos/centos5/
bigtop/bigtop-0.7.0/repos/centos6/
bigtop/bigtop-0.7.0/repos/fedora17/
bigtop/bigtop-0.7.0/repos/fedora18/
bigtop/bigtop-0.7.0/repos/lucid/
bigtop/bigtop-0.7.0/repos/opensuse12/
bigtop/bigtop-0.7.0/repos/precise/
bigtop/bigtop-0.7.0/repos/quantal/
bigtop/bigtop-0.7.0/repos/sles11/
bloodhound/
buildr/
buildr/1.4.19/
bval/
bval/0.5/
camel/
camel/apache-camel/
camel/apache-camel/2.11.4/
camel/apache-camel/2.12.4/
camel/apache-camel/2.13.2/
camel/apache-camel/camel-2.13.2/
cassandra/
cassandra/1.1.12/
cassandra/1.2.17/
cassandra/1.2.18/
cassandra/2.0.9/
cassandra/2.1.0/
cassandra/debian/
cassandra/debian/dists/
cassandra/debian/dists/06x/
cassandra/debian/dists/06x/main/
cassandra/debian/dists/06x/main/binary-amd64/
cassandra/debian/dists/06x/main/binary-i386/
cassandra/debian/dists/06x/main/source/
cassandra/debian/dists/07x/
cassandra/debian/dists/07x/main/
cassandra/debian/dists/07x/main/binary-amd64/
cassandra/debian/dists/07x/main/binary-i386/
cassandra/debian/dists/07x/main/source/
cassandra/debian/dists/08x/
cassandra/debian/dists/08x/main/
cassandra/debian/dists/08x/main/binary-amd64/
cassandra/debian/dists/08x/main/binary-i386/
cassandra/debian/dists/08x/main/source/
cassandra/debian/dists/10x/
cassandra/debian/dists/10x/main/
cassandra/debian/dists/10x/main/binary-amd64/
cassandra/debian/dists/10x/main/binary-i386/
cassandra/debian/dists/10x/main/source/
cassandra/debian/dists/11x/
cassandra/debian/dists/11x/main/
cassandra/debian/dists/11x/main/binary-amd64/
cassandra/debian/dists/11x/main/binary-i386/
cassandra/debian/dists/11x/main/source/
cassandra/debian/dists/12x/
cassandra/debian/dists/12x/main/
cassandra/debian/dists/12x/main/binary-amd64/
cassandra/debian/dists/12x/main/binary-i386/
cassandra/debian/dists/12x/main/source/
cassandra/debian/dists/20x/
cassandra/debian/dists/20x/main/
cassandra/debian/dists/20x/main/binary-amd64/
cassandra/debian/dists/20x/main/binary-i386/
cassandra/debian/dists/20x/main/source/
cassandra/debian/dists/21x/
cassandra/debian/dists/21x/main/
cassandra/debian/dists/21x/main/binary-amd64/
cassandra/debian/dists/21x/main/binary-i386/
cassandra/debian/dists/21x/main/source/
cassandra/debian/dists/sid/
cassandra/debian/dists/sid/main/
cassandra/debian/dists/sid/main/binary-amd64/
cassandra/debian/dists/sid/main/binary-i386/
cassandra/debian/dists/sid/main/source/
cassandra/debian/dists/unstable/
cassandra/debian/dists/unstable/main/
cassandra/debian/dists/unstable/main/binary-amd64/
cassandra/debian/dists/unstable/main/binary-i386/
cassandra/debian/dists/unstable/main/source/
cassandra/debian/pool/
cassandra/debian/pool/main/
cassandra/debian/pool/main/c/
cassandra/debian/pool/main/c/cassandra/
cayenne/
cayenne/3.1RC1/
cayenne/3.2M1/
chemistry/
chemistry/cmislib/
chemistry/cmislib/0.5.1/
chemistry/cmislib/0.5/
chemistry/dotcmis/
chemistry/dotcmis/0.4/
chemistry/dotcmis/0.5/
chemistry/dotcmis/0.6/
chemistry/objectivecmis/
chemistry/objectivecmis/0.1/
chemistry/objectivecmis/0.2/
chemistry/objectivecmis/0.3/
chemistry/objectivecmis/0.4/
chemistry/opencmis/
chemistry/opencmis/0.10.0/
chemistry/opencmis/0.11.0/
chemistry/opencmis/0.9.0-beta-1/
chemistry/opencmis/0.9.0/
chukwa/
clerezza/
clerezza/partial-release-20130710/
click/
click/click/
click/click/2.3.0/
click/clickide/
click/clickide/2.3.0.0/
cloudstack/
cloudstack/releases/
cloudstack/releases/4.1.1/
cloudstack/releases/4.2.1/
cloudstack/releases/4.3.0/
cloudstack/releases/4.4.0/
cloudstack/releases/cloudmonkey-5.0.0/
cloudstack/releases/cloudmonkey-5.1.0/
cocoon/
cocoon/2.2/
cocoon/2.2/cocoon-ajax-block/
cocoon/2.2/cocoon-apples-block/
cocoon/2.2/cocoon-auth-block/
cocoon/2.2/cocoon-batik-block/
cocoon/2.2/cocoon-captcha-block/
cocoon/2.2/cocoon-databases-bridge-block/
cocoon/2.2/cocoon-databases-hsqldb-client-block/
cocoon/2.2/cocoon-databases-hsqldb-server-block/
cocoon/2.2/cocoon-databases-impl-block/
cocoon/2.2/cocoon-flowscript-block/
cocoon/2.2/cocoon-fop-block/
cocoon/2.2/cocoon-forms-block/
cocoon/2.2/cocoon-getting-started/
cocoon/2.2/cocoon-html-block/
cocoon/2.2/cocoon-linkrewriter-block/
cocoon/2.2/cocoon-mail-block/
cocoon/2.2/cocoon-template-block/
cocoon/3.0/
cocoon/BINARIES/
cocoon/SOURCES/
cocoon/events/
cocoon/images/
cocoon/styles/
cocoon/subprojects/
cocoon/subprojects/block-deployment/
cocoon/subprojects/block-deployment/1.2.1/
cocoon/subprojects/configuration/
cocoon/subprojects/configuration/configuration-api/
cocoon/subprojects/configuration/configuration-api/1.0.4/
cocoon/subprojects/configuration/spring-configurator/
cocoon/subprojects/configuration/spring-configurator/2.2.1/
cocoon/subprojects/it-fw/
cocoon/subprojects/it-fw/1.0.1/
cocoon/subprojects/jnet/
cocoon/subprojects/jnet/1.2.2/
cocoon/subprojects/maven-plugin/
cocoon/subprojects/maven-plugin/1.0.2/
cocoon/subprojects/rcl/
cocoon/subprojects/rcl/cocoon-rcl-spring-reloader/
cocoon/subprojects/rcl/cocoon-rcl-spring-reloader/1.0.2/
cocoon/subprojects/rcl/cocoon-rcl-webapp-wrapper/
cocoon/subprojects/rcl/cocoon-rcl-webapp-wrapper/1.0.2/
cocoon/subprojects/serializers-charsets/
cocoon/subprojects/serializers-charsets/1.0.2/
cocoon/subprojects/servlet-service/
cocoon/subprojects/servlet-service/1.3.2/
cocoon/subprojects/xml/
cocoon/subprojects/xml/2.0.4/
commons/
commons/attributes/
commons/attributes/binaries/
commons/attributes/source/
commons/bcel/
commons/bcel/binaries/
commons/bcel/source/
commons/beanutils/
commons/beanutils/binaries/
commons/beanutils/source/
commons/betwixt/
commons/betwixt/binaries/
commons/betwixt/source/
commons/bsf/
commons/bsf/binaries/
commons/bsf/source/
commons/chain/
commons/chain/binaries/
commons/chain/source/
commons/cli/
commons/cli/binaries/
commons/cli/source/
commons/codec/
commons/codec/binaries/
commons/codec/source/
commons/collections/
commons/collections/binaries/
commons/collections/source/
commons/commons-build-plugin/
commons/commons-build-plugin/binaries/
commons/commons-build-plugin/source/
commons/compress/
commons/compress/binaries/
commons/compress/source/
commons/configuration/
commons/configuration/binaries/
commons/configuration/source/
commons/daemon/
commons/daemon/binaries/
commons/daemon/binaries/windows/
commons/daemon/source/
commons/dbcp/
commons/dbcp/binaries/
commons/dbcp/source/
commons/dbutils/
commons/dbutils/binaries/
commons/dbutils/source/
commons/digester/
commons/digester/binaries/
commons/digester/source/
commons/discovery/
commons/discovery/binaries/
commons/discovery/source/
commons/el/
commons/el/binaries/
commons/el/source/
commons/email/
commons/email/binaries/
commons/email/source/
commons/exec/
commons/exec/binaries/
commons/exec/source/
commons/fileupload/
commons/fileupload/binaries/
commons/fileupload/source/
commons/httpclient/
commons/io/
commons/io/binaries/
commons/io/source/
commons/jci/
commons/jci/binaries/
commons/jci/source/
commons/jcs/
commons/jcs/binaries/
commons/jcs/source/
commons/jelly/
commons/jelly/binaries/
commons/jelly/source/
commons/jexl/
commons/jexl/binaries/
commons/jexl/source/
commons/jxpath/
commons/jxpath/binaries/
commons/jxpath/source/
commons/lang/
commons/lang/binaries/
commons/lang/source/
commons/launcher/
commons/launcher/binaries/
commons/launcher/source/
commons/logging/
commons/logging/binaries/
commons/logging/source/
commons/math/
commons/math/binaries/
commons/math/source/
commons/modeler/
commons/modeler/binaries/
commons/modeler/source/
commons/net/
commons/net/binaries/
commons/net/source/
commons/pool/
commons/pool/binaries/
commons/pool/source/
commons/primitives/
commons/primitives/binaries/
commons/primitives/source/
commons/proxy/
commons/proxy/binaries/
commons/proxy/source/
commons/sanselan/
commons/sanselan/binaries/
commons/sanselan/source/
commons/scxml/
commons/scxml/binaries/
commons/scxml/source/
commons/transaction/
commons/transaction/binaries/
commons/transaction/source/
commons/validator/
commons/validator/binaries/
commons/validator/source/
commons/vfs/
commons/vfs/binaries/
commons/vfs/source/
commons/weaver/
commons/weaver/binaries/
commons/weaver/source/
continuum/
continuum/binaries/
continuum/source/
cordova/
cordova/libs/
cordova/platforms/
cordova/plugins/
cordova/tools/
couchdb/
couchdb/binary/
couchdb/binary/mac/
couchdb/binary/mac/1.5.0/
couchdb/binary/mac/1.5.1/
couchdb/binary/mac/1.6.0/
couchdb/binary/win/
couchdb/binary/win/1.5.0/
couchdb/binary/win/1.5.1/
couchdb/binary/win/1.6.0/
couchdb/hidden/
couchdb/notes/
couchdb/notes/1.3.0/
couchdb/notes/1.3.1/
couchdb/notes/1.4.0/
couchdb/notes/1.5.0/
couchdb/notes/1.5.1/
couchdb/notes/1.6.0/
couchdb/source/
couchdb/source/1.5.0/
couchdb/source/1.5.1/
couchdb/source/1.6.0/
creadur/
creadur/apache-rat-0.10/
crunch/
crunch/crunch-0.10.0/
crunch/crunch-0.8.3/
ctakes/
ctakes/ctakes-3.1.0/
ctakes/ctakes-3.1.1/
ctakes/ctakes-3.2.0/
curator/
curator/2.3.0/
curator/2.4.0/
curator/2.4.1/
curator/2.4.2/
curator/2.5.0/
curator/2.6.0/
cxf/
cxf/2.6.14/
cxf/2.6.15/
cxf/2.7.11/
cxf/2.7.12/
cxf/3.0.0/
cxf/3.0.1/
cxf/dosgi/
cxf/dosgi/1.2/
cxf/fediz/
cxf/fediz/1.0.4/
cxf/fediz/1.1.1/
db/
db/derby/
db/derby/db-derby-10.10.2.0/
db/derby/db-derby-10.8.3.0/
db/jdo/
db/jdo/3.0.1/
db/jdo/3.1-rc1/
db/torque/
db/torque/torque-4.0/
db/torque/torque-4.0/binaries/
db/torque/torque-4.0/source/
deltacloud/
deltacloud/1.0.3/
deltacloud/1.0.4/
deltacloud/1.0.5/
deltacloud/1.1.0/
deltacloud/1.1.1/
deltacloud/1.1.2/
deltacloud/1.1.3/
deltacloud/rc1/
deltaspike/
deltaspike/1.0.1/
directmemory/
directmemory/0.2/
directory/
directory/apacheds/
directory/apacheds/dist/
directory/apacheds/dist/2.0.0-M16/
directory/apacheds/dist/2.0.0-M17/
directory/api/
directory/api/1.0.0-M20/
directory/api/dist/
directory/api/dist/1.0.0-M21/
directory/api/dist/1.0.0-M22/
directory/api/dist/1.0.0-M23/
directory/api/dist/1.0.0-M24/
directory/mavibot/
directory/mavibot/dist/
directory/mavibot/dist/1.0.0-M3/
directory/mavibot/dist/1.0.0-M4/
directory/mavibot/dist/1.0.0-M5/
directory/studio/
directory/studio/2.0.0.v20130628/
directory/studio/dist/
directory/studio/dist/2.0.0.v20130628/
directory/studio/update/
directory/studio/update/2.x/
directory/studio/update/2.x/features/
directory/studio/update/2.x/plugins/
empire-db/
empire-db/2.3.0/
empire-db/2.4.0/
empire-db/2.4.1/
empire-db/2.4.2/
esme/
etch/
etch/1.3.0/
excalibur/
felix/
felix/images/
felix/styles/
flex/
flex/4.12.1/
flex/4.12.1/binaries/
flex/4.12.1/docs/
flex/4.13.0/
flex/4.13.0/binaries/
flex/4.13.0/doc/
flex/falcon/
flex/falcon/0.0.1/
flex/falcon/0.0.1/binaries/
flex/falcon/0.0.2/
flex/falcon/0.0.2/binaries/
flex/flexjs/
flex/flexjs/0.0.1/
flex/flexjs/0.0.1/binaries/
flex/flexjs/0.0.1/docs/
flex/flexjs/0.0.2/
flex/flexjs/0.0.2/binaries/
flex/flexjs/0.0.2/doc/
flex/flexunit/
flex/flexunit/4.2.0/
flex/flexunit/4.2.0/binaries/
flex/installer/
flex/installer/3.0/
flex/installer/3.0/binaries/
flex/installer/3.1/
flex/installer/3.1/binaries/
flex/pixelbender/
flex/pixelbender/1.0/
flex/pixelbender/1.0/binaries/
flume/
flume/1.4.0/
flume/1.5.0.1/
flume/1.5.0/
forrest/
geronimo/
geronimo/2.1.8/
geronimo/2.2.1/
geronimo/3.0.1/
geronimo/eclipse/
geronimo/eclipse/2.1.8/
geronimo/eclipse/2.2.1/
geronimo/eclipse/3.0.1/
geronimo/eclipse/updates/
geronimo/eclipse/updates/features/
geronimo/eclipse/updates/plugins/
giraph/
giraph/giraph-1.0.0/
gora/
gora/0.4/
hadoop/
hadoop/chukwa/
hadoop/chukwa/chukwa-0.4.0/
hadoop/common/
hadoop/common/hadoop-0.23.11/
hadoop/common/hadoop-1.2.1/
hadoop/common/hadoop-2.2.0/
hadoop/common/hadoop-2.3.0/
hadoop/common/hadoop-2.4.0/
hadoop/common/hadoop-2.4.1/
hama/
hama/hama-0.6.4/
harmony/
hbase/
hbase/hbase-0.94.20/
hbase/hbase-0.94.21/
hbase/hbase-0.96.2/
hbase/hbase-0.98.3/
hbase/hbase-0.98.4/
hbase/to_remove/
helix/
helix/0.6.3/
helix/0.6.3/binaries/
helix/0.6.3/src/
hive/
hive/hive-0.12.0/
hive/hive-0.13.1/
hivemind/
httpcomponents/
httpcomponents/commons-httpclient/
httpcomponents/commons-httpclient/binary/
httpcomponents/commons-httpclient/source/
httpcomponents/httpasyncclient/
httpcomponents/httpasyncclient/binary/
httpcomponents/httpasyncclient/source/
httpcomponents/httpclient-android/
httpcomponents/httpclient-android/source/
httpcomponents/httpclient/
httpcomponents/httpclient/binary/
httpcomponents/httpclient/source/
httpcomponents/httpcore/
httpcomponents/httpcore/binary/
httpcomponents/httpcore/source/
httpd/
httpd/binaries/
httpd/binaries/netware/
httpd/binaries/win32/
httpd/binaries/win32/patches_applied/
httpd/binaries/win32/symbols/
httpd/docs/
httpd/flood/
httpd/libapreq/
httpd/mod_fcgid/
httpd/mod_fcgid/patches/
httpd/mod_fcgid/patches/apply_to_2.3.6/
httpd/mod_ftp/
httpd/patches/
httpd/patches/apply_to_1.3.0/
httpd/patches/apply_to_1.3.1/
httpd/patches/apply_to_1.3.11/
httpd/patches/apply_to_1.3.12/
httpd/patches/apply_to_1.3.14/
httpd/patches/apply_to_1.3.17/
httpd/patches/apply_to_1.3.19/
httpd/patches/apply_to_1.3.19/os2/
httpd/patches/apply_to_1.3.19/win32/
httpd/patches/apply_to_1.3.2/
httpd/patches/apply_to_1.3.20/
httpd/patches/apply_to_1.3.22/
httpd/patches/apply_to_1.3.23/
httpd/patches/apply_to_1.3.24/
httpd/patches/apply_to_1.3.26/
httpd/patches/apply_to_1.3.27/
httpd/patches/apply_to_1.3.28/
httpd/patches/apply_to_1.3.3/
httpd/patches/apply_to_1.3.31/
httpd/patches/apply_to_1.3.4/
httpd/patches/apply_to_1.3.6/
httpd/patches/apply_to_1.3.9/
httpd/patches/apply_to_2.0.35/
httpd/patches/apply_to_2.0.36/
httpd/patches/apply_to_2.0.39/
httpd/patches/apply_to_2.0.40/
httpd/patches/apply_to_2.0.42/
httpd/patches/apply_to_2.0.43/
httpd/patches/apply_to_2.0.44/
httpd/patches/apply_to_2.0.45/
httpd/patches/apply_to_2.0.47/
httpd/patches/apply_to_2.0.48/
httpd/patches/apply_to_2.0.49/
httpd/patches/apply_to_2.0.50/
httpd/patches/apply_to_2.0.51/
httpd/patches/apply_to_2.0.52/
httpd/patches/apply_to_2.0.53/
httpd/patches/apply_to_2.0.63/
httpd/patches/apply_to_2.0.64/
httpd/patches/apply_to_2.2.0/
httpd/patches/apply_to_2.2.11/
httpd/patches/apply_to_2.2.14/
httpd/patches/apply_to_2.2.15/
httpd/patches/apply_to_2.2.19/
httpd/patches/apply_to_2.2.21/
httpd/patches/apply_to_2.2.4/
httpd/patches/apply_to_2.2.8/
httpd/patches/apply_to_2.2.9/
httpd/patches/apply_to_2.3.5/
ibatis/
incubator/
incubator/amber/
incubator/amber/binaries/
incubator/amber/sources/
incubator/argus/
incubator/aurora/
incubator/aurora/0.5.0/
incubator/blur/
incubator/blur/0.2.0-incubating/
incubator/blur/0.2.3-incubating/
incubator/celix/
incubator/celix/celix-1.0.0.incubating/
incubator/climate/
incubator/devicemap/
incubator/drill/
incubator/drill/drill-1.0.0-m1-incubating/
incubator/droids/
incubator/droids/0.2.0-incubating/
incubator/easyant/
incubator/easyant/0.9-incubating/
incubator/falcon/
incubator/falcon/0.3-incubating/
incubator/falcon/0.4-incubating/
incubator/flink/
incubator/hcatalog/
incubator/hcatalog/hcatalog-0.4.0-incubating/
incubator/hcatalog/hcatalog-0.5.0-incubating/
incubator/hdt/
incubator/hdt/hdt-0.0.1.incubating/
incubator/hdt/hdt-0.0.2.incubating/
incubator/helix/
incubator/helix/0.7.0-incubating/
incubator/helix/0.7.0-incubating/binaries/
incubator/helix/0.7.0-incubating/src/
incubator/kalumet/
incubator/metamodel/
incubator/metamodel/metamodel-4.0.0-incubating/
incubator/metamodel/metamodel-4.0.0-incubating/packaged/
incubator/metamodel/metamodel-4.0.0-incubating/source/
incubator/metamodel/metamodel-4.1.0-RC1-incubating/
incubator/metamodel/metamodel-4.1.0-RC1-incubating/packaged/
incubator/metamodel/metamodel-4.1.0-RC1-incubating/source/
incubator/metamodel/metamodel-4.2.0-incubating/
incubator/metamodel/metamodel-4.2.0-incubating/packaged/
incubator/metamodel/metamodel-4.2.0-incubating/source/
incubator/mrql/
incubator/mrql/mrql-0.9.0-incubating/
incubator/mrql/mrql-0.9.2-incubating/
incubator/npanday/
incubator/npanday/binaries/
incubator/npanday/sources/
incubator/odftoolkit/
incubator/odftoolkit/binaries/
incubator/odftoolkit/docs/
incubator/odftoolkit/sources/
incubator/olingo/
incubator/olingo/odata2/
incubator/olingo/odata2/rel-1.0.0/
incubator/olingo/odata2/rel-1.1.0/
incubator/olingo/odata2/rel-1.2.0/
incubator/phoenix/
incubator/phoenix/phoenix-2.2.3-incubating/
incubator/phoenix/phoenix-2.2.3-incubating/bin/
incubator/phoenix/phoenix-2.2.3-incubating/src/
incubator/phoenix/phoenix-3.0.0-incubating/
incubator/phoenix/phoenix-3.0.0-incubating/bin/
incubator/phoenix/phoenix-3.0.0-incubating/src/
incubator/phoenix/phoenix-4.0.0-incubating/
incubator/phoenix/phoenix-4.0.0-incubating/bin/
incubator/phoenix/phoenix-4.0.0-incubating/src/
incubator/provisionr/
incubator/provisionr/provisionr-0.4.0-incubating/
incubator/s4/
incubator/s4/s4-0.5.0-incubating/
incubator/s4/s4-0.6.0-incubating/
incubator/samza/
incubator/samza/0.7.0-incubating/
incubator/sentry/
incubator/sentry/1.2.0-incubating/
incubator/sentry/1.3.0-incubating/
incubator/sirona/
incubator/sirona/0.1-incubating/
incubator/sirona/0.1-incubating/binaries/
incubator/sirona/0.1-incubating/src/
incubator/sirona/0.2-incubating/
incubator/sirona/0.2-incubating/binaries/
incubator/sirona/0.2-incubating/src/
incubator/slider/
incubator/slider/0.30-incubating/
incubator/slider/0.30-incubating/src/
incubator/slider/0.40.0-incubating/
incubator/slider/0.40.0-incubating/src/
incubator/storm/
incubator/storm/apache-storm-0.9.1-incubating/
incubator/storm/apache-storm-0.9.2-incubating/
incubator/streams/
incubator/streams/binaries/
incubator/streams/releases/
incubator/streams/releases/streams-master/
incubator/streams/releases/streams-master/0.1-incubating/
incubator/tashi/
incubator/tashi/201202-incubating/
incubator/tashi/201203-incubating/
incubator/tez/
incubator/tez/tez-0.4.0-incubating/
incubator/tez/tez-0.4.1-incubating/
incubator/twill/
incubator/twill/0.1.0-incubating/
incubator/twill/0.2.0-incubating/
incubator/twill/0.2.0-incubating/src/
incubator/vxquery/
incubator/vxquery/0.3-incubating/
incubator/wave/
isis/
isis/archetype/
isis/archetype/simpleapp-archetype/
isis/archetype/todoapp-archetype/
isis/component/
isis/component/viewer/
isis/component/viewer/wicket/
isis/isis-core/
isis/tool/
isis/tool/maven-isis-plugin/
jackrabbit/
jackrabbit/2.2.13/
jackrabbit/2.4.5/
jackrabbit/2.6.5/
jackrabbit/2.8.0/
jackrabbit/filevault/
jackrabbit/filevault/3.0.0/
jackrabbit/filevault/3.1.0/
jackrabbit/filevault/3.1.2/
jackrabbit/filevault/3.1.6/
jackrabbit/oak/
jackrabbit/oak/1.0.3/
jackrabbit/oak/1.0.4/
jackrabbit/ocm/
jackrabbit/ocm/2.0.0/
jakarta/
james/
james/apache-james/
james/apache-james/3.0beta4/
james/james-project/
james/james-project/1.8.2/
james/jdkim/
james/jsieve/
james/jsieve/0.4/
james/jsieve/0.5/
james/jspf/
james/jspf/1.0.0/
james/mailbox/
james/mailbox/0.5/
james/mailets/
james/mailets/2.5.0/
james/mime4j/
james/mime4j/0.7.2/
james/mpt/
james/mpt/0.1/
james/protocols/
james/protocols/1.6.3/
james/server/
java-repository/
jclouds/
jclouds/1.8.0/
jena/
jena/binaries/
jena/source/
jmeter/
jmeter/binaries/
jmeter/source/
jspwiki/
jspwiki/2.10.0/
jspwiki/2.10.0/binaries/
jspwiki/2.10.0/source/
jspwiki/2.10.0/wikipages/
jspwiki/2.10.1/
jspwiki/2.10.1/binaries/
jspwiki/2.10.1/source/
jspwiki/2.10.1/wikipages/
juddi/
juddi/juddi/
juddi/juddi/3.1.5/
juddi/juddi/3.2.0/
juddi/scout/
juddi/scout/1.2.6/
kafka/
kafka/0.8.1.1/
kafka/0.8.1/
karaf/
karaf/2.1.6/
karaf/2.2.11/
karaf/2.3.6/
karaf/3.0.1/
karaf/cave/
karaf/cave/2.3.0/
karaf/cellar/
karaf/cellar/2.2.3/
karaf/cellar/2.2.4/
karaf/cellar/2.3.2/
karaf/eik/
karaf/eik/0.9.0/
knox/
knox/0.4.0/
lenya/
lenya/BINARIES/
lenya/SOURCES/
lenya/images/
lenya/styles/
libcloud/
logging/
logging/log4cxx/
logging/log4cxx/0.10.0/
logging/log4j/
logging/log4j/1.2.17/
logging/log4j/2.0.1/
logging/log4j/companions/
logging/log4j/extras/
logging/log4j/extras/1.2.17/
logging/log4net/
logging/log4net/binaries/
logging/log4net/source/
logging/log4php/
logging/log4php/2.3.0/
lucene/
lucene/java/
lucene/java/4.7.2/
lucene/java/4.7.2/changes/
lucene/java/4.8.0/
lucene/java/4.8.0/changes/
lucene/java/4.8.1/
lucene/java/4.8.1/changes/
lucene/java/4.9.0/
lucene/java/4.9.0/changes/
lucene/mahout/
lucene/mahout/mahout-collections-1.0/
lucene/nutch/
lucene/pylucene/
lucene/solr/
lucene/solr/4.7.2/
lucene/solr/4.7.2/changes/
lucene/solr/4.8.0/
lucene/solr/4.8.0/changes/
lucene/solr/4.8.1/
lucene/solr/4.8.1/changes/
lucene/solr/4.9.0/
lucene/solr/4.9.0/changes/
lucene/solr/ref-guide/
lucene/tika/
lucenenet/
lucy/
mahout/
mahout/0.9/
mahout/mahout-collection-codegen-plugin-1.0/
mahout/mahout-collections-1.0/
manifoldcf/
marmotta/
marmotta/3.2.1/
maven-repository/
maven/
maven/ant-tasks/
maven/ant-tasks/2.1.3/
maven/ant-tasks/2.1.3/binaries/
maven/ant-tasks/2.1.3/source/
maven/archetype/
maven/binaries/
maven/doxia/
maven/enforcer/
maven/indexer/
maven/jxr/
maven/maven-1/
maven/maven-2/
maven/maven-3/
maven/maven-3/3.0.5/
maven/maven-3/3.0.5/binaries/
maven/maven-3/3.0.5/source/
maven/maven-3/3.1.1/
maven/maven-3/3.1.1/binaries/
maven/maven-3/3.1.1/source/
maven/maven-3/3.2.1/
maven/maven-3/3.2.1/binaries/
maven/maven-3/3.2.1/source/
maven/maven-3/3.2.2/
maven/maven-3/3.2.2/binaries/
maven/maven-3/3.2.2/source/
maven/plugin-testing/
maven/plugin-tools/
maven/plugins/
maven/pom/
maven/release/
maven/reporting/
maven/resources/
maven/scm/
maven/shared/
maven/skins/
maven/surefire/
maven/wagon/
mesos/
mesos/0.19.0/
mesos/0.19.1/
mina/
mina/ftpserver/
mina/ftpserver/1.0.6/
mina/ftpserver/1.0.6/dist/
mina/mina/
mina/mina/2.0.7/
mina/mina/2.0.7/dist/
mina/mina/3.0.0-M2/
mina/sshd/
mina/sshd/0.12.0/
mina/sshd/0.12.0/dist/
mina/vysper/
mina/vysper/0.7/
mina/vysper/0.7/dist/
mrunit/
mrunit/mrunit-1.1.0/
myfaces/
myfaces/binaries/
myfaces/source/
nutch/
nutch/1.8/
nutch/2.2.1/
ode/
ofbiz/
olingo/
olingo/odata2/
olingo/odata2/rel-1.2.0/
olingo/odata2/rel-2.0.0/
oltu/
oltu/org.apache.oltu.commons/
oltu/org.apache.oltu.jose/
oltu/org.apache.oltu.oauth2/
oltu/org.apache.oltu.parent/
onami/
onami/org.apache.onami.configuration/
onami/org.apache.onami.configuration/6.3.0/
onami/org.apache.onami.converters.parent/
onami/org.apache.onami.converters.parent/1.0.0/
onami/org.apache.onami.persist/
onami/org.apache.onami.persist/1.0.0/
onami/org.apache.onami.scheduler/
onami/org.apache.onami.scheduler/1.4.0/
onami/org.apache.onami.spi/
onami/org.apache.onami.spi/1.0.0/
onami/org.apache.onami.validation/
onami/org.apache.onami.validation/1.0.0/
onami/parent/
onami/parent/4/
oodt/
oozie/
oozie/4.0.1/
openejb/
openejb/eclipse-plugin/
openejb/eclipse-plugin/update-site/
openejb/eclipse-plugin/update-site/features/
openejb/eclipse-plugin/update-site/plugins/
openejb/openejb-4.5.1/
openjpa/
openjpa/1.2.3/
openjpa/2.2.2/
openjpa/2.3.0/
openmeetings/
openmeetings/3.0.2/
openmeetings/3.0.2/bin/
openmeetings/3.0.2/src/
opennlp/
opennlp/opennlp-1.5.3/
openoffice/
openoffice/4.1.0/
openoffice/4.1.0/binaries/
openoffice/4.1.0/binaries/SDK/
openoffice/4.1.0/binaries/ast/
openoffice/4.1.0/binaries/bg/
openoffice/4.1.0/binaries/cs/
openoffice/4.1.0/binaries/da/
openoffice/4.1.0/binaries/de/
openoffice/4.1.0/binaries/el/
openoffice/4.1.0/binaries/en-GB/
openoffice/4.1.0/binaries/en-US/
openoffice/4.1.0/binaries/es/
openoffice/4.1.0/binaries/eu/
openoffice/4.1.0/binaries/fi/
openoffice/4.1.0/binaries/fr/
openoffice/4.1.0/binaries/gd/
openoffice/4.1.0/binaries/gl/
openoffice/4.1.0/binaries/he/
openoffice/4.1.0/binaries/hi/
openoffice/4.1.0/binaries/hu/
openoffice/4.1.0/binaries/it/
openoffice/4.1.0/binaries/ja/
openoffice/4.1.0/binaries/km/
openoffice/4.1.0/binaries/ko/
openoffice/4.1.0/binaries/lt/
openoffice/4.1.0/binaries/nb/
openoffice/4.1.0/binaries/nl/
openoffice/4.1.0/binaries/pl/
openoffice/4.1.0/binaries/pt-BR/
openoffice/4.1.0/binaries/pt/
openoffice/4.1.0/binaries/ru/
openoffice/4.1.0/binaries/sk/
openoffice/4.1.0/binaries/sl/
openoffice/4.1.0/binaries/sr/
openoffice/4.1.0/binaries/sv/
openoffice/4.1.0/binaries/ta/
openoffice/4.1.0/binaries/th/
openoffice/4.1.0/binaries/tr/
openoffice/4.1.0/binaries/vi/
openoffice/4.1.0/binaries/zh-CN/
openoffice/4.1.0/binaries/zh-TW/
openoffice/4.1.0/source/
openwebbeans/
openwebbeans/1.1.8/
openwebbeans/1.2.1/
openwebbeans/1.2.2/
openwebbeans/1.2.5/
openwebbeans/1.2.6/
pdfbox/
pdfbox/1.8.5/
pdfbox/1.8.6/
perl/
perl/contrib/
perl/win32-bin/
phoenix/
pig/
pig/pig-0.12.0/
pig/pig-0.12.1/
pig/pig-0.13.0/
pivot/
pivot/binaries/
pivot/source/
poi/
poi/dev/
poi/dev/bin/
poi/dev/src/
poi/release/
poi/release/bin/
poi/release/src/
portals/
portals/applications/
portals/applications/binaries/
portals/applications/sources/
portals/bridges/
portals/bridges/applications/
portals/bridges/applications/1.0.4/
portals/jetspeed-2/
portals/jetspeed-2/binaries/
portals/jetspeed-2/sources/
portals/pluto/
qpid/
qpid/0.26/
qpid/0.28/
qpid/dispatch/
qpid/dispatch/0.1/
qpid/dispatch/0.2/
qpid/maven/
qpid/proton/
qpid/proton/0.6/
qpid/proton/0.7/
rave/
rave/binaries/
rave/sources/
river/
river/river-2.2.2/
roller/
roller/roller-5/
roller/roller-5/v5.0.4/
roller/roller-5/v5.0.4/bin/
roller/roller-5/v5.0.4/docs/
roller/roller-5/v5.0.4/src/
santuario/
santuario/c-library/
santuario/java-library/
santuario/java-library/1_5_7/
santuario/java-library/2_0_1/
servicemix/
servicemix/servicemix-5/
servicemix/servicemix-5/5.0.2/
servicemix/servicemix-5/5.0.3/
servicemix/servicemix-5/5.1.0/
servicemix/servicemix-5/5.1.1/
shale/
shindig/
shindig/2.5.1/
shiro/
shiro/1.1.0/
shiro/1.2.0/
shiro/1.2.1/
shiro/1.2.2/
shiro/1.2.3/
sis/
sis/0.4/
sling/
sling/eclipse/
sling/eclipse/1.0.0/
sling/eclipse/1.0.2/
sling/eclipse/1.0.2/features/
sling/eclipse/1.0.2/plugins/
sling/eclipse/1.0.2/web/
spamassassin/
spamassassin/source/
spark/
spark/spark-0.8.1-incubating/
spark/spark-0.9.1/
spark/spark-0.9.2/
spark/spark-1.0.0/
spark/spark-1.0.1/
spark/spark-1.0.2/
sqoop/
sqoop/1.4.4/
sqoop/1.99.3/
stanbol/
stdcxx/
stratos/
stratos/4.0.0/
struts/
struts/binaries/
struts/documentation/
struts/examples/
struts/library/
struts/scripting/
struts/scripting/binaries/
struts/scripting/source/
struts/source/
subversion/
synapse/
synapse/1.1.1/
synapse/1.1.2/
synapse/1.2/
synapse/2.0.0/
synapse/2.1.0/
syncope/
syncope/1.0.9/
syncope/1.1.8/
tajo/
tajo/tajo-0.8.0/
tapestry/
tcl/
tcl/mod_tcl/
tcl/rivet/
tcl/rivet/binary/
tcl/rivet/source/
tcl/websh/
tcl/websh/binary/
tcl/websh/source/
tez/
thrift/
thrift/0.9.1/
tika/
tiles/
tiles/autotag/
tiles/autotag/v1.1.0/
tiles/request/
tiles/request/v1.0.3/
tiles/request/v1.0.4/
tiles/request/v1.0.5/
tiles/v2.2.2/
tiles/v3.0.3/
tiles/v3.0.4/
tomcat/
tomcat/maven-plugin/
tomcat/maven-plugin/v2.2/
tomcat/taglibs/
tomcat/taglibs/taglibs-standard-1.2.1/
tomcat/tomcat-6/
tomcat/tomcat-6/v6.0.39/
tomcat/tomcat-6/v6.0.39/bin/
tomcat/tomcat-6/v6.0.39/bin/extras/
tomcat/tomcat-6/v6.0.39/src/
tomcat/tomcat-6/v6.0.41/
tomcat/tomcat-6/v6.0.41/bin/
tomcat/tomcat-6/v6.0.41/bin/extras/
tomcat/tomcat-6/v6.0.41/src/
tomcat/tomcat-7/
tomcat/tomcat-7/v7.0.55/
tomcat/tomcat-7/v7.0.55/bin/
tomcat/tomcat-7/v7.0.55/bin/embed/
tomcat/tomcat-7/v7.0.55/bin/extras/
tomcat/tomcat-7/v7.0.55/src/
tomcat/tomcat-8/
tomcat/tomcat-8/v8.0.9/
tomcat/tomcat-8/v8.0.9/bin/
tomcat/tomcat-8/v8.0.9/bin/embed/
tomcat/tomcat-8/v8.0.9/bin/extras/
tomcat/tomcat-8/v8.0.9/src/
tomcat/tomcat-connectors/
tomcat/tomcat-connectors/jk/
tomcat/tomcat-connectors/jk/binaries/
tomcat/tomcat-connectors/jk/binaries/netware/
tomcat/tomcat-connectors/jk/binaries/windows/
tomcat/tomcat-connectors/jk/binaries/windows/symbols/
tomcat/tomcat-connectors/native/
tomcat/tomcat-connectors/native/1.1.31/
tomcat/tomcat-connectors/native/1.1.31/binaries/
tomcat/tomcat-connectors/native/1.1.31/source/
tomee/
tomee/tomee-1.5.2/
tomee/tomee-1.6.0.1/
tomee/tomee-1.6.0.2/
tomee/tomee-1.6.0/
trafficserver/
trafficserver/patches/
turbine/
turbine/fulcrum/
turbine/fulcrum/fulcrum-cache/
turbine/fulcrum/fulcrum-cache/binaries/
turbine/fulcrum/fulcrum-cache/source/
turbine/fulcrum/fulcrum-crypto/
turbine/fulcrum/fulcrum-crypto/binaries/
turbine/fulcrum/fulcrum-crypto/source/
turbine/fulcrum/fulcrum-factory/
turbine/fulcrum/fulcrum-factory/binaries/
turbine/fulcrum/fulcrum-factory/source/
turbine/fulcrum/fulcrum-hsqldb/
turbine/fulcrum/fulcrum-hsqldb/binaries/
turbine/fulcrum/fulcrum-hsqldb/source/
turbine/fulcrum/fulcrum-intake/
turbine/fulcrum/fulcrum-intake/binaries/
turbine/fulcrum/fulcrum-intake/source/
turbine/fulcrum/fulcrum-jetty/
turbine/fulcrum/fulcrum-jetty/binaries/
turbine/fulcrum/fulcrum-jetty/source/
turbine/fulcrum/fulcrum-json/
turbine/fulcrum/fulcrum-json/binaries/
turbine/fulcrum/fulcrum-json/source/
turbine/fulcrum/fulcrum-localization/
turbine/fulcrum/fulcrum-localization/binaries/
turbine/fulcrum/fulcrum-localization/source/
turbine/fulcrum/fulcrum-mimetype/
turbine/fulcrum/fulcrum-mimetype/binaries/
turbine/fulcrum/fulcrum-mimetype/source/
turbine/fulcrum/fulcrum-parser/
turbine/fulcrum/fulcrum-parser/binaries/
turbine/fulcrum/fulcrum-parser/source/
turbine/fulcrum/fulcrum-pbe/
turbine/fulcrum/fulcrum-pbe/binaries/
turbine/fulcrum/fulcrum-pbe/source/
turbine/fulcrum/fulcrum-pool/
turbine/fulcrum/fulcrum-pool/binaries/
turbine/fulcrum/fulcrum-pool/source/
turbine/fulcrum/fulcrum-quartz/
turbine/fulcrum/fulcrum-quartz/binaries/
turbine/fulcrum/fulcrum-quartz/source/
turbine/fulcrum/fulcrum-spring/
turbine/fulcrum/fulcrum-spring/binaries/
turbine/fulcrum/fulcrum-spring/source/
turbine/fulcrum/fulcrum-testcontainer/
turbine/fulcrum/fulcrum-testcontainer/binaries/
turbine/fulcrum/fulcrum-testcontainer/source/
turbine/fulcrum/fulcrum-upload/
turbine/fulcrum/fulcrum-upload/binaries/
turbine/fulcrum/fulcrum-upload/source/
turbine/fulcrum/fulcrum-xslt/
turbine/fulcrum/fulcrum-xslt/binaries/
turbine/fulcrum/fulcrum-xslt/source/
turbine/fulcrum/fulcrum-yaafi-crypto/
turbine/fulcrum/fulcrum-yaafi-crypto/binaries/
turbine/fulcrum/fulcrum-yaafi-crypto/source/
turbine/fulcrum/fulcrum-yaafi/
turbine/fulcrum/fulcrum-yaafi/binaries/
turbine/fulcrum/fulcrum-yaafi/source/
turbine/maven/
turbine/meta-1.3/
turbine/meta-1.3/binaries/
turbine/meta-1.3/source/
turbine/stratum-1.0/
turbine/stratum-1.0/binaries/
turbine/stratum-1.0/source/
turbine/turbine-2.3.3/
turbine/turbine-2.3.3/binaries/
turbine/turbine-2.3.3/source/
turbine/turbine-4.0-M1/
turbine/turbine-4.0-M1/binaries/
turbine/turbine-4.0-M1/source/
tuscany/
tuscany/java/
tuscany/java/sca/
tuscany/java/sca/2.0.1/
uima/
uima/eclipse-update-site/
uima/eclipse-update-site/ruta-2.0.1/
uima/eclipse-update-site/ruta-2.0.1/features/
uima/eclipse-update-site/ruta-2.0.1/plugins/
uima/eclipse-update-site/ruta/
uima/eclipse-update-site/ruta/features/
uima/eclipse-update-site/ruta/plugins/
uima/eclipse-update-site/uima-as/
uima/eclipse-update-site/uima-as/features/
uima/eclipse-update-site/uima-as/plugins/
uima/eclipse-update-site/uima-as/tmp/
uima/eclipse-update-site/uimaj/
uima/eclipse-update-site/uimaj/features/
uima/eclipse-update-site/uimaj/plugins/
uima/ruta-2.2.0/
uima/ruta-2.2.0/issuesFixed/
uima/ruta-2.2.0/issuesFixed/css/
uima/ruta-2.2.0/issuesFixed/images/
uima/ruta-2.2.0/issuesFixed/images/logos/
uima/uima-as-2.4.2/
uima/uima-as-2.6.0/
uima/uima-ducc-1.0.0/
uima/uimacpp-2.4.0/
uima/uimafit-2.0.0/
uima/uimafit-2.1.0/
uima/uimaj-2.4.2/
uima/uimaj-2.5.0/
uima/uimaj-2.6.0/
vcl/
velocity/
velocity/anakia/
velocity/anakia/1.0/
velocity/docbook/
velocity/docbook/1.0/
velocity/dvsl/
velocity/dvsl/1.0/
velocity/engine/
velocity/engine/1.7/
velocity/texen/
velocity/texen/1.0/
velocity/tools/
velocity/tools/1.4/
velocity/tools/2.0/
vxquery/
whirr/
whirr/whirr-0.8.2/
wicket/
wicket/1.4.23/
wicket/1.4.23/binaries/
wicket/1.5.11/
wicket/1.5.11/binaries/
wicket/6.14.0/
wicket/6.14.0/binaries/
wicket/6.15.0/
wicket/6.15.0/binaries/
wicket/6.16.0/
wicket/6.16.0/binaries/
wicket/7.0.0-M1/
wicket/7.0.0-M1/binaries/
wicket/7.0.0-M2/
wicket/7.0.0-M2/binaries/
wink/
wink/1.4.0/
wookie/
wookie/1.0.0/
wookie/1.0.0/binary/
wookie/1.0.0/binary/standalone/
wookie/1.0.0/binary/war/
wookie/1.0.0/source/
ws/
ws/axiom/
ws/axiom/1.2.14/
ws/neethi/
ws/neethi/3.0.3/
ws/woden/
ws/woden/1.0M9/
ws/wss4j/
ws/wss4j/1.6.16/
ws/wss4j/2.0.1/
ws/xmlschema/
ws/xmlschema/1.4.7/
ws/xmlschema/2.1.0/
xalan/
xalan/xalan-c/
xalan/xalan-c/binaries/
xalan/xalan-c/docs/
xalan/xalan-c/sources/
xalan/xalan-j/
xalan/xalan-j/binaries/
xalan/xalan-j/source/
xerces/
xerces/c/
xerces/c/2/
xerces/c/2/binaries/
xerces/c/2/sources/
xerces/c/3/
xerces/c/3/binaries/
xerces/c/3/sources/
xerces/j/
xerces/j/binaries/
xerces/j/source/
xerces/p/
xerces/p/source/
xerces/xml-commons/
xerces/xml-commons/binaries/
xerces/xml-commons/source/
xml/
xml/axkit/
xml/cocoon/
xml/commons/
xml/security/
xml/xalan-c/
xml/xalan-j/
xml/xerces-c/
xml/xerces-j/
xml/xerces-p/
xml/xindice/
xml/xmlbeans/
xmlbeans/
xmlbeans/binaries/
xmlbeans/source/
xmlgraphics/
xmlgraphics/batik/
xmlgraphics/commons/
xmlgraphics/commons/binaries/
xmlgraphics/commons/source/
xmlgraphics/fop/
xmlgraphics/fop/binaries/
xmlgraphics/fop/source/
zookeeper/
zookeeper/bookkeeper/
zookeeper/bookkeeper/bookkeeper-4.2.2/
zookeeper/bookkeeper/bookkeeper-4.2.3/
zookeeper/zookeeper-3.3.6/
zookeeper/zookeeper-3.4.5/
zookeeper/zookeeper-3.4.6/
zzz/
zzz/time.txt
zzz/rsync-module/

Number of files: 8561
Number of files transferred: 1
Total file size: 81525469736 bytes
Total transferred file size: 31 bytes
Literal data: 31 bytes
Matched data: 0 bytes
File list size: 266052
File list generation time: 4.879 seconds
File list transfer time: 0.000 seconds
Total bytes sent: 25752
Total bytes received: 291840

sent 25752 bytes  received 291840 bytes  186.11 bytes/sec
total size is 81525469736  speedup is 256698.75
