2014-08-05 21:48:38
rsync://archive.ubuntu.com/ubuntu
This is an Ubuntu mirror - treat it kindly

receiving file list ... done
./
ls-lR.gz
.trace/
.trace/ubuntu-orobas
dists/
dists/lucid-backports/
dists/lucid-backports/main/
dists/lucid-backports/main/binary-amd64/
dists/lucid-backports/main/binary-i386/
dists/lucid-backports/main/debian-installer/
dists/lucid-backports/main/debian-installer/binary-amd64/
dists/lucid-backports/main/debian-installer/binary-i386/
dists/lucid-backports/main/source/
dists/lucid-backports/multiverse/
dists/lucid-backports/multiverse/binary-amd64/
dists/lucid-backports/multiverse/binary-i386/
dists/lucid-backports/multiverse/debian-installer/
dists/lucid-backports/multiverse/debian-installer/binary-amd64/
dists/lucid-backports/multiverse/debian-installer/binary-i386/
dists/lucid-backports/multiverse/source/
dists/lucid-backports/restricted/
dists/lucid-backports/restricted/binary-amd64/
dists/lucid-backports/restricted/binary-i386/
dists/lucid-backports/restricted/debian-installer/
dists/lucid-backports/restricted/debian-installer/binary-amd64/
dists/lucid-backports/restricted/debian-installer/binary-i386/
dists/lucid-backports/restricted/source/
dists/lucid-backports/universe/
dists/lucid-backports/universe/binary-amd64/
dists/lucid-backports/universe/binary-i386/
dists/lucid-backports/universe/debian-installer/
dists/lucid-backports/universe/debian-installer/binary-amd64/
dists/lucid-backports/universe/debian-installer/binary-i386/
dists/lucid-backports/universe/source/
dists/lucid-proposed/
dists/lucid-proposed/Release
dists/lucid-proposed/Release.gpg
dists/lucid-proposed/main/
dists/lucid-proposed/main/binary-amd64/
dists/lucid-proposed/main/binary-amd64/Packages.bz2
dists/lucid-proposed/main/binary-amd64/Packages.gz
dists/lucid-proposed/main/binary-amd64/Release
dists/lucid-proposed/main/binary-i386/
dists/lucid-proposed/main/binary-i386/Packages.bz2
dists/lucid-proposed/main/binary-i386/Packages.gz
dists/lucid-proposed/main/binary-i386/Release
dists/lucid-proposed/main/debian-installer/
dists/lucid-proposed/main/debian-installer/binary-amd64/
dists/lucid-proposed/main/debian-installer/binary-amd64/Packages.bz2
dists/lucid-proposed/main/debian-installer/binary-amd64/Packages.gz
dists/lucid-proposed/main/debian-installer/binary-i386/
dists/lucid-proposed/main/debian-installer/binary-i386/Packages.bz2
dists/lucid-proposed/main/debian-installer/binary-i386/Packages.gz
dists/lucid-proposed/main/dist-upgrader-all/
dists/lucid-proposed/main/dist-upgrader-all/0.134.11/
dists/lucid-proposed/main/dist-upgrader-all/0.134.12.1/
dists/lucid-proposed/main/dist-upgrader-all/0.134.12/
dists/lucid-proposed/main/i18n/
dists/lucid-proposed/main/i18n/Index
dists/lucid-proposed/main/installer-amd64/
dists/lucid-proposed/main/installer-amd64/20081029ubuntu102.16/
dists/lucid-proposed/main/installer-amd64/20081029ubuntu102.16/images/
dists/lucid-proposed/main/installer-amd64/20081029ubuntu102.16/images/cdrom/
dists/lucid-proposed/main/installer-amd64/20081029ubuntu102.16/images/hd-media/
dists/lucid-proposed/main/installer-amd64/20081029ubuntu102.16/images/maverick-cdrom/
dists/lucid-proposed/main/installer-amd64/20081029ubuntu102.16/images/maverick-hd-media/
dists/lucid-proposed/main/installer-amd64/20081029ubuntu102.16/images/maverick-netboot/
dists/lucid-proposed/main/installer-amd64/20081029ubuntu102.16/images/maverick-netboot/ubuntu-installer/
dists/lucid-proposed/main/installer-amd64/20081029ubuntu102.16/images/maverick-netboot/ubuntu-installer/amd64/
dists/lucid-proposed/main/installer-amd64/20081029ubuntu102.16/images/maverick-netboot/ubuntu-installer/amd64/boot-screens/
dists/lucid-proposed/main/installer-amd64/20081029ubuntu102.16/images/maverick-netboot/ubuntu-installer/amd64/pxelinux.cfg/
dists/lucid-proposed/main/installer-amd64/20081029ubuntu102.16/images/maverick-netboot/xen/
dists/lucid-proposed/main/installer-amd64/20081029ubuntu102.16/images/natty-cdrom/
dists/lucid-proposed/main/installer-amd64/20081029ubuntu102.16/images/natty-hd-media/
dists/lucid-proposed/main/installer-amd64/20081029ubuntu102.16/images/natty-netboot/
dists/lucid-proposed/main/installer-amd64/20081029ubuntu102.16/images/natty-netboot/ubuntu-installer/
dists/lucid-proposed/main/installer-amd64/20081029ubuntu102.16/images/natty-netboot/ubuntu-installer/amd64/
dists/lucid-proposed/main/installer-amd64/20081029ubuntu102.16/images/natty-netboot/ubuntu-installer/amd64/boot-screens/
dists/lucid-proposed/main/installer-amd64/20081029ubuntu102.16/images/natty-netboot/ubuntu-installer/amd64/pxelinux.cfg/
dists/lucid-proposed/main/installer-amd64/20081029ubuntu102.16/images/natty-netboot/xen/
dists/lucid-proposed/main/installer-amd64/20081029ubuntu102.16/images/netboot/
dists/lucid-proposed/main/installer-amd64/20081029ubuntu102.16/images/netboot/ubuntu-installer/
dists/lucid-proposed/main/installer-amd64/20081029ubuntu102.16/images/netboot/ubuntu-installer/amd64/
dists/lucid-proposed/main/installer-amd64/20081029ubuntu102.16/images/netboot/ubuntu-installer/amd64/boot-screens/
dists/lucid-proposed/main/installer-amd64/20081029ubuntu102.16/images/netboot/ubuntu-installer/amd64/pxelinux.cfg/
dists/lucid-proposed/main/installer-amd64/20081029ubuntu102.16/images/netboot/xen/
dists/lucid-proposed/main/installer-amd64/20081029ubuntu102.16/images/oneiric-cdrom/
dists/lucid-proposed/main/installer-amd64/20081029ubuntu102.16/images/oneiric-hd-media/
dists/lucid-proposed/main/installer-amd64/20081029ubuntu102.16/images/oneiric-netboot/
dists/lucid-proposed/main/installer-amd64/20081029ubuntu102.16/images/oneiric-netboot/ubuntu-installer/
dists/lucid-proposed/main/installer-amd64/20081029ubuntu102.16/images/oneiric-netboot/ubuntu-installer/amd64/
dists/lucid-proposed/main/installer-amd64/20081029ubuntu102.16/images/oneiric-netboot/ubuntu-installer/amd64/boot-screens/
dists/lucid-proposed/main/installer-amd64/20081029ubuntu102.16/images/oneiric-netboot/ubuntu-installer/amd64/pxelinux.cfg/
dists/lucid-proposed/main/installer-amd64/20081029ubuntu102.16/images/oneiric-netboot/xen/
dists/lucid-proposed/main/installer-amd64/20081029ubuntu102.17/
dists/lucid-proposed/main/installer-amd64/20081029ubuntu102.17/images/
dists/lucid-proposed/main/installer-amd64/20081029ubuntu102.17/images/cdrom/
dists/lucid-proposed/main/installer-amd64/20081029ubuntu102.17/images/hd-media/
dists/lucid-proposed/main/installer-amd64/20081029ubuntu102.17/images/maverick-cdrom/
dists/lucid-proposed/main/installer-amd64/20081029ubuntu102.17/images/maverick-hd-media/
dists/lucid-proposed/main/installer-amd64/20081029ubuntu102.17/images/maverick-netboot/
dists/lucid-proposed/main/installer-amd64/20081029ubuntu102.17/images/maverick-netboot/ubuntu-installer/
dists/lucid-proposed/main/installer-amd64/20081029ubuntu102.17/images/maverick-netboot/ubuntu-installer/amd64/
dists/lucid-proposed/main/installer-amd64/20081029ubuntu102.17/images/maverick-netboot/ubuntu-installer/amd64/boot-screens/
dists/lucid-proposed/main/installer-amd64/20081029ubuntu102.17/images/maverick-netboot/ubuntu-installer/amd64/pxelinux.cfg/
dists/lucid-proposed/main/installer-amd64/20081029ubuntu102.17/images/maverick-netboot/xen/
dists/lucid-proposed/main/installer-amd64/20081029ubuntu102.17/images/natty-cdrom/
dists/lucid-proposed/main/installer-amd64/20081029ubuntu102.17/images/natty-hd-media/
dists/lucid-proposed/main/installer-amd64/20081029ubuntu102.17/images/natty-netboot/
dists/lucid-proposed/main/installer-amd64/20081029ubuntu102.17/images/natty-netboot/ubuntu-installer/
dists/lucid-proposed/main/installer-amd64/20081029ubuntu102.17/images/natty-netboot/ubuntu-installer/amd64/
dists/lucid-proposed/main/installer-amd64/20081029ubuntu102.17/images/natty-netboot/ubuntu-installer/amd64/boot-screens/
dists/lucid-proposed/main/installer-amd64/20081029ubuntu102.17/images/natty-netboot/ubuntu-installer/amd64/pxelinux.cfg/
dists/lucid-proposed/main/installer-amd64/20081029ubuntu102.17/images/natty-netboot/xen/
dists/lucid-proposed/main/installer-amd64/20081029ubuntu102.17/images/netboot/
dists/lucid-proposed/main/installer-amd64/20081029ubuntu102.17/images/netboot/ubuntu-installer/
dists/lucid-proposed/main/installer-amd64/20081029ubuntu102.17/images/netboot/ubuntu-installer/amd64/
dists/lucid-proposed/main/installer-amd64/20081029ubuntu102.17/images/netboot/ubuntu-installer/amd64/boot-screens/
dists/lucid-proposed/main/installer-amd64/20081029ubuntu102.17/images/netboot/ubuntu-installer/amd64/pxelinux.cfg/
dists/lucid-proposed/main/installer-amd64/20081029ubuntu102.17/images/netboot/xen/
dists/lucid-proposed/main/installer-amd64/20081029ubuntu102.17/images/oneiric-cdrom/
dists/lucid-proposed/main/installer-amd64/20081029ubuntu102.17/images/oneiric-hd-media/
dists/lucid-proposed/main/installer-amd64/20081029ubuntu102.17/images/oneiric-netboot/
dists/lucid-proposed/main/installer-amd64/20081029ubuntu102.17/images/oneiric-netboot/ubuntu-installer/
dists/lucid-proposed/main/installer-amd64/20081029ubuntu102.17/images/oneiric-netboot/ubuntu-installer/amd64/
dists/lucid-proposed/main/installer-amd64/20081029ubuntu102.17/images/oneiric-netboot/ubuntu-installer/amd64/boot-screens/
dists/lucid-proposed/main/installer-amd64/20081029ubuntu102.17/images/oneiric-netboot/ubuntu-installer/amd64/pxelinux.cfg/
dists/lucid-proposed/main/installer-amd64/20081029ubuntu102.17/images/oneiric-netboot/xen/
dists/lucid-proposed/main/installer-amd64/20081029ubuntu102.18/
dists/lucid-proposed/main/installer-amd64/20081029ubuntu102.18/images/
dists/lucid-proposed/main/installer-amd64/20081029ubuntu102.18/images/cdrom/
dists/lucid-proposed/main/installer-amd64/20081029ubuntu102.18/images/hd-media/
dists/lucid-proposed/main/installer-amd64/20081029ubuntu102.18/images/maverick-cdrom/
dists/lucid-proposed/main/installer-amd64/20081029ubuntu102.18/images/maverick-hd-media/
dists/lucid-proposed/main/installer-amd64/20081029ubuntu102.18/images/maverick-netboot/
dists/lucid-proposed/main/installer-amd64/20081029ubuntu102.18/images/maverick-netboot/ubuntu-installer/
dists/lucid-proposed/main/installer-amd64/20081029ubuntu102.18/images/maverick-netboot/ubuntu-installer/amd64/
dists/lucid-proposed/main/installer-amd64/20081029ubuntu102.18/images/maverick-netboot/ubuntu-installer/amd64/boot-screens/
dists/lucid-proposed/main/installer-amd64/20081029ubuntu102.18/images/maverick-netboot/ubuntu-installer/amd64/pxelinux.cfg/
dists/lucid-proposed/main/installer-amd64/20081029ubuntu102.18/images/maverick-netboot/xen/
dists/lucid-proposed/main/installer-amd64/20081029ubuntu102.18/images/natty-cdrom/
dists/lucid-proposed/main/installer-amd64/20081029ubuntu102.18/images/natty-hd-media/
dists/lucid-proposed/main/installer-amd64/20081029ubuntu102.18/images/natty-netboot/
dists/lucid-proposed/main/installer-amd64/20081029ubuntu102.18/images/natty-netboot/ubuntu-installer/
dists/lucid-proposed/main/installer-amd64/20081029ubuntu102.18/images/natty-netboot/ubuntu-installer/amd64/
dists/lucid-proposed/main/installer-amd64/20081029ubuntu102.18/images/natty-netboot/ubuntu-installer/amd64/boot-screens/
dists/lucid-proposed/main/installer-amd64/20081029ubuntu102.18/images/natty-netboot/ubuntu-installer/amd64/pxelinux.cfg/
dists/lucid-proposed/main/installer-amd64/20081029ubuntu102.18/images/natty-netboot/xen/
dists/lucid-proposed/main/installer-amd64/20081029ubuntu102.18/images/netboot/
dists/lucid-proposed/main/installer-amd64/20081029ubuntu102.18/images/netboot/ubuntu-installer/
dists/lucid-proposed/main/installer-amd64/20081029ubuntu102.18/images/netboot/ubuntu-installer/amd64/
dists/lucid-proposed/main/installer-amd64/20081029ubuntu102.18/images/netboot/ubuntu-installer/amd64/boot-screens/
dists/lucid-proposed/main/installer-amd64/20081029ubuntu102.18/images/netboot/ubuntu-installer/amd64/pxelinux.cfg/
dists/lucid-proposed/main/installer-amd64/20081029ubuntu102.18/images/netboot/xen/
dists/lucid-proposed/main/installer-amd64/20081029ubuntu102.18/images/oneiric-cdrom/
dists/lucid-proposed/main/installer-amd64/20081029ubuntu102.18/images/oneiric-hd-media/
dists/lucid-proposed/main/installer-amd64/20081029ubuntu102.18/images/oneiric-netboot/
dists/lucid-proposed/main/installer-amd64/20081029ubuntu102.18/images/oneiric-netboot/ubuntu-installer/
dists/lucid-proposed/main/installer-amd64/20081029ubuntu102.18/images/oneiric-netboot/ubuntu-installer/amd64/
dists/lucid-proposed/main/installer-amd64/20081029ubuntu102.18/images/oneiric-netboot/ubuntu-installer/amd64/boot-screens/
dists/lucid-proposed/main/installer-amd64/20081029ubuntu102.18/images/oneiric-netboot/ubuntu-installer/amd64/pxelinux.cfg/
dists/lucid-proposed/main/installer-amd64/20081029ubuntu102.18/images/oneiric-netboot/xen/
dists/lucid-proposed/main/installer-i386/
dists/lucid-proposed/main/installer-i386/20081029ubuntu102.16/
dists/lucid-proposed/main/installer-i386/20081029ubuntu102.16/images/
dists/lucid-proposed/main/installer-i386/20081029ubuntu102.16/images/cdrom/
dists/lucid-proposed/main/installer-i386/20081029ubuntu102.16/images/hd-media/
dists/lucid-proposed/main/installer-i386/20081029ubuntu102.16/images/maverick-cdrom/
dists/lucid-proposed/main/installer-i386/20081029ubuntu102.16/images/maverick-hd-media/
dists/lucid-proposed/main/installer-i386/20081029ubuntu102.16/images/maverick-netboot/
dists/lucid-proposed/main/installer-i386/20081029ubuntu102.16/images/maverick-netboot/ubuntu-installer/
dists/lucid-proposed/main/installer-i386/20081029ubuntu102.16/images/maverick-netboot/ubuntu-installer/i386/
dists/lucid-proposed/main/installer-i386/20081029ubuntu102.16/images/maverick-netboot/ubuntu-installer/i386/boot-screens/
dists/lucid-proposed/main/installer-i386/20081029ubuntu102.16/images/maverick-netboot/ubuntu-installer/i386/pxelinux.cfg/
dists/lucid-proposed/main/installer-i386/20081029ubuntu102.16/images/maverick-netboot/xen/
dists/lucid-proposed/main/installer-i386/20081029ubuntu102.16/images/natty-cdrom/
dists/lucid-proposed/main/installer-i386/20081029ubuntu102.16/images/natty-hd-media/
dists/lucid-proposed/main/installer-i386/20081029ubuntu102.16/images/natty-netboot/
dists/lucid-proposed/main/installer-i386/20081029ubuntu102.16/images/natty-netboot/ubuntu-installer/
dists/lucid-proposed/main/installer-i386/20081029ubuntu102.16/images/natty-netboot/ubuntu-installer/i386/
dists/lucid-proposed/main/installer-i386/20081029ubuntu102.16/images/natty-netboot/ubuntu-installer/i386/boot-screens/
dists/lucid-proposed/main/installer-i386/20081029ubuntu102.16/images/natty-netboot/ubuntu-installer/i386/pxelinux.cfg/
dists/lucid-proposed/main/installer-i386/20081029ubuntu102.16/images/natty-netboot/xen/
dists/lucid-proposed/main/installer-i386/20081029ubuntu102.16/images/netboot/
dists/lucid-proposed/main/installer-i386/20081029ubuntu102.16/images/netboot/ubuntu-installer/
dists/lucid-proposed/main/installer-i386/20081029ubuntu102.16/images/netboot/ubuntu-installer/i386/
dists/lucid-proposed/main/installer-i386/20081029ubuntu102.16/images/netboot/ubuntu-installer/i386/boot-screens/
dists/lucid-proposed/main/installer-i386/20081029ubuntu102.16/images/netboot/ubuntu-installer/i386/pxelinux.cfg/
dists/lucid-proposed/main/installer-i386/20081029ubuntu102.16/images/netboot/xen/
dists/lucid-proposed/main/installer-i386/20081029ubuntu102.16/images/oneiric-cdrom/
dists/lucid-proposed/main/installer-i386/20081029ubuntu102.16/images/oneiric-hd-media/
dists/lucid-proposed/main/installer-i386/20081029ubuntu102.16/images/oneiric-netboot/
dists/lucid-proposed/main/installer-i386/20081029ubuntu102.16/images/oneiric-netboot/ubuntu-installer/
dists/lucid-proposed/main/installer-i386/20081029ubuntu102.16/images/oneiric-netboot/ubuntu-installer/i386/
dists/lucid-proposed/main/installer-i386/20081029ubuntu102.16/images/oneiric-netboot/ubuntu-installer/i386/boot-screens/
dists/lucid-proposed/main/installer-i386/20081029ubuntu102.16/images/oneiric-netboot/ubuntu-installer/i386/pxelinux.cfg/
dists/lucid-proposed/main/installer-i386/20081029ubuntu102.16/images/oneiric-netboot/xen/
dists/lucid-proposed/main/installer-i386/20081029ubuntu102.17/
dists/lucid-proposed/main/installer-i386/20081029ubuntu102.17/images/
dists/lucid-proposed/main/installer-i386/20081029ubuntu102.17/images/cdrom/
dists/lucid-proposed/main/installer-i386/20081029ubuntu102.17/images/hd-media/
dists/lucid-proposed/main/installer-i386/20081029ubuntu102.17/images/maverick-cdrom/
dists/lucid-proposed/main/installer-i386/20081029ubuntu102.17/images/maverick-hd-media/
dists/lucid-proposed/main/installer-i386/20081029ubuntu102.17/images/maverick-netboot/
dists/lucid-proposed/main/installer-i386/20081029ubuntu102.17/images/maverick-netboot/ubuntu-installer/
dists/lucid-proposed/main/installer-i386/20081029ubuntu102.17/images/maverick-netboot/ubuntu-installer/i386/
dists/lucid-proposed/main/installer-i386/20081029ubuntu102.17/images/maverick-netboot/ubuntu-installer/i386/boot-screens/
dists/lucid-proposed/main/installer-i386/20081029ubuntu102.17/images/maverick-netboot/ubuntu-installer/i386/pxelinux.cfg/
dists/lucid-proposed/main/installer-i386/20081029ubuntu102.17/images/maverick-netboot/xen/
dists/lucid-proposed/main/installer-i386/20081029ubuntu102.17/images/natty-cdrom/
dists/lucid-proposed/main/installer-i386/20081029ubuntu102.17/images/natty-hd-media/
dists/lucid-proposed/main/installer-i386/20081029ubuntu102.17/images/natty-netboot/
dists/lucid-proposed/main/installer-i386/20081029ubuntu102.17/images/natty-netboot/ubuntu-installer/
dists/lucid-proposed/main/installer-i386/20081029ubuntu102.17/images/natty-netboot/ubuntu-installer/i386/
dists/lucid-proposed/main/installer-i386/20081029ubuntu102.17/images/natty-netboot/ubuntu-installer/i386/boot-screens/
dists/lucid-proposed/main/installer-i386/20081029ubuntu102.17/images/natty-netboot/ubuntu-installer/i386/pxelinux.cfg/
dists/lucid-proposed/main/installer-i386/20081029ubuntu102.17/images/natty-netboot/xen/
dists/lucid-proposed/main/installer-i386/20081029ubuntu102.17/images/netboot/
dists/lucid-proposed/main/installer-i386/20081029ubuntu102.17/images/netboot/ubuntu-installer/
dists/lucid-proposed/main/installer-i386/20081029ubuntu102.17/images/netboot/ubuntu-installer/i386/
dists/lucid-proposed/main/installer-i386/20081029ubuntu102.17/images/netboot/ubuntu-installer/i386/boot-screens/
dists/lucid-proposed/main/installer-i386/20081029ubuntu102.17/images/netboot/ubuntu-installer/i386/pxelinux.cfg/
dists/lucid-proposed/main/installer-i386/20081029ubuntu102.17/images/netboot/xen/
dists/lucid-proposed/main/installer-i386/20081029ubuntu102.17/images/oneiric-cdrom/
dists/lucid-proposed/main/installer-i386/20081029ubuntu102.17/images/oneiric-hd-media/
dists/lucid-proposed/main/installer-i386/20081029ubuntu102.17/images/oneiric-netboot/
dists/lucid-proposed/main/installer-i386/20081029ubuntu102.17/images/oneiric-netboot/ubuntu-installer/
dists/lucid-proposed/main/installer-i386/20081029ubuntu102.17/images/oneiric-netboot/ubuntu-installer/i386/
dists/lucid-proposed/main/installer-i386/20081029ubuntu102.17/images/oneiric-netboot/ubuntu-installer/i386/boot-screens/
dists/lucid-proposed/main/installer-i386/20081029ubuntu102.17/images/oneiric-netboot/ubuntu-installer/i386/pxelinux.cfg/
dists/lucid-proposed/main/installer-i386/20081029ubuntu102.17/images/oneiric-netboot/xen/
dists/lucid-proposed/main/installer-i386/20081029ubuntu102.18/
dists/lucid-proposed/main/installer-i386/20081029ubuntu102.18/images/
dists/lucid-proposed/main/installer-i386/20081029ubuntu102.18/images/cdrom/
dists/lucid-proposed/main/installer-i386/20081029ubuntu102.18/images/hd-media/
dists/lucid-proposed/main/installer-i386/20081029ubuntu102.18/images/maverick-cdrom/
dists/lucid-proposed/main/installer-i386/20081029ubuntu102.18/images/maverick-hd-media/
dists/lucid-proposed/main/installer-i386/20081029ubuntu102.18/images/maverick-netboot/
dists/lucid-proposed/main/installer-i386/20081029ubuntu102.18/images/maverick-netboot/ubuntu-installer/
dists/lucid-proposed/main/installer-i386/20081029ubuntu102.18/images/maverick-netboot/ubuntu-installer/i386/
dists/lucid-proposed/main/installer-i386/20081029ubuntu102.18/images/maverick-netboot/ubuntu-installer/i386/boot-screens/
dists/lucid-proposed/main/installer-i386/20081029ubuntu102.18/images/maverick-netboot/ubuntu-installer/i386/pxelinux.cfg/
dists/lucid-proposed/main/installer-i386/20081029ubuntu102.18/images/maverick-netboot/xen/
dists/lucid-proposed/main/installer-i386/20081029ubuntu102.18/images/natty-cdrom/
dists/lucid-proposed/main/installer-i386/20081029ubuntu102.18/images/natty-hd-media/
dists/lucid-proposed/main/installer-i386/20081029ubuntu102.18/images/natty-netboot/
dists/lucid-proposed/main/installer-i386/20081029ubuntu102.18/images/natty-netboot/ubuntu-installer/
dists/lucid-proposed/main/installer-i386/20081029ubuntu102.18/images/natty-netboot/ubuntu-installer/i386/
dists/lucid-proposed/main/installer-i386/20081029ubuntu102.18/images/natty-netboot/ubuntu-installer/i386/boot-screens/
dists/lucid-proposed/main/installer-i386/20081029ubuntu102.18/images/natty-netboot/ubuntu-installer/i386/pxelinux.cfg/
dists/lucid-proposed/main/installer-i386/20081029ubuntu102.18/images/natty-netboot/xen/
dists/lucid-proposed/main/installer-i386/20081029ubuntu102.18/images/netboot/
dists/lucid-proposed/main/installer-i386/20081029ubuntu102.18/images/netboot/ubuntu-installer/
dists/lucid-proposed/main/installer-i386/20081029ubuntu102.18/images/netboot/ubuntu-installer/i386/
dists/lucid-proposed/main/installer-i386/20081029ubuntu102.18/images/netboot/ubuntu-installer/i386/boot-screens/
dists/lucid-proposed/main/installer-i386/20081029ubuntu102.18/images/netboot/ubuntu-installer/i386/pxelinux.cfg/
dists/lucid-proposed/main/installer-i386/20081029ubuntu102.18/images/netboot/xen/
dists/lucid-proposed/main/installer-i386/20081029ubuntu102.18/images/oneiric-cdrom/
dists/lucid-proposed/main/installer-i386/20081029ubuntu102.18/images/oneiric-hd-media/
dists/lucid-proposed/main/installer-i386/20081029ubuntu102.18/images/oneiric-netboot/
dists/lucid-proposed/main/installer-i386/20081029ubuntu102.18/images/oneiric-netboot/ubuntu-installer/
dists/lucid-proposed/main/installer-i386/20081029ubuntu102.18/images/oneiric-netboot/ubuntu-installer/i386/
dists/lucid-proposed/main/installer-i386/20081029ubuntu102.18/images/oneiric-netboot/ubuntu-installer/i386/boot-screens/
dists/lucid-proposed/main/installer-i386/20081029ubuntu102.18/images/oneiric-netboot/ubuntu-installer/i386/pxelinux.cfg/
dists/lucid-proposed/main/installer-i386/20081029ubuntu102.18/images/oneiric-netboot/xen/
dists/lucid-proposed/main/source/
dists/lucid-proposed/main/source/Release
dists/lucid-proposed/main/source/Sources.bz2
dists/lucid-proposed/main/source/Sources.gz
dists/lucid-proposed/multiverse/
dists/lucid-proposed/multiverse/binary-amd64/
dists/lucid-proposed/multiverse/binary-amd64/Packages.bz2
dists/lucid-proposed/multiverse/binary-amd64/Packages.gz
dists/lucid-proposed/multiverse/binary-amd64/Release
dists/lucid-proposed/multiverse/binary-i386/
dists/lucid-proposed/multiverse/binary-i386/Packages.bz2
dists/lucid-proposed/multiverse/binary-i386/Packages.gz
dists/lucid-proposed/multiverse/binary-i386/Release
dists/lucid-proposed/multiverse/debian-installer/
dists/lucid-proposed/multiverse/debian-installer/binary-amd64/
dists/lucid-proposed/multiverse/debian-installer/binary-amd64/Packages.bz2
dists/lucid-proposed/multiverse/debian-installer/binary-amd64/Packages.gz
dists/lucid-proposed/multiverse/debian-installer/binary-i386/
dists/lucid-proposed/multiverse/debian-installer/binary-i386/Packages.bz2
dists/lucid-proposed/multiverse/debian-installer/binary-i386/Packages.gz
dists/lucid-proposed/multiverse/i18n/
dists/lucid-proposed/multiverse/i18n/Index
dists/lucid-proposed/multiverse/source/
dists/lucid-proposed/multiverse/source/Release
dists/lucid-proposed/multiverse/source/Sources.bz2
dists/lucid-proposed/multiverse/source/Sources.gz
dists/lucid-proposed/restricted/
dists/lucid-proposed/restricted/binary-amd64/
dists/lucid-proposed/restricted/binary-amd64/Packages.bz2
dists/lucid-proposed/restricted/binary-amd64/Packages.gz
dists/lucid-proposed/restricted/binary-amd64/Release
dists/lucid-proposed/restricted/binary-i386/
dists/lucid-proposed/restricted/binary-i386/Packages.bz2
dists/lucid-proposed/restricted/binary-i386/Packages.gz
dists/lucid-proposed/restricted/binary-i386/Release
dists/lucid-proposed/restricted/debian-installer/
dists/lucid-proposed/restricted/debian-installer/binary-amd64/
dists/lucid-proposed/restricted/debian-installer/binary-amd64/Packages.bz2
dists/lucid-proposed/restricted/debian-installer/binary-amd64/Packages.gz
dists/lucid-proposed/restricted/debian-installer/binary-i386/
dists/lucid-proposed/restricted/debian-installer/binary-i386/Packages.bz2
dists/lucid-proposed/restricted/debian-installer/binary-i386/Packages.gz
dists/lucid-proposed/restricted/i18n/
dists/lucid-proposed/restricted/i18n/Index
dists/lucid-proposed/restricted/source/
dists/lucid-proposed/restricted/source/Release
dists/lucid-proposed/restricted/source/Sources.bz2
dists/lucid-proposed/restricted/source/Sources.gz
dists/lucid-proposed/universe/
dists/lucid-proposed/universe/binary-amd64/
dists/lucid-proposed/universe/binary-amd64/Packages.bz2
dists/lucid-proposed/universe/binary-amd64/Packages.gz
dists/lucid-proposed/universe/binary-amd64/Release
dists/lucid-proposed/universe/binary-i386/
dists/lucid-proposed/universe/binary-i386/Packages.bz2
dists/lucid-proposed/universe/binary-i386/Packages.gz
dists/lucid-proposed/universe/binary-i386/Release
dists/lucid-proposed/universe/debian-installer/
dists/lucid-proposed/universe/debian-installer/binary-amd64/
dists/lucid-proposed/universe/debian-installer/binary-amd64/Packages.bz2
dists/lucid-proposed/universe/debian-installer/binary-amd64/Packages.gz
dists/lucid-proposed/universe/debian-installer/binary-i386/
dists/lucid-proposed/universe/debian-installer/binary-i386/Packages.bz2
dists/lucid-proposed/universe/debian-installer/binary-i386/Packages.gz
dists/lucid-proposed/universe/i18n/
dists/lucid-proposed/universe/i18n/Index
dists/lucid-proposed/universe/source/
dists/lucid-proposed/universe/source/Release
dists/lucid-proposed/universe/source/Sources.bz2
dists/lucid-proposed/universe/source/Sources.gz
dists/lucid-security/
dists/lucid-security/Release
dists/lucid-security/Release.gpg
dists/lucid-security/main/
dists/lucid-security/main/binary-amd64/
dists/lucid-security/main/binary-amd64/Packages.bz2
dists/lucid-security/main/binary-amd64/Packages.gz
dists/lucid-security/main/binary-amd64/Release
dists/lucid-security/main/binary-i386/
dists/lucid-security/main/binary-i386/Packages.bz2
dists/lucid-security/main/binary-i386/Packages.gz
dists/lucid-security/main/binary-i386/Release
dists/lucid-security/main/debian-installer/
dists/lucid-security/main/debian-installer/binary-amd64/
dists/lucid-security/main/debian-installer/binary-amd64/Packages.bz2
dists/lucid-security/main/debian-installer/binary-amd64/Packages.gz
dists/lucid-security/main/debian-installer/binary-i386/
dists/lucid-security/main/debian-installer/binary-i386/Packages.bz2
dists/lucid-security/main/debian-installer/binary-i386/Packages.gz
dists/lucid-security/main/dist-upgrader-all/
dists/lucid-security/main/dist-upgrader-all/0.134.11.1/
dists/lucid-security/main/dist-upgrader-all/0.134.11.2/
dists/lucid-security/main/source/
dists/lucid-security/main/source/Release
dists/lucid-security/main/source/Sources.bz2
dists/lucid-security/main/source/Sources.gz
dists/lucid-security/multiverse/
dists/lucid-security/multiverse/binary-amd64/
dists/lucid-security/multiverse/binary-amd64/Packages.bz2
dists/lucid-security/multiverse/binary-amd64/Packages.gz
dists/lucid-security/multiverse/binary-amd64/Release
dists/lucid-security/multiverse/binary-i386/
dists/lucid-security/multiverse/binary-i386/Packages.bz2
dists/lucid-security/multiverse/binary-i386/Packages.gz
dists/lucid-security/multiverse/binary-i386/Release
dists/lucid-security/multiverse/debian-installer/
dists/lucid-security/multiverse/debian-installer/binary-amd64/
dists/lucid-security/multiverse/debian-installer/binary-amd64/Packages.bz2
dists/lucid-security/multiverse/debian-installer/binary-amd64/Packages.gz
dists/lucid-security/multiverse/debian-installer/binary-i386/
dists/lucid-security/multiverse/debian-installer/binary-i386/Packages.bz2
dists/lucid-security/multiverse/debian-installer/binary-i386/Packages.gz
dists/lucid-security/multiverse/source/
dists/lucid-security/multiverse/source/Release
dists/lucid-security/multiverse/source/Sources.bz2
dists/lucid-security/multiverse/source/Sources.gz
dists/lucid-security/restricted/
dists/lucid-security/restricted/binary-amd64/
dists/lucid-security/restricted/binary-amd64/Packages.bz2
dists/lucid-security/restricted/binary-amd64/Packages.gz
dists/lucid-security/restricted/binary-amd64/Release
dists/lucid-security/restricted/binary-i386/
dists/lucid-security/restricted/binary-i386/Packages.bz2
dists/lucid-security/restricted/binary-i386/Packages.gz
dists/lucid-security/restricted/binary-i386/Release
dists/lucid-security/restricted/debian-installer/
dists/lucid-security/restricted/debian-installer/binary-amd64/
dists/lucid-security/restricted/debian-installer/binary-amd64/Packages.bz2
dists/lucid-security/restricted/debian-installer/binary-amd64/Packages.gz
dists/lucid-security/restricted/debian-installer/binary-i386/
dists/lucid-security/restricted/debian-installer/binary-i386/Packages.bz2
dists/lucid-security/restricted/debian-installer/binary-i386/Packages.gz
dists/lucid-security/restricted/source/
dists/lucid-security/restricted/source/Release
dists/lucid-security/restricted/source/Sources.bz2
dists/lucid-security/restricted/source/Sources.gz
dists/lucid-security/universe/
dists/lucid-security/universe/binary-amd64/
dists/lucid-security/universe/binary-amd64/Packages.bz2
dists/lucid-security/universe/binary-amd64/Packages.gz
dists/lucid-security/universe/binary-amd64/Release
dists/lucid-security/universe/binary-i386/
dists/lucid-security/universe/binary-i386/Packages.bz2
dists/lucid-security/universe/binary-i386/Packages.gz
dists/lucid-security/universe/binary-i386/Release
dists/lucid-security/universe/debian-installer/
dists/lucid-security/universe/debian-installer/binary-amd64/
dists/lucid-security/universe/debian-installer/binary-amd64/Packages.bz2
dists/lucid-security/universe/debian-installer/binary-amd64/Packages.gz
dists/lucid-security/universe/debian-installer/binary-i386/
dists/lucid-security/universe/debian-installer/binary-i386/Packages.bz2
dists/lucid-security/universe/debian-installer/binary-i386/Packages.gz
dists/lucid-security/universe/source/
dists/lucid-security/universe/source/Release
dists/lucid-security/universe/source/Sources.bz2
dists/lucid-security/universe/source/Sources.gz
dists/lucid-updates/
dists/lucid-updates/Release
dists/lucid-updates/Release.gpg
dists/lucid-updates/main/
dists/lucid-updates/main/binary-amd64/
dists/lucid-updates/main/binary-amd64/Packages.bz2
dists/lucid-updates/main/binary-amd64/Packages.gz
dists/lucid-updates/main/binary-amd64/Release
dists/lucid-updates/main/binary-i386/
dists/lucid-updates/main/binary-i386/Packages.bz2
dists/lucid-updates/main/binary-i386/Packages.gz
dists/lucid-updates/main/binary-i386/Release
dists/lucid-updates/main/debian-installer/
dists/lucid-updates/main/debian-installer/binary-amd64/
dists/lucid-updates/main/debian-installer/binary-amd64/Packages.bz2
dists/lucid-updates/main/debian-installer/binary-amd64/Packages.gz
dists/lucid-updates/main/debian-installer/binary-i386/
dists/lucid-updates/main/debian-installer/binary-i386/Packages.bz2
dists/lucid-updates/main/debian-installer/binary-i386/Packages.gz
dists/lucid-updates/main/dist-upgrader-all/
dists/lucid-updates/main/dist-upgrader-all/0.134.10/
dists/lucid-updates/main/dist-upgrader-all/0.134.11/
dists/lucid-updates/main/dist-upgrader-all/0.134.9/
dists/lucid-updates/main/i18n/
dists/lucid-updates/main/i18n/Index
dists/lucid-updates/main/installer-amd64/
dists/lucid-updates/main/installer-amd64/20081029ubuntu102.16/
dists/lucid-updates/main/installer-amd64/20081029ubuntu102.16/images/
dists/lucid-updates/main/installer-amd64/20081029ubuntu102.16/images/cdrom/
dists/lucid-updates/main/installer-amd64/20081029ubuntu102.16/images/hd-media/
dists/lucid-updates/main/installer-amd64/20081029ubuntu102.16/images/maverick-cdrom/
dists/lucid-updates/main/installer-amd64/20081029ubuntu102.16/images/maverick-hd-media/
dists/lucid-updates/main/installer-amd64/20081029ubuntu102.16/images/maverick-netboot/
dists/lucid-updates/main/installer-amd64/20081029ubuntu102.16/images/maverick-netboot/ubuntu-installer/
dists/lucid-updates/main/installer-amd64/20081029ubuntu102.16/images/maverick-netboot/ubuntu-installer/amd64/
dists/lucid-updates/main/installer-amd64/20081029ubuntu102.16/images/maverick-netboot/ubuntu-installer/amd64/boot-screens/
dists/lucid-updates/main/installer-amd64/20081029ubuntu102.16/images/maverick-netboot/ubuntu-installer/amd64/pxelinux.cfg/
dists/lucid-updates/main/installer-amd64/20081029ubuntu102.16/images/maverick-netboot/xen/
dists/lucid-updates/main/installer-amd64/20081029ubuntu102.16/images/natty-cdrom/
dists/lucid-updates/main/installer-amd64/20081029ubuntu102.16/images/natty-hd-media/
dists/lucid-updates/main/installer-amd64/20081029ubuntu102.16/images/natty-netboot/
dists/lucid-updates/main/installer-amd64/20081029ubuntu102.16/images/natty-netboot/ubuntu-installer/
dists/lucid-updates/main/installer-amd64/20081029ubuntu102.16/images/natty-netboot/ubuntu-installer/amd64/
dists/lucid-updates/main/installer-amd64/20081029ubuntu102.16/images/natty-netboot/ubuntu-installer/amd64/boot-screens/
dists/lucid-updates/main/installer-amd64/20081029ubuntu102.16/images/natty-netboot/ubuntu-installer/amd64/pxelinux.cfg/
dists/lucid-updates/main/installer-amd64/20081029ubuntu102.16/images/natty-netboot/xen/
dists/lucid-updates/main/installer-amd64/20081029ubuntu102.16/images/netboot/
dists/lucid-updates/main/installer-amd64/20081029ubuntu102.16/images/netboot/ubuntu-installer/
dists/lucid-updates/main/installer-amd64/20081029ubuntu102.16/images/netboot/ubuntu-installer/amd64/
dists/lucid-updates/main/installer-amd64/20081029ubuntu102.16/images/netboot/ubuntu-installer/amd64/boot-screens/
dists/lucid-updates/main/installer-amd64/20081029ubuntu102.16/images/netboot/ubuntu-installer/amd64/pxelinux.cfg/
dists/lucid-updates/main/installer-amd64/20081029ubuntu102.16/images/netboot/xen/
dists/lucid-updates/main/installer-amd64/20081029ubuntu102.16/images/oneiric-cdrom/
dists/lucid-updates/main/installer-amd64/20081029ubuntu102.16/images/oneiric-hd-media/
dists/lucid-updates/main/installer-amd64/20081029ubuntu102.16/images/oneiric-netboot/
dists/lucid-updates/main/installer-amd64/20081029ubuntu102.16/images/oneiric-netboot/ubuntu-installer/
dists/lucid-updates/main/installer-amd64/20081029ubuntu102.16/images/oneiric-netboot/ubuntu-installer/amd64/
dists/lucid-updates/main/installer-amd64/20081029ubuntu102.16/images/oneiric-netboot/ubuntu-installer/amd64/boot-screens/
dists/lucid-updates/main/installer-amd64/20081029ubuntu102.16/images/oneiric-netboot/ubuntu-installer/amd64/pxelinux.cfg/
dists/lucid-updates/main/installer-amd64/20081029ubuntu102.16/images/oneiric-netboot/xen/
dists/lucid-updates/main/installer-amd64/20081029ubuntu102.17/
dists/lucid-updates/main/installer-amd64/20081029ubuntu102.17/images/
dists/lucid-updates/main/installer-amd64/20081029ubuntu102.17/images/cdrom/
dists/lucid-updates/main/installer-amd64/20081029ubuntu102.17/images/hd-media/
dists/lucid-updates/main/installer-amd64/20081029ubuntu102.17/images/maverick-cdrom/
dists/lucid-updates/main/installer-amd64/20081029ubuntu102.17/images/maverick-hd-media/
dists/lucid-updates/main/installer-amd64/20081029ubuntu102.17/images/maverick-netboot/
dists/lucid-updates/main/installer-amd64/20081029ubuntu102.17/images/maverick-netboot/ubuntu-installer/
dists/lucid-updates/main/installer-amd64/20081029ubuntu102.17/images/maverick-netboot/ubuntu-installer/amd64/
dists/lucid-updates/main/installer-amd64/20081029ubuntu102.17/images/maverick-netboot/ubuntu-installer/amd64/boot-screens/
dists/lucid-updates/main/installer-amd64/20081029ubuntu102.17/images/maverick-netboot/ubuntu-installer/amd64/pxelinux.cfg/
dists/lucid-updates/main/installer-amd64/20081029ubuntu102.17/images/maverick-netboot/xen/
dists/lucid-updates/main/installer-amd64/20081029ubuntu102.17/images/natty-cdrom/
dists/lucid-updates/main/installer-amd64/20081029ubuntu102.17/images/natty-hd-media/
dists/lucid-updates/main/installer-amd64/20081029ubuntu102.17/images/natty-netboot/
dists/lucid-updates/main/installer-amd64/20081029ubuntu102.17/images/natty-netboot/ubuntu-installer/
dists/lucid-updates/main/installer-amd64/20081029ubuntu102.17/images/natty-netboot/ubuntu-installer/amd64/
dists/lucid-updates/main/installer-amd64/20081029ubuntu102.17/images/natty-netboot/ubuntu-installer/amd64/boot-screens/
dists/lucid-updates/main/installer-amd64/20081029ubuntu102.17/images/natty-netboot/ubuntu-installer/amd64/pxelinux.cfg/
dists/lucid-updates/main/installer-amd64/20081029ubuntu102.17/images/natty-netboot/xen/
dists/lucid-updates/main/installer-amd64/20081029ubuntu102.17/images/netboot/
dists/lucid-updates/main/installer-amd64/20081029ubuntu102.17/images/netboot/ubuntu-installer/
dists/lucid-updates/main/installer-amd64/20081029ubuntu102.17/images/netboot/ubuntu-installer/amd64/
dists/lucid-updates/main/installer-amd64/20081029ubuntu102.17/images/netboot/ubuntu-installer/amd64/boot-screens/
dists/lucid-updates/main/installer-amd64/20081029ubuntu102.17/images/netboot/ubuntu-installer/amd64/pxelinux.cfg/
dists/lucid-updates/main/installer-amd64/20081029ubuntu102.17/images/netboot/xen/
dists/lucid-updates/main/installer-amd64/20081029ubuntu102.17/images/oneiric-cdrom/
dists/lucid-updates/main/installer-amd64/20081029ubuntu102.17/images/oneiric-hd-media/
dists/lucid-updates/main/installer-amd64/20081029ubuntu102.17/images/oneiric-netboot/
dists/lucid-updates/main/installer-amd64/20081029ubuntu102.17/images/oneiric-netboot/ubuntu-installer/
dists/lucid-updates/main/installer-amd64/20081029ubuntu102.17/images/oneiric-netboot/ubuntu-installer/amd64/
dists/lucid-updates/main/installer-amd64/20081029ubuntu102.17/images/oneiric-netboot/ubuntu-installer/amd64/boot-screens/
dists/lucid-updates/main/installer-amd64/20081029ubuntu102.17/images/oneiric-netboot/ubuntu-installer/amd64/pxelinux.cfg/
dists/lucid-updates/main/installer-amd64/20081029ubuntu102.17/images/oneiric-netboot/xen/
dists/lucid-updates/main/installer-amd64/20081029ubuntu102.18/
dists/lucid-updates/main/installer-amd64/20081029ubuntu102.18/images/
dists/lucid-updates/main/installer-amd64/20081029ubuntu102.18/images/cdrom/
dists/lucid-updates/main/installer-amd64/20081029ubuntu102.18/images/hd-media/
dists/lucid-updates/main/installer-amd64/20081029ubuntu102.18/images/maverick-cdrom/
dists/lucid-updates/main/installer-amd64/20081029ubuntu102.18/images/maverick-hd-media/
dists/lucid-updates/main/installer-amd64/20081029ubuntu102.18/images/maverick-netboot/
dists/lucid-updates/main/installer-amd64/20081029ubuntu102.18/images/maverick-netboot/ubuntu-installer/
dists/lucid-updates/main/installer-amd64/20081029ubuntu102.18/images/maverick-netboot/ubuntu-installer/amd64/
dists/lucid-updates/main/installer-amd64/20081029ubuntu102.18/images/maverick-netboot/ubuntu-installer/amd64/boot-screens/
dists/lucid-updates/main/installer-amd64/20081029ubuntu102.18/images/maverick-netboot/ubuntu-installer/amd64/pxelinux.cfg/
dists/lucid-updates/main/installer-amd64/20081029ubuntu102.18/images/maverick-netboot/xen/
dists/lucid-updates/main/installer-amd64/20081029ubuntu102.18/images/natty-cdrom/
dists/lucid-updates/main/installer-amd64/20081029ubuntu102.18/images/natty-hd-media/
dists/lucid-updates/main/installer-amd64/20081029ubuntu102.18/images/natty-netboot/
dists/lucid-updates/main/installer-amd64/20081029ubuntu102.18/images/natty-netboot/ubuntu-installer/
dists/lucid-updates/main/installer-amd64/20081029ubuntu102.18/images/natty-netboot/ubuntu-installer/amd64/
dists/lucid-updates/main/installer-amd64/20081029ubuntu102.18/images/natty-netboot/ubuntu-installer/amd64/boot-screens/
dists/lucid-updates/main/installer-amd64/20081029ubuntu102.18/images/natty-netboot/ubuntu-installer/amd64/pxelinux.cfg/
dists/lucid-updates/main/installer-amd64/20081029ubuntu102.18/images/natty-netboot/xen/
dists/lucid-updates/main/installer-amd64/20081029ubuntu102.18/images/netboot/
dists/lucid-updates/main/installer-amd64/20081029ubuntu102.18/images/netboot/ubuntu-installer/
dists/lucid-updates/main/installer-amd64/20081029ubuntu102.18/images/netboot/ubuntu-installer/amd64/
dists/lucid-updates/main/installer-amd64/20081029ubuntu102.18/images/netboot/ubuntu-installer/amd64/boot-screens/
dists/lucid-updates/main/installer-amd64/20081029ubuntu102.18/images/netboot/ubuntu-installer/amd64/pxelinux.cfg/
dists/lucid-updates/main/installer-amd64/20081029ubuntu102.18/images/netboot/xen/
dists/lucid-updates/main/installer-amd64/20081029ubuntu102.18/images/oneiric-cdrom/
dists/lucid-updates/main/installer-amd64/20081029ubuntu102.18/images/oneiric-hd-media/
dists/lucid-updates/main/installer-amd64/20081029ubuntu102.18/images/oneiric-netboot/
dists/lucid-updates/main/installer-amd64/20081029ubuntu102.18/images/oneiric-netboot/ubuntu-installer/
dists/lucid-updates/main/installer-amd64/20081029ubuntu102.18/images/oneiric-netboot/ubuntu-installer/amd64/
dists/lucid-updates/main/installer-amd64/20081029ubuntu102.18/images/oneiric-netboot/ubuntu-installer/amd64/boot-screens/
dists/lucid-updates/main/installer-amd64/20081029ubuntu102.18/images/oneiric-netboot/ubuntu-installer/amd64/pxelinux.cfg/
dists/lucid-updates/main/installer-amd64/20081029ubuntu102.18/images/oneiric-netboot/xen/
dists/lucid-updates/main/installer-i386/
dists/lucid-updates/main/installer-i386/20081029ubuntu102.16/
dists/lucid-updates/main/installer-i386/20081029ubuntu102.16/images/
dists/lucid-updates/main/installer-i386/20081029ubuntu102.16/images/cdrom/
dists/lucid-updates/main/installer-i386/20081029ubuntu102.16/images/hd-media/
dists/lucid-updates/main/installer-i386/20081029ubuntu102.16/images/maverick-cdrom/
dists/lucid-updates/main/installer-i386/20081029ubuntu102.16/images/maverick-hd-media/
dists/lucid-updates/main/installer-i386/20081029ubuntu102.16/images/maverick-netboot/
dists/lucid-updates/main/installer-i386/20081029ubuntu102.16/images/maverick-netboot/ubuntu-installer/
dists/lucid-updates/main/installer-i386/20081029ubuntu102.16/images/maverick-netboot/ubuntu-installer/i386/
dists/lucid-updates/main/installer-i386/20081029ubuntu102.16/images/maverick-netboot/ubuntu-installer/i386/boot-screens/
dists/lucid-updates/main/installer-i386/20081029ubuntu102.16/images/maverick-netboot/ubuntu-installer/i386/pxelinux.cfg/
dists/lucid-updates/main/installer-i386/20081029ubuntu102.16/images/maverick-netboot/xen/
dists/lucid-updates/main/installer-i386/20081029ubuntu102.16/images/natty-cdrom/
dists/lucid-updates/main/installer-i386/20081029ubuntu102.16/images/natty-hd-media/
dists/lucid-updates/main/installer-i386/20081029ubuntu102.16/images/natty-netboot/
dists/lucid-updates/main/installer-i386/20081029ubuntu102.16/images/natty-netboot/ubuntu-installer/
dists/lucid-updates/main/installer-i386/20081029ubuntu102.16/images/natty-netboot/ubuntu-installer/i386/
dists/lucid-updates/main/installer-i386/20081029ubuntu102.16/images/natty-netboot/ubuntu-installer/i386/boot-screens/
dists/lucid-updates/main/installer-i386/20081029ubuntu102.16/images/natty-netboot/ubuntu-installer/i386/pxelinux.cfg/
dists/lucid-updates/main/installer-i386/20081029ubuntu102.16/images/natty-netboot/xen/
dists/lucid-updates/main/installer-i386/20081029ubuntu102.16/images/netboot/
dists/lucid-updates/main/installer-i386/20081029ubuntu102.16/images/netboot/ubuntu-installer/
dists/lucid-updates/main/installer-i386/20081029ubuntu102.16/images/netboot/ubuntu-installer/i386/
dists/lucid-updates/main/installer-i386/20081029ubuntu102.16/images/netboot/ubuntu-installer/i386/boot-screens/
dists/lucid-updates/main/installer-i386/20081029ubuntu102.16/images/netboot/ubuntu-installer/i386/pxelinux.cfg/
dists/lucid-updates/main/installer-i386/20081029ubuntu102.16/images/netboot/xen/
dists/lucid-updates/main/installer-i386/20081029ubuntu102.16/images/oneiric-cdrom/
dists/lucid-updates/main/installer-i386/20081029ubuntu102.16/images/oneiric-hd-media/
dists/lucid-updates/main/installer-i386/20081029ubuntu102.16/images/oneiric-netboot/
dists/lucid-updates/main/installer-i386/20081029ubuntu102.16/images/oneiric-netboot/ubuntu-installer/
dists/lucid-updates/main/installer-i386/20081029ubuntu102.16/images/oneiric-netboot/ubuntu-installer/i386/
dists/lucid-updates/main/installer-i386/20081029ubuntu102.16/images/oneiric-netboot/ubuntu-installer/i386/boot-screens/
dists/lucid-updates/main/installer-i386/20081029ubuntu102.16/images/oneiric-netboot/ubuntu-installer/i386/pxelinux.cfg/
dists/lucid-updates/main/installer-i386/20081029ubuntu102.16/images/oneiric-netboot/xen/
dists/lucid-updates/main/installer-i386/20081029ubuntu102.17/
dists/lucid-updates/main/installer-i386/20081029ubuntu102.17/images/
dists/lucid-updates/main/installer-i386/20081029ubuntu102.17/images/cdrom/
dists/lucid-updates/main/installer-i386/20081029ubuntu102.17/images/hd-media/
dists/lucid-updates/main/installer-i386/20081029ubuntu102.17/images/maverick-cdrom/
dists/lucid-updates/main/installer-i386/20081029ubuntu102.17/images/maverick-hd-media/
dists/lucid-updates/main/installer-i386/20081029ubuntu102.17/images/maverick-netboot/
dists/lucid-updates/main/installer-i386/20081029ubuntu102.17/images/maverick-netboot/ubuntu-installer/
dists/lucid-updates/main/installer-i386/20081029ubuntu102.17/images/maverick-netboot/ubuntu-installer/i386/
dists/lucid-updates/main/installer-i386/20081029ubuntu102.17/images/maverick-netboot/ubuntu-installer/i386/boot-screens/
dists/lucid-updates/main/installer-i386/20081029ubuntu102.17/images/maverick-netboot/ubuntu-installer/i386/pxelinux.cfg/
dists/lucid-updates/main/installer-i386/20081029ubuntu102.17/images/maverick-netboot/xen/
dists/lucid-updates/main/installer-i386/20081029ubuntu102.17/images/natty-cdrom/
dists/lucid-updates/main/installer-i386/20081029ubuntu102.17/images/natty-hd-media/
dists/lucid-updates/main/installer-i386/20081029ubuntu102.17/images/natty-netboot/
dists/lucid-updates/main/installer-i386/20081029ubuntu102.17/images/natty-netboot/ubuntu-installer/
dists/lucid-updates/main/installer-i386/20081029ubuntu102.17/images/natty-netboot/ubuntu-installer/i386/
dists/lucid-updates/main/installer-i386/20081029ubuntu102.17/images/natty-netboot/ubuntu-installer/i386/boot-screens/
dists/lucid-updates/main/installer-i386/20081029ubuntu102.17/images/natty-netboot/ubuntu-installer/i386/pxelinux.cfg/
dists/lucid-updates/main/installer-i386/20081029ubuntu102.17/images/natty-netboot/xen/
dists/lucid-updates/main/installer-i386/20081029ubuntu102.17/images/netboot/
dists/lucid-updates/main/installer-i386/20081029ubuntu102.17/images/netboot/ubuntu-installer/
dists/lucid-updates/main/installer-i386/20081029ubuntu102.17/images/netboot/ubuntu-installer/i386/
dists/lucid-updates/main/installer-i386/20081029ubuntu102.17/images/netboot/ubuntu-installer/i386/boot-screens/
dists/lucid-updates/main/installer-i386/20081029ubuntu102.17/images/netboot/ubuntu-installer/i386/pxelinux.cfg/
dists/lucid-updates/main/installer-i386/20081029ubuntu102.17/images/netboot/xen/
dists/lucid-updates/main/installer-i386/20081029ubuntu102.17/images/oneiric-cdrom/
dists/lucid-updates/main/installer-i386/20081029ubuntu102.17/images/oneiric-hd-media/
dists/lucid-updates/main/installer-i386/20081029ubuntu102.17/images/oneiric-netboot/
dists/lucid-updates/main/installer-i386/20081029ubuntu102.17/images/oneiric-netboot/ubuntu-installer/
dists/lucid-updates/main/installer-i386/20081029ubuntu102.17/images/oneiric-netboot/ubuntu-installer/i386/
dists/lucid-updates/main/installer-i386/20081029ubuntu102.17/images/oneiric-netboot/ubuntu-installer/i386/boot-screens/
dists/lucid-updates/main/installer-i386/20081029ubuntu102.17/images/oneiric-netboot/ubuntu-installer/i386/pxelinux.cfg/
dists/lucid-updates/main/installer-i386/20081029ubuntu102.17/images/oneiric-netboot/xen/
dists/lucid-updates/main/installer-i386/20081029ubuntu102.18/
dists/lucid-updates/main/installer-i386/20081029ubuntu102.18/images/
dists/lucid-updates/main/installer-i386/20081029ubuntu102.18/images/cdrom/
dists/lucid-updates/main/installer-i386/20081029ubuntu102.18/images/hd-media/
dists/lucid-updates/main/installer-i386/20081029ubuntu102.18/images/maverick-cdrom/
dists/lucid-updates/main/installer-i386/20081029ubuntu102.18/images/maverick-hd-media/
dists/lucid-updates/main/installer-i386/20081029ubuntu102.18/images/maverick-netboot/
dists/lucid-updates/main/installer-i386/20081029ubuntu102.18/images/maverick-netboot/ubuntu-installer/
dists/lucid-updates/main/installer-i386/20081029ubuntu102.18/images/maverick-netboot/ubuntu-installer/i386/
dists/lucid-updates/main/installer-i386/20081029ubuntu102.18/images/maverick-netboot/ubuntu-installer/i386/boot-screens/
dists/lucid-updates/main/installer-i386/20081029ubuntu102.18/images/maverick-netboot/ubuntu-installer/i386/pxelinux.cfg/
dists/lucid-updates/main/installer-i386/20081029ubuntu102.18/images/maverick-netboot/xen/
dists/lucid-updates/main/installer-i386/20081029ubuntu102.18/images/natty-cdrom/
dists/lucid-updates/main/installer-i386/20081029ubuntu102.18/images/natty-hd-media/
dists/lucid-updates/main/installer-i386/20081029ubuntu102.18/images/natty-netboot/
dists/lucid-updates/main/installer-i386/20081029ubuntu102.18/images/natty-netboot/ubuntu-installer/
dists/lucid-updates/main/installer-i386/20081029ubuntu102.18/images/natty-netboot/ubuntu-installer/i386/
dists/lucid-updates/main/installer-i386/20081029ubuntu102.18/images/natty-netboot/ubuntu-installer/i386/boot-screens/
dists/lucid-updates/main/installer-i386/20081029ubuntu102.18/images/natty-netboot/ubuntu-installer/i386/pxelinux.cfg/
dists/lucid-updates/main/installer-i386/20081029ubuntu102.18/images/natty-netboot/xen/
dists/lucid-updates/main/installer-i386/20081029ubuntu102.18/images/netboot/
dists/lucid-updates/main/installer-i386/20081029ubuntu102.18/images/netboot/ubuntu-installer/
dists/lucid-updates/main/installer-i386/20081029ubuntu102.18/images/netboot/ubuntu-installer/i386/
dists/lucid-updates/main/installer-i386/20081029ubuntu102.18/images/netboot/ubuntu-installer/i386/boot-screens/
dists/lucid-updates/main/installer-i386/20081029ubuntu102.18/images/netboot/ubuntu-installer/i386/pxelinux.cfg/
dists/lucid-updates/main/installer-i386/20081029ubuntu102.18/images/netboot/xen/
dists/lucid-updates/main/installer-i386/20081029ubuntu102.18/images/oneiric-cdrom/
dists/lucid-updates/main/installer-i386/20081029ubuntu102.18/images/oneiric-hd-media/
dists/lucid-updates/main/installer-i386/20081029ubuntu102.18/images/oneiric-netboot/
dists/lucid-updates/main/installer-i386/20081029ubuntu102.18/images/oneiric-netboot/ubuntu-installer/
dists/lucid-updates/main/installer-i386/20081029ubuntu102.18/images/oneiric-netboot/ubuntu-installer/i386/
dists/lucid-updates/main/installer-i386/20081029ubuntu102.18/images/oneiric-netboot/ubuntu-installer/i386/boot-screens/
dists/lucid-updates/main/installer-i386/20081029ubuntu102.18/images/oneiric-netboot/ubuntu-installer/i386/pxelinux.cfg/
dists/lucid-updates/main/installer-i386/20081029ubuntu102.18/images/oneiric-netboot/xen/
dists/lucid-updates/main/source/
dists/lucid-updates/main/source/Release
dists/lucid-updates/main/source/Sources.bz2
dists/lucid-updates/main/source/Sources.gz
dists/lucid-updates/multiverse/
dists/lucid-updates/multiverse/binary-amd64/
dists/lucid-updates/multiverse/binary-amd64/Packages.bz2
dists/lucid-updates/multiverse/binary-amd64/Packages.gz
dists/lucid-updates/multiverse/binary-amd64/Release
dists/lucid-updates/multiverse/binary-i386/
dists/lucid-updates/multiverse/binary-i386/Packages.bz2
dists/lucid-updates/multiverse/binary-i386/Packages.gz
dists/lucid-updates/multiverse/binary-i386/Release
dists/lucid-updates/multiverse/debian-installer/
dists/lucid-updates/multiverse/debian-installer/binary-amd64/
dists/lucid-updates/multiverse/debian-installer/binary-amd64/Packages.bz2
dists/lucid-updates/multiverse/debian-installer/binary-amd64/Packages.gz
dists/lucid-updates/multiverse/debian-installer/binary-i386/
dists/lucid-updates/multiverse/debian-installer/binary-i386/Packages.bz2
dists/lucid-updates/multiverse/debian-installer/binary-i386/Packages.gz
dists/lucid-updates/multiverse/i18n/
dists/lucid-updates/multiverse/i18n/Index
dists/lucid-updates/multiverse/source/
dists/lucid-updates/multiverse/source/Release
dists/lucid-updates/multiverse/source/Sources.bz2
dists/lucid-updates/multiverse/source/Sources.gz
dists/lucid-updates/restricted/
dists/lucid-updates/restricted/binary-amd64/
dists/lucid-updates/restricted/binary-amd64/Packages.bz2
dists/lucid-updates/restricted/binary-amd64/Packages.gz
dists/lucid-updates/restricted/binary-amd64/Release
dists/lucid-updates/restricted/binary-i386/
dists/lucid-updates/restricted/binary-i386/Packages.bz2
dists/lucid-updates/restricted/binary-i386/Packages.gz
dists/lucid-updates/restricted/binary-i386/Release
dists/lucid-updates/restricted/debian-installer/
dists/lucid-updates/restricted/debian-installer/binary-amd64/
dists/lucid-updates/restricted/debian-installer/binary-amd64/Packages.bz2
dists/lucid-updates/restricted/debian-installer/binary-amd64/Packages.gz
dists/lucid-updates/restricted/debian-installer/binary-i386/
dists/lucid-updates/restricted/debian-installer/binary-i386/Packages.bz2
dists/lucid-updates/restricted/debian-installer/binary-i386/Packages.gz
dists/lucid-updates/restricted/i18n/
dists/lucid-updates/restricted/i18n/Index
dists/lucid-updates/restricted/source/
dists/lucid-updates/restricted/source/Release
dists/lucid-updates/restricted/source/Sources.bz2
dists/lucid-updates/restricted/source/Sources.gz
dists/lucid-updates/universe/
dists/lucid-updates/universe/binary-amd64/
dists/lucid-updates/universe/binary-amd64/Packages.bz2
dists/lucid-updates/universe/binary-amd64/Packages.gz
dists/lucid-updates/universe/binary-amd64/Release
dists/lucid-updates/universe/binary-i386/
dists/lucid-updates/universe/binary-i386/Packages.bz2
dists/lucid-updates/universe/binary-i386/Packages.gz
dists/lucid-updates/universe/binary-i386/Release
dists/lucid-updates/universe/debian-installer/
dists/lucid-updates/universe/debian-installer/binary-amd64/
dists/lucid-updates/universe/debian-installer/binary-amd64/Packages.bz2
dists/lucid-updates/universe/debian-installer/binary-amd64/Packages.gz
dists/lucid-updates/universe/debian-installer/binary-i386/
dists/lucid-updates/universe/debian-installer/binary-i386/Packages.bz2
dists/lucid-updates/universe/debian-installer/binary-i386/Packages.gz
dists/lucid-updates/universe/i18n/
dists/lucid-updates/universe/i18n/Index
dists/lucid-updates/universe/source/
dists/lucid-updates/universe/source/Release
dists/lucid-updates/universe/source/Sources.bz2
dists/lucid-updates/universe/source/Sources.gz
dists/lucid/
dists/lucid/main/
dists/lucid/main/binary-amd64/
dists/lucid/main/binary-i386/
dists/lucid/main/debian-installer/
dists/lucid/main/debian-installer/binary-amd64/
dists/lucid/main/debian-installer/binary-i386/
dists/lucid/main/dist-upgrader-all/
dists/lucid/main/dist-upgrader-all/0.134.3/
dists/lucid/main/dist-upgrader-all/0.134.6/
dists/lucid/main/dist-upgrader-all/0.134.7/
dists/lucid/main/i18n/
dists/lucid/main/installer-amd64/
dists/lucid/main/installer-amd64/20081029ubuntu100/
dists/lucid/main/installer-amd64/20081029ubuntu100/images/
dists/lucid/main/installer-amd64/20081029ubuntu100/images/cdrom/
dists/lucid/main/installer-amd64/20081029ubuntu100/images/hd-media/
dists/lucid/main/installer-amd64/20081029ubuntu100/images/netboot/
dists/lucid/main/installer-amd64/20081029ubuntu100/images/netboot/ubuntu-installer/
dists/lucid/main/installer-amd64/20081029ubuntu100/images/netboot/ubuntu-installer/amd64/
dists/lucid/main/installer-amd64/20081029ubuntu100/images/netboot/ubuntu-installer/amd64/boot-screens/
dists/lucid/main/installer-amd64/20081029ubuntu100/images/netboot/ubuntu-installer/amd64/pxelinux.cfg/
dists/lucid/main/installer-amd64/20081029ubuntu101/
dists/lucid/main/installer-amd64/20081029ubuntu101/images/
dists/lucid/main/installer-amd64/20081029ubuntu101/images/cdrom/
dists/lucid/main/installer-amd64/20081029ubuntu101/images/hd-media/
dists/lucid/main/installer-amd64/20081029ubuntu101/images/netboot/
dists/lucid/main/installer-amd64/20081029ubuntu101/images/netboot/ubuntu-installer/
dists/lucid/main/installer-amd64/20081029ubuntu101/images/netboot/ubuntu-installer/amd64/
dists/lucid/main/installer-amd64/20081029ubuntu101/images/netboot/ubuntu-installer/amd64/boot-screens/
dists/lucid/main/installer-amd64/20081029ubuntu101/images/netboot/ubuntu-installer/amd64/pxelinux.cfg/
dists/lucid/main/installer-amd64/20081029ubuntu101/images/netboot/xen/
dists/lucid/main/installer-amd64/20081029ubuntu102/
dists/lucid/main/installer-amd64/20081029ubuntu102/images/
dists/lucid/main/installer-amd64/20081029ubuntu102/images/cdrom/
dists/lucid/main/installer-amd64/20081029ubuntu102/images/hd-media/
dists/lucid/main/installer-amd64/20081029ubuntu102/images/netboot/
dists/lucid/main/installer-amd64/20081029ubuntu102/images/netboot/ubuntu-installer/
dists/lucid/main/installer-amd64/20081029ubuntu102/images/netboot/ubuntu-installer/amd64/
dists/lucid/main/installer-amd64/20081029ubuntu102/images/netboot/ubuntu-installer/amd64/boot-screens/
dists/lucid/main/installer-amd64/20081029ubuntu102/images/netboot/ubuntu-installer/amd64/pxelinux.cfg/
dists/lucid/main/installer-amd64/20081029ubuntu102/images/netboot/xen/
dists/lucid/main/installer-amd64/rc/
dists/lucid/main/installer-amd64/rc/images/
dists/lucid/main/installer-amd64/rc/images/cdrom/
dists/lucid/main/installer-amd64/rc/images/hd-media/
dists/lucid/main/installer-amd64/rc/images/netboot/
dists/lucid/main/installer-amd64/rc/images/netboot/ubuntu-installer/
dists/lucid/main/installer-amd64/rc/images/netboot/ubuntu-installer/amd64/
dists/lucid/main/installer-amd64/rc/images/netboot/ubuntu-installer/amd64/boot-screens/
dists/lucid/main/installer-amd64/rc/images/netboot/ubuntu-installer/amd64/pxelinux.cfg/
dists/lucid/main/installer-amd64/rc/images/netboot/xen/
dists/lucid/main/installer-i386/
dists/lucid/main/installer-i386/20081029ubuntu100/
dists/lucid/main/installer-i386/20081029ubuntu100/images/
dists/lucid/main/installer-i386/20081029ubuntu100/images/cdrom/
dists/lucid/main/installer-i386/20081029ubuntu100/images/hd-media/
dists/lucid/main/installer-i386/20081029ubuntu100/images/netboot/
dists/lucid/main/installer-i386/20081029ubuntu100/images/netboot/ubuntu-installer/
dists/lucid/main/installer-i386/20081029ubuntu100/images/netboot/ubuntu-installer/i386/
dists/lucid/main/installer-i386/20081029ubuntu100/images/netboot/ubuntu-installer/i386/boot-screens/
dists/lucid/main/installer-i386/20081029ubuntu100/images/netboot/ubuntu-installer/i386/pxelinux.cfg/
dists/lucid/main/installer-i386/20081029ubuntu100/images/netboot/xen/
dists/lucid/main/installer-i386/20081029ubuntu101/
dists/lucid/main/installer-i386/20081029ubuntu101/images/
dists/lucid/main/installer-i386/20081029ubuntu101/images/cdrom/
dists/lucid/main/installer-i386/20081029ubuntu101/images/hd-media/
dists/lucid/main/installer-i386/20081029ubuntu101/images/netboot/
dists/lucid/main/installer-i386/20081029ubuntu101/images/netboot/ubuntu-installer/
dists/lucid/main/installer-i386/20081029ubuntu101/images/netboot/ubuntu-installer/i386/
dists/lucid/main/installer-i386/20081029ubuntu101/images/netboot/ubuntu-installer/i386/boot-screens/
dists/lucid/main/installer-i386/20081029ubuntu101/images/netboot/ubuntu-installer/i386/pxelinux.cfg/
dists/lucid/main/installer-i386/20081029ubuntu101/images/netboot/xen/
dists/lucid/main/installer-i386/20081029ubuntu102/
dists/lucid/main/installer-i386/20081029ubuntu102/images/
dists/lucid/main/installer-i386/20081029ubuntu102/images/cdrom/
dists/lucid/main/installer-i386/20081029ubuntu102/images/hd-media/
dists/lucid/main/installer-i386/20081029ubuntu102/images/netboot/
dists/lucid/main/installer-i386/20081029ubuntu102/images/netboot/ubuntu-installer/
dists/lucid/main/installer-i386/20081029ubuntu102/images/netboot/ubuntu-installer/i386/
dists/lucid/main/installer-i386/20081029ubuntu102/images/netboot/ubuntu-installer/i386/boot-screens/
dists/lucid/main/installer-i386/20081029ubuntu102/images/netboot/ubuntu-installer/i386/pxelinux.cfg/
dists/lucid/main/installer-i386/20081029ubuntu102/images/netboot/xen/
dists/lucid/main/installer-i386/rc/
dists/lucid/main/installer-i386/rc/images/
dists/lucid/main/installer-i386/rc/images/cdrom/
dists/lucid/main/installer-i386/rc/images/hd-media/
dists/lucid/main/installer-i386/rc/images/netboot/
dists/lucid/main/installer-i386/rc/images/netboot/ubuntu-installer/
dists/lucid/main/installer-i386/rc/images/netboot/ubuntu-installer/i386/
dists/lucid/main/installer-i386/rc/images/netboot/ubuntu-installer/i386/boot-screens/
dists/lucid/main/installer-i386/rc/images/netboot/ubuntu-installer/i386/pxelinux.cfg/
dists/lucid/main/installer-i386/rc/images/netboot/xen/
dists/lucid/main/source/
dists/lucid/multiverse/
dists/lucid/multiverse/binary-amd64/
dists/lucid/multiverse/binary-i386/
dists/lucid/multiverse/debian-installer/
dists/lucid/multiverse/debian-installer/binary-amd64/
dists/lucid/multiverse/debian-installer/binary-i386/
dists/lucid/multiverse/i18n/
dists/lucid/multiverse/source/
dists/lucid/restricted/
dists/lucid/restricted/binary-amd64/
dists/lucid/restricted/binary-i386/
dists/lucid/restricted/debian-installer/
dists/lucid/restricted/debian-installer/binary-amd64/
dists/lucid/restricted/debian-installer/binary-i386/
dists/lucid/restricted/i18n/
dists/lucid/restricted/source/
dists/lucid/universe/
dists/lucid/universe/binary-amd64/
dists/lucid/universe/binary-i386/
dists/lucid/universe/debian-installer/
dists/lucid/universe/debian-installer/binary-amd64/
dists/lucid/universe/debian-installer/binary-i386/
dists/lucid/universe/i18n/
dists/lucid/universe/source/
dists/precise-backports/
dists/precise-backports/Contents-amd64.gz
dists/precise-backports/Contents-i386.gz
dists/precise-backports/Release
dists/precise-backports/Release.gpg
dists/precise-backports/main/
dists/precise-backports/main/binary-amd64/
dists/precise-backports/main/binary-amd64/Packages.bz2
dists/precise-backports/main/binary-amd64/Packages.gz
dists/precise-backports/main/binary-amd64/Release
dists/precise-backports/main/binary-i386/
dists/precise-backports/main/binary-i386/Packages.bz2
dists/precise-backports/main/binary-i386/Packages.gz
dists/precise-backports/main/binary-i386/Release
dists/precise-backports/main/debian-installer/
dists/precise-backports/main/debian-installer/binary-amd64/
dists/precise-backports/main/debian-installer/binary-amd64/Packages.bz2
dists/precise-backports/main/debian-installer/binary-amd64/Packages.gz
dists/precise-backports/main/debian-installer/binary-i386/
dists/precise-backports/main/debian-installer/binary-i386/Packages.bz2
dists/precise-backports/main/debian-installer/binary-i386/Packages.gz
dists/precise-backports/main/i18n/
dists/precise-backports/main/i18n/Index
dists/precise-backports/main/source/
dists/precise-backports/main/source/Release
dists/precise-backports/main/source/Sources.bz2
dists/precise-backports/main/source/Sources.gz
dists/precise-backports/multiverse/
dists/precise-backports/multiverse/binary-amd64/
dists/precise-backports/multiverse/binary-amd64/Packages.bz2
dists/precise-backports/multiverse/binary-amd64/Packages.gz
dists/precise-backports/multiverse/binary-amd64/Release
dists/precise-backports/multiverse/binary-i386/
dists/precise-backports/multiverse/binary-i386/Packages.bz2
dists/precise-backports/multiverse/binary-i386/Packages.gz
dists/precise-backports/multiverse/binary-i386/Release
dists/precise-backports/multiverse/debian-installer/
dists/precise-backports/multiverse/debian-installer/binary-amd64/
dists/precise-backports/multiverse/debian-installer/binary-amd64/Packages.bz2
dists/precise-backports/multiverse/debian-installer/binary-amd64/Packages.gz
dists/precise-backports/multiverse/debian-installer/binary-i386/
dists/precise-backports/multiverse/debian-installer/binary-i386/Packages.bz2
dists/precise-backports/multiverse/debian-installer/binary-i386/Packages.gz
dists/precise-backports/multiverse/i18n/
dists/precise-backports/multiverse/i18n/Index
dists/precise-backports/multiverse/source/
dists/precise-backports/multiverse/source/Release
dists/precise-backports/multiverse/source/Sources.bz2
dists/precise-backports/multiverse/source/Sources.gz
dists/precise-backports/restricted/
dists/precise-backports/restricted/binary-amd64/
dists/precise-backports/restricted/binary-amd64/Packages.bz2
dists/precise-backports/restricted/binary-amd64/Packages.gz
dists/precise-backports/restricted/binary-amd64/Release
dists/precise-backports/restricted/binary-i386/
dists/precise-backports/restricted/binary-i386/Packages.bz2
dists/precise-backports/restricted/binary-i386/Packages.gz
dists/precise-backports/restricted/binary-i386/Release
dists/precise-backports/restricted/debian-installer/
dists/precise-backports/restricted/debian-installer/binary-amd64/
dists/precise-backports/restricted/debian-installer/binary-amd64/Packages.bz2
dists/precise-backports/restricted/debian-installer/binary-amd64/Packages.gz
dists/precise-backports/restricted/debian-installer/binary-i386/
dists/precise-backports/restricted/debian-installer/binary-i386/Packages.bz2
dists/precise-backports/restricted/debian-installer/binary-i386/Packages.gz
dists/precise-backports/restricted/i18n/
dists/precise-backports/restricted/i18n/Index
dists/precise-backports/restricted/source/
dists/precise-backports/restricted/source/Release
dists/precise-backports/restricted/source/Sources.bz2
dists/precise-backports/restricted/source/Sources.gz
dists/precise-backports/universe/
dists/precise-backports/universe/binary-amd64/
dists/precise-backports/universe/binary-amd64/Packages.bz2
dists/precise-backports/universe/binary-amd64/Packages.gz
dists/precise-backports/universe/binary-amd64/Release
dists/precise-backports/universe/binary-i386/
dists/precise-backports/universe/binary-i386/Packages.bz2
dists/precise-backports/universe/binary-i386/Packages.gz
dists/precise-backports/universe/binary-i386/Release
dists/precise-backports/universe/debian-installer/
dists/precise-backports/universe/debian-installer/binary-amd64/
dists/precise-backports/universe/debian-installer/binary-amd64/Packages.bz2
dists/precise-backports/universe/debian-installer/binary-amd64/Packages.gz
dists/precise-backports/universe/debian-installer/binary-i386/
dists/precise-backports/universe/debian-installer/binary-i386/Packages.bz2
dists/precise-backports/universe/debian-installer/binary-i386/Packages.gz
dists/precise-backports/universe/i18n/
dists/precise-backports/universe/i18n/Index
dists/precise-backports/universe/i18n/Translation-en
dists/precise-backports/universe/i18n/Translation-en.bz2
dists/precise-backports/universe/i18n/Translation-en.gz
dists/precise-backports/universe/source/
dists/precise-backports/universe/source/Release
dists/precise-backports/universe/source/Sources.bz2
dists/precise-backports/universe/source/Sources.gz
dists/precise-proposed/
dists/precise-proposed/Release
dists/precise-proposed/Release.gpg
dists/precise-proposed/main/
dists/precise-proposed/main/binary-amd64/
dists/precise-proposed/main/binary-amd64/Packages.bz2
dists/precise-proposed/main/binary-amd64/Packages.gz
dists/precise-proposed/main/binary-amd64/Release
dists/precise-proposed/main/binary-i386/
dists/precise-proposed/main/binary-i386/Packages.bz2
dists/precise-proposed/main/binary-i386/Packages.gz
dists/precise-proposed/main/binary-i386/Release
dists/precise-proposed/main/debian-installer/
dists/precise-proposed/main/debian-installer/binary-amd64/
dists/precise-proposed/main/debian-installer/binary-amd64/Packages.bz2
dists/precise-proposed/main/debian-installer/binary-amd64/Packages.gz
dists/precise-proposed/main/debian-installer/binary-i386/
dists/precise-proposed/main/debian-installer/binary-i386/Packages.bz2
dists/precise-proposed/main/debian-installer/binary-i386/Packages.gz
dists/precise-proposed/main/dist-upgrader-all/
dists/precise-proposed/main/dist-upgrader-all/0.156.14.15/
dists/precise-proposed/main/dist-upgrader-all/0.156.14.16/
dists/precise-proposed/main/dist-upgrader-all/0.156.14.17/
dists/precise-proposed/main/dist-upgrader-all/0.156.14.17/DevelReleaseAnnouncement
dists/precise-proposed/main/dist-upgrader-all/0.156.14.17/DevelReleaseAnnouncement.html
dists/precise-proposed/main/dist-upgrader-all/0.156.14.17/EOLReleaseAnnouncement
dists/precise-proposed/main/dist-upgrader-all/0.156.14.17/EOLReleaseAnnouncement.html
dists/precise-proposed/main/dist-upgrader-all/0.156.14.17/ReleaseAnnouncement
dists/precise-proposed/main/dist-upgrader-all/0.156.14.17/ReleaseAnnouncement.html
dists/precise-proposed/main/dist-upgrader-all/0.156.14.17/precise.tar.gz
dists/precise-proposed/main/dist-upgrader-all/0.156.14.17/precise.tar.gz.gpg
dists/precise-proposed/main/i18n/
dists/precise-proposed/main/i18n/Index
dists/precise-proposed/main/i18n/Translation-en
dists/precise-proposed/main/i18n/Translation-en.bz2
dists/precise-proposed/main/i18n/Translation-en.gz
dists/precise-proposed/main/installer-amd64/
dists/precise-proposed/main/installer-amd64/20101020ubuntu136.17/
dists/precise-proposed/main/installer-amd64/20101020ubuntu136.17/images/
dists/precise-proposed/main/installer-amd64/20101020ubuntu136.17/images/cdrom/
dists/precise-proposed/main/installer-amd64/20101020ubuntu136.17/images/cdrom/gtk/
dists/precise-proposed/main/installer-amd64/20101020ubuntu136.17/images/cdrom/xen/
dists/precise-proposed/main/installer-amd64/20101020ubuntu136.17/images/hd-media/
dists/precise-proposed/main/installer-amd64/20101020ubuntu136.17/images/hd-media/gtk/
dists/precise-proposed/main/installer-amd64/20101020ubuntu136.17/images/netboot/
dists/precise-proposed/main/installer-amd64/20101020ubuntu136.17/images/netboot/gtk/
dists/precise-proposed/main/installer-amd64/20101020ubuntu136.17/images/netboot/gtk/ubuntu-installer/
dists/precise-proposed/main/installer-amd64/20101020ubuntu136.17/images/netboot/gtk/ubuntu-installer/amd64/
dists/precise-proposed/main/installer-amd64/20101020ubuntu136.17/images/netboot/gtk/ubuntu-installer/amd64/boot-screens/
dists/precise-proposed/main/installer-amd64/20101020ubuntu136.17/images/netboot/gtk/ubuntu-installer/amd64/pxelinux.cfg/
dists/precise-proposed/main/installer-amd64/20101020ubuntu136.17/images/netboot/ubuntu-installer/
dists/precise-proposed/main/installer-amd64/20101020ubuntu136.17/images/netboot/ubuntu-installer/amd64/
dists/precise-proposed/main/installer-amd64/20101020ubuntu136.17/images/netboot/ubuntu-installer/amd64/boot-screens/
dists/precise-proposed/main/installer-amd64/20101020ubuntu136.17/images/netboot/ubuntu-installer/amd64/pxelinux.cfg/
dists/precise-proposed/main/installer-amd64/20101020ubuntu136.17/images/netboot/xen/
dists/precise-proposed/main/installer-amd64/20101020ubuntu136.17/images/quantal-cdrom/
dists/precise-proposed/main/installer-amd64/20101020ubuntu136.17/images/quantal-cdrom/gtk/
dists/precise-proposed/main/installer-amd64/20101020ubuntu136.17/images/quantal-cdrom/xen/
dists/precise-proposed/main/installer-amd64/20101020ubuntu136.17/images/quantal-hd-media/
dists/precise-proposed/main/installer-amd64/20101020ubuntu136.17/images/quantal-hd-media/gtk/
dists/precise-proposed/main/installer-amd64/20101020ubuntu136.17/images/quantal-netboot/
dists/precise-proposed/main/installer-amd64/20101020ubuntu136.17/images/quantal-netboot/gtk/
dists/precise-proposed/main/installer-amd64/20101020ubuntu136.17/images/quantal-netboot/gtk/ubuntu-installer/
dists/precise-proposed/main/installer-amd64/20101020ubuntu136.17/images/quantal-netboot/gtk/ubuntu-installer/amd64/
dists/precise-proposed/main/installer-amd64/20101020ubuntu136.17/images/quantal-netboot/gtk/ubuntu-installer/amd64/boot-screens/
dists/precise-proposed/main/installer-amd64/20101020ubuntu136.17/images/quantal-netboot/gtk/ubuntu-installer/amd64/pxelinux.cfg/
dists/precise-proposed/main/installer-amd64/20101020ubuntu136.17/images/quantal-netboot/ubuntu-installer/
dists/precise-proposed/main/installer-amd64/20101020ubuntu136.17/images/quantal-netboot/ubuntu-installer/amd64/
dists/precise-proposed/main/installer-amd64/20101020ubuntu136.17/images/quantal-netboot/ubuntu-installer/amd64/boot-screens/
dists/precise-proposed/main/installer-amd64/20101020ubuntu136.17/images/quantal-netboot/ubuntu-installer/amd64/pxelinux.cfg/
dists/precise-proposed/main/installer-amd64/20101020ubuntu136.17/images/quantal-netboot/xen/
dists/precise-proposed/main/installer-amd64/20101020ubuntu136.17/images/raring-cdrom/
dists/precise-proposed/main/installer-amd64/20101020ubuntu136.17/images/raring-cdrom/gtk/
dists/precise-proposed/main/installer-amd64/20101020ubuntu136.17/images/raring-cdrom/xen/
dists/precise-proposed/main/installer-amd64/20101020ubuntu136.17/images/raring-hd-media/
dists/precise-proposed/main/installer-amd64/20101020ubuntu136.17/images/raring-hd-media/gtk/
dists/precise-proposed/main/installer-amd64/20101020ubuntu136.17/images/raring-netboot/
dists/precise-proposed/main/installer-amd64/20101020ubuntu136.17/images/raring-netboot/gtk/
dists/precise-proposed/main/installer-amd64/20101020ubuntu136.17/images/raring-netboot/gtk/ubuntu-installer/
dists/precise-proposed/main/installer-amd64/20101020ubuntu136.17/images/raring-netboot/gtk/ubuntu-installer/amd64/
dists/precise-proposed/main/installer-amd64/20101020ubuntu136.17/images/raring-netboot/gtk/ubuntu-installer/amd64/boot-screens/
dists/precise-proposed/main/installer-amd64/20101020ubuntu136.17/images/raring-netboot/gtk/ubuntu-installer/amd64/pxelinux.cfg/
dists/precise-proposed/main/installer-amd64/20101020ubuntu136.17/images/raring-netboot/ubuntu-installer/
dists/precise-proposed/main/installer-amd64/20101020ubuntu136.17/images/raring-netboot/ubuntu-installer/amd64/
dists/precise-proposed/main/installer-amd64/20101020ubuntu136.17/images/raring-netboot/ubuntu-installer/amd64/boot-screens/
dists/precise-proposed/main/installer-amd64/20101020ubuntu136.17/images/raring-netboot/ubuntu-installer/amd64/pxelinux.cfg/
dists/precise-proposed/main/installer-amd64/20101020ubuntu136.17/images/raring-netboot/xen/
dists/precise-proposed/main/installer-amd64/20101020ubuntu136.17/images/saucy-cdrom/
dists/precise-proposed/main/installer-amd64/20101020ubuntu136.17/images/saucy-cdrom/gtk/
dists/precise-proposed/main/installer-amd64/20101020ubuntu136.17/images/saucy-cdrom/xen/
dists/precise-proposed/main/installer-amd64/20101020ubuntu136.17/images/saucy-hd-media/
dists/precise-proposed/main/installer-amd64/20101020ubuntu136.17/images/saucy-hd-media/gtk/
dists/precise-proposed/main/installer-amd64/20101020ubuntu136.17/images/saucy-netboot/
dists/precise-proposed/main/installer-amd64/20101020ubuntu136.17/images/saucy-netboot/gtk/
dists/precise-proposed/main/installer-amd64/20101020ubuntu136.17/images/saucy-netboot/gtk/ubuntu-installer/
dists/precise-proposed/main/installer-amd64/20101020ubuntu136.17/images/saucy-netboot/gtk/ubuntu-installer/amd64/
dists/precise-proposed/main/installer-amd64/20101020ubuntu136.17/images/saucy-netboot/gtk/ubuntu-installer/amd64/boot-screens/
dists/precise-proposed/main/installer-amd64/20101020ubuntu136.17/images/saucy-netboot/gtk/ubuntu-installer/amd64/pxelinux.cfg/
dists/precise-proposed/main/installer-amd64/20101020ubuntu136.17/images/saucy-netboot/ubuntu-installer/
dists/precise-proposed/main/installer-amd64/20101020ubuntu136.17/images/saucy-netboot/ubuntu-installer/amd64/
dists/precise-proposed/main/installer-amd64/20101020ubuntu136.17/images/saucy-netboot/ubuntu-installer/amd64/boot-screens/
dists/precise-proposed/main/installer-amd64/20101020ubuntu136.17/images/saucy-netboot/ubuntu-installer/amd64/pxelinux.cfg/
dists/precise-proposed/main/installer-amd64/20101020ubuntu136.17/images/saucy-netboot/xen/
dists/precise-proposed/main/installer-amd64/20101020ubuntu136.19/
dists/precise-proposed/main/installer-amd64/20101020ubuntu136.19/images/
dists/precise-proposed/main/installer-amd64/20101020ubuntu136.19/images/cdrom/
dists/precise-proposed/main/installer-amd64/20101020ubuntu136.19/images/cdrom/gtk/
dists/precise-proposed/main/installer-amd64/20101020ubuntu136.19/images/cdrom/xen/
dists/precise-proposed/main/installer-amd64/20101020ubuntu136.19/images/hd-media/
dists/precise-proposed/main/installer-amd64/20101020ubuntu136.19/images/hd-media/gtk/
dists/precise-proposed/main/installer-amd64/20101020ubuntu136.19/images/netboot/
dists/precise-proposed/main/installer-amd64/20101020ubuntu136.19/images/netboot/gtk/
dists/precise-proposed/main/installer-amd64/20101020ubuntu136.19/images/netboot/gtk/ubuntu-installer/
dists/precise-proposed/main/installer-amd64/20101020ubuntu136.19/images/netboot/gtk/ubuntu-installer/amd64/
dists/precise-proposed/main/installer-amd64/20101020ubuntu136.19/images/netboot/gtk/ubuntu-installer/amd64/boot-screens/
dists/precise-proposed/main/installer-amd64/20101020ubuntu136.19/images/netboot/gtk/ubuntu-installer/amd64/pxelinux.cfg/
dists/precise-proposed/main/installer-amd64/20101020ubuntu136.19/images/netboot/ubuntu-installer/
dists/precise-proposed/main/installer-amd64/20101020ubuntu136.19/images/netboot/ubuntu-installer/amd64/
dists/precise-proposed/main/installer-amd64/20101020ubuntu136.19/images/netboot/ubuntu-installer/amd64/boot-screens/
dists/precise-proposed/main/installer-amd64/20101020ubuntu136.19/images/netboot/ubuntu-installer/amd64/pxelinux.cfg/
dists/precise-proposed/main/installer-amd64/20101020ubuntu136.19/images/netboot/xen/
dists/precise-proposed/main/installer-amd64/20101020ubuntu136.19/images/quantal-cdrom/
dists/precise-proposed/main/installer-amd64/20101020ubuntu136.19/images/quantal-cdrom/gtk/
dists/precise-proposed/main/installer-amd64/20101020ubuntu136.19/images/quantal-cdrom/xen/
dists/precise-proposed/main/installer-amd64/20101020ubuntu136.19/images/quantal-hd-media/
dists/precise-proposed/main/installer-amd64/20101020ubuntu136.19/images/quantal-hd-media/gtk/
dists/precise-proposed/main/installer-amd64/20101020ubuntu136.19/images/quantal-netboot/
dists/precise-proposed/main/installer-amd64/20101020ubuntu136.19/images/quantal-netboot/gtk/
dists/precise-proposed/main/installer-amd64/20101020ubuntu136.19/images/quantal-netboot/gtk/ubuntu-installer/
dists/precise-proposed/main/installer-amd64/20101020ubuntu136.19/images/quantal-netboot/gtk/ubuntu-installer/amd64/
dists/precise-proposed/main/installer-amd64/20101020ubuntu136.19/images/quantal-netboot/gtk/ubuntu-installer/amd64/boot-screens/
dists/precise-proposed/main/installer-amd64/20101020ubuntu136.19/images/quantal-netboot/gtk/ubuntu-installer/amd64/pxelinux.cfg/
dists/precise-proposed/main/installer-amd64/20101020ubuntu136.19/images/quantal-netboot/ubuntu-installer/
dists/precise-proposed/main/installer-amd64/20101020ubuntu136.19/images/quantal-netboot/ubuntu-installer/amd64/
dists/precise-proposed/main/installer-amd64/20101020ubuntu136.19/images/quantal-netboot/ubuntu-installer/amd64/boot-screens/
dists/precise-proposed/main/installer-amd64/20101020ubuntu136.19/images/quantal-netboot/ubuntu-installer/amd64/pxelinux.cfg/
dists/precise-proposed/main/installer-amd64/20101020ubuntu136.19/images/quantal-netboot/xen/
dists/precise-proposed/main/installer-amd64/20101020ubuntu136.19/images/raring-cdrom/
dists/precise-proposed/main/installer-amd64/20101020ubuntu136.19/images/raring-cdrom/gtk/
dists/precise-proposed/main/installer-amd64/20101020ubuntu136.19/images/raring-cdrom/xen/
dists/precise-proposed/main/installer-amd64/20101020ubuntu136.19/images/raring-hd-media/
dists/precise-proposed/main/installer-amd64/20101020ubuntu136.19/images/raring-hd-media/gtk/
dists/precise-proposed/main/installer-amd64/20101020ubuntu136.19/images/raring-netboot/
dists/precise-proposed/main/installer-amd64/20101020ubuntu136.19/images/raring-netboot/gtk/
dists/precise-proposed/main/installer-amd64/20101020ubuntu136.19/images/raring-netboot/gtk/ubuntu-installer/
dists/precise-proposed/main/installer-amd64/20101020ubuntu136.19/images/raring-netboot/gtk/ubuntu-installer/amd64/
dists/precise-proposed/main/installer-amd64/20101020ubuntu136.19/images/raring-netboot/gtk/ubuntu-installer/amd64/boot-screens/
dists/precise-proposed/main/installer-amd64/20101020ubuntu136.19/images/raring-netboot/gtk/ubuntu-installer/amd64/pxelinux.cfg/
dists/precise-proposed/main/installer-amd64/20101020ubuntu136.19/images/raring-netboot/ubuntu-installer/
dists/precise-proposed/main/installer-amd64/20101020ubuntu136.19/images/raring-netboot/ubuntu-installer/amd64/
dists/precise-proposed/main/installer-amd64/20101020ubuntu136.19/images/raring-netboot/ubuntu-installer/amd64/boot-screens/
dists/precise-proposed/main/installer-amd64/20101020ubuntu136.19/images/raring-netboot/ubuntu-installer/amd64/pxelinux.cfg/
dists/precise-proposed/main/installer-amd64/20101020ubuntu136.19/images/raring-netboot/xen/
dists/precise-proposed/main/installer-amd64/20101020ubuntu136.19/images/saucy-cdrom/
dists/precise-proposed/main/installer-amd64/20101020ubuntu136.19/images/saucy-cdrom/gtk/
dists/precise-proposed/main/installer-amd64/20101020ubuntu136.19/images/saucy-cdrom/xen/
dists/precise-proposed/main/installer-amd64/20101020ubuntu136.19/images/saucy-hd-media/
dists/precise-proposed/main/installer-amd64/20101020ubuntu136.19/images/saucy-hd-media/gtk/
dists/precise-proposed/main/installer-amd64/20101020ubuntu136.19/images/saucy-netboot/
dists/precise-proposed/main/installer-amd64/20101020ubuntu136.19/images/saucy-netboot/gtk/
dists/precise-proposed/main/installer-amd64/20101020ubuntu136.19/images/saucy-netboot/gtk/ubuntu-installer/
dists/precise-proposed/main/installer-amd64/20101020ubuntu136.19/images/saucy-netboot/gtk/ubuntu-installer/amd64/
dists/precise-proposed/main/installer-amd64/20101020ubuntu136.19/images/saucy-netboot/gtk/ubuntu-installer/amd64/boot-screens/
dists/precise-proposed/main/installer-amd64/20101020ubuntu136.19/images/saucy-netboot/gtk/ubuntu-installer/amd64/pxelinux.cfg/
dists/precise-proposed/main/installer-amd64/20101020ubuntu136.19/images/saucy-netboot/ubuntu-installer/
dists/precise-proposed/main/installer-amd64/20101020ubuntu136.19/images/saucy-netboot/ubuntu-installer/amd64/
dists/precise-proposed/main/installer-amd64/20101020ubuntu136.19/images/saucy-netboot/ubuntu-installer/amd64/boot-screens/
dists/precise-proposed/main/installer-amd64/20101020ubuntu136.19/images/saucy-netboot/ubuntu-installer/amd64/pxelinux.cfg/
dists/precise-proposed/main/installer-amd64/20101020ubuntu136.19/images/saucy-netboot/xen/
dists/precise-proposed/main/installer-amd64/20101020ubuntu136.19/images/trusty-cdrom/
dists/precise-proposed/main/installer-amd64/20101020ubuntu136.19/images/trusty-cdrom/gtk/
dists/precise-proposed/main/installer-amd64/20101020ubuntu136.19/images/trusty-cdrom/xen/
dists/precise-proposed/main/installer-amd64/20101020ubuntu136.19/images/trusty-hd-media/
dists/precise-proposed/main/installer-amd64/20101020ubuntu136.19/images/trusty-hd-media/gtk/
dists/precise-proposed/main/installer-amd64/20101020ubuntu136.19/images/trusty-netboot/
dists/precise-proposed/main/installer-amd64/20101020ubuntu136.19/images/trusty-netboot/gtk/
dists/precise-proposed/main/installer-amd64/20101020ubuntu136.19/images/trusty-netboot/gtk/ubuntu-installer/
dists/precise-proposed/main/installer-amd64/20101020ubuntu136.19/images/trusty-netboot/gtk/ubuntu-installer/amd64/
dists/precise-proposed/main/installer-amd64/20101020ubuntu136.19/images/trusty-netboot/gtk/ubuntu-installer/amd64/boot-screens/
dists/precise-proposed/main/installer-amd64/20101020ubuntu136.19/images/trusty-netboot/gtk/ubuntu-installer/amd64/pxelinux.cfg/
dists/precise-proposed/main/installer-amd64/20101020ubuntu136.19/images/trusty-netboot/ubuntu-installer/
dists/precise-proposed/main/installer-amd64/20101020ubuntu136.19/images/trusty-netboot/ubuntu-installer/amd64/
dists/precise-proposed/main/installer-amd64/20101020ubuntu136.19/images/trusty-netboot/ubuntu-installer/amd64/boot-screens/
dists/precise-proposed/main/installer-amd64/20101020ubuntu136.19/images/trusty-netboot/ubuntu-installer/amd64/pxelinux.cfg/
dists/precise-proposed/main/installer-amd64/20101020ubuntu136.19/images/trusty-netboot/xen/
dists/precise-proposed/main/installer-amd64/20101020ubuntu136.20/
dists/precise-proposed/main/installer-amd64/20101020ubuntu136.20/images/
dists/precise-proposed/main/installer-amd64/20101020ubuntu136.20/images/MANIFEST
dists/precise-proposed/main/installer-amd64/20101020ubuntu136.20/images/MANIFEST.udebs
dists/precise-proposed/main/installer-amd64/20101020ubuntu136.20/images/MD5SUMS
dists/precise-proposed/main/installer-amd64/20101020ubuntu136.20/images/MD5SUMS.gpg
dists/precise-proposed/main/installer-amd64/20101020ubuntu136.20/images/SHA1SUMS
dists/precise-proposed/main/installer-amd64/20101020ubuntu136.20/images/SHA1SUMS.gpg
dists/precise-proposed/main/installer-amd64/20101020ubuntu136.20/images/SHA256SUMS
dists/precise-proposed/main/installer-amd64/20101020ubuntu136.20/images/SHA256SUMS.gpg
dists/precise-proposed/main/installer-amd64/20101020ubuntu136.20/images/udeb.list
dists/precise-proposed/main/installer-amd64/20101020ubuntu136.20/images/cdrom/
dists/precise-proposed/main/installer-amd64/20101020ubuntu136.20/images/cdrom/debian-cd_info.tar.gz
dists/precise-proposed/main/installer-amd64/20101020ubuntu136.20/images/cdrom/initrd.gz
dists/precise-proposed/main/installer-amd64/20101020ubuntu136.20/images/cdrom/vmlinuz
dists/precise-proposed/main/installer-amd64/20101020ubuntu136.20/images/cdrom/gtk/
dists/precise-proposed/main/installer-amd64/20101020ubuntu136.20/images/cdrom/gtk/debian-cd_info.tar.gz
dists/precise-proposed/main/installer-amd64/20101020ubuntu136.20/images/cdrom/gtk/initrd.gz
dists/precise-proposed/main/installer-amd64/20101020ubuntu136.20/images/cdrom/gtk/vmlinuz
dists/precise-proposed/main/installer-amd64/20101020ubuntu136.20/images/cdrom/xen/
dists/precise-proposed/main/installer-amd64/20101020ubuntu136.20/images/cdrom/xen/xm-debian.cfg
dists/precise-proposed/main/installer-amd64/20101020ubuntu136.20/images/hd-media/
dists/precise-proposed/main/installer-amd64/20101020ubuntu136.20/images/hd-media/boot.img.gz
dists/precise-proposed/main/installer-amd64/20101020ubuntu136.20/images/hd-media/initrd.gz
dists/precise-proposed/main/installer-amd64/20101020ubuntu136.20/images/hd-media/vmlinuz
dists/precise-proposed/main/installer-amd64/20101020ubuntu136.20/images/hd-media/gtk/
dists/precise-proposed/main/installer-amd64/20101020ubuntu136.20/images/hd-media/gtk/initrd.gz
dists/precise-proposed/main/installer-amd64/20101020ubuntu136.20/images/hd-media/gtk/vmlinuz
dists/precise-proposed/main/installer-amd64/20101020ubuntu136.20/images/netboot/
dists/precise-proposed/main/installer-amd64/20101020ubuntu136.20/images/netboot/boot.img.gz
dists/precise-proposed/main/installer-amd64/20101020ubuntu136.20/images/netboot/mini.iso
dists/precise-proposed/main/installer-amd64/20101020ubuntu136.20/images/netboot/netboot.tar.gz
dists/precise-proposed/main/installer-amd64/20101020ubuntu136.20/images/netboot/gtk/
dists/precise-proposed/main/installer-amd64/20101020ubuntu136.20/images/netboot/gtk/mini.iso
dists/precise-proposed/main/installer-amd64/20101020ubuntu136.20/images/netboot/gtk/netboot.tar.gz
dists/precise-proposed/main/installer-amd64/20101020ubuntu136.20/images/netboot/gtk/ubuntu-installer/
dists/precise-proposed/main/installer-amd64/20101020ubuntu136.20/images/netboot/gtk/ubuntu-installer/amd64/
dists/precise-proposed/main/installer-amd64/20101020ubuntu136.20/images/netboot/gtk/ubuntu-installer/amd64/initrd.gz
dists/precise-proposed/main/installer-amd64/20101020ubuntu136.20/images/netboot/gtk/ubuntu-installer/amd64/linux
dists/precise-proposed/main/installer-amd64/20101020ubuntu136.20/images/netboot/gtk/ubuntu-installer/amd64/pxelinux.0
dists/precise-proposed/main/installer-amd64/20101020ubuntu136.20/images/netboot/gtk/ubuntu-installer/amd64/boot-screens/
dists/precise-proposed/main/installer-amd64/20101020ubuntu136.20/images/netboot/gtk/ubuntu-installer/amd64/boot-screens/adtxt.cfg
dists/precise-proposed/main/installer-amd64/20101020ubuntu136.20/images/netboot/gtk/ubuntu-installer/amd64/boot-screens/exithelp.cfg
dists/precise-proposed/main/installer-amd64/20101020ubuntu136.20/images/netboot/gtk/ubuntu-installer/amd64/boot-screens/f1.txt
dists/precise-proposed/main/installer-amd64/20101020ubuntu136.20/images/netboot/gtk/ubuntu-installer/amd64/boot-screens/f10.txt
dists/precise-proposed/main/installer-amd64/20101020ubuntu136.20/images/netboot/gtk/ubuntu-installer/amd64/boot-screens/f2.txt
dists/precise-proposed/main/installer-amd64/20101020ubuntu136.20/images/netboot/gtk/ubuntu-installer/amd64/boot-screens/f3.txt
dists/precise-proposed/main/installer-amd64/20101020ubuntu136.20/images/netboot/gtk/ubuntu-installer/amd64/boot-screens/f4.txt
dists/precise-proposed/main/installer-amd64/20101020ubuntu136.20/images/netboot/gtk/ubuntu-installer/amd64/boot-screens/f5.txt
dists/precise-proposed/main/installer-amd64/20101020ubuntu136.20/images/netboot/gtk/ubuntu-installer/amd64/boot-screens/f6.txt
dists/precise-proposed/main/installer-amd64/20101020ubuntu136.20/images/netboot/gtk/ubuntu-installer/amd64/boot-screens/f7.txt
dists/precise-proposed/main/installer-amd64/20101020ubuntu136.20/images/netboot/gtk/ubuntu-installer/amd64/boot-screens/f8.txt
dists/precise-proposed/main/installer-amd64/20101020ubuntu136.20/images/netboot/gtk/ubuntu-installer/amd64/boot-screens/f9.txt
dists/precise-proposed/main/installer-amd64/20101020ubuntu136.20/images/netboot/gtk/ubuntu-installer/amd64/boot-screens/menu.cfg
dists/precise-proposed/main/installer-amd64/20101020ubuntu136.20/images/netboot/gtk/ubuntu-installer/amd64/boot-screens/prompt.cfg
dists/precise-proposed/main/installer-amd64/20101020ubuntu136.20/images/netboot/gtk/ubuntu-installer/amd64/boot-screens/rqtxt.cfg
dists/precise-proposed/main/installer-amd64/20101020ubuntu136.20/images/netboot/gtk/ubuntu-installer/amd64/boot-screens/splash.png
dists/precise-proposed/main/installer-amd64/20101020ubuntu136.20/images/netboot/gtk/ubuntu-installer/amd64/boot-screens/stdmenu.cfg
dists/precise-proposed/main/installer-amd64/20101020ubuntu136.20/images/netboot/gtk/ubuntu-installer/amd64/boot-screens/syslinux.cfg
dists/precise-proposed/main/installer-amd64/20101020ubuntu136.20/images/netboot/gtk/ubuntu-installer/amd64/boot-screens/txt.cfg
dists/precise-proposed/main/installer-amd64/20101020ubuntu136.20/images/netboot/gtk/ubuntu-installer/amd64/boot-screens/vesamenu.c32
dists/precise-proposed/main/installer-amd64/20101020ubuntu136.20/images/netboot/gtk/ubuntu-installer/amd64/pxelinux.cfg/
dists/precise-proposed/main/installer-amd64/20101020ubuntu136.20/images/netboot/ubuntu-installer/
dists/precise-proposed/main/installer-amd64/20101020ubuntu136.20/images/netboot/ubuntu-installer/amd64/
dists/precise-proposed/main/installer-amd64/20101020ubuntu136.20/images/netboot/ubuntu-installer/amd64/initrd.gz
dists/precise-proposed/main/installer-amd64/20101020ubuntu136.20/images/netboot/ubuntu-installer/amd64/linux
dists/precise-proposed/main/installer-amd64/20101020ubuntu136.20/images/netboot/ubuntu-installer/amd64/pxelinux.0
dists/precise-proposed/main/installer-amd64/20101020ubuntu136.20/images/netboot/ubuntu-installer/amd64/boot-screens/
dists/precise-proposed/main/installer-amd64/20101020ubuntu136.20/images/netboot/ubuntu-installer/amd64/boot-screens/adtxt.cfg
dists/precise-proposed/main/installer-amd64/20101020ubuntu136.20/images/netboot/ubuntu-installer/amd64/boot-screens/exithelp.cfg
dists/precise-proposed/main/installer-amd64/20101020ubuntu136.20/images/netboot/ubuntu-installer/amd64/boot-screens/f1.txt
dists/precise-proposed/main/installer-amd64/20101020ubuntu136.20/images/netboot/ubuntu-installer/amd64/boot-screens/f10.txt
dists/precise-proposed/main/installer-amd64/20101020ubuntu136.20/images/netboot/ubuntu-installer/amd64/boot-screens/f2.txt
dists/precise-proposed/main/installer-amd64/20101020ubuntu136.20/images/netboot/ubuntu-installer/amd64/boot-screens/f3.txt
dists/precise-proposed/main/installer-amd64/20101020ubuntu136.20/images/netboot/ubuntu-installer/amd64/boot-screens/f4.txt
dists/precise-proposed/main/installer-amd64/20101020ubuntu136.20/images/netboot/ubuntu-installer/amd64/boot-screens/f5.txt
dists/precise-proposed/main/installer-amd64/20101020ubuntu136.20/images/netboot/ubuntu-installer/amd64/boot-screens/f6.txt
dists/precise-proposed/main/installer-amd64/20101020ubuntu136.20/images/netboot/ubuntu-installer/amd64/boot-screens/f7.txt
dists/precise-proposed/main/installer-amd64/20101020ubuntu136.20/images/netboot/ubuntu-installer/amd64/boot-screens/f8.txt
dists/precise-proposed/main/installer-amd64/20101020ubuntu136.20/images/netboot/ubuntu-installer/amd64/boot-screens/f9.txt
dists/precise-proposed/main/installer-amd64/20101020ubuntu136.20/images/netboot/ubuntu-installer/amd64/boot-screens/menu.cfg
dists/precise-proposed/main/installer-amd64/20101020ubuntu136.20/images/netboot/ubuntu-installer/amd64/boot-screens/prompt.cfg
dists/precise-proposed/main/installer-amd64/20101020ubuntu136.20/images/netboot/ubuntu-installer/amd64/boot-screens/rqtxt.cfg
dists/precise-proposed/main/installer-amd64/20101020ubuntu136.20/images/netboot/ubuntu-installer/amd64/boot-screens/splash.png
dists/precise-proposed/main/installer-amd64/20101020ubuntu136.20/images/netboot/ubuntu-installer/amd64/boot-screens/stdmenu.cfg
dists/precise-proposed/main/installer-amd64/20101020ubuntu136.20/images/netboot/ubuntu-installer/amd64/boot-screens/syslinux.cfg
dists/precise-proposed/main/installer-amd64/20101020ubuntu136.20/images/netboot/ubuntu-installer/amd64/boot-screens/txt.cfg
dists/precise-proposed/main/installer-amd64/20101020ubuntu136.20/images/netboot/ubuntu-installer/amd64/boot-screens/vesamenu.c32
dists/precise-proposed/main/installer-amd64/20101020ubuntu136.20/images/netboot/ubuntu-installer/amd64/pxelinux.cfg/
dists/precise-proposed/main/installer-amd64/20101020ubuntu136.20/images/netboot/xen/
dists/precise-proposed/main/installer-amd64/20101020ubuntu136.20/images/netboot/xen/xm-debian.cfg
dists/precise-proposed/main/installer-amd64/20101020ubuntu136.20/images/quantal-cdrom/
dists/precise-proposed/main/installer-amd64/20101020ubuntu136.20/images/quantal-cdrom/debian-cd_info.tar.gz
dists/precise-proposed/main/installer-amd64/20101020ubuntu136.20/images/quantal-cdrom/initrd.gz
dists/precise-proposed/main/installer-amd64/20101020ubuntu136.20/images/quantal-cdrom/vmlinuz
dists/precise-proposed/main/installer-amd64/20101020ubuntu136.20/images/quantal-cdrom/gtk/
dists/precise-proposed/main/installer-amd64/20101020ubuntu136.20/images/quantal-cdrom/gtk/debian-cd_info.tar.gz
dists/precise-proposed/main/installer-amd64/20101020ubuntu136.20/images/quantal-cdrom/gtk/initrd.gz
dists/precise-proposed/main/installer-amd64/20101020ubuntu136.20/images/quantal-cdrom/gtk/vmlinuz
dists/precise-proposed/main/installer-amd64/20101020ubuntu136.20/images/quantal-cdrom/xen/
dists/precise-proposed/main/installer-amd64/20101020ubuntu136.20/images/quantal-cdrom/xen/xm-debian.cfg
dists/precise-proposed/main/installer-amd64/20101020ubuntu136.20/images/quantal-hd-media/
dists/precise-proposed/main/installer-amd64/20101020ubuntu136.20/images/quantal-hd-media/boot.img.gz
dists/precise-proposed/main/installer-amd64/20101020ubuntu136.20/images/quantal-hd-media/initrd.gz
dists/precise-proposed/main/installer-amd64/20101020ubuntu136.20/images/quantal-hd-media/vmlinuz
dists/precise-proposed/main/installer-amd64/20101020ubuntu136.20/images/quantal-hd-media/gtk/
dists/precise-proposed/main/installer-amd64/20101020ubuntu136.20/images/quantal-hd-media/gtk/initrd.gz
dists/precise-proposed/main/installer-amd64/20101020ubuntu136.20/images/quantal-hd-media/gtk/vmlinuz
dists/precise-proposed/main/installer-amd64/20101020ubuntu136.20/images/quantal-netboot/
dists/precise-proposed/main/installer-amd64/20101020ubuntu136.20/images/quantal-netboot/boot.img.gz
dists/precise-proposed/main/installer-amd64/20101020ubuntu136.20/images/quantal-netboot/mini.iso
dists/precise-proposed/main/installer-amd64/20101020ubuntu136.20/images/quantal-netboot/netboot.tar.gz
dists/precise-proposed/main/installer-amd64/20101020ubuntu136.20/images/quantal-netboot/gtk/
dists/precise-proposed/main/installer-amd64/20101020ubuntu136.20/images/quantal-netboot/gtk/mini.iso
dists/precise-proposed/main/installer-amd64/20101020ubuntu136.20/images/quantal-netboot/gtk/netboot.tar.gz
dists/precise-proposed/main/installer-amd64/20101020ubuntu136.20/images/quantal-netboot/gtk/ubuntu-installer/
dists/precise-proposed/main/installer-amd64/20101020ubuntu136.20/images/quantal-netboot/gtk/ubuntu-installer/amd64/
dists/precise-proposed/main/installer-amd64/20101020ubuntu136.20/images/quantal-netboot/gtk/ubuntu-installer/amd64/initrd.gz
dists/precise-proposed/main/installer-amd64/20101020ubuntu136.20/images/quantal-netboot/gtk/ubuntu-installer/amd64/linux
dists/precise-proposed/main/installer-amd64/20101020ubuntu136.20/images/quantal-netboot/gtk/ubuntu-installer/amd64/pxelinux.0
dists/precise-proposed/main/installer-amd64/20101020ubuntu136.20/images/quantal-netboot/gtk/ubuntu-installer/amd64/boot-screens/
dists/precise-proposed/main/installer-amd64/20101020ubuntu136.20/images/quantal-netboot/gtk/ubuntu-installer/amd64/boot-screens/adtxt.cfg
dists/precise-proposed/main/installer-amd64/20101020ubuntu136.20/images/quantal-netboot/gtk/ubuntu-installer/amd64/boot-screens/exithelp.cfg
dists/precise-proposed/main/installer-amd64/20101020ubuntu136.20/images/quantal-netboot/gtk/ubuntu-installer/amd64/boot-screens/f1.txt
dists/precise-proposed/main/installer-amd64/20101020ubuntu136.20/images/quantal-netboot/gtk/ubuntu-installer/amd64/boot-screens/f10.txt
rsync: writefd_unbuffered failed to write 4 bytes to socket [generator]: Broken pipe (32)
rsync error: error in rsync protocol data stream (code 12) at io.c(1525) [generator=3.0.6]
rsync error: received SIGUSR1 (code 19) at main.c(1285) [receiver=3.0.6]
