2014-08-05 18:34:19
rsync://kali.mirror.garr.it/kali/

receiving file list ... rsync: opendir "/pool/main/c/clipper" (in kali) failed: Permission denied (13)
done
IO error encountered -- skipping file deletion
file has vanished: "/pool/main/c/ceph/.ceph-test-dbg_0.80.5-1_i386.deb.Ecmcd1" (in kali)

Number of files: 338084
Number of files transferred: 0
Total file size: 361987257126 bytes
Total transferred file size: 0 bytes
Literal data: 0 bytes
Matched data: 0 bytes
File list size: 8431546
File list generation time: 537.358 seconds
File list transfer time: 0.000 seconds
Total bytes sent: 61
Total bytes received: 8431789

sent 61 bytes  received 8431789 bytes  11058.16 bytes/sec
total size is 361987257126  speedup is 42930.94
rsync error: some files/attrs were not transferred (see previous errors) (code 23) at main.c(1505) [generator=3.0.6]
