2014-08-06 03:00:02
rsync://rsync.osuosl.org/eclipse/

---------------------------------------------------------------------------
                      R S Y N C . O S U O S L . O R G 
                          Oregon State University
                              Open Source Lab

       Unauthorized use is prohibited - violators will be prosecuted
---------------------------------------------------------------------------

                For more information about the OSL visit:
                    http://osuosl.org/services/hosting

          This host is the home to the primary archives of several
           projects.  We would prefer that only primary/secondary
                    mirrors use this service.  Thanks!

---------------------------------------------------------------------------


receiving file list ... done
ignoring unsafe symlink "/mirrorsxgxy/eclipse/modeling/emf/cdo/updates/maintenance/latest" -> "/home/data/httpd/download.eclipse.org/modeling/emf/cdo/drops/M20140411-0411"
ignoring unsafe symlink "/mirrorsxgxy/eclipse/modeling/emf/cdo/updates/maintenance/weekly/latest" -> "/home/data/httpd/download.eclipse.org/modeling/emf/cdo/drops/M20140411-0411"
ignoring unsafe symlink "/mirrorsxgxy/eclipse/modeling/emf/cdo/updates/releases/latest" -> "/home/data/httpd/download.eclipse.org/modeling/emf/cdo/drops/R20140218-1655"
ignoring unsafe symlink "/mirrorsxgxy/eclipse/modeling/emf/cdo/updates/releases/3.0/latest" -> "/home/data/httpd/download.eclipse.org/modeling/emf/cdo/drops/R20110215-2220"
ignoring unsafe symlink "/mirrorsxgxy/eclipse/modeling/emf/cdo/updates/releases/4.0/latest" -> "/home/data/httpd/download.eclipse.org/modeling/emf/cdo/drops/R20120518-0411"
ignoring unsafe symlink "/mirrorsxgxy/eclipse/modeling/emf/cdo/updates/releases/4.1/latest" -> "/home/data/httpd/download.eclipse.org/modeling/emf/cdo/drops/R20130213-0014"
ignoring unsafe symlink "/mirrorsxgxy/eclipse/modeling/emf/cdo/updates/releases/4.2/latest" -> "/home/data/httpd/download.eclipse.org/modeling/emf/cdo/drops/R20140218-1655"

Number of files: 1841416
Number of files transferred: 0
Total file size: 498851984780 bytes
Total transferred file size: 0 bytes
Literal data: 0 bytes
Matched data: 0 bytes
File list size: 82121956
File list generation time: 534.375 seconds
File list transfer time: 0.000 seconds
Total bytes sent: 43
Total bytes received: 82122762

sent 43 bytes  received 82122762 bytes  97707.09 bytes/sec
total size is 498851984780  speedup is 6074.46
