2014-08-06 06:00:03
rsync://packages.linuxdeepin.com/packages/
receiving file list ... done
./
dists/
dists/kdeepin/
dists/kdeepin/main/
dists/kdeepin/main/binary-amd64/
dists/kdeepin/main/binary-i386/
dists/kdeepin/main/debian-installer/
dists/kdeepin/main/debian-installer/binary-amd64/
dists/kdeepin/main/debian-installer/binary-i386/
dists/kdeepin/main/source/
dists/maverick-special/
dists/maverick-special/main/
dists/maverick-special/main/binary-i386/
dists/maverick-special/main/debian-installer/
dists/maverick-special/main/debian-installer/binary-i386/
dists/maverick-special/main/source/
dists/maverick-updates/
dists/maverick-updates/main/
dists/maverick-updates/main/binary-i386/
dists/maverick-updates/main/debian-installer/
dists/maverick-updates/main/debian-installer/binary-i386/
dists/maverick-updates/main/source/
dists/maverick/
dists/maverick/main/
dists/maverick/main/binary-i386/
dists/maverick/main/debian-installer/
dists/maverick/main/debian-installer/binary-i386/
dists/maverick/main/source/
dists/natty-updates/
dists/natty-updates/main/
dists/natty-updates/main/binary-amd64/
dists/natty-updates/main/binary-i386/
dists/natty-updates/main/debian-installer/
dists/natty-updates/main/debian-installer/binary-amd64/
dists/natty-updates/main/debian-installer/binary-i386/
dists/natty-updates/main/source/
dists/natty-updates/non-free/
dists/natty-updates/non-free/binary-amd64/
dists/natty-updates/non-free/binary-i386/
dists/natty-updates/non-free/source/
dists/natty/
dists/natty/main/
dists/natty/main/binary-amd64/
dists/natty/main/binary-i386/
dists/natty/main/debian-installer/
dists/natty/main/debian-installer/binary-amd64/
dists/natty/main/debian-installer/binary-i386/
dists/natty/main/source/
dists/natty/non-free/
dists/natty/non-free/binary-amd64/
dists/natty/non-free/binary-i386/
dists/natty/non-free/source/
dists/oneiric-updates/
dists/oneiric-updates/main/
dists/oneiric-updates/main/binary-amd64/
dists/oneiric-updates/main/binary-i386/
dists/oneiric-updates/main/debian-installer/
dists/oneiric-updates/main/debian-installer/binary-amd64/
dists/oneiric-updates/main/debian-installer/binary-i386/
dists/oneiric-updates/main/source/
dists/oneiric-updates/non-free/
dists/oneiric-updates/non-free/binary-amd64/
dists/oneiric-updates/non-free/binary-i386/
dists/oneiric-updates/non-free/source/
dists/oneiric/
dists/oneiric/main/
dists/oneiric/main/binary-amd64/
dists/oneiric/main/binary-i386/
dists/oneiric/main/debian-installer/
dists/oneiric/main/debian-installer/binary-amd64/
dists/oneiric/main/debian-installer/binary-i386/
dists/oneiric/main/source/
dists/oneiric/non-free/
dists/oneiric/non-free/binary-amd64/
dists/oneiric/non-free/binary-i386/
dists/oneiric/non-free/source/
dists/precise-updates/
dists/precise-updates/main/
dists/precise-updates/main/binary-amd64/
dists/precise-updates/main/binary-i386/
dists/precise-updates/main/debian-installer/
dists/precise-updates/main/debian-installer/binary-amd64/
dists/precise-updates/main/debian-installer/binary-i386/
dists/precise-updates/main/source/
dists/precise-updates/non-free/
dists/precise-updates/non-free/binary-amd64/
dists/precise-updates/non-free/binary-i386/
dists/precise-updates/non-free/source/
dists/precise/
dists/precise/main/
dists/precise/main/binary-amd64/
dists/precise/main/binary-i386/
dists/precise/main/debian-installer/
dists/precise/main/debian-installer/binary-amd64/
dists/precise/main/debian-installer/binary-i386/
dists/precise/main/source/
dists/precise/non-free/
dists/precise/non-free/binary-amd64/
dists/precise/non-free/binary-i386/
dists/precise/non-free/source/
dists/quantal-updates/
dists/quantal-updates/main/
dists/quantal-updates/main/binary-amd64/
dists/quantal-updates/main/binary-i386/
dists/quantal-updates/main/debian-installer/
dists/quantal-updates/main/debian-installer/binary-amd64/
dists/quantal-updates/main/debian-installer/binary-i386/
dists/quantal-updates/main/source/
dists/quantal-updates/non-free/
dists/quantal-updates/non-free/binary-amd64/
dists/quantal-updates/non-free/binary-i386/
dists/quantal-updates/non-free/source/
dists/quantal/
dists/quantal/main/
dists/quantal/main/binary-amd64/
dists/quantal/main/binary-i386/
dists/quantal/main/debian-installer/
dists/quantal/main/debian-installer/binary-amd64/
dists/quantal/main/debian-installer/binary-i386/
dists/quantal/main/source/
dists/quantal/non-free/
dists/quantal/non-free/binary-amd64/
dists/quantal/non-free/binary-i386/
dists/quantal/non-free/source/
dists/raring/
dists/raring/main/
dists/raring/main/binary-amd64/
dists/raring/main/binary-i386/
dists/raring/main/debian-installer/
dists/raring/main/debian-installer/binary-amd64/
dists/raring/main/debian-installer/binary-i386/
dists/raring/main/source/
dists/raring/non-free/
dists/raring/non-free/binary-amd64/
dists/raring/non-free/binary-i386/
dists/raring/non-free/source/
dists/raring/universe/
dists/raring/universe/binary-amd64/
dists/raring/universe/binary-i386/
dists/raring/universe/source/
dists/sid/
dists/sid/main/
dists/sid/main/binary-mipsel/
dists/sid/main/debian-installer/
dists/sid/main/debian-installer/binary-mipsel/
dists/sid/main/source/
dists/sid/non-free/
dists/sid/non-free/binary-mipsel/
dists/sid/non-free/source/
dists/trusty/
dists/trusty/main/
dists/trusty/main/binary-amd64/
dists/trusty/main/binary-i386/
dists/trusty/main/debian-installer/
dists/trusty/main/debian-installer/binary-amd64/
dists/trusty/main/debian-installer/binary-i386/
dists/trusty/main/source/
dists/trusty/non-free/
dists/trusty/non-free/binary-amd64/
dists/trusty/non-free/binary-i386/
dists/trusty/non-free/source/
dists/trusty/universe/
dists/trusty/universe/binary-amd64/
dists/trusty/universe/binary-i386/
dists/trusty/universe/source/
dists/unstable/
dists/unstable/main/
dists/unstable/main/binary-i386/
dists/unstable/main/debian-installer/
dists/unstable/main/debian-installer/binary-i386/
dists/unstable/main/source/
dists/unstable/non-free/
dists/unstable/non-free/binary-i386/
dists/unstable/non-free/source/
pool/
pool/main/
pool/main/a/
pool/main/a/account-plugins/
pool/main/a/acpi-support/
pool/main/a/acpid/
pool/main/a/ailurus/
pool/main/a/akonadi/
pool/main/a/alacarte/
pool/main/a/aliedit/
pool/main/a/alien-arena/
pool/main/a/alsa-plugins/
pool/main/a/analitza/
pool/main/a/android-sdk-2.3/
pool/main/a/android-sdk-4.0/
pool/main/a/android-sdk-common/
pool/main/a/android-sdk-depends-meta/
pool/main/a/android-sdk-platform-3/
pool/main/a/android-sdk-platform-4/
pool/main/a/android-sdk-platform-tools/
pool/main/a/android-sdk/
pool/main/a/anjuta-extras/
pool/main/a/anjuta/
pool/main/a/anki/
pool/main/a/apper/
pool/main/a/ark/
pool/main/a/atkmm1.6/
pool/main/a/atom/
pool/main/a/attica/
pool/main/a/audio-recorder/
