2014-08-05 15:00:02
rsync://sourceware.org/cygwin-ftp/
receiving file list ... done
./
unsupported/
x86/
x86/md5.sum
x86/setup.bz2.sig
x86/setup.ini.sig
x86/release/
x86/release/AtomicParsley/
x86/release/AtomicParsley/AtomicParsley-debuginfo/
x86/release/CUnit/
x86/release/ELFIO/
x86/release/GConf2/
x86/release/GConf2/GConf2-debuginfo/
x86/release/GConf2/girepository-GConf2.0/
x86/release/GConf2/libgconf2-devel/
x86/release/GConf2/libgconf2_4/
x86/release/GraphicsMagick/
x86/release/GraphicsMagick/GraphicsMagick-debuginfo/
x86/release/GraphicsMagick/libGraphicsMagick-devel/
x86/release/GraphicsMagick/libGraphicsMagick3/
x86/release/GraphicsMagick/perl-Graphics-Magick/
x86/release/ImageMagick/
x86/release/ImageMagick/ImageMagick-doc/
x86/release/ImageMagick/libImageMagick1/
x86/release/ImageMagick/libMagick-devel/
x86/release/ImageMagick/libMagickCore5/
x86/release/ImageMagick/perl-Image-Magick/
x86/release/ORBit2/
x86/release/ORBit2/ORBit2-debuginfo/
x86/release/ORBit2/libORBit2-devel/
x86/release/ORBit2/libORBit2_0/
x86/release/OpenSP/
x86/release/OpenSP/libosp-devel/
x86/release/OpenSP/libosp5/
x86/release/R/
x86/release/R/R-debuginfo/
x86/release/R/libRmath-devel/
x86/release/R/libRmath/
x86/release/SWI-Prolog/
x86/release/SuiteSparse/
x86/release/SuiteSparse/amd/
x86/release/SuiteSparse/amd/amd-debuginfo/
x86/release/SuiteSparse/amd/libamd-devel/
x86/release/SuiteSparse/amd/libamd0/
x86/release/SuiteSparse/btf/
x86/release/SuiteSparse/btf/btf-debuginfo/
x86/release/SuiteSparse/btf/libbtf-devel/
x86/release/SuiteSparse/btf/libbtf0/
x86/release/SuiteSparse/camd/
x86/release/SuiteSparse/camd/camd-debuginfo/
x86/release/SuiteSparse/camd/libcamd-devel/
x86/release/SuiteSparse/camd/libcamd0/
x86/release/SuiteSparse/ccolamd/
x86/release/SuiteSparse/ccolamd/ccolamd-debuginfo/
x86/release/SuiteSparse/ccolamd/libccolamd-devel/
x86/release/SuiteSparse/ccolamd/libccolamd0/
x86/release/SuiteSparse/cholmod/
x86/release/SuiteSparse/cholmod/cholmod-debuginfo/
x86/release/SuiteSparse/cholmod/libcholmod-devel/
x86/release/SuiteSparse/cholmod/libcholmod0/
x86/release/SuiteSparse/colamd/
x86/release/SuiteSparse/colamd/colamd-debuginfo/
x86/release/SuiteSparse/colamd/libcolamd-devel/
x86/release/SuiteSparse/colamd/libcolamd0/
x86/release/SuiteSparse/cxsparse/
x86/release/SuiteSparse/cxsparse/cxsparse-debuginfo/
x86/release/SuiteSparse/cxsparse/libcxsparse-devel/
x86/release/SuiteSparse/cxsparse/libcxsparse0/
x86/release/SuiteSparse/klu/
x86/release/SuiteSparse/klu/klu-debuginfo/
x86/release/SuiteSparse/klu/libklu-devel/
x86/release/SuiteSparse/klu/libklu0/
x86/release/SuiteSparse/ldl/
x86/release/SuiteSparse/ldl/ldl-debuginfo/
x86/release/SuiteSparse/ldl/libldl-devel/
x86/release/SuiteSparse/ldl/libldl0/
x86/release/SuiteSparse/libSuiteSparse-devel/
x86/release/SuiteSparse/rbio/
x86/release/SuiteSparse/rbio/librbio-devel/
x86/release/SuiteSparse/rbio/librbio0/
x86/release/SuiteSparse/rbio/rbio-debuginfo/
x86/release/SuiteSparse/spqr/
x86/release/SuiteSparse/spqr/libspqr-devel/
x86/release/SuiteSparse/spqr/libspqr0/
x86/release/SuiteSparse/spqr/spqr-debuginfo/
x86/release/SuiteSparse/suitesparseconfig/
x86/release/SuiteSparse/suitesparseconfig/libsuitesparseconfig-devel/
x86/release/SuiteSparse/suitesparseconfig/libsuitesparseconfig0/
x86/release/SuiteSparse/suitesparseconfig/suitesparseconfig-debuginfo/
x86/release/SuiteSparse/umfpack/
x86/release/SuiteSparse/umfpack/libumfpack-devel/
x86/release/SuiteSparse/umfpack/libumfpack0/
x86/release/SuiteSparse/umfpack/umfpack-debuginfo/
x86/release/TeX/
x86/release/TeX/asymptote/
x86/release/TeX/asymptote/asymptote-debuginfo/
x86/release/TeX/ec-fonts-mftraced/
x86/release/TeX/emacs-auctex/
x86/release/TeX/jadetex/
x86/release/TeX/psutils/
x86/release/TeX/tetex-base/
x86/release/TeX/tetex-bin/
x86/release/TeX/tetex-devel/
x86/release/TeX/tetex-doc/
x86/release/TeX/tetex-extra/
x86/release/TeX/tetex-tiny/
x86/release/TeX/tetex-x11/
x86/release/TeX/tetex/
x86/release/TeX/texlive-collection-basic-doc/
x86/release/TeX/texlive-collection-basic/
x86/release/TeX/texlive-collection-bibtexextra-doc/
x86/release/TeX/texlive-collection-bibtexextra/
x86/release/TeX/texlive-collection-binextra-doc/
x86/release/TeX/texlive-collection-binextra/
x86/release/TeX/texlive-collection-context-doc/
x86/release/TeX/texlive-collection-context/
x86/release/TeX/texlive-collection-documentation-arabic/
x86/release/TeX/texlive-collection-documentation-base/
x86/release/TeX/texlive-collection-documentation-bulgarian/
x86/release/TeX/texlive-collection-documentation-chinese/
x86/release/TeX/texlive-collection-documentation-czechslovak/
x86/release/TeX/texlive-collection-documentation-dutch/
x86/release/TeX/texlive-collection-documentation-english/
x86/release/TeX/texlive-collection-documentation-finnish/
x86/release/TeX/texlive-collection-documentation-french/
x86/release/TeX/texlive-collection-documentation-german/
x86/release/TeX/texlive-collection-documentation-italian/
x86/release/TeX/texlive-collection-documentation-japanese/
x86/release/TeX/texlive-collection-documentation-korean/
x86/release/TeX/texlive-collection-documentation-mongolian/
x86/release/TeX/texlive-collection-documentation-polish/
x86/release/TeX/texlive-collection-documentation-portuguese/
x86/release/TeX/texlive-collection-documentation-russian/
x86/release/TeX/texlive-collection-documentation-serbian/
x86/release/TeX/texlive-collection-documentation-slovenian/
x86/release/TeX/texlive-collection-documentation-spanish/
x86/release/TeX/texlive-collection-documentation-thai/
x86/release/TeX/texlive-collection-documentation-turkish/
x86/release/TeX/texlive-collection-documentation-ukrainian/
x86/release/TeX/texlive-collection-documentation-vietnamese/
x86/release/TeX/texlive-collection-fontsextra-doc/
x86/release/TeX/texlive-collection-fontsextra/
x86/release/TeX/texlive-collection-fontsrecommended-doc/
x86/release/TeX/texlive-collection-fontsrecommended/
x86/release/TeX/texlive-collection-fontutils-doc/
x86/release/TeX/texlive-collection-fontutils/
x86/release/TeX/texlive-collection-formatsextra/
x86/release/TeX/texlive-collection-games/
x86/release/TeX/texlive-collection-genericextra-doc/
x86/release/TeX/texlive-collection-genericextra/
x86/release/TeX/texlive-collection-genericrecommended-doc/
x86/release/TeX/texlive-collection-genericrecommended/
x86/release/TeX/texlive-collection-htmlxml/
x86/release/TeX/texlive-collection-humanities-doc/
x86/release/TeX/texlive-collection-humanities/
x86/release/TeX/texlive-collection-langafrican/
x86/release/TeX/texlive-collection-langarabic/
x86/release/TeX/texlive-collection-langchinese/
x86/release/TeX/texlive-collection-langcjk/
x86/release/TeX/texlive-collection-langcroatian/
x86/release/TeX/texlive-collection-langcyrillic/
x86/release/TeX/texlive-collection-langczechslovak/
x86/release/TeX/texlive-collection-langenglish/
x86/release/TeX/texlive-collection-langeuropean/
x86/release/TeX/texlive-collection-langfinnish/
x86/release/TeX/texlive-collection-langfrench/
x86/release/TeX/texlive-collection-langgerman/
x86/release/TeX/texlive-collection-langgreek/
x86/release/TeX/texlive-collection-langhebrew/
x86/release/TeX/texlive-collection-langhungarian/
x86/release/TeX/texlive-collection-langindic/
x86/release/TeX/texlive-collection-langitalian/
x86/release/TeX/texlive-collection-langjapanese/
x86/release/TeX/texlive-collection-langkorean/
x86/release/TeX/texlive-collection-langlithuanian/
x86/release/TeX/texlive-collection-langmongolian/
x86/release/TeX/texlive-collection-langother/
x86/release/TeX/texlive-collection-langpolish/
x86/release/TeX/texlive-collection-langportuguese/
x86/release/TeX/texlive-collection-langspanish/
x86/release/TeX/texlive-collection-langswedish/
x86/release/TeX/texlive-collection-langtibetan/
x86/release/TeX/texlive-collection-langturkmen/
x86/release/TeX/texlive-collection-langvietnamese/
x86/release/TeX/texlive-collection-latex-doc/
x86/release/TeX/texlive-collection-latex/
x86/release/TeX/texlive-collection-latexextra-doc/
x86/release/TeX/texlive-collection-latexextra/
x86/release/TeX/texlive-collection-latexrecommended-doc/
x86/release/TeX/texlive-collection-latexrecommended/
x86/release/TeX/texlive-collection-luatex-doc/
x86/release/TeX/texlive-collection-luatex/
x86/release/TeX/texlive-collection-mathextra-doc/
x86/release/TeX/texlive-collection-mathextra/
x86/release/TeX/texlive-collection-metapost-doc/
x86/release/TeX/texlive-collection-metapost/
x86/release/TeX/texlive-collection-music-doc/
x86/release/TeX/texlive-collection-music/
x86/release/TeX/texlive-collection-omega/
x86/release/TeX/texlive-collection-pictures-doc/
x86/release/TeX/texlive-collection-pictures/
x86/release/TeX/texlive-collection-plainextra/
x86/release/TeX/texlive-collection-pstricks-doc/
x86/release/TeX/texlive-collection-pstricks/
x86/release/TeX/texlive-collection-publishers-doc/
x86/release/TeX/texlive-collection-publishers/
x86/release/TeX/texlive-collection-science-doc/
x86/release/TeX/texlive-collection-science/
x86/release/TeX/texlive-collection-texinfo/
x86/release/TeX/texlive-collection-xetex-doc/
x86/release/TeX/texlive-collection-xetex/
x86/release/TeX/texlive/
x86/release/TeX/texlive/libkpathsea-devel/
x86/release/TeX/texlive/libkpathsea6/
x86/release/TeX/texlive/libptexenc-devel/
x86/release/TeX/texlive/libptexenc1/
x86/release/TeX/texlive/texlive-debuginfo/
x86/release/TeXmacs/
x86/release/TeXmacs/TeXmacs-debuginfo/
x86/release/WindowMaker/
x86/release/WindowMaker/WindowMaker-debuginfo/
x86/release/WindowMaker/libWINGs-devel/
x86/release/WindowMaker/libWINGs2/
x86/release/WindowMaker/libWMaker-devel/
x86/release/WindowMaker/libWMaker1/
x86/release/WindowMaker/libwraster-devel/
x86/release/WindowMaker/libwraster3/
x86/release/WordNet/
x86/release/WordNet/WordNet-debuginfo/
x86/release/X11/
x86/release/X11/X-start-menu-icons/
x86/release/X11/X-startup-scripts/
x86/release/X11/XFree86-lib-compat/
x86/release/X11/XmHTML/
x86/release/X11/XmHTML/XmHTML-debuginfo/
x86/release/X11/XmHTML/XmHTML-devel/
x86/release/X11/XmHTML/libXmHTML0/
x86/release/X11/XtoW/
x86/release/X11/XtoW/XtoW-debuginfo/
x86/release/X11/cgoban/
x86/release/X11/ddd/
x86/release/X11/font-bitstream-vera-ttf/
x86/release/X11/gd/
x86/release/X11/gd/gd-debuginfo/
x86/release/X11/gd/libgd-devel/
x86/release/X11/gd/libgd2/
x86/release/X11/gnuplot/
x86/release/X11/gnuplot/gnuplot-debuginfo/
x86/release/X11/gq/
x86/release/X11/gq/gq-debuginfo/
x86/release/X11/gv/
x86/release/X11/gv/gv-debuginfo/
x86/release/X11/libAfterImage/
x86/release/X11/libAfterImage/libAfterImage-devel/
x86/release/X11/libAfterImage/libAfterImage0/
x86/release/X11/tcm/
x86/release/X11/tcm/tcm-debuginfo/
x86/release/X11/ted/
x86/release/X11/ted/ted-debuginfo/
x86/release/X11/transfig/
x86/release/X11/transfig/transfig-debuginfo/
x86/release/X11/xfig/
x86/release/X11/xfig/xfig-debuginfo/
x86/release/X11/xfig/xfig-lib/
x86/release/X11/xgraph/
x86/release/X11/xloadimage/
x86/release/X11/xloadimage/xloadimage-debuginfo/
x86/release/X11/xmon/
x86/release/X11/xorg-x11-base/
x86/release/X11/xorg-x11-bin-dlls/
x86/release/X11/xorg-x11-bin-dlls/libXaw8/
x86/release/X11/xorg-x11-bin-dlls/libXp6/
x86/release/X11/xorg-x11-bin-lndir/
x86/release/X11/xorg-x11-bin/
x86/release/X11/xorg-x11-devel/
x86/release/X11/xorg-x11-etc/
x86/release/X11/xorg-x11-f100/
x86/release/X11/xorg-x11-fcyr/
x86/release/X11/xorg-x11-fenc/
x86/release/X11/xorg-x11-fnts/
x86/release/X11/xorg-x11-fscl/
x86/release/X11/xorg-x11-fsrv/
x86/release/X11/xorg-x11-libs-data/
x86/release/X11/xorg-x11-man-pages-html/
x86/release/X11/xorg-x11-man-pages/
x86/release/X11/xorg-x11-nest/
x86/release/X11/xorg-x11-vfb/
x86/release/X11/xorg-x11-xwin-gl/
x86/release/X11/xorg-x11-xwin/
x86/release/X11/xpdf/
x86/release/X11/xpdf/xpdf-debuginfo/
x86/release/X11/xsri/
x86/release/X11/xview/
x86/release/X11/xview/xview-devel/
x86/release/_autorebase/
x86/release/_obsolete/
x86/release/_obsolete/libxcb-atom-devel/
x86/release/_obsolete/libxcb-aux-devel/
x86/release/_obsolete/libxcb-event-devel/
x86/release/_obsolete/libxcb-property-devel/
x86/release/_obsolete/libxcb-reply-devel/
x86/release/_update-info-dir/
x86/release/a2ps/
x86/release/a2ps/a2ps-debuginfo/
x86/release/aalib/
x86/release/aalib/aalib-debuginfo/
x86/release/aalib/aalib-devel/
x86/release/aalib/libaa1/
x86/release/abook/
x86/release/aewm++/
x86/release/aewm++/aewm++-goodies/
x86/release/afio/
x86/release/algol68g/
x86/release/alternatives/
x86/release/amanda/
x86/release/annoyance-filter/
x86/release/antiword/
x86/release/apache2/
x86/release/apache2/apache2-debuginfo/
x86/release/apache2/apache2-devel/
x86/release/apache2/apache2-manual/
x86/release/apng2gif/
x86/release/apngasm/
x86/release/apngdis/
x86/release/apngopt/
x86/release/apngtools/
x86/release/appdata-tools/
x86/release/appdata-tools/appdata-tools-debuginfo/
x86/release/appres/
x86/release/appres/appres-debuginfo/
x86/release/arc/
x86/release/archivemail/
x86/release/aria2/
x86/release/arj/
x86/release/arpack/
x86/release/arpack/arpack-debuginfo/
x86/release/arpack/libarpack-devel/
x86/release/arpack/libarpack0/
x86/release/ascii/
x86/release/ascii/ascii-debuginfo/
x86/release/asciidoc/
x86/release/ash/
x86/release/aspell/
x86/release/aspell/aspell-de/
x86/release/aspell/aspell-debuginfo/
x86/release/aspell/aspell-dev/
x86/release/aspell/aspell-doc/
x86/release/aspell/aspell-en/
x86/release/aspell/aspell-pl/
x86/release/aspell/aspell-sv/
x86/release/aspell/libaspell-devel/
x86/release/aspell/libaspell15/
x86/release/astyle/
x86/release/astyle/astyle-debuginfo/
x86/release/at-spi2-atk/
x86/release/at-spi2-atk/at-spi2-atk-debuginfo/
x86/release/at-spi2-atk/gtk2.0-atk-bridge/
x86/release/at-spi2-atk/libatk-bridge2.0-devel/
x86/release/at-spi2-atk/libatk-bridge2.0_0/
x86/release/at-spi2-core/
x86/release/at-spi2-core/at-spi2-core-debuginfo/
x86/release/at-spi2-core/girepository-Atspi2.0/
x86/release/at-spi2-core/libatspi-devel/
x86/release/at-spi2-core/libatspi-doc/
x86/release/at-spi2-core/libatspi0/
x86/release/atk1.0/
x86/release/atk1.0/atk1.0-debuginfo/
x86/release/atk1.0/girepository-Atk1.0/
x86/release/atk1.0/libatk1.0-devel/
x86/release/atk1.0/libatk1.0-doc/
x86/release/atk1.0/libatk1.0_0/
x86/release/atkmm1.6/
x86/release/atkmm1.6/atkmm1.6-debuginfo/
x86/release/atkmm1.6/libatkmm1.6-devel/
x86/release/atkmm1.6/libatkmm1.6-doc/
x86/release/atkmm1.6/libatkmm1.6_1/
x86/release/atool/
x86/release/attr/
x86/release/attr/libattr-devel/
x86/release/attr/libattr1/
x86/release/audiofile/
x86/release/audiofile/audiofile-debuginfo/
x86/release/audiofile/libaudiofile-devel/
x86/release/audiofile/libaudiofile0/
x86/release/audiofile/libaudiofile1/
x86/release/autobuild/
x86/release/autoconf/
x86/release/autoconf/autoconf2.1/
x86/release/autoconf/autoconf2.5/
x86/release/autoconf/gcc-tools-autoconf/
x86/release/autoconf/gcc-tools-epoch1-autoconf/
x86/release/autoconf/gcc-tools-epoch2-autoconf/
x86/release/automake/
x86/release/automake1.10/
x86/release/automake1.11/
x86/release/automake1.12/
x86/release/automake1.13/
x86/release/automake1.14/
x86/release/automake1.4/
x86/release/automake1.5/
x86/release/automake1.6/
x86/release/automake1.7/
x86/release/automake1.8/
x86/release/automake1.9/
x86/release/automoc4/
x86/release/autossh/
x86/release/autotrace/
x86/release/autotrace/autotrace-debuginfo/
x86/release/autotrace/libautotrace-devel/
x86/release/autotrace/libautotrace3/
x86/release/avahi/
x86/release/avahi/avahi-debuginfo/
x86/release/avahi/avahi-tools/
x86/release/avahi/avahi-ui-tools/
x86/release/avahi/girepository-Avahi0.6/
x86/release/avahi/libavahi-client-devel/
x86/release/avahi/libavahi-client3/
x86/release/avahi/libavahi-common-devel/
x86/release/avahi/libavahi-common3/
x86/release/avahi/libavahi-core-devel/
x86/release/avahi/libavahi-core7/
x86/release/avahi/libavahi-glib-devel/
x86/release/avahi/libavahi-glib1/
x86/release/avahi/libavahi-gobject-devel/
x86/release/avahi/libavahi-gobject0/
x86/release/avahi/libavahi-qt4-devel/
x86/release/avahi/libavahi-qt4_1/
x86/release/avahi/libavahi-ui-devel/
x86/release/avahi/libavahi-ui-gtk3-devel/
x86/release/avahi/libavahi-ui-gtk3_0/
x86/release/avahi/libavahi-ui0/
x86/release/avahi/python-avahi/
x86/release/aview/
x86/release/balance/
x86/release/balance/balance-debuginfo/
x86/release/base-cygwin/
x86/release/base-files/
x86/release/bash/
x86/release/bash/bash-completion/
x86/release/bash/bashdb/
x86/release/bc/
x86/release/bcrypt/
x86/release/bdftopcf/
x86/release/bdftopcf/bdftopcf-debuginfo/
x86/release/beforelight/
x86/release/bigreqsproto/
x86/release/bind/
x86/release/bind/bind-debuginfo/
x86/release/bind/bind-utils/
x86/release/binutils/
x86/release/binutils/binutils-debuginfo/
x86/release/bison/
x86/release/bitmap/
x86/release/bitmap/bitmap-debuginfo/
x86/release/bmp2png/
x86/release/bool/
x86/release/boost/
x86/release/boost/boost-devel/
x86/release/boost/libboost-devel/
x86/release/boost/libboost1.50/
x86/release/boost/libboost1.53/
x86/release/boost/libboost_python-devel/
x86/release/boost/libboost_python1.50/
x86/release/boost/libboost_python1.53/
x86/release/boost/libboost_python3-devel/
x86/release/boost/libboost_python3_1.50/
x86/release/boost/libboost_python3_1.53/
x86/release/botan/
x86/release/botan/libbotan-devel/
x86/release/botan/libbotan1.8.13/
x86/release/botan1.10/
x86/release/botan1.10/botan1.10-debuginfo/
x86/release/botan1.10/libbotan1.10-devel/
x86/release/botan1.10/libbotan1.10-doc/
x86/release/botan1.10/libbotan1.10_0/
x86/release/botan1.10/python-botan/
x86/release/boxes/
x86/release/brltty/
x86/release/brltty/java-brlapi/
x86/release/brltty/libbrlapi-devel/
x86/release/brltty/libbrlapi/
x86/release/brltty/python-brlapi/
x86/release/brltty/tcl-brlapi/
x86/release/brltty/xbrlapi/
x86/release/bsdiff/
x86/release/bsfilter/
x86/release/bsflite/
x86/release/bsflite/bsflite-debuginfo/
x86/release/build-docbook-catalog/
x86/release/bvi/
x86/release/byacc/
x86/release/bzip2/
x86/release/bzip2/libbz2-devel/
x86/release/bzip2/libbz2_0/
x86/release/bzip2/libbz2_1/
x86/release/bzr/
x86/release/bzr/bzr-fastimport/
x86/release/ca-certificates/
x86/release/cabextract/
x86/release/cadaver/
x86/release/cadaver/cadaver-debuginfo/
x86/release/cairo/
x86/release/cairo/cairo-debuginfo/
x86/release/cairo/libcairo-devel/
x86/release/cairo/libcairo-doc/
x86/release/cairo/libcairo2/
x86/release/cairomm1.0/
x86/release/cairomm1.0/cairomm1.0-debuginfo/
x86/release/cairomm1.0/libcairomm1.0-devel/
x86/release/cairomm1.0/libcairomm1.0-doc/
x86/release/cairomm1.0/libcairomm1.0_1/
x86/release/catdoc/
x86/release/catgets/
x86/release/catgets/libcatgets-devel/
x86/release/catgets/libcatgets1/
x86/release/ccache/
x86/release/ccache/ccache-debuginfo/
x86/release/cccc/
x86/release/ccdoc/
x86/release/ccrypt/
x86/release/cdargs/
x86/release/cdrkit/
x86/release/cdrkit/cdda2wav/
x86/release/cdrkit/cdrecord/
x86/release/cdrkit/cdrkit-debuginfo/
x86/release/cdrkit/cdrkit-doc/
x86/release/cdrkit/genisoimage/
x86/release/cdrkit/icedax/
x86/release/cdrkit/mkisofs/
x86/release/cdrkit/wodim/
x86/release/cfourcc/
x86/release/cfv/
x86/release/cgdb/
x86/release/check/
x86/release/check/check-debuginfo/
x86/release/checkbashisms/
x86/release/checkx/
x86/release/chere/
x86/release/chewmail/
x86/release/chicken/
x86/release/chkconfig/
x86/release/clamav/
x86/release/clamav/clamav-db/
x86/release/clamav/libclamav-devel/
x86/release/clamav/libclamav6/
x86/release/clisp/
x86/release/clisp/clisp-clx/
x86/release/clisp/clisp-gdi/
x86/release/clisp/clisp-gtk2/
x86/release/cloog-isl/
x86/release/cloog-isl/cloog-isl-debuginfo/
x86/release/cloog-isl/libcloog-isl-devel/
x86/release/cloog-isl/libcloog-isl-doc/
x86/release/cloog-isl/libcloog-isl4/
x86/release/cloog-ppl/
x86/release/cloog-ppl/cloog-ppl-debuginfo/
x86/release/cloog-ppl/libcloog-devel/
x86/release/cloog-ppl/libcloog0/
x86/release/cmake/
x86/release/cocom/
x86/release/code2html/
x86/release/codeville/
x86/release/colordiff/
x86/release/colorgcc/
x86/release/compface/
x86/release/compface/compface-debuginfo/
x86/release/compface/libcompface-devel/
x86/release/compface/libcompface0/
x86/release/compositeproto/
x86/release/connect-proxy/
x86/release/convmv/
x86/release/copyright-update/
x86/release/coreutils/
x86/release/coreutils/coreutils-debuginfo/
x86/release/corkscrew/
x86/release/cpio/
x86/release/cppcheck/
x86/release/cppcheck/cppcheck-debuginfo/
x86/release/cppi/
x86/release/cppi/cppi-debuginfo/
x86/release/cppunit/
x86/release/cramfs/
x86/release/cron/
x86/release/crypt/
x86/release/cscope/
x86/release/csih/
x86/release/csih/csih-debuginfo/
x86/release/ctags/
x86/release/ctorrent/
x86/release/ctris/
x86/release/curl/
x86/release/curl/curl-debuginfo/
x86/release/curl/libcurl-devel/
x86/release/curl/libcurl-doc/
x86/release/curl/libcurl3/
x86/release/curl/libcurl4/
x86/release/cvs/
x86/release/cvs2svn/
x86/release/cvsps/
x86/release/cvsutils/
x86/release/cygcheck-dep/
x86/release/cygport/
x86/release/cygrunsrv/
x86/release/cygrunsrv/cygrunsrv-debuginfo/
x86/release/cygutils/
x86/release/cygutils/cygutils-debuginfo/
x86/release/cygutils/cygutils-extra/
x86/release/cygutils/cygutils-x11/
x86/release/cygwin-doc/
x86/release/cygwin-x-doc/
x86/release/cygwin/
x86/release/cygwin/cygwin-debuginfo/
x86/release/cygwin64-binutils/
x86/release/cygwin64-binutils/cygwin64-binutils-debuginfo/
x86/release/cygwin64-bzip2/
x86/release/cygwin64-catgets/
x86/release/cygwin64-clang/
x86/release/cygwin64-clang/cygwin64-clang-debuginfo/
x86/release/cygwin64-cloog-isl/
x86/release/cygwin64-cloog-ppl/
x86/release/cygwin64-crypt/
x86/release/cygwin64-db/
x86/release/cygwin64-default-manifest/
x86/release/cygwin64-e2fsprogs/
x86/release/cygwin64-expat/
x86/release/cygwin64-fontconfig/
x86/release/cygwin64-freetype2/
x86/release/cygwin64-gcc/
x86/release/cygwin64-gcc/cygwin64-gcc-ada/
x86/release/cygwin64-gcc/cygwin64-gcc-core/
x86/release/cygwin64-gcc/cygwin64-gcc-debuginfo/
x86/release/cygwin64-gcc/cygwin64-gcc-fortran/
x86/release/cygwin64-gcc/cygwin64-gcc-g++/
x86/release/cygwin64-gcc/cygwin64-gcc-objc++/
x86/release/cygwin64-gcc/cygwin64-gcc-objc/
x86/release/cygwin64-gdbm/
x86/release/cygwin64-gettext/
x86/release/cygwin64-gmp/
x86/release/cygwin64-gnutls/
x86/release/cygwin64-isl/
x86/release/cygwin64-jbigkit/
x86/release/cygwin64-libICE/
x86/release/cygwin64-libSM/
x86/release/cygwin64-libX11/
x86/release/cygwin64-libXau/
x86/release/cygwin64-libXaw/
x86/release/cygwin64-libXcomposite/
x86/release/cygwin64-libXdamage/
x86/release/cygwin64-libXdmcp/
x86/release/cygwin64-libXext/
x86/release/cygwin64-libXfixes/
x86/release/cygwin64-libXft/
x86/release/cygwin64-libXi/
x86/release/cygwin64-libXmu/
x86/release/cygwin64-libXpm/
x86/release/cygwin64-libXrandr/
x86/release/cygwin64-libXrender/
x86/release/cygwin64-libXss/
x86/release/cygwin64-libXt/
x86/release/cygwin64-libarchive/
x86/release/cygwin64-libbfd/
x86/release/cygwin64-libdmx/
x86/release/cygwin64-libedit/
x86/release/cygwin64-libffi/
x86/release/cygwin64-libfontenc/
x86/release/cygwin64-libgcrypt/
x86/release/cygwin64-libgpg-error/
x86/release/cygwin64-libiconv/
x86/release/cygwin64-libjpeg-turbo/
x86/release/cygwin64-libmagic/
x86/release/cygwin64-libmpc/
x86/release/cygwin64-libpng/
x86/release/cygwin64-libssh2/
x86/release/cygwin64-libtasn1/
x86/release/cygwin64-libtool/
x86/release/cygwin64-libxcb/
x86/release/cygwin64-libxml2/
x86/release/cygwin64-libxslt/
x86/release/cygwin64-lzo2/
x86/release/cygwin64-mpfr/
x86/release/cygwin64-ncurses/
x86/release/cygwin64-nettle/
x86/release/cygwin64-openssl/
x86/release/cygwin64-p11-kit/
x86/release/cygwin64-pcre/
x86/release/cygwin64-pixman/
x86/release/cygwin64-pkg-config/
x86/release/cygwin64-pkg-config/cygwin64-pkg-config-debuginfo/
x86/release/cygwin64-popt/
x86/release/cygwin64-ppl/
x86/release/cygwin64-python/
x86/release/cygwin64-readline/
x86/release/cygwin64-sqlite3/
x86/release/cygwin64-tcl/
x86/release/cygwin64-tiff/
x86/release/cygwin64-tk/
x86/release/cygwin64-util-linux/
x86/release/cygwin64-util-linux/cygwin64-libblkid/
x86/release/cygwin64-util-linux/cygwin64-libuuid/
x86/release/cygwin64-w32api-headers/
x86/release/cygwin64-w32api-runtime/
x86/release/cygwin64-xcb-util-image/
x86/release/cygwin64-xcb-util-wm/
x86/release/cygwin64-xcb-util/
x86/release/cygwin64-xproto/
x86/release/cygwin64-zlib/
x86/release/cygwin64-zlib/cygwin64-minizip/
x86/release/cygwin64/
x86/release/cygwin64/cygwin64-debuginfo/
x86/release/cyrus-sasl/
x86/release/cyrus-sasl/cyrus-sasl-debuginfo/
x86/release/cyrus-sasl/libsasl2-devel/
x86/release/cyrus-sasl/libsasl2-ldap/
x86/release/cyrus-sasl/libsasl2-sql/
x86/release/cyrus-sasl/libsasl2/
x86/release/cyrus-sasl/libsasl2_3-ldap/
x86/release/cyrus-sasl/libsasl2_3-sql/
x86/release/cyrus-sasl/libsasl2_3/
x86/release/damageproto/
x86/release/dash/
x86/release/db/
x86/release/db/db4.5/
x86/release/db/db4.5/libdb4.5-devel/
x86/release/db/db4.5/libdb4.5/
x86/release/db/db4.5/tcl-db4.5/
x86/release/db/db4.8/
x86/release/db/db4.8/db4.8-doc/
x86/release/db/db4.8/libdb4.8-devel/
x86/release/db/db4.8/libdb4.8/
x86/release/db/db4.8/tcl-db4.8/
x86/release/dblatex/
x86/release/dbus-glib/
x86/release/dbus-glib/dbus-bash-completion/
x86/release/dbus-glib/dbus-glib-debuginfo/
x86/release/dbus-glib/libdbus-glib_1-devel/
x86/release/dbus-glib/libdbus-glib_1_2/
x86/release/dbus/
x86/release/dbus/dbus-debuginfo/
x86/release/dbus/dbus-doc/
x86/release/dbus/libdbus1-devel/
x86/release/dbus/libdbus1_3/
x86/release/dconf/
x86/release/dconf/dconf-debuginfo/
x86/release/dconf/dconf-editor/
x86/release/dconf/dconf-service/
x86/release/dconf/libdconf-dbus1-devel/
x86/release/dconf/libdconf-dbus1_0/
x86/release/dconf/libdconf-devel/
x86/release/dconf/libdconf-doc/
x86/release/dconf/libdconf1/
x86/release/dconf/vala-dconf/
x86/release/ddir/
x86/release/ddrescue/
x86/release/ddrescue/ddrescue-debuginfo/
x86/release/dejagnu/
x86/release/delta/
x86/release/deroff/
x86/release/desktop-file-utils/
x86/release/desktop-file-utils/desktop-file-utils-debuginfo/
x86/release/dhttpd/
x86/release/dialog/
x86/release/dialog/dialog-debuginfo/
x86/release/dialog/libdialog-devel/
x86/release/dialog/libdialog11/
x86/release/diffstat/
x86/release/diffstat/diffstat-debuginfo/
x86/release/diffutils/
x86/release/distcc/
x86/release/djvulibre/
x86/release/djvulibre/libdjvulibre-devel/
x86/release/djvulibre/libdjvulibre21/
x86/release/dmalloc/
x86/release/dmxproto/
x86/release/docbook-dsssl/
x86/release/docbook-sgml30/
x86/release/docbook-sgml31/
x86/release/docbook-sgml40/
x86/release/docbook-sgml41/
x86/release/docbook-sgml42/
x86/release/docbook-sgml43/
x86/release/docbook-sgml44/
x86/release/docbook-sgml45/
x86/release/docbook-utils/
x86/release/docbook-xml-simple10/
x86/release/docbook-xml-simple11/
x86/release/docbook-xml412/
x86/release/docbook-xml42/
x86/release/docbook-xml43/
x86/release/docbook-xml44/
x86/release/docbook-xml45/
x86/release/docbook-xsl-ns/
x86/release/docbook-xsl/
x86/release/docbook2X/
x86/release/docbook2X/docbook2X-debuginfo/
x86/release/dog/
x86/release/dos2unix/
x86/release/dos2unix/dos2unix-debuginfo/
x86/release/doxygen/
x86/release/doxygen/doxygen-debuginfo/
x86/release/doxygen/doxygen-doxywizard/
x86/release/dpatch/
x86/release/duff/
x86/release/e2fsimage/
x86/release/e2fsprogs/
x86/release/e2fsprogs/e2fsprogs-debuginfo/
x86/release/e2fsprogs/libcom_err-devel/
x86/release/e2fsprogs/libcom_err2/
x86/release/e2fsprogs/libe2p-devel/
x86/release/e2fsprogs/libe2p2/
x86/release/e2fsprogs/libext2fs-devel/
x86/release/e2fsprogs/libext2fs2/
x86/release/e2fsprogs/libquota-devel/
x86/release/e2fsprogs/libss-devel/
x86/release/e2fsprogs/libss2/
x86/release/ed/
x86/release/ed/ed-debuginfo/
x86/release/editres/
x86/release/editres/editres-debuginfo/
x86/release/editrights/
x86/release/emacs/
x86/release/emacs/emacs-X11/
x86/release/emacs/emacs-debuginfo/
x86/release/emacs/emacs-el/
x86/release/emacs/emacs-w32/
x86/release/email/
x86/release/email/email-debuginfo/
x86/release/enchant/
x86/release/enchant/libenchant-devel/
x86/release/enchant/libenchant1/
x86/release/enscript/
x86/release/enscript/enscript-debuginfo/
x86/release/epstool/
x86/release/esound/
x86/release/esound/libesd-devel/
x86/release/esound/libesd0/
x86/release/eventlog/
x86/release/eventlog/libevtlog-devel/
x86/release/eventlog/libevtlog0/
x86/release/exif/
x86/release/exif/exif-debuginfo/
x86/release/exim/
x86/release/expat/
x86/release/expat/expat-debuginfo/
x86/release/expat/libexpat-devel/
x86/release/expat/libexpat0/
x86/release/expat/libexpat1-devel/
x86/release/expat/libexpat1/
x86/release/expect/
x86/release/fcgi/
x86/release/fcgi/libfcgi-devel/
x86/release/fcgi/libfcgi0/
x86/release/fcrackzip/
x86/release/fdupes/
x86/release/fetchmail/
x86/release/ffcall/
x86/release/fftw3/
x86/release/fftw3/fftw3-debuginfo/
x86/release/fftw3/fftw3-doc/
x86/release/fftw3/libfftw3-devel/
x86/release/fftw3/libfftw3_3/
x86/release/figlet/
x86/release/file/
x86/release/file/file-debuginfo/
x86/release/file/file-devel/
x86/release/file/python-magic/
x86/release/file/python3-magic/
x86/release/findutils/
x86/release/findutils/findutils-debuginfo/
x86/release/fish/
x86/release/fish/fish-debuginfo/
x86/release/fixesproto/
x86/release/flac/
x86/release/flac/flac-debuginfo/
x86/release/flac/flac-devel/
x86/release/flac/flac-docs/
x86/release/flac/libFLAC++6/
x86/release/flac/libFLAC8/
x86/release/flawfinder/
x86/release/flex/
x86/release/flex/flex-debuginfo/
x86/release/flexdll/
x86/release/flip/
x86/release/flog/
x86/release/fltk/
x86/release/fltk/fltk-debuginfo/
x86/release/fltk/fltk-devel/
x86/release/fltk/fltk-doc/
x86/release/fltk/libfltk-devel/
x86/release/fltk/libfltk-doc/
x86/release/fltk/libfltk1.1/
x86/release/fltk/libfltk1.3/
x86/release/fltk_gdi/
x86/release/fltk_gdi/libfltk1.1-gdi/
x86/release/font-adobe-dpi100/
x86/release/font-adobe-dpi75/
x86/release/font-adobe-utopia-dpi100/
x86/release/font-adobe-utopia-dpi75/
x86/release/font-adobe-utopia-type1/
x86/release/font-alias/
x86/release/font-arabic-misc/
x86/release/font-bh-dpi100/
x86/release/font-bh-dpi75/
x86/release/font-bh-lucidatypewriter-dpi100/
x86/release/font-bh-lucidatypewriter-dpi75/
x86/release/font-bh-ttf/
x86/release/font-bh-type1/
x86/release/font-bitstream-dpi100/
x86/release/font-bitstream-dpi75/
x86/release/font-bitstream-speedo/
x86/release/font-bitstream-type1/
x86/release/font-cantarell-otf/
x86/release/font-cronyx-cyrillic/
x86/release/font-cursor-misc/
x86/release/font-daewoo-misc/
x86/release/font-dec-misc/
x86/release/font-encodings/
x86/release/font-ibm-type1/
x86/release/font-isas-misc/
x86/release/font-jis-misc/
x86/release/font-micro-misc/
x86/release/font-misc-cyrillic/
x86/release/font-misc-ethiopic/
x86/release/font-misc-meltho/
x86/release/font-misc-misc/
x86/release/font-mutt-misc/
x86/release/font-schumacher-misc/
x86/release/font-screen-cyrillic/
x86/release/font-sony-misc/
x86/release/font-sun-misc/
x86/release/font-util/
x86/release/font-winitzki-cyrillic/
x86/release/font-xfree86-type1/
x86/release/fontconfig/
x86/release/fontconfig/fontconfig-debuginfo/
x86/release/fontconfig/fontconfig-doc/
x86/release/fontconfig/libfontconfig-devel/
x86/release/fontconfig/libfontconfig1/
x86/release/fontsproto/
x86/release/fonttosfnt/
x86/release/fortune/
x86/release/fossil/
x86/release/freeglut/
x86/release/freeglut/freeglut-debuginfo/
x86/release/freeglut/freeglut-doc/
x86/release/freeglut/libglut-devel/
x86/release/freeglut/libglut3/
x86/release/freetds/
x86/release/freetds/freetds-debuginfo/
x86/release/freetds/libct4/
x86/release/freetds/libsybdb-devel/
x86/release/freetds/libsybdb5/
x86/release/freetds/odbc-tds/
x86/release/freetype2/
x86/release/freetype2/freetype2-debuginfo/
x86/release/freetype2/freetype2-demos/
x86/release/freetype2/libfreetype-devel/
x86/release/freetype2/libfreetype-doc/
x86/release/freetype2/libfreetype6/
x86/release/fribidi/
x86/release/fribidi/libfribidi-devel/
x86/release/fribidi/libfribidi0/
x86/release/fslsfonts/
x86/release/fslsfonts/fslsfonts-debuginfo/
x86/release/fstobdf/
x86/release/fstobdf/fstobdf-debuginfo/
x86/release/fvwm/
x86/release/fvwm/fvwm-debuginfo/
x86/release/gaffitter/
x86/release/gamin/
x86/release/gamin/gamin-debuginfo/
x86/release/gamin/libfam-devel/
x86/release/gamin/libfam0/
x86/release/gamin/libgamin1-devel/
x86/release/gamin/libgamin1_0/
x86/release/gamin/python-gamin/
x86/release/gawk/
x86/release/gawk/gawk-debuginfo/
x86/release/gcc-mingw/
x86/release/gcc-mingw/gcc-mingw-g++/
x86/release/gcc-mingw/gcc-mingw-g77/
x86/release/gcc-mingw/gcc-mingw-objc/
x86/release/gcc-tools-automake/
x86/release/gcc-tools-epoch1-automake/
x86/release/gcc-tools-epoch2-automake/
x86/release/gcc/
x86/release/gcc/gcc-ada/
x86/release/gcc/gcc-core/
x86/release/gcc/gcc-debuginfo/
x86/release/gcc/gcc-fortran/
x86/release/gcc/gcc-g++/
x86/release/gcc/gcc-g77/
x86/release/gcc/gcc-java/
x86/release/gcc/gcc-objc++/
x86/release/gcc/gcc-objc/
x86/release/gcc/libatomic1/
x86/release/gcc/libffi4/
x86/release/gcc/libgcc1/
x86/release/gcc/libgcj-common/
x86/release/gcc/libgcj11/
x86/release/gcc/libgcj13/
x86/release/gcc/libgcj14/
x86/release/gcc/libgfortran3/
x86/release/gcc/libgnat4.5/
x86/release/gcc/libgnat4.7/
x86/release/gcc/libgnat4.8/
x86/release/gcc/libgomp1/
x86/release/gcc/libobjc2/
x86/release/gcc/libobjc4/
x86/release/gcc/libquadmath0/
x86/release/gcc/libssp0/
x86/release/gcc/libstdc++6-devel/
x86/release/gcc/libstdc++6/
x86/release/gcc4/
x86/release/gcc4/gcc4-ada/
x86/release/gcc4/gcc4-core/
x86/release/gcc4/gcc4-debuginfo/
x86/release/gcc4/gcc4-fortran/
x86/release/gcc4/gcc4-g++/
x86/release/gcc4/gcc4-java/
x86/release/gcc4/gcc4-objc/
x86/release/gcc4/libquadmath0-devel/
x86/release/gccmakedep/
x86/release/gconfmm2.6/
x86/release/gconfmm2.6/gconfmm2.6-debuginfo/
x86/release/gconfmm2.6/libgconfmm2.6-devel/
x86/release/gconfmm2.6/libgconfmm2.6-doc/
x86/release/gconfmm2.6/libgconfmm2.6_1/
x86/release/gcr/
x86/release/gcr/gcr-debuginfo/
x86/release/gcr/girepository-Gck1/
x86/release/gcr/girepository-Gcr3/
x86/release/gcr/libgck1-devel/
x86/release/gcr/libgck1-doc/
x86/release/gcr/libgck1_0/
x86/release/gcr/libgcr3-common/
x86/release/gcr/libgcr3-devel/
x86/release/gcr/libgcr3-doc/
x86/release/gcr/libgcr3_1/
x86/release/gcr/vala-gck1/
x86/release/gcr/vala-gcr3/
x86/release/gdb/
x86/release/gdb/gdb-debuginfo/
x86/release/gdbm/
x86/release/gdbm/libgdbm-devel/
x86/release/gdbm/libgdbm/
x86/release/gdbm/libgdbm3/
x86/release/gdbm/libgdbm4/
x86/release/gdk-pixbuf2.0/
x86/release/gdk-pixbuf2.0/gdk-pixbuf2.0-debuginfo/
x86/release/gdk-pixbuf2.0/girepository-GdkPixbuf2.0/
x86/release/gdk-pixbuf2.0/libgdk_pixbuf2.0-devel/
x86/release/gdk-pixbuf2.0/libgdk_pixbuf2.0-doc/
x86/release/gdk-pixbuf2.0/libgdk_pixbuf2.0_0/
x86/release/gdk-pixbuf2.0/libgdk_pixbuf_xlib2.0-devel/
x86/release/gdk-pixbuf2.0/libgdk_pixbuf_xlib2.0_0/
x86/release/gendef/
x86/release/geoip/
x86/release/getent/
x86/release/getent/getent-debuginfo/
x86/release/getmail/
x86/release/gettext/
x86/release/gettext/emacs-gettext/
x86/release/gettext/gettext-debuginfo/
x86/release/gettext/gettext-devel/
x86/release/gettext/gettext-doc/
x86/release/gettext/libasprintf-devel/
x86/release/gettext/libasprintf0/
x86/release/gettext/libgettextpo-devel/
x86/release/gettext/libgettextpo0/
x86/release/gettext/libintl-devel/
x86/release/gettext/libintl1/
x86/release/gettext/libintl2/
x86/release/gettext/libintl3/
x86/release/gettext/libintl8/
x86/release/ghostscript/
x86/release/ghostscript/ghostscript-base/
x86/release/ghostscript/ghostscript-debuginfo/
x86/release/ghostscript/ghostscript-fonts-other/
x86/release/ghostscript/ghostscript-fonts-std/
x86/release/ghostscript/ghostscript-x11/
x86/release/ghostscript/libgs-devel/
x86/release/ghostscript/libgs8/
x86/release/ghostscript/libgs9/
x86/release/gif2apng/
x86/release/giflib/
x86/release/giflib/libgif-devel/
x86/release/giflib/libgif4/
x86/release/git-oodiff/
x86/release/git-review/
x86/release/git/
x86/release/git/git-completion/
x86/release/git/git-gui/
x86/release/git/git-svn/
x86/release/git/gitk/
x86/release/gl2ps/
x86/release/gl2ps/gl2ps-debuginfo/
x86/release/gl2ps/libgl2ps-devel/
x86/release/gl2ps/libgl2ps1/
x86/release/glib1.2/
x86/release/glib1.2/glib1.2-debuginfo/
x86/release/glib1.2/libglib1.2-devel/
x86/release/glib1.2/libglib1.2_0/
x86/release/glib2.0-networking/
x86/release/glib2.0-networking/glib2.0-networking-debuginfo/
x86/release/glib2.0/
x86/release/glib2.0/glib2.0-debuginfo/
x86/release/glib2.0/libglib2.0-devel/
x86/release/glib2.0/libglib2.0-doc/
x86/release/glib2.0/libglib2.0_0/
x86/release/glibmm2.4/
x86/release/glibmm2.4/glibmm2.4-debuginfo/
x86/release/glibmm2.4/libglibmm2.4-devel/
x86/release/glibmm2.4/libglibmm2.4-doc/
x86/release/glibmm2.4/libglibmm2.4_1/
x86/release/glpk/
x86/release/glpk/glpk-debuginfo/
x86/release/glpk/libglpk-devel/
x86/release/glpk/libglpk0/
x86/release/glpk/libglpk33/
x86/release/glpk/libglpk35/
x86/release/glpk/libglpk36/
x86/release/glproto/
x86/release/glu/
x86/release/glu/glu-debuginfo/
x86/release/glu/libGLU-devel/
x86/release/glu/libGLU1/
x86/release/glw/
x86/release/glw/glw-debuginfo/
x86/release/glw/libGLw-devel/
x86/release/glw/libGLw1/
x86/release/gmp/
x86/release/gmp/gmp-debuginfo/
x86/release/gmp/libgmp-devel/
x86/release/gmp/libgmp-doc/
x86/release/gmp/libgmp10/
x86/release/gmp/libgmp3/
x86/release/gmp/libgmpxx4/
x86/release/gnome-common/
x86/release/gnome-doc-utils/
x86/release/gnome-doc-utils/xml2po/
x86/release/gnome-icon-theme/
x86/release/gnome-keyring/
x86/release/gnome-keyring/gnome-keyring-debuginfo/
x86/release/gnome-mime-data/
x86/release/gnome-themes-standard/
x86/release/gnome-themes-standard/gnome-themes-standard-debuginfo/
x86/release/gnome-vfs2/
x86/release/gnome-vfs2/gnome-vfs2-debuginfo/
x86/release/gnome-vfs2/libgnomevfs2-devel/
x86/release/gnome-vfs2/libgnomevfs2-doc/
x86/release/gnome-vfs2/libgnomevfs2_0/
x86/release/gnubg/
x86/release/gnubg/gnubg-debuginfo/
x86/release/gnucap/
x86/release/gnugo/
x86/release/gnupg/
x86/release/gnupg/gnupg-debuginfo/
x86/release/gnutls/
x86/release/gnutls/gnutls-debuginfo/
x86/release/gnutls/gnutls-devel/
x86/release/gnutls/gnutls-doc/
x86/release/gnutls/gnutls-guile/
x86/release/gnutls/libgnutls11/
x86/release/gnutls/libgnutls26/
x86/release/gnutls/libgnutls28/
x86/release/gobject-introspection/
x86/release/gobject-introspection/girepository-GIRepository2.0/
x86/release/gobject-introspection/girepository-GLib2.0/
x86/release/gobject-introspection/girepository-cairo1.0/
x86/release/gobject-introspection/girepository-x11/
x86/release/gobject-introspection/gobject-introspection-debuginfo/
x86/release/gobject-introspection/libgirepository1.0-devel/
x86/release/gobject-introspection/libgirepository1.0-doc/
x86/release/gobject-introspection/libgirepository1.0_1/
x86/release/google-breakpad/
x86/release/google-breakpad/google-breakpad-devel/
x86/release/google-breakpad/google-breakpad-tools/
x86/release/googlecl/
x86/release/gperf/
x86/release/grace/
x86/release/grace/grace-debuginfo/
x86/release/grandr/
x86/release/graphite2/
x86/release/graphite2/graphite2-debuginfo/
x86/release/graphite2/libgraphite2-devel/
x86/release/graphite2/libgraphite2_3/
x86/release/greed/
x86/release/grep/
x86/release/grep/grep-debuginfo/
x86/release/grepmail/
x86/release/groff/
x86/release/groff/groff-debuginfo/
x86/release/groff/groff-perl/
x86/release/grub/
x86/release/grub/grub-emu/
x86/release/grub/grub-fonts/
x86/release/gsettings-desktop-schemas/
x86/release/gsl/
x86/release/gsl/gsl-apps/
x86/release/gsl/gsl-debuginfo/
x86/release/gsl/gsl-devel/
x86/release/gsl/gsl-doc/
x86/release/gsm/
x86/release/gsm/libgsm-devel/
x86/release/gsm/libgsm1/
x86/release/gstreamer0.10-plugins-base/
x86/release/gstreamer0.10-plugins-base/girepository-GstInterfaces0.10/
x86/release/gstreamer0.10-plugins-base/gstreamer0.10-plugins-base-debuginfo/
x86/release/gstreamer0.10-plugins-base/gstreamer0.10-plugins-gio/
x86/release/gstreamer0.10-plugins-base/gstreamer0.10-plugins-ogg/
x86/release/gstreamer0.10-plugins-base/gstreamer0.10-plugins-pango/
x86/release/gstreamer0.10-plugins-base/gstreamer0.10-plugins-theora/
x86/release/gstreamer0.10-plugins-base/gstreamer0.10-plugins-vorbis/
x86/release/gstreamer0.10-plugins-base/gstreamer0.10-plugins-ximage/
x86/release/gstreamer0.10-plugins-base/libgstinterfaces0.10-devel/
x86/release/gstreamer0.10-plugins-base/libgstinterfaces0.10_0/
x86/release/gstreamer0.10-plugins-good/
x86/release/gstreamer0.10-plugins-good/gstreamer0.10-plugins-aalib/
x86/release/gstreamer0.10-plugins-good/gstreamer0.10-plugins-cairo/
x86/release/gstreamer0.10-plugins-good/gstreamer0.10-plugins-esd/
x86/release/gstreamer0.10-plugins-good/gstreamer0.10-plugins-flac/
x86/release/gstreamer0.10-plugins-good/gstreamer0.10-plugins-gconf/
x86/release/gstreamer0.10-plugins-good/gstreamer0.10-plugins-gdk_pixbuf/
x86/release/gstreamer0.10-plugins-good/gstreamer0.10-plugins-good-debuginfo/
x86/release/gstreamer0.10-plugins-good/gstreamer0.10-plugins-jpeg/
x86/release/gstreamer0.10-plugins-good/gstreamer0.10-plugins-libcaca/
x86/release/gstreamer0.10-plugins-good/gstreamer0.10-plugins-libdv/
x86/release/gstreamer0.10-plugins-good/gstreamer0.10-plugins-libpng/
x86/release/gstreamer0.10-plugins-good/gstreamer0.10-plugins-pulse/
x86/release/gstreamer0.10-plugins-good/gstreamer0.10-plugins-shout2/
x86/release/gstreamer0.10-plugins-good/gstreamer0.10-plugins-soup/
x86/release/gstreamer0.10-plugins-good/gstreamer0.10-plugins-speex/
x86/release/gstreamer0.10-plugins-good/gstreamer0.10-plugins-taglib/
x86/release/gstreamer0.10-plugins-good/gstreamer0.10-plugins-wavpack/
x86/release/gstreamer0.10-plugins-good/gstreamer0.10-plugins-ximagesrc/
x86/release/gstreamer0.10/
x86/release/gstreamer0.10/girepository-Gst0.10/
x86/release/gstreamer0.10/girepository-GstCheck0.10/
x86/release/gstreamer0.10/gstreamer0.10-debuginfo/
x86/release/gstreamer0.10/libgstreamer0.10-devel/
x86/release/gstreamer0.10/libgstreamer0.10_0/
x86/release/gstreamer1.0-plugins-base/
x86/release/gstreamer1.0-plugins-base/girepository-GstInterfaces1.0/
x86/release/gstreamer1.0-plugins-base/gstreamer1.0-plugins-base-debuginfo/
x86/release/gstreamer1.0-plugins-base/gstreamer1.0-plugins-base-doc/
x86/release/gstreamer1.0-plugins-base/gstreamer1.0-plugins-ogg/
x86/release/gstreamer1.0-plugins-base/gstreamer1.0-plugins-pango/
x86/release/gstreamer1.0-plugins-base/gstreamer1.0-plugins-theora/
x86/release/gstreamer1.0-plugins-base/gstreamer1.0-plugins-vorbis/
x86/release/gstreamer1.0-plugins-base/gstreamer1.0-plugins-ximage/
x86/release/gstreamer1.0-plugins-base/libgstinterfaces1.0-devel/
x86/release/gstreamer1.0-plugins-base/libgstinterfaces1.0_0/
x86/release/gstreamer1.0-plugins-good/
x86/release/gstreamer1.0-plugins-good/gstreamer1.0-plugins-aalib/
x86/release/gstreamer1.0-plugins-good/gstreamer1.0-plugins-cairo/
x86/release/gstreamer1.0-plugins-good/gstreamer1.0-plugins-flac/
x86/release/gstreamer1.0-plugins-good/gstreamer1.0-plugins-gdk_pixbuf/
x86/release/gstreamer1.0-plugins-good/gstreamer1.0-plugins-good-debuginfo/
x86/release/gstreamer1.0-plugins-good/gstreamer1.0-plugins-good-doc/
x86/release/gstreamer1.0-plugins-good/gstreamer1.0-plugins-jpeg/
x86/release/gstreamer1.0-plugins-good/gstreamer1.0-plugins-libcaca/
x86/release/gstreamer1.0-plugins-good/gstreamer1.0-plugins-libdv/
x86/release/gstreamer1.0-plugins-good/gstreamer1.0-plugins-libpng/
x86/release/gstreamer1.0-plugins-good/gstreamer1.0-plugins-pulse/
x86/release/gstreamer1.0-plugins-good/gstreamer1.0-plugins-shout2/
x86/release/gstreamer1.0-plugins-good/gstreamer1.0-plugins-soup/
x86/release/gstreamer1.0-plugins-good/gstreamer1.0-plugins-speex/
x86/release/gstreamer1.0-plugins-good/gstreamer1.0-plugins-taglib/
x86/release/gstreamer1.0-plugins-good/gstreamer1.0-plugins-vpx/
x86/release/gstreamer1.0-plugins-good/gstreamer1.0-plugins-wavpack/
x86/release/gstreamer1.0-plugins-good/gstreamer1.0-plugins-ximagesrc/
x86/release/gstreamer1.0/
x86/release/gstreamer1.0/girepository-Gst1.0/
x86/release/gstreamer1.0/girepository-GstCheck1.0/
x86/release/gstreamer1.0/gstreamer1.0-debuginfo/
x86/release/gstreamer1.0/libgstreamer1.0-devel/
x86/release/gstreamer1.0/libgstreamer1.0-doc/
x86/release/gstreamer1.0/libgstreamer1.0_0/
x86/release/gt5/
x86/release/gtk-doc/
x86/release/gtk-engines/
x86/release/gtk1.2-engines/
x86/release/gtk1.2-engines/gtk1.2-engines-debuginfo/
x86/release/gtk1.2/
x86/release/gtk1.2/gtk1.2-debuginfo/
x86/release/gtk1.2/libgtk1.2-devel/
x86/release/gtk1.2/libgtk1.2_0/
x86/release/gtk2.0-engines/
x86/release/gtk2.0/
x86/release/gtk2.0/girepository-Gtk2.0/
x86/release/gtk2.0/gtk2.0-debuginfo/
x86/release/gtk2.0/gtk2.0-demo/
x86/release/gtk2.0/gtk2.0-engines-pixmap/
x86/release/gtk2.0/gtk2.0-gail/
x86/release/gtk2.0/libgailutil-devel/
x86/release/gtk2.0/libgailutil-doc/
x86/release/gtk2.0/libgailutil18/
x86/release/gtk2.0/libgtk2.0-devel/
x86/release/gtk2.0/libgtk2.0-doc/
x86/release/gtk2.0/libgtk2.0_0/
x86/release/gtk3/
x86/release/gtk3/girepository-Gtk3.0/
x86/release/gtk3/gtk-update-icon-cache/
x86/release/gtk3/gtk3-debuginfo/
x86/release/gtk3/gtk3-demo/
x86/release/gtk3/libgailutil3-devel/
x86/release/gtk3/libgailutil3-doc/
x86/release/gtk3/libgailutil3_0/
x86/release/gtk3/libgtk3-devel/
x86/release/gtk3/libgtk3-doc/
x86/release/gtk3/libgtk3_0/
x86/release/gtkmm2.4/
x86/release/gtkmm2.4/gtkmm2.4-debuginfo/
x86/release/gtkmm2.4/libgtkmm2.4-devel/
x86/release/gtkmm2.4/libgtkmm2.4-doc/
x86/release/gtkmm2.4/libgtkmm2.4_1/
x86/release/gtkmm3.0/
x86/release/gtkmm3.0/gtkmm3.0-debuginfo/
x86/release/gtkmm3.0/libgtkmm3.0-devel/
x86/release/gtkmm3.0/libgtkmm3.0-doc/
x86/release/gtkmm3.0/libgtkmm3.0_1/
x86/release/gtypist/
x86/release/gtypist/gtypist-debuginfo/
x86/release/guile/
x86/release/guile/guile-devel/
x86/release/guile/guile-doc/
x86/release/guile/libguile12/
x86/release/guile/libguile17/
x86/release/guilt/
x86/release/gvfs/
x86/release/gvfs/gvfs-debuginfo/
x86/release/gzip/
x86/release/harfbuzz/
x86/release/harfbuzz/harfbuzz-debuginfo/
x86/release/harfbuzz/libharfbuzz-devel/
x86/release/harfbuzz/libharfbuzz0/
x86/release/hdf5/
x86/release/hdf5/hdf5-debuginfo/
x86/release/hdf5/libhdf5-devel/
x86/release/hdf5/libhdf5_7/
x86/release/hdf5/libhdf5_8/
x86/release/hdparm/
x86/release/heimdal/
x86/release/heimdal/heimdal-debuginfo/
x86/release/heimdal/libasn1_8/
x86/release/heimdal/libgssapi3/
x86/release/heimdal/libhdb9/
x86/release/heimdal/libheimbase1/
x86/release/heimdal/libheimntlm0/
x86/release/heimdal/libhx509_5/
x86/release/heimdal/libkafs0/
x86/release/heimdal/libkdc2/
x86/release/heimdal/libkrb5-doc/
x86/release/heimdal/libkrb5_26/
x86/release/heimdal/libroken18/
x86/release/heimdal/libwind0/
x86/release/help2man/
x86/release/help2man/help2man-debuginfo/
x86/release/hexedit/
x86/release/hexedit/hexedit-debuginfo/
x86/release/hicolor-icon-theme/
x86/release/hp2xx/
x86/release/hp2xx/hp2xx-debuginfo/
x86/release/html2ps/
x86/release/html2ps/xhtml2ps/
x86/release/httperf/
x86/release/httperf/httperf-debuginfo/
x86/release/httping/
x86/release/httptunnel/
x86/release/iceauth/
x86/release/iceauth/iceauth-debuginfo/
x86/release/ico/
x86/release/ico/ico-debuginfo/
x86/release/icon-naming-utils/
x86/release/icoutils/
x86/release/icoutils/icoutils-debuginfo/
x86/release/icu/
x86/release/icu/icu-doc/
x86/release/icu/libicu-devel/
x86/release/icu/libicu38/
x86/release/icu/libicu45/
x86/release/icu/libicu48/
x86/release/ifile/
x86/release/ii/
x86/release/ilmbase/
x86/release/ilmbase/ilmbase-debuginfo/
x86/release/ilmbase/libilmbase-common/
x86/release/ilmbase/libilmbase-devel/
x86/release/ilmbase/libilmbase7/
x86/release/imake/
x86/release/imake/imake-debuginfo/
x86/release/imlib/
x86/release/imlib/imlib-debuginfo/
x86/release/imlib/libImlib-devel/
x86/release/imlib/libImlib1/
x86/release/imlib/libgdk_imlib-devel/
x86/release/imlib/libgdk_imlib1/
x86/release/imlib2/
x86/release/imlib2/imlib2-debuginfo/
x86/release/imlib2/libImlib2-devel/
x86/release/imlib2/libImlib2_1/
x86/release/indent/
x86/release/inetutils/
x86/release/inetutils/inetutils-debuginfo/
x86/release/inetutils/inetutils-server/
x86/release/initscripts/
x86/release/inputproto/
x86/release/integrit/
x86/release/intltool/
x86/release/ioperm/
x86/release/ipc-utils/
x86/release/ipcalc/
x86/release/iperf/
x86/release/iprint/
x86/release/irssi/
x86/release/iselect/
x86/release/isl/
x86/release/isl/isl-debuginfo/
x86/release/isl/libisl-devel/
x86/release/isl/libisl-doc/
x86/release/isl/libisl10/
x86/release/isomaster/
x86/release/isomaster/isomaster-debuginfo/
x86/release/itstool/
x86/release/jasper/
x86/release/jasper/libjasper-devel/
x86/release/jasper/libjasper1.701_0/
x86/release/jasper/libjasper1/
x86/release/jbigkit/
x86/release/jbigkit/jbigkit-debuginfo/
x86/release/jbigkit/libjbig-devel/
x86/release/jbigkit/libjbig1/
x86/release/jbigkit/libjbig2/
x86/release/jgraph/
x86/release/jgraph/jgraph-debuginfo/
x86/release/jikes/
x86/release/jlint/
x86/release/joe/
x86/release/js185/
x86/release/js185/js185-debuginfo/
x86/release/js185/libmozjs185-devel/
x86/release/js185/libmozjs185_1.0/
x86/release/json-c/
x86/release/json-c/json-c-debuginfo/
x86/release/json-c/libjson-c-common/
x86/release/json-c/libjson-c-devel/
x86/release/json-c/libjson-c2/
x86/release/json-c/libjson-devel/
x86/release/json-c/libjson0/
x86/release/kbproto/
x86/release/keepassx/
x86/release/keepassx/keepassx-debuginfo/
x86/release/keychain/
x86/release/kgb/
x86/release/khronos-opengl-registry/
x86/release/krb5/
x86/release/krb5/krb5-debuginfo/
x86/release/krb5/krb5-doc/
x86/release/krb5/krb5-server/
x86/release/krb5/krb5-workstation/
x86/release/krb5/libgssapi_krb5_2/
x86/release/krb5/libgssrpc4/
x86/release/krb5/libk5crypto3/
x86/release/krb5/libkadm5clnt_mit9/
x86/release/krb5/libkadm5srv_mit9/
x86/release/krb5/libkdb5_7/
x86/release/krb5/libkrad0/
x86/release/krb5/libkrb5-devel/
x86/release/krb5/libkrb5_3/
x86/release/krb5/libkrb5support0/
x86/release/lablgtk2/
x86/release/lapack/
x86/release/lapack/lapack-debuginfo/
x86/release/lapack/liblapack-devel/
x86/release/lapack/liblapack-doc/
x86/release/lapack/liblapack0/
x86/release/lcab/
x86/release/lcms/
x86/release/lcms/lcms-debuginfo/
x86/release/lcms/liblcms-devel/
x86/release/lcms/liblcms1/
x86/release/lcms/python-lcms/
x86/release/lcms2/
x86/release/lcms2/lcms2-debuginfo/
x86/release/lcms2/liblcms2-devel/
x86/release/lcms2/liblcms2_2/
x86/release/less/
x86/release/lesstif/
x86/release/lesstif/libXm2/
x86/release/lftp/
x86/release/lftp/lftp-debuginfo/
x86/release/libEMF/
x86/release/libEMF/libEMF-debuginfo/
x86/release/libEMF/libEMF-devel/
x86/release/libEMF/libEMF1/
x86/release/libFS/
x86/release/libFS/libFS-debuginfo/
x86/release/libFS/libFS-devel/
x86/release/libFS/libFS6/
x86/release/libICE/
x86/release/libICE/libICE-devel/
x86/release/libICE/libICE6/
x86/release/libIDL2/
x86/release/libIDL2/libIDL2-debuginfo/
x86/release/libIDL2/libIDL2-devel/
x86/release/libIDL2/libIDL2_0/
x86/release/libSM/
x86/release/libSM/libSM-debuginfo/
x86/release/libSM/libSM-devel/
x86/release/libSM/libSM6/
x86/release/libWindowsWM/
x86/release/libWindowsWM/libWindowsWM-devel/
x86/release/libWindowsWM/libWindowsWM7/
x86/release/libX11/
x86/release/libX11/libX11-debuginfo/
x86/release/libX11/libX11-devel/
x86/release/libX11/libX11-xcb-devel/
x86/release/libX11/libX11-xcb1/
x86/release/libX11/libX11_6/
x86/release/libXScrnSaver/
x86/release/libXScrnSaver/libXss-devel/
x86/release/libXScrnSaver/libXss1/
x86/release/libXau/
x86/release/libXau/libXau-debuginfo/
x86/release/libXau/libXau-devel/
x86/release/libXau/libXau6/
x86/release/libXaw/
x86/release/libXaw/libXaw-debuginfo/
x86/release/libXaw/libXaw-devel/
x86/release/libXaw/libXaw6/
x86/release/libXaw/libXaw7/
x86/release/libXaw3d/
x86/release/libXaw3d/libXaw3d-devel/
x86/release/libXaw3d/libXaw3d7/
x86/release/libXaw3d/libXaw3d8/
x86/release/libXcomposite/
x86/release/libXcomposite/libXcomposite-devel/
x86/release/libXcomposite/libXcomposite1/
x86/release/libXcursor/
x86/release/libXcursor/libXcursor-debuginfo/
x86/release/libXcursor/libXcursor-devel/
x86/release/libXcursor/libXcursor1/
x86/release/libXdamage/
x86/release/libXdamage/libXdamage-debuginfo/
x86/release/libXdamage/libXdamage-devel/
x86/release/libXdamage/libXdamage1/
x86/release/libXdmcp/
x86/release/libXdmcp/libXdmcp-devel/
x86/release/libXdmcp/libXdmcp6/
x86/release/libXext/
x86/release/libXext/libXext-debuginfo/
x86/release/libXext/libXext-devel/
x86/release/libXext/libXext6/
x86/release/libXfixes/
x86/release/libXfixes/libXfixes-debuginfo/
x86/release/libXfixes/libXfixes-devel/
x86/release/libXfixes/libXfixes3/
x86/release/libXfont/
x86/release/libXfont/libXfont-debuginfo/
x86/release/libXfont/libXfont-devel/
x86/release/libXfont/libXfont1/
x86/release/libXft/
x86/release/libXft/libXft-devel/
x86/release/libXft/libXft1/
x86/release/libXft/libXft2/
x86/release/libXi/
x86/release/libXi/libXi-debuginfo/
x86/release/libXi/libXi-devel/
x86/release/libXi/libXi6/
x86/release/libXinerama/
x86/release/libXinerama/libXinerama-debuginfo/
x86/release/libXinerama/libXinerama-devel/
x86/release/libXinerama/libXinerama1/
x86/release/libXmu/
x86/release/libXmu/libXmu-debuginfo/
x86/release/libXmu/libXmu-devel/
x86/release/libXmu/libXmu6/
x86/release/libXmu/libXmuu1/
x86/release/libXpm-noX/
x86/release/libXpm-noX/libXpm-noX-debuginfo/
x86/release/libXpm-noX/libXpm-noX-devel/
x86/release/libXpm-noX/libXpm-noX_4/
x86/release/libXpm/
x86/release/libXpm/libXpm-debuginfo/
x86/release/libXpm/libXpm-devel/
x86/release/libXpm/libXpm4/
x86/release/libXpm/sxpm/
x86/release/libXrandr/
x86/release/libXrandr/libXrandr-debuginfo/
x86/release/libXrandr/libXrandr-devel/
x86/release/libXrandr/libXrandr2/
x86/release/libXrender/
x86/release/libXrender/libXrender-debuginfo/
x86/release/libXrender/libXrender-devel/
x86/release/libXrender/libXrender1/
x86/release/libXres/
x86/release/libXres/libXRes-devel/
x86/release/libXres/libXRes1/
x86/release/libXres/libXres-debuginfo/
x86/release/libXt/
x86/release/libXt/libXt-debuginfo/
x86/release/libXt/libXt-devel/
x86/release/libXt/libXt6/
x86/release/libXtst/
x86/release/libXtst/libXtst-debuginfo/
x86/release/libXtst/libXtst-devel/
x86/release/libXtst/libXtst6/
x86/release/libao/
x86/release/libao/libao-devel/
x86/release/libao/libao2/
x86/release/libao/libao4/
x86/release/libapr1/
x86/release/libapr1/apr1/
x86/release/libapr1/libapr1-debuginfo/
x86/release/libapr1/libapr1-devel/
x86/release/libaprutil1/
x86/release/libaprutil1/aprutil1/
x86/release/libaprutil1/libaprutil1-debuginfo/
x86/release/libaprutil1/libaprutil1-devel/
x86/release/libarchive/
x86/release/libarchive/bsdcpio/
x86/release/libarchive/bsdtar/
x86/release/libarchive/libarchive-debuginfo/
x86/release/libarchive/libarchive-devel/
x86/release/libarchive/libarchive13/
x86/release/libarchive/libarchive2/
x86/release/libargp/
x86/release/libargp/libargp-debuginfo/
x86/release/libart_lgpl_2/
x86/release/libart_lgpl_2/libart_lgpl_2-debuginfo/
x86/release/libart_lgpl_2/libart_lgpl_2-devel/
x86/release/libart_lgpl_2/libart_lgpl_2_2/
x86/release/libassuan/
x86/release/libassuan/libassuan-devel/
x86/release/libasyncns/
x86/release/libasyncns/libasyncns-debuginfo/
x86/release/libasyncns/libasyncns-devel/
x86/release/libasyncns/libasyncns0/
x86/release/libbonobo2/
x86/release/libbonobo2/libbonobo2-debuginfo/
x86/release/libbonobo2/libbonobo2-devel/
x86/release/libbonobo2/libbonobo2_0/
x86/release/libbonoboui2/
x86/release/libbonoboui2/libbonoboui2-debuginfo/
x86/release/libbonoboui2/libbonoboui2-devel/
x86/release/libbonoboui2/libbonoboui2_0/
x86/release/libcaca/
x86/release/libcaca/libcaca++-devel/
x86/release/libcaca/libcaca++0/
x86/release/libcaca/libcaca-bin/
x86/release/libcaca/libcaca-debuginfo/
x86/release/libcaca/libcaca-devel/
x86/release/libcaca/libcaca-doc/
x86/release/libcaca/libcaca0/
x86/release/libcaca/python-caca/
x86/release/libcaca/python3-caca/
x86/release/libcaca/ruby-caca/
x86/release/libcanberra/
x86/release/libcanberra/gtk2.0-canberra-module/
x86/release/libcanberra/gtk3-canberra-module/
x86/release/libcanberra/libcanberra-debuginfo/
x86/release/libcanberra/libcanberra-devel/
x86/release/libcanberra/libcanberra-gtk-devel/
x86/release/libcanberra/libcanberra-gtk0/
x86/release/libcanberra/libcanberra-gtk3-devel/
x86/release/libcanberra/libcanberra-gtk3_0/
x86/release/libcanberra/libcanberra0/
x86/release/libcanberra/vala-libcanberra-gtk/
x86/release/libcanberra/vala-libcanberra/
x86/release/libcroco0.6/
x86/release/libcroco0.6/libcroco0.6-debuginfo/
x86/release/libcroco0.6/libcroco0.6-devel/
x86/release/libcroco0.6/libcroco0.6_3/
x86/release/libdaemon/
x86/release/libdaemon/libdaemon-devel/
x86/release/libdaemon/libdaemon0/
x86/release/libdatrie/
x86/release/libdatrie/libdatrie-debuginfo/
x86/release/libdatrie/libdatrie-devel/
x86/release/libdatrie/libdatrie-doc/
x86/release/libdatrie/libdatrie1/
x86/release/libdmx/
x86/release/libdmx/libdmx-debuginfo/
x86/release/libdmx/libdmx-devel/
x86/release/libdmx/libdmx1/
x86/release/libdv/
x86/release/libdv/libdv-debuginfo/
x86/release/libdv/libdv-devel/
x86/release/libdv/libdv4/
x86/release/libedit/
x86/release/libedit/libedit-debuginfo/
x86/release/libedit/libedit-devel/
x86/release/libedit/libedit0/
x86/release/libelf0/
x86/release/libelf0/libelf0-devel/
x86/release/libesmtp/
x86/release/libesmtp/libesmtp-devel/
x86/release/libesmtp/libesmtp6/
x86/release/libevent/
x86/release/libevent/libevent-debuginfo/
x86/release/libevent/libevent-devel/
x86/release/libevent/libevent2.0_5/
x86/release/libexif/
x86/release/libexif/libexif-debuginfo/
x86/release/libexif/libexif-devel/
x86/release/libexif/libexif12/
x86/release/libffi/
x86/release/libffi/libffi-debuginfo/
x86/release/libffi/libffi-devel/
x86/release/libffi/libffi6/
x86/release/libfontenc/
x86/release/libfontenc/libfontenc-debuginfo/
x86/release/libfontenc/libfontenc-devel/
x86/release/libfontenc/libfontenc1/
x86/release/libfpx/
x86/release/libfpx/libfpx-debuginfo/
x86/release/libfpx/libfpx-devel/
x86/release/libfpx/libfpx1/
x86/release/libgc/
x86/release/libgc/libgc-debuginfo/
x86/release/libgc/libgc-devel/
x86/release/libgc/libgc1/
x86/release/libgcrypt/
x86/release/libgcrypt/libgcrypt-debuginfo/
x86/release/libgcrypt/libgcrypt-devel/
x86/release/libgcrypt/libgcrypt11/
x86/release/libgeotiff/
x86/release/libgeotiff/libgeotiff-devel/
x86/release/libgeotiff/libgeotiff1/
x86/release/libggi/
x86/release/libggi/libggi2/
x86/release/libggi/libggi2/libggi2-debuginfo/
x86/release/libggi/libggi2/libggi2-devel/
x86/release/libggi/libggi2/libggi2-display-aa/
x86/release/libggi/libggi2/libggi2-display-file/
x86/release/libggi/libggi2/libggi2-display-terminfo/
x86/release/libggi/libggi2/libggi2-display-x/
x86/release/libggi/libggi2/libggi2-samples/
x86/release/libggi/libggimisc2/
x86/release/libggi/libggimisc2/libggimisc2-debuginfo/
x86/release/libggi/libggimisc2/libggimisc2-devel/
x86/release/libggi/libggimisc2/libggimisc2-samples/
x86/release/libggi/libggiwmh0/
x86/release/libggi/libggiwmh0/libggiwmh0-debuginfo/
x86/release/libggi/libggiwmh0/libggiwmh0-devel/
x86/release/libggi/libggiwmh0/libggiwmh0-display-x/
x86/release/libggi/libggiwmh0/libggiwmh0-samples/
x86/release/libggi/libgii1/
x86/release/libggi/libgii1/libgii1-debuginfo/
x86/release/libggi/libgii1/libgii1-devel/
x86/release/libggi/libgii1/libgii1-input-x/
x86/release/libglade2.0/
x86/release/libglade2.0/libglade2.0-debuginfo/
x86/release/libglade2.0/libglade2.0-devel/
x86/release/libglade2.0/libglade2.0_0/
x86/release/libglademm2.4/
x86/release/libglademm2.4/libglademm2.4-debuginfo/
x86/release/libglademm2.4/libglademm2.4-devel/
x86/release/libglademm2.4/libglademm2.4-doc/
x86/release/libglademm2.4/libglademm2.4_1/
x86/release/libgnome-keyring/
x86/release/libgnome-keyring/girepository-GnomeKeyring1.0/
x86/release/libgnome-keyring/libgnome-keyring-debuginfo/
x86/release/libgnome-keyring/libgnome-keyring-devel/
x86/release/libgnome-keyring/libgnome-keyring-doc/
x86/release/libgnome-keyring/libgnome-keyring0/
x86/release/libgnome-keyring/vala-gnome-keyring1/
x86/release/libgnome2/
x86/release/libgnome2/gconf-desktop-schemas/
x86/release/libgnome2/libgnome2-debuginfo/
x86/release/libgnome2/libgnome2-devel/
x86/release/libgnome2/libgnome2_0/
x86/release/libgnomecanvas2/
x86/release/libgnomecanvas2/libgnomecanvas2-debuginfo/
x86/release/libgnomecanvas2/libgnomecanvas2-devel/
x86/release/libgnomecanvas2/libgnomecanvas2_0/
x86/release/libgnomeui2/
x86/release/libgnomeui2/libgnomeui2-debuginfo/
x86/release/libgnomeui2/libgnomeui2-devel/
x86/release/libgnomeui2/libgnomeui2_0/
x86/release/libgpg-error/
x86/release/libgpg-error/libgpg-error-debuginfo/
x86/release/libgpg-error/libgpg-error-devel/
x86/release/libgpg-error/libgpg-error0/
x86/release/libgsf/
x86/release/libgsf/girepository-Gsf1/
x86/release/libgsf/libgsf-debuginfo/
x86/release/libgsf/libgsf1-devel/
x86/release/libgsf/libgsf1-doc/
x86/release/libgsf/libgsf1_114/
x86/release/libiconv/
x86/release/libiconv/libcharset1/
x86/release/libiconv/libiconv2/
x86/release/libid3tag/
x86/release/libid3tag/libid3tag-devel/
x86/release/libid3tag/libid3tag0/
x86/release/libidn/
x86/release/libidn/libidn-debuginfo/
x86/release/libidn/libidn-devel/
x86/release/libidn/libidn-doc/
x86/release/libidn/libidn11/
x86/release/libiodbc/
x86/release/libiodbc/iodbcadm-gtk/
x86/release/libiodbc/iodbctest/
x86/release/libiodbc/libiodbc-debuginfo/
x86/release/libiodbc/libiodbc-devel/
x86/release/libiodbc/libiodbc2/
x86/release/libjpeg-turbo/
x86/release/libjpeg-turbo/jpeg/
x86/release/libjpeg-turbo/libjpeg-devel/
x86/release/libjpeg-turbo/libjpeg-turbo-debuginfo/
x86/release/libjpeg-turbo/libjpeg62/
x86/release/libjpeg-turbo/libjpeg6b/
x86/release/libjpeg-turbo/libjpeg7/
x86/release/libjpeg-turbo/libjpeg8/
x86/release/libjpeg-turbo/libturbojpeg-devel/
x86/release/libjpeg-turbo/libturbojpeg0/
x86/release/libkate/
x86/release/libkate/libkate-bin/
x86/release/libkate/libkate-debuginfo/
x86/release/libkate/libkate-devel/
x86/release/libkate/libkate1/
x86/release/libksba/
x86/release/libksba/libksba-devel/
x86/release/libksba/libksba8/
x86/release/liblqr1/
x86/release/liblqr1/liblqr1-debuginfo/
x86/release/liblqr1/liblqr1-devel/
x86/release/liblqr1/liblqr1_0/
x86/release/liblzo2/
x86/release/liblzo2/liblzo2-devel/
x86/release/liblzo2/liblzo2_2/
x86/release/libmangle/
x86/release/libmcrypt/
x86/release/libmcrypt/libmcrypt-debuginfo/
x86/release/libmcrypt/libmcrypt-devel/
x86/release/libmcrypt/libmcrypt-doc/
x86/release/libmcrypt/libmcrypt4/
x86/release/libmetalink/
x86/release/libmetalink/libmetalink-debuginfo/
x86/release/libmetalink/libmetalink-devel/
x86/release/libmetalink/libmetalink3/
x86/release/libmng/
x86/release/libmng/libmng-contrib/
x86/release/libmng/libmng-debuginfo/
x86/release/libmng/libmng-devel/
x86/release/libmng/libmng1/
x86/release/libogg/
x86/release/libogg/libogg-debuginfo/
x86/release/libogg/libogg-devel/
x86/release/libogg/libogg0/
x86/release/libpaper/
x86/release/libpaper/libpaper-bin/
x86/release/libpaper/libpaper-common/
x86/release/libpaper/libpaper-debuginfo/
x86/release/libpaper/libpaper-devel/
x86/release/libpaper/libpaper1/
x86/release/libpaper/paperconf/
x86/release/libpipeline/
x86/release/libpipeline/libpipeline-debuginfo/
x86/release/libpipeline/libpipeline-devel/
x86/release/libpipeline/libpipeline-doc/
x86/release/libpipeline/libpipeline1/
x86/release/libpng/
x86/release/libpng/libpng-debuginfo/
x86/release/libpng/libpng-devel/
x86/release/libpng/libpng-doc/
x86/release/libpng/libpng10/
x86/release/libpng/libpng12-devel/
x86/release/libpng/libpng12/
x86/release/libpng/libpng14-debuginfo/
x86/release/libpng/libpng14-devel/
x86/release/libpng/libpng14/
x86/release/libpng/libpng15/
x86/release/libproxy/
x86/release/libproxy/libproxy-debuginfo/
x86/release/libproxy/libproxy-devel/
x86/release/libproxy/libproxy1-gnome/
x86/release/libproxy/libproxy1-pacrunner/
x86/release/libproxy/libproxy1/
x86/release/libproxy/perl-Net-Libproxy/
x86/release/libproxy/python-libproxy/
x86/release/libproxy/python3-libproxy/
x86/release/libproxy/vala-libproxy1.0/
x86/release/libpthread-stubs/
x86/release/libqzeitgeist/
x86/release/libqzeitgeist/libqzeitgeist-common/
x86/release/libqzeitgeist/libqzeitgeist-debuginfo/
x86/release/libqzeitgeist/libqzeitgeist-devel/
x86/release/libqzeitgeist/libqzeitgeist1/
x86/release/libqzeitgeist/qt4-qml-zeitgeist/
x86/release/librsvg2/
x86/release/librsvg2/gdk-pixbuf2.0-svg/
x86/release/librsvg2/girepository-Rsvg2.0/
x86/release/librsvg2/gtk2.0-engines-svg/
x86/release/librsvg2/librsvg2-debuginfo/
x86/release/librsvg2/librsvg2-devel/
x86/release/librsvg2/librsvg2-doc/
x86/release/librsvg2/librsvg2_2/
x86/release/librsvg2/rsvg/
x86/release/libsamplerate/
x86/release/libsamplerate/libsamplerate-debuginfo/
x86/release/libsamplerate/libsamplerate-devel/
x86/release/libsamplerate/libsamplerate0/
x86/release/libsecret1/
x86/release/libsecret1/girepository-Secret1/
x86/release/libsecret1/libsecret-bin/
x86/release/libsecret1/libsecret1-debuginfo/
x86/release/libsecret1/libsecret1-devel/
x86/release/libsecret1/libsecret1-doc/
x86/release/libsecret1/libsecret1_0/
x86/release/libsecret1/vala-libsecret1/
x86/release/libshout/
x86/release/libshout/libshout-debuginfo/
x86/release/libshout/libshout-devel/
x86/release/libshout/libshout3/
x86/release/libsigc2.0/
x86/release/libsigc2.0/libsigc2.0-debuginfo/
x86/release/libsigc2.0/libsigc2.0-devel/
x86/release/libsigc2.0/libsigc2.0-doc/
x86/release/libsigc2.0/libsigc2.0_0/
x86/release/libsigsegv/
x86/release/libsigsegv/libsigsegv0/
x86/release/libsigsegv/libsigsegv1/
x86/release/libsigsegv/libsigsegv2/
x86/release/libsmi/
x86/release/libsmi/libsmi-debuginfo/
x86/release/libsmi/libsmi-devel/
x86/release/libsmi/libsmi2/
x86/release/libsndfile/
x86/release/libsndfile/libsndfile-devel/
x86/release/libsndfile/libsndfile1/
x86/release/libsoup2.4/
x86/release/libsoup2.4/girepository-Soup2.4/
x86/release/libsoup2.4/girepository-SoupGNOME2.4/
x86/release/libsoup2.4/libsoup-gnome2.4-devel/
x86/release/libsoup2.4/libsoup-gnome2.4_1/
x86/release/libsoup2.4/libsoup2.4-debuginfo/
x86/release/libsoup2.4/libsoup2.4-devel/
x86/release/libsoup2.4/libsoup2.4-doc/
x86/release/libsoup2.4/libsoup2.4_1/
x86/release/libssh2/
x86/release/libssh2/libssh2-devel/
x86/release/libssh2/libssh2_1/
x86/release/libtasn1/
x86/release/libtasn1/libtasn1-debuginfo/
x86/release/libtasn1/libtasn1-devel/
x86/release/libtasn1/libtasn1_3/
x86/release/libtasn1/libtasn1_6/
x86/release/libtextcat/
x86/release/libtextcat/libtextcat-devel/
x86/release/libtextcat/libtextcat0/
x86/release/libthai/
x86/release/libthai/libthai-debuginfo/
x86/release/libthai/libthai-devel/
x86/release/libthai/libthai-doc/
x86/release/libthai/libthai0/
x86/release/libtheora/
x86/release/libtheora/libtheora-devel/
x86/release/libtheora/libtheora0/
x86/release/libtheora/libtheoradec1/
x86/release/libtheora/libtheoraenc1/
x86/release/libtirpc/
x86/release/libtirpc/libtirpc-common/
x86/release/libtirpc/libtirpc-debuginfo/
x86/release/libtirpc/libtirpc-devel/
x86/release/libtirpc/libtirpc1/
x86/release/libtool/
x86/release/libtool/libltdl3/
x86/release/libtool/libltdl7/
x86/release/libtool/libtool-debuginfo/
x86/release/libtorrent/
x86/release/libtorrent/libtorrent-devel/
x86/release/libtorrent/libtorrent14/
x86/release/libungif/
x86/release/libungif/libungif-devel/
x86/release/libungif/libungif4/
x86/release/libunistring/
x86/release/libunistring/libunistring-devel/
x86/release/libunistring/libunistring-doc/
x86/release/libunistring/libunistring0/
x86/release/libusb-win32/
x86/release/libusb-win32/libusb-devel/
x86/release/libusb-win32/libusb-win32-debuginfo/
x86/release/libusb-win32/libusb0/
x86/release/libusb1.0/
x86/release/libusb1.0/libusb1.0-debuginfo/
x86/release/libusb1.0/libusb1.0-devel/
x86/release/libustr/
x86/release/libustr/libustr-devel/
x86/release/libustr/libustr1/
x86/release/libverto/
x86/release/libverto/libverto-debuginfo/
x86/release/libverto/libverto-devel/
x86/release/libverto/libverto1/
x86/release/libvorbis/
x86/release/libvorbis/libvorbis-debuginfo/
x86/release/libvorbis/libvorbis-devel/
x86/release/libvorbis/libvorbis0/
x86/release/libvorbis/libvorbisenc2/
x86/release/libvorbis/libvorbisfile3/
x86/release/libvpx/
x86/release/libvpx/libvpx-debuginfo/
x86/release/libvpx/libvpx-devel/
x86/release/libvpx/libvpx-doc/
x86/release/libvpx/libvpx1/
x86/release/libwebp/
x86/release/libwebp/libwebp-debuginfo/
x86/release/libwebp/libwebp-devel/
x86/release/libwebp/libwebp5/
x86/release/libwebp/libwebpdecoder1/
x86/release/libwebp/libwebpdemux1/
x86/release/libwebp/libwebpmux1/
x86/release/libwmf/
x86/release/libwmf/gdk-pixbuf2-wmf/
x86/release/libwmf/libwmf-debuginfo/
x86/release/libwmf/libwmf-devel/
x86/release/libwmf/libwmf-doc/
x86/release/libwmf/libwmf027/
x86/release/libwnck/
x86/release/libwnck/girepository-Wnck1.0/
x86/release/libwnck/libwnck-debuginfo/
x86/release/libwnck/libwnck1-devel/
x86/release/libwnck/libwnck1_22/
x86/release/libxcb/
x86/release/libxcb/libxcb-composite-devel/
x86/release/libxcb/libxcb-composite0/
x86/release/libxcb/libxcb-damage-devel/
x86/release/libxcb/libxcb-damage0/
x86/release/libxcb/libxcb-debuginfo/
x86/release/libxcb/libxcb-devel/
x86/release/libxcb/libxcb-doc/
x86/release/libxcb/libxcb-dpms-devel/
x86/release/libxcb/libxcb-dpms0/
x86/release/libxcb/libxcb-glx-devel/
x86/release/libxcb/libxcb-glx0/
x86/release/libxcb/libxcb-present-devel/
x86/release/libxcb/libxcb-present0/
x86/release/libxcb/libxcb-randr-devel/
x86/release/libxcb/libxcb-randr0/
x86/release/libxcb/libxcb-record-devel/
x86/release/libxcb/libxcb-record0/
x86/release/libxcb/libxcb-render-devel/
x86/release/libxcb/libxcb-render0/
x86/release/libxcb/libxcb-res-devel/
x86/release/libxcb/libxcb-res0/
x86/release/libxcb/libxcb-screensaver-devel/
x86/release/libxcb/libxcb-screensaver0/
x86/release/libxcb/libxcb-shape-devel/
x86/release/libxcb/libxcb-shape0/
x86/release/libxcb/libxcb-shm-devel/
x86/release/libxcb/libxcb-shm0/
x86/release/libxcb/libxcb-sync-devel/
x86/release/libxcb/libxcb-sync0/
x86/release/libxcb/libxcb-sync1/
x86/release/libxcb/libxcb-xfixes-devel/
x86/release/libxcb/libxcb-xfixes0/
x86/release/libxcb/libxcb-xinerama-devel/
x86/release/libxcb/libxcb-xinerama0/
x86/release/libxcb/libxcb-xinput-devel/
x86/release/libxcb/libxcb-xinput0/
x86/release/libxcb/libxcb-xkb-devel/
x86/release/libxcb/libxcb-xkb0/
x86/release/libxcb/libxcb-xkb1/
x86/release/libxcb/libxcb-xtest-devel/
x86/release/libxcb/libxcb-xtest0/
x86/release/libxcb/libxcb1/
x86/release/libxcwm/
x86/release/libxcwm/libxcwm-debuginfo/
x86/release/libxcwm/libxcwm-devel/
x86/release/libxcwm/libxcwm0/
x86/release/libxkbfile/
x86/release/libxkbfile/libxkbfile-devel/
x86/release/libxkbfile/libxkbfile1/
x86/release/libxml2/
x86/release/libxml2/libxml2-debuginfo/
x86/release/libxml2/libxml2-devel/
x86/release/libxml2/libxml2-doc/
x86/release/libxml2/python-libxml2/
x86/release/libxslt/
x86/release/libxslt/libxslt-debuginfo/
x86/release/libxslt/libxslt-devel/
x86/release/libxslt/libxslt-doc/
x86/release/libxslt/python-libxslt/
x86/release/libzip/
x86/release/libzip/libzip-debuginfo/
x86/release/libzip/libzip-devel/
x86/release/libzip/libzip-doc/
x86/release/libzip/libzip2/
x86/release/licensecheck/
x86/release/lighttpd/
x86/release/lighttpd/lighttpd-debuginfo/
x86/release/lilypond/
x86/release/lilypond/lilypond-doc/
x86/release/linklint/
x86/release/links/
x86/release/listres/
x86/release/llvm/
x86/release/llvm/clang-analyzer/
x86/release/llvm/clang/
x86/release/llvm/libclang-devel-static/
x86/release/llvm/libclang-devel/
x86/release/llvm/libclang/
x86/release/llvm/libllvm-devel-static/
x86/release/llvm/libllvm-devel/
x86/release/llvm/libllvm3.1/
x86/release/llvm/libllvm3.4/
x86/release/llvm/llvm-debuginfo/
x86/release/llvm/llvm-doc/
x86/release/llvm/ocaml-llvm/
x86/release/llvm/python-clang/
x86/release/llvm/python3-clang/
x86/release/lndir/
x86/release/login/
x86/release/logiweb/
x86/release/lua/
x86/release/lua/lua-debuginfo/
x86/release/luit/
x86/release/luit/luit-debuginfo/
x86/release/lv/
x86/release/lynx/
x86/release/lyx/
x86/release/lzip/
x86/release/lziprecover/
x86/release/lzma/
x86/release/lzma/liblzmadec-devel/
x86/release/lzma/liblzmadec0/
x86/release/lzop/
x86/release/m4/
x86/release/m4/m4-debuginfo/
x86/release/mDNSResponder/
x86/release/mDNSResponder/libdns_sd-devel/
x86/release/mDNSResponder/libdns_sd1/
x86/release/mairix/
x86/release/make/
x86/release/make/make-debuginfo/
x86/release/makedepend/
x86/release/makedepend/makedepend-debuginfo/
x86/release/makepasswd/
x86/release/makeself/
x86/release/man-db/
x86/release/man-db/man-db-debuginfo/
x86/release/man-db/man/
x86/release/man-db/man/man-debuginfo/
x86/release/man-db/manlint/
x86/release/maradns/
x86/release/mathomatic/
x86/release/mboxcheck/
x86/release/mc/
x86/release/mc/mc-debuginfo/
x86/release/mcpp/
x86/release/mcpp/libmcpp-devel/
x86/release/mcpp/libmcpp0/
x86/release/mcpp/mcpp-debuginfo/
x86/release/mcrypt/
x86/release/mcrypt/mcrypt-debuginfo/
x86/release/md5deep/
x86/release/mercurial/
x86/release/mesa-demos/
x86/release/mesa-demos/mesa-demos-debuginfo/
x86/release/mesa/
x86/release/mesa/dri-drivers/
x86/release/mesa/libEGL-devel/
x86/release/mesa/libEGL1/
x86/release/mesa/libGL-devel/
x86/release/mesa/libGL1/
x86/release/mesa/libGLESv1_CM-devel/
x86/release/mesa/libGLESv1_CM1/
x86/release/mesa/libGLESv2-devel/
x86/release/mesa/libGLESv2_2/
x86/release/mesa/libOSMesa-devel/
x86/release/mesa/libOSMesa7/
x86/release/mesa/libOSMesa8/
x86/release/mesa/libOpenVG-devel/
x86/release/mesa/libOpenVG1/
x86/release/mesa/libglapi-devel/
x86/release/mesa/libglapi0/
io timeout after 121 seconds -- exiting
rsync error: timeout in data send/receive (code 30) at io.c(200) [receiver=3.0.6]
rsync: connection unexpectedly closed (976350 bytes received so far) [generator]
rsync error: error in rsync protocol data stream (code 12) at io.c(600) [generator=3.0.6]
