2014-08-05 18:00:03
rsync://kali.mirror.garr.it/kali/

receiving file list ... rsync: opendir "/pool/main/c/clipper" (in kali) failed: Permission denied (13)
done
pool/main/c/ceph/
file has vanished: "/pool/main/c/ceph/.ceph-test-dbg_0.80.5-1_armhf.deb.f6IJoM" (in kali)
pool/main/c/ceph/ceph-common-dbg_0.80.5-1_armhf.deb
pool/main/c/ceph/ceph-common-dbg_0.80.5-1_i386.deb
pool/main/c/ceph/ceph-common_0.80.5-1_amd64.deb
pool/main/c/ceph/ceph-common_0.80.5-1_armel.deb
pool/main/c/ceph/ceph-common_0.80.5-1_armhf.deb
pool/main/c/ceph/ceph-common_0.80.5-1_i386.deb
pool/main/c/ceph/ceph-dbg_0.80.5-1_amd64.deb
pool/main/c/ceph/ceph-dbg_0.80.5-1_armel.deb
pool/main/c/ceph/ceph-dbg_0.80.5-1_armhf.deb
pool/main/c/ceph/ceph-dbg_0.80.5-1_i386.deb
pool/main/c/ceph/ceph-fs-common-dbg_0.80.5-1_amd64.deb
pool/main/c/ceph/ceph-fs-common-dbg_0.80.5-1_armel.deb
pool/main/c/ceph/ceph-fs-common-dbg_0.80.5-1_armhf.deb
pool/main/c/ceph/ceph-fs-common-dbg_0.80.5-1_i386.deb
pool/main/c/ceph/ceph-fs-common_0.80.5-1_amd64.deb
pool/main/c/ceph/ceph-fs-common_0.80.5-1_armel.deb
pool/main/c/ceph/ceph-fs-common_0.80.5-1_armhf.deb
pool/main/c/ceph/ceph-fs-common_0.80.5-1_i386.deb
pool/main/c/ceph/ceph-fuse-dbg_0.80.5-1_amd64.deb
pool/main/c/ceph/ceph-fuse_0.80.5-1_amd64.deb
pool/main/c/ceph/ceph-mds-dbg_0.80.5-1_amd64.deb
pool/main/c/ceph/ceph-mds-dbg_0.80.5-1_armel.deb
pool/main/c/ceph/ceph-mds-dbg_0.80.5-1_armhf.deb
pool/main/c/ceph/ceph-mds-dbg_0.80.5-1_i386.deb
pool/main/c/ceph/ceph-mds_0.80.5-1_amd64.deb
pool/main/c/ceph/ceph-mds_0.80.5-1_armel.deb
pool/main/c/ceph/ceph-mds_0.80.5-1_armhf.deb
pool/main/c/ceph/ceph-mds_0.80.5-1_i386.deb
pool/main/c/ceph/ceph-resource-agents_0.80.5-1_all.deb
pool/main/c/ceph/ceph-test-dbg_0.80.5-1_amd64.deb
pool/main/c/ceph/ceph-test-dbg_0.80.5-1_armel.deb

Number of files: 338083
Number of files transferred: 31
Total file size: 361695285714 bytes
Total transferred file size: 1309345502 bytes
Literal data: 1309345502 bytes
Matched data: 0 bytes
File list size: 8431530
File list generation time: 511.120 seconds
File list transfer time: 0.000 seconds
Total bytes sent: 653
Total bytes received: 1317938370

sent 653 bytes  received 1317938370 bytes  1093271.69 bytes/sec
total size is 361695285714  speedup is 274.44
rsync error: some files/attrs were not transferred (see previous errors) (code 23) at main.c(1505) [generator=3.0.6]
