2014-08-05 15:33:26
rsync://kali.mirror.garr.it/kali/

receiving file list ... rsync: opendir "/pool/main/c/clipper" (in kali) failed: Permission denied (13)
done
dists/kali-rolling/main/
IO error encountered -- skipping file deletion
dists/kali-rolling/main/Contents-armhf.gz
dists/kali-rolling/main/Contents-i386.gz
dists/kali-rolling/non-free/Contents-amd64.gz
dists/kali-rolling/non-free/Contents-armel.gz
dists/kali-rolling/non-free/Contents-armhf.gz
dists/kali-rolling/non-free/Contents-i386.gz
pool/contrib/c/cpl-plugin-kmos/
pool/contrib/c/cpl-plugin-kmos/cpl-plugin-kmos-calib_1.3.4+dfsg-1_all.deb
pool/main/a/
pool/main/a/abduco/
pool/main/a/abduco/abduco_0.1-2.debian.tar.xz
pool/main/a/abduco/abduco_0.1-2.dsc
pool/main/a/abduco/abduco_0.1-2_amd64.deb
pool/main/a/abduco/abduco_0.1-2_armel.deb
pool/main/a/abduco/abduco_0.1-2_armhf.deb
pool/main/a/abduco/abduco_0.1-2_i386.deb
pool/main/a/abduco/abduco_0.1.orig.tar.gz
pool/main/a/arduino-mk/
pool/main/a/arduino-mk/arduino-mk_1.3.4-1.debian.tar.xz
pool/main/a/arduino-mk/arduino-mk_1.3.4-1.dsc
pool/main/a/arduino-mk/arduino-mk_1.3.4-1_all.deb
pool/main/a/arduino-mk/arduino-mk_1.3.4.orig.tar.gz
pool/main/c/
pool/main/c/ceph/
file has vanished: "/pool/main/c/ceph/.ceph-common-dbg_0.80.5-1_amd64.deb.qIvolO" (in kali)
pool/main/c/cgminer/
pool/main/c/clipper/

Number of files: 338050
Number of files transferred: 18
Total file size: 360015041796 bytes
Total transferred file size: 54463644 bytes
Literal data: 53285236 bytes
Matched data: 1178408 bytes
File list size: 8430515
File list generation time: 429.420 seconds
File list transfer time: 0.000 seconds
Total bytes sent: 81606
Total bytes received: 61727878

sent 81606 bytes  received 61727878 bytes  116731.79 bytes/sec
total size is 360015041796  speedup is 5824.59
rsync error: some files/attrs were not transferred (see previous errors) (code 23) at main.c(1505) [generator=3.0.6]
