2014-08-06 03:16:18
rsync://kali.mirror.garr.it/kali/

receiving file list ... done
pool/main/d/dradis/
pool/main/d/dradis/dradis_2.9.0-0kali3_i386.deb
pool/main/d/dradis/dradis_2.9.0-0kali3_source.changes
pool/main/m/metasploit-framework/
file has vanished: "/pool/main/m/metasploit-framework/.metasploit-framework_4.9.3-2014072301-1kali1_i386.deb.gT8sNF" (in kali)
pool/main/m/metasploit-framework/metasploit-framework_4.9.3-2014072301-1kali1.debian.tar.xz
pool/main/m/metasploit-framework/metasploit-framework_4.9.3-2014072301-1kali1.dsc
pool/main/m/metasploit-framework/metasploit-framework_4.9.3-2014072301-1kali1_amd64.changes
pool/main/m/metasploit-framework/metasploit-framework_4.9.3-2014072301-1kali1_amd64.deb
pool/main/m/metasploit-framework/metasploit-framework_4.9.3-2014072301-1kali1_armel.changes
pool/main/m/metasploit-framework/metasploit-framework_4.9.3-2014072301-1kali1_armel.deb
pool/main/m/metasploit-framework/metasploit-framework_4.9.3-2014072301-1kali1_armhf.changes
pool/main/m/metasploit-framework/metasploit-framework_4.9.3-2014072301-1kali1_armhf.deb
pool/main/m/metasploit-framework/metasploit-framework_4.9.3-2014072301-1kali1_i386.changes

Number of files: 339461
Number of files transferred: 11
Total file size: 364921121027 bytes
Total transferred file size: 201057857 bytes
Literal data: 201057857 bytes
Matched data: 0 bytes
File list size: 8473154
File list generation time: 614.552 seconds
File list transfer time: 0.000 seconds
Total bytes sent: 282
Total bytes received: 209556216

sent 282 bytes  received 209556216 bytes  302608.66 bytes/sec
total size is 364921121027  speedup is 1741.40
rsync warning: some files vanished before they could be transferred (code 24) at main.c(1505) [generator=3.0.6]
