2014-08-05 20:00:01
rsync://ftp.cn.debian.org/debian-cd/
 _______________________________________________________________
|         University of Science and Technology of China         |
|           Open Source Mirror  (mirrors.ustc.edu.cn)           |
|===============================================================|
|                                                               |
| Debian primary mirror in China mainland (ftp.cn.debian.org),  |
|     also mirroring a great many OSS projects & Linux distros. |
|                                                               |
| This site also provides http/https/ftp access.                |
|                                                               |
| Supported by USTC Network Information Center                  |
|          and USTC Linux User Group (http://lug.ustc.edu.cn/). |
|                                                               |
|    Sync Status:  http://mirrors.ustc.edu.cn/status/           |
|           News:  http://servers.blog.ustc.edu.cn/             |
|        Contact:  mirrors@ustc.edu.cn                          |
|_______________________________________________________________|


receiving file list ... done

Number of files: 5710
Number of files transferred: 0
Total file size: 325544214720 bytes
Total transferred file size: 0 bytes
Literal data: 0 bytes
Matched data: 0 bytes
File list size: 137238
File list generation time: 0.788 seconds
File list transfer time: 0.000 seconds
Total bytes sent: 45
Total bytes received: 138395

sent 45 bytes  received 138395 bytes  30764.44 bytes/sec
total size is 325544214720  speedup is 2351518.45
