2014-08-06 03:38:17
rsync://kali.mirror.garr.it/kali/

receiving file list ... done
pool/non-free/m/metasploit/
rsync: send_files failed to open "/pool/non-free/m/metasploit/.metasploit_4.9.3-2014072301-1kali1_armel.deb.fyApZs" (in kali): Permission denied (13)
pool/non-free/m/metasploit/metasploit_4.9.3-2014072301-1kali1_amd64.deb
pool/non-free/m/metasploit/metasploit_4.9.3-2014072301-1kali1_armel.changes

Number of files: 339491
Number of files transferred: 2
Total file size: 365257315590 bytes
Total transferred file size: 161679470 bytes
Literal data: 161679470 bytes
Matched data: 0 bytes
File list size: 8473788
File list generation time: 556.187 seconds
File list transfer time: 0.000 seconds
Total bytes sent: 104
Total bytes received: 170173292

sent 104 bytes  received 170173292 bytes  268624.15 bytes/sec
total size is 365257315590  speedup is 2146.38
rsync error: some files/attrs were not transferred (see previous errors) (code 23) at main.c(1505) [generator=3.0.6]
