2014-08-05 15:19:18
rsync://us-msync.centos.org/CentOS/

msync.CentOS.org rsync service (centosv)
---------------------------------------

This service is intended for the sole use of the CentOS worldwide mirror network
to synchronize mirrors.

Unless you are running or intending to run a listed public CentOS mirror
use a mirror listed at http://centos.org/download/mirrors

If you intend to populate a mirror for public use please read the
notes at http://wiki.centos.org/HowTos/CreatePublicMirrors

If you do use this service then it is implied that you are providing a
mirror for public use and giving us authority to publicise such mirror.

receiving file list ... done
./
TIME
dir_sizes
filelist.gz
timestamp.txt
2.1/
3.9/
4.0/
4.1/
4.2/
4.3/
4.4/
4.5/
4.6/
4.7/
4.8/
4.9/
5.0/
5.1/
5.10/
5.10/addons/
5.10/addons/i386/
5.10/addons/i386/RPMS/
5.10/addons/i386/repodata/
5.10/addons/x86_64/
5.10/addons/x86_64/RPMS/
5.10/addons/x86_64/repodata/
5.10/centosplus/
5.10/centosplus/i386/
5.10/centosplus/i386/RPMS/
5.10/centosplus/i386/repodata/
5.10/centosplus/x86_64/
5.10/centosplus/x86_64/RPMS/
5.10/centosplus/x86_64/repodata/
5.10/contrib/
5.10/contrib/i386/
5.10/contrib/i386/RPMS/
5.10/contrib/i386/repodata/
5.10/contrib/x86_64/
5.10/contrib/x86_64/RPMS/
5.10/contrib/x86_64/repodata/
5.10/cr/
5.10/cr/i386/
5.10/cr/i386/RPMS/
5.10/cr/i386/repodata/
5.10/cr/x86_64/
5.10/cr/x86_64/RPMS/
5.10/cr/x86_64/repodata/
5.10/extras/
5.10/extras/i386/
5.10/extras/i386/RPMS/
5.10/extras/i386/repodata/
5.10/extras/x86_64/
5.10/extras/x86_64/RPMS/
5.10/extras/x86_64/repodata/
rsync error: timeout in data send/receive (code 30) at io.c(200) [sender=3.0.6]
rsync: connection unexpectedly closed (2385789 bytes received so far) [receiver]
rsync error: error in rsync protocol data stream (code 12) at io.c(600) [receiver=3.0.6]
rsync: connection unexpectedly closed (2380904 bytes received so far) [generator]
rsync error: error in rsync protocol data stream (code 12) at io.c(600) [generator=3.0.6]
