2014-08-05 18:40:24
rsync://rsync.cn.gentoo.org/gentoo/

#############################################################
#                                                           #
#  Hi,                                                      #
#                                                           #
#    This is the Opensource Mirror Hosted and Maintained    #
#                                                           #
#  by Information and Network Center of Xiamen University.  #
#                                                           #
#  Wish this mirror can help you enjoy free life easily :)  #                
#                                                           # 
#    The --checksum (-c) option is disabled to save the     #
#                                                           #
#  cpu usage. Thus, please remove the -c before syncing ^_^ #                
#                                                           #
#############################################################


receiving file list ... done
./
distfiles/
distfiles/PlayOnLinux_4.2.4.tar.gz
distfiles/db-6.1.19.tar.gz
distfiles/dos2unix-6.0.6.tar.gz
distfiles/gnuchess-6.1.2.tar.gz
distfiles/ignuit-2.20.0.tar.gz
distfiles/libmodplug-0.8.8.5.tar.gz
distfiles/rake-compiler-0.9.3.tar.gz
distfiles/stressapptest-1.0.7_p1.tar.xz
distfiles/timestamp.dev-local
distfiles/timestamp.mirmon
experimental/
experimental/.timestamp-experimental.x
experimental/timestamp.chk
experimental/timestamp.mirmon
experimental/timestamp.x
experimental/.overlays/
experimental/alpha/
experimental/alpha/historical/
experimental/alpha/livecd/
experimental/amd64/
experimental/amd64/musl/
experimental/amd64/qemu-selinux/
experimental/amd64/qemu/
experimental/amd64/uclibc/
experimental/amd64/x32/
experimental/arm/
experimental/arm/embedded/
experimental/arm/embedded/stages/
experimental/arm/hardened/
experimental/arm/musl/
experimental/arm/netboot/
experimental/arm/netboot/armv4tl-softfloat-linux-gnueabi/
experimental/arm/stages/
experimental/arm/stages/armv4l/
experimental/arm/uclibc/
experimental/arm64/
experimental/arm64/old/
experimental/bsd/
experimental/bsd/freebsd/
experimental/bsd/freebsd/installcd/
experimental/bsd/freebsd/stages/
experimental/bsd/freebsd/stages/amd64-fbsd-9.1/
experimental/bsd/freebsd/stages/amd64-fbsd-9.1/clang/
experimental/bsd/freebsd/stages/x86-fbsd-7.1/
experimental/bsd/freebsd/stages/x86-fbsd-7.2/
experimental/hppa/
experimental/hppa/livecd/
experimental/hppa/netboot/
experimental/ia64/
experimental/ia64/livecd/
experimental/m68k/
experimental/mips/
experimental/mips/contrib/
experimental/mips/desktop-loongson2f/
experimental/mips/historical/
experimental/mips/historical/netboot/
experimental/mips/historical/netboot/cobalt/
experimental/mips/historical/netboot/cobalt/old/
experimental/mips/historical/netboot/configs/
experimental/mips/historical/netboot/configs/old/
experimental/mips/historical/netboot/initrd/
experimental/mips/historical/netboot/initrd/old/
experimental/mips/historical/netboot/ip22/
experimental/mips/historical/netboot/ip22/initrd/
experimental/mips/historical/netboot/ip22/initrd/old/
experimental/mips/historical/netboot/ip22/old-debian/
experimental/mips/historical/netboot/ip22/old/
experimental/mips/historical/netboot/ip27/
experimental/mips/historical/netboot/ip27/initrd/
experimental/mips/historical/netboot/ip27/initrd/old/
experimental/mips/historical/netboot/ip28/
experimental/mips/historical/netboot/ip28/old/
experimental/mips/historical/netboot/ip28/tools/
experimental/mips/historical/netboot/ip30/
experimental/mips/historical/netboot/ip30/initrd/
experimental/mips/historical/netboot/ip30/initrd/old/
experimental/mips/historical/netboot/ip30/old/
experimental/mips/historical/netboot/ip32/
experimental/mips/historical/netboot/ip32/initrd/
experimental/mips/historical/netboot/ip32/initrd/old/
experimental/mips/historical/netboot/ip32/old/
experimental/mips/historical/netboot/new/
experimental/mips/livecd/
experimental/mips/livecd/loongson-2007.1/
experimental/mips/livecd/x-rc6/
experimental/mips/livecd/x-rc6/x-rc6/
experimental/mips/musl/
experimental/mips/stages/
experimental/mips/uclibc/
experimental/mips/uclibc/stage3-mipsel3-uclibc-hardened-20140729.tar.bz2
experimental/mips/uclibc/stage3-mipsel3-uclibc-hardened-20140729.tar.bz2.CONTENTS
experimental/mips/uclibc/stage3-mipsel3-uclibc-hardened-20140729.tar.bz2.DIGESTS
experimental/mips/uclibc/stage3-mipsel3-uclibc-vanilla-20140729.tar.bz2
experimental/mips/uclibc/stage3-mipsel3-uclibc-vanilla-20140729.tar.bz2.CONTENTS
rsync: send_files failed to open "/releases/.test/THIS-FILE-SHOULD-NOT-BE-PUBLIC.txt" (in gentoo): Permission denied (13)
experimental/mips/uclibc/stage3-mipsel3-uclibc-vanilla-20140729.tar.bz2.DIGESTS
experimental/ppc/
experimental/ppc/uclibc/
experimental/prefix/
experimental/prefix/patches/
experimental/prefix/rap/
experimental/prefix/x86-interix/
experimental/prefix/x86-interix/20110902/
experimental/s390/
experimental/s390/stages/
experimental/sh/
experimental/sh/stages/
experimental/sparc/
experimental/sparc/freebsd/
experimental/sparc/tftpboot/
experimental/sparc/tftpboot/sparc/
experimental/sparc/tftpboot/sparc64/
experimental/x86/
experimental/x86/embedded/
experimental/x86/musl/
experimental/x86/uclibc/
experimental/x86/vserver/
experimental/x86/xbox/
releases/
releases/.timestamp-releases.x
releases/.test/
releases/alpha/
releases/alpha/2007.0/
releases/alpha/2007.0/installcd/
releases/alpha/2007.0/stages/
releases/alpha/2008.0/
releases/alpha/2008.0/installcd/
releases/alpha/2008.0/stages/
releases/alpha/autobuilds/
releases/alpha/autobuilds/20140628/
releases/alpha/autobuilds/20140705/
releases/alpha/autobuilds/20140719/
releases/alpha/autobuilds/20140726/
releases/alpha/autobuilds/20140802/
releases/amd64/
releases/amd64/10.1/
releases/amd64/11.0/
releases/amd64/11.2/
releases/amd64/12.0/
releases/amd64/12.1/
releases/amd64/20121221/
releases/amd64/autobuilds/
releases/amd64/autobuilds/20130620/
releases/amd64/autobuilds/20130620/hardened/
releases/amd64/autobuilds/20140508/
releases/amd64/autobuilds/20140508/hardened/
releases/amd64/autobuilds/20140626/
releases/amd64/autobuilds/20140626/hardened/
releases/amd64/autobuilds/20140703/
releases/amd64/autobuilds/20140703/hardened/
releases/amd64/autobuilds/20140705/
releases/amd64/autobuilds/20140705/uclibc/
releases/amd64/autobuilds/20140710/
releases/amd64/autobuilds/20140710/hardened/
releases/amd64/autobuilds/20140717/
releases/amd64/autobuilds/20140717/hardened/
releases/amd64/autobuilds/20140724/
releases/amd64/autobuilds/20140724/hardened/
releases/amd64/autobuilds/20140731/
releases/amd64/autobuilds/20140731/hardened/
releases/arm/
releases/arm/autobuilds/
releases/arm/autobuilds/20140112/
releases/arm/autobuilds/20140113/
releases/arm/autobuilds/20140114/
releases/arm/autobuilds/20140115/
releases/arm/autobuilds/20140603/
releases/arm/autobuilds/20140604/
releases/arm/autobuilds/20140605/
releases/arm/autobuilds/20140606/
releases/hppa/
releases/hppa/2007.0/
releases/hppa/2007.0/installcd/
releases/hppa/2007.0/stages/
releases/hppa/2007.0/stages/hppa1.1/
releases/hppa/2007.0/stages/hppa2.0/
releases/hppa/2008.0/
releases/hppa/2008.0/installcd/
releases/hppa/2008.0/stages/
releases/hppa/autobuilds/
releases/hppa/autobuilds/20131227/
releases/hppa/autobuilds/20140103/
releases/hppa/autobuilds/20140201/
releases/hppa/autobuilds/20140416/
releases/hppa/autobuilds/20140602/
releases/ia64/
releases/ia64/2007.0/
releases/ia64/2007.0/installcd/
releases/ia64/2007.0/stages/
releases/ia64/2008.0/
releases/ia64/2008.0/installcd/
releases/ia64/2008.0/stages/
releases/ia64/autobuilds/
releases/ia64/autobuilds/20140701/
releases/ia64/autobuilds/20140708/
releases/ia64/autobuilds/20140715/
releases/ia64/autobuilds/20140722/
releases/ia64/autobuilds/20140729/
releases/mips/
releases/mips/2007.0/
releases/mips/2007.0/stages/
releases/ppc/
releases/ppc/2007.0/
releases/ppc/2007.0/ppc32/
releases/ppc/2007.0/ppc32/installcd/
releases/ppc/2007.0/ppc32/packagecd/
releases/ppc/2007.0/ppc32/stages/
releases/ppc/2007.0/ppc64/
releases/ppc/2007.0/ppc64/installcd/
releases/ppc/2007.0/ppc64/stages/
releases/ppc/2008.0/
releases/ppc/2008.0/installcd/
releases/ppc/2008.0/stages/
releases/ppc/autobuilds/
releases/ppc/autobuilds/20140622/
releases/ppc/autobuilds/20140629/
releases/ppc/autobuilds/20140706/
releases/ppc/autobuilds/20140713/
releases/ppc/autobuilds/20140720/
releases/ppc/autobuilds/20140727/
releases/ppc/autobuilds/20140803/
releases/s390/
releases/s390/autobuilds/
releases/s390/autobuilds/20140526/
releases/s390/autobuilds/20140610/
releases/s390/autobuilds/20140625/
releases/s390/autobuilds/20140706/
releases/s390/autobuilds/20140725/
releases/sh/
releases/sh/autobuilds/
releases/sh/autobuilds/20110228/
releases/sh/autobuilds/20110228/sh4-unknown-linux-gnu/
releases/sh/autobuilds/20110228/sh4a-unknown-linux-gnu/
releases/sh/autobuilds/20111217/
releases/sh/autobuilds/20111217/sh4-unknown-linux-gnu/
releases/sh/autobuilds/20111217/sh4a-unknown-linux-gnu/
releases/sh/autobuilds/20120323/
releases/sh/autobuilds/20120323/sh4-unknown-linux-gnu/
releases/sh/autobuilds/20120323/sh4a-unknown-linux-gnu/
releases/sh/autobuilds/20130527/
releases/sh/autobuilds/20130614/
releases/sh/autobuilds/20140215/
releases/snapshots/
releases/snapshots/2007.0/
releases/snapshots/2008.0/
releases/sparc/
releases/sparc/2007.0/
releases/sparc/2007.0/sparc64/
releases/sparc/2007.0/sparc64/installcd/
releases/sparc/2007.0/sparc64/packagecd/
releases/sparc/2007.0/sparc64/stages/
releases/sparc/2008.0/
releases/sparc/2008.0/installcd/
releases/sparc/2008.0/packagecd/
releases/sparc/2008.0/stages/
releases/sparc/autobuilds/
releases/sparc/autobuilds/20130822/
releases/sparc/autobuilds/20140421/
releases/sparc/autobuilds/20140421/multilib/
releases/sparc/autobuilds/20140428/
releases/sparc/autobuilds/20140428/multilib/
releases/sparc/autobuilds/20140505/
releases/sparc/autobuilds/20140505/multilib/
releases/sparc/autobuilds/20140630/
releases/sparc/autobuilds/20140630/multilib/
releases/sparc/autobuilds/20140707/
releases/sparc/autobuilds/20140714/
releases/sparc/autobuilds/20140714/multilib/
releases/x86/
releases/x86/10.1/
releases/x86/11.0/
releases/x86/11.2/
releases/x86/12.0/
releases/x86/12.1/
releases/x86/20121221/
releases/x86/autobuilds/
releases/x86/autobuilds/20140415/
releases/x86/autobuilds/20140415/hardened/
releases/x86/autobuilds/20140605/
releases/x86/autobuilds/20140605/uclibc/
releases/x86/autobuilds/20140701/
releases/x86/autobuilds/20140705/
releases/x86/autobuilds/20140705/uclibc/
releases/x86/autobuilds/20140708/
releases/x86/autobuilds/20140722/
releases/x86/autobuilds/20140729/
snapshots/
snapshots/.timestamp-snapshots.x
snapshots/deltas/
snapshots/squashfs/
rsync: rename failed for "/mirrorswlzx/gentoo/distfiles/PlayOnLinux_4.2.4.tar.gz" (from distfiles/.~tmp~/PlayOnLinux_4.2.4.tar.gz): No such file or directory (2)
rsync: rename failed for "/mirrorswlzx/gentoo/distfiles/db-6.1.19.tar.gz" (from distfiles/.~tmp~/db-6.1.19.tar.gz): No such file or directory (2)
rsync: rename failed for "/mirrorswlzx/gentoo/distfiles/dos2unix-6.0.6.tar.gz" (from distfiles/.~tmp~/dos2unix-6.0.6.tar.gz): No such file or directory (2)
rsync: rename failed for "/mirrorswlzx/gentoo/distfiles/gnuchess-6.1.2.tar.gz" (from distfiles/.~tmp~/gnuchess-6.1.2.tar.gz): No such file or directory (2)
rsync: rename failed for "/mirrorswlzx/gentoo/distfiles/libmodplug-0.8.8.5.tar.gz" (from distfiles/.~tmp~/libmodplug-0.8.8.5.tar.gz): No such file or directory (2)
rsync: rename failed for "/mirrorswlzx/gentoo/distfiles/stressapptest-1.0.7_p1.tar.xz" (from distfiles/.~tmp~/stressapptest-1.0.7_p1.tar.xz): No such file or directory (2)
deleting experimental/mips/uclibc/stage3-mipsel3-uclibc-vanilla-20140523.tar.bz2.DIGESTS
deleting experimental/mips/uclibc/stage3-mipsel3-uclibc-vanilla-20140523.tar.bz2.CONTENTS
deleting experimental/mips/uclibc/stage3-mipsel3-uclibc-vanilla-20140523.tar.bz2
deleting experimental/mips/uclibc/stage3-mipsel3-uclibc-hardened-20140523.tar.bz2.DIGESTS
deleting experimental/mips/uclibc/stage3-mipsel3-uclibc-hardened-20140523.tar.bz2.CONTENTS
deleting experimental/mips/uclibc/stage3-mipsel3-uclibc-hardened-20140523.tar.bz2

Number of files: 68052
Number of files transferred: 22
Total file size: 290091534697 bytes
Total transferred file size: 310353574 bytes
Literal data: 130580099 bytes
Matched data: 179773475 bytes
File list size: 1884211
File list generation time: 36.431 seconds
File list transfer time: 0.000 seconds
Total bytes sent: 377265
Total bytes received: 132806087

sent 377265 bytes  received 132806087 bytes  7847.01 bytes/sec
total size is 290091534697  speedup is 2178.14
rsync error: some files/attrs were not transferred (see previous errors) (code 23) at main.c(1505) [generator=3.0.6]
