2014-08-05 21:00:02
rsync://kali.mirror.garr.it/kali/

receiving file list ... done
./
Archive-Update-Required-mirror3.mirror.garr.it
pool/main/c/ceph/
pool/main/c/ceph/libcephfs1-dbg_0.80.5-1_amd64.deb
pool/main/c/ceph/libcephfs1-dbg_0.80.5-1_armel.deb
pool/main/c/ceph/libcephfs1-dbg_0.80.5-1_armhf.deb
pool/main/c/ceph/libcephfs1-dbg_0.80.5-1_i386.deb
pool/main/c/ceph/libcephfs1_0.80.5-1_amd64.deb
pool/main/c/ceph/libcephfs1_0.80.5-1_armel.deb
pool/main/c/ceph/libcephfs1_0.80.5-1_armhf.deb
pool/main/c/ceph/libcephfs1_0.80.5-1_i386.deb
pool/main/c/ceph/librados-dev_0.80.5-1_amd64.deb
pool/main/c/ceph/librados-dev_0.80.5-1_armel.deb
pool/main/c/ceph/librados-dev_0.80.5-1_armhf.deb
pool/main/c/ceph/librados-dev_0.80.5-1_i386.deb
pool/main/c/ceph/librados2-dbg_0.80.5-1_amd64.deb
pool/main/c/ceph/librados2-dbg_0.80.5-1_armel.deb
pool/main/c/ceph/librados2-dbg_0.80.5-1_armhf.deb
pool/main/c/ceph/librados2-dbg_0.80.5-1_i386.deb
pool/main/c/ceph/librados2_0.80.5-1_amd64.deb
pool/main/c/ceph/librados2_0.80.5-1_armel.deb
pool/main/c/ceph/librados2_0.80.5-1_armhf.deb
pool/main/c/ceph/librados2_0.80.5-1_i386.deb
pool/main/c/ceph/librbd-dev_0.80.5-1_amd64.deb
pool/main/c/ceph/librbd-dev_0.80.5-1_armel.deb
pool/main/c/ceph/librbd-dev_0.80.5-1_armhf.deb
pool/main/c/ceph/librbd-dev_0.80.5-1_i386.deb
pool/main/c/ceph/librbd1-dbg_0.80.5-1_amd64.deb
pool/main/c/ceph/librbd1-dbg_0.80.5-1_armel.deb
pool/main/c/ceph/librbd1-dbg_0.80.5-1_armhf.deb
pool/main/c/ceph/librbd1-dbg_0.80.5-1_i386.deb
pool/main/c/ceph/librbd1_0.80.5-1_amd64.deb
pool/main/c/ceph/librbd1_0.80.5-1_armel.deb
pool/main/c/ceph/librbd1_0.80.5-1_armhf.deb
pool/main/c/ceph/librbd1_0.80.5-1_i386.deb
pool/main/c/ceph/python-ceph_0.80.5-1_amd64.deb
pool/main/c/ceph/python-ceph_0.80.5-1_armel.deb
pool/main/c/ceph/python-ceph_0.80.5-1_armhf.deb
pool/main/c/ceph/python-ceph_0.80.5-1_i386.deb
pool/main/c/ceph/radosgw-dbg_0.80.5-1_amd64.deb
pool/main/c/ceph/radosgw-dbg_0.80.5-1_armel.deb
pool/main/c/ceph/radosgw-dbg_0.80.5-1_armhf.deb
pool/main/c/ceph/radosgw-dbg_0.80.5-1_i386.deb
pool/main/c/ceph/radosgw_0.80.5-1_amd64.deb
pool/main/c/ceph/radosgw_0.80.5-1_armel.deb
pool/main/c/ceph/radosgw_0.80.5-1_armhf.deb
pool/main/c/ceph/radosgw_0.80.5-1_i386.deb
pool/main/c/ceph/rbd-fuse-dbg_0.80.5-1_amd64.deb
pool/main/c/ceph/rbd-fuse-dbg_0.80.5-1_armel.deb
pool/main/c/ceph/rbd-fuse-dbg_0.80.5-1_armhf.deb
pool/main/c/ceph/rbd-fuse-dbg_0.80.5-1_i386.deb
pool/main/c/ceph/rbd-fuse_0.80.5-1_amd64.deb
pool/main/c/ceph/rbd-fuse_0.80.5-1_armel.deb
pool/main/c/ceph/rbd-fuse_0.80.5-1_armhf.deb
pool/main/c/ceph/rbd-fuse_0.80.5-1_i386.deb
pool/main/c/ceph/rest-bench-dbg_0.80.5-1_amd64.deb
pool/main/c/ceph/rest-bench-dbg_0.80.5-1_armel.deb
pool/main/c/ceph/rest-bench-dbg_0.80.5-1_armhf.deb
pool/main/c/ceph/rest-bench-dbg_0.80.5-1_i386.deb
pool/main/c/ceph/rest-bench_0.80.5-1_amd64.deb
pool/main/c/ceph/rest-bench_0.80.5-1_armel.deb
pool/main/c/ceph/rest-bench_0.80.5-1_armhf.deb
pool/main/c/ceph/rest-bench_0.80.5-1_i386.deb
pool/main/c/cgminer/cgminer_4.4.2-1.debian.tar.xz
pool/main/c/cgminer/cgminer_4.4.2-1.dsc
pool/main/c/cgminer/cgminer_4.4.2-1_amd64.deb
pool/main/c/cgminer/cgminer_4.4.2-1_armel.deb
pool/main/c/cgminer/cgminer_4.4.2-1_armhf.deb
pool/main/c/cgminer/cgminer_4.4.2-1_i386.deb
pool/main/c/cgminer/cgminer_4.4.2.orig.tar.gz
pool/main/c/claws-mail/
pool/main/c/claws-mail/claws-mail-acpi-notifier_3.10.1-3_amd64.deb
pool/main/c/claws-mail/claws-mail-acpi-notifier_3.10.1-3_armel.deb
pool/main/c/claws-mail/claws-mail-acpi-notifier_3.10.1-3_armhf.deb
pool/main/c/claws-mail/claws-mail-acpi-notifier_3.10.1-3_i386.deb
pool/main/c/claws-mail/claws-mail-address-keeper_3.10.1-3_amd64.deb
pool/main/c/claws-mail/claws-mail-address-keeper_3.10.1-3_armel.deb
pool/main/c/claws-mail/claws-mail-address-keeper_3.10.1-3_armhf.deb
pool/main/c/claws-mail/claws-mail-address-keeper_3.10.1-3_i386.deb
pool/main/c/claws-mail/claws-mail-archiver-plugin_3.10.1-3_amd64.deb
pool/main/c/claws-mail/claws-mail-archiver-plugin_3.10.1-3_armel.deb
pool/main/c/claws-mail/claws-mail-archiver-plugin_3.10.1-3_armhf.deb
pool/main/c/claws-mail/claws-mail-archiver-plugin_3.10.1-3_i386.deb
pool/main/c/claws-mail/claws-mail-attach-remover_3.10.1-3_amd64.deb
pool/main/c/claws-mail/claws-mail-attach-remover_3.10.1-3_armel.deb
pool/main/c/claws-mail/claws-mail-attach-remover_3.10.1-3_armhf.deb
pool/main/c/claws-mail/claws-mail-attach-remover_3.10.1-3_i386.deb
pool/main/c/claws-mail/claws-mail-attach-warner_3.10.1-3_amd64.deb
pool/main/c/claws-mail/claws-mail-attach-warner_3.10.1-3_armel.deb
pool/main/c/claws-mail/claws-mail-attach-warner_3.10.1-3_armhf.deb
pool/main/c/claws-mail/claws-mail-attach-warner_3.10.1-3_i386.deb
pool/main/c/claws-mail/claws-mail-bogofilter_3.10.1-3_amd64.deb
pool/main/c/claws-mail/claws-mail-bogofilter_3.10.1-3_armel.deb
pool/main/c/claws-mail/claws-mail-bogofilter_3.10.1-3_armhf.deb
pool/main/c/claws-mail/claws-mail-bogofilter_3.10.1-3_i386.deb
pool/main/c/claws-mail/claws-mail-bsfilter-plugin_3.10.1-3_amd64.deb
pool/main/c/claws-mail/claws-mail-bsfilter-plugin_3.10.1-3_armel.deb
pool/main/c/claws-mail/claws-mail-bsfilter-plugin_3.10.1-3_armhf.deb
pool/main/c/claws-mail/claws-mail-bsfilter-plugin_3.10.1-3_i386.deb
pool/main/c/claws-mail/claws-mail-clamd-plugin_3.10.1-3_amd64.deb
pool/main/c/claws-mail/claws-mail-clamd-plugin_3.10.1-3_armel.deb
pool/main/c/claws-mail/claws-mail-clamd-plugin_3.10.1-3_armhf.deb
pool/main/c/claws-mail/claws-mail-clamd-plugin_3.10.1-3_i386.deb
pool/main/c/claws-mail/claws-mail-dbg_3.10.1-3_amd64.deb
pool/main/c/claws-mail/claws-mail-dbg_3.10.1-3_armel.deb
pool/main/c/claws-mail/claws-mail-dbg_3.10.1-3_armhf.deb
pool/main/c/claws-mail/claws-mail-dbg_3.10.1-3_i386.deb
pool/main/c/claws-mail/claws-mail-doc_3.10.1-3_all.deb
pool/main/c/claws-mail/claws-mail-extra-plugins_3.10.1-3_all.deb
pool/main/c/claws-mail/claws-mail-fancy-plugin_3.10.1-3_amd64.deb
pool/main/c/claws-mail/claws-mail-fancy-plugin_3.10.1-3_armel.deb
pool/main/c/claws-mail/claws-mail-fancy-plugin_3.10.1-3_armhf.deb
pool/main/c/claws-mail/claws-mail-fancy-plugin_3.10.1-3_i386.deb
pool/main/c/claws-mail/claws-mail-feeds-reader_3.10.1-3_amd64.deb
pool/main/c/claws-mail/claws-mail-feeds-reader_3.10.1-3_armel.deb
pool/main/c/claws-mail/claws-mail-feeds-reader_3.10.1-3_armhf.deb
pool/main/c/claws-mail/claws-mail-feeds-reader_3.10.1-3_i386.deb
pool/main/c/claws-mail/claws-mail-fetchinfo-plugin_3.10.1-3_amd64.deb
pool/main/c/claws-mail/claws-mail-fetchinfo-plugin_3.10.1-3_armel.deb
pool/main/c/claws-mail/claws-mail-fetchinfo-plugin_3.10.1-3_armhf.deb
pool/main/c/claws-mail/claws-mail-fetchinfo-plugin_3.10.1-3_i386.deb
pool/main/c/claws-mail/claws-mail-gdata-plugin_3.10.1-3_amd64.deb
pool/main/c/claws-mail/claws-mail-gdata-plugin_3.10.1-3_armel.deb
pool/main/c/claws-mail/claws-mail-gdata-plugin_3.10.1-3_armhf.deb
pool/main/c/claws-mail/claws-mail-gdata-plugin_3.10.1-3_i386.deb
pool/main/c/claws-mail/claws-mail-i18n_3.10.1-3_all.deb
pool/main/c/claws-mail/claws-mail-libravatar_3.10.1-3_amd64.deb
pool/main/c/claws-mail/claws-mail-libravatar_3.10.1-3_armel.deb
pool/main/c/claws-mail/claws-mail-libravatar_3.10.1-3_armhf.deb
pool/main/c/claws-mail/claws-mail-libravatar_3.10.1-3_i386.deb
pool/main/c/claws-mail/claws-mail-mailmbox-plugin_3.10.1-3_amd64.deb
pool/main/c/claws-mail/claws-mail-mailmbox-plugin_3.10.1-3_armel.deb
pool/main/c/claws-mail/claws-mail-mailmbox-plugin_3.10.1-3_armhf.deb
pool/main/c/claws-mail/claws-mail-mailmbox-plugin_3.10.1-3_i386.deb
pool/main/c/claws-mail/claws-mail-multi-notifier_3.10.1-3_amd64.deb
pool/main/c/claws-mail/claws-mail-multi-notifier_3.10.1-3_armel.deb
pool/main/c/claws-mail/claws-mail-multi-notifier_3.10.1-3_armhf.deb
pool/main/c/claws-mail/claws-mail-multi-notifier_3.10.1-3_i386.deb
pool/main/c/claws-mail/claws-mail-newmail-plugin_3.10.1-3_amd64.deb
pool/main/c/claws-mail/claws-mail-newmail-plugin_3.10.1-3_armel.deb
pool/main/c/claws-mail/claws-mail-newmail-plugin_3.10.1-3_armhf.deb
pool/main/c/claws-mail/claws-mail-newmail-plugin_3.10.1-3_i386.deb
pool/main/c/claws-mail/claws-mail-pdf-viewer_3.10.1-3_amd64.deb
pool/main/c/claws-mail/claws-mail-pdf-viewer_3.10.1-3_armel.deb
pool/main/c/claws-mail/claws-mail-pdf-viewer_3.10.1-3_armhf.deb
pool/main/c/claws-mail/claws-mail-pdf-viewer_3.10.1-3_i386.deb
pool/main/c/claws-mail/claws-mail-perl-filter_3.10.1-3_amd64.deb
pool/main/c/claws-mail/claws-mail-perl-filter_3.10.1-3_armel.deb
pool/main/c/claws-mail/claws-mail-perl-filter_3.10.1-3_armhf.deb
pool/main/c/claws-mail/claws-mail-perl-filter_3.10.1-3_i386.deb
pool/main/c/claws-mail/claws-mail-pgpinline_3.10.1-3_amd64.deb
pool/main/c/claws-mail/claws-mail-pgpinline_3.10.1-3_armel.deb
pool/main/c/claws-mail/claws-mail-pgpinline_3.10.1-3_armhf.deb
pool/main/c/claws-mail/claws-mail-pgpinline_3.10.1-3_i386.deb
pool/main/c/claws-mail/claws-mail-pgpmime_3.10.1-3_amd64.deb
pool/main/c/claws-mail/claws-mail-pgpmime_3.10.1-3_armel.deb
pool/main/c/claws-mail/claws-mail-pgpmime_3.10.1-3_armhf.deb
pool/main/c/claws-mail/claws-mail-pgpmime_3.10.1-3_i386.deb
pool/main/c/claws-mail/claws-mail-plugins_3.10.1-3_all.deb
pool/main/c/claws-mail/claws-mail-python-plugin_3.10.1-3_amd64.deb
pool/main/c/claws-mail/claws-mail-python-plugin_3.10.1-3_armel.deb
pool/main/c/claws-mail/claws-mail-python-plugin_3.10.1-3_armhf.deb
pool/main/c/claws-mail/claws-mail-python-plugin_3.10.1-3_i386.deb
pool/main/c/claws-mail/claws-mail-smime-plugin_3.10.1-3_amd64.deb
pool/main/c/claws-mail/claws-mail-smime-plugin_3.10.1-3_armel.deb
pool/main/c/claws-mail/claws-mail-smime-plugin_3.10.1-3_armhf.deb
pool/main/c/claws-mail/claws-mail-smime-plugin_3.10.1-3_i386.deb
pool/main/c/claws-mail/claws-mail-spam-report_3.10.1-3_amd64.deb
pool/main/c/claws-mail/claws-mail-spam-report_3.10.1-3_armel.deb
pool/main/c/claws-mail/claws-mail-spam-report_3.10.1-3_armhf.deb
pool/main/c/claws-mail/claws-mail-spam-report_3.10.1-3_i386.deb
pool/main/c/claws-mail/claws-mail-spamassassin_3.10.1-3_amd64.deb
pool/main/c/claws-mail/claws-mail-spamassassin_3.10.1-3_armel.deb
pool/main/c/claws-mail/claws-mail-spamassassin_3.10.1-3_armhf.deb
pool/main/c/claws-mail/claws-mail-spamassassin_3.10.1-3_i386.deb
pool/main/c/claws-mail/claws-mail-tnef-parser_3.10.1-3_amd64.deb
pool/main/c/claws-mail/claws-mail-tnef-parser_3.10.1-3_armel.deb
pool/main/c/claws-mail/claws-mail-tnef-parser_3.10.1-3_armhf.deb
pool/main/c/claws-mail/claws-mail-tnef-parser_3.10.1-3_i386.deb
pool/main/c/claws-mail/claws-mail-tools_3.10.1-3_all.deb
pool/main/c/claws-mail/claws-mail-vcalendar-plugin_3.10.1-3_amd64.deb
pool/main/c/claws-mail/claws-mail-vcalendar-plugin_3.10.1-3_armel.deb
pool/main/c/claws-mail/claws-mail-vcalendar-plugin_3.10.1-3_armhf.deb
pool/main/c/claws-mail/claws-mail-vcalendar-plugin_3.10.1-3_i386.deb
pool/main/c/claws-mail/claws-mail_3.10.1-3.debian.tar.xz
pool/main/c/claws-mail/claws-mail_3.10.1-3.dsc
pool/main/c/claws-mail/claws-mail_3.10.1-3_amd64.deb
pool/main/c/claws-mail/claws-mail_3.10.1-3_armel.deb
pool/main/c/claws-mail/claws-mail_3.10.1-3_armhf.deb
pool/main/c/claws-mail/claws-mail_3.10.1-3_i386.deb
pool/main/c/claws-mail/libclaws-mail-dev_3.10.1-3_amd64.deb
pool/main/c/claws-mail/libclaws-mail-dev_3.10.1-3_armel.deb
pool/main/c/claws-mail/libclaws-mail-dev_3.10.1-3_armhf.deb
pool/main/c/claws-mail/libclaws-mail-dev_3.10.1-3_i386.deb
pool/main/c/clipper/
pool/main/c/clipper/clipper_2.1.20130601-2.debian.tar.xz
pool/main/c/clipper/clipper_2.1.20130601-2.dsc
pool/main/c/clipper/clipper_2.1.20130601.orig.tar.bz2
pool/main/c/clipper/libclipper-dev_2.1.20130601-2_amd64.deb
pool/main/c/clipper/libclipper-dev_2.1.20130601-2_armel.deb
pool/main/c/clipper/libclipper-dev_2.1.20130601-2_armhf.deb
pool/main/c/clipper/libclipper-dev_2.1.20130601-2_i386.deb
pool/main/c/clipper/libclipper-doc_2.1.20130601-2_all.deb
pool/main/c/clipper/libclipper2-dbg_2.1.20130601-2_amd64.deb
pool/main/c/clipper/libclipper2-dbg_2.1.20130601-2_armel.deb
pool/main/c/clipper/libclipper2-dbg_2.1.20130601-2_armhf.deb
pool/main/c/clipper/libclipper2-dbg_2.1.20130601-2_i386.deb
pool/main/c/clipper/libclipper2_2.1.20130601-2_amd64.deb
pool/main/c/clipper/libclipper2_2.1.20130601-2_armel.deb
pool/main/c/clipper/libclipper2_2.1.20130601-2_armhf.deb
pool/main/c/clipper/libclipper2_2.1.20130601-2_i386.deb
pool/main/c/cpl-plugin-kmos/
pool/main/c/cpl-plugin-kmos/cpl-plugin-kmos-doc_1.3.4+dfsg-1_all.deb
pool/main/c/cpl-plugin-kmos/cpl-plugin-kmos_1.3.4+dfsg-1.debian.tar.xz
pool/main/c/cpl-plugin-kmos/cpl-plugin-kmos_1.3.4+dfsg-1.dsc
pool/main/c/cpl-plugin-kmos/cpl-plugin-kmos_1.3.4+dfsg-1_amd64.deb
pool/main/c/cpl-plugin-kmos/cpl-plugin-kmos_1.3.4+dfsg-1_armel.deb
pool/main/c/cpl-plugin-kmos/cpl-plugin-kmos_1.3.4+dfsg-1_armhf.deb
pool/main/c/cpl-plugin-kmos/cpl-plugin-kmos_1.3.4+dfsg-1_i386.deb
pool/main/c/cpl-plugin-kmos/cpl-plugin-kmos_1.3.4+dfsg.orig.tar.xz
pool/main/c/cups/
pool/main/c/cups/cups-bsd_1.7.4-4_amd64.deb
pool/main/c/cups/cups-bsd_1.7.4-4_armel.deb
pool/main/c/cups/cups-bsd_1.7.4-4_armhf.deb
pool/main/c/cups/cups-bsd_1.7.4-4_i386.deb
pool/main/c/cups/cups-client_1.7.4-4_amd64.deb
pool/main/c/cups/cups-client_1.7.4-4_armel.deb
pool/main/c/cups/cups-client_1.7.4-4_armhf.deb
pool/main/c/cups/cups-client_1.7.4-4_i386.deb
pool/main/c/cups/cups-common_1.7.4-4_all.deb
pool/main/c/cups/cups-core-drivers_1.7.4-4_amd64.deb
pool/main/c/cups/cups-core-drivers_1.7.4-4_armel.deb
pool/main/c/cups/cups-core-drivers_1.7.4-4_armhf.deb
pool/main/c/cups/cups-core-drivers_1.7.4-4_i386.deb
pool/main/c/cups/cups-daemon_1.7.4-4_amd64.deb
pool/main/c/cups/cups-daemon_1.7.4-4_armel.deb
pool/main/c/cups/cups-daemon_1.7.4-4_armhf.deb
pool/main/c/cups/cups-daemon_1.7.4-4_i386.deb
pool/main/c/cups/cups-dbg_1.7.4-4_amd64.deb
pool/main/c/cups/cups-dbg_1.7.4-4_armel.deb
pool/main/c/cups/cups-dbg_1.7.4-4_armhf.deb
pool/main/c/cups/cups-dbg_1.7.4-4_i386.deb
pool/main/c/cups/cups-ppdc_1.7.4-4_amd64.deb
pool/main/c/cups/cups-ppdc_1.7.4-4_armel.deb
pool/main/c/cups/cups-ppdc_1.7.4-4_armhf.deb
pool/main/c/cups/cups-ppdc_1.7.4-4_i386.deb
pool/main/c/cups/cups-server-common_1.7.4-4_all.deb
pool/main/c/cups/cups_1.7.4-4.debian.tar.xz
pool/main/c/cups/cups_1.7.4-4.dsc
pool/main/c/cups/cups_1.7.4-4_amd64.deb
pool/main/c/cups/cups_1.7.4-4_armel.deb
pool/main/c/cups/cups_1.7.4-4_armhf.deb
pool/main/c/cups/cups_1.7.4-4_i386.deb
pool/main/c/cups/libcups2-dev_1.7.4-4_amd64.deb
pool/main/c/cups/libcups2-dev_1.7.4-4_armel.deb
pool/main/c/cups/libcups2-dev_1.7.4-4_armhf.deb
pool/main/c/cups/libcups2-dev_1.7.4-4_i386.deb
pool/main/c/cups/libcups2_1.7.4-4_amd64.deb
pool/main/c/cups/libcups2_1.7.4-4_armel.deb
pool/main/c/cups/libcups2_1.7.4-4_armhf.deb
pool/main/c/cups/libcups2_1.7.4-4_i386.deb
pool/main/c/cups/libcupscgi1-dev_1.7.4-4_amd64.deb
pool/main/c/cups/libcupscgi1-dev_1.7.4-4_armel.deb
pool/main/c/cups/libcupscgi1-dev_1.7.4-4_armhf.deb
pool/main/c/cups/libcupscgi1-dev_1.7.4-4_i386.deb
pool/main/c/cups/libcupscgi1_1.7.4-4_amd64.deb
pool/main/c/cups/libcupscgi1_1.7.4-4_armel.deb
pool/main/c/cups/libcupscgi1_1.7.4-4_armhf.deb
pool/main/c/cups/libcupscgi1_1.7.4-4_i386.deb
pool/main/c/cups/libcupsimage2-dev_1.7.4-4_amd64.deb
pool/main/c/cups/libcupsimage2-dev_1.7.4-4_armel.deb
pool/main/c/cups/libcupsimage2-dev_1.7.4-4_armhf.deb
pool/main/c/cups/libcupsimage2-dev_1.7.4-4_i386.deb
pool/main/c/cups/libcupsimage2_1.7.4-4_amd64.deb
pool/main/c/cups/libcupsimage2_1.7.4-4_armel.deb
pool/main/c/cups/libcupsimage2_1.7.4-4_armhf.deb
pool/main/c/cups/libcupsimage2_1.7.4-4_i386.deb
pool/main/c/cups/libcupsmime1-dev_1.7.4-4_amd64.deb
pool/main/c/cups/libcupsmime1-dev_1.7.4-4_armel.deb
pool/main/c/cups/libcupsmime1-dev_1.7.4-4_armhf.deb
pool/main/c/cups/libcupsmime1-dev_1.7.4-4_i386.deb
pool/main/c/cups/libcupsmime1_1.7.4-4_amd64.deb
pool/main/c/cups/libcupsmime1_1.7.4-4_armel.deb
pool/main/c/cups/libcupsmime1_1.7.4-4_armhf.deb
pool/main/c/cups/libcupsmime1_1.7.4-4_i386.deb
pool/main/c/cups/libcupsppdc1-dev_1.7.4-4_amd64.deb
pool/main/c/cups/libcupsppdc1-dev_1.7.4-4_armel.deb
pool/main/c/cups/libcupsppdc1-dev_1.7.4-4_armhf.deb
pool/main/c/cups/libcupsppdc1-dev_1.7.4-4_i386.deb
pool/main/c/cups/libcupsppdc1_1.7.4-4_amd64.deb
pool/main/c/cups/libcupsppdc1_1.7.4-4_armel.deb
pool/main/c/cups/libcupsppdc1_1.7.4-4_armhf.deb
pool/main/c/cups/libcupsppdc1_1.7.4-4_i386.deb
pool/main/d/debianbuttons/
pool/main/d/debianbuttons/debianbuttons_1.11-1.debian.tar.xz
pool/main/d/debianbuttons/debianbuttons_1.11-1.dsc
pool/main/d/debianbuttons/debianbuttons_1.11.orig.tar.gz
pool/main/d/debianbuttons/xul-ext-debianbuttons_1.11-1_all.deb
pool/main/d/developers-reference/
pool/main/d/developers-reference/developers-reference-de_3.4.13_all.deb
pool/main/d/developers-reference/developers-reference-fr_3.4.13_all.deb
pool/main/d/developers-reference/developers-reference-ja_3.4.13_all.deb
pool/main/d/developers-reference/developers-reference_3.4.13.dsc
pool/main/d/developers-reference/developers-reference_3.4.13.tar.xz
pool/main/d/developers-reference/developers-reference_3.4.13_all.deb
pool/main/d/dictionaries-common/
pool/main/d/dictionaries-common/dictionaries-common-dev_1.23.10_all.deb
pool/main/d/dictionaries-common/dictionaries-common_1.23.10.dsc
pool/main/d/dictionaries-common/dictionaries-common_1.23.10.tar.gz
pool/main/d/dictionaries-common/dictionaries-common_1.23.10_all.deb
pool/main/d/dolphin-plugins/
pool/main/d/dolphin-plugins/dolphin-plugins_4.13.3-1.debian.tar.xz
pool/main/d/dolphin-plugins/dolphin-plugins_4.13.3-1.dsc
pool/main/d/dolphin-plugins/dolphin-plugins_4.13.3.orig.tar.xz
pool/main/d/dolphin-plugins/kdesdk-dolphin-plugins_4.13.3-1_amd64.deb
pool/main/d/dolphin-plugins/kdesdk-dolphin-plugins_4.13.3-1_armel.deb
pool/main/d/dolphin-plugins/kdesdk-dolphin-plugins_4.13.3-1_armhf.deb
pool/main/d/dolphin-plugins/kdesdk-dolphin-plugins_4.13.3-1_i386.deb
pool/main/d/dosfstools/
pool/main/d/dosfstools/dosfstools-dbg_3.0.26-3_amd64.deb
pool/main/d/dosfstools/dosfstools-dbg_3.0.26-3_armel.deb
pool/main/d/dosfstools/dosfstools-dbg_3.0.26-3_armhf.deb
pool/main/d/dosfstools/dosfstools-dbg_3.0.26-3_i386.deb
pool/main/d/dosfstools/dosfstools-udeb_3.0.26-3_amd64.udeb
pool/main/d/dosfstools/dosfstools-udeb_3.0.26-3_armel.udeb
pool/main/d/dosfstools/dosfstools-udeb_3.0.26-3_armhf.udeb
pool/main/d/dosfstools/dosfstools-udeb_3.0.26-3_i386.udeb
pool/main/d/dosfstools/dosfstools_3.0.26-3.debian.tar.xz
pool/main/d/dosfstools/dosfstools_3.0.26-3.dsc
pool/main/d/dosfstools/dosfstools_3.0.26-3_amd64.deb
pool/main/d/dosfstools/dosfstools_3.0.26-3_armel.deb
pool/main/d/dosfstools/dosfstools_3.0.26-3_armhf.deb
pool/main/d/dosfstools/dosfstools_3.0.26-3_i386.deb
pool/main/f/fai/
pool/main/f/fai/fai-client_4.2.2_all.deb
pool/main/f/fai/fai-doc_4.2.2_all.deb
pool/main/f/fai/fai-nfsroot_4.2.2_all.deb
pool/main/f/fai/fai-quickstart_4.2.2_all.deb
pool/main/f/fai/fai-server_4.2.2_all.deb
pool/main/f/fai/fai-setup-storage_4.2.2_all.deb
pool/main/f/fai/fai_4.2.2.dsc
pool/main/f/fai/fai_4.2.2.tar.gz
pool/main/f/firebird2.5/
pool/main/f/firebird2.5/firebird-dev_2.5.3.26778.ds4-2_amd64.deb
pool/main/f/firebird2.5/firebird-dev_2.5.3.26778.ds4-2_armel.deb
pool/main/f/firebird2.5/firebird-dev_2.5.3.26778.ds4-2_armhf.deb
pool/main/f/firebird2.5/firebird-dev_2.5.3.26778.ds4-2_i386.deb
pool/main/f/firebird2.5/firebird2.5-classic-common_2.5.3.26778.ds4-2_amd64.deb
pool/main/f/firebird2.5/firebird2.5-classic-common_2.5.3.26778.ds4-2_armel.deb
pool/main/f/firebird2.5/firebird2.5-classic-common_2.5.3.26778.ds4-2_armhf.deb
pool/main/f/firebird2.5/firebird2.5-classic-common_2.5.3.26778.ds4-2_i386.deb
pool/main/f/firebird2.5/firebird2.5-classic-dbg_2.5.3.26778.ds4-2_amd64.deb
pool/main/f/firebird2.5/firebird2.5-classic-dbg_2.5.3.26778.ds4-2_armel.deb
pool/main/f/firebird2.5/firebird2.5-classic-dbg_2.5.3.26778.ds4-2_armhf.deb
pool/main/f/firebird2.5/firebird2.5-classic-dbg_2.5.3.26778.ds4-2_i386.deb
pool/main/f/firebird2.5/firebird2.5-classic_2.5.3.26778.ds4-2_amd64.deb
pool/main/f/firebird2.5/firebird2.5-classic_2.5.3.26778.ds4-2_armel.deb
pool/main/f/firebird2.5/firebird2.5-classic_2.5.3.26778.ds4-2_armhf.deb
pool/main/f/firebird2.5/firebird2.5-classic_2.5.3.26778.ds4-2_i386.deb
pool/main/f/firebird2.5/firebird2.5-common-doc_2.5.3.26778.ds4-2_all.deb
pool/main/f/firebird2.5/firebird2.5-common_2.5.3.26778.ds4-2_all.deb
pool/main/f/firebird2.5/firebird2.5-doc_2.5.3.26778.ds4-2_all.deb
pool/main/f/firebird2.5/firebird2.5-examples_2.5.3.26778.ds4-2_all.deb
pool/main/f/firebird2.5/firebird2.5-server-common_2.5.3.26778.ds4-2_amd64.deb
pool/main/f/firebird2.5/firebird2.5-server-common_2.5.3.26778.ds4-2_armel.deb
pool/main/f/firebird2.5/firebird2.5-server-common_2.5.3.26778.ds4-2_armhf.deb
pool/main/f/firebird2.5/firebird2.5-server-common_2.5.3.26778.ds4-2_i386.deb
pool/main/f/firebird2.5/firebird2.5-super-dbg_2.5.3.26778.ds4-2_amd64.deb
pool/main/f/firebird2.5/firebird2.5-super-dbg_2.5.3.26778.ds4-2_armel.deb
pool/main/f/firebird2.5/firebird2.5-super-dbg_2.5.3.26778.ds4-2_armhf.deb
pool/main/f/firebird2.5/firebird2.5-super-dbg_2.5.3.26778.ds4-2_i386.deb
pool/main/f/firebird2.5/firebird2.5-super_2.5.3.26778.ds4-2_amd64.deb
pool/main/f/firebird2.5/firebird2.5-super_2.5.3.26778.ds4-2_armel.deb
pool/main/f/firebird2.5/firebird2.5-super_2.5.3.26778.ds4-2_armhf.deb
pool/main/f/firebird2.5/firebird2.5-super_2.5.3.26778.ds4-2_i386.deb
pool/main/f/firebird2.5/firebird2.5-superclassic_2.5.3.26778.ds4-2_amd64.deb
pool/main/f/firebird2.5/firebird2.5-superclassic_2.5.3.26778.ds4-2_armel.deb
pool/main/f/firebird2.5/firebird2.5-superclassic_2.5.3.26778.ds4-2_armhf.deb
pool/main/f/firebird2.5/firebird2.5-superclassic_2.5.3.26778.ds4-2_i386.deb
pool/main/f/firebird2.5/firebird2.5_2.5.3.26778.ds4-2.debian.tar.xz
pool/main/f/firebird2.5/firebird2.5_2.5.3.26778.ds4-2.dsc
pool/main/f/firebird2.5/firebird2.5_2.5.3.26778.ds4.orig.tar.xz
pool/main/f/firebird2.5/libfbclient2-dbg_2.5.3.26778.ds4-2_amd64.deb
pool/main/f/firebird2.5/libfbclient2-dbg_2.5.3.26778.ds4-2_armel.deb
pool/main/f/firebird2.5/libfbclient2-dbg_2.5.3.26778.ds4-2_armhf.deb
pool/main/f/firebird2.5/libfbclient2-dbg_2.5.3.26778.ds4-2_i386.deb
pool/main/f/firebird2.5/libfbclient2_2.5.3.26778.ds4-2_amd64.deb
pool/main/f/firebird2.5/libfbclient2_2.5.3.26778.ds4-2_armel.deb
pool/main/f/firebird2.5/libfbclient2_2.5.3.26778.ds4-2_armhf.deb
pool/main/f/firebird2.5/libfbclient2_2.5.3.26778.ds4-2_i386.deb
pool/main/f/firebird2.5/libfbembed2.5_2.5.3.26778.ds4-2_amd64.deb
pool/main/f/firebird2.5/libfbembed2.5_2.5.3.26778.ds4-2_armel.deb
pool/main/f/firebird2.5/libfbembed2.5_2.5.3.26778.ds4-2_armhf.deb
pool/main/f/firebird2.5/libfbembed2.5_2.5.3.26778.ds4-2_i386.deb
pool/main/f/firebird2.5/libib-util_2.5.3.26778.ds4-2_amd64.deb
pool/main/f/firebird2.5/libib-util_2.5.3.26778.ds4-2_armel.deb
pool/main/f/firebird2.5/libib-util_2.5.3.26778.ds4-2_armhf.deb
pool/main/f/firebird2.5/libib-util_2.5.3.26778.ds4-2_i386.deb
pool/main/f/fonts-indic/
pool/main/f/fonts-indic/fonts-indic_1.2.dsc
pool/main/f/fonts-indic/fonts-indic_1.2.tar.gz
pool/main/f/fonts-indic/fonts-indic_1.2_all.deb
pool/main/f/fonts-knda/
pool/main/f/fonts-knda/fonts-knda_1.2.dsc
pool/main/f/fonts-knda/fonts-knda_1.2.tar.gz
pool/main/f/fonts-knda/fonts-knda_1.2_all.deb
pool/main/f/foomatic-db/
pool/main/f/foomatic-db/foomatic-db-compressed-ppds_20140730-1_all.deb
pool/main/f/foomatic-db/foomatic-db_20140730-1.debian.tar.xz
pool/main/f/foomatic-db/foomatic-db_20140730-1.dsc
pool/main/f/foomatic-db/foomatic-db_20140730-1_all.deb
pool/main/f/foomatic-db/foomatic-db_20140730.orig.tar.xz
pool/main/f/foomatic-db/openprinting-ppds_20140730-1_all.deb
pool/main/g/
pool/main/g/gcc-4.9/
pool/main/g/gcc-4.9/gcc-4.9_4.9.1-3.diff.gz
pool/main/g/gcc-4.9/gcc-4.9_4.9.1-3.dsc
pool/main/g/gcc-mingw-w64/
file has vanished: "/pool/main/g/gcc-mingw-w64/.gobjc-mingw-w64-x86-64_4.9.1-3+14.1_i386.deb.wuEbrE" (in kali)
pool/main/g/gcc-mingw-w64/g++-mingw-w64-i686_4.9.1-3+14.1_amd64.deb
pool/main/g/gcc-mingw-w64/g++-mingw-w64-i686_4.9.1-3+14.1_armel.deb
pool/main/g/gcc-mingw-w64/g++-mingw-w64-i686_4.9.1-3+14.1_armhf.deb
pool/main/g/gcc-mingw-w64/g++-mingw-w64-i686_4.9.1-3+14.1_i386.deb
pool/main/g/gcc-mingw-w64/g++-mingw-w64-x86-64_4.9.1-3+14.1_amd64.deb
pool/main/g/gcc-mingw-w64/g++-mingw-w64-x86-64_4.9.1-3+14.1_armel.deb
pool/main/g/gcc-mingw-w64/g++-mingw-w64-x86-64_4.9.1-3+14.1_armhf.deb
pool/main/g/gcc-mingw-w64/g++-mingw-w64-x86-64_4.9.1-3+14.1_i386.deb
pool/main/g/gcc-mingw-w64/g++-mingw-w64_4.9.1-3+14.1_all.deb
pool/main/g/gcc-mingw-w64/gcc-mingw-w64-base_4.9.1-3+14.1_amd64.deb
pool/main/g/gcc-mingw-w64/gcc-mingw-w64-base_4.9.1-3+14.1_armel.deb
pool/main/g/gcc-mingw-w64/gcc-mingw-w64-base_4.9.1-3+14.1_armhf.deb
pool/main/g/gcc-mingw-w64/gcc-mingw-w64-base_4.9.1-3+14.1_i386.deb
pool/main/g/gcc-mingw-w64/gcc-mingw-w64-i686_4.9.1-3+14.1_amd64.deb
pool/main/g/gcc-mingw-w64/gcc-mingw-w64-i686_4.9.1-3+14.1_armel.deb
pool/main/g/gcc-mingw-w64/gcc-mingw-w64-i686_4.9.1-3+14.1_armhf.deb
pool/main/g/gcc-mingw-w64/gcc-mingw-w64-i686_4.9.1-3+14.1_i386.deb
pool/main/g/gcc-mingw-w64/gcc-mingw-w64-x86-64_4.9.1-3+14.1_amd64.deb
pool/main/g/gcc-mingw-w64/gcc-mingw-w64-x86-64_4.9.1-3+14.1_armel.deb
pool/main/g/gcc-mingw-w64/gcc-mingw-w64-x86-64_4.9.1-3+14.1_armhf.deb
pool/main/g/gcc-mingw-w64/gcc-mingw-w64-x86-64_4.9.1-3+14.1_i386.deb
pool/main/g/gcc-mingw-w64/gcc-mingw-w64_14.1.dsc
pool/main/g/gcc-mingw-w64/gcc-mingw-w64_14.1.tar.xz
pool/main/g/gcc-mingw-w64/gcc-mingw-w64_4.9.1-3+14.1_all.deb
pool/main/g/gcc-mingw-w64/gfortran-mingw-w64-i686_4.9.1-3+14.1_amd64.deb
pool/main/g/gcc-mingw-w64/gfortran-mingw-w64-i686_4.9.1-3+14.1_armel.deb
pool/main/g/gcc-mingw-w64/gfortran-mingw-w64-i686_4.9.1-3+14.1_armhf.deb
pool/main/g/gcc-mingw-w64/gfortran-mingw-w64-i686_4.9.1-3+14.1_i386.deb
pool/main/g/gcc-mingw-w64/gfortran-mingw-w64-x86-64_4.9.1-3+14.1_amd64.deb
pool/main/g/gcc-mingw-w64/gfortran-mingw-w64-x86-64_4.9.1-3+14.1_armel.deb
pool/main/g/gcc-mingw-w64/gfortran-mingw-w64-x86-64_4.9.1-3+14.1_armhf.deb
pool/main/g/gcc-mingw-w64/gfortran-mingw-w64-x86-64_4.9.1-3+14.1_i386.deb
pool/main/g/gcc-mingw-w64/gfortran-mingw-w64_4.9.1-3+14.1_all.deb
pool/main/g/gcc-mingw-w64/gobjc++-mingw-w64-i686_4.9.1-3+14.1_amd64.deb
pool/main/g/gcc-mingw-w64/gobjc++-mingw-w64-i686_4.9.1-3+14.1_armel.deb
pool/main/g/gcc-mingw-w64/gobjc++-mingw-w64-i686_4.9.1-3+14.1_armhf.deb
pool/main/g/gcc-mingw-w64/gobjc++-mingw-w64-i686_4.9.1-3+14.1_i386.deb
pool/main/g/gcc-mingw-w64/gobjc++-mingw-w64-x86-64_4.9.1-3+14.1_amd64.deb
pool/main/g/gcc-mingw-w64/gobjc++-mingw-w64-x86-64_4.9.1-3+14.1_armel.deb
pool/main/g/gcc-mingw-w64/gobjc++-mingw-w64-x86-64_4.9.1-3+14.1_armhf.deb
pool/main/g/gcc-mingw-w64/gobjc++-mingw-w64-x86-64_4.9.1-3+14.1_i386.deb
pool/main/g/gcc-mingw-w64/gobjc++-mingw-w64_4.9.1-3+14.1_all.deb
pool/main/g/gcc-mingw-w64/gobjc-mingw-w64-i686_4.9.1-3+14.1_amd64.deb
pool/main/g/gcc-mingw-w64/gobjc-mingw-w64-i686_4.9.1-3+14.1_armel.deb
pool/main/g/gcc-mingw-w64/gobjc-mingw-w64-i686_4.9.1-3+14.1_armhf.deb
pool/main/g/gcc-mingw-w64/gobjc-mingw-w64-i686_4.9.1-3+14.1_i386.deb
pool/main/g/gcc-mingw-w64/gobjc-mingw-w64-x86-64_4.9.1-3+14.1_amd64.deb
pool/main/g/gcc-mingw-w64/gobjc-mingw-w64-x86-64_4.9.1-3+14.1_armel.deb
pool/main/g/gcc-mingw-w64/gobjc-mingw-w64-x86-64_4.9.1-3+14.1_armhf.deb
pool/main/g/gcovr/
pool/main/g/gcovr/gcovr_3.1-1.debian.tar.xz
pool/main/g/gcovr/gcovr_3.1-1.dsc
pool/main/g/gcovr/gcovr_3.1-1_all.deb
pool/main/g/gcovr/gcovr_3.1.orig.tar.gz

Number of files: 338562
Number of files transferred: 452
Total file size: 363436083570 bytes
Total transferred file size: 1235886145 bytes
Literal data: 1235886145 bytes
Matched data: 0 bytes
File list size: 8446993
File list generation time: 682.357 seconds
File list transfer time: 0.000 seconds
Total bytes sent: 8743
Total bytes received: 1244502844

sent 8743 bytes  received 1244502844 bytes  925631.53 bytes/sec
total size is 363436083570  speedup is 292.03
rsync warning: some files vanished before they could be transferred (code 24) at main.c(1505) [generator=3.0.6]
