2014-08-06 00:00:03
rsync://mirrors.hust.edu.cn/sagemath/
Welcome to HUST Mirror Site!
This site is sponsored by Network and Computation Center of Huazhong University of Science and Technology and maintained by DianGroup, HUST.
You can contact us by sending us email via mirror@hust.edu.cn.


receiving file list ... done
./
devel/
devel/meta/
doc/
doc/de/
doc/de/thematische_anleitungen/
doc/de/tutorial/
doc/en/
doc/en/a_tour_of_sage/
doc/en/bordeaux_2008/
doc/en/constructions/
doc/en/developer/
doc/en/faq/
doc/en/installation/
doc/en/numerical_sage/
doc/en/prep/
doc/en/reference/
doc/en/reference/_static/
doc/en/reference/algebras/
doc/en/reference/arithgroup/
doc/en/reference/calculus/
doc/en/reference/categories/
doc/en/reference/cmd/
doc/en/reference/coding/
doc/en/reference/coercion/
doc/en/reference/combinat/
doc/en/reference/constants/
doc/en/reference/cryptography/
doc/en/reference/databases/
doc/en/reference/dev/
doc/en/reference/doctest/
doc/en/reference/dynamics/
doc/en/reference/finance/
doc/en/reference/finite_rings/
doc/en/reference/function_fields/
doc/en/reference/functions/
doc/en/reference/games/
doc/en/reference/geometry/
doc/en/reference/graphs/
doc/en/reference/groups/
doc/en/reference/hecke/
doc/en/reference/history_and_license/
doc/en/reference/homology/
doc/en/reference/interfaces/
doc/en/reference/lfunctions/
doc/en/reference/libs/
doc/en/reference/logic/
doc/en/reference/matrices/
doc/en/reference/matroids/
doc/en/reference/misc/
doc/en/reference/modabvar/
doc/en/reference/modfrm/
doc/en/reference/modmisc/
doc/en/reference/modsym/
doc/en/reference/modules/
doc/en/reference/monoids/
doc/en/reference/notebook/
doc/en/reference/number_fields/
doc/en/reference/numerical/
doc/en/reference/padics/
doc/en/reference/parallel/
doc/en/reference/plane_curves/
doc/en/reference/plot3d/
doc/en/reference/plotting/
doc/en/reference/polynomial_rings/
doc/en/reference/power_series/
doc/en/reference/probability/
doc/en/reference/quadratic_forms/
doc/en/reference/quat_algebras/
doc/en/reference/riemannian_geometry/
doc/en/reference/rings/
doc/en/reference/rings_numerical/
doc/en/reference/rings_standard/
doc/en/reference/sat/
doc/en/reference/schemes/
doc/en/reference/semirings/
doc/en/reference/stats/
doc/en/reference/structure/
doc/en/reference/tensor/
doc/en/thematic_tutorials/
doc/en/tutorial/
doc/en/website/
doc/fr/
doc/fr/a_tour_of_sage/
doc/fr/tutorial/
doc/ru/
doc/ru/tutorial/
doc/tr/
doc/tr/a_tour_of_sage/
linux/
linux/32bit/
linux/32bit/meta/
linux/64bit/
linux/64bit/meta/
linux/arm/
linux/arm/meta/
linux/itanium/
linux/itanium/meta/
linux/meta/
linux/sparc/
linux/sparc/meta/
livecd/
livecd/meta/
livecd/old/
osx/
osx/intel/
osx/intel/meta/
osx/intel/old/
osx/intel/old/meta/
osx/powerpc/
osx/powerpc/meta/
solaris/
solaris/meta/
spkg/
spkg/archive/
spkg/archive/.hg/
spkg/archive/.hg/data/
spkg/archive/.hg/data/src/
spkg/experimental/
spkg/optional/
spkg/optional/meta/
spkg/standard/
spkg/upstream/
spkg/upstream/atlas/
spkg/upstream/atlas/meta/
spkg/upstream/autotools/
spkg/upstream/autotools/meta/
spkg/upstream/boehm_gc/
spkg/upstream/boost_cropped/
spkg/upstream/boost_cropped/meta/
spkg/upstream/bzip2/
spkg/upstream/cddlib/
spkg/upstream/cephes/
spkg/upstream/cliquer/
spkg/upstream/configure/
spkg/upstream/conway_polynomials/
spkg/upstream/cryptominisat/
spkg/upstream/cvxopt/
spkg/upstream/cvxopt/meta/
spkg/upstream/cython/
spkg/upstream/cython/meta/
spkg/upstream/database_cremona_ellcurve/
spkg/upstream/database_cremona_ellcurve/meta/
spkg/upstream/database_gap/
spkg/upstream/database_gap/meta/
spkg/upstream/database_pari/
spkg/upstream/database_pari/meta/
spkg/upstream/database_stein_watkins/
spkg/upstream/database_stein_watkins/meta/
spkg/upstream/database_stein_watkins_mini/
spkg/upstream/database_stein_watkins_mini/meta/
spkg/upstream/database_symbolic_data/
spkg/upstream/dateutil/
spkg/upstream/docutils/
spkg/upstream/dot2tex/
spkg/upstream/ecl/
spkg/upstream/ecl/meta/
spkg/upstream/eclib/
spkg/upstream/ecm/
spkg/upstream/elliptic_curves/
spkg/upstream/fflas_ffpack/
spkg/upstream/flint/
spkg/upstream/flintqs/
spkg/upstream/freetype/
spkg/upstream/gap/
spkg/upstream/gap/meta/
spkg/upstream/gap_packages/
spkg/upstream/gap_packages/meta/
spkg/upstream/gcc/
spkg/upstream/gcc/meta/
spkg/upstream/gd/
spkg/upstream/gdmodule/
spkg/upstream/genus2reduction/
spkg/upstream/gf2x/
spkg/upstream/gfan/
spkg/upstream/git/
spkg/upstream/git/meta/
spkg/upstream/git_trac/
spkg/upstream/givaro/
io timeout after 120 seconds -- exiting
rsync error: timeout in data send/receive (code 30) at io.c(200) [receiver=3.0.6]
rsync: connection unexpectedly closed (94093 bytes received so far) [generator]
rsync error: error in rsync protocol data stream (code 12) at io.c(600) [generator=3.0.6]
