2014-08-06 03:20:03
rsync://mirrors.hustunique.com/opensuse/
Welcome to HUST Open Source Mirror!

This service is brought to you by
    Unique Studio in Qiming College, HUST

URL:
    http://mirrors.hustunique.com/
    rsync://mirrors.hustunique.com/

Contact:
    it+mirrors@hustunique.com


receiving file list ... done
./
Archive-Update-in-Progress-mirrors.hustunique.com
distribution/
distribution/11.4/
distribution/11.4/iso/
distribution/11.4/repo/
distribution/11.4/repo/non-oss/
distribution/11.4/repo/non-oss/boot/
distribution/11.4/repo/non-oss/docu/
distribution/11.4/repo/non-oss/media.1/
distribution/11.4/repo/non-oss/suse/
distribution/11.4/repo/non-oss/suse/i586/
distribution/11.4/repo/non-oss/suse/noarch/
distribution/11.4/repo/non-oss/suse/setup/
distribution/11.4/repo/non-oss/suse/setup/descr/
distribution/11.4/repo/non-oss/suse/x86_64/
distribution/11.4/repo/oss/
distribution/11.4/repo/oss/boot/
distribution/11.4/repo/oss/boot/i386/
distribution/11.4/repo/oss/boot/i386/loader/
distribution/11.4/repo/oss/boot/x86_64/
distribution/11.4/repo/oss/boot/x86_64/IPAGothic.rpm
distribution/11.4/repo/oss/boot/x86_64/KhmerOS-fonts.rpm
distribution/11.4/repo/oss/boot/x86_64/fonts-arabic.rpm
distribution/11.4/repo/oss/boot/x86_64/fonts-thai.rpm
distribution/11.4/repo/oss/boot/x86_64/indic-fonts.rpm
distribution/11.4/repo/oss/boot/x86_64/lklug.rpm
distribution/11.4/repo/oss/boot/x86_64/mkbootdisk
distribution/11.4/repo/oss/boot/x86_64/ttf-arphic-uming.rpm
distribution/11.4/repo/oss/boot/x86_64/unfonts.rpm
distribution/11.4/repo/oss/boot/x86_64/yast2-trans-af.rpm
distribution/11.4/repo/oss/boot/x86_64/yast2-trans-ar.rpm
distribution/11.4/repo/oss/boot/x86_64/yast2-trans-ast.rpm
distribution/11.4/repo/oss/boot/x86_64/yast2-trans-bg.rpm
distribution/11.4/repo/oss/boot/x86_64/yast2-trans-bn.rpm
distribution/11.4/repo/oss/boot/x86_64/yast2-trans-bs.rpm
distribution/11.4/repo/oss/boot/x86_64/yast2-trans-ca.rpm
distribution/11.4/repo/oss/boot/x86_64/yast2-trans-cs.rpm
distribution/11.4/repo/oss/boot/x86_64/yast2-trans-cy.rpm
distribution/11.4/repo/oss/boot/x86_64/yast2-trans-da.rpm
distribution/11.4/repo/oss/boot/x86_64/yast2-trans-de.rpm
distribution/11.4/repo/oss/boot/x86_64/yast2-trans-el.rpm
distribution/11.4/repo/oss/boot/x86_64/yast2-trans-en_GB.rpm
distribution/11.4/repo/oss/boot/x86_64/yast2-trans-en_US.rpm
distribution/11.4/repo/oss/boot/x86_64/yast2-trans-es.rpm
distribution/11.4/repo/oss/boot/x86_64/yast2-trans-et.rpm
distribution/11.4/repo/oss/boot/x86_64/yast2-trans-fa.rpm
distribution/11.4/repo/oss/boot/x86_64/yast2-trans-fi.rpm
distribution/11.4/repo/oss/boot/x86_64/yast2-trans-fr.rpm
distribution/11.4/repo/oss/boot/x86_64/yast2-trans-gl.rpm
distribution/11.4/repo/oss/boot/x86_64/yast2-trans-gu.rpm
distribution/11.4/repo/oss/boot/x86_64/yast2-trans-hi.rpm
distribution/11.4/repo/oss/boot/x86_64/yast2-trans-hr.rpm
distribution/11.4/repo/oss/boot/x86_64/yast2-trans-hu.rpm
distribution/11.4/repo/oss/boot/x86_64/yast2-trans-id.rpm
distribution/11.4/repo/oss/boot/x86_64/yast2-trans-it.rpm
distribution/11.4/repo/oss/boot/x86_64/yast2-trans-ja.rpm
distribution/11.4/repo/oss/boot/x86_64/yast2-trans-jv.rpm
distribution/11.4/repo/oss/boot/x86_64/yast2-trans-ka.rpm
distribution/11.4/repo/oss/boot/x86_64/yast2-trans-km.rpm
distribution/11.4/repo/oss/boot/x86_64/yast2-trans-kn.rpm
distribution/11.4/repo/oss/boot/x86_64/yast2-trans-ko.rpm
distribution/11.4/repo/oss/boot/x86_64/yast2-trans-ku.rpm
distribution/11.4/repo/oss/boot/x86_64/yast2-trans-lo.rpm
distribution/11.4/repo/oss/boot/x86_64/yast2-trans-lt.rpm
distribution/11.4/repo/oss/boot/x86_64/yast2-trans-mk.rpm
distribution/11.4/repo/oss/boot/x86_64/yast2-trans-mr.rpm
distribution/11.4/repo/oss/boot/x86_64/yast2-trans-nb.rpm
distribution/11.4/repo/oss/boot/x86_64/yast2-trans-nl.rpm
distribution/11.4/repo/oss/boot/x86_64/yast2-trans-pa.rpm
distribution/11.4/repo/oss/boot/x86_64/yast2-trans-pl.rpm
distribution/11.4/repo/oss/boot/x86_64/yast2-trans-pt.rpm
distribution/11.4/repo/oss/boot/x86_64/yast2-trans-pt_BR.rpm
distribution/11.4/repo/oss/boot/x86_64/yast2-trans-ro.rpm
distribution/11.4/repo/oss/boot/x86_64/yast2-trans-ru.rpm
distribution/11.4/repo/oss/boot/x86_64/yast2-trans-si.rpm
distribution/11.4/repo/oss/boot/x86_64/yast2-trans-sk.rpm
distribution/11.4/repo/oss/boot/x86_64/yast2-trans-sl.rpm
distribution/11.4/repo/oss/boot/x86_64/yast2-trans-sr.rpm
distribution/11.4/repo/oss/boot/x86_64/yast2-trans-sv.rpm
distribution/11.4/repo/oss/boot/x86_64/yast2-trans-sw.rpm
distribution/11.4/repo/oss/boot/x86_64/yast2-trans-ta.rpm
distribution/11.4/repo/oss/boot/x86_64/yast2-trans-tg.rpm
distribution/11.4/repo/oss/boot/x86_64/yast2-trans-th.rpm
distribution/11.4/repo/oss/boot/x86_64/yast2-trans-tr.rpm
distribution/11.4/repo/oss/boot/x86_64/yast2-trans-uk.rpm
distribution/11.4/repo/oss/boot/x86_64/yast2-trans-vi.rpm
distribution/11.4/repo/oss/boot/x86_64/yast2-trans-wa.rpm
distribution/11.4/repo/oss/boot/x86_64/yast2-trans-xh.rpm
distribution/11.4/repo/oss/boot/x86_64/yast2-trans-zh_CN.rpm
distribution/11.4/repo/oss/boot/x86_64/yast2-trans-zh_TW.rpm
distribution/11.4/repo/oss/boot/x86_64/yast2-trans-zu.rpm
distribution/11.4/repo/oss/boot/x86_64/loader/
distribution/11.4/repo/oss/boot/x86_64/loader/16x16.fnt
distribution/11.4/repo/oss/boot/x86_64/loader/af.hlp
distribution/11.4/repo/oss/boot/x86_64/loader/ar.hlp
distribution/11.4/repo/oss/boot/x86_64/loader/back.jpg
distribution/11.4/repo/oss/boot/x86_64/loader/ca.hlp
distribution/11.4/repo/oss/boot/x86_64/loader/cs.hlp
distribution/11.4/repo/oss/boot/x86_64/loader/da.hlp
distribution/11.4/repo/oss/boot/x86_64/loader/de.hlp
distribution/11.4/repo/oss/boot/x86_64/loader/el.hlp
distribution/11.4/repo/oss/boot/x86_64/loader/en.hlp
distribution/11.4/repo/oss/boot/x86_64/loader/en.tlk
distribution/11.4/repo/oss/boot/x86_64/loader/es.hlp
distribution/11.4/repo/oss/boot/x86_64/loader/et.hlp
distribution/11.4/repo/oss/boot/x86_64/loader/fi.hlp
distribution/11.4/repo/oss/boot/x86_64/loader/fr.hlp
distribution/11.4/repo/oss/boot/x86_64/loader/gu.hlp
distribution/11.4/repo/oss/boot/x86_64/loader/hr.hlp
distribution/11.4/repo/oss/boot/x86_64/loader/hu.hlp
distribution/11.4/repo/oss/boot/x86_64/loader/it.hlp
distribution/11.4/repo/oss/boot/x86_64/loader/ja.hlp
distribution/11.4/repo/oss/boot/x86_64/loader/ko.hlp
distribution/11.4/repo/oss/boot/x86_64/loader/kroete.dat
distribution/11.4/repo/oss/boot/x86_64/loader/ky.hlp
distribution/11.4/repo/oss/boot/x86_64/loader/lt.hlp
distribution/11.4/repo/oss/boot/x86_64/loader/mr.hlp
distribution/11.4/repo/oss/boot/x86_64/loader/nb.hlp
distribution/11.4/repo/oss/boot/x86_64/loader/nl.hlp
distribution/11.4/repo/oss/boot/x86_64/loader/pa.hlp
distribution/11.4/repo/oss/boot/x86_64/loader/panim.jpg
distribution/11.4/repo/oss/boot/x86_64/loader/panim_a.jpg
distribution/11.4/repo/oss/boot/x86_64/loader/pback.jpg
distribution/11.4/repo/oss/boot/x86_64/loader/pl.hlp
distribution/11.4/repo/oss/boot/x86_64/loader/pt.hlp
distribution/11.4/repo/oss/boot/x86_64/loader/pt_BR.hlp
distribution/11.4/repo/oss/boot/x86_64/loader/ro.hlp
distribution/11.4/repo/oss/boot/x86_64/loader/ru.hlp
distribution/11.4/repo/oss/boot/x86_64/loader/sk.hlp
distribution/11.4/repo/oss/boot/x86_64/loader/sv.hlp
distribution/11.4/repo/oss/boot/x86_64/loader/th.hlp
distribution/11.4/repo/oss/boot/x86_64/loader/uk.hlp
distribution/11.4/repo/oss/boot/x86_64/loader/welcome.jpg
distribution/11.4/repo/oss/boot/x86_64/loader/xh.hlp
distribution/11.4/repo/oss/boot/x86_64/loader/zh_CN.hlp
distribution/11.4/repo/oss/boot/x86_64/loader/zh_TW.hlp
distribution/11.4/repo/oss/docu/
distribution/11.4/repo/oss/dosutils/
distribution/11.4/repo/oss/dosutils/putty/
distribution/11.4/repo/oss/dosutils/putty/htmldoc/
distribution/11.4/repo/oss/dosutils/rawwritewin/
distribution/11.4/repo/oss/dosutils/tightvnc/
distribution/11.4/repo/oss/dosutils/weirdx/
distribution/11.4/repo/oss/dosutils/weirdx/com/
distribution/11.4/repo/oss/dosutils/weirdx/com/jcraft/
distribution/11.4/repo/oss/dosutils/weirdx/com/jcraft/util/
distribution/11.4/repo/oss/dosutils/weirdx/com/jcraft/weirdx/
distribution/11.4/repo/oss/dosutils/weirdx/config/
distribution/11.4/repo/oss/dosutils/weirdx/misc/
distribution/11.4/repo/oss/dosutils/weirdx/misc/META-INF/
distribution/11.4/repo/oss/dosutils/weirdx/misc/config/
distribution/11.4/repo/oss/dosutils/weirdx/misc/keymap/
distribution/11.4/repo/oss/dosutils/weirdx/misc/msockets/
distribution/11.4/repo/oss/dosutils/weirdx/misc/msockets/de/
distribution/11.4/repo/oss/dosutils/weirdx/misc/msockets/de/linuxtest/
distribution/11.4/repo/oss/dosutils/weirdx/misc/msockets/de/linuxtest/msockets/
distribution/11.4/repo/oss/dosutils/weirdx/misc/xjs/
distribution/11.4/repo/oss/media.1/
distribution/11.4/repo/oss/suse/
distribution/11.4/repo/oss/suse/i586/
distribution/11.4/repo/oss/suse/i586/cracklib-dict-full-2.8.12-50.1.i586.rpm
distribution/11.4/repo/oss/suse/i686/
distribution/11.4/repo/oss/suse/noarch/
distribution/11.4/repo/oss/suse/noarch/IPAGothic-003.02-2.1.noarch.rpm
distribution/11.4/repo/oss/suse/noarch/KhmerOS-fonts-5.0-114.1.noarch.rpm
distribution/11.4/repo/oss/suse/noarch/fonts-arabic-0.20091208-7.1.noarch.rpm
distribution/11.4/repo/oss/suse/noarch/fonts-thai-0.4.14-2.3.noarch.rpm
distribution/11.4/repo/oss/suse/noarch/indic-fonts-2009.12.08-7.1.noarch.rpm
distribution/11.4/repo/oss/suse/noarch/lklug-0.3-117.1.noarch.rpm
distribution/11.4/repo/oss/suse/noarch/ttf-arphic-uming-0.1.20060928-96.1.noarch.rpm
distribution/11.4/repo/oss/suse/noarch/unfonts-1.0.20080608-7.1.noarch.rpm
distribution/11.4/repo/oss/suse/noarch/yast2-trans-af-2.19.0-31.34.1.noarch.rpm
distribution/11.4/repo/oss/suse/noarch/yast2-trans-ar-2.19.0-31.34.1.noarch.rpm
distribution/11.4/repo/oss/suse/noarch/yast2-trans-ast-2.19.0-31.34.1.noarch.rpm
distribution/11.4/repo/oss/suse/noarch/yast2-trans-bg-2.19.0-31.34.1.noarch.rpm
distribution/11.4/repo/oss/suse/noarch/yast2-trans-bn-2.19.0-31.34.1.noarch.rpm
distribution/11.4/repo/oss/suse/noarch/yast2-trans-bs-2.19.0-31.34.1.noarch.rpm
distribution/11.4/repo/oss/suse/noarch/yast2-trans-ca-2.19.0-31.34.1.noarch.rpm
distribution/11.4/repo/oss/suse/noarch/yast2-trans-cs-2.19.0-31.34.1.noarch.rpm
distribution/11.4/repo/oss/suse/noarch/yast2-trans-cy-2.19.0-31.34.1.noarch.rpm
distribution/11.4/repo/oss/suse/noarch/yast2-trans-da-2.19.0-31.34.1.noarch.rpm
distribution/11.4/repo/oss/suse/noarch/yast2-trans-de-2.19.0-31.34.1.noarch.rpm
distribution/11.4/repo/oss/suse/noarch/yast2-trans-el-2.19.0-31.34.1.noarch.rpm
distribution/11.4/repo/oss/suse/noarch/yast2-trans-en_GB-2.19.0-31.34.1.noarch.rpm
distribution/11.4/repo/oss/suse/noarch/yast2-trans-en_US-2.19.0-31.34.1.noarch.rpm
distribution/11.4/repo/oss/suse/noarch/yast2-trans-es-2.19.0-31.34.1.noarch.rpm
distribution/11.4/repo/oss/suse/noarch/yast2-trans-et-2.19.0-31.34.1.noarch.rpm
distribution/11.4/repo/oss/suse/noarch/yast2-trans-fa-2.19.0-31.34.1.noarch.rpm
distribution/11.4/repo/oss/suse/noarch/yast2-trans-fi-2.19.0-31.34.1.noarch.rpm
distribution/11.4/repo/oss/suse/noarch/yast2-trans-fr-2.19.0-31.34.1.noarch.rpm
distribution/11.4/repo/oss/suse/noarch/yast2-trans-gl-2.19.0-31.34.1.noarch.rpm
distribution/11.4/repo/oss/suse/noarch/yast2-trans-gu-2.19.0-31.34.1.noarch.rpm
distribution/11.4/repo/oss/suse/noarch/yast2-trans-hi-2.19.0-31.34.1.noarch.rpm
distribution/11.4/repo/oss/suse/noarch/yast2-trans-hr-2.19.0-31.34.1.noarch.rpm
distribution/11.4/repo/oss/suse/noarch/yast2-trans-hu-2.19.0-31.34.1.noarch.rpm
distribution/11.4/repo/oss/suse/noarch/yast2-trans-id-2.19.0-31.34.1.noarch.rpm
distribution/11.4/repo/oss/suse/noarch/yast2-trans-it-2.19.0-31.34.1.noarch.rpm
distribution/11.4/repo/oss/suse/noarch/yast2-trans-ja-2.19.0-31.34.1.noarch.rpm
distribution/11.4/repo/oss/suse/noarch/yast2-trans-jv-2.19.0-31.34.1.noarch.rpm
distribution/11.4/repo/oss/suse/noarch/yast2-trans-ka-2.19.0-31.34.1.noarch.rpm
distribution/11.4/repo/oss/suse/noarch/yast2-trans-km-2.19.0-31.34.1.noarch.rpm
distribution/11.4/repo/oss/suse/noarch/yast2-trans-kn-2.19.0-31.34.1.noarch.rpm
distribution/11.4/repo/oss/suse/noarch/yast2-trans-ko-2.19.0-31.34.1.noarch.rpm
distribution/11.4/repo/oss/suse/noarch/yast2-trans-ku-2.19.0-31.34.1.noarch.rpm
distribution/11.4/repo/oss/suse/noarch/yast2-trans-lo-2.19.0-31.34.1.noarch.rpm
distribution/11.4/repo/oss/suse/noarch/yast2-trans-lt-2.19.0-31.34.1.noarch.rpm
distribution/11.4/repo/oss/suse/noarch/yast2-trans-mk-2.19.0-31.34.1.noarch.rpm
distribution/11.4/repo/oss/suse/noarch/yast2-trans-mr-2.19.0-31.34.1.noarch.rpm
distribution/11.4/repo/oss/suse/noarch/yast2-trans-nb-2.19.0-31.34.1.noarch.rpm
distribution/11.4/repo/oss/suse/noarch/yast2-trans-nl-2.19.0-31.34.1.noarch.rpm
distribution/11.4/repo/oss/suse/noarch/yast2-trans-pa-2.19.0-31.34.1.noarch.rpm
distribution/11.4/repo/oss/suse/noarch/yast2-trans-pl-2.19.0-31.34.1.noarch.rpm
distribution/11.4/repo/oss/suse/noarch/yast2-trans-pt-2.19.0-31.34.1.noarch.rpm
distribution/11.4/repo/oss/suse/noarch/yast2-trans-pt_BR-2.19.0-31.34.1.noarch.rpm
distribution/11.4/repo/oss/suse/noarch/yast2-trans-ro-2.19.0-31.34.1.noarch.rpm
distribution/11.4/repo/oss/suse/noarch/yast2-trans-ru-2.19.0-31.34.1.noarch.rpm
distribution/11.4/repo/oss/suse/noarch/yast2-trans-si-2.19.0-31.34.1.noarch.rpm
distribution/11.4/repo/oss/suse/noarch/yast2-trans-sk-2.19.0-31.34.1.noarch.rpm
distribution/11.4/repo/oss/suse/noarch/yast2-trans-sl-2.19.0-31.34.1.noarch.rpm
distribution/11.4/repo/oss/suse/noarch/yast2-trans-sr-2.19.0-31.34.1.noarch.rpm
distribution/11.4/repo/oss/suse/noarch/yast2-trans-sv-2.19.0-31.34.1.noarch.rpm
distribution/11.4/repo/oss/suse/noarch/yast2-trans-sw-2.19.0-31.34.1.noarch.rpm
distribution/11.4/repo/oss/suse/noarch/yast2-trans-ta-2.19.0-31.34.1.noarch.rpm
distribution/11.4/repo/oss/suse/noarch/yast2-trans-tg-2.19.0-31.34.1.noarch.rpm
distribution/11.4/repo/oss/suse/noarch/yast2-trans-th-2.19.0-31.34.1.noarch.rpm
distribution/11.4/repo/oss/suse/noarch/yast2-trans-tr-2.19.0-31.34.1.noarch.rpm
distribution/11.4/repo/oss/suse/noarch/yast2-trans-uk-2.19.0-31.34.1.noarch.rpm
distribution/11.4/repo/oss/suse/noarch/yast2-trans-vi-2.19.0-31.34.1.noarch.rpm
distribution/11.4/repo/oss/suse/noarch/yast2-trans-wa-2.19.0-31.34.1.noarch.rpm
distribution/11.4/repo/oss/suse/noarch/yast2-trans-xh-2.19.0-31.34.1.noarch.rpm
distribution/11.4/repo/oss/suse/noarch/yast2-trans-zh_CN-2.19.0-31.34.1.noarch.rpm
distribution/11.4/repo/oss/suse/noarch/yast2-trans-zh_TW-2.19.0-31.34.1.noarch.rpm
distribution/11.4/repo/oss/suse/noarch/yast2-trans-zu-2.19.0-31.34.1.noarch.rpm
distribution/11.4/repo/oss/suse/repodata/
distribution/11.4/repo/oss/suse/setup/
distribution/11.4/repo/oss/suse/setup/descr/
distribution/11.4/repo/oss/suse/setup/slide/
distribution/11.4/repo/oss/suse/setup/slide/pic/
distribution/11.4/repo/oss/suse/setup/slide/txt/
distribution/11.4/repo/oss/suse/setup/slide/txt/bg/
distribution/11.4/repo/oss/suse/setup/slide/txt/cs/
distribution/11.4/repo/oss/suse/setup/slide/txt/da/
distribution/11.4/repo/oss/suse/setup/slide/txt/de/
distribution/11.4/repo/oss/suse/setup/slide/txt/en/
distribution/11.4/repo/oss/suse/setup/slide/txt/en_GB/
distribution/11.4/repo/oss/suse/setup/slide/txt/es/
distribution/11.4/repo/oss/suse/setup/slide/txt/fi/
distribution/11.4/repo/oss/suse/setup/slide/txt/fr/
distribution/11.4/repo/oss/suse/setup/slide/txt/gl/
distribution/11.4/repo/oss/suse/setup/slide/txt/hr/
distribution/11.4/repo/oss/suse/setup/slide/txt/hu/
distribution/11.4/repo/oss/suse/setup/slide/txt/it/
distribution/11.4/repo/oss/suse/setup/slide/txt/ja/
distribution/11.4/repo/oss/suse/setup/slide/txt/km/
distribution/11.4/repo/oss/suse/setup/slide/txt/ko/
distribution/11.4/repo/oss/suse/setup/slide/txt/lt/
distribution/11.4/repo/oss/suse/setup/slide/txt/nb/
distribution/11.4/repo/oss/suse/setup/slide/txt/nl/
distribution/11.4/repo/oss/suse/setup/slide/txt/pa/
distribution/11.4/repo/oss/suse/setup/slide/txt/pl/
distribution/11.4/repo/oss/suse/setup/slide/txt/pt/
distribution/11.4/repo/oss/suse/setup/slide/txt/pt_BR/
distribution/11.4/repo/oss/suse/setup/slide/txt/ro/
distribution/11.4/repo/oss/suse/setup/slide/txt/ru/
distribution/11.4/repo/oss/suse/setup/slide/txt/sk/
distribution/11.4/repo/oss/suse/setup/slide/txt/sv/
distribution/11.4/repo/oss/suse/setup/slide/txt/th/
distribution/11.4/repo/oss/suse/setup/slide/txt/uk/
distribution/11.4/repo/oss/suse/setup/slide/txt/wa/
distribution/11.4/repo/oss/suse/setup/slide/txt/zh_CN/
distribution/11.4/repo/oss/suse/setup/slide/txt/zh_TW/
distribution/11.4/repo/oss/suse/x86_64/
distribution/11.4/repo/oss/suse/x86_64/cracklib-dict-full-2.8.12-50.1.x86_64.rpm
distribution/12.1/
distribution/12.1/iso/
distribution/12.1/repo/
distribution/12.1/repo/non-oss/
distribution/12.1/repo/non-oss/GPLv3.txt
distribution/12.1/repo/non-oss/gpg-pubkey-3dbdc284-4be1884d.asc
distribution/12.1/repo/non-oss/boot/
distribution/12.1/repo/non-oss/media.1/
distribution/12.1/repo/non-oss/media.1/products.key
distribution/12.1/repo/non-oss/suse/
distribution/12.1/repo/non-oss/suse/i586/
distribution/12.1/repo/non-oss/suse/noarch/
distribution/12.1/repo/non-oss/suse/setup/
distribution/12.1/repo/non-oss/suse/setup/descr/
distribution/12.1/repo/non-oss/suse/x86_64/
distribution/12.1/repo/oss/
distribution/12.1/repo/oss/GPLv2.txt
distribution/12.1/repo/oss/GPLv3.txt
distribution/12.1/repo/oss/gpg-pubkey-3dbdc284-4be1884d.asc
distribution/12.1/repo/oss/boot/
distribution/12.1/repo/oss/boot/i386/
distribution/12.1/repo/oss/boot/i386/loader/
distribution/12.1/repo/oss/boot/x86_64/
distribution/12.1/repo/oss/boot/x86_64/IPAGothic.rpm
distribution/12.1/repo/oss/boot/x86_64/KhmerOS-fonts.rpm
distribution/12.1/repo/oss/boot/x86_64/fonts-arabic.rpm
distribution/12.1/repo/oss/boot/x86_64/fonts-thai.rpm
distribution/12.1/repo/oss/boot/x86_64/indic-fonts.rpm
distribution/12.1/repo/oss/boot/x86_64/lklug.rpm
distribution/12.1/repo/oss/boot/x86_64/mkbootdisk
distribution/12.1/repo/oss/boot/x86_64/ttf-arphic-uming.rpm
distribution/12.1/repo/oss/boot/x86_64/unfonts.rpm
distribution/12.1/repo/oss/boot/x86_64/yast2-trans-af.rpm
distribution/12.1/repo/oss/boot/x86_64/yast2-trans-ar.rpm
distribution/12.1/repo/oss/boot/x86_64/yast2-trans-ast.rpm
distribution/12.1/repo/oss/boot/x86_64/yast2-trans-bg.rpm
distribution/12.1/repo/oss/boot/x86_64/yast2-trans-bn.rpm
distribution/12.1/repo/oss/boot/x86_64/yast2-trans-bs.rpm
distribution/12.1/repo/oss/boot/x86_64/yast2-trans-ca.rpm
distribution/12.1/repo/oss/boot/x86_64/yast2-trans-cs.rpm
distribution/12.1/repo/oss/boot/x86_64/yast2-trans-cy.rpm
distribution/12.1/repo/oss/boot/x86_64/yast2-trans-da.rpm
distribution/12.1/repo/oss/boot/x86_64/yast2-trans-de.rpm
distribution/12.1/repo/oss/boot/x86_64/yast2-trans-el.rpm
distribution/12.1/repo/oss/boot/x86_64/yast2-trans-en_GB.rpm
distribution/12.1/repo/oss/boot/x86_64/yast2-trans-en_US.rpm
distribution/12.1/repo/oss/boot/x86_64/yast2-trans-es.rpm
distribution/12.1/repo/oss/boot/x86_64/yast2-trans-et.rpm
distribution/12.1/repo/oss/boot/x86_64/yast2-trans-fa.rpm
distribution/12.1/repo/oss/boot/x86_64/yast2-trans-fi.rpm
distribution/12.1/repo/oss/boot/x86_64/yast2-trans-fr.rpm
distribution/12.1/repo/oss/boot/x86_64/yast2-trans-gl.rpm
distribution/12.1/repo/oss/boot/x86_64/yast2-trans-gu.rpm
distribution/12.1/repo/oss/boot/x86_64/yast2-trans-hi.rpm
distribution/12.1/repo/oss/boot/x86_64/yast2-trans-hr.rpm
distribution/12.1/repo/oss/boot/x86_64/yast2-trans-hu.rpm
distribution/12.1/repo/oss/boot/x86_64/yast2-trans-id.rpm
distribution/12.1/repo/oss/boot/x86_64/yast2-trans-it.rpm
distribution/12.1/repo/oss/boot/x86_64/yast2-trans-ja.rpm
distribution/12.1/repo/oss/boot/x86_64/yast2-trans-jv.rpm
distribution/12.1/repo/oss/boot/x86_64/yast2-trans-ka.rpm
distribution/12.1/repo/oss/boot/x86_64/yast2-trans-km.rpm
distribution/12.1/repo/oss/boot/x86_64/yast2-trans-kn.rpm
distribution/12.1/repo/oss/boot/x86_64/yast2-trans-ko.rpm
distribution/12.1/repo/oss/boot/x86_64/yast2-trans-ku.rpm
distribution/12.1/repo/oss/boot/x86_64/yast2-trans-lo.rpm
distribution/12.1/repo/oss/boot/x86_64/yast2-trans-lt.rpm
distribution/12.1/repo/oss/boot/x86_64/yast2-trans-mk.rpm
distribution/12.1/repo/oss/boot/x86_64/yast2-trans-mr.rpm
distribution/12.1/repo/oss/boot/x86_64/yast2-trans-nb.rpm
distribution/12.1/repo/oss/boot/x86_64/yast2-trans-nds.rpm
distribution/12.1/repo/oss/boot/x86_64/yast2-trans-nl.rpm
distribution/12.1/repo/oss/boot/x86_64/yast2-trans-nn.rpm
distribution/12.1/repo/oss/boot/x86_64/yast2-trans-pa.rpm
distribution/12.1/repo/oss/boot/x86_64/yast2-trans-pl.rpm
distribution/12.1/repo/oss/boot/x86_64/yast2-trans-pt.rpm
distribution/12.1/repo/oss/boot/x86_64/yast2-trans-pt_BR.rpm
distribution/12.1/repo/oss/boot/x86_64/yast2-trans-ro.rpm
distribution/12.1/repo/oss/boot/x86_64/yast2-trans-ru.rpm
distribution/12.1/repo/oss/boot/x86_64/yast2-trans-si.rpm
distribution/12.1/repo/oss/boot/x86_64/yast2-trans-sk.rpm
distribution/12.1/repo/oss/boot/x86_64/yast2-trans-sl.rpm
distribution/12.1/repo/oss/boot/x86_64/yast2-trans-sr.rpm
distribution/12.1/repo/oss/boot/x86_64/yast2-trans-sv.rpm
distribution/12.1/repo/oss/boot/x86_64/yast2-trans-sw.rpm
distribution/12.1/repo/oss/boot/x86_64/yast2-trans-ta.rpm
distribution/12.1/repo/oss/boot/x86_64/yast2-trans-tg.rpm
distribution/12.1/repo/oss/boot/x86_64/yast2-trans-th.rpm
distribution/12.1/repo/oss/boot/x86_64/yast2-trans-tr.rpm
distribution/12.1/repo/oss/boot/x86_64/yast2-trans-uk.rpm
distribution/12.1/repo/oss/boot/x86_64/yast2-trans-vi.rpm
distribution/12.1/repo/oss/boot/x86_64/yast2-trans-wa.rpm
distribution/12.1/repo/oss/boot/x86_64/yast2-trans-xh.rpm
distribution/12.1/repo/oss/boot/x86_64/yast2-trans-zh_CN.rpm
distribution/12.1/repo/oss/boot/x86_64/yast2-trans-zh_TW.rpm
distribution/12.1/repo/oss/boot/x86_64/yast2-trans-zu.rpm
distribution/12.1/repo/oss/boot/x86_64/loader/
distribution/12.1/repo/oss/boot/x86_64/loader/16x16.fnt
distribution/12.1/repo/oss/boot/x86_64/loader/af.hlp
distribution/12.1/repo/oss/boot/x86_64/loader/ar.hlp
distribution/12.1/repo/oss/boot/x86_64/loader/back.jpg
distribution/12.1/repo/oss/boot/x86_64/loader/ca.hlp
distribution/12.1/repo/oss/boot/x86_64/loader/cs.hlp
distribution/12.1/repo/oss/boot/x86_64/loader/da.hlp
distribution/12.1/repo/oss/boot/x86_64/loader/de.hlp
distribution/12.1/repo/oss/boot/x86_64/loader/directory.yast
distribution/12.1/repo/oss/boot/x86_64/loader/el.hlp
distribution/12.1/repo/oss/boot/x86_64/loader/en.hlp
distribution/12.1/repo/oss/boot/x86_64/loader/en.tlk
distribution/12.1/repo/oss/boot/x86_64/loader/es.hlp
distribution/12.1/repo/oss/boot/x86_64/loader/et.hlp
distribution/12.1/repo/oss/boot/x86_64/loader/fi.hlp
distribution/12.1/repo/oss/boot/x86_64/loader/fr.hlp
distribution/12.1/repo/oss/boot/x86_64/loader/gu.hlp
distribution/12.1/repo/oss/boot/x86_64/loader/hr.hlp
distribution/12.1/repo/oss/boot/x86_64/loader/hu.hlp
distribution/12.1/repo/oss/boot/x86_64/loader/it.hlp
distribution/12.1/repo/oss/boot/x86_64/loader/ja.hlp
distribution/12.1/repo/oss/boot/x86_64/loader/ko.hlp
distribution/12.1/repo/oss/boot/x86_64/loader/kroete.dat
distribution/12.1/repo/oss/boot/x86_64/loader/ky.hlp
distribution/12.1/repo/oss/boot/x86_64/loader/lt.hlp
distribution/12.1/repo/oss/boot/x86_64/loader/mr.hlp
distribution/12.1/repo/oss/boot/x86_64/loader/nb.hlp
distribution/12.1/repo/oss/boot/x86_64/loader/nl.hlp
distribution/12.1/repo/oss/boot/x86_64/loader/pa.hlp
distribution/12.1/repo/oss/boot/x86_64/loader/panim.jpg
distribution/12.1/repo/oss/boot/x86_64/loader/panim_a.jpg
distribution/12.1/repo/oss/boot/x86_64/loader/pback.jpg
distribution/12.1/repo/oss/boot/x86_64/loader/pl.hlp
distribution/12.1/repo/oss/boot/x86_64/loader/pt.hlp
distribution/12.1/repo/oss/boot/x86_64/loader/pt_BR.hlp
distribution/12.1/repo/oss/boot/x86_64/loader/ro.hlp
distribution/12.1/repo/oss/boot/x86_64/loader/ru.hlp
distribution/12.1/repo/oss/boot/x86_64/loader/sk.hlp
distribution/12.1/repo/oss/boot/x86_64/loader/sv.hlp
distribution/12.1/repo/oss/boot/x86_64/loader/th.hlp
distribution/12.1/repo/oss/boot/x86_64/loader/uk.hlp
distribution/12.1/repo/oss/boot/x86_64/loader/welcome.jpg
distribution/12.1/repo/oss/boot/x86_64/loader/xh.hlp
distribution/12.1/repo/oss/boot/x86_64/loader/zh_CN.hlp
distribution/12.1/repo/oss/boot/x86_64/loader/zh_TW.hlp
distribution/12.1/repo/oss/docu/
distribution/12.1/repo/oss/dosutils/
distribution/12.1/repo/oss/dosutils/putty/
distribution/12.1/repo/oss/dosutils/putty/htmldoc/
distribution/12.1/repo/oss/dosutils/rawwritewin/
distribution/12.1/repo/oss/dosutils/tightvnc/
distribution/12.1/repo/oss/dosutils/weirdx/
distribution/12.1/repo/oss/dosutils/weirdx/com/
distribution/12.1/repo/oss/dosutils/weirdx/com/jcraft/
distribution/12.1/repo/oss/dosutils/weirdx/com/jcraft/util/
distribution/12.1/repo/oss/dosutils/weirdx/com/jcraft/weirdx/
distribution/12.1/repo/oss/dosutils/weirdx/config/
distribution/12.1/repo/oss/dosutils/weirdx/misc/
distribution/12.1/repo/oss/dosutils/weirdx/misc/META-INF/
distribution/12.1/repo/oss/dosutils/weirdx/misc/config/
distribution/12.1/repo/oss/dosutils/weirdx/misc/keymap/
distribution/12.1/repo/oss/dosutils/weirdx/misc/msockets/
distribution/12.1/repo/oss/dosutils/weirdx/misc/msockets/de/
distribution/12.1/repo/oss/dosutils/weirdx/misc/msockets/de/linuxtest/
distribution/12.1/repo/oss/dosutils/weirdx/misc/msockets/de/linuxtest/msockets/
distribution/12.1/repo/oss/dosutils/weirdx/misc/xjs/
distribution/12.1/repo/oss/media.1/
distribution/12.1/repo/oss/media.1/products.key
distribution/12.1/repo/oss/suse/
distribution/12.1/repo/oss/suse/i586/
distribution/12.1/repo/oss/suse/i586/cracklib-dict-full-2.8.12-54.1.1.i586.rpm
distribution/12.1/repo/oss/suse/i686/
distribution/12.1/repo/oss/suse/noarch/
distribution/12.1/repo/oss/suse/noarch/IPAGothic-003.02-6.1.2.noarch.rpm
distribution/12.1/repo/oss/suse/noarch/KhmerOS-fonts-5.0-118.1.1.noarch.rpm
distribution/12.1/repo/oss/suse/noarch/fonts-arabic-0.20091208-11.1.2.noarch.rpm
distribution/12.1/repo/oss/suse/noarch/fonts-thai-0.4.15-4.1.3.noarch.rpm
distribution/12.1/repo/oss/suse/noarch/indic-fonts-2009.12.08-10.1.1.noarch.rpm
distribution/12.1/repo/oss/suse/noarch/lklug-0.3-120.1.1.noarch.rpm
distribution/12.1/repo/oss/suse/noarch/ttf-arphic-uming-0.1.20060928-99.1.2.noarch.rpm
distribution/12.1/repo/oss/suse/noarch/unfonts-1.0.20080608-10.1.2.noarch.rpm
distribution/12.1/repo/oss/suse/noarch/yast2-trans-af-2.21.0-57.54.1.noarch.rpm
distribution/12.1/repo/oss/suse/noarch/yast2-trans-ar-2.21.0-57.54.1.noarch.rpm
distribution/12.1/repo/oss/suse/noarch/yast2-trans-ast-2.21.0-57.54.1.noarch.rpm
distribution/12.1/repo/oss/suse/noarch/yast2-trans-bg-2.21.0-57.54.1.noarch.rpm
distribution/12.1/repo/oss/suse/noarch/yast2-trans-bn-2.21.0-57.54.1.noarch.rpm
distribution/12.1/repo/oss/suse/noarch/yast2-trans-bs-2.21.0-57.54.1.noarch.rpm
distribution/12.1/repo/oss/suse/noarch/yast2-trans-ca-2.21.0-57.54.1.noarch.rpm
distribution/12.1/repo/oss/suse/noarch/yast2-trans-cs-2.21.0-57.54.1.noarch.rpm
distribution/12.1/repo/oss/suse/noarch/yast2-trans-cy-2.21.0-57.54.1.noarch.rpm
distribution/12.1/repo/oss/suse/noarch/yast2-trans-da-2.21.0-57.54.1.noarch.rpm
distribution/12.1/repo/oss/suse/noarch/yast2-trans-de-2.21.0-57.54.1.noarch.rpm
distribution/12.1/repo/oss/suse/noarch/yast2-trans-el-2.21.0-57.54.1.noarch.rpm
distribution/12.1/repo/oss/suse/noarch/yast2-trans-en_GB-2.21.0-57.54.1.noarch.rpm
distribution/12.1/repo/oss/suse/noarch/yast2-trans-en_US-2.21.0-57.54.1.noarch.rpm
distribution/12.1/repo/oss/suse/noarch/yast2-trans-es-2.21.0-57.54.1.noarch.rpm
distribution/12.1/repo/oss/suse/noarch/yast2-trans-et-2.21.0-57.54.1.noarch.rpm
distribution/12.1/repo/oss/suse/noarch/yast2-trans-fa-2.21.0-57.54.1.noarch.rpm
distribution/12.1/repo/oss/suse/noarch/yast2-trans-fi-2.21.0-57.54.1.noarch.rpm
distribution/12.1/repo/oss/suse/noarch/yast2-trans-fr-2.21.0-57.54.1.noarch.rpm
distribution/12.1/repo/oss/suse/noarch/yast2-trans-gl-2.21.0-57.54.1.noarch.rpm
distribution/12.1/repo/oss/suse/noarch/yast2-trans-gu-2.21.0-57.54.1.noarch.rpm
distribution/12.1/repo/oss/suse/noarch/yast2-trans-hi-2.21.0-57.54.1.noarch.rpm
distribution/12.1/repo/oss/suse/noarch/yast2-trans-hr-2.21.0-57.54.1.noarch.rpm
distribution/12.1/repo/oss/suse/noarch/yast2-trans-hu-2.21.0-57.54.1.noarch.rpm
distribution/12.1/repo/oss/suse/noarch/yast2-trans-id-2.21.0-57.54.1.noarch.rpm
distribution/12.1/repo/oss/suse/noarch/yast2-trans-it-2.21.0-57.54.1.noarch.rpm
distribution/12.1/repo/oss/suse/noarch/yast2-trans-ja-2.21.0-57.54.1.noarch.rpm
distribution/12.1/repo/oss/suse/noarch/yast2-trans-jv-2.21.0-57.54.1.noarch.rpm
distribution/12.1/repo/oss/suse/noarch/yast2-trans-ka-2.21.0-57.54.1.noarch.rpm
distribution/12.1/repo/oss/suse/noarch/yast2-trans-km-2.21.0-57.54.1.noarch.rpm
distribution/12.1/repo/oss/suse/noarch/yast2-trans-kn-2.21.0-57.54.1.noarch.rpm
distribution/12.1/repo/oss/suse/noarch/yast2-trans-ko-2.21.0-57.54.1.noarch.rpm
distribution/12.1/repo/oss/suse/noarch/yast2-trans-ku-2.21.0-57.54.1.noarch.rpm
distribution/12.1/repo/oss/suse/noarch/yast2-trans-lo-2.21.0-57.54.1.noarch.rpm
distribution/12.1/repo/oss/suse/noarch/yast2-trans-lt-2.21.0-57.54.1.noarch.rpm
distribution/12.1/repo/oss/suse/noarch/yast2-trans-mk-2.21.0-57.54.1.noarch.rpm
distribution/12.1/repo/oss/suse/noarch/yast2-trans-mr-2.21.0-57.54.1.noarch.rpm
distribution/12.1/repo/oss/suse/noarch/yast2-trans-nb-2.21.0-57.54.1.noarch.rpm
distribution/12.1/repo/oss/suse/noarch/yast2-trans-nds-2.21.0-57.54.1.noarch.rpm
distribution/12.1/repo/oss/suse/noarch/yast2-trans-nl-2.21.0-57.54.1.noarch.rpm
distribution/12.1/repo/oss/suse/noarch/yast2-trans-nn-2.21.0-57.54.1.noarch.rpm
distribution/12.1/repo/oss/suse/noarch/yast2-trans-pa-2.21.0-57.54.1.noarch.rpm
distribution/12.1/repo/oss/suse/noarch/yast2-trans-pl-2.21.0-57.54.1.noarch.rpm
distribution/12.1/repo/oss/suse/noarch/yast2-trans-pt-2.21.0-57.54.1.noarch.rpm
distribution/12.1/repo/oss/suse/noarch/yast2-trans-pt_BR-2.21.0-57.54.1.noarch.rpm
distribution/12.1/repo/oss/suse/noarch/yast2-trans-ro-2.21.0-57.54.1.noarch.rpm
distribution/12.1/repo/oss/suse/noarch/yast2-trans-ru-2.21.0-57.54.1.noarch.rpm
distribution/12.1/repo/oss/suse/noarch/yast2-trans-si-2.21.0-57.54.1.noarch.rpm
distribution/12.1/repo/oss/suse/noarch/yast2-trans-sk-2.21.0-57.54.1.noarch.rpm
distribution/12.1/repo/oss/suse/noarch/yast2-trans-sl-2.21.0-57.54.1.noarch.rpm
distribution/12.1/repo/oss/suse/noarch/yast2-trans-sr-2.21.0-57.54.1.noarch.rpm
distribution/12.1/repo/oss/suse/noarch/yast2-trans-sv-2.21.0-57.54.1.noarch.rpm
distribution/12.1/repo/oss/suse/noarch/yast2-trans-sw-2.21.0-57.54.1.noarch.rpm
distribution/12.1/repo/oss/suse/noarch/yast2-trans-ta-2.21.0-57.54.1.noarch.rpm
distribution/12.1/repo/oss/suse/noarch/yast2-trans-tg-2.21.0-57.54.1.noarch.rpm
distribution/12.1/repo/oss/suse/noarch/yast2-trans-th-2.21.0-57.54.1.noarch.rpm
distribution/12.1/repo/oss/suse/noarch/yast2-trans-tr-2.21.0-57.54.1.noarch.rpm
distribution/12.1/repo/oss/suse/noarch/yast2-trans-uk-2.21.0-57.54.1.noarch.rpm
distribution/12.1/repo/oss/suse/noarch/yast2-trans-vi-2.21.0-57.54.1.noarch.rpm
distribution/12.1/repo/oss/suse/noarch/yast2-trans-wa-2.21.0-57.54.1.noarch.rpm
distribution/12.1/repo/oss/suse/noarch/yast2-trans-xh-2.21.0-57.54.1.noarch.rpm
distribution/12.1/repo/oss/suse/noarch/yast2-trans-zh_CN-2.21.0-57.54.1.noarch.rpm
distribution/12.1/repo/oss/suse/noarch/yast2-trans-zh_TW-2.21.0-57.54.1.noarch.rpm
distribution/12.1/repo/oss/suse/noarch/yast2-trans-zu-2.21.0-57.54.1.noarch.rpm
distribution/12.1/repo/oss/suse/repodata/
distribution/12.1/repo/oss/suse/repodata/repomd.xml.key
distribution/12.1/repo/oss/suse/setup/
distribution/12.1/repo/oss/suse/setup/descr/
distribution/12.1/repo/oss/suse/setup/slide/
distribution/12.1/repo/oss/suse/setup/slide/pic/
distribution/12.1/repo/oss/suse/setup/slide/pic/SHA1SUMS.key
distribution/12.1/repo/oss/suse/setup/slide/txt/
distribution/12.1/repo/oss/suse/setup/slide/txt/bg/
distribution/12.1/repo/oss/suse/setup/slide/txt/bg/SHA1SUMS.key
distribution/12.1/repo/oss/suse/setup/slide/txt/cs/
distribution/12.1/repo/oss/suse/setup/slide/txt/cs/SHA1SUMS.key
distribution/12.1/repo/oss/suse/setup/slide/txt/cs/directory.yast
distribution/12.1/repo/oss/suse/setup/slide/txt/da/
distribution/12.1/repo/oss/suse/setup/slide/txt/da/SHA1SUMS.key
distribution/12.1/repo/oss/suse/setup/slide/txt/da/directory.yast
distribution/12.1/repo/oss/suse/setup/slide/txt/de/
distribution/12.1/repo/oss/suse/setup/slide/txt/de/SHA1SUMS.key
distribution/12.1/repo/oss/suse/setup/slide/txt/de/directory.yast
distribution/12.1/repo/oss/suse/setup/slide/txt/el/
distribution/12.1/repo/oss/suse/setup/slide/txt/el/SHA1SUMS.key
distribution/12.1/repo/oss/suse/setup/slide/txt/el/directory.yast
distribution/12.1/repo/oss/suse/setup/slide/txt/en/
distribution/12.1/repo/oss/suse/setup/slide/txt/en/SHA1SUMS.key
distribution/12.1/repo/oss/suse/setup/slide/txt/en/directory.yast
distribution/12.1/repo/oss/suse/setup/slide/txt/es/
distribution/12.1/repo/oss/suse/setup/slide/txt/es/SHA1SUMS.key
distribution/12.1/repo/oss/suse/setup/slide/txt/es/directory.yast
distribution/12.1/repo/oss/suse/setup/slide/txt/fi/
distribution/12.1/repo/oss/suse/setup/slide/txt/fi/SHA1SUMS.key
distribution/12.1/repo/oss/suse/setup/slide/txt/fi/directory.yast
distribution/12.1/repo/oss/suse/setup/slide/txt/fr/
distribution/12.1/repo/oss/suse/setup/slide/txt/fr/SHA1SUMS.key
distribution/12.1/repo/oss/suse/setup/slide/txt/fr/directory.yast
distribution/12.1/repo/oss/suse/setup/slide/txt/gl/
distribution/12.1/repo/oss/suse/setup/slide/txt/gl/SHA1SUMS.key
distribution/12.1/repo/oss/suse/setup/slide/txt/gl/directory.yast
distribution/12.1/repo/oss/suse/setup/slide/txt/hu/
distribution/12.1/repo/oss/suse/setup/slide/txt/hu/SHA1SUMS.key
distribution/12.1/repo/oss/suse/setup/slide/txt/hu/directory.yast
distribution/12.1/repo/oss/suse/setup/slide/txt/it/
distribution/12.1/repo/oss/suse/setup/slide/txt/it/SHA1SUMS.key
distribution/12.1/repo/oss/suse/setup/slide/txt/it/directory.yast
distribution/12.1/repo/oss/suse/setup/slide/txt/ja/
distribution/12.1/repo/oss/suse/setup/slide/txt/ja/SHA1SUMS.key
distribution/12.1/repo/oss/suse/setup/slide/txt/ja/directory.yast
distribution/12.1/repo/oss/suse/setup/slide/txt/km/
distribution/12.1/repo/oss/suse/setup/slide/txt/km/SHA1SUMS.key
distribution/12.1/repo/oss/suse/setup/slide/txt/km/directory.yast
distribution/12.1/repo/oss/suse/setup/slide/txt/ko/
distribution/12.1/repo/oss/suse/setup/slide/txt/ko/SHA1SUMS.key
distribution/12.1/repo/oss/suse/setup/slide/txt/ko/directory.yast
distribution/12.1/repo/oss/suse/setup/slide/txt/lt/
distribution/12.1/repo/oss/suse/setup/slide/txt/lt/SHA1SUMS.key
distribution/12.1/repo/oss/suse/setup/slide/txt/lt/directory.yast
distribution/12.1/repo/oss/suse/setup/slide/txt/nb/
distribution/12.1/repo/oss/suse/setup/slide/txt/nb/SHA1SUMS.key
distribution/12.1/repo/oss/suse/setup/slide/txt/nb/directory.yast
distribution/12.1/repo/oss/suse/setup/slide/txt/nl/
distribution/12.1/repo/oss/suse/setup/slide/txt/nl/SHA1SUMS.key
distribution/12.1/repo/oss/suse/setup/slide/txt/nl/directory.yast
distribution/12.1/repo/oss/suse/setup/slide/txt/pa/
distribution/12.1/repo/oss/suse/setup/slide/txt/pa/01_welcome.rtf
distribution/12.1/repo/oss/suse/setup/slide/txt/pa/SHA1SUMS.key
distribution/12.1/repo/oss/suse/setup/slide/txt/pa/directory.yast
distribution/12.1/repo/oss/suse/setup/slide/txt/pl/
distribution/12.1/repo/oss/suse/setup/slide/txt/pl/SHA1SUMS.key
distribution/12.1/repo/oss/suse/setup/slide/txt/pl/directory.yast
distribution/12.1/repo/oss/suse/setup/slide/txt/pt/
distribution/12.1/repo/oss/suse/setup/slide/txt/pt/01_welcome.rtf
distribution/12.1/repo/oss/suse/setup/slide/txt/pt/12_novell.rtf
distribution/12.1/repo/oss/suse/setup/slide/txt/pt/SHA1SUMS.key
distribution/12.1/repo/oss/suse/setup/slide/txt/pt/directory.yast
distribution/12.1/repo/oss/suse/setup/slide/txt/pt_BR/
distribution/12.1/repo/oss/suse/setup/slide/txt/pt_BR/SHA1SUMS.key
distribution/12.1/repo/oss/suse/setup/slide/txt/pt_BR/directory.yast
distribution/12.1/repo/oss/suse/setup/slide/txt/ro/
distribution/12.1/repo/oss/suse/setup/slide/txt/ro/01_welcome.rtf
distribution/12.1/repo/oss/suse/setup/slide/txt/ro/SHA1SUMS.key
distribution/12.1/repo/oss/suse/setup/slide/txt/ro/directory.yast
distribution/12.1/repo/oss/suse/setup/slide/txt/ru/
distribution/12.1/repo/oss/suse/setup/slide/txt/ru/SHA1SUMS.key
distribution/12.1/repo/oss/suse/setup/slide/txt/ru/directory.yast
distribution/12.1/repo/oss/suse/setup/slide/txt/sk/
distribution/12.1/repo/oss/suse/setup/slide/txt/sk/01_welcome.rtf
distribution/12.1/repo/oss/suse/setup/slide/txt/sk/SHA1SUMS.key
distribution/12.1/repo/oss/suse/setup/slide/txt/sk/directory.yast
distribution/12.1/repo/oss/suse/setup/slide/txt/sv/
distribution/12.1/repo/oss/suse/setup/slide/txt/sv/01_welcome.rtf
distribution/12.1/repo/oss/suse/setup/slide/txt/sv/12_novell.rtf
distribution/12.1/repo/oss/suse/setup/slide/txt/sv/SHA1SUMS.key
distribution/12.1/repo/oss/suse/setup/slide/txt/sv/directory.yast
distribution/12.1/repo/oss/suse/setup/slide/txt/th/
distribution/12.1/repo/oss/suse/setup/slide/txt/th/01_welcome.rtf
distribution/12.1/repo/oss/suse/setup/slide/txt/th/12_novell.rtf
distribution/12.1/repo/oss/suse/setup/slide/txt/th/SHA1SUMS.key
distribution/12.1/repo/oss/suse/setup/slide/txt/th/directory.yast
distribution/12.1/repo/oss/suse/setup/slide/txt/uk/
distribution/12.1/repo/oss/suse/setup/slide/txt/uk/01_welcome.rtf
distribution/12.1/repo/oss/suse/setup/slide/txt/uk/12_novell.rtf
distribution/12.1/repo/oss/suse/setup/slide/txt/uk/SHA1SUMS.key
distribution/12.1/repo/oss/suse/setup/slide/txt/wa/
distribution/12.1/repo/oss/suse/setup/slide/txt/wa/01_welcome.rtf
distribution/12.1/repo/oss/suse/setup/slide/txt/wa/12_novell.rtf
distribution/12.1/repo/oss/suse/setup/slide/txt/wa/SHA1SUMS.key
distribution/12.1/repo/oss/suse/setup/slide/txt/wa/directory.yast
distribution/12.1/repo/oss/suse/setup/slide/txt/zh_CN/
distribution/12.1/repo/oss/suse/setup/slide/txt/zh_CN/01_welcome.rtf
distribution/12.1/repo/oss/suse/setup/slide/txt/zh_CN/12_novell.rtf
distribution/12.1/repo/oss/suse/setup/slide/txt/zh_CN/SHA1SUMS.key
distribution/12.1/repo/oss/suse/setup/slide/txt/zh_CN/directory.yast
distribution/12.1/repo/oss/suse/setup/slide/txt/zh_TW/
distribution/12.1/repo/oss/suse/setup/slide/txt/zh_TW/SHA1SUMS.key
distribution/12.1/repo/oss/suse/setup/slide/txt/zh_TW/directory.yast
distribution/12.1/repo/oss/suse/x86_64/
distribution/12.1/repo/oss/suse/x86_64/cracklib-dict-full-2.8.12-54.1.1.x86_64.rpm
distribution/12.2/
distribution/12.2/delta/
distribution/12.2/iso/
distribution/12.2/repo/
distribution/12.2/repo/non-oss/
distribution/12.2/repo/non-oss/boot/
distribution/12.2/repo/non-oss/media.1/
distribution/12.2/repo/non-oss/suse/
distribution/12.2/repo/non-oss/suse/i586/
distribution/12.2/repo/non-oss/suse/noarch/
distribution/12.2/repo/non-oss/suse/repodata/
distribution/12.2/repo/non-oss/suse/setup/
distribution/12.2/repo/non-oss/suse/setup/descr/
distribution/12.2/repo/non-oss/suse/x86_64/
distribution/12.2/repo/oss/
distribution/12.2/repo/oss/boot/
distribution/12.2/repo/oss/boot/i386/
distribution/12.2/repo/oss/boot/i386/loader/
distribution/12.2/repo/oss/boot/x86_64/
distribution/12.2/repo/oss/boot/x86_64/arabic-fonts.rpm
distribution/12.2/repo/oss/boot/x86_64/arphic-uming-fonts.rpm
distribution/12.2/repo/oss/boot/x86_64/indic-fonts.rpm
distribution/12.2/repo/oss/boot/x86_64/ipa-gothic-fonts.rpm
distribution/12.2/repo/oss/boot/x86_64/khmeros-fonts.rpm
distribution/12.2/repo/oss/boot/x86_64/lklug-fonts.rpm
distribution/12.2/repo/oss/boot/x86_64/thai-fonts.rpm
distribution/12.2/repo/oss/boot/x86_64/un-fonts.rpm
distribution/12.2/repo/oss/boot/x86_64/yast2-trans-af.rpm
distribution/12.2/repo/oss/boot/x86_64/yast2-trans-ar.rpm
distribution/12.2/repo/oss/boot/x86_64/yast2-trans-ast.rpm
distribution/12.2/repo/oss/boot/x86_64/yast2-trans-bg.rpm
distribution/12.2/repo/oss/boot/x86_64/yast2-trans-bn.rpm
distribution/12.2/repo/oss/boot/x86_64/yast2-trans-bs.rpm
distribution/12.2/repo/oss/boot/x86_64/yast2-trans-ca.rpm
distribution/12.2/repo/oss/boot/x86_64/yast2-trans-cs.rpm
distribution/12.2/repo/oss/boot/x86_64/yast2-trans-cy.rpm
distribution/12.2/repo/oss/boot/x86_64/yast2-trans-da.rpm
distribution/12.2/repo/oss/boot/x86_64/yast2-trans-de.rpm
distribution/12.2/repo/oss/boot/x86_64/yast2-trans-el.rpm
distribution/12.2/repo/oss/boot/x86_64/yast2-trans-en_GB.rpm
distribution/12.2/repo/oss/boot/x86_64/yast2-trans-en_US.rpm
distribution/12.2/repo/oss/boot/x86_64/yast2-trans-es.rpm
distribution/12.2/repo/oss/boot/x86_64/yast2-trans-et.rpm
distribution/12.2/repo/oss/boot/x86_64/yast2-trans-fa.rpm
distribution/12.2/repo/oss/boot/x86_64/yast2-trans-fi.rpm
distribution/12.2/repo/oss/boot/x86_64/yast2-trans-fr.rpm
distribution/12.2/repo/oss/boot/x86_64/yast2-trans-gl.rpm
distribution/12.2/repo/oss/boot/x86_64/yast2-trans-gu.rpm
distribution/12.2/repo/oss/boot/x86_64/yast2-trans-hi.rpm
distribution/12.2/repo/oss/boot/x86_64/yast2-trans-hr.rpm
distribution/12.2/repo/oss/boot/x86_64/yast2-trans-hu.rpm
distribution/12.2/repo/oss/boot/x86_64/yast2-trans-id.rpm
distribution/12.2/repo/oss/boot/x86_64/yast2-trans-it.rpm
distribution/12.2/repo/oss/boot/x86_64/yast2-trans-ja.rpm
distribution/12.2/repo/oss/boot/x86_64/yast2-trans-jv.rpm
distribution/12.2/repo/oss/boot/x86_64/yast2-trans-ka.rpm
distribution/12.2/repo/oss/boot/x86_64/yast2-trans-km.rpm
distribution/12.2/repo/oss/boot/x86_64/yast2-trans-kn.rpm
distribution/12.2/repo/oss/boot/x86_64/yast2-trans-ko.rpm
distribution/12.2/repo/oss/boot/x86_64/yast2-trans-ku.rpm
distribution/12.2/repo/oss/boot/x86_64/yast2-trans-lo.rpm
distribution/12.2/repo/oss/boot/x86_64/yast2-trans-lt.rpm
distribution/12.2/repo/oss/boot/x86_64/yast2-trans-mk.rpm
distribution/12.2/repo/oss/boot/x86_64/yast2-trans-mr.rpm
distribution/12.2/repo/oss/boot/x86_64/yast2-trans-nb.rpm
distribution/12.2/repo/oss/boot/x86_64/yast2-trans-nds.rpm
distribution/12.2/repo/oss/boot/x86_64/yast2-trans-nl.rpm
distribution/12.2/repo/oss/boot/x86_64/yast2-trans-nn.rpm
distribution/12.2/repo/oss/boot/x86_64/yast2-trans-pa.rpm
distribution/12.2/repo/oss/boot/x86_64/yast2-trans-pl.rpm
distribution/12.2/repo/oss/boot/x86_64/yast2-trans-pt.rpm
distribution/12.2/repo/oss/boot/x86_64/yast2-trans-pt_BR.rpm
distribution/12.2/repo/oss/boot/x86_64/yast2-trans-ro.rpm
distribution/12.2/repo/oss/boot/x86_64/yast2-trans-ru.rpm
distribution/12.2/repo/oss/boot/x86_64/yast2-trans-si.rpm
distribution/12.2/repo/oss/boot/x86_64/yast2-trans-sk.rpm
distribution/12.2/repo/oss/boot/x86_64/yast2-trans-sl.rpm
distribution/12.2/repo/oss/boot/x86_64/yast2-trans-sr.rpm
distribution/12.2/repo/oss/boot/x86_64/yast2-trans-sv.rpm
distribution/12.2/repo/oss/boot/x86_64/yast2-trans-sw.rpm
distribution/12.2/repo/oss/boot/x86_64/yast2-trans-ta.rpm
distribution/12.2/repo/oss/boot/x86_64/yast2-trans-tg.rpm
distribution/12.2/repo/oss/boot/x86_64/yast2-trans-th.rpm
distribution/12.2/repo/oss/boot/x86_64/yast2-trans-tr.rpm
distribution/12.2/repo/oss/boot/x86_64/yast2-trans-uk.rpm
distribution/12.2/repo/oss/boot/x86_64/yast2-trans-vi.rpm
distribution/12.2/repo/oss/boot/x86_64/yast2-trans-wa.rpm
distribution/12.2/repo/oss/boot/x86_64/yast2-trans-xh.rpm
distribution/12.2/repo/oss/boot/x86_64/yast2-trans-zh_CN.rpm
distribution/12.2/repo/oss/boot/x86_64/yast2-trans-zh_TW.rpm
distribution/12.2/repo/oss/boot/x86_64/yast2-trans-zu.rpm
distribution/12.2/repo/oss/boot/x86_64/loader/
distribution/12.2/repo/oss/boot/x86_64/loader/directory.yast
distribution/12.2/repo/oss/docu/
distribution/12.2/repo/oss/docu/RELEASE-NOTES.en.rtf
distribution/12.2/repo/oss/dosutils/
distribution/12.2/repo/oss/dosutils/putty/
distribution/12.2/repo/oss/dosutils/putty/htmldoc/
distribution/12.2/repo/oss/dosutils/rawwritewin/
distribution/12.2/repo/oss/dosutils/tightvnc/
distribution/12.2/repo/oss/dosutils/weirdx/
distribution/12.2/repo/oss/dosutils/weirdx/com/
distribution/12.2/repo/oss/dosutils/weirdx/com/jcraft/
distribution/12.2/repo/oss/dosutils/weirdx/com/jcraft/util/
distribution/12.2/repo/oss/dosutils/weirdx/com/jcraft/weirdx/
distribution/12.2/repo/oss/dosutils/weirdx/config/
distribution/12.2/repo/oss/dosutils/weirdx/misc/
distribution/12.2/repo/oss/dosutils/weirdx/misc/META-INF/
distribution/12.2/repo/oss/dosutils/weirdx/misc/config/
distribution/12.2/repo/oss/dosutils/weirdx/misc/keymap/
distribution/12.2/repo/oss/dosutils/weirdx/misc/msockets/
distribution/12.2/repo/oss/dosutils/weirdx/misc/msockets/de/
distribution/12.2/repo/oss/dosutils/weirdx/misc/msockets/de/linuxtest/
distribution/12.2/repo/oss/dosutils/weirdx/misc/msockets/de/linuxtest/msockets/
distribution/12.2/repo/oss/dosutils/weirdx/misc/xjs/
distribution/12.2/repo/oss/media.1/
distribution/12.2/repo/oss/suse/
distribution/12.2/repo/oss/suse/i586/
distribution/12.2/repo/oss/suse/i586/cracklib-dict-full-2.8.12-57.2.1.i586.rpm
distribution/12.2/repo/oss/suse/i686/
distribution/12.2/repo/oss/suse/noarch/
distribution/12.2/repo/oss/suse/noarch/arabic-fonts-0.20091208-4.1.2.noarch.rpm
distribution/12.2/repo/oss/suse/noarch/arphic-uming-fonts-0.2.20080216.1-91.1.1.noarch.rpm
distribution/12.2/repo/oss/suse/noarch/indic-fonts-2009.12.08-13.1.1.noarch.rpm
distribution/12.2/repo/oss/suse/noarch/ipa-gothic-fonts-003.02-5.1.1.noarch.rpm
distribution/12.2/repo/oss/suse/noarch/khmeros-fonts-5.0-109.1.1.noarch.rpm
distribution/12.2/repo/oss/suse/noarch/lklug-fonts-0.6-112.1.1.noarch.rpm
distribution/12.2/repo/oss/suse/noarch/thai-fonts-0.4.17-3.1.2.noarch.rpm
distribution/12.2/repo/oss/suse/noarch/un-fonts-1.0.20080608-3.1.1.noarch.rpm
distribution/12.2/repo/oss/suse/noarch/yast2-trans-af-2.22.0-8.7.1.noarch.rpm
distribution/12.2/repo/oss/suse/noarch/yast2-trans-ar-2.22.0-8.7.1.noarch.rpm
distribution/12.2/repo/oss/suse/noarch/yast2-trans-ast-2.22.0-8.7.1.noarch.rpm
distribution/12.2/repo/oss/suse/noarch/yast2-trans-bg-2.22.0-8.7.1.noarch.rpm
distribution/12.2/repo/oss/suse/noarch/yast2-trans-bn-2.22.0-8.7.1.noarch.rpm
distribution/12.2/repo/oss/suse/noarch/yast2-trans-bs-2.22.0-8.7.1.noarch.rpm
distribution/12.2/repo/oss/suse/noarch/yast2-trans-ca-2.22.0-8.7.1.noarch.rpm
distribution/12.2/repo/oss/suse/noarch/yast2-trans-cs-2.22.0-8.7.1.noarch.rpm
distribution/12.2/repo/oss/suse/noarch/yast2-trans-cy-2.22.0-8.7.1.noarch.rpm
distribution/12.2/repo/oss/suse/noarch/yast2-trans-da-2.22.0-8.7.1.noarch.rpm
distribution/12.2/repo/oss/suse/noarch/yast2-trans-de-2.22.0-8.7.1.noarch.rpm
distribution/12.2/repo/oss/suse/noarch/yast2-trans-el-2.22.0-8.7.1.noarch.rpm
distribution/12.2/repo/oss/suse/noarch/yast2-trans-en_GB-2.22.0-8.7.1.noarch.rpm
distribution/12.2/repo/oss/suse/noarch/yast2-trans-en_US-2.22.0-8.7.1.noarch.rpm
distribution/12.2/repo/oss/suse/noarch/yast2-trans-es-2.22.0-8.7.1.noarch.rpm
distribution/12.2/repo/oss/suse/noarch/yast2-trans-et-2.22.0-8.7.1.noarch.rpm
distribution/12.2/repo/oss/suse/noarch/yast2-trans-fa-2.22.0-8.7.1.noarch.rpm
distribution/12.2/repo/oss/suse/noarch/yast2-trans-fi-2.22.0-8.7.1.noarch.rpm
distribution/12.2/repo/oss/suse/noarch/yast2-trans-fr-2.22.0-8.7.1.noarch.rpm
distribution/12.2/repo/oss/suse/noarch/yast2-trans-gl-2.22.0-8.7.1.noarch.rpm
distribution/12.2/repo/oss/suse/noarch/yast2-trans-gu-2.22.0-8.7.1.noarch.rpm
distribution/12.2/repo/oss/suse/noarch/yast2-trans-hi-2.22.0-8.7.1.noarch.rpm
distribution/12.2/repo/oss/suse/noarch/yast2-trans-hr-2.22.0-8.7.1.noarch.rpm
distribution/12.2/repo/oss/suse/noarch/yast2-trans-hu-2.22.0-8.7.1.noarch.rpm
distribution/12.2/repo/oss/suse/noarch/yast2-trans-id-2.22.0-8.7.1.noarch.rpm
distribution/12.2/repo/oss/suse/noarch/yast2-trans-it-2.22.0-8.7.1.noarch.rpm
distribution/12.2/repo/oss/suse/noarch/yast2-trans-ja-2.22.0-8.7.1.noarch.rpm
distribution/12.2/repo/oss/suse/noarch/yast2-trans-jv-2.22.0-8.7.1.noarch.rpm
distribution/12.2/repo/oss/suse/noarch/yast2-trans-ka-2.22.0-8.7.1.noarch.rpm
distribution/12.2/repo/oss/suse/noarch/yast2-trans-km-2.22.0-8.7.1.noarch.rpm
distribution/12.2/repo/oss/suse/noarch/yast2-trans-kn-2.22.0-8.7.1.noarch.rpm
distribution/12.2/repo/oss/suse/noarch/yast2-trans-ko-2.22.0-8.7.1.noarch.rpm
distribution/12.2/repo/oss/suse/noarch/yast2-trans-ku-2.22.0-8.7.1.noarch.rpm
distribution/12.2/repo/oss/suse/noarch/yast2-trans-lo-2.22.0-8.7.1.noarch.rpm
distribution/12.2/repo/oss/suse/noarch/yast2-trans-lt-2.22.0-8.7.1.noarch.rpm
distribution/12.2/repo/oss/suse/noarch/yast2-trans-mk-2.22.0-8.7.1.noarch.rpm
distribution/12.2/repo/oss/suse/noarch/yast2-trans-mr-2.22.0-8.7.1.noarch.rpm
distribution/12.2/repo/oss/suse/noarch/yast2-trans-nb-2.22.0-8.7.1.noarch.rpm
distribution/12.2/repo/oss/suse/noarch/yast2-trans-nds-2.22.0-8.7.1.noarch.rpm
distribution/12.2/repo/oss/suse/noarch/yast2-trans-nl-2.22.0-8.7.1.noarch.rpm
distribution/12.2/repo/oss/suse/noarch/yast2-trans-nn-2.22.0-8.7.1.noarch.rpm
distribution/12.2/repo/oss/suse/noarch/yast2-trans-pa-2.22.0-8.7.1.noarch.rpm
distribution/12.2/repo/oss/suse/noarch/yast2-trans-pl-2.22.0-8.7.1.noarch.rpm
distribution/12.2/repo/oss/suse/noarch/yast2-trans-pt-2.22.0-8.7.1.noarch.rpm
distribution/12.2/repo/oss/suse/noarch/yast2-trans-pt_BR-2.22.0-8.7.1.noarch.rpm
distribution/12.2/repo/oss/suse/noarch/yast2-trans-ro-2.22.0-8.7.1.noarch.rpm
distribution/12.2/repo/oss/suse/noarch/yast2-trans-ru-2.22.0-8.7.1.noarch.rpm
distribution/12.2/repo/oss/suse/noarch/yast2-trans-si-2.22.0-8.7.1.noarch.rpm
distribution/12.2/repo/oss/suse/noarch/yast2-trans-sk-2.22.0-8.7.1.noarch.rpm
distribution/12.2/repo/oss/suse/noarch/yast2-trans-sl-2.22.0-8.7.1.noarch.rpm
distribution/12.2/repo/oss/suse/noarch/yast2-trans-sr-2.22.0-8.7.1.noarch.rpm
distribution/12.2/repo/oss/suse/noarch/yast2-trans-sv-2.22.0-8.7.1.noarch.rpm
distribution/12.2/repo/oss/suse/noarch/yast2-trans-sw-2.22.0-8.7.1.noarch.rpm
distribution/12.2/repo/oss/suse/noarch/yast2-trans-ta-2.22.0-8.7.1.noarch.rpm
distribution/12.2/repo/oss/suse/noarch/yast2-trans-tg-2.22.0-8.7.1.noarch.rpm
distribution/12.2/repo/oss/suse/noarch/yast2-trans-th-2.22.0-8.7.1.noarch.rpm
distribution/12.2/repo/oss/suse/noarch/yast2-trans-tr-2.22.0-8.7.1.noarch.rpm
distribution/12.2/repo/oss/suse/noarch/yast2-trans-uk-2.22.0-8.7.1.noarch.rpm
distribution/12.2/repo/oss/suse/noarch/yast2-trans-vi-2.22.0-8.7.1.noarch.rpm
distribution/12.2/repo/oss/suse/noarch/yast2-trans-wa-2.22.0-8.7.1.noarch.rpm
distribution/12.2/repo/oss/suse/noarch/yast2-trans-xh-2.22.0-8.7.1.noarch.rpm
distribution/12.2/repo/oss/suse/noarch/yast2-trans-zh_CN-2.22.0-8.7.1.noarch.rpm
distribution/12.2/repo/oss/suse/noarch/yast2-trans-zh_TW-2.22.0-8.7.1.noarch.rpm
distribution/12.2/repo/oss/suse/noarch/yast2-trans-zu-2.22.0-8.7.1.noarch.rpm
distribution/12.2/repo/oss/suse/repodata/
distribution/12.2/repo/oss/suse/setup/
distribution/12.2/repo/oss/suse/setup/descr/
distribution/12.2/repo/oss/suse/setup/slide/
distribution/12.2/repo/oss/suse/setup/slide/pic/
distribution/12.2/repo/oss/suse/setup/slide/txt/
distribution/12.2/repo/oss/suse/setup/slide/txt/ar/
distribution/12.2/repo/oss/suse/setup/slide/txt/bg/
distribution/12.2/repo/oss/suse/setup/slide/txt/bg/01_welcome.rtf
distribution/12.2/repo/oss/suse/setup/slide/txt/cs/
distribution/12.2/repo/oss/suse/setup/slide/txt/da/
distribution/12.2/repo/oss/suse/setup/slide/txt/de/
distribution/12.2/repo/oss/suse/setup/slide/txt/el/
distribution/12.2/repo/oss/suse/setup/slide/txt/en/
distribution/12.2/repo/oss/suse/setup/slide/txt/es/
distribution/12.2/repo/oss/suse/setup/slide/txt/fi/
distribution/12.2/repo/oss/suse/setup/slide/txt/fr/
distribution/12.2/repo/oss/suse/setup/slide/txt/gl/
distribution/12.2/repo/oss/suse/setup/slide/txt/hu/
distribution/12.2/repo/oss/suse/setup/slide/txt/it/
distribution/12.2/repo/oss/suse/setup/slide/txt/ja/
distribution/12.2/repo/oss/suse/setup/slide/txt/km/
distribution/12.2/repo/oss/suse/setup/slide/txt/km/01_welcome.rtf
distribution/12.2/repo/oss/suse/setup/slide/txt/ko/
distribution/12.2/repo/oss/suse/setup/slide/txt/ko/01_welcome.rtf
distribution/12.2/repo/oss/suse/setup/slide/txt/lt/
distribution/12.2/repo/oss/suse/setup/slide/txt/nb/
distribution/12.2/repo/oss/suse/setup/slide/txt/nl/
distribution/12.2/repo/oss/suse/setup/slide/txt/pa/
distribution/12.2/repo/oss/suse/setup/slide/txt/pa/01_welcome.rtf
distribution/12.2/repo/oss/suse/setup/slide/txt/pa/12_suse.rtf
distribution/12.2/repo/oss/suse/setup/slide/txt/pl/
distribution/12.2/repo/oss/suse/setup/slide/txt/pl/01_welcome.rtf
distribution/12.2/repo/oss/suse/setup/slide/txt/pt/
distribution/12.2/repo/oss/suse/setup/slide/txt/pt/01_welcome.rtf
distribution/12.2/repo/oss/suse/setup/slide/txt/pt_BR/
distribution/12.2/repo/oss/suse/setup/slide/txt/ro/
distribution/12.2/repo/oss/suse/setup/slide/txt/ro/01_welcome.rtf
distribution/12.2/repo/oss/suse/setup/slide/txt/ru/
distribution/12.2/repo/oss/suse/setup/slide/txt/sk/
distribution/12.2/repo/oss/suse/setup/slide/txt/sk/01_welcome.rtf
distribution/12.2/repo/oss/suse/setup/slide/txt/sv/
distribution/12.2/repo/oss/suse/setup/slide/txt/sv/01_welcome.rtf
distribution/12.2/repo/oss/suse/setup/slide/txt/sv/12_suse.rtf
distribution/12.2/repo/oss/suse/setup/slide/txt/th/
distribution/12.2/repo/oss/suse/setup/slide/txt/th/01_welcome.rtf
distribution/12.2/repo/oss/suse/setup/slide/txt/th/12_suse.rtf
distribution/12.2/repo/oss/suse/setup/slide/txt/uk/
distribution/12.2/repo/oss/suse/setup/slide/txt/uk/01_welcome.rtf
distribution/12.2/repo/oss/suse/setup/slide/txt/uk/12_suse.rtf
distribution/12.2/repo/oss/suse/setup/slide/txt/wa/
distribution/12.2/repo/oss/suse/setup/slide/txt/wa/01_welcome.rtf
distribution/12.2/repo/oss/suse/setup/slide/txt/zh_CN/
distribution/12.2/repo/oss/suse/setup/slide/txt/zh_TW/
distribution/12.2/repo/oss/suse/x86_64/
distribution/12.2/repo/oss/suse/x86_64/cracklib-dict-full-2.8.12-57.2.1.x86_64.rpm
distribution/12.3/
distribution/12.3/delta/
distribution/12.3/iso/
distribution/12.3/repo/
distribution/12.3/repo/non-oss/
distribution/12.3/repo/non-oss/boot/
distribution/12.3/repo/non-oss/media.1/
distribution/12.3/repo/non-oss/media.1/products.key
distribution/12.3/repo/non-oss/suse/
distribution/12.3/repo/non-oss/suse/i586/
distribution/12.3/repo/non-oss/suse/noarch/
distribution/12.3/repo/non-oss/suse/repodata/
distribution/12.3/repo/non-oss/suse/repodata/repomd.xml.key
distribution/12.3/repo/non-oss/suse/setup/
distribution/12.3/repo/non-oss/suse/setup/descr/
distribution/12.3/repo/non-oss/suse/x86_64/
distribution/12.3/repo/oss/
distribution/12.3/repo/oss/EFI/
distribution/12.3/repo/oss/EFI/BOOT/
distribution/12.3/repo/oss/EFI/BOOT/locale/
distribution/12.3/repo/oss/boot/
distribution/12.3/repo/oss/boot/i386/
distribution/12.3/repo/oss/boot/i386/loader/
distribution/12.3/repo/oss/boot/x86_64/
distribution/12.3/repo/oss/boot/x86_64/arabic-fonts.rpm
distribution/12.3/repo/oss/boot/x86_64/arphic-uming-fonts.rpm
distribution/12.3/repo/oss/boot/x86_64/indic-fonts.rpm
distribution/12.3/repo/oss/boot/x86_64/ipa-gothic-fonts.rpm
distribution/12.3/repo/oss/boot/x86_64/khmeros-fonts.rpm
distribution/12.3/repo/oss/boot/x86_64/lklug-fonts.rpm
distribution/12.3/repo/oss/boot/x86_64/thai-fonts.rpm
distribution/12.3/repo/oss/boot/x86_64/un-fonts.rpm
distribution/12.3/repo/oss/boot/x86_64/yast2-trans-af.rpm
distribution/12.3/repo/oss/boot/x86_64/yast2-trans-ar.rpm
distribution/12.3/repo/oss/boot/x86_64/yast2-trans-ast.rpm
distribution/12.3/repo/oss/boot/x86_64/yast2-trans-bg.rpm
distribution/12.3/repo/oss/boot/x86_64/yast2-trans-bn.rpm
distribution/12.3/repo/oss/boot/x86_64/yast2-trans-bs.rpm
distribution/12.3/repo/oss/boot/x86_64/yast2-trans-ca.rpm
distribution/12.3/repo/oss/boot/x86_64/yast2-trans-cs.rpm
distribution/12.3/repo/oss/boot/x86_64/yast2-trans-cy.rpm
distribution/12.3/repo/oss/boot/x86_64/yast2-trans-da.rpm
distribution/12.3/repo/oss/boot/x86_64/yast2-trans-de.rpm
distribution/12.3/repo/oss/boot/x86_64/yast2-trans-el.rpm
distribution/12.3/repo/oss/boot/x86_64/yast2-trans-en_GB.rpm
distribution/12.3/repo/oss/boot/x86_64/yast2-trans-en_US.rpm
distribution/12.3/repo/oss/boot/x86_64/yast2-trans-es.rpm
distribution/12.3/repo/oss/boot/x86_64/yast2-trans-et.rpm
distribution/12.3/repo/oss/boot/x86_64/yast2-trans-fa.rpm
distribution/12.3/repo/oss/boot/x86_64/yast2-trans-fi.rpm
distribution/12.3/repo/oss/boot/x86_64/yast2-trans-fr.rpm
distribution/12.3/repo/oss/boot/x86_64/yast2-trans-gl.rpm
distribution/12.3/repo/oss/boot/x86_64/yast2-trans-gu.rpm
distribution/12.3/repo/oss/boot/x86_64/yast2-trans-hi.rpm
distribution/12.3/repo/oss/boot/x86_64/yast2-trans-hr.rpm
distribution/12.3/repo/oss/boot/x86_64/yast2-trans-hu.rpm
distribution/12.3/repo/oss/boot/x86_64/yast2-trans-id.rpm
distribution/12.3/repo/oss/boot/x86_64/yast2-trans-it.rpm
distribution/12.3/repo/oss/boot/x86_64/yast2-trans-ja.rpm
distribution/12.3/repo/oss/boot/x86_64/yast2-trans-jv.rpm
distribution/12.3/repo/oss/boot/x86_64/yast2-trans-ka.rpm
distribution/12.3/repo/oss/boot/x86_64/yast2-trans-km.rpm
distribution/12.3/repo/oss/boot/x86_64/yast2-trans-kn.rpm
distribution/12.3/repo/oss/boot/x86_64/yast2-trans-ko.rpm
distribution/12.3/repo/oss/boot/x86_64/yast2-trans-ku.rpm
distribution/12.3/repo/oss/boot/x86_64/yast2-trans-lo.rpm
distribution/12.3/repo/oss/boot/x86_64/yast2-trans-lt.rpm
distribution/12.3/repo/oss/boot/x86_64/yast2-trans-mk.rpm
distribution/12.3/repo/oss/boot/x86_64/yast2-trans-mr.rpm
distribution/12.3/repo/oss/boot/x86_64/yast2-trans-nb.rpm
distribution/12.3/repo/oss/boot/x86_64/yast2-trans-nds.rpm
distribution/12.3/repo/oss/boot/x86_64/yast2-trans-nl.rpm
distribution/12.3/repo/oss/boot/x86_64/yast2-trans-nn.rpm
distribution/12.3/repo/oss/boot/x86_64/yast2-trans-pa.rpm
distribution/12.3/repo/oss/boot/x86_64/yast2-trans-pl.rpm
distribution/12.3/repo/oss/boot/x86_64/yast2-trans-pt.rpm
distribution/12.3/repo/oss/boot/x86_64/yast2-trans-pt_BR.rpm
distribution/12.3/repo/oss/boot/x86_64/yast2-trans-ro.rpm
distribution/12.3/repo/oss/boot/x86_64/yast2-trans-ru.rpm
distribution/12.3/repo/oss/boot/x86_64/yast2-trans-si.rpm
distribution/12.3/repo/oss/boot/x86_64/yast2-trans-sk.rpm
distribution/12.3/repo/oss/boot/x86_64/yast2-trans-sl.rpm
distribution/12.3/repo/oss/boot/x86_64/yast2-trans-sr.rpm
distribution/12.3/repo/oss/boot/x86_64/yast2-trans-sv.rpm
distribution/12.3/repo/oss/boot/x86_64/yast2-trans-sw.rpm
distribution/12.3/repo/oss/boot/x86_64/yast2-trans-ta.rpm
distribution/12.3/repo/oss/boot/x86_64/yast2-trans-tg.rpm
distribution/12.3/repo/oss/boot/x86_64/yast2-trans-th.rpm
distribution/12.3/repo/oss/boot/x86_64/yast2-trans-tr.rpm
distribution/12.3/repo/oss/boot/x86_64/yast2-trans-uk.rpm
distribution/12.3/repo/oss/boot/x86_64/yast2-trans-vi.rpm
distribution/12.3/repo/oss/boot/x86_64/yast2-trans-wa.rpm
distribution/12.3/repo/oss/boot/x86_64/yast2-trans-xh.rpm
distribution/12.3/repo/oss/boot/x86_64/yast2-trans-zh_CN.rpm
distribution/12.3/repo/oss/boot/x86_64/yast2-trans-zh_TW.rpm
distribution/12.3/repo/oss/boot/x86_64/yast2-trans-zu.rpm
distribution/12.3/repo/oss/boot/x86_64/grub2-efi/
distribution/12.3/repo/oss/boot/x86_64/grub2-efi/themes/
distribution/12.3/repo/oss/boot/x86_64/grub2-efi/themes/openSUSE/
distribution/12.3/repo/oss/boot/x86_64/grub2-efi/themes/openSUSE/icons/
distribution/12.3/repo/oss/boot/x86_64/loader/
distribution/12.3/repo/oss/boot/x86_64/loader/directory.yast
distribution/12.3/repo/oss/docu/
distribution/12.3/repo/oss/docu/RELEASE-NOTES.en.rtf
distribution/12.3/repo/oss/dosutils/
distribution/12.3/repo/oss/dosutils/putty/
distribution/12.3/repo/oss/dosutils/putty/htmldoc/
distribution/12.3/repo/oss/dosutils/rawwritewin/
distribution/12.3/repo/oss/dosutils/tightvnc/
distribution/12.3/repo/oss/dosutils/weirdx/
distribution/12.3/repo/oss/dosutils/weirdx/com/
distribution/12.3/repo/oss/dosutils/weirdx/com/jcraft/
distribution/12.3/repo/oss/dosutils/weirdx/com/jcraft/util/
distribution/12.3/repo/oss/dosutils/weirdx/com/jcraft/weirdx/
distribution/12.3/repo/oss/dosutils/weirdx/config/
distribution/12.3/repo/oss/dosutils/weirdx/misc/
distribution/12.3/repo/oss/dosutils/weirdx/misc/weirdx
distribution/12.3/repo/oss/dosutils/weirdx/misc/weirdx-Java2
distribution/12.3/repo/oss/dosutils/weirdx/misc/META-INF/
distribution/12.3/repo/oss/dosutils/weirdx/misc/config/
distribution/12.3/repo/oss/dosutils/weirdx/misc/keymap/
distribution/12.3/repo/oss/dosutils/weirdx/misc/keymap/genkeymap.pl
distribution/12.3/repo/oss/dosutils/weirdx/misc/msockets/
distribution/12.3/repo/oss/dosutils/weirdx/misc/msockets/de/
distribution/12.3/repo/oss/dosutils/weirdx/misc/msockets/de/linuxtest/
distribution/12.3/repo/oss/dosutils/weirdx/misc/msockets/de/linuxtest/msockets/
distribution/12.3/repo/oss/dosutils/weirdx/misc/xjs/
distribution/12.3/repo/oss/media.1/
distribution/12.3/repo/oss/suse/
distribution/12.3/repo/oss/suse/i586/
