2014-08-06 04:00:02
rsync://mirrors.hust.edu.cn/sagemath/
Welcome to HUST Mirror Site!
This site is sponsored by Network and Computation Center of Huazhong University of Science and Technology and maintained by DianGroup, HUST.
You can contact us by sending us email via mirror@hust.edu.cn.


receiving file list ... done
./
devel/
devel/meta/
doc/
doc/de/
doc/de/thematische_anleitungen/
doc/de/tutorial/
doc/en/
doc/en/a_tour_of_sage/
doc/en/bordeaux_2008/
doc/en/constructions/
doc/en/developer/
doc/en/faq/
doc/en/installation/
doc/en/numerical_sage/
doc/en/prep/
doc/en/reference/
doc/en/reference/_static/
doc/en/reference/algebras/
doc/en/reference/arithgroup/
doc/en/reference/calculus/
doc/en/reference/categories/
doc/en/reference/cmd/
doc/en/reference/coding/
doc/en/reference/coercion/
doc/en/reference/combinat/
doc/en/reference/constants/
doc/en/reference/cryptography/
doc/en/reference/databases/
doc/en/reference/dev/
doc/en/reference/doctest/
doc/en/reference/dynamics/
doc/en/reference/finance/
doc/en/reference/finite_rings/
doc/en/reference/function_fields/
doc/en/reference/functions/
doc/en/reference/games/
doc/en/reference/geometry/
doc/en/reference/graphs/
doc/en/reference/groups/
doc/en/reference/hecke/
doc/en/reference/history_and_license/
doc/en/reference/homology/
doc/en/reference/interfaces/
doc/en/reference/lfunctions/
doc/en/reference/libs/
doc/en/reference/logic/
doc/en/reference/matrices/
doc/en/reference/matroids/
doc/en/reference/misc/
doc/en/reference/modabvar/
doc/en/reference/modfrm/
doc/en/reference/modmisc/
doc/en/reference/modsym/
doc/en/reference/modules/
doc/en/reference/monoids/
doc/en/reference/notebook/
doc/en/reference/number_fields/
doc/en/reference/numerical/
doc/en/reference/padics/
doc/en/reference/parallel/
doc/en/reference/plane_curves/
doc/en/reference/plot3d/
doc/en/reference/plotting/
doc/en/reference/polynomial_rings/
doc/en/reference/power_series/
doc/en/reference/probability/
doc/en/reference/quadratic_forms/
doc/en/reference/quat_algebras/
doc/en/reference/riemannian_geometry/
doc/en/reference/rings/
doc/en/reference/rings_numerical/
doc/en/reference/rings_standard/
doc/en/reference/sat/
doc/en/reference/schemes/
doc/en/reference/semirings/
doc/en/reference/stats/
doc/en/reference/structure/
doc/en/reference/tensor/
doc/en/thematic_tutorials/
doc/en/tutorial/
doc/en/website/
doc/fr/
doc/fr/a_tour_of_sage/
doc/fr/tutorial/
doc/ru/
doc/ru/tutorial/
doc/tr/
doc/tr/a_tour_of_sage/
linux/
linux/32bit/
linux/32bit/meta/
linux/64bit/
linux/64bit/meta/
linux/arm/
linux/arm/meta/
linux/itanium/
linux/itanium/meta/
linux/meta/
linux/sparc/
linux/sparc/meta/
livecd/
livecd/meta/
livecd/old/
osx/
osx/intel/
osx/intel/meta/
osx/intel/old/
osx/intel/old/meta/
osx/powerpc/
osx/powerpc/meta/
solaris/
solaris/meta/
spkg/
spkg/archive/
spkg/archive/.hg/
spkg/archive/.hg/data/
spkg/archive/.hg/data/src/
spkg/experimental/
spkg/optional/
spkg/optional/meta/
spkg/standard/
spkg/upstream/
spkg/upstream/atlas/
spkg/upstream/atlas/meta/
spkg/upstream/autotools/
spkg/upstream/autotools/meta/
spkg/upstream/boehm_gc/
spkg/upstream/boost_cropped/
spkg/upstream/boost_cropped/meta/
spkg/upstream/bzip2/
spkg/upstream/cddlib/
spkg/upstream/cephes/
spkg/upstream/cliquer/
spkg/upstream/configure/
spkg/upstream/conway_polynomials/
spkg/upstream/cryptominisat/
spkg/upstream/cvxopt/
spkg/upstream/cvxopt/meta/
spkg/upstream/cython/
spkg/upstream/cython/meta/
spkg/upstream/database_cremona_ellcurve/
spkg/upstream/database_cremona_ellcurve/meta/
spkg/upstream/database_gap/
spkg/upstream/database_gap/meta/
spkg/upstream/database_pari/
spkg/upstream/database_pari/meta/
spkg/upstream/database_stein_watkins/
spkg/upstream/database_stein_watkins/meta/
spkg/upstream/database_stein_watkins_mini/
spkg/upstream/database_stein_watkins_mini/meta/
spkg/upstream/database_symbolic_data/
spkg/upstream/dateutil/
spkg/upstream/docutils/
spkg/upstream/dot2tex/
spkg/upstream/ecl/
spkg/upstream/ecl/meta/
spkg/upstream/eclib/
spkg/upstream/ecm/
spkg/upstream/elliptic_curves/
spkg/upstream/fflas_ffpack/
spkg/upstream/flint/
spkg/upstream/flintqs/
spkg/upstream/freetype/
spkg/upstream/gap/
spkg/upstream/gap/meta/
spkg/upstream/gap_packages/
spkg/upstream/gap_packages/meta/
spkg/upstream/gcc/
spkg/upstream/gcc/meta/
spkg/upstream/gd/
spkg/upstream/gdmodule/
spkg/upstream/genus2reduction/
spkg/upstream/gf2x/
spkg/upstream/gfan/
spkg/upstream/git/
spkg/upstream/git/meta/
spkg/upstream/git_trac/
spkg/upstream/givaro/
spkg/upstream/glpk/
spkg/upstream/glpk/meta/
spkg/upstream/graphs/
spkg/upstream/gsl/
spkg/upstream/gsl/meta/
spkg/upstream/iconv/
spkg/upstream/iconv/meta/
spkg/upstream/iml/
spkg/upstream/ipython/
spkg/upstream/ipython/meta/
spkg/upstream/jinja2/
spkg/upstream/jmol/
spkg/upstream/jmol/meta/
spkg/upstream/lapack/
spkg/upstream/lapack/meta/
spkg/upstream/lcalc/
spkg/upstream/libfplll/
spkg/upstream/libgap/
spkg/upstream/libm4ri/
spkg/upstream/libm4rie/
spkg/upstream/libogg/
spkg/upstream/libpng/
spkg/upstream/libtheora/
spkg/upstream/linbox/
spkg/upstream/lrcalc/
spkg/upstream/matplotlib/
spkg/upstream/matplotlib/meta/
spkg/upstream/maxima/
spkg/upstream/maxima/meta/
spkg/upstream/mercurial/
spkg/upstream/mercurial/meta/
spkg/upstream/meta/
spkg/upstream/mpc/
spkg/upstream/mpfi/
spkg/upstream/mpfr/
spkg/upstream/mpir/
spkg/upstream/mpir/meta/
spkg/upstream/mpmath/
spkg/upstream/ncurses/
spkg/upstream/ncurses/meta/
spkg/upstream/networkx/
spkg/upstream/ntl/
spkg/upstream/numpy/
spkg/upstream/numpy/meta/
spkg/upstream/openssl/
spkg/upstream/openssl/meta/
spkg/upstream/palp/
spkg/upstream/pari/
spkg/upstream/pari/meta/
spkg/upstream/pari_galdata/
spkg/upstream/pari_seadata_small/
spkg/upstream/patch/
spkg/upstream/pexpect/
spkg/upstream/pil/
spkg/upstream/pillow/
spkg/upstream/pkgconf/
spkg/upstream/pkgconfig/
spkg/upstream/polybori/
spkg/upstream/polytopes_db/
spkg/upstream/ppl/
spkg/upstream/ppl/meta/
spkg/upstream/prereq/
spkg/upstream/pycrypto/
spkg/upstream/pygments/
spkg/upstream/pynac/
spkg/upstream/pyparsing/
spkg/upstream/python/
spkg/upstream/python/meta/
spkg/upstream/r/
spkg/upstream/r/meta/
spkg/upstream/ratpoints/
spkg/upstream/readline/
spkg/upstream/rpy2/
spkg/upstream/rubiks/
spkg/upstream/sagenb/
spkg/upstream/sagenb/meta/
spkg/upstream/sagetex/
spkg/upstream/scipy/
spkg/upstream/scipy/meta/
spkg/upstream/scons/
spkg/upstream/setuptools/
spkg/upstream/singular/
spkg/upstream/singular/meta/
spkg/upstream/six/
spkg/upstream/sphinx/
spkg/upstream/sphinx/meta/
spkg/upstream/sqlalchemy/
spkg/upstream/sqlite/
spkg/upstream/symmetrica/
spkg/upstream/sympow/
spkg/upstream/sympow/meta/
spkg/upstream/sympy/
spkg/upstream/sympy/meta/
spkg/upstream/tachyon/
spkg/upstream/termcap/
spkg/upstream/topcom/
spkg/upstream/tornado/
spkg/upstream/zlib/
spkg/upstream/zn_poly/
src/
src/announce/
src/changelogs/
src/meta/
win/
win/meta/
win/old/
win/old/meta/
zzz/

Number of files: 3098
Number of files transferred: 0
Total file size: 37453545417 bytes
Total transferred file size: 0 bytes
Literal data: 0 bytes
Matched data: 0 bytes
File list size: 94088
File list generation time: 0.983 seconds
File list transfer time: 0.000 seconds
Total bytes sent: 9338
Total bytes received: 103651

sent 9338 bytes  received 103651 bytes  222.20 bytes/sec
total size is 37453545417  speedup is 331479.57
