2014-08-05 21:31:22
rsync://ftp.ussg.iu.edu/gentoo-portage/
---------------------------------------------------------
      ___           ___           ___           ___
     /\__\         /\  \         /\  \         /\  \
    /:/  /        /::\  \       /::\  \       /::\  \
   /:/  /        /:/\ \  \     /:/\ \  \     /:/\:\  \
  /:/  /  ___   _\:\~\ \  \   _\:\~\ \  \   /:/  \:\  \
 /:/__/  /\__\ /\ \:\ \ \__\ /\ \:\ \ \__\ /:/__/_\:\__\
 \:\  \ /:/  / \:\ \:\ \/__/ \:\ \:\ \/__/ \:\  /\ \/__/
  \:\  /:/  /   \:\ \:\__\    \:\ \:\__\    \:\ \:\__\
   \:\/:/  /     \:\/:/  /     \:\/:/  /     \:\/:/  /
    \::/  /       \::/  /       \::/  /       \::/  /
     \/__/         \/__/         \/__/         \/__/

          Indiana University
       Unix Systems Support Group
        ftp://ftp.ussg.iu.edu/
    Located in Bloomington, Indiana
      AKA: rsync25.us.gentoo.org

Questions and comments to: ussg@iu.edu

    !!!NOTICE!!!
    Maintenance window is every Tuesday
    beginning at 0900 (1400 GMT)

---------------------------------------------------------

receiving file list ... done
./
app-accessibility/
app-accessibility/SphinxTrain/
app-accessibility/SphinxTrain/files/
app-accessibility/accerciser/
app-accessibility/accerciser/ChangeLog
app-accessibility/accerciser/Manifest
app-accessibility/accerciser/accerciser-3.12.0.ebuild
app-accessibility/at-spi2-atk/
app-accessibility/at-spi2-atk/ChangeLog
app-accessibility/at-spi2-atk/Manifest
app-accessibility/at-spi2-atk/at-spi2-atk-2.12.1.ebuild
app-accessibility/at-spi2-core/
app-accessibility/at-spi2-core/ChangeLog
app-accessibility/at-spi2-core/Manifest
app-accessibility/at-spi2-core/at-spi2-core-2.12.0.ebuild
app-accessibility/at-spi2-core/files/
app-accessibility/brltty/
app-accessibility/brltty/files/
app-accessibility/caribou/
app-accessibility/dasher/
app-accessibility/edbrowse/
app-accessibility/edbrowse/files/
app-accessibility/eflite/
app-accessibility/eflite/ChangeLog
app-accessibility/eflite/Manifest
app-accessibility/eflite/eflite-0.4.1-r2.ebuild
app-accessibility/eflite/files/
app-accessibility/emacspeak-ss/
app-accessibility/emacspeak-ss/files/
app-accessibility/emacspeak/
app-accessibility/epos/
app-accessibility/epos/files/
app-accessibility/espeak/
app-accessibility/espeakup/
app-accessibility/espeakup/files/
app-accessibility/festival-fi/
app-accessibility/festival-fi/files/
app-accessibility/festival-freebsoft-utils/
app-accessibility/festival-hts/
app-accessibility/festival-it/
app-accessibility/festival-ru/
app-accessibility/festival/
app-accessibility/festival/files/
app-accessibility/flite/
app-accessibility/flite/ChangeLog
app-accessibility/flite/Manifest
app-accessibility/flite/flite-1.2-r2.ebuild
app-accessibility/flite/flite-1.3-r1.ebuild
app-accessibility/flite/flite-1.4-r4.ebuild
app-accessibility/flite/files/
app-accessibility/freetts/
app-accessibility/freetts/files/
app-accessibility/gnome-mag/
app-accessibility/gnome-speech/
app-accessibility/gnome-speech/files/
app-accessibility/gok/
app-accessibility/java-access-bridge/
app-accessibility/java-access-bridge/files/
app-accessibility/julius/
app-accessibility/julius/files/
app-accessibility/mbrola/
app-accessibility/morseall/
app-accessibility/nfbtrans/
app-accessibility/nfbtrans/files/
app-accessibility/orca/
app-accessibility/orca/ChangeLog
app-accessibility/orca/Manifest
app-accessibility/orca/orca-3.12.2.ebuild
app-accessibility/perlbox-voice/
app-accessibility/pidgin-festival/
app-accessibility/pocketsphinx/
app-accessibility/powiedz/
app-accessibility/powiedz/files/
app-accessibility/simon/
app-accessibility/simon/files/
app-accessibility/sound-icons/
app-accessibility/speakup/
app-accessibility/speech-dispatcher/
app-accessibility/speech-dispatcher/files/
app-accessibility/speech-tools/
app-accessibility/speech-tools/files/
app-accessibility/speechd-el/
app-accessibility/speechd-up/
app-accessibility/speechd-up/files/
app-accessibility/sphinx2/
app-accessibility/sphinx2/files/
app-accessibility/sphinx3/
app-accessibility/sphinx3/files/
app-accessibility/sphinxbase/
app-accessibility/sphinxbase/files/
app-accessibility/yasr/
app-accessibility/yasr/files/
app-admin/
app-admin/389-admin-console/
app-admin/389-console/
app-admin/389-ds-console/
app-admin/abrt/
app-admin/abrt/files/
app-admin/amazon-ec2-init/
app-admin/amazon-ec2-init/files/
app-admin/analog/
app-admin/analog/files/
app-admin/ansible/
app-admin/ansible/ChangeLog
app-admin/ansible/Manifest
app-admin/ansible/ansible-1.6.10.ebuild
app-admin/ansible/ansible-1.6.8.ebuild
app-admin/ansible/ansible-9999.ebuild
app-admin/ansible/files/
app-admin/apache-tools/
app-admin/apache-tools/ChangeLog
app-admin/apache-tools/Manifest
app-admin/apache-tools/apache-tools-2.4.10.ebuild
app-admin/apache-tools/files/
app-admin/apachetop/
app-admin/apachetop/files/
app-admin/apg/
app-admin/apg/files/
app-admin/augeas/
app-admin/augeas/files/
app-admin/authbind/
app-admin/authbind/files/
app-admin/aws-as-tools/
app-admin/aws-cw-tools/
app-admin/aws-elb-tools/
app-admin/aws-iam-tools/
app-admin/aws-rds-tools/
app-admin/bastille/
app-admin/bcfg2/
app-admin/bcfg2/files/
app-admin/cancd/
app-admin/cancd/files/
app-admin/ccze/
app-admin/ccze/files/
app-admin/cdist/
app-admin/checkrestart/
app-admin/checkrestart/files/
app-admin/chef-expander/
app-admin/chef-expander/files/
app-admin/chef-expander/files/confd/
app-admin/chef-expander/files/initd/
app-admin/chef-server-api/
app-admin/chef-server-api/files/
app-admin/chef-server-api/files/confd/
app-admin/chef-server-api/files/initd/
app-admin/chef-server-webui/
app-admin/chef-server-webui/files/
app-admin/chef-server-webui/files/confd/
app-admin/chef-server-webui/files/initd/
app-admin/chef-server/
app-admin/chef-solr/
app-admin/chef-solr/files/
app-admin/chef-solr/files/confd/
app-admin/chef-solr/files/initd/
app-admin/chef/
app-admin/chef/files/
app-admin/chef/files/confd/
app-admin/chef/files/initd/
app-admin/chroot_safe/
app-admin/chroot_safe/files/
app-admin/chrootuid/
app-admin/chrpath/
app-admin/chrpath/files/
app-admin/clog/
app-admin/clustershell/
app-admin/collectd/
app-admin/collectd/ChangeLog
app-admin/collectd/Manifest
app-admin/collectd/metadata.xml
app-admin/collectd/files/
app-admin/conky/
app-admin/conky/files/
app-admin/conkyforecast/
app-admin/conserver/
app-admin/conserver/files/
app-admin/consolehm/
app-admin/consolehm/files/
app-admin/cpulimit/
app-admin/cpulimit/files/
app-admin/cronolog/
app-admin/cronolog/files/
app-admin/cronolog/files/1.6.2-patches/
app-admin/denyhosts/
app-admin/denyhosts/ChangeLog
app-admin/denyhosts/Manifest
app-admin/denyhosts/denyhosts-2.6-r10.ebuild
app-admin/denyhosts/files/
app-admin/diradm/
app-admin/drush/
app-admin/durep/
app-admin/durep/files/
app-admin/ec2-ami-tools/
app-admin/ec2-api-tools/
app-admin/eclean-kernel/
app-admin/elektra/
app-admin/elektra/ChangeLog
app-admin/elektra/Manifest
app-admin/elektra/elektra-0.8.6.ebuild
app-admin/elektra/metadata.xml
app-admin/elektra/files/
app-admin/emacs-updater/
app-admin/emacs-updater/ChangeLog
app-admin/emacs-updater/Manifest
app-admin/emacs-updater/emacs-updater-1.14.ebuild
app-admin/equo/
app-admin/eselect-audicle/
app-admin/eselect-awk/
app-admin/eselect-bashcomp/
app-admin/eselect-bashcomp/ChangeLog
app-admin/eselect-bashcomp/Manifest
app-admin/eselect-bashcomp/metadata.xml
app-admin/eselect-blas/
app-admin/eselect-blas/files/
app-admin/eselect-cblas/
app-admin/eselect-cblas/files/
app-admin/eselect-cdparanoia/
app-admin/eselect-cdparanoia/files/
app-admin/eselect-chuck/
app-admin/eselect-ctags/
app-admin/eselect-ecj/
app-admin/eselect-ecj/files/
app-admin/eselect-emacs/
app-admin/eselect-esd/
app-admin/eselect-fontconfig/
app-admin/eselect-fontconfig/files/
app-admin/eselect-gnat/
app-admin/eselect-gnat/files/
app-admin/eselect-gnome-shell-extensions/
app-admin/eselect-infinality/
app-admin/eselect-java/
app-admin/eselect-lapack/
app-admin/eselect-lapack/files/
app-admin/eselect-lcdfilter/
app-admin/eselect-lib-bin-symlink/
app-admin/eselect-lua/
app-admin/eselect-lua/files/
app-admin/eselect-maven/
app-admin/eselect-maven/files/
app-admin/eselect-mesa/
app-admin/eselect-metasploit/
app-admin/eselect-metasploit/files/
app-admin/eselect-miniaudicle/
app-admin/eselect-miniaudicle/files/
app-admin/eselect-mpg123/
app-admin/eselect-mpg123/files/
app-admin/eselect-mpost/
app-admin/eselect-mpost/files/
app-admin/eselect-notify-send/
app-admin/eselect-notify-send/files/
app-admin/eselect-nxserver/
app-admin/eselect-oodict/
app-admin/eselect-opencascade/
app-admin/eselect-opencascade/files/
app-admin/eselect-opencl/
app-admin/eselect-opencl/ChangeLog
app-admin/eselect-opencl/Manifest
app-admin/eselect-opencl/eselect-opencl-1.1.0-r3.ebuild
app-admin/eselect-opengl/
app-admin/eselect-package-manager/
app-admin/eselect-package-manager/ChangeLog
app-admin/eselect-package-manager/Manifest
app-admin/eselect-package-manager/eselect-package-manager-20110108.ebuild
app-admin/eselect-package-manager/metadata.xml
app-admin/eselect-pdftex/
app-admin/eselect-pdftex/files/
app-admin/eselect-php/
app-admin/eselect-php/files/
app-admin/eselect-pinentry/
app-admin/eselect-pinentry/files/
app-admin/eselect-postgresql/
app-admin/eselect-python/
app-admin/eselect-qtgraphicssystem/
app-admin/eselect-rails/
app-admin/eselect-renpy/
app-admin/eselect-renpy/ChangeLog
app-admin/eselect-renpy/Manifest
app-admin/eselect-renpy/eselect-renpy-0.4.ebuild
app-admin/eselect-renpy/files/
app-admin/eselect-ruby/
app-admin/eselect-ruby/ChangeLog
app-admin/eselect-ruby/Manifest
app-admin/eselect-ruby/eselect-ruby-20131227.ebuild
app-admin/eselect-sh/
app-admin/eselect-sh/files/
app-admin/eselect-sndpeek/
app-admin/eselect-timezone/
app-admin/eselect-timidity/
app-admin/eselect-unison/
app-admin/eselect-unison/files/
app-admin/eselect-vdr/
app-admin/eselect-vi/
app-admin/eselect-vi/files/
app-admin/eselect-wxwidgets/
app-admin/eselect-wxwidgets/files/
app-admin/eselect-xvmc/
app-admin/eselect-xvmc/files/
app-admin/eselect/
app-admin/eselect/ChangeLog
app-admin/eselect/Manifest
app-admin/eselect/eselect-1.4.1.ebuild
app-admin/eselect/metadata.xml
app-admin/evtxtools/
app-admin/fam/
app-admin/fam/files/
app-admin/fetchlog/
app-admin/fifo-cronolog/
app-admin/filewatcher/
app-admin/filewatcher/files/
app-admin/fleet/
app-admin/fleet/ChangeLog
app-admin/fleet/Manifest
app-admin/fleet/fleet-0.5.3.ebuild
app-admin/fleet/fleet-0.5.4.ebuild
app-admin/fleet/fleet-9999.ebuild
app-admin/fleet/metadata.xml
app-admin/fleet/files/
app-admin/fleet/files/fleet.service
app-admin/fsvs/
app-admin/fsvs/files/
app-admin/gam-server/
app-admin/gam-server/files/
app-admin/gamin/
app-admin/genromfs/
app-admin/genromfs/files/
app-admin/gentoo-rsync-mirror/
app-admin/gentoo-rsync-mirror/files/
app-admin/geolizer/
app-admin/geolizer/files/
app-admin/gkrellm/
app-admin/gkrellm/files/
app-admin/gksu-polkit/
app-admin/gksu-polkit/files/
app-admin/glance/
app-admin/glance/ChangeLog
app-admin/glance/Manifest
app-admin/glance/glance-2014.1.1.ebuild
app-admin/glance/glance-2014.1.9999.ebuild
app-admin/glance/glance-9999.ebuild
app-admin/glance/files/
app-admin/gnome-system-log/
app-admin/gnome-system-tools/
app-admin/gnome-system-tools/files/
app-admin/grubconfig/
app-admin/gtkdiskfree/
app-admin/gtkdiskfree/files/
app-admin/hardening-check/
app-admin/hardinfo/
app-admin/hardinfo/files/
app-admin/haskell-updater/
app-admin/haskell-updater/ChangeLog
app-admin/haskell-updater/Manifest
app-admin/haskell-updater/haskell-updater-1.2.3.ebuild
app-admin/hddtemp/
app-admin/hddtemp/files/
app-admin/hwreport/
app-admin/ide-smart/
app-admin/integrit/
app-admin/jinit/
app-admin/jinit/files/
app-admin/kedpm/
app-admin/kedpm/files/
app-admin/keepass/
app-admin/keepass/ChangeLog
app-admin/keepass/Manifest
app-admin/keepass/keepass-2.27.ebuild
app-admin/keepass/files/
app-admin/keepassx/
app-admin/keepassx/files/
app-admin/killproc/
app-admin/killproc/ChangeLog
app-admin/killproc/Manifest
app-admin/killproc/killproc-2.13-r1.ebuild
app-admin/killproc/killproc-2.13.ebuild
app-admin/killproc/files/
app-admin/lib_users/
app-admin/lib_users/ChangeLog
app-admin/lib_users/Manifest
app-admin/lib_users/lib_users-0.9.ebuild
app-admin/lnav/
app-admin/localepurge/
app-admin/localepurge/files/
app-admin/logcheck/
app-admin/logcheck/files/
app-admin/logmon/
app-admin/logmon/ChangeLog
app-admin/logmon/Manifest
app-admin/logmon/logmon-0.4.4-r1.ebuild
app-admin/logmon/files/
app-admin/logrotate/
app-admin/logrotate/ChangeLog
app-admin/logrotate/Manifest
app-admin/logrotate/files/
app-admin/logsentry/
app-admin/logstalgia/
app-admin/logsurfer+/
app-admin/logsurfer+/files/
app-admin/longrun/
app-admin/longrun/files/
app-admin/lsat/
app-admin/lsat/files/
app-admin/lsyncd/
app-admin/makepasswd/
app-admin/mate-system-tools/
app-admin/mate-system-tools/files/
app-admin/matter/
app-admin/mcelog/
app-admin/mcelog/files/
app-admin/mcollective/
app-admin/mcollective/ChangeLog
app-admin/mcollective/Manifest
app-admin/mcollective/mcollective-2.5.3.ebuild
app-admin/mcollective/files/
app-admin/metalog/
app-admin/metalog/files/
app-admin/mktwpol/
app-admin/mktwpol/ChangeLog
app-admin/mktwpol/Manifest
app-admin/mktwpol/mktwpol-0.2.4.ebuild
app-admin/monit/
app-admin/monit/ChangeLog
app-admin/monit/Manifest
app-admin/monit/monit-5.8.ebuild
app-admin/monit/files/
app-admin/multilog-watch/
app-admin/newsyslog/
app-admin/newsyslog/files/
app-admin/ngxtop/
app-admin/ngxtop/files/
app-admin/openrc-settingsd/
app-admin/packagekit-base/
app-admin/packagekit-base/ChangeLog
app-admin/packagekit-base/Manifest
app-admin/packagekit-base/packagekit-base-0.7.4.ebuild
app-admin/packagekit-base/packagekit-base-0.8.15-r1.ebuild
app-admin/packagekit-base/files/
app-admin/packagekit-gtk/
app-admin/packagekit-qt4/
app-admin/packagekit/
app-admin/pass/
app-admin/pass/ChangeLog
app-admin/pass/Manifest
app-admin/pass/pass-1.6.3.ebuild
app-admin/pass/pass-9999.ebuild
app-admin/pass/files/
app-admin/passook/
app-admin/passook/files/
app-admin/paxtest/
app-admin/paxtest/files/
app-admin/perl-cleaner/
app-admin/perl-cleaner/ChangeLog
app-admin/perl-cleaner/Manifest
app-admin/perl-cleaner/perl-cleaner-2.16.ebuild
app-admin/perl-cleaner/perl-cleaner-9999.ebuild
app-admin/pessulus/
app-admin/petrovich/
app-admin/petrovich/files/
app-admin/phpsyslogng/
app-admin/phpsyslogng/files/
app-admin/pprocm/
app-admin/procinfo-ng/
app-admin/procinfo-ng/files/
app-admin/procinfo/
app-admin/procinfo/files/
app-admin/psmon/
app-admin/puppet-lint/
app-admin/puppet/
app-admin/puppet/ChangeLog
app-admin/puppet/Manifest
app-admin/puppet/puppet-3.6.2.ebuild
app-admin/puppet/files/
app-admin/pwcrypt/
app-admin/pwgen/
app-admin/pwgen/files/
app-admin/pydf/
app-admin/pydf/ChangeLog
app-admin/pydf/Manifest
app-admin/pydf/pydf-10-r1.ebuild
app-admin/python-updater/
app-admin/python-updater/files/
app-admin/qpage/
app-admin/qpage/files/
app-admin/quickswitch/
app-admin/r10k/
app-admin/rackview/
app-admin/radmind/
app-admin/radmind/ChangeLog
app-admin/radmind/Manifest
app-admin/radmind/radmind-1.14.1.ebuild
app-admin/radmind/files/
app-admin/ranpwd/
app-admin/recursos/
app-admin/recursos/ChangeLog
app-admin/recursos/Manifest
app-admin/recursos/recursos-2.0.ebuild
app-admin/reportmagic/
app-admin/rex/
app-admin/rigo/
app-admin/rsyslog/
app-admin/rsyslog/files/
app-admin/rsyslog/files/6-stable/
app-admin/rsyslog/files/7-stable/
app-admin/rudy/
app-admin/sabayon/
app-admin/sagan-rules/
app-admin/sagan/
app-admin/sagan/files/
app-admin/salt/
app-admin/salt/ChangeLog
app-admin/salt/Manifest
app-admin/salt/salt-2014.1.10.ebuild
app-admin/salt/salt-2014.1.7.ebuild
app-admin/salt/salt-9999.ebuild
app-admin/salt/files/
app-admin/setools/
app-admin/setools/ChangeLog
app-admin/setools/Manifest
app-admin/setools/setools-3.3.8-r5.ebuild
app-admin/setools/files/
app-admin/showconsole/
app-admin/showconsole/files/
app-admin/socklog/
app-admin/socklog/files/
app-admin/sshguard/
app-admin/sshguard/ChangeLog
app-admin/sshguard/Manifest
app-admin/sshguard/sshguard-1.5-r3.ebuild
app-admin/sshguard/files/
app-admin/sshguard/files/sshguard-1.5-day-starts-with-0.patch
app-admin/stow/
app-admin/stow/files/
app-admin/sud/
app-admin/sud/files/
app-admin/sudo/
app-admin/sulfur/
app-admin/superadduser/
app-admin/superadduser/files/
app-admin/superadduser/files/1.0.9/
app-admin/supernova/
app-admin/supernova/ChangeLog
app-admin/supernova/Manifest
app-admin/supernova/metadata.xml
app-admin/supernova/supernova-1.0.1.ebuild
app-admin/supervisor/
app-admin/supervisor/ChangeLog
app-admin/supervisor/Manifest
app-admin/supervisor/supervisor-3.1.0.ebuild
app-admin/supervisor/files/
app-admin/swatch/
app-admin/swatch/files/
app-admin/sxid/
app-admin/sysklogd/
app-admin/sysklogd/files/
app-admin/syslog-ng/
app-admin/syslog-ng/ChangeLog
app-admin/syslog-ng/Manifest
app-admin/syslog-ng/metadata.xml
app-admin/syslog-ng/syslog-ng-3.4.8.ebuild
app-admin/syslog-ng/syslog-ng-3.5.5.ebuild
app-admin/syslog-ng/files/
app-admin/syslog-ng/files/3.4/
app-admin/syslog-ng/files/3.5/
app-admin/syslog-summary/
app-admin/syslogread/
app-admin/syslogread/files/
app-admin/syslogread/files/0.92/
app-admin/sysrqd/
app-admin/sysrqd/files/
app-admin/sysstat/
app-admin/sysstat/ChangeLog
app-admin/sysstat/Manifest
app-admin/sysstat/sysstat-10.2.1-r1.ebuild
app-admin/sysstat/files/
app-admin/system-config-printer-common/
app-admin/system-config-printer-common/ChangeLog
app-admin/system-config-printer-common/Manifest
app-admin/system-config-printer-common/system-config-printer-common-1.3.12.ebuild
app-admin/system-config-printer-common/system-config-printer-common-1.3.13.ebuild
app-admin/system-config-printer-common/system-config-printer-common-1.4.3.ebuild
app-admin/system-config-printer-common/files/
app-admin/system-config-printer-gnome/
app-admin/system-config-printer-gnome/ChangeLog
app-admin/system-config-printer-gnome/Manifest
app-admin/system-config-printer-gnome/system-config-printer-gnome-1.4.3-r1.ebuild
app-admin/system-config-printer-gnome/files/
app-admin/system-tools-backends/
app-admin/system-tools-backends/files/
app-admin/tenshi/
app-admin/tenshi/files/
app-admin/testdisk/
app-admin/tmpreaper/
app-admin/tmpreaper/files/
app-admin/tmpwatch/
app-admin/tmpwatch/files/
app-admin/tripwire/
app-admin/tripwire/ChangeLog
app-admin/tripwire/Manifest
app-admin/tripwire/tripwire-2.4.2.2-r2.ebuild
app-admin/tripwire/files/
app-admin/ulog-acctd/
app-admin/ulog-acctd/files/
app-admin/ulog-acctd/files/init.d/
app-admin/ulogd/
app-admin/ulogd/ChangeLog
app-admin/ulogd/Manifest
app-admin/ulogd/ulogd-2.0.3.ebuild
app-admin/ulogd/files/
app-admin/usbview/
app-admin/usermin/
app-admin/usermin/files/
app-admin/verynice/
app-admin/verynice/files/
app-admin/watchfolder/
app-admin/watchfolder/files/
app-admin/webalizer/
app-admin/webalizer/files/
app-admin/webapp-config/
app-admin/webapp-config/ChangeLog
app-admin/webapp-config/Manifest
app-admin/webapp-config/webapp-config-1.52-r1.ebuild
app-admin/webapp-config/files/
app-admin/webmin/
app-admin/webmin/files/
app-admin/whowatch/
app-admin/whowatch/files/
app-admin/xstow/
app-admin/xstow/files/
app-admin/xtail/
app-admin/yaala/
app-admin/yaala/files/
app-admin/zypper/
app-admin/zypper/files/
app-antivirus/
app-antivirus/clamav-unofficial-sigs/
app-antivirus/clamav/
app-antivirus/clamav/ChangeLog
app-antivirus/clamav/Manifest
app-antivirus/clamav/clamav-0.98.1.ebuild
app-antivirus/clamav/files/
app-antivirus/clamav/files/tmpfiles.d/
app-arch/
app-arch/advancecomp/
app-arch/advancecomp/files/
app-arch/afio/
app-arch/afio/files/
app-arch/alien/
app-arch/arc/
app-arch/arc/files/
app-arch/arj/
app-arch/arj/files/
app-arch/atool/
app-arch/bloscpack/
app-arch/bsdsfv/
app-arch/bsdsfv/files/
app-arch/bzip2/
app-arch/bzip2/files/
app-arch/cabextract/
app-arch/cfv/
app-arch/cfv/files/
app-arch/cksfv/
app-arch/cpio/
app-arch/cpio/files/
app-arch/createrepo/
app-arch/createrepo/files/
app-arch/dczip/
app-arch/deb2targz/
app-arch/deb2targz/files/
app-arch/defluff/
app-arch/deltarpm/
app-arch/deltarpm/files/
app-arch/dpkg/
app-arch/dpkg/files/
app-arch/duff/
app-arch/dump/
app-arch/dump/files/
app-arch/engrampa/
app-arch/engrampa/ChangeLog
app-arch/engrampa/Manifest
app-arch/engrampa/engrampa-1.8.0.ebuild
app-arch/engrampa/metadata.xml
app-arch/fastjar/
app-arch/fastjar/ChangeLog
app-arch/fastjar/Manifest
app-arch/fastjar/files/
app-arch/file-roller/
app-arch/file-roller/ChangeLog
app-arch/file-roller/Manifest
app-arch/file-roller/file-roller-3.12.2.ebuild
app-arch/file-roller/files/
app-arch/freeze/
app-arch/freeze/files/
app-arch/funzix/
app-arch/gtk-splitter/
app-arch/gtk-splitter/ChangeLog
app-arch/gtk-splitter/Manifest
app-arch/gtk-splitter/gtk-splitter-2.2.1-r1.ebuild
app-arch/gtk-splitter/files/
app-arch/gzip/
app-arch/gzip/files/
app-arch/hardlink/
app-arch/innoextract/
app-arch/innoextract/files/
app-arch/ipkg-utils/
app-arch/ipkg-utils/files/
app-arch/lbzip2/
app-arch/lbzip2/files/
app-arch/lcab/
app-arch/lha/
app-arch/lha/files/
app-arch/libarchive/
app-arch/libarchive/files/
app-arch/libpar2/
app-arch/libzpaq/
app-arch/libzpaq/files/
app-arch/lrzip/
app-arch/lrzip/ChangeLog
app-arch/lrzip/Manifest
app-arch/lrzip/lrzip-0.611.ebuild
app-arch/lrzip/lrzip-0.614.ebuild
app-arch/lrzip/lrzip-0.616.ebuild
app-arch/lrzip/files/
app-arch/lz4/
app-arch/lz4/ChangeLog
app-arch/lz4/Manifest
app-arch/lz4/lz4-0_p106-r1.ebuild
app-arch/lz4/lz4-0_p120.ebuild
app-arch/lz4/lz4-9999.ebuild
app-arch/lz4/metadata.xml
app-arch/lz4/files/
app-arch/lzip/
app-arch/lziprecover/
app-arch/lzlib/
app-arch/lzma/
app-arch/lzop/
app-arch/makeself/
app-arch/makeself/files/
app-arch/mate-file-archiver/
app-arch/mscompress/
app-arch/mscompress/files/
app-arch/mt-st/
app-arch/ncompress/
app-arch/p7zip/
app-arch/p7zip/files/
app-arch/par/
app-arch/par2cmdline/
app-arch/par2cmdline/files/
app-arch/pax/
app-arch/pax/files/
app-arch/pbzip2/
app-arch/pbzip2/files/
app-arch/pdlzip/
app-arch/pdv/
app-arch/pdv/files/
app-arch/pet2tgz/
app-arch/pigz/
app-arch/pigz/files/
app-arch/pixz/
app-arch/pixz/files/
app-arch/plzip/
app-arch/ppmd/
app-arch/ppmd/files/
app-arch/pure-sfv/
app-arch/pure-sfv/files/
app-arch/pxz/
app-arch/rar/
app-arch/rpm/
app-arch/rpm/ChangeLog
app-arch/rpm/Manifest
app-arch/rpm/rpm-4.11.2-r1.ebuild
app-arch/rpm/files/
app-arch/rpm2targz/
app-arch/rpm5/
app-arch/rpm5/files/
app-arch/rzip/
app-arch/rzip/files/
app-arch/sharutils/
app-arch/sharutils/files/
app-arch/snappy/
app-arch/star/
app-arch/star/files/
app-arch/stuffit/
app-arch/tapeutils/
app-arch/tar/
app-arch/tar/ChangeLog
app-arch/tar/Manifest
app-arch/tar/tar-1.28.ebuild
app-arch/tar/files/
app-arch/tardy/
app-arch/tardy/files/
app-arch/tarsync/
app-arch/tarsync/files/
app-arch/threadzip/
app-arch/torrentzip/
app-arch/torrentzip/files/
app-arch/unace/
app-arch/unadf/
app-arch/unadf/files/
app-arch/unar/
app-arch/unarj/
app-arch/unarj/files/
app-arch/undms/
app-arch/unlzx/
app-arch/unmakeself/
app-arch/unp/
app-arch/unp/files/
app-arch/unrar-gpl/
app-arch/unrar/
app-arch/unrar/ChangeLog
app-arch/unrar/Manifest
app-arch/unrar/unrar-5.1.6.ebuild
app-arch/unrar/files/
app-arch/unshield/
app-arch/unshield/files/
app-arch/unzip/
app-arch/unzip/files/
app-arch/upx-bin/
app-arch/upx-ucl/
app-arch/xar/
app-arch/xar/files/
app-arch/xarchiver/
app-arch/xarchiver/files/
app-arch/xdms/
app-arch/xz-utils/
app-arch/zip/
app-arch/zip/files/
app-arch/zoo/
app-arch/zoo/files/
app-arch/zopfli/
app-arch/zopfli/ChangeLog
app-arch/zopfli/Manifest
app-arch/zopfli/zopfli-1.0.0_p20140623.ebuild
app-arch/zopfli/zopfli-1.0.0_p20140705.ebuild
app-arch/zpaq-extras/
app-arch/zpaq/
app-arch/zpaq/files/
app-arch/zpipe/
app-backup/
app-backup/amanda/
app-backup/amanda/files/
app-backup/backintime/
app-backup/backintime/files/
app-backup/backup-manager/
app-backup/backup-manager/files/
app-backup/backupninja/
app-backup/backuppc/
app-backup/backuppc/ChangeLog
app-backup/backuppc/Manifest
app-backup/backuppc/backuppc-3.2.1-r2.ebuild
app-backup/backuppc/backuppc-3.2.1-r3.ebuild
app-backup/backuppc/backuppc-3.3.0.ebuild
app-backup/backuppc/files/
app-backup/backuppc/files/3.2.0/
app-backup/backuppc/files/3.3.0/
app-backup/backuppc/files/3.3.0/01-fix-configure.pl.patch
app-backup/backuppc/files/3.3.0/02-fix-config.pl-formatting.patch
app-backup/backuppc/files/3.3.0/03-reasonable-config.pl-defaults.patch
app-backup/bacula/
app-backup/bacula/files/
app-backup/bacula/files/5.0.3/
app-backup/bacula/files/5.2.10/
app-backup/bacula/files/5.2.12/
app-backup/bacula/files/5.2.3/
app-backup/bacula/files/7.0.2/
app-backup/bareos/
app-backup/bareos/files/
app-backup/boxbackup/
app-backup/boxbackup/files/
app-backup/ccollect/
app-backup/cdbackup/
app-backup/cdbkup/
app-backup/cpdup/
app-backup/cpdup/files/
app-backup/cyphertite/
app-backup/cyphertite/ChangeLog
app-backup/cyphertite/Manifest
app-backup/cyphertite/cyphertite-2.0.2-r3.ebuild
app-backup/cyphertite/files/
app-backup/cyphertite/files/cyphertite-2.0.2-cflags.patch
app-backup/cyphertite/files/cyphertite-2.0.2-fix-build.patch
app-backup/dar/
app-backup/deja-dup/
app-backup/deja-dup/files/
app-backup/dirvish/
app-backup/dirvish/files/
app-backup/duplicity/
app-backup/duplicity/files/
app-backup/duply/
app-backup/duply/ChangeLog
app-backup/duply/Manifest
app-backup/duply/duply-1.8.0.ebuild
app-backup/flexbackup/
app-backup/flexbackup/files/
app-backup/fsarchiver/
app-backup/furball/
app-backup/hdup/
app-backup/kbackup/
app-backup/luckybackup/
app-backup/mirdir/
app-backup/mylvmbackup/
app-backup/obnam/
app-backup/obnam/files/
app-backup/pdumpfs/
app-backup/pybackpack/
app-backup/qt4-fsarchiver/
app-backup/qt4-fsarchiver/ChangeLog
app-backup/qt4-fsarchiver/Manifest
app-backup/qt4-fsarchiver/qt4-fsarchiver-0.6.19.5.ebuild
app-backup/rdiff-backup/
app-backup/rdiff-backup/files/
app-backup/rdumpfs/
app-backup/rear/
app-backup/rear/files/
app-backup/reoback/
app-backup/rsnapshot/
app-backup/rsnapshot/files/
app-backup/sarab/
app-backup/sarab/files/
app-backup/simplebackup/
app-backup/snapback2/
app-backup/snapper/
app-backup/snapper/ChangeLog
app-backup/snapper/Manifest
app-backup/snapper/snapper-0.2.3.ebuild
app-backup/snapper/files/
app-backup/spideroak-bin/
app-backup/spideroak-bin/files/
app-backup/tarsnap/
app-backup/tob/
app-backup/tob/files/
app-backup/tsm/
app-backup/tsm/files/
app-backup/vzdump/
app-benchmarks/
app-benchmarks/acovea-gtk/
app-benchmarks/acovea-gtk/files/
app-benchmarks/acovea/
app-benchmarks/acovea/files/
app-benchmarks/bashmark/
app-benchmarks/bashmark/files/
app-benchmarks/bonnie++/
app-benchmarks/bonnie++/ChangeLog
app-benchmarks/bonnie++/Manifest
app-benchmarks/bonnie++/bonnie++-1.93c.ebuild
app-benchmarks/bonnie++/bonnie++-1.95.ebuild
app-benchmarks/bonnie++/bonnie++-1.96-r1.ebuild
app-benchmarks/bonnie++/bonnie++-1.96.ebuild
app-benchmarks/bonnie++/bonnie++-1.97.ebuild
app-benchmarks/bonnie++/files/
app-benchmarks/bonnie/
app-benchmarks/bonnie/ChangeLog
app-benchmarks/bonnie/Manifest
app-benchmarks/bonnie/bonnie-2.0.6-r1.ebuild
app-benchmarks/bonnie/bonnie-2.0.6.ebuild
app-benchmarks/bonnie/files/
app-benchmarks/bootchart2/
app-benchmarks/bootchart2/files/
app-benchmarks/contest/
app-benchmarks/contest/files/
app-benchmarks/cpuburn/
app-benchmarks/cpuburn/files/
app-benchmarks/dbench/
app-benchmarks/expedite/
app-benchmarks/filebench/
app-benchmarks/filebench/files/
app-benchmarks/forkbomb/
app-benchmarks/gtkperf/
app-benchmarks/gtkperf/files/
app-benchmarks/httperf/
app-benchmarks/httperf/ChangeLog
app-benchmarks/httperf/Manifest
app-benchmarks/httperf/httperf-0.8.ebuild
app-benchmarks/httperf/httperf-0.9.0-r1.ebuild
app-benchmarks/httperf/httperf-0.9.0-r2.ebuild
app-benchmarks/httperf/files/
app-benchmarks/i7z/
app-benchmarks/ioping/
app-benchmarks/ioping/files/
app-benchmarks/iozone/
app-benchmarks/jmeter/
app-benchmarks/jmeter/ChangeLog
app-benchmarks/jmeter/Manifest
app-benchmarks/jmeter/jmeter-2.0.1-r2.ebuild
app-benchmarks/jmeter/jmeter-2.0.1-r3.ebuild
app-benchmarks/jmeter/jmeter-2.0.1-r4.ebuild
app-benchmarks/jmeter/jmeter-2.0.1-r5.ebuild
app-benchmarks/libc-bench/
app-benchmarks/libc-bench/files/
app-benchmarks/ltp/
app-benchmarks/ltp/files/
app-benchmarks/nbench/
app-benchmarks/nbench/files/
app-benchmarks/os-autoinst/
app-benchmarks/phoronix-test-suite/
app-benchmarks/piozone/
app-benchmarks/piozone/ChangeLog
app-benchmarks/piozone/Manifest
app-benchmarks/piozone/piozone-1.0-r2.ebuild
app-benchmarks/piozone/piozone-1.0-r3.ebuild
app-benchmarks/piozone/files/
app-benchmarks/pipebench/
app-benchmarks/ramspeed/
app-benchmarks/siege/
app-benchmarks/siege/files/
app-benchmarks/spew/
app-benchmarks/spew/files/
app-benchmarks/stress/
app-benchmarks/stress/ChangeLog
app-benchmarks/stress/Manifest
app-benchmarks/stress/stress-0.18.6.ebuild
app-benchmarks/stress/stress-1.0.0.ebuild
app-benchmarks/stress/stress-1.0.1.ebuild
app-benchmarks/stress/stress-1.0.3.ebuild
app-benchmarks/stress/stress-1.0.4.ebuild
app-benchmarks/sysbench/
app-benchmarks/tiobench/
app-benchmarks/tiobench/files/
app-benchmarks/volanomark/
app-cdr/
app-cdr/acetoneiso/
app-cdr/b5i2iso/
app-cdr/backlite/
app-cdr/backlite/files/
app-cdr/bashburn/
app-cdr/bchunk/
app-cdr/bin2iso/
app-cdr/bin2iso/files/
app-cdr/brasero/
app-cdr/brasero/ChangeLog
app-cdr/brasero/Manifest
app-cdr/brasero/brasero-3.11.3.ebuild
app-cdr/brasero/files/
app-cdr/burn-cd/
app-cdr/burncdda/
app-cdr/burncenter/
app-cdr/ccd2iso/
app-cdr/ccd2iso/files/
app-cdr/cdck/
app-cdr/cdcover/
app-cdr/cdcover/files/
app-cdr/cddetect/
app-cdr/cdemu-daemon/
app-cdr/cdemu-daemon/files/
app-cdr/cdemu/
app-cdr/cdemu/files/
app-cdr/cdlabelgen/
app-cdr/cdlabelgen/files/
app-cdr/cdrdao/
app-cdr/cdrdao/files/
app-cdr/cdrkit/
app-cdr/cdrkit/ChangeLog
app-cdr/cdrkit/Manifest
app-cdr/cdrkit/cdrkit-1.1.11-r2.ebuild
app-cdr/cdrkit/files/
app-cdr/cdrtools/
app-cdr/cdrtools/ChangeLog
app-cdr/cdrtools/Manifest
app-cdr/cdrtools/cdrtools-3.01_alpha24.ebuild
app-cdr/cdw/
app-cdr/cdw/files/
app-cdr/cue2toc/
app-cdr/cuecue/
app-cdr/cuecue/files/
app-cdr/cuegen/
app-cdr/cuetools/
app-cdr/cuetools/files/
app-cdr/daa2iso/
app-cdr/daa2iso/files/
app-cdr/disc-cover/
app-cdr/dvd+rw-tools/
app-cdr/dvd+rw-tools/files/
app-cdr/dvd95/
app-cdr/dvd95/files/
app-cdr/dvdisaster/
app-cdr/dvdisaster/files/
app-cdr/dvdshrink/
app-cdr/extract-xiso/
app-cdr/gaffitter/
app-cdr/gcdemu/
app-cdr/gnomebaker/
app-cdr/gnomebaker/files/
app-cdr/graveman/
app-cdr/graveman/ChangeLog
app-cdr/graveman/Manifest
app-cdr/graveman/graveman-0.3.12_p5-r2.ebuild
app-cdr/graveman/files/
app-cdr/gtkcdlabel/
app-cdr/iat/
app-cdr/isomaster/
app-cdr/isomaster/files/
app-cdr/k3b/
app-cdr/k3b/files/
app-cdr/k9copy/
app-cdr/k9copy/files/
app-cdr/kcdemu/
app-cdr/mirage2iso/
app-cdr/mkcdtoc/
app-cdr/mode2cdmaker/
app-cdr/mode2cdmaker/files/
app-cdr/mp3burn/
app-cdr/multicd/
app-cdr/mybashburn/
app-cdr/nero/
app-cdr/nrg2iso/
app-cdr/pburn/
app-cdr/plextor-tool/
app-cdr/plextor-tool/files/
app-cdr/poweriso/
app-cdr/qmultirecord/
app-cdr/qmultirecord/files/
app-cdr/qpxtool/
app-cdr/qpxtool/files/
app-cdr/recorder/
app-cdr/sync2cd/
app-cdr/tkdvd/
app-cdr/uif2iso/
app-cdr/uif2iso/files/
app-cdr/webcdwriter/
app-cdr/webcdwriter/files/
app-cdr/xbiso/
app-cdr/xcdroast/
app-cdr/xcdroast/files/
app-cdr/xdvdfs-tools/
app-cdr/xdvdfs-tools/files/
app-cdr/xfburn/
app-crypt/
app-crypt/WiRouterKeyRec/
app-crypt/acr38u/
app-crypt/acr38u/files/
app-crypt/aescrypt/
app-crypt/aescrypt/files/
app-crypt/aespipe/
app-crypt/aesutil/
app-crypt/af_alg/
app-crypt/asedriveiiie-serial/
app-crypt/asedriveiiie-usb/
app-crypt/asekey/
app-crypt/asekey/ChangeLog
app-crypt/asekey/Manifest
app-crypt/asekey/asekey-3.7.ebuild
app-crypt/asekey/files/
app-crypt/bcrypt/
app-crypt/bcrypt/files/
app-crypt/bcwipe/
app-crypt/bcwipe/files/
app-crypt/bestcrypt/
app-crypt/bestcrypt/files/
app-crypt/bsign/
app-crypt/bsign/files/
app-crypt/cardpeek/
app-crypt/ccid/
app-crypt/ccid/ChangeLog
app-crypt/ccid/Manifest
app-crypt/ccid/ccid-1.4.17-r1.ebuild
app-crypt/ccid/files/
app-crypt/ccid/files/92_pcscd_ccid-2.rules
app-crypt/ccrypt/
app-crypt/cfs/
app-crypt/cfs/files/
app-crypt/chntpw/
app-crypt/ckpass/
app-crypt/codecrypt/
app-crypt/codegroup/
app-crypt/codegroup/files/
app-crypt/coolkey/
app-crypt/cryptkeeper/
app-crypt/cryptkeeper/files/
app-crypt/dieharder/
app-crypt/dieharder/files/
app-crypt/dirmngr/
app-crypt/dirmngr/files/
app-crypt/easy-rsa/
app-crypt/easy-rsa/files/
app-crypt/efitools/
app-crypt/efitools/files/
app-crypt/eid-mw/
app-crypt/eid-mw/ChangeLog
app-crypt/eid-mw/Manifest
app-crypt/eid-mw/eid-mw-4.0.6_p1480.ebuild
app-crypt/eid-mw/eid-mw-9999.ebuild
app-crypt/eid-mw/files/
app-crypt/eid-mw/files/fix-nodialog-bug.patch
app-crypt/ekeyd/
app-crypt/ekeyd/ChangeLog
app-crypt/ekeyd/Manifest
app-crypt/ekeyd/ekeyd-1.1.4-r2.ebuild
app-crypt/ekeyd/files/
app-crypt/elettra/
app-crypt/fcrackzip/
app-crypt/gcr/
app-crypt/gcr/ChangeLog
app-crypt/gcr/Manifest
app-crypt/gcr/gcr-3.12.2.ebuild
app-crypt/gifshuffle/
app-crypt/gnupg-pkcs11-scd/
app-crypt/gnupg/
app-crypt/gnupg/ChangeLog
app-crypt/gnupg/Manifest
app-crypt/gnupg/gnupg-2.0.25.ebuild
app-crypt/gnupg/gnupg-2.1.0_beta751.ebuild
app-crypt/gnupg/metadata.xml
app-crypt/gnupg/files/
app-crypt/gorilla/
app-crypt/gorilla/files/
app-crypt/gpa/
app-crypt/gpa/files/
app-crypt/gpg-ringmgr/
app-crypt/gpg-ringmgr/ChangeLog
app-crypt/gpg-ringmgr/Manifest
app-crypt/gpg-ringmgr/gpg-ringmgr-1.12.ebuild
app-crypt/gpgme/
app-crypt/gpgme/ChangeLog
app-crypt/gpgme/Manifest
app-crypt/gpgme/gpgme-1.3.2-r1.ebuild
app-crypt/gpgme/gpgme-1.4.4.ebuild
app-crypt/gpgme/gpgme-1.5.1.ebuild
app-crypt/gpgme/files/
app-crypt/gpgme/files/gpgme-1.3.2-CVE-2014-3564.patch
app-crypt/gpgstats/
app-crypt/gpgstats/files/
app-crypt/gringotts/
app-crypt/gringotts/files/
app-crypt/hashalot/
app-crypt/hashcat-bin/
app-crypt/hashcat-gui/
app-crypt/heimdal/
app-crypt/heimdal/ChangeLog
app-crypt/heimdal/Manifest
app-crypt/heimdal/heimdal-1.5.3-r2.ebuild
app-crypt/heimdal/files/
app-crypt/heimdal/files/heimdal_tinfo.patch
app-crypt/hmaccalc/
app-crypt/hmaccalc/ChangeLog
app-crypt/hmaccalc/Manifest
app-crypt/hmaccalc/hmaccalc-0.9.12.ebuild
app-crypt/hmaccalc/hmaccalc-0.9.13.ebuild
app-crypt/hmaccalc/metadata.xml
app-crypt/ima-evm-utils/
app-crypt/jacksum/
app-crypt/johntheripper/
app-crypt/johntheripper/files/
app-crypt/kencfs/
app-crypt/kencfs/files/
app-crypt/keylookup/
app-crypt/keynote/
app-crypt/keynote/files/
app-crypt/kstart/
app-crypt/libsecret/
app-crypt/libsecret/ChangeLog
app-crypt/libsecret/Manifest
app-crypt/libsecret/libsecret-0.18.ebuild
app-crypt/loop-aes-losetup/
app-crypt/mcrypt/
app-crypt/mcrypt/files/
app-crypt/md4sum/
app-crypt/md5deep/
app-crypt/md6sum/
app-crypt/md6sum/files/
app-crypt/mdcrack/
app-crypt/mdcrack/files/
app-crypt/mhash/
app-crypt/mhash/files/
app-crypt/mit-krb5-appl/
app-crypt/mit-krb5-appl/files/
app-crypt/mit-krb5/
app-crypt/mit-krb5/ChangeLog
app-crypt/mit-krb5/Manifest
app-crypt/mit-krb5/mit-krb5-1.11.4.ebuild
app-crypt/mit-krb5/mit-krb5-1.12.1-r1.ebuild
app-crypt/mit-krb5/mit-krb5-1.12.1-r2.ebuild
app-crypt/mit-krb5/files/
app-crypt/mit-krb5/files/CVE-2014-4343.patch
app-crypt/mit-krb5/files/CVE-2014-4344.patch
app-crypt/monkeysign/
app-crypt/monkeysign/ChangeLog
app-crypt/monkeysign/Manifest
app-crypt/monkeysign/metadata.xml
app-crypt/monkeysign/monkeysign-1.1-r2.ebuild
app-crypt/monkeysign/files/
app-crypt/monkeysign/files/monkeysign-1.1-basename.patch
app-crypt/monkeysign/files/monkeysign-1.1-rst2s5.patch
app-crypt/monkeysign/files/monkeysign.desktop
app-crypt/monkeysphere/
app-crypt/monkeysphere/ChangeLog
app-crypt/monkeysphere/Manifest
app-crypt/monkeysphere/metadata.xml
app-crypt/monkeysphere/monkeysphere-0.36-r2.ebuild
app-crypt/monkeysphere/files/
app-crypt/monkeysphere/files/monkeysphere-0.36_hd_od.patch
app-crypt/monkeysphere/files/monkeysphere-0.36_openpgp2ssh_sanity_check.patch
app-crypt/monkeysphere/files/monkeysphere-0.36_tests_gnupg2.patch
app-crypt/nasty/
app-crypt/nasty/files/
app-crypt/nistp224/
app-crypt/nistp224/files/
app-crypt/nwipe/
app-crypt/nwipe/files/
app-crypt/oclhashcat-lite-bin/
app-crypt/oclhashcat-plus-bin/
app-crypt/onak/
app-crypt/onak/files/
app-crypt/opencdk/
app-crypt/openssl-blacklist/
app-crypt/openssl-tpm-engine/
app-crypt/openvpn-blacklist/
app-crypt/ophcrack-tables/
app-crypt/ophcrack/
app-crypt/osslsigncode/
app-crypt/p11-kit/
app-crypt/p11-kit/ChangeLog
app-crypt/p11-kit/Manifest
app-crypt/p11-kit/p11-kit-0.20.3-r1.ebuild
app-crypt/p11-kit/p11-kit-0.20.3.ebuild
app-crypt/p11-kit/files/
app-crypt/paperkey/
app-crypt/pdfcrack/
app-crypt/pdfcrack/files/
app-crypt/pesign/
app-crypt/pesign/files/
app-crypt/pgpdump/
app-crypt/pgpdump/ChangeLog
app-crypt/pgpdump/Manifest
app-crypt/pgpdump/pgpdump-0.29.ebuild
app-crypt/pgpdump/files/
app-crypt/pinentry-qt/
app-crypt/pinentry/
app-crypt/pinentry/files/
app-crypt/pius/
app-crypt/pkcrack/
app-crypt/pkcs11-data/
app-crypt/pkcs11-dump/
app-crypt/qca-cyrus-sasl/
app-crypt/qca-gnupg/
app-crypt/qca-logger/
app-crypt/qca-ossl/
app-crypt/qca-ossl/files/
app-crypt/qca-pkcs11/
app-crypt/qca-pkcs11/files/
app-crypt/qca/
app-crypt/qca/files/
app-crypt/quickcrypt/
app-crypt/rainbowcrack/
app-crypt/rotix/
app-crypt/rotix/files/
app-crypt/sbsigntool/
app-crypt/sbsigntool/files/
app-crypt/scl011-bin/
app-crypt/scl011-bin/files/
app-crypt/scrypt/
app-crypt/scute/
app-crypt/scute/files/
app-crypt/seahorse-plugins/
app-crypt/seahorse-plugins/files/
app-crypt/seahorse-sharing/
app-crypt/seahorse/
app-crypt/seahorse/ChangeLog
app-crypt/seahorse/Manifest
app-crypt/seahorse/seahorse-3.12.2.ebuild
app-crypt/seahorse/files/
app-crypt/sgeps/
app-crypt/shash/
app-crypt/shash/files/
app-crypt/shishi/
app-crypt/shishi/files/
app-crypt/sign/
app-crypt/sign/files/
app-crypt/signing-party/
app-crypt/signing-party/ChangeLog
app-crypt/signing-party/Manifest
app-crypt/signing-party/signing-party-1.1.8.ebuild
app-crypt/signing-party/files/
app-crypt/ssdeep/
app-crypt/ssdeep/files/
app-crypt/ssh-multiadd/
app-crypt/stan/
app-crypt/stan/files/
app-crypt/tc-play/
app-crypt/tinyca/
app-crypt/tinyca/files/
app-crypt/tpm-emulator/
app-crypt/tpm-emulator/files/
app-crypt/tpm-tools/
app-crypt/tpm-tools/ChangeLog
app-crypt/tpm-tools/Manifest
app-crypt/tpm-tools/tpm-tools-1.3.5-r1.ebuild
app-crypt/tpm-tools/tpm-tools-1.3.8.ebuild
app-crypt/tpm-tools/files/
app-crypt/trousers/
app-crypt/trousers/ChangeLog
app-crypt/trousers/Manifest
app-crypt/trousers/trousers-0.3.10-r1.ebuild
app-crypt/trousers/files/
app-crypt/truecrypt/
app-crypt/truecrypt/files/
app-crypt/xca/
app-crypt/xca/files/
app-crypt/xor-analyze/
app-dicts/
app-dicts/aspell-af/
app-dicts/aspell-be/
app-dicts/aspell-be/files/
app-dicts/aspell-bg/
app-dicts/aspell-br/
app-dicts/aspell-ca/
app-dicts/aspell-cs/
app-dicts/aspell-cy/
app-dicts/aspell-da/
app-dicts/aspell-de-alt/
app-dicts/aspell-de-alt/files/
app-dicts/aspell-de/
app-dicts/aspell-el/
app-dicts/aspell-en/
app-dicts/aspell-eo/
app-dicts/aspell-es/
app-dicts/aspell-et/
app-dicts/aspell-fi/
app-dicts/aspell-fo/
app-dicts/aspell-fr/
app-dicts/aspell-ga/
app-dicts/aspell-gl/
app-dicts/aspell-he/
app-dicts/aspell-hr/
app-dicts/aspell-hu/
app-dicts/aspell-hy/
app-dicts/aspell-is/
app-dicts/aspell-it/
app-dicts/aspell-la/
app-dicts/aspell-lt/
app-dicts/aspell-nl/
app-dicts/aspell-no/
app-dicts/aspell-pl/
app-dicts/aspell-pt-br/
app-dicts/aspell-pt/
app-dicts/aspell-ro/
app-dicts/aspell-ru/
app-dicts/aspell-sk/
app-dicts/aspell-sl/
app-dicts/aspell-sr/
app-dicts/aspell-sv/
app-dicts/aspell-uk/
app-dicts/aspell-vi/
app-dicts/bookview/
app-dicts/bookview/files/
app-dicts/canna-2ch/
app-dicts/canna-2ch/files/
app-dicts/canna-cannadic/
app-dicts/canna-cannadic/files/
app-dicts/dictd-devils/
app-dicts/dictd-dicts/
app-dicts/dictd-elements/
app-dicts/dictd-foldoc/
app-dicts/dictd-gazetteer/
app-dicts/dictd-jargon/
app-dicts/dictd-misc/
app-dicts/dictd-vera/
app-dicts/dictd-web1913/
app-dicts/dictd-wn/
app-dicts/dikt/
app-dicts/duali-data/
app-dicts/eblook/
app-dicts/edictionary/
app-dicts/freedict-deu-eng/
app-dicts/freedict-eng-fra/
app-dicts/freedict-eng-ita/
app-dicts/freedict-eng-swe/
app-dicts/freedict-fra-eng/
app-dicts/freedict-ita-eng/
app-dicts/gjiten/
app-dicts/gjiten/ChangeLog
app-dicts/gjiten/Manifest
app-dicts/gjiten/gjiten-2.6-r3.ebuild
app-dicts/gjiten/files/
app-dicts/gjiten/files/gjiten-2.6-desktop.patch
app-dicts/gnome-dictionary/
app-dicts/gnuvd/
app-dicts/gwaei/
app-dicts/gwaei/files/
app-dicts/ipadic/
app-dicts/ipadic/files/
app-dicts/kasumi/
app-dicts/kasumi/files/
app-dicts/libydpdict/
app-dicts/mecab-ipadic/
app-dicts/mecab-naist-jdic/
app-dicts/migemo-dict/
app-dicts/myspell-af/
app-dicts/myspell-bg/
app-dicts/myspell-ca/
app-dicts/myspell-cs/
app-dicts/myspell-cy/
app-dicts/myspell-da/
app-dicts/myspell-de-alt/
app-dicts/myspell-de-alt/ChangeLog
app-dicts/myspell-de-alt/Manifest
app-dicts/myspell-de-alt/myspell-de-alt-20120929.ebuild
app-dicts/myspell-de/
app-dicts/myspell-el/
app-dicts/myspell-en/
app-dicts/myspell-eo/
app-dicts/myspell-es/
app-dicts/myspell-et/
app-dicts/myspell-fo/
app-dicts/myspell-fr/
app-dicts/myspell-ga/
app-dicts/myspell-gl/
app-dicts/myspell-he/
app-dicts/myspell-hr/
app-dicts/myspell-hu/
app-dicts/myspell-ia/
app-dicts/myspell-id/
app-dicts/myspell-is/
app-dicts/myspell-it/
app-dicts/myspell-km/
app-dicts/myspell-ku/
app-dicts/myspell-lt/
app-dicts/myspell-lv/
app-dicts/myspell-lv/ChangeLog
app-dicts/myspell-lv/Manifest
app-dicts/myspell-lv/metadata.xml
app-dicts/myspell-mi/
app-dicts/myspell-mk/
app-dicts/myspell-ms/
app-dicts/myspell-nb/
app-dicts/myspell-nl/
app-dicts/myspell-nn/
app-dicts/myspell-pl/
app-dicts/myspell-pt-br/
app-dicts/myspell-pt/
app-dicts/myspell-ro/
app-dicts/myspell-ru/
app-dicts/myspell-sk/
app-dicts/myspell-sl/
app-dicts/myspell-sq/
app-dicts/myspell-sv/
app-dicts/myspell-sw/
app-dicts/myspell-tn/
app-dicts/myspell-uk/
app-dicts/myspell-zu/
app-dicts/opendict/
app-dicts/opendict/files/
app-dicts/prime-dict/
app-dicts/qvortaro/
app-dicts/qvortaro/files/
app-dicts/stardict-cdict-en-zh-big5/
app-dicts/stardict-cdict-en-zh-gb/
app-dicts/stardict-cedict-zh-en-big5/
app-dicts/stardict-cedict-zh-en-gb/
app-dicts/stardict-dictd-devils/
app-dicts/stardict-freedict-eng-deu/
app-dicts/stardict-freedict-eng-fra/
app-dicts/stardict-freedict-eng-ita/
app-dicts/stardict-freedict-eng-lat/
app-dicts/stardict-freedict-eng-rus/
app-dicts/stardict-freedict-eng-spa/
app-dicts/stardict-freedict-eng-swe/
app-dicts/stardict-freedict-eng-tur/
app-dicts/stardict-freedict-tur-deu/
app-dicts/stardict-freedict-tur-eng/
app-dicts/stardict-hnd-de-vi/
app-dicts/stardict-hnd-en-vi/
app-dicts/stardict-hnd-fr-vi/
app-dicts/stardict-hnd-ru-vi/
app-dicts/stardict-hnd-vi-de/
app-dicts/stardict-hnd-vi-en/
app-dicts/stardict-hnd-vi-fr/
app-dicts/stardict-hnd-vi-vi/
app-dicts/stardict-jmdict-en-ja/
app-dicts/stardict-jmdict-ja-en/
app-dicts/stardict-langdao-en-zh-gb/
app-dicts/stardict-langdao-zh-en-gb/
app-dicts/stardict-mova-smiley/
app-dicts/stardict-oxford-en-zh-gb/
app-dicts/stardict-quick-eng-fra/
app-dicts/stardict-quick-eng-jpn/
app-dicts/stardict-quick-jpn-eng/
app-dicts/stardict-quick-ru-en/
app-dicts/stardict-xdict-en-zh-big5/
app-dicts/stardict-xdict-en-zh-gb/
app-dicts/stardict-xdict-zh-en-big5/
app-dicts/stardict-xdict-zh-en-gb/
app-dicts/sword-ab/
app-dicts/sword-abbott/
app-dicts/sword-abs_essay_goodsam_swb/
app-dicts/sword-acv/
app-dicts/sword-afr1953/
app-dicts/sword-akjv/
app-dicts/sword-alb/
app-dicts/sword-aleppo/
app-dicts/sword-amtract/
app-dicts/sword-arasvd/
app-dicts/sword-armeastern/
app-dicts/sword-armwestern/
app-dicts/sword-asv/
app-dicts/sword-barnes/
app-dicts/sword-bashautin/
app-dicts/sword-bbe/
app-dicts/sword-br_en/
app-dicts/sword-bulcarigradnt/
app-dicts/sword-bulveren/
app-dicts/sword-burjudson/
app-dicts/sword-bwe/
app-dicts/sword-byz/
app-dicts/sword-cbc/
app-dicts/sword-chamorro/
app-dicts/sword-chincvs/
app-dicts/sword-chincvt/
app-dicts/sword-chiun/
app-dicts/sword-chiuns/
app-dicts/sword-clarke/
app-dicts/sword-common/
app-dicts/sword-cro/
app-dicts/sword-czebkr/
app-dicts/sword-czecep/
app-dicts/sword-czekms/
app-dicts/sword-czenkb/
app-dicts/sword-daily/
app-dicts/sword-dan/
app-dicts/sword-darby/
app-dicts/sword-dbd/
app-dicts/sword-diaglott/
app-dicts/sword-drc/
app-dicts/sword-dtn/
app-dicts/sword-dutkant/
app-dicts/sword-dutsvv/
app-dicts/sword-easton/
app-dicts/sword-emtv/
app-dicts/sword-esperanto/
app-dicts/sword-est/
app-dicts/sword-family/
app-dicts/sword-farsiopv/
app-dicts/sword-finbiblia/
app-dicts/sword-finney/
app-dicts/sword-finpr/
app-dicts/sword-finpr92/
app-dicts/sword-frebbb/
app-dicts/sword-frecrampon/
app-dicts/sword-frecrl/
app-dicts/sword-frelsg/
app-dicts/sword-fremartin/
app-dicts/sword-fresegond/
app-dicts/sword-geneva/
app-dicts/sword-geneva1599/
app-dicts/sword-gerelb1871/
app-dicts/sword-gerelb1905/
app-dicts/sword-gerlut1545/
app-dicts/sword-gersch/
app-dicts/sword-greekhebrew/
app-dicts/sword-hebmodern/
app-dicts/sword-hebrewgreek/
app-dicts/sword-heretics/
app-dicts/sword-hitchcock/
app-dicts/sword-hnv/
app-dicts/sword-hunkar/
app-dicts/sword-hunuj/
app-dicts/sword-icelandic/
app-dicts/sword-institutes/
app-dicts/sword-isbe/
app-dicts/sword-isv/
app-dicts/sword-itadio/
app-dicts/sword-itarive/
app-dicts/sword-jfb/
app-dicts/sword-josephus/
app-dicts/sword-jps/
app-dicts/sword-jst/
app-dicts/sword-jubilee2000/
app-dicts/sword-kekchi/
app-dicts/sword-kjv/
app-dicts/sword-kjvd/
app-dicts/sword-klv/
app-dicts/sword-klven_iklingon/
app-dicts/sword-klviklingon_en/
app-dicts/sword-korean/
app-dicts/sword-la_en/
app-dicts/sword-latvian/
app-dicts/sword-lightfoot/
app-dicts/sword-litv/
app-dicts/sword-luther/
app-dicts/sword-mak/
app-dicts/sword-manxgaelic/
app-dicts/sword-maori/
app-dicts/sword-mhc/
app-dicts/sword-mhcc/
app-dicts/sword-mkjv/
app-dicts/sword-montgomery/
app-dicts/sword-murdock/
app-dicts/sword-nave/
app-dicts/sword-norsk/
app-dicts/sword-orthodoxy/
app-dicts/sword-packard/
app-dicts/sword-personal/
app-dicts/sword-peshitta/
app-dicts/sword-pilgrim/
app-dicts/sword-pnt/
app-dicts/sword-practice/
app-dicts/sword-rkjnt/
app-dicts/sword-rnkjv/
app-dicts/sword-robinson/
app-dicts/sword-romcor/
app-dicts/sword-rotherham/
app-dicts/sword-rst/
app-dicts/sword-rusmakarij/
app-dicts/sword-rwebster/
app-dicts/sword-rwp/
app-dicts/sword-saoa/
app-dicts/sword-scofield/
app-dicts/sword-scotsgaelic/
app-dicts/sword-sme/
app-dicts/sword-smith/
app-dicts/sword-sparv/
app-dicts/sword-sparvg2004/
app-dicts/sword-spasev/
app-dicts/sword-spavnt/
app-dicts/sword-spurious/
app-dicts/sword-strongsgreek/
app-dicts/sword-strongshebrew/
app-dicts/sword-swahili/
app-dicts/sword-tagalog/
app-dicts/sword-tcr/
app-dicts/sword-tdavid/
app-dicts/sword-tfg/
app-dicts/sword-tisch/
app-dicts/sword-torrey/
app-dicts/sword-tr/
app-dicts/sword-tsk/
app-dicts/sword-twenty/
app-dicts/sword-tyndale/
app-dicts/sword-ukjv/
app-dicts/sword-ukrainian/
app-dicts/sword-uma/
app-dicts/sword-umgreek/
app-dicts/sword-vulgate/
app-dicts/sword-vulgate_hebps/
app-dicts/sword-web/
app-dicts/sword-webster/
app-dicts/sword-webstersdict/
app-dicts/sword-wesley/
app-dicts/sword-weymouth/
app-dicts/sword-whnu/
app-dicts/sword-wlc/
app-dicts/sword-wulfila/
app-dicts/sword-wycliffe/
app-dicts/sword-xhosa/
app-dicts/sword-ylt/
app-dicts/verbiste/
app-dicts/wnn-ldic/
app-dicts/wordnet/
app-dicts/wordnet/files/
app-dicts/ydpdict/
app-doc/
app-doc/NaturalDocs/
app-doc/abs-guide/
app-doc/autobook/
app-doc/blas-docs/
app-doc/casting-spels-emacs/
app-doc/casting-spels-emacs/files/
app-doc/csound-manual/
app-doc/devmanual/
app-doc/djbdns-man/
app-doc/doxygen/
app-doc/doxygen/ChangeLog
app-doc/doxygen/Manifest
app-doc/doxygen/doxygen-1.8.3.1.ebuild
app-doc/doxygen/doxygen-1.8.4-r2.ebuild
app-doc/doxygen/doxygen-1.8.5.ebuild
app-doc/doxygen/files/
app-doc/doxygen/files/1.4.7/
app-doc/ebookmerge/
app-doc/ebookmerge/files/
app-doc/edox-data/
app-doc/elisp-manual/
app-doc/elisp-manual/files/
app-doc/geant-docs/
app-doc/gimp-help/
app-doc/gnucash-docs/
app-doc/halibut/
app-doc/jargon/
app-doc/lapack-docs/
app-doc/linkers-and-loaders/
app-doc/linux-device-drivers/
app-doc/linux-gazette-all/
app-doc/linux-gazette-base/
app-doc/linux-gazette/
app-doc/linux-kernel-in-a-nutshell/
app-doc/linuxfromscratch/
app-doc/mkdoxy/
app-doc/motif-reference-manual/
app-doc/php-docs/
app-doc/phrack-all/
app-doc/phrack/
app-doc/pms/
app-doc/podbrowser/
app-doc/podbrowser/files/
app-doc/psmark/
app-doc/psmark/files/
app-doc/root-docs/
app-doc/root-docs/files/
app-doc/selfhtml/
app-doc/selflinux/
app-doc/single-unix-specification/
app-doc/tldp-howto/
app-doc/vilearn/
app-doc/xmltoman/
app-doc/zsh-lovers/
app-editors/
app-editors/XML-XSH2/
app-editors/adie/
app-editors/aee/
app-editors/aee/files/
app-editors/amyedit/
app-editors/amyedit/files/
app-editors/beaver/
app-editors/beaver/files/
app-editors/bluefish/
app-editors/bvi/
app-editors/bvi/files/
app-editors/cooledit/
app-editors/cooledit/files/
app-editors/curses-hexedit/
app-editors/dav/
app-editors/dav/files/
app-editors/dhex/
app-editors/dhex/files/
app-editors/diakonos/
app-editors/e3/
app-editors/editra/
app-editors/ee/
app-editors/ee/files/
app-editors/efte/
app-editors/efte/files/
app-editors/elvis/
app-editors/elvis/files/
app-editors/emacs-vcs/
app-editors/emacs/
app-editors/emact/
app-editors/ersatz-emacs/
app-editors/ersatz-emacs/files/
app-editors/fb2edit/
app-editors/fe/
app-editors/fe/files/
app-editors/focuswriter/
app-editors/focuswriter/ChangeLog
app-editors/focuswriter/Manifest
app-editors/focuswriter/focuswriter-1.5.2-r1.ebuild
app-editors/focuswriter/metadata.xml
app-editors/focuswriter/files/
app-editors/focuswriter/files/focuswriter-1.5.2-unbundle-qtsingleapplication.patch
app-editors/fte/
app-editors/fte/files/
app-editors/gedit-plugins/
app-editors/gedit-plugins/ChangeLog
app-editors/gedit-plugins/Manifest
app-editors/gedit-plugins/gedit-plugins-3.12.1.ebuild
app-editors/gedit/
app-editors/gedit/ChangeLog
app-editors/gedit/Manifest
app-editors/gedit/gedit-3.12.2.ebuild
app-editors/gedit/files/
app-editors/ghex/
app-editors/gobby/
app-editors/gobby/files/
app-editors/gphpedit/
app-editors/gummi/
app-editors/gvim/
app-editors/gvim/ChangeLog
app-editors/gvim/Manifest
app-editors/gvim/gvim-7.4.273.ebuild
app-editors/gvim/files/
app-editors/hexcurse/
app-editors/hexcurse/files/
app-editors/hexedit/
app-editors/hteditor/
app-editors/jasspa-microemacs/
app-editors/jasspa-microemacs/files/
app-editors/jed/
app-editors/jedit/
app-editors/jext/
app-editors/jext/files/
app-editors/joe/
app-editors/joe/files/
app-editors/jove/
app-editors/jove/files/
app-editors/juffed/
app-editors/jupp/
app-editors/kile/
app-editors/latexila/
app-editors/latexila/ChangeLog
app-editors/latexila/Manifest
app-editors/latexila/latexila-2.12.1.ebuild
app-editors/le/
app-editors/leafpad/
app-editors/leafpad/files/
app-editors/leo/
app-editors/leo/files/
app-editors/levee/
app-editors/levee/files/
app-editors/lfhex/
app-editors/lfhex/files/
app-editors/lpe/
app-editors/lpe/files/
app-editors/mate-text-editor/
app-editors/mg/
app-editors/mg/ChangeLog
app-editors/mg/Manifest
app-editors/mg/mg-20140414.ebuild
app-editors/mlview/
app-editors/mlview/files/
app-editors/moe/
app-editors/moe/ChangeLog
app-editors/moe/Manifest
app-editors/moe/moe-1.6.ebuild
app-editors/mousepad/
app-editors/mousepad/files/
app-editors/mp/
app-editors/mp/files/
app-editors/nano/
app-editors/nano/ChangeLog
app-editors/nano/Manifest
app-editors/nano/nano-2.3.6.ebuild
app-editors/nano/files/
app-editors/ne/
app-editors/ne/files/
app-editors/nedit/
app-editors/nedit/files/
app-editors/ng/
app-editors/ng/files/
app-editors/nvi/
app-editors/nvi/files/
app-editors/padre/
app-editors/pluma/
app-editors/qemacs/
app-editors/qemacs/files/
app-editors/qwriter/
app-editors/qwriter/files/
app-editors/qxmledit/
app-editors/retext/
app-editors/retext/ChangeLog
app-editors/retext/Manifest
app-editors/retext/retext-4.1.3.ebuild
app-editors/retext/retext-9999.ebuild
app-editors/scite/
app-editors/scite/files/
app-editors/shed/
app-editors/shed/files/
app-editors/tea/
app-editors/teco/
app-editors/teco/files/
app-editors/ted/
app-editors/ted/files/
app-editors/uemacs-pk/
app-editors/uemacs-pk/files/
app-editors/vile/
app-editors/vile/files/
app-editors/vim-core/
app-editors/vim-core/ChangeLog
app-editors/vim-core/Manifest
app-editors/vim-core/vim-core-7.4.273.ebuild
app-editors/vim-core/files/
app-editors/vim-qt/
app-editors/vim/
app-editors/vim/ChangeLog
app-editors/vim/Manifest
app-editors/vim/vim-7.4.273.ebuild
app-editors/vim/files/
app-editors/wily/
app-editors/wxhexeditor/
app-editors/wxhexeditor/files/
app-editors/xemacs/
app-editors/xemacs/ChangeLog
app-editors/xemacs/Manifest
app-editors/xemacs/xemacs-21.4.22-r3.ebuild
app-editors/xemacs/files/
app-editors/xmlcopyeditor/
app-editors/xmlcopyeditor/files/
app-editors/xvile/
app-editors/xvile/files/
app-editors/yudit/
app-editors/zile/
app-editors/zile/ChangeLog
app-editors/zile/Manifest
app-editors/zile/zile-2.4.11.ebuild
app-editors/zile/files/
app-editors/znotes/
app-editors/znotes/files/
app-editors/zoinks/
app-emacs/
app-emacs/actionscript-mode/
app-emacs/actionscript-mode/files/
app-emacs/analog/
app-emacs/analog/files/
app-emacs/anything/
app-emacs/anything/files/
app-emacs/apache-mode/
app-emacs/apache-mode/files/
app-emacs/apel/
app-emacs/apel/ChangeLog
app-emacs/apel/Manifest
app-emacs/apel/apel-10.8-r1.ebuild
app-emacs/apel/files/
app-emacs/auctex/
app-emacs/auctex/ChangeLog
app-emacs/auctex/Manifest
app-emacs/auctex/auctex-11.87-r1.ebuild
app-emacs/auctex/files/
app-emacs/auto-complete/
app-emacs/auto-complete/files/
app-emacs/autoconf-mode/
app-emacs/autoconf-mode/files/
app-emacs/bbdb/
app-emacs/bbdb/ChangeLog
app-emacs/bbdb/Manifest
app-emacs/bbdb/bbdb-2.35-r1.ebuild
app-emacs/bbdb/bbdb-3.1.2.ebuild
app-emacs/bbdb/metadata.xml
app-emacs/bbdb/files/
app-emacs/bbdb/files/50bbdb-gentoo-3.1.2.el
app-emacs/bbdb/files/bbdb-3.1.2-no-init.patch
app-emacs/binclock/
app-emacs/binclock/files/
app-emacs/blogmax/
app-emacs/blogmax/files/
app-emacs/bm/
app-emacs/bm/files/
app-emacs/bongo/
app-emacs/bongo/files/
app-emacs/boxquote/
app-emacs/boxquote/files/
app-emacs/browse-kill-ring/
app-emacs/browse-kill-ring/files/
app-emacs/bubblet/
app-emacs/bubblet/files/
app-emacs/calfw/
app-emacs/calfw/files/
app-emacs/cedet/
app-emacs/cedet/files/
app-emacs/chess/
app-emacs/chess/files/
app-emacs/circe/
app-emacs/circe/files/
app-emacs/cldoc/
app-emacs/cldoc/files/
app-emacs/cmail/
app-emacs/cmail/files/
app-emacs/color-browser/
app-emacs/color-browser/files/
app-emacs/color-moccur/
app-emacs/color-moccur/files/
app-emacs/color-theme/
app-emacs/color-theme/files/
app-emacs/company-mode/
app-emacs/company-mode/files/
app-emacs/crontab-mode/
app-emacs/crontab-mode/files/
app-emacs/crypt++/
app-emacs/crypt++/files/
app-emacs/csharp-mode/
app-emacs/csharp-mode/files/
app-emacs/css-mode/
app-emacs/css-mode/files/
app-emacs/csv-mode/
app-emacs/csv-mode/files/
app-emacs/d-mode/
app-emacs/d-mode/files/
app-emacs/ddskk/
app-emacs/ddskk/files/
app-emacs/develock/
app-emacs/develock/files/
app-emacs/df-mode/
app-emacs/df-mode/files/
app-emacs/dictionary/
app-emacs/dictionary/files/
app-emacs/dircolors/
app-emacs/dircolors/files/
app-emacs/dired-sort-menu/
app-emacs/dired-sort-menu/files/
app-emacs/distel/
app-emacs/distel/files/
app-emacs/doctest-mode/
app-emacs/doctest-mode/files/
app-emacs/doxymacs/
app-emacs/doxymacs/files/
app-emacs/dropdown-list/
app-emacs/dropdown-list/files/
app-emacs/ebuild-mode/
app-emacs/ebuild-mode/files/
app-emacs/ecb/
app-emacs/ecb/files/
app-emacs/edb/
app-emacs/edb/files/
app-emacs/edit-list/
app-emacs/edit-list/files/
app-emacs/elib/
app-emacs/elib/files/
app-emacs/elscreen/
app-emacs/elscreen/files/
app-emacs/emacs-common-gentoo/
app-emacs/emacs-daemon/
app-emacs/emacs-jabber/
app-emacs/emacs-jabber/files/
app-emacs/emacs-w3m/
app-emacs/emacs-w3m/files/
app-emacs/emacs-wget/
app-emacs/emacs-wget/files/
app-emacs/emacs-wiki-blog/
app-emacs/emacs-wiki-blog/files/
app-emacs/emacs-wiki/
app-emacs/emacs-wiki/files/
app-emacs/emhacks/
app-emacs/emhacks/files/
app-emacs/emms/
app-emacs/emms/files/
app-emacs/erobot/
app-emacs/erobot/files/
app-emacs/eselect-mode/
app-emacs/eselect-mode/ChangeLog
app-emacs/eselect-mode/Manifest
app-emacs/eselect-mode/metadata.xml
app-emacs/eselect-mode/files/
app-emacs/ess/
app-emacs/ess/files/
app-emacs/evil/
app-emacs/evil/files/
app-emacs/fff/
app-emacs/fff/files/
app-emacs/filladapt/
app-emacs/filladapt/files/
app-emacs/flashcard/
app-emacs/flashcard/files/
app-emacs/flim/
app-emacs/flim/files/
app-emacs/folding/
app-emacs/folding/files/
app-emacs/gnuplot-mode/
app-emacs/gnuplot-mode/ChangeLog
app-emacs/gnuplot-mode/Manifest
app-emacs/gnuplot-mode/gnuplot-mode-0.7.0.ebuild
app-emacs/gnuplot-mode/files/
app-emacs/gnuserv/
app-emacs/gnuserv/files/
app-emacs/google-c-style/
app-emacs/google-c-style/files/
app-emacs/graphviz-dot-mode/
app-emacs/graphviz-dot-mode/files/
app-emacs/grep-edit/
app-emacs/grep-edit/files/
app-emacs/h4x0r/
app-emacs/h4x0r/files/
app-emacs/haskell-mode/
app-emacs/haskell-mode/files/
app-emacs/hexrgb/
app-emacs/hexrgb/files/
app-emacs/highline/
app-emacs/highline/files/
app-emacs/howm/
app-emacs/howm/files/
app-emacs/htmlize/
app-emacs/htmlize/files/
app-emacs/httpd/
app-emacs/httpd/files/
app-emacs/icicles/
app-emacs/icicles/files/
app-emacs/identica-mode/
app-emacs/identica-mode/files/
app-emacs/igrep/
app-emacs/igrep/files/
app-emacs/imaxima/
app-emacs/imaxima/files/
app-emacs/inform-mode/
app-emacs/inform-mode/files/
app-emacs/initsplit/
app-emacs/initsplit/files/
app-emacs/jam-mode/
app-emacs/jam-mode/files/
app-emacs/jasmin/
app-emacs/jasmin/files/
app-emacs/javascript/
app-emacs/javascript/files/
app-emacs/jde/
app-emacs/jde/files/
app-emacs/keywiz/
app-emacs/keywiz/files/
app-emacs/limit/
app-emacs/limit/files/
app-emacs/lookup/
app-emacs/lookup/files/
app-emacs/lua-mode/
app-emacs/lua-mode/files/
app-emacs/lyskom-elisp-client/
app-emacs/lyskom-elisp-client/files/
app-emacs/magit/
app-emacs/magit/ChangeLog
app-emacs/magit/Manifest
app-emacs/magit/magit-1.2.0-r1.ebuild
app-emacs/magit/files/
app-emacs/mailcrypt/
app-emacs/mailcrypt/files/
app-emacs/markdown-mode/
app-emacs/markdown-mode/files/
app-emacs/matlab/
app-emacs/matlab/files/
app-emacs/mcomplete/
app-emacs/mcomplete/files/
app-emacs/mediawiki/
app-emacs/mediawiki/files/
app-emacs/mew/
app-emacs/mew/files/
app-emacs/mic-paren/
app-emacs/mic-paren/files/
app-emacs/mldonkey/
app-emacs/mldonkey/files/
app-emacs/mmm-mode/
app-emacs/mmm-mode/files/
app-emacs/moccur-edit/
app-emacs/moccur-edit/files/
app-emacs/mode-compile/
app-emacs/mode-compile/files/
app-emacs/mpg123-el/
app-emacs/mpg123-el/files/
app-emacs/mu-cite/
app-emacs/mu-cite/files/
app-emacs/muse/
app-emacs/muse/files/
app-emacs/nagios-mode/
app-emacs/nagios-mode/files/
app-emacs/navi2ch/
app-emacs/navi2ch/files/
app-emacs/nxml-docbook5-schemas/
app-emacs/nxml-docbook5-schemas/files/
app-emacs/nxml-gentoo-schemas/
app-emacs/nxml-gentoo-schemas/files/
app-emacs/nxml-libvirt-schemas/
app-emacs/nxml-libvirt-schemas/files/
app-emacs/nxml-svg-schemas/
app-emacs/nxml-svg-schemas/files/
app-emacs/ocaml-mode/
app-emacs/ocaml-mode/files/
app-emacs/org-mode/
app-emacs/org-mode/ChangeLog
app-emacs/org-mode/Manifest
app-emacs/org-mode/org-mode-8.2.6.ebuild
app-emacs/org-mode/files/
app-emacs/outline-magic/
app-emacs/outline-magic/files/
app-emacs/paredit/
app-emacs/paredit/files/
app-emacs/php-mode/
app-emacs/php-mode/files/
app-emacs/planner/
app-emacs/planner/files/
app-emacs/po-mode/
app-emacs/po-mode/files/
app-emacs/popwin/
app-emacs/popwin/files/
app-emacs/pov-mode/
app-emacs/pov-mode/files/
app-emacs/prom-wl/
app-emacs/prom-wl/files/
app-emacs/proofgeneral/
app-emacs/proofgeneral/files/
app-emacs/protbuf/
app-emacs/protbuf/files/
app-emacs/psgml/
app-emacs/psgml/files/
app-emacs/pymacs/
app-emacs/pymacs/files/
app-emacs/python-mode/
app-emacs/python-mode/files/
app-emacs/quack/
app-emacs/quack/files/
app-emacs/quilt-el/
app-emacs/quilt-el/files/
app-emacs/qwerty/
app-emacs/qwerty/files/
app-emacs/redo+/
app-emacs/redo+/files/
app-emacs/regress/
app-emacs/regress/files/
app-emacs/remember/
app-emacs/remember/files/
app-emacs/rfcview/
app-emacs/rfcview/files/
app-emacs/riece/
app-emacs/riece/files/
app-emacs/rnc-mode/
app-emacs/rnc-mode/files/
app-emacs/rpm-spec-mode/
app-emacs/rpm-spec-mode/files/
app-emacs/ruby-mode/
app-emacs/ruby-mode/ChangeLog
app-emacs/ruby-mode/Manifest
app-emacs/ruby-mode/ruby-mode-2.1.2.ebuild
app-emacs/ruby-mode/files/
app-emacs/ruby-mode/files/50ruby-mode-gentoo-2.1.2.el
app-emacs/rudel/
app-emacs/rudel/files/
app-emacs/sawfish/
app-emacs/sawfish/files/
app-emacs/scala-mode/
app-emacs/scala-mode/files/
app-emacs/scheme-complete/
app-emacs/scheme-complete/files/
app-emacs/scim-bridge-el/
app-emacs/scim-bridge-el/files/
app-emacs/scss-mode/
app-emacs/scss-mode/files/
app-emacs/semi/
app-emacs/semi/files/
app-emacs/session/
app-emacs/session/files/
app-emacs/setnu/
app-emacs/setnu/files/
app-emacs/slime/
app-emacs/slime/ChangeLog
app-emacs/slime/Manifest
app-emacs/slime/slime-2.0_p20101103.ebuild
app-emacs/slime/files/
app-emacs/sml-mode/
app-emacs/sml-mode/files/
app-emacs/sokoban/
app-emacs/sokoban/files/
app-emacs/ssh/
app-emacs/ssh/files/
app-emacs/stripes/
app-emacs/stripes/files/
app-emacs/sumibi/
app-emacs/sumibi/files/
app-emacs/tdtd/
app-emacs/tdtd/files/
app-emacs/teco/
app-emacs/teco/files/
app-emacs/template/
app-emacs/template/files/
app-emacs/tempo-snippets/
app-emacs/tempo-snippets/files/
app-emacs/thinks/
app-emacs/thinks/files/
app-emacs/thumbs/
app-emacs/thumbs/files/
app-emacs/tuareg-mode/
app-emacs/tuareg-mode/files/
app-emacs/twittering-mode/
app-emacs/typing/
app-emacs/typing/files/
app-emacs/uboat/
app-emacs/uboat/files/
app-emacs/undo-tree/
app-emacs/undo-tree/files/
app-emacs/uptimes/
app-emacs/uptimes/files/
app-emacs/vhdl-mode/
app-emacs/vhdl-mode/files/
app-emacs/visual-basic-mode/
app-emacs/visual-basic-mode/files/
app-emacs/vm/
app-emacs/vm/files/
app-emacs/volume/
app-emacs/volume/files/
app-emacs/w3mnav/
app-emacs/w3mnav/files/
app-emacs/wanderlust/
app-emacs/wanderlust/ChangeLog
app-emacs/wanderlust/Manifest
app-emacs/wanderlust/wanderlust-2.14.0-r6.ebuild
app-emacs/wanderlust/wanderlust-2.15.9_p20130619.ebuild
app-emacs/wanderlust/wanderlust-2.15.9_pre20120923.ebuild
app-emacs/wanderlust/files/
app-emacs/whine/
app-emacs/whine/files/
app-emacs/wikipedia-mode/
app-emacs/wikipedia-mode/files/
app-emacs/xclip/
app-emacs/xclip/files/
app-emacs/xrdb-mode/
app-emacs/xrdb-mode/files/
app-emacs/xslide/
app-emacs/xslide/files/
app-emacs/yaml-mode/
app-emacs/yaml-mode/files/
app-emacs/yasnippet/
app-emacs/yasnippet/files/
app-emacs/yatex/
app-emacs/yatex/files/
app-emacs/yc/
app-emacs/yc/files/
app-emacs/zenburn/
app-emacs/zenburn/files/
app-emacs/zenirc/
app-emacs/zenirc/files/
app-emulation/
app-emulation/aqemu/
app-emulation/aqemu/files/
app-emulation/aranym/
app-emulation/aranym/ChangeLog
app-emulation/aranym/Manifest
app-emulation/aranym/aranym-0.9.14.ebuild
app-emulation/armv8-fast-model/
app-emulation/bochs/
app-emulation/cloud-init/
app-emulation/cloud-init/files/
app-emulation/coldfire/
app-emulation/coldfire/files/
app-emulation/crossover-bin/
app-emulation/crossover-office-bin/
app-emulation/crossover-office-pro-bin/
app-emulation/dinero/
app-emulation/dlx/
app-emulation/docker/
app-emulation/docker/files/
app-emulation/domi/
app-emulation/domi/files/
app-emulation/dosemu/
app-emulation/dosemu/files/
app-emulation/dynamips/
app-emulation/dynamips/files/
app-emulation/e-uae/
app-emulation/e-uae/files/
app-emulation/edumips64/
app-emulation/edumips64/files/
app-emulation/emul-linux-x86-baselibs/
app-emulation/emul-linux-x86-baselibs/ChangeLog
app-emulation/emul-linux-x86-baselibs/Manifest
app-emulation/emul-linux-x86-baselibs/emul-linux-x86-baselibs-20131008-r6.ebuild
app-emulation/emul-linux-x86-baselibs/emul-linux-x86-baselibs-20140406-r4.ebuild
app-emulation/emul-linux-x86-baselibs/emul-linux-x86-baselibs-20140508-r12.ebuild
app-emulation/emul-linux-x86-baselibs/emul-linux-x86-baselibs-20140508-r13.ebuild
app-emulation/emul-linux-x86-baselibs/emul-linux-x86-baselibs-20140508-r14.ebuild
app-emulation/emul-linux-x86-baselibs/emul-linux-x86-baselibs-20140508-r9.ebuild
app-emulation/emul-linux-x86-baselibs/files/
app-emulation/emul-linux-x86-compat/
app-emulation/emul-linux-x86-compat/files/
app-emulation/emul-linux-x86-cpplibs/
app-emulation/emul-linux-x86-db/
app-emulation/emul-linux-x86-db/files/
app-emulation/emul-linux-x86-glibc-errno-compat/
app-emulation/emul-linux-x86-glibc-errno-compat/files/
app-emulation/emul-linux-x86-gstplugins/
app-emulation/emul-linux-x86-gtklibs/
app-emulation/emul-linux-x86-gtklibs/files/
app-emulation/emul-linux-x86-gtkmmlibs/
app-emulation/emul-linux-x86-java/
app-emulation/emul-linux-x86-java/files/
app-emulation/emul-linux-x86-jna/
app-emulation/emul-linux-x86-medialibs/
app-emulation/emul-linux-x86-medialibs/files/
app-emulation/emul-linux-x86-motif/
app-emulation/emul-linux-x86-opengl/
app-emulation/emul-linux-x86-qtlibs/
app-emulation/emul-linux-x86-sdl/
app-emulation/emul-linux-x86-soundlibs/
app-emulation/emul-linux-x86-soundlibs/files/
app-emulation/emul-linux-x86-xlibs/
app-emulation/free42/
app-emulation/free42/files/
app-emulation/fuse-utils/
app-emulation/fuse-utils/ChangeLog
app-emulation/fuse-utils/Manifest
app-emulation/fuse-utils/fuse-utils-1.1.1.ebuild
app-emulation/fuse-utils/files/
app-emulation/fuse/
app-emulation/fuse/ChangeLog
app-emulation/fuse/Manifest
app-emulation/fuse/fuse-1.1.1.ebuild
app-emulation/fuse/files/
app-emulation/ganeti-htools/
app-emulation/ganeti-htools/files/
app-emulation/ganeti-instance-debian-etch/
app-emulation/ganeti-instance-debootstrap/
app-emulation/ganeti-instance-image/
app-emulation/ganeti/
app-emulation/ganeti/files/
app-emulation/gxemul/
app-emulation/gxemul/files/
app-emulation/hercules/
app-emulation/hercules/files/
app-emulation/kvm-kmod/
app-emulation/libcacard/
app-emulation/libguestfs-appliance/
app-emulation/libguestfs-appliance/files/
app-emulation/libguestfs/
app-emulation/libguestfs/files/
app-emulation/libguestfs/files/1.24/
app-emulation/libguestfs/files/1.26/
app-emulation/libspectrum/
app-emulation/libspectrum/ChangeLog
app-emulation/libspectrum/Manifest
app-emulation/libspectrum/libspectrum-1.1.1.ebuild
app-emulation/libspectrum/files/
app-emulation/libvirt-glib/
app-emulation/libvirt-glib/ChangeLog
app-emulation/libvirt-glib/Manifest
app-emulation/libvirt-glib/libvirt-glib-0.1.8.ebuild
app-emulation/libvirt-snmp/
app-emulation/libvirt-snmp/files/
app-emulation/libvirt/
app-emulation/libvirt/ChangeLog
app-emulation/libvirt/Manifest
app-emulation/libvirt/libvirt-1.2.3.ebuild
app-emulation/libvirt/libvirt-1.2.5.ebuild
app-emulation/libvirt/libvirt-1.2.6.ebuild
app-emulation/libvirt/libvirt-9999.ebuild
app-emulation/libvirt/files/
app-emulation/lxc/
app-emulation/lxc/files/
app-emulation/open-vm-tools-kmod/
app-emulation/open-vm-tools-kmod/files/
app-emulation/open-vm-tools/
app-emulation/open-vm-tools/files/
app-emulation/openstack-guest-agents-unix/
app-emulation/openstack-guest-agents-unix/ChangeLog
app-emulation/openstack-guest-agents-unix/Manifest
app-emulation/openstack-guest-agents-unix/openstack-guest-agents-unix-1.39.0.ebuild
app-emulation/openstack-guest-agents-unix/files/
app-emulation/phpvirtualbox/
app-emulation/phpvirtualbox/files/
app-emulation/playonlinux/
app-emulation/playonlinux/ChangeLog
app-emulation/playonlinux/Manifest
app-emulation/playonlinux/playonlinux-4.2.4.ebuild
app-emulation/playonlinux/files/
app-emulation/playonlinux/files/playonlinux-4.2.4-binary-plugin.patch
app-emulation/playonlinux/files/playonlinux-4.2.4-pol-bash.patch
app-emulation/playonlinux/files/playonlinux-pkg.1
app-emulation/playonlinux/files/playonlinux.1
app-emulation/q4wine/
app-emulation/q4wine/files/
app-emulation/qemu-guest-agent/
app-emulation/qemu-guest-agent/files/
app-emulation/qemu/
app-emulation/qemu/ChangeLog
app-emulation/qemu/Manifest
app-emulation/qemu/metadata.xml
app-emulation/qemu/qemu-2.0.0-r1.ebuild
app-emulation/qemu/qemu-2.0.0.ebuild
app-emulation/qemu/qemu-2.1.0.ebuild
app-emulation/qemu/qemu-9999.ebuild
app-emulation/qemu/files/
app-emulation/qemu/files/qemu-binfmt.initd-r1
app-emulation/qtemu/
app-emulation/qtemu/files/
app-emulation/rex-client/
app-emulation/simh/
app-emulation/simh/files/
app-emulation/ski/
app-emulation/ski/files/
app-emulation/skyeye/
app-emulation/softgun/
app-emulation/softgun/files/
app-emulation/spectemu/
app-emulation/spectemu/files/
app-emulation/spice-protocol/
app-emulation/spice-vdagent/
app-emulation/spice-vdagent/files/
app-emulation/spice/
app-emulation/spice/files/
app-emulation/spim/
app-emulation/spim/files/
app-emulation/uade/
app-emulation/uae/
app-emulation/uae/files/
app-emulation/vagrant/
app-emulation/vagrant/files/
app-emulation/vboxgtk/
app-emulation/vice/
app-emulation/vice/ChangeLog
app-emulation/vice/Manifest
app-emulation/vice/vice-2.4.ebuild
app-emulation/vice/files/
app-emulation/virt-manager/
app-emulation/virt-viewer/
app-emulation/virt-viewer/files/
app-emulation/virt-what/
app-emulation/virtinst/
app-emulation/virtualbox-additions/
app-emulation/virtualbox-additions/ChangeLog
app-emulation/virtualbox-additions/Manifest
app-emulation/virtualbox-additions/virtualbox-additions-4.2.26.ebuild
app-emulation/virtualbox-additions/virtualbox-additions-4.3.14.ebuild
app-emulation/virtualbox-bin/
app-emulation/virtualbox-bin/ChangeLog
app-emulation/virtualbox-bin/Manifest
app-emulation/virtualbox-bin/virtualbox-bin-4.2.24.ebuild
app-emulation/virtualbox-bin/virtualbox-bin-4.2.26.95022.ebuild
app-emulation/virtualbox-bin/virtualbox-bin-4.3.12.93733.ebuild
app-emulation/virtualbox-bin/virtualbox-bin-4.3.14.95030.ebuild
app-emulation/virtualbox-bin/files/
app-emulation/virtualbox-extpack-oracle/
app-emulation/virtualbox-extpack-oracle/ChangeLog
app-emulation/virtualbox-extpack-oracle/Manifest
app-emulation/virtualbox-extpack-oracle/virtualbox-extpack-oracle-4.2.26.95022.ebuild
app-emulation/virtualbox-extpack-oracle/virtualbox-extpack-oracle-4.3.14.95030.ebuild
app-emulation/virtualbox-guest-additions/
app-emulation/virtualbox-guest-additions/ChangeLog
app-emulation/virtualbox-guest-additions/Manifest
app-emulation/virtualbox-guest-additions/virtualbox-guest-additions-4.2.26.ebuild
app-emulation/virtualbox-guest-additions/virtualbox-guest-additions-4.3.14.ebuild
app-emulation/virtualbox-guest-additions/files/
app-emulation/virtualbox-modules/
app-emulation/virtualbox-modules/ChangeLog
app-emulation/virtualbox-modules/Manifest
app-emulation/virtualbox-modules/virtualbox-modules-4.2.26.ebuild
app-emulation/virtualbox-modules/virtualbox-modules-4.3.14.ebuild
app-emulation/virtualbox-modules/files/
app-emulation/virtualbox/
app-emulation/virtualbox/ChangeLog
app-emulation/virtualbox/Manifest
app-emulation/virtualbox/virtualbox-4.2.24.ebuild
app-emulation/virtualbox/virtualbox-4.2.26.ebuild
app-emulation/virtualbox/virtualbox-4.3.12.ebuild
app-emulation/virtualbox/virtualbox-4.3.14.ebuild
app-emulation/virtualbox/virtualbox-9999.ebuild
app-emulation/virtualbox/files/
app-emulation/vmips-cross-bin/
app-emulation/vmips/
app-emulation/vmware-modules/
app-emulation/vmware-modules/files/
app-emulation/vmware-player/
app-emulation/vmware-player/files/
app-emulation/vmware-tools/
app-emulation/vmware-view-open-client/
app-emulation/vmware-view-open-client/files/
app-emulation/vmware-vix/
app-emulation/vmware-workstation/
app-emulation/vmware-workstation/files/
app-emulation/vov/
app-emulation/wine-doors/
app-emulation/wine/
app-emulation/wine/ChangeLog
app-emulation/wine/Manifest
app-emulation/wine/metadata.xml
app-emulation/wine/files/
app-emulation/winetricks/
app-emulation/x48/
app-emulation/xe-guest-utilities/
app-emulation/xe-guest-utilities/files/
app-emulation/xen-pvgrub/
app-emulation/xen-pvgrub/ChangeLog
app-emulation/xen-pvgrub/Manifest
app-emulation/xen-pvgrub/xen-pvgrub-4.2.4.ebuild
app-emulation/xen-pvgrub/xen-pvgrub-4.3.2.ebuild
app-emulation/xen-pvgrub/xen-pvgrub-4.4.0.ebuild
app-emulation/xen-pvgrub/files/
app-emulation/xen-tools/
app-emulation/xen-tools/ChangeLog
app-emulation/xen-tools/Manifest
app-emulation/xen-tools/xen-tools-4.2.4-r6.ebuild
app-emulation/xen-tools/xen-tools-4.3.2-r5.ebuild
app-emulation/xen-tools/xen-tools-4.4.0-r8.ebuild
app-emulation/xen-tools/files/
app-emulation/xen/
rsync error: timeout in data send/receive (code 30) at io.c(200) [sender=3.0.6]
rsync: connection unexpectedly closed (4409327 bytes received so far) [receiver]
rsync error: error in rsync protocol data stream (code 12) at io.c(600) [receiver=3.0.6]
rsync: connection unexpectedly closed (4259105 bytes received so far) [generator]
rsync error: error in rsync protocol data stream (code 12) at io.c(600) [generator=3.0.6]
