2014-08-06 00:11:24
rsync://us-msync.centos.org/CentOS/

msync.CentOS.org rsync service (centosi6)
---------------------------------------

This service is intended for the sole use of the CentOS worldwide mirror network
to synchronize mirrors.

Unless you are running or intending to run a listed public CentOS mirror
use a mirror listed at http://centos.org/download/mirrors

If you intend to populate a mirror for public use please read the
notes at http://wiki.centos.org/HowTos/CreatePublicMirrors

If you do use this service then it is implied that you are providing a
mirror for public use and giving us authority to publicise such mirror.

receiving file list ... done
./
TIME
dir_sizes
filelist.gz
timestamp.txt
2.1/
3.9/
4.0/
4.1/
4.2/
4.3/
4.3/HEADER.html
4.3/readme
4.4/
4.5/
4.6/
4.7/
4.8/
4.9/
5.0/
5.1/
5.10/
5.10/addons/
5.10/addons/i386/
5.10/addons/i386/RPMS/
5.10/addons/i386/repodata/
5.10/addons/x86_64/
5.10/addons/x86_64/RPMS/
5.10/addons/x86_64/repodata/
5.10/centosplus/
5.10/centosplus/i386/
5.10/centosplus/i386/RPMS/
5.10/centosplus/i386/repodata/
5.10/centosplus/x86_64/
5.10/centosplus/x86_64/RPMS/
5.10/centosplus/x86_64/repodata/
5.10/contrib/
5.10/contrib/i386/
5.10/contrib/i386/RPMS/
5.10/contrib/i386/repodata/
5.10/contrib/x86_64/
5.10/contrib/x86_64/RPMS/
5.10/contrib/x86_64/repodata/
5.10/cr/
5.10/cr/i386/
5.10/cr/i386/RPMS/
5.10/cr/i386/repodata/
5.10/cr/x86_64/
5.10/cr/x86_64/RPMS/
5.10/cr/x86_64/repodata/
5.10/extras/
5.10/extras/i386/
5.10/extras/i386/RPMS/
5.10/extras/i386/RPMS/dmapi-2.2.8-1.el5.centos.i386.rpm
5.10/extras/i386/RPMS/dmapi-devel-2.2.8-1.el5.centos.i386.rpm
5.10/extras/i386/RPMS/kmod-drbd82-8.2.6-2.i686.rpm
5.10/extras/i386/RPMS/kmod-drbd82-PAE-8.2.6-2.i686.rpm
5.10/extras/i386/RPMS/kmod-drbd82-xen-8.2.6-2.i686.rpm
5.10/extras/i386/RPMS/libgdiplus-1.2.5-1.el5.centos.i386.rpm
5.10/extras/i386/RPMS/libgdiplus-devel-1.2.5-1.el5.centos.i386.rpm
5.10/extras/i386/RPMS/xfsdump-2.2.46-1.el5.centos.i386.rpm
5.10/extras/i386/RPMS/xfsprogs-2.9.4-1.el5.centos.i386.rpm
5.10/extras/i386/RPMS/xfsprogs-devel-2.9.4-1.el5.centos.i386.rpm
5.10/extras/i386/repodata/
5.10/extras/x86_64/
5.10/extras/x86_64/yumgroups.xml
5.10/extras/x86_64/RPMS/
5.10/extras/x86_64/RPMS/amqp-1.0.750054-1.el5.centos.noarch.rpm
5.10/extras/x86_64/RPMS/centos-admin-console-8.2.0-2.el5.centos.noarch.rpm
5.10/extras/x86_64/RPMS/centos-ds-console-8.2.0-4.el5.centos.noarch.rpm
5.10/extras/x86_64/RPMS/dmapi-2.2.8-1.el5.centos.x86_64.rpm
5.10/extras/x86_64/RPMS/dmapi-devel-2.2.8-1.el5.centos.x86_64.rpm
5.10/extras/x86_64/RPMS/gollem-h3-1.0.4-1.el5_3.noarch.rpm
5.10/extras/x86_64/RPMS/horde-3.1.9-1.el5_3.noarch.rpm
5.10/extras/x86_64/RPMS/idm-console-framework-1.1.5-1.el5.centos.noarch.rpm
5.10/extras/x86_64/RPMS/imp-h3-4.1.6-1.el5.centos.noarch.rpm
5.10/extras/x86_64/RPMS/ingo-h3-1.1.5-1.el5.centos.noarch.rpm
5.10/extras/x86_64/RPMS/kmod-drbd82-8.2.6-2.x86_64.rpm
5.10/extras/x86_64/RPMS/kmod-drbd82-xen-8.2.6-2.x86_64.rpm
5.10/extras/x86_64/RPMS/kronolith-h3-2.1.8-1.el5.centos.noarch.rpm
5.10/extras/x86_64/RPMS/libgdiplus-1.2.5-1.el5.centos.x86_64.rpm
5.10/extras/x86_64/RPMS/libgdiplus-devel-1.2.5-1.el5.centos.x86_64.rpm
5.10/extras/x86_64/RPMS/mnemo-h3-2.1.2-1.el5.centos.noarch.rpm
5.10/extras/x86_64/RPMS/nag-h3-2.1.4-1.el5.centos.noarch.rpm
5.10/extras/x86_64/RPMS/perl-Authen-Radius-0.13-1.el5.centos.noarch.rpm
5.10/extras/x86_64/RPMS/perl-Data-HexDump-0.02-1.el5.centos.noarch.rpm
5.10/extras/x86_64/RPMS/perl-Mail-POP3Client-2.17-1.el5.centos.noarch.rpm
5.10/extras/x86_64/RPMS/perl-MailTools-1.77-1.el5.centos.noarch.rpm
5.10/extras/x86_64/RPMS/perl-Net-IMAP-Simple-1.17-1.el5.centos.noarch.rpm
5.10/extras/x86_64/RPMS/perl-Net-IMAP-Simple-SSL-1.3-1.el5.centos.noarch.rpm
5.10/extras/x86_64/RPMS/perl-TimeDate-1.16-1.el5.centos.noarch.rpm
5.10/extras/x86_64/RPMS/php-pear-Auth-SASL-1.0.2-4.el5.centos.noarch.rpm
5.10/extras/x86_64/RPMS/php-pear-DB-1.7.13-1.el5.centos.noarch.rpm
5.10/extras/x86_64/RPMS/php-pear-Date-1.4.7-2.el5.centos.noarch.rpm
5.10/extras/x86_64/RPMS/php-pear-File-1.2.2-1.el5.centos.noarch.rpm
5.10/extras/x86_64/RPMS/php-pear-HTTP-Request-1.4.2-1.el5.centos.noarch.rpm
5.10/extras/x86_64/RPMS/php-pear-Log-1.9.13-1.el5.centos.noarch.rpm
5.10/extras/x86_64/RPMS/php-pear-MDB2-2.4.1-2.el5.centos.noarch.rpm
5.10/extras/x86_64/RPMS/php-pear-MDB2-Driver-mysql-1.4.1-3.el5.centos.noarch.rpm
5.10/extras/x86_64/RPMS/php-pear-Mail-1.1.14-1.el5.centos.noarch.rpm
5.10/extras/x86_64/RPMS/php-pear-Mail-Mime-1.4.0-1.el5.centos.noarch.rpm
5.10/extras/x86_64/RPMS/php-pear-Net-SMTP-1.2.10-1.el5.centos.noarch.rpm
5.10/extras/x86_64/RPMS/php-pear-Net-Sieve-1.1.5-2.el5.centos.noarch.rpm
5.10/extras/x86_64/RPMS/php-pear-Net-Socket-1.0.8-1.el5.centos.noarch.rpm
5.10/extras/x86_64/RPMS/php-pear-Net-URL-1.0.15-1.el5.centos.noarch.rpm
5.10/extras/x86_64/RPMS/python-qpid-0.7.946106-15.el5.centos.noarch.rpm
5.10/extras/x86_64/RPMS/turba-h3-2.1.7-1.el5.centos.noarch.rpm
5.10/extras/x86_64/RPMS/xdg-utils-1.0.2-2.el5.centos.noarch.rpm
5.10/extras/x86_64/RPMS/xfce4-dev-tools-4.4.0-1.el5.centos.noarch.rpm
5.10/extras/x86_64/RPMS/xfce4-icon-theme-4.4.2-1.el5.centos.noarch.rpm
5.10/extras/x86_64/RPMS/xfsdump-2.2.46-1.el5.centos.x86_64.rpm
5.10/extras/x86_64/RPMS/xfsprogs-2.9.4-1.el5.centos.x86_64.rpm
5.10/extras/x86_64/RPMS/xfsprogs-devel-2.9.4-1.el5.centos.x86_64.rpm
5.10/extras/x86_64/RPMS/xfwm4-themes-4.4.2-1.el5.centos.noarch.rpm
5.10/extras/x86_64/RPMS/yum-cron-0.6-1.el5.centos.noarch.rpm
5.10/extras/x86_64/RPMS/yumex-2.0.3-2.el5.centos.noarch.rpm
5.10/extras/x86_64/repodata/
5.10/fasttrack/
5.10/fasttrack/i386/
5.10/fasttrack/i386/RPMS/
5.10/fasttrack/i386/repodata/
5.10/fasttrack/x86_64/
5.10/fasttrack/x86_64/RPMS/
5.10/fasttrack/x86_64/repodata/
5.10/isos/
5.10/isos/i386/
5.10/isos/x86_64/
5.10/os/
5.10/os/i386/
5.10/os/i386/RELEASE-NOTES-en_US
5.10/os/i386/RELEASE-NOTES-en_US.html
5.10/os/i386/CentOS/
5.10/os/i386/CentOS/meanwhile-devel-1.0.2-5.el5.i386.rpm
5.10/os/i386/CentOS/opal-devel-2.2.2-1.1.0.1.i386.rpm
5.10/os/i386/CentOS/perl-5.8.8-41.el5.i386.rpm
5.10/os/i386/CentOS/pwlib-devel-1.10.1-7.0.1.el5.i386.rpm
5.10/os/i386/images/
5.10/os/i386/images/pxeboot/
5.10/os/i386/images/xen/
5.10/os/i386/isolinux/
5.10/os/i386/isolinux/initrd.img
5.10/os/i386/isolinux/vmlinuz
5.10/os/i386/repodata/
5.10/os/x86_64/
5.10/os/x86_64/RELEASE-NOTES-en_US
5.10/os/x86_64/RELEASE-NOTES-en_US.html
5.10/os/x86_64/CentOS/
5.10/os/x86_64/CentOS/GConf2-2.14.0-9.el5.i386.rpm
5.10/os/x86_64/CentOS/GConf2-devel-2.14.0-9.el5.i386.rpm
5.10/os/x86_64/CentOS/Global_File_System-as-IN-5.8-1.el5.centos.noarch.rpm
5.10/os/x86_64/CentOS/Global_File_System-bn-IN-5.8-1.el5.centos.noarch.rpm
5.10/os/x86_64/CentOS/Global_File_System-de-DE-5.8-1.el5.centos.noarch.rpm
5.10/os/x86_64/CentOS/Global_File_System-es-ES-5.8-1.el5.centos.noarch.rpm
5.10/os/x86_64/CentOS/Global_File_System-fr-FR-5.8-1.el5.centos.noarch.rpm
5.10/os/x86_64/CentOS/Global_File_System-gu-IN-5.8-1.el5.centos.noarch.rpm
5.10/os/x86_64/CentOS/Global_File_System-kn-IN-5.8-1.el5.centos.noarch.rpm
5.10/os/x86_64/CentOS/Global_File_System-ml-IN-5.8-1.el5.centos.noarch.rpm
5.10/os/x86_64/CentOS/Global_File_System-mr-IN-5.8-1.el5.centos.noarch.rpm
5.10/os/x86_64/CentOS/Global_File_System-pt-BR-5.8-1.el5.centos.noarch.rpm
5.10/os/x86_64/CentOS/Global_File_System-ru-RU-5.8-1.el5.centos.noarch.rpm
5.10/os/x86_64/CentOS/Global_File_System-ta-IN-5.8-1.el5.centos.noarch.rpm
5.10/os/x86_64/CentOS/ImageMagick-6.2.8.0-15.el5_8.i386.rpm
5.10/os/x86_64/CentOS/ImageMagick-c++-6.2.8.0-15.el5_8.i386.rpm
5.10/os/x86_64/CentOS/NetworkManager-0.7.0-13.el5.i386.rpm
5.10/os/x86_64/CentOS/NetworkManager-devel-0.7.0-13.el5.i386.rpm
5.10/os/x86_64/CentOS/NetworkManager-glib-0.7.0-13.el5.i386.rpm
5.10/os/x86_64/CentOS/NetworkManager-glib-devel-0.7.0-13.el5.i386.rpm
5.10/os/x86_64/CentOS/ORBit2-2.14.3-5.el5.i386.rpm
5.10/os/x86_64/CentOS/ORBit2-devel-2.14.3-5.el5.i386.rpm
5.10/os/x86_64/CentOS/PyQt-devel-3.16-4.i386.rpm
5.10/os/x86_64/CentOS/Pyrex-0.9.4-2.fc6.noarch.rpm
5.10/os/x86_64/CentOS/SDL-1.2.10-9.el5.i386.rpm
5.10/os/x86_64/CentOS/SDL-devel-1.2.10-9.el5.i386.rpm
5.10/os/x86_64/CentOS/Xaw3d-1.5E-10.1.i386.rpm
5.10/os/x86_64/CentOS/Xaw3d-devel-1.5E-10.1.i386.rpm
5.10/os/x86_64/CentOS/agg-2.4-2.1.i386.rpm
5.10/os/x86_64/CentOS/agg-devel-2.4-2.1.i386.rpm
5.10/os/x86_64/CentOS/alacarte-0.10.0-1.fc6.noarch.rpm
5.10/os/x86_64/CentOS/alchemist-1.0.36-2.el5.i386.rpm
5.10/os/x86_64/CentOS/alchemist-devel-1.0.36-2.el5.i386.rpm
5.10/os/x86_64/CentOS/alsa-lib-1.0.17-1.el5.i386.rpm
5.10/os/x86_64/CentOS/alsa-lib-devel-1.0.17-1.el5.i386.rpm
5.10/os/x86_64/CentOS/amanda-2.5.0p2-9.el5.i386.rpm
5.10/os/x86_64/CentOS/amanda-devel-2.5.0p2-9.el5.i386.rpm
5.10/os/x86_64/CentOS/anthy-7900-4.el5.i386.rpm
5.10/os/x86_64/CentOS/anthy-devel-7900-4.el5.i386.rpm
5.10/os/x86_64/CentOS/apr-1.2.7-11.el5_6.5.i386.rpm
5.10/os/x86_64/CentOS/apr-devel-1.2.7-11.el5_6.5.i386.rpm
5.10/os/x86_64/CentOS/apr-util-1.2.7-11.el5_5.2.i386.rpm
5.10/os/x86_64/CentOS/apr-util-devel-1.2.7-11.el5_5.2.i386.rpm
5.10/os/x86_64/CentOS/arts-1.5.4-1.i386.rpm
5.10/os/x86_64/CentOS/arts-devel-1.5.4-1.i386.rpm
5.10/os/x86_64/CentOS/aspell-0.60.3-13.i386.rpm
5.10/os/x86_64/CentOS/aspell-devel-0.60.3-13.i386.rpm
5.10/os/x86_64/CentOS/at-spi-1.7.11-3.el5.i386.rpm
5.10/os/x86_64/CentOS/at-spi-devel-1.7.11-3.el5.i386.rpm
5.10/os/x86_64/CentOS/atk-1.12.2-1.fc6.i386.rpm
5.10/os/x86_64/CentOS/atk-devel-1.12.2-1.fc6.i386.rpm
5.10/os/x86_64/CentOS/audiofile-0.2.6-5.i386.rpm
5.10/os/x86_64/CentOS/audiofile-devel-0.2.6-5.i386.rpm
5.10/os/x86_64/CentOS/audit-libs-1.8-2.el5.i386.rpm
5.10/os/x86_64/CentOS/audit-libs-devel-1.8-2.el5.i386.rpm
5.10/os/x86_64/CentOS/autoconf-2.59-12.noarch.rpm
5.10/os/x86_64/CentOS/autoconf213-2.13-12.1.noarch.rpm
5.10/os/x86_64/CentOS/automake-1.9.6-2.3.el5.noarch.rpm
5.10/os/x86_64/CentOS/automake14-1.4p6-13.el5.1.noarch.rpm
5.10/os/x86_64/CentOS/automake15-1.5-16.el5.2.noarch.rpm
5.10/os/x86_64/CentOS/automake16-1.6.3-8.el5.1.noarch.rpm
5.10/os/x86_64/CentOS/automake17-1.7.9-7.el5.2.noarch.rpm
5.10/os/x86_64/CentOS/avahi-0.6.16-10.el5_6.i386.rpm
5.10/os/x86_64/CentOS/avahi-compat-howl-0.6.16-10.el5_6.i386.rpm
5.10/os/x86_64/CentOS/avahi-compat-howl-devel-0.6.16-10.el5_6.i386.rpm
5.10/os/x86_64/CentOS/avahi-compat-libdns_sd-0.6.16-10.el5_6.i386.rpm
5.10/os/x86_64/CentOS/avahi-compat-libdns_sd-devel-0.6.16-10.el5_6.i386.rpm
5.10/os/x86_64/CentOS/avahi-devel-0.6.16-10.el5_6.i386.rpm
5.10/os/x86_64/CentOS/avahi-glib-0.6.16-10.el5_6.i386.rpm
5.10/os/x86_64/CentOS/avahi-glib-devel-0.6.16-10.el5_6.i386.rpm
5.10/os/x86_64/CentOS/avahi-qt3-0.6.16-10.el5_6.i386.rpm
5.10/os/x86_64/CentOS/avahi-qt3-devel-0.6.16-10.el5_6.i386.rpm
5.10/os/x86_64/CentOS/basesystem-8.0-5.1.1.el5.centos.noarch.rpm
5.10/os/x86_64/CentOS/beecrypt-4.1.2-10.1.1.i386.rpm
5.10/os/x86_64/CentOS/beecrypt-devel-4.1.2-10.1.1.i386.rpm
5.10/os/x86_64/CentOS/binutils-devel-2.17.50.0.6-26.el5.i386.rpm
5.10/os/x86_64/CentOS/bison-devel-2.3-2.1.i386.rpm
5.10/os/x86_64/CentOS/bitmap-fonts-0.3-5.1.1.noarch.rpm
5.10/os/x86_64/CentOS/bitmap-fonts-cjk-0.3-5.1.1.noarch.rpm
5.10/os/x86_64/CentOS/bitstream-vera-fonts-1.10-7.noarch.rpm
5.10/os/x86_64/CentOS/blas-3.0-38.el5.i386.rpm
5.10/os/x86_64/CentOS/blas-devel-3.0-38.el5.i386.rpm
5.10/os/x86_64/CentOS/bluez-libs-3.7-1.1.i386.rpm
5.10/os/x86_64/CentOS/bluez-libs-devel-3.7-1.1.i386.rpm
5.10/os/x86_64/CentOS/bogl-0.1.18-13.el5_4.i386.rpm
5.10/os/x86_64/CentOS/bogl-devel-0.1.18-13.el5_4.i386.rpm
5.10/os/x86_64/CentOS/booty-0.80.6-10.noarch.rpm
5.10/os/x86_64/CentOS/brlapi-0.4.1-4.el5.i386.rpm
5.10/os/x86_64/CentOS/brlapi-devel-0.4.1-4.el5.i386.rpm
5.10/os/x86_64/CentOS/buildsys-macros-5-5.el5.centos.noarch.rpm
5.10/os/x86_64/CentOS/bzip2-devel-1.0.3-6.el5_5.i386.rpm
5.10/os/x86_64/CentOS/bzip2-libs-1.0.3-6.el5_5.i386.rpm
5.10/os/x86_64/CentOS/c-ares-1.6.0-5.el5.i386.rpm
5.10/os/x86_64/CentOS/c-ares-devel-1.6.0-5.el5.i386.rpm
5.10/os/x86_64/CentOS/cairo-1.2.4-5.el5.i386.rpm
5.10/os/x86_64/CentOS/cairo-devel-1.2.4-5.el5.i386.rpm
5.10/os/x86_64/CentOS/cairo-java-1.0.5-3.fc6.i386.rpm
5.10/os/x86_64/CentOS/cairo-java-devel-1.0.5-3.fc6.i386.rpm
5.10/os/x86_64/CentOS/cdparanoia-devel-alpha9.8-28.i386.rpm
5.10/os/x86_64/CentOS/cdparanoia-libs-alpha9.8-28.i386.rpm
5.10/os/x86_64/CentOS/cdrecord-devel-2.01-10.7.el5.i386.rpm
5.10/os/x86_64/CentOS/celt051-0.5.1.3-0.el5.i386.rpm
5.10/os/x86_64/CentOS/celt051-devel-0.5.1.3-0.el5.i386.rpm
5.10/os/x86_64/CentOS/check-devel-0.9.3-5.fc6.i386.rpm
5.10/os/x86_64/CentOS/compat-db-4.2.52-5.1.i386.rpm
5.10/os/x86_64/CentOS/compat-glibc-2.3.4-2.26.i386.rpm
5.10/os/x86_64/CentOS/compat-libcom_err-1.0-7.i386.rpm
5.10/os/x86_64/CentOS/compat-libf2c-34-3.4.6-4.1.i386.rpm
5.10/os/x86_64/CentOS/compat-libgcc-296-2.96-138.i386.rpm
5.10/os/x86_64/CentOS/compat-libstdc++-296-2.96-138.i386.rpm
5.10/os/x86_64/CentOS/compat-libstdc++-33-3.2.3-61.i386.rpm
5.10/os/x86_64/CentOS/compat-readline43-4.3-3.i386.rpm
5.10/os/x86_64/CentOS/compiz-devel-0.0.13-0.37.20060817git.el5.centos.1.i386.rpm
5.10/os/x86_64/CentOS/comps-extras-11.4-1.el5.centos.noarch.rpm
5.10/os/x86_64/CentOS/control-center-2.16.0-16.el5.i386.rpm
5.10/os/x86_64/CentOS/control-center-devel-2.16.0-16.el5.i386.rpm
5.10/os/x86_64/CentOS/convmv-1.10-1.el5.noarch.rpm
5.10/os/x86_64/CentOS/coolkey-1.1.0-16.1.el5.i386.rpm
5.10/os/x86_64/CentOS/coolkey-devel-1.1.0-16.1.el5.i386.rpm
5.10/os/x86_64/CentOS/cracklib-2.8.9-3.3.i386.rpm
5.10/os/x86_64/CentOS/crash-devel-5.1.8-2.el5.centos.i386.rpm
5.10/os/x86_64/CentOS/createrepo-0.4.11-3.el5.noarch.rpm
5.10/os/x86_64/CentOS/crontabs-1.10-11.el5.noarch.rpm
5.10/os/x86_64/CentOS/cryptsetup-luks-1.0.3-8.el5.i386.rpm
5.10/os/x86_64/CentOS/cryptsetup-luks-devel-1.0.3-8.el5.i386.rpm
5.10/os/x86_64/CentOS/curl-7.15.5-17.el5_9.i386.rpm
5.10/os/x86_64/CentOS/curl-devel-7.15.5-17.el5_9.i386.rpm
5.10/os/x86_64/CentOS/cyrus-imapd-devel-2.3.7-12.el5_7.2.i386.rpm
5.10/os/x86_64/CentOS/db4-4.3.29-10.el5_5.2.i386.rpm
5.10/os/x86_64/CentOS/db4-devel-4.3.29-10.el5_5.2.i386.rpm
5.10/os/x86_64/CentOS/dbus-glib-0.73-11.el5_9.i386.rpm
5.10/os/x86_64/CentOS/dbus-glib-devel-0.73-11.el5_9.i386.rpm
5.10/os/x86_64/CentOS/dejagnu-1.4.4-7.el5.noarch.rpm
5.10/os/x86_64/CentOS/dejavu-lgc-fonts-2.10-1.noarch.rpm
5.10/os/x86_64/CentOS/desktop-backgrounds-basic-2.0-41.el5.centos.noarch.rpm
5.10/os/x86_64/CentOS/devhelp-0.12-23.el5_9.i386.rpm
5.10/os/x86_64/CentOS/devhelp-devel-0.12-23.el5_9.i386.rpm
5.10/os/x86_64/CentOS/device-mapper-1.02.67-2.el5.i386.rpm
5.10/os/x86_64/CentOS/dhcp-devel-3.0.5-33.el5_9.i386.rpm
5.10/os/x86_64/CentOS/distcache-1.4.5-14.1.i386.rpm
5.10/os/x86_64/CentOS/distcache-devel-1.4.5-14.1.i386.rpm
5.10/os/x86_64/CentOS/docbook-dtds-1.0-30.1.noarch.rpm
5.10/os/x86_64/CentOS/docbook-simple-1.0-2.1.1.noarch.rpm
5.10/os/x86_64/CentOS/docbook-slides-3.3.1-2.1.1.noarch.rpm
5.10/os/x86_64/CentOS/docbook-style-dsssl-1.79-4.1.noarch.rpm
5.10/os/x86_64/CentOS/docbook-style-xsl-1.69.1-5.1.noarch.rpm
5.10/os/x86_64/CentOS/docbook-utils-0.6.14-5.1.noarch.rpm
5.10/os/x86_64/CentOS/docbook-utils-pdf-0.6.14-5.1.noarch.rpm
5.10/os/x86_64/CentOS/dogtail-0.6.1-4.el5.noarch.rpm
5.10/os/x86_64/CentOS/dstat-0.6.6-5.el5.noarch.rpm
5.10/os/x86_64/CentOS/e2fsprogs-devel-1.39-36.el5_9.i386.rpm
5.10/os/x86_64/CentOS/e2fsprogs-libs-1.39-36.el5_9.i386.rpm
5.10/os/x86_64/CentOS/ecryptfs-utils-75-8.el5.i386.rpm
5.10/os/x86_64/CentOS/ecryptfs-utils-devel-75-8.el5.i386.rpm
5.10/os/x86_64/CentOS/edac-utils-0.9-6.el5.i386.rpm
5.10/os/x86_64/CentOS/edac-utils-devel-0.9-6.el5.i386.rpm
5.10/os/x86_64/CentOS/eel2-2.16.1-1.el5.i386.rpm
5.10/os/x86_64/CentOS/eel2-devel-2.16.1-1.el5.i386.rpm
5.10/os/x86_64/CentOS/elfutils-devel-0.137-3.el5.i386.rpm
5.10/os/x86_64/CentOS/elfutils-devel-static-0.137-3.el5.i386.rpm
5.10/os/x86_64/CentOS/elfutils-libelf-0.137-3.el5.i386.rpm
5.10/os/x86_64/CentOS/elfutils-libelf-devel-0.137-3.el5.i386.rpm
5.10/os/x86_64/CentOS/elfutils-libelf-devel-static-0.137-3.el5.i386.rpm
5.10/os/x86_64/CentOS/elfutils-libs-0.137-3.el5.i386.rpm
5.10/os/x86_64/CentOS/emacspeak-23.0-3.el5.noarch.rpm
5.10/os/x86_64/CentOS/eruby-devel-1.0.5-6.1.i386.rpm
5.10/os/x86_64/CentOS/eruby-libs-1.0.5-6.1.i386.rpm
5.10/os/x86_64/CentOS/esound-0.2.36-4.i386.rpm
5.10/os/x86_64/CentOS/esound-devel-0.2.36-4.i386.rpm
5.10/os/x86_64/CentOS/evolution-2.12.3-19.el5.i386.rpm
5.10/os/x86_64/CentOS/evolution-data-server-1.12.3-18.el5.i386.rpm
5.10/os/x86_64/CentOS/evolution-data-server-devel-1.12.3-18.el5.i386.rpm
5.10/os/x86_64/CentOS/evolution-devel-2.12.3-19.el5.i386.rpm
5.10/os/x86_64/CentOS/exim-doc-4.63-2.el5.noarch.rpm
5.10/os/x86_64/CentOS/expect-5.43.0-8.el5.i386.rpm
5.10/os/x86_64/CentOS/expect-devel-5.43.0-8.el5.i386.rpm
5.10/os/x86_64/CentOS/festival-1.95-5.2.1.i386.rpm
5.10/os/x86_64/CentOS/festival-devel-1.95-5.2.1.i386.rpm
5.10/os/x86_64/CentOS/fipscheck-devel-1.2.0-1.el5.i386.rpm
5.10/os/x86_64/CentOS/fipscheck-lib-1.2.0-1.el5.i386.rpm
5.10/os/x86_64/CentOS/flac-1.1.2-28.el5_0.1.i386.rpm
5.10/os/x86_64/CentOS/flac-devel-1.1.2-28.el5_0.1.i386.rpm
5.10/os/x86_64/CentOS/fontconfig-2.4.1-7.el5.i386.rpm
5.10/os/x86_64/CentOS/fontconfig-devel-2.4.1-7.el5.i386.rpm
5.10/os/x86_64/CentOS/fonts-ISO8859-2-1.0-17.1.noarch.rpm
5.10/os/x86_64/CentOS/fonts-ISO8859-2-100dpi-1.0-17.1.noarch.rpm
5.10/os/x86_64/CentOS/fonts-ISO8859-2-75dpi-1.0-17.1.noarch.rpm
5.10/os/x86_64/CentOS/fonts-KOI8-R-1.0-9.1.1.noarch.rpm
5.10/os/x86_64/CentOS/fonts-KOI8-R-100dpi-1.0-9.1.1.noarch.rpm
5.10/os/x86_64/CentOS/fonts-KOI8-R-75dpi-1.0-9.1.1.noarch.rpm
5.10/os/x86_64/CentOS/fonts-arabic-2.0-4.el5.noarch.rpm
5.10/os/x86_64/CentOS/fonts-bengali-2.3.1.1-2.el5.noarch.rpm
5.10/os/x86_64/CentOS/fonts-chinese-3.02-12.el5.noarch.rpm
5.10/os/x86_64/CentOS/fonts-gujarati-2.3.1.1-2.el5.noarch.rpm
5.10/os/x86_64/CentOS/fonts-hebrew-0.100-4.1.1.noarch.rpm
5.10/os/x86_64/CentOS/fonts-hindi-2.3.1.1-2.el5.noarch.rpm
5.10/os/x86_64/CentOS/fonts-japanese-0.20061016-4.el5.noarch.rpm
5.10/os/x86_64/CentOS/fonts-kannada-2.3.1.1-2.el5.noarch.rpm
5.10/os/x86_64/CentOS/fonts-korean-1.0.11-10.el5.noarch.rpm
5.10/os/x86_64/CentOS/fonts-malayalam-2.3.1.1-2.el5.noarch.rpm
5.10/os/x86_64/CentOS/fonts-oriya-2.3.1.1-2.el5.noarch.rpm
5.10/os/x86_64/CentOS/fonts-punjabi-2.3.1.1-2.el5.noarch.rpm
5.10/os/x86_64/CentOS/fonts-sinhala-0.2.2-1.noarch.rpm
5.10/os/x86_64/CentOS/fonts-tamil-2.3.1.1-2.el5.noarch.rpm
5.10/os/x86_64/CentOS/fonts-telugu-2.3.1.1-2.el5.noarch.rpm
5.10/os/x86_64/CentOS/freeglut-2.4.0-7.1.el5.i386.rpm
5.10/os/x86_64/CentOS/freeglut-devel-2.4.0-7.1.el5.i386.rpm
5.10/os/x86_64/CentOS/freeipmi-0.5.1-7.el5.i386.rpm
5.10/os/x86_64/CentOS/freeipmi-devel-0.5.1-7.el5.i386.rpm
5.10/os/x86_64/CentOS/freetype-2.2.1-32.el5_9.1.i386.rpm
5.10/os/x86_64/CentOS/freetype-devel-2.2.1-32.el5_9.1.i386.rpm
5.10/os/x86_64/CentOS/fribidi-0.10.7-5.1.i386.rpm
5.10/os/x86_64/CentOS/fribidi-devel-0.10.7-5.1.i386.rpm
5.10/os/x86_64/CentOS/fuse-devel-2.7.4-8.el5.i386.rpm
5.10/os/x86_64/CentOS/fuse-libs-2.7.4-8.el5.i386.rpm
5.10/os/x86_64/CentOS/gail-1.9.2-3.el5_4.i386.rpm
5.10/os/x86_64/CentOS/gail-devel-1.9.2-3.el5_4.i386.rpm
5.10/os/x86_64/CentOS/gamin-0.1.7-10.el5.i386.rpm
5.10/os/x86_64/CentOS/gamin-devel-0.1.7-10.el5.i386.rpm
5.10/os/x86_64/CentOS/gd-2.0.33-9.4.el5_4.2.i386.rpm
5.10/os/x86_64/CentOS/gd-devel-2.0.33-9.4.el5_4.2.i386.rpm
5.10/os/x86_64/CentOS/gdbm-1.8.0-28.el5.i386.rpm
5.10/os/x86_64/CentOS/gdbm-devel-1.8.0-28.el5.i386.rpm
5.10/os/x86_64/CentOS/gdk-pixbuf-0.22.0-25.el5.i386.rpm
5.10/os/x86_64/CentOS/gdk-pixbuf-devel-0.22.0-25.el5.i386.rpm
5.10/os/x86_64/CentOS/gedit-devel-2.16.0-9.el5.i386.rpm
5.10/os/x86_64/CentOS/gettext-0.17-1.el5.i386.rpm
5.10/os/x86_64/CentOS/gettext-devel-0.17-1.el5.i386.rpm
5.10/os/x86_64/CentOS/ghostscript-fonts-5.50-13.1.1.noarch.rpm
5.10/os/x86_64/CentOS/giflib-4.1.3-7.3.3.el5.i386.rpm
5.10/os/x86_64/CentOS/giflib-devel-4.1.3-7.3.3.el5.i386.rpm
5.10/os/x86_64/CentOS/gimp-data-extras-2.0.1-1.1.1.noarch.rpm
5.10/os/x86_64/CentOS/gimp-help-2-0.1.0.10.1.1.noarch.rpm
5.10/os/x86_64/CentOS/gimp-print-4.2.7-22.2.el5.i386.rpm
5.10/os/x86_64/CentOS/gimp-print-devel-4.2.7-22.2.el5.i386.rpm
5.10/os/x86_64/CentOS/glib-1.2.10-20.el5.i386.rpm
5.10/os/x86_64/CentOS/glib-devel-1.2.10-20.el5.i386.rpm
5.10/os/x86_64/CentOS/glib-java-0.2.6-3.fc6.i386.rpm
5.10/os/x86_64/CentOS/glib-java-devel-0.2.6-3.fc6.i386.rpm
5.10/os/x86_64/CentOS/glib2-2.12.3-4.el5_3.1.i386.rpm
5.10/os/x86_64/CentOS/glib2-devel-2.12.3-4.el5_3.1.i386.rpm
5.10/os/x86_64/CentOS/gmp-4.1.4-10.el5.i386.rpm
5.10/os/x86_64/CentOS/gmp-devel-4.1.4-10.el5.i386.rpm
5.10/os/x86_64/CentOS/gnome-audio-2.0.0-3.1.1.noarch.rpm
5.10/os/x86_64/CentOS/gnome-audio-extra-2.0.0-3.1.1.noarch.rpm
5.10/os/x86_64/CentOS/gnome-backgrounds-2.15.92-1.fc6.noarch.rpm
5.10/os/x86_64/CentOS/gnome-bluetooth-devel-0.7.0-10.2.el5.i386.rpm
5.10/os/x86_64/CentOS/gnome-bluetooth-libs-0.7.0-10.2.el5.i386.rpm
5.10/os/x86_64/CentOS/gnome-desktop-2.16.0-1.el5.centos.1.i386.rpm
5.10/os/x86_64/CentOS/gnome-desktop-devel-2.16.0-1.el5.centos.1.i386.rpm
5.10/os/x86_64/CentOS/gnome-doc-utils-0.8.0-2.fc6.noarch.rpm
5.10/os/x86_64/CentOS/gnome-icon-theme-2.16.0.1-4.el5.noarch.rpm
5.10/os/x86_64/CentOS/gnome-keyring-0.6.0-1.fc6.i386.rpm
5.10/os/x86_64/CentOS/gnome-keyring-devel-0.6.0-1.fc6.i386.rpm
5.10/os/x86_64/CentOS/gnome-mag-0.13.1-1.fc6.i386.rpm
5.10/os/x86_64/CentOS/gnome-mag-devel-0.13.1-1.fc6.i386.rpm
5.10/os/x86_64/CentOS/gnome-media-2.16.1-3.el5.i386.rpm
5.10/os/x86_64/CentOS/gnome-media-devel-2.16.1-3.el5.i386.rpm
5.10/os/x86_64/CentOS/gnome-menus-2.16.0-2.fc6.i386.rpm
5.10/os/x86_64/CentOS/gnome-menus-devel-2.16.0-2.fc6.i386.rpm
5.10/os/x86_64/CentOS/gnome-mount-devel-0.5-3.el5.i386.rpm
5.10/os/x86_64/CentOS/gnome-panel-2.16.1-7.el5.i386.rpm
5.10/os/x86_64/CentOS/gnome-panel-devel-2.16.1-7.el5.i386.rpm
5.10/os/x86_64/CentOS/gnome-pilot-2.0.13-16.i386.rpm
5.10/os/x86_64/CentOS/gnome-pilot-devel-2.0.13-16.i386.rpm
5.10/os/x86_64/CentOS/gnome-speech-0.4.5-1.fc6.i386.rpm
5.10/os/x86_64/CentOS/gnome-speech-devel-0.4.5-1.fc6.i386.rpm
5.10/os/x86_64/CentOS/gnome-themes-2.16.0-1.fc6.noarch.rpm
5.10/os/x86_64/CentOS/gnome-user-docs-2.16.0-2.fc6.noarch.rpm
5.10/os/x86_64/CentOS/gnome-utils-2.16.0-5.el5.i386.rpm
5.10/os/x86_64/CentOS/gnome-utils-devel-2.16.0-5.el5.i386.rpm
5.10/os/x86_64/CentOS/gnutls-1.4.1-10.el5_9.2.i386.rpm
5.10/os/x86_64/CentOS/gnutls-devel-1.4.1-10.el5_9.2.i386.rpm
5.10/os/x86_64/CentOS/gok-devel-1.2.0-2.el5.i386.rpm
5.10/os/x86_64/CentOS/gphoto2-2.2.0-3.el5.i386.rpm
5.10/os/x86_64/CentOS/gphoto2-devel-2.2.0-3.el5.i386.rpm
5.10/os/x86_64/CentOS/gpm-1.20.1-74.1.i386.rpm
5.10/os/x86_64/CentOS/gpm-devel-1.20.1-74.1.i386.rpm
5.10/os/x86_64/CentOS/gsl-1.13-3.el5.i386.rpm
5.10/os/x86_64/CentOS/gsl-devel-1.13-3.el5.i386.rpm
5.10/os/x86_64/CentOS/gstreamer-0.10.20-3.el5.i386.rpm
5.10/os/x86_64/CentOS/gstreamer-devel-0.10.20-3.el5.i386.rpm
5.10/os/x86_64/CentOS/gstreamer-plugins-base-0.10.20-3.0.1.el5_3.i386.rpm
5.10/os/x86_64/CentOS/gstreamer-plugins-base-devel-0.10.20-3.0.1.el5_3.i386.rpm
5.10/os/x86_64/CentOS/gstreamer-plugins-good-devel-0.10.9-1.el5_3.2.i386.rpm
5.10/os/x86_64/CentOS/gtk+-1.2.10-57.el5.i386.rpm
5.10/os/x86_64/CentOS/gtk+-devel-1.2.10-57.el5.i386.rpm
5.10/os/x86_64/CentOS/gtk-doc-1.7-1.fc6.noarch.rpm
5.10/os/x86_64/CentOS/gtk-vnc-0.3.8-3.el5.i386.rpm
5.10/os/x86_64/CentOS/gtk-vnc-devel-0.3.8-3.el5.i386.rpm
5.10/os/x86_64/CentOS/gtk2-engines-2.8.0-3.el5.i386.rpm
5.10/os/x86_64/CentOS/gtkhtml2-2.11.0-3.i386.rpm
5.10/os/x86_64/CentOS/gtkhtml2-devel-2.11.0-3.i386.rpm
5.10/os/x86_64/CentOS/gtkhtml3-3.16.3-1.el5.i386.rpm
5.10/os/x86_64/CentOS/gtkhtml3-devel-3.16.3-1.el5.i386.rpm
5.10/os/x86_64/CentOS/gtksourceview-1.8.0-1.fc6.i386.rpm
5.10/os/x86_64/CentOS/gtksourceview-devel-1.8.0-1.fc6.i386.rpm
5.10/os/x86_64/CentOS/gtkspell-2.0.11-2.1.i386.rpm
5.10/os/x86_64/CentOS/gtkspell-devel-2.0.11-2.1.i386.rpm
5.10/os/x86_64/CentOS/gucharmap-1.8.0-1.fc6.i386.rpm
5.10/os/x86_64/CentOS/gucharmap-devel-1.8.0-1.fc6.i386.rpm
5.10/os/x86_64/CentOS/guile-1.8.0-8.20060831cvs.i386.rpm
5.10/os/x86_64/CentOS/guile-devel-1.8.0-8.20060831cvs.i386.rpm
5.10/os/x86_64/CentOS/hal-0.5.8.1-64.el5.i386.rpm
5.10/os/x86_64/CentOS/hal-devel-0.5.8.1-64.el5.i386.rpm
5.10/os/x86_64/CentOS/hesiod-3.1.0-8.i386.rpm
5.10/os/x86_64/CentOS/hesiod-devel-3.1.0-8.i386.rpm
5.10/os/x86_64/CentOS/hfsutils-devel-3.2.6-7.2.2.i386.rpm
5.10/os/x86_64/CentOS/hicolor-icon-theme-0.9-2.1.noarch.rpm
5.10/os/x86_64/CentOS/htmlview-4.0.0-2.el5.noarch.rpm
5.10/os/x86_64/CentOS/hwbrowser-0.30-3.el5.noarch.rpm
5.10/os/x86_64/CentOS/hwdata-0.213.28-3.el5.noarch.rpm
5.10/os/x86_64/CentOS/icon-naming-utils-0.8.1-1.fc6.noarch.rpm
5.10/os/x86_64/CentOS/inn-devel-2.4.3-9.el5.i386.rpm
5.10/os/x86_64/CentOS/iotop-0.4.3-4.el5.noarch.rpm
5.10/os/x86_64/CentOS/ipa-gothic-fonts-003.02-3.1.el5.noarch.rpm
5.10/os/x86_64/CentOS/ipa-mincho-fonts-003.02-2.1.el5.noarch.rpm
5.10/os/x86_64/CentOS/ipa-pgothic-fonts-003.02-3.1.el5.noarch.rpm
5.10/os/x86_64/CentOS/ipa-pmincho-fonts-003.02-2.1.el5.noarch.rpm
5.10/os/x86_64/CentOS/iptables-devel-1.3.5-9.2.el5_8.i386.rpm
5.10/os/x86_64/CentOS/isdn4k-utils-devel-3.2-56.el5.i386.rpm
5.10/os/x86_64/CentOS/iso-codes-0.53-1.noarch.rpm
5.10/os/x86_64/CentOS/iso-codes-devel-0.53-1.noarch.rpm
5.10/os/x86_64/CentOS/jadetex-3.12-15.el5.noarch.rpm
5.10/os/x86_64/CentOS/java-1.4.2-gcj-compat-devel-1.4.2.0-40jpp.115.i386.rpm
5.10/os/x86_64/CentOS/jline-0.9.94-0.9.el5_6.noarch.rpm
5.10/os/x86_64/CentOS/jpackage-utils-1.7.3-1jpp.3.el5.noarch.rpm
5.10/os/x86_64/CentOS/kde-i18n-Arabic-3.5.4-1.noarch.rpm
5.10/os/x86_64/CentOS/kde-i18n-Bengali-3.5.4-1.noarch.rpm
5.10/os/x86_64/CentOS/kde-i18n-Brazil-3.5.4-1.noarch.rpm
5.10/os/x86_64/CentOS/kde-i18n-British-3.5.4-1.noarch.rpm
5.10/os/x86_64/CentOS/kde-i18n-Bulgarian-3.5.4-1.noarch.rpm
5.10/os/x86_64/CentOS/kde-i18n-Catalan-3.5.4-1.noarch.rpm
5.10/os/x86_64/CentOS/kde-i18n-Chinese-3.5.4-1.noarch.rpm
5.10/os/x86_64/CentOS/kde-i18n-Chinese-Big5-3.5.4-1.noarch.rpm
5.10/os/x86_64/CentOS/kde-i18n-Czech-3.5.4-1.noarch.rpm
5.10/os/x86_64/CentOS/kde-i18n-Danish-3.5.4-1.noarch.rpm
5.10/os/x86_64/CentOS/kde-i18n-Dutch-3.5.4-1.noarch.rpm
5.10/os/x86_64/CentOS/kde-i18n-Estonian-3.5.4-1.noarch.rpm
5.10/os/x86_64/CentOS/kde-i18n-Finnish-3.5.4-1.noarch.rpm
5.10/os/x86_64/CentOS/kde-i18n-French-3.5.4-1.noarch.rpm
5.10/os/x86_64/CentOS/kde-i18n-German-3.5.4-1.noarch.rpm
5.10/os/x86_64/CentOS/kde-i18n-Greek-3.5.4-1.noarch.rpm
5.10/os/x86_64/CentOS/kde-i18n-Hebrew-3.5.4-1.noarch.rpm
5.10/os/x86_64/CentOS/kde-i18n-Hindi-3.5.4-1.noarch.rpm
5.10/os/x86_64/CentOS/kde-i18n-Hungarian-3.5.4-1.noarch.rpm
5.10/os/x86_64/CentOS/kde-i18n-Icelandic-3.5.4-1.noarch.rpm
5.10/os/x86_64/CentOS/kde-i18n-Italian-3.5.4-1.noarch.rpm
5.10/os/x86_64/CentOS/kde-i18n-Japanese-3.5.4-1.noarch.rpm
5.10/os/x86_64/CentOS/kde-i18n-Korean-3.5.4-1.noarch.rpm
5.10/os/x86_64/CentOS/kde-i18n-Lithuanian-3.5.4-1.noarch.rpm
5.10/os/x86_64/CentOS/kde-i18n-Norwegian-3.5.4-1.noarch.rpm
5.10/os/x86_64/CentOS/kde-i18n-Norwegian-Nynorsk-3.5.4-1.noarch.rpm
5.10/os/x86_64/CentOS/kde-i18n-Polish-3.5.4-1.noarch.rpm
5.10/os/x86_64/CentOS/kde-i18n-Portuguese-3.5.4-1.noarch.rpm
5.10/os/x86_64/CentOS/kde-i18n-Punjabi-3.5.4-1.noarch.rpm
5.10/os/x86_64/CentOS/kde-i18n-Romanian-3.5.4-1.noarch.rpm
5.10/os/x86_64/CentOS/kde-i18n-Russian-3.5.4-1.noarch.rpm
5.10/os/x86_64/CentOS/kde-i18n-Serbian-3.5.4-1.noarch.rpm
5.10/os/x86_64/CentOS/kde-i18n-Slovak-3.5.4-1.noarch.rpm
5.10/os/x86_64/CentOS/kde-i18n-Slovenian-3.5.4-1.noarch.rpm
5.10/os/x86_64/CentOS/kde-i18n-Spanish-3.5.4-1.noarch.rpm
5.10/os/x86_64/CentOS/kde-i18n-Swedish-3.5.4-1.noarch.rpm
5.10/os/x86_64/CentOS/kde-i18n-Tamil-3.5.4-1.noarch.rpm
5.10/os/x86_64/CentOS/kde-i18n-Turkish-3.5.4-1.noarch.rpm
5.10/os/x86_64/CentOS/kde-i18n-Ukrainian-3.5.4-1.noarch.rpm
5.10/os/x86_64/CentOS/kdebindings-devel-3.5.4-6.el5.i386.rpm
5.10/os/x86_64/CentOS/kdegames-3.5.4-1.fc6.i386.rpm
5.10/os/x86_64/CentOS/kdegames-devel-3.5.4-1.fc6.i386.rpm
5.10/os/x86_64/CentOS/kdegraphics-devel-3.5.4-17.el5_5.1.i386.rpm
5.10/os/x86_64/CentOS/kdemultimedia-3.5.4-2.fc6.i386.rpm
5.10/os/x86_64/CentOS/kdemultimedia-devel-3.5.4-2.fc6.i386.rpm
5.10/os/x86_64/CentOS/kdenetwork-3.5.4-13.el5_6.1.i386.rpm
5.10/os/x86_64/CentOS/kdenetwork-devel-3.5.4-13.el5_6.1.i386.rpm
5.10/os/x86_64/CentOS/kdepim-devel-3.5.4-6.el5.i386.rpm
5.10/os/x86_64/CentOS/kdesdk-3.5.4-3.el5.i386.rpm
5.10/os/x86_64/CentOS/kdesdk-devel-3.5.4-3.el5.i386.rpm
5.10/os/x86_64/CentOS/kdewebdev-3.5.4-2.fc6.i386.rpm
5.10/os/x86_64/CentOS/kdewebdev-devel-3.5.4-2.fc6.i386.rpm
5.10/os/x86_64/CentOS/kdnssd-avahi-0.1.3-0.1.20060713svn.fc6.i386.rpm
5.10/os/x86_64/CentOS/kdnssd-avahi-devel-0.1.3-0.1.20060713svn.fc6.i386.rpm
5.10/os/x86_64/CentOS/keyutils-libs-1.2-1.el5.i386.rpm
5.10/os/x86_64/CentOS/keyutils-libs-devel-1.2-1.el5.i386.rpm
5.10/os/x86_64/CentOS/ktune-0.2-6.el5.noarch.rpm
5.10/os/x86_64/CentOS/lam-7.1.2-14.el5.i386.rpm
5.10/os/x86_64/CentOS/lam-devel-7.1.2-14.el5.i386.rpm
5.10/os/x86_64/CentOS/lam-libs-7.1.2-14.el5.i386.rpm
5.10/os/x86_64/CentOS/lapack-3.0-38.el5.i386.rpm
5.10/os/x86_64/CentOS/lapack-devel-3.0-38.el5.i386.rpm
5.10/os/x86_64/CentOS/latex2html-2002.2.1-6.noarch.rpm
5.10/os/x86_64/CentOS/launchmail-4.0.0-2.el5.noarch.rpm
5.10/os/x86_64/CentOS/lcms-1.18-0.1.beta1.el5_3.2.i386.rpm
5.10/os/x86_64/CentOS/lcms-devel-1.18-0.1.beta1.el5_3.2.i386.rpm
5.10/os/x86_64/CentOS/libFS-1.0.0-3.1.i386.rpm
5.10/os/x86_64/CentOS/libFS-devel-1.0.0-3.1.i386.rpm
5.10/os/x86_64/CentOS/libICE-1.0.1-2.1.i386.rpm
5.10/os/x86_64/CentOS/libICE-devel-1.0.1-2.1.i386.rpm
5.10/os/x86_64/CentOS/libIDL-0.8.7-1.fc6.i386.rpm
5.10/os/x86_64/CentOS/libIDL-devel-0.8.7-1.fc6.i386.rpm
5.10/os/x86_64/CentOS/libSM-1.0.1-3.1.i386.rpm
5.10/os/x86_64/CentOS/libSM-devel-1.0.1-3.1.i386.rpm
5.10/os/x86_64/CentOS/libX11-1.0.3-11.el5_7.1.i386.rpm
5.10/os/x86_64/CentOS/libX11-devel-1.0.3-11.el5_7.1.i386.rpm
5.10/os/x86_64/CentOS/libXScrnSaver-1.1.0-3.1.i386.rpm
5.10/os/x86_64/CentOS/libXScrnSaver-devel-1.1.0-3.1.i386.rpm
5.10/os/x86_64/CentOS/libXTrap-1.0.0-3.1.i386.rpm
5.10/os/x86_64/CentOS/libXTrap-devel-1.0.0-3.1.i386.rpm
5.10/os/x86_64/CentOS/libXau-1.0.1-3.1.i386.rpm
5.10/os/x86_64/CentOS/libXau-devel-1.0.1-3.1.i386.rpm
5.10/os/x86_64/CentOS/libXaw-1.0.2-8.1.i386.rpm
5.10/os/x86_64/CentOS/libXaw-devel-1.0.2-8.1.i386.rpm
5.10/os/x86_64/CentOS/libXcomposite-0.3-5.1.i386.rpm
5.10/os/x86_64/CentOS/libXcomposite-devel-0.3-5.1.i386.rpm
5.10/os/x86_64/CentOS/libXcursor-1.1.7-1.2.i386.rpm
5.10/os/x86_64/CentOS/libXcursor-devel-1.1.7-1.2.i386.rpm
5.10/os/x86_64/CentOS/libXdamage-1.0.3-2.1.i386.rpm
5.10/os/x86_64/CentOS/libXdamage-devel-1.0.3-2.1.i386.rpm
5.10/os/x86_64/CentOS/libXdmcp-1.0.1-2.1.i386.rpm
5.10/os/x86_64/CentOS/libXdmcp-devel-1.0.1-2.1.i386.rpm
5.10/os/x86_64/CentOS/libXevie-1.0.1-3.1.i386.rpm
5.10/os/x86_64/CentOS/libXevie-devel-1.0.1-3.1.i386.rpm
5.10/os/x86_64/CentOS/libXext-1.0.1-2.1.i386.rpm
5.10/os/x86_64/CentOS/libXext-devel-1.0.1-2.1.i386.rpm
5.10/os/x86_64/CentOS/libXfixes-4.0.1-2.1.i386.rpm
5.10/os/x86_64/CentOS/libXfixes-devel-4.0.1-2.1.i386.rpm
5.10/os/x86_64/CentOS/libXfont-1.2.2-1.0.4.el5_7.i386.rpm
5.10/os/x86_64/CentOS/libXfont-devel-1.2.2-1.0.4.el5_7.i386.rpm
5.10/os/x86_64/CentOS/libXfontcache-1.0.2-3.1.i386.rpm
5.10/os/x86_64/CentOS/libXfontcache-devel-1.0.2-3.1.i386.rpm
5.10/os/x86_64/CentOS/libXft-2.1.10-1.1.i386.rpm
5.10/os/x86_64/CentOS/libXft-devel-2.1.10-1.1.i386.rpm
5.10/os/x86_64/CentOS/libXi-1.0.1-4.el5_4.i386.rpm
5.10/os/x86_64/CentOS/libXi-devel-1.0.1-4.el5_4.i386.rpm
5.10/os/x86_64/CentOS/libXinerama-1.0.1-2.1.i386.rpm
5.10/os/x86_64/CentOS/libXinerama-devel-1.0.1-2.1.i386.rpm
5.10/os/x86_64/CentOS/libXmu-1.0.2-5.i386.rpm
5.10/os/x86_64/CentOS/libXmu-devel-1.0.2-5.i386.rpm
5.10/os/x86_64/CentOS/libXp-1.0.0-8.1.el5.i386.rpm
5.10/os/x86_64/CentOS/libXp-devel-1.0.0-8.1.el5.i386.rpm
5.10/os/x86_64/CentOS/libXpm-3.5.5-3.i386.rpm
5.10/os/x86_64/CentOS/libXpm-devel-3.5.5-3.i386.rpm
5.10/os/x86_64/CentOS/libXrandr-1.1.1-3.3.i386.rpm
5.10/os/x86_64/CentOS/libXrandr-devel-1.1.1-3.3.i386.rpm
5.10/os/x86_64/CentOS/libXrender-0.9.1-3.1.i386.rpm
5.10/os/x86_64/CentOS/libXrender-devel-0.9.1-3.1.i386.rpm
5.10/os/x86_64/CentOS/libXres-1.0.1-3.1.i386.rpm
5.10/os/x86_64/CentOS/libXres-devel-1.0.1-3.1.i386.rpm
5.10/os/x86_64/CentOS/libXt-1.0.2-3.2.el5.i386.rpm
5.10/os/x86_64/CentOS/libXt-devel-1.0.2-3.2.el5.i386.rpm
5.10/os/x86_64/CentOS/libXtst-1.0.1-3.1.i386.rpm
5.10/os/x86_64/CentOS/libXtst-devel-1.0.1-3.1.i386.rpm
5.10/os/x86_64/CentOS/libXv-1.0.1-4.1.i386.rpm
5.10/os/x86_64/CentOS/libXv-devel-1.0.1-4.1.i386.rpm
5.10/os/x86_64/CentOS/libXvMC-1.0.2-2.1.i386.rpm
5.10/os/x86_64/CentOS/libXvMC-devel-1.0.2-2.1.i386.rpm
5.10/os/x86_64/CentOS/libXxf86dga-1.0.1-3.1.i386.rpm
5.10/os/x86_64/CentOS/libXxf86dga-devel-1.0.1-3.1.i386.rpm
5.10/os/x86_64/CentOS/libXxf86misc-1.0.1-3.1.i386.rpm
5.10/os/x86_64/CentOS/libXxf86misc-devel-1.0.1-3.1.i386.rpm
5.10/os/x86_64/CentOS/libXxf86vm-1.0.1-3.1.i386.rpm
5.10/os/x86_64/CentOS/libXxf86vm-devel-1.0.1-3.1.i386.rpm
5.10/os/x86_64/CentOS/libacl-2.2.39-8.el5.i386.rpm
5.10/os/x86_64/CentOS/libacl-devel-2.2.39-8.el5.i386.rpm
5.10/os/x86_64/CentOS/libaio-0.3.106-5.i386.rpm
5.10/os/x86_64/CentOS/libaio-devel-0.3.106-5.i386.rpm
5.10/os/x86_64/CentOS/libao-0.8.6-7.i386.rpm
5.10/os/x86_64/CentOS/libao-devel-0.8.6-7.i386.rpm
5.10/os/x86_64/CentOS/libart_lgpl-2.3.17-4.i386.rpm
5.10/os/x86_64/CentOS/libart_lgpl-devel-2.3.17-4.i386.rpm
5.10/os/x86_64/CentOS/libassuan-devel-1.0.4-5.el5.i386.rpm
5.10/os/x86_64/CentOS/libatomic-4.8.0-5.1.1.el5.i386.rpm
5.10/os/x86_64/CentOS/libattr-2.4.32-1.1.i386.rpm
5.10/os/x86_64/CentOS/libattr-devel-2.4.32-1.1.i386.rpm
5.10/os/x86_64/CentOS/libavc1394-0.5.3-1.fc6.i386.rpm
5.10/os/x86_64/CentOS/libavc1394-devel-0.5.3-1.fc6.i386.rpm
5.10/os/x86_64/CentOS/libbonobo-2.16.0-1.1.el5_5.1.i386.rpm
5.10/os/x86_64/CentOS/libbonobo-devel-2.16.0-1.1.el5_5.1.i386.rpm
5.10/os/x86_64/CentOS/libbonoboui-2.16.0-1.fc6.i386.rpm
5.10/os/x86_64/CentOS/libbonoboui-devel-2.16.0-1.fc6.i386.rpm
5.10/os/x86_64/CentOS/libbtctl-0.6.0-9.2.el5.i386.rpm
5.10/os/x86_64/CentOS/libbtctl-devel-0.6.0-9.2.el5.i386.rpm
5.10/os/x86_64/CentOS/libc-client-2004g-2.2.1.i386.rpm
5.10/os/x86_64/CentOS/libc-client-devel-2004g-2.2.1.i386.rpm
5.10/os/x86_64/CentOS/libcap-1.10-26.i386.rpm
5.10/os/x86_64/CentOS/libcap-devel-1.10-26.i386.rpm
5.10/os/x86_64/CentOS/libchewing-0.3.0-8.el5.i386.rpm
5.10/os/x86_64/CentOS/libchewing-devel-0.3.0-8.el5.i386.rpm
5.10/os/x86_64/CentOS/libcmpiutil-0.5.1-1.el5.i386.rpm
5.10/os/x86_64/CentOS/libcmpiutil-devel-0.5.1-1.el5.i386.rpm
5.10/os/x86_64/CentOS/libcollection-0.6.0-10.el5.i386.rpm
5.10/os/x86_64/CentOS/libcollection-devel-0.6.0-10.el5.i386.rpm
5.10/os/x86_64/CentOS/libcroco-0.6.1-2.1.i386.rpm
5.10/os/x86_64/CentOS/libcroco-devel-0.6.1-2.1.i386.rpm
5.10/os/x86_64/CentOS/libcxgb3-1.3.1-2.el5.i386.rpm
5.10/os/x86_64/CentOS/libcxgb4-1.2.0-2.el5.i386.rpm
5.10/os/x86_64/CentOS/libdaemon-0.10-5.el5.i386.rpm
5.10/os/x86_64/CentOS/libdaemon-devel-0.10-5.el5.i386.rpm
5.10/os/x86_64/CentOS/libdbi-0.8.1-2.1.i386.rpm
5.10/os/x86_64/CentOS/libdbi-devel-0.8.1-2.1.i386.rpm
5.10/os/x86_64/CentOS/libdhash-0.4.2-10.el5.i386.rpm
5.10/os/x86_64/CentOS/libdhash-devel-0.4.2-10.el5.i386.rpm
5.10/os/x86_64/CentOS/libdhcp-1.20-13.el5.i386.rpm
5.10/os/x86_64/CentOS/libdhcp-devel-1.20-13.el5.i386.rpm
5.10/os/x86_64/CentOS/libdhcp4client-3.0.5-33.el5_9.i386.rpm
5.10/os/x86_64/CentOS/libdhcp4client-devel-3.0.5-33.el5_9.i386.rpm
5.10/os/x86_64/CentOS/libdhcp6client-1.0.10-20.el5.i386.rpm
5.10/os/x86_64/CentOS/libdhcp6client-devel-1.0.10-20.el5.i386.rpm
5.10/os/x86_64/CentOS/libdmx-1.0.2-3.1.i386.rpm
5.10/os/x86_64/CentOS/libdmx-devel-1.0.2-3.1.i386.rpm
5.10/os/x86_64/CentOS/libdrm-2.0.2-1.1.i386.rpm
5.10/os/x86_64/CentOS/libdrm-devel-2.0.2-1.1.i386.rpm
5.10/os/x86_64/CentOS/libdv-0.104-4.fc6.1.i386.rpm
5.10/os/x86_64/CentOS/libdv-devel-0.104-4.fc6.1.i386.rpm
5.10/os/x86_64/CentOS/liberation-fonts-1.0-1.el5.noarch.rpm
5.10/os/x86_64/CentOS/libevent-1.4.13-1.i386.rpm
5.10/os/x86_64/CentOS/libevent-devel-1.4.13-1.i386.rpm
5.10/os/x86_64/CentOS/libfontenc-1.0.2-2.2.el5.i386.rpm
5.10/os/x86_64/CentOS/libfontenc-devel-1.0.2-2.2.el5.i386.rpm
5.10/os/x86_64/CentOS/libgail-gnome-devel-1.1.3-1.2.1.i386.rpm
5.10/os/x86_64/CentOS/libgconf-java-2.12.4-6.el5.i386.rpm
5.10/os/x86_64/CentOS/libgconf-java-devel-2.12.4-6.el5.i386.rpm
5.10/os/x86_64/CentOS/libglade-java-2.12.5-3.fc6.i386.rpm
5.10/os/x86_64/CentOS/libglade-java-devel-2.12.5-3.fc6.i386.rpm
5.10/os/x86_64/CentOS/libglade2-2.6.0-2.i386.rpm
5.10/os/x86_64/CentOS/libglade2-devel-2.6.0-2.i386.rpm
5.10/os/x86_64/CentOS/libgnome-2.16.0-6.el5.i386.rpm
5.10/os/x86_64/CentOS/libgnome-devel-2.16.0-6.el5.i386.rpm
5.10/os/x86_64/CentOS/libgnome-java-2.12.4-3.fc6.i386.rpm
5.10/os/x86_64/CentOS/libgnome-java-devel-2.12.4-3.fc6.i386.rpm
5.10/os/x86_64/CentOS/libgnomecanvas-2.14.0-4.1.i386.rpm
5.10/os/x86_64/CentOS/libgnomecanvas-devel-2.14.0-4.1.i386.rpm
5.10/os/x86_64/CentOS/libgnomecups-0.2.2-9.i386.rpm
5.10/os/x86_64/CentOS/libgnomecups-devel-0.2.2-9.i386.rpm
5.10/os/x86_64/CentOS/libgnomeprint22-2.12.1-10.el5.i386.rpm
5.10/os/x86_64/CentOS/libgnomeprint22-devel-2.12.1-10.el5.i386.rpm
5.10/os/x86_64/CentOS/libgnomeprintui22-2.12.1-6.i386.rpm
5.10/os/x86_64/CentOS/libgnomeprintui22-devel-2.12.1-6.i386.rpm
5.10/os/x86_64/CentOS/libgnomeui-2.16.0-5.el5.i386.rpm
5.10/os/x86_64/CentOS/libgnomeui-devel-2.16.0-5.el5.i386.rpm
5.10/os/x86_64/CentOS/libgpg-error-1.4-2.i386.rpm
5.10/os/x86_64/CentOS/libgpg-error-devel-1.4-2.i386.rpm
5.10/os/x86_64/CentOS/libgpod-0.4.0-1.el5.i386.rpm
5.10/os/x86_64/CentOS/libgpod-devel-0.4.0-1.el5.i386.rpm
5.10/os/x86_64/CentOS/libgsf-1.14.1-6.1.i386.rpm
5.10/os/x86_64/CentOS/libgsf-devel-1.14.1-6.1.i386.rpm
5.10/os/x86_64/CentOS/libgssapi-0.10-2.i386.rpm
5.10/os/x86_64/CentOS/libgssapi-devel-0.10-2.i386.rpm
5.10/os/x86_64/CentOS/libgtk-java-2.8.7-3.el5.i386.rpm
5.10/os/x86_64/CentOS/libgtk-java-devel-2.8.7-3.el5.i386.rpm
5.10/os/x86_64/CentOS/libgtop2-2.14.4-8.el5_4.i386.rpm
5.10/os/x86_64/CentOS/libgtop2-devel-2.14.4-8.el5_4.i386.rpm
5.10/os/x86_64/CentOS/libhbaapi-2.2-6.el5.i386.rpm
5.10/os/x86_64/CentOS/libhbaapi-devel-2.2-6.el5.i386.rpm
5.10/os/x86_64/CentOS/libhugetlbfs-1.3-8.2.el5.i386.rpm
5.10/os/x86_64/CentOS/libhugetlbfs-devel-1.3-8.2.el5.i386.rpm
5.10/os/x86_64/CentOS/libibcm-1.0.5-2.el5.i386.rpm
5.10/os/x86_64/CentOS/libibcm-devel-1.0.5-2.el5.i386.rpm
5.10/os/x86_64/CentOS/libibcommon-1.2.0-1.el5.i386.rpm
5.10/os/x86_64/CentOS/libibcommon-devel-1.2.0-1.el5.i386.rpm
5.10/os/x86_64/CentOS/libibumad-1.3.7-1.el5.i386.rpm
5.10/os/x86_64/CentOS/libibumad-devel-1.3.7-1.el5.i386.rpm
5.10/os/x86_64/CentOS/libibverbs-1.1.6-3.el5.i386.rpm
5.10/os/x86_64/CentOS/libibverbs-devel-1.1.6-3.el5.i386.rpm
5.10/os/x86_64/CentOS/libidn-0.6.5-1.1.i386.rpm
5.10/os/x86_64/CentOS/libidn-devel-0.6.5-1.1.i386.rpm
5.10/os/x86_64/CentOS/libiec61883-1.0.0-11.fc6.i386.rpm
5.10/os/x86_64/CentOS/libiec61883-devel-1.0.0-11.fc6.i386.rpm
rsync error: timeout in data send/receive (code 30) at io.c(200) [sender=3.0.6]
rsync: connection unexpectedly closed (2401761 bytes received so far) [receiver]
rsync error: error in rsync protocol data stream (code 12) at io.c(600) [receiver=3.0.6]
rsync: connection unexpectedly closed (2381495 bytes received so far) [generator]
rsync error: error in rsync protocol data stream (code 12) at io.c(600) [generator=3.0.6]
