2014-08-05 22:18:00
rsync://mirrors.hustunique.com/opensuse/
Welcome to HUST Open Source Mirror!

This service is brought to you by
    Unique Studio in Qiming College, HUST

URL:
    http://mirrors.hustunique.com/
    rsync://mirrors.hustunique.com/

Contact:
    it+mirrors@hustunique.com


receiving file list ... done
./
distribution/
distribution/11.4/
distribution/11.4/iso/
distribution/11.4/repo/
distribution/11.4/repo/non-oss/
distribution/11.4/repo/non-oss/boot/
distribution/11.4/repo/non-oss/docu/
distribution/11.4/repo/non-oss/media.1/
distribution/11.4/repo/non-oss/suse/
distribution/11.4/repo/non-oss/suse/i586/
distribution/11.4/repo/non-oss/suse/noarch/
distribution/11.4/repo/non-oss/suse/setup/
distribution/11.4/repo/non-oss/suse/setup/descr/
distribution/11.4/repo/non-oss/suse/x86_64/
distribution/11.4/repo/oss/
distribution/11.4/repo/oss/boot/
distribution/11.4/repo/oss/boot/i386/
distribution/11.4/repo/oss/boot/i386/loader/
distribution/11.4/repo/oss/boot/x86_64/
distribution/11.4/repo/oss/boot/x86_64/IPAGothic.rpm
distribution/11.4/repo/oss/boot/x86_64/KhmerOS-fonts.rpm
distribution/11.4/repo/oss/boot/x86_64/fonts-arabic.rpm
distribution/11.4/repo/oss/boot/x86_64/fonts-thai.rpm
distribution/11.4/repo/oss/boot/x86_64/indic-fonts.rpm
distribution/11.4/repo/oss/boot/x86_64/lklug.rpm
distribution/11.4/repo/oss/boot/x86_64/mkbootdisk
distribution/11.4/repo/oss/boot/x86_64/ttf-arphic-uming.rpm
distribution/11.4/repo/oss/boot/x86_64/unfonts.rpm
distribution/11.4/repo/oss/boot/x86_64/yast2-trans-af.rpm
distribution/11.4/repo/oss/boot/x86_64/yast2-trans-ar.rpm
distribution/11.4/repo/oss/boot/x86_64/yast2-trans-ast.rpm
distribution/11.4/repo/oss/boot/x86_64/yast2-trans-bg.rpm
distribution/11.4/repo/oss/boot/x86_64/yast2-trans-bn.rpm
distribution/11.4/repo/oss/boot/x86_64/yast2-trans-bs.rpm
distribution/11.4/repo/oss/boot/x86_64/yast2-trans-ca.rpm
distribution/11.4/repo/oss/boot/x86_64/yast2-trans-cs.rpm
distribution/11.4/repo/oss/boot/x86_64/yast2-trans-cy.rpm
distribution/11.4/repo/oss/boot/x86_64/yast2-trans-da.rpm
distribution/11.4/repo/oss/boot/x86_64/yast2-trans-de.rpm
distribution/11.4/repo/oss/boot/x86_64/yast2-trans-el.rpm
distribution/11.4/repo/oss/boot/x86_64/yast2-trans-en_GB.rpm
distribution/11.4/repo/oss/boot/x86_64/yast2-trans-en_US.rpm
distribution/11.4/repo/oss/boot/x86_64/yast2-trans-es.rpm
distribution/11.4/repo/oss/boot/x86_64/yast2-trans-et.rpm
distribution/11.4/repo/oss/boot/x86_64/yast2-trans-fa.rpm
distribution/11.4/repo/oss/boot/x86_64/yast2-trans-fi.rpm
distribution/11.4/repo/oss/boot/x86_64/yast2-trans-fr.rpm
distribution/11.4/repo/oss/boot/x86_64/yast2-trans-gl.rpm
distribution/11.4/repo/oss/boot/x86_64/yast2-trans-gu.rpm
distribution/11.4/repo/oss/boot/x86_64/yast2-trans-hi.rpm
distribution/11.4/repo/oss/boot/x86_64/yast2-trans-hr.rpm
distribution/11.4/repo/oss/boot/x86_64/yast2-trans-hu.rpm
distribution/11.4/repo/oss/boot/x86_64/yast2-trans-id.rpm
distribution/11.4/repo/oss/boot/x86_64/yast2-trans-it.rpm
distribution/11.4/repo/oss/boot/x86_64/yast2-trans-ja.rpm
distribution/11.4/repo/oss/boot/x86_64/yast2-trans-jv.rpm
distribution/11.4/repo/oss/boot/x86_64/yast2-trans-ka.rpm
distribution/11.4/repo/oss/boot/x86_64/yast2-trans-km.rpm
distribution/11.4/repo/oss/boot/x86_64/yast2-trans-kn.rpm
distribution/11.4/repo/oss/boot/x86_64/yast2-trans-ko.rpm
distribution/11.4/repo/oss/boot/x86_64/yast2-trans-ku.rpm
distribution/11.4/repo/oss/boot/x86_64/yast2-trans-lo.rpm
distribution/11.4/repo/oss/boot/x86_64/yast2-trans-lt.rpm
distribution/11.4/repo/oss/boot/x86_64/yast2-trans-mk.rpm
distribution/11.4/repo/oss/boot/x86_64/yast2-trans-mr.rpm
distribution/11.4/repo/oss/boot/x86_64/yast2-trans-nb.rpm
distribution/11.4/repo/oss/boot/x86_64/yast2-trans-nl.rpm
distribution/11.4/repo/oss/boot/x86_64/yast2-trans-pa.rpm
distribution/11.4/repo/oss/boot/x86_64/yast2-trans-pl.rpm
distribution/11.4/repo/oss/boot/x86_64/yast2-trans-pt.rpm
distribution/11.4/repo/oss/boot/x86_64/yast2-trans-pt_BR.rpm
distribution/11.4/repo/oss/boot/x86_64/yast2-trans-ro.rpm
distribution/11.4/repo/oss/boot/x86_64/yast2-trans-ru.rpm
distribution/11.4/repo/oss/boot/x86_64/yast2-trans-si.rpm
distribution/11.4/repo/oss/boot/x86_64/yast2-trans-sk.rpm
distribution/11.4/repo/oss/boot/x86_64/yast2-trans-sl.rpm
distribution/11.4/repo/oss/boot/x86_64/yast2-trans-sr.rpm
distribution/11.4/repo/oss/boot/x86_64/yast2-trans-sv.rpm
distribution/11.4/repo/oss/boot/x86_64/yast2-trans-sw.rpm
distribution/11.4/repo/oss/boot/x86_64/yast2-trans-ta.rpm
distribution/11.4/repo/oss/boot/x86_64/yast2-trans-tg.rpm
distribution/11.4/repo/oss/boot/x86_64/yast2-trans-th.rpm
distribution/11.4/repo/oss/boot/x86_64/yast2-trans-tr.rpm
distribution/11.4/repo/oss/boot/x86_64/yast2-trans-uk.rpm
distribution/11.4/repo/oss/boot/x86_64/yast2-trans-vi.rpm
distribution/11.4/repo/oss/boot/x86_64/yast2-trans-wa.rpm
distribution/11.4/repo/oss/boot/x86_64/yast2-trans-xh.rpm
distribution/11.4/repo/oss/boot/x86_64/yast2-trans-zh_CN.rpm
distribution/11.4/repo/oss/boot/x86_64/yast2-trans-zh_TW.rpm
distribution/11.4/repo/oss/boot/x86_64/yast2-trans-zu.rpm
distribution/11.4/repo/oss/boot/x86_64/loader/
distribution/11.4/repo/oss/boot/x86_64/loader/16x16.fnt
distribution/11.4/repo/oss/boot/x86_64/loader/af.hlp
distribution/11.4/repo/oss/boot/x86_64/loader/ar.hlp
distribution/11.4/repo/oss/boot/x86_64/loader/back.jpg
distribution/11.4/repo/oss/boot/x86_64/loader/ca.hlp
distribution/11.4/repo/oss/boot/x86_64/loader/cs.hlp
distribution/11.4/repo/oss/boot/x86_64/loader/da.hlp
distribution/11.4/repo/oss/boot/x86_64/loader/de.hlp
distribution/11.4/repo/oss/boot/x86_64/loader/el.hlp
distribution/11.4/repo/oss/boot/x86_64/loader/en.hlp
distribution/11.4/repo/oss/boot/x86_64/loader/en.tlk
distribution/11.4/repo/oss/boot/x86_64/loader/es.hlp
distribution/11.4/repo/oss/boot/x86_64/loader/et.hlp
distribution/11.4/repo/oss/boot/x86_64/loader/fi.hlp
distribution/11.4/repo/oss/boot/x86_64/loader/fr.hlp
distribution/11.4/repo/oss/boot/x86_64/loader/gu.hlp
distribution/11.4/repo/oss/boot/x86_64/loader/hr.hlp
distribution/11.4/repo/oss/boot/x86_64/loader/hu.hlp
distribution/11.4/repo/oss/boot/x86_64/loader/it.hlp
distribution/11.4/repo/oss/boot/x86_64/loader/ja.hlp
distribution/11.4/repo/oss/boot/x86_64/loader/ko.hlp
distribution/11.4/repo/oss/boot/x86_64/loader/kroete.dat
distribution/11.4/repo/oss/boot/x86_64/loader/ky.hlp
distribution/11.4/repo/oss/boot/x86_64/loader/lt.hlp
distribution/11.4/repo/oss/boot/x86_64/loader/mr.hlp
distribution/11.4/repo/oss/boot/x86_64/loader/nb.hlp
distribution/11.4/repo/oss/boot/x86_64/loader/nl.hlp
distribution/11.4/repo/oss/boot/x86_64/loader/pa.hlp
distribution/11.4/repo/oss/boot/x86_64/loader/panim.jpg
distribution/11.4/repo/oss/boot/x86_64/loader/panim_a.jpg
distribution/11.4/repo/oss/boot/x86_64/loader/pback.jpg
distribution/11.4/repo/oss/boot/x86_64/loader/pl.hlp
distribution/11.4/repo/oss/boot/x86_64/loader/pt.hlp
distribution/11.4/repo/oss/boot/x86_64/loader/pt_BR.hlp
distribution/11.4/repo/oss/boot/x86_64/loader/ro.hlp
distribution/11.4/repo/oss/boot/x86_64/loader/ru.hlp
distribution/11.4/repo/oss/boot/x86_64/loader/sk.hlp
distribution/11.4/repo/oss/boot/x86_64/loader/sv.hlp
distribution/11.4/repo/oss/boot/x86_64/loader/th.hlp
distribution/11.4/repo/oss/boot/x86_64/loader/uk.hlp
distribution/11.4/repo/oss/boot/x86_64/loader/welcome.jpg
distribution/11.4/repo/oss/boot/x86_64/loader/xh.hlp
distribution/11.4/repo/oss/boot/x86_64/loader/zh_CN.hlp
distribution/11.4/repo/oss/boot/x86_64/loader/zh_TW.hlp
distribution/11.4/repo/oss/docu/
distribution/11.4/repo/oss/dosutils/
distribution/11.4/repo/oss/dosutils/putty/
distribution/11.4/repo/oss/dosutils/putty/htmldoc/
distribution/11.4/repo/oss/dosutils/rawwritewin/
distribution/11.4/repo/oss/dosutils/tightvnc/
distribution/11.4/repo/oss/dosutils/weirdx/
distribution/11.4/repo/oss/dosutils/weirdx/com/
distribution/11.4/repo/oss/dosutils/weirdx/com/jcraft/
distribution/11.4/repo/oss/dosutils/weirdx/com/jcraft/util/
distribution/11.4/repo/oss/dosutils/weirdx/com/jcraft/weirdx/
distribution/11.4/repo/oss/dosutils/weirdx/config/
distribution/11.4/repo/oss/dosutils/weirdx/misc/
distribution/11.4/repo/oss/dosutils/weirdx/misc/META-INF/
distribution/11.4/repo/oss/dosutils/weirdx/misc/config/
distribution/11.4/repo/oss/dosutils/weirdx/misc/keymap/
distribution/11.4/repo/oss/dosutils/weirdx/misc/msockets/
distribution/11.4/repo/oss/dosutils/weirdx/misc/msockets/de/
distribution/11.4/repo/oss/dosutils/weirdx/misc/msockets/de/linuxtest/
distribution/11.4/repo/oss/dosutils/weirdx/misc/msockets/de/linuxtest/msockets/
distribution/11.4/repo/oss/dosutils/weirdx/misc/xjs/
distribution/11.4/repo/oss/media.1/
distribution/11.4/repo/oss/suse/
distribution/11.4/repo/oss/suse/i586/
distribution/11.4/repo/oss/suse/i586/cracklib-dict-full-2.8.12-50.1.i586.rpm
distribution/11.4/repo/oss/suse/i686/
distribution/11.4/repo/oss/suse/noarch/
distribution/11.4/repo/oss/suse/noarch/IPAGothic-003.02-2.1.noarch.rpm
distribution/11.4/repo/oss/suse/noarch/KhmerOS-fonts-5.0-114.1.noarch.rpm
distribution/11.4/repo/oss/suse/noarch/fonts-arabic-0.20091208-7.1.noarch.rpm
distribution/11.4/repo/oss/suse/noarch/fonts-thai-0.4.14-2.3.noarch.rpm
distribution/11.4/repo/oss/suse/noarch/indic-fonts-2009.12.08-7.1.noarch.rpm
distribution/11.4/repo/oss/suse/noarch/lklug-0.3-117.1.noarch.rpm
distribution/11.4/repo/oss/suse/noarch/ttf-arphic-uming-0.1.20060928-96.1.noarch.rpm
distribution/11.4/repo/oss/suse/noarch/unfonts-1.0.20080608-7.1.noarch.rpm
distribution/11.4/repo/oss/suse/noarch/yast2-trans-af-2.19.0-31.34.1.noarch.rpm
distribution/11.4/repo/oss/suse/noarch/yast2-trans-ar-2.19.0-31.34.1.noarch.rpm
distribution/11.4/repo/oss/suse/noarch/yast2-trans-ast-2.19.0-31.34.1.noarch.rpm
distribution/11.4/repo/oss/suse/noarch/yast2-trans-bg-2.19.0-31.34.1.noarch.rpm
distribution/11.4/repo/oss/suse/noarch/yast2-trans-bn-2.19.0-31.34.1.noarch.rpm
distribution/11.4/repo/oss/suse/noarch/yast2-trans-bs-2.19.0-31.34.1.noarch.rpm
distribution/11.4/repo/oss/suse/noarch/yast2-trans-ca-2.19.0-31.34.1.noarch.rpm
distribution/11.4/repo/oss/suse/noarch/yast2-trans-cs-2.19.0-31.34.1.noarch.rpm
distribution/11.4/repo/oss/suse/noarch/yast2-trans-cy-2.19.0-31.34.1.noarch.rpm
distribution/11.4/repo/oss/suse/noarch/yast2-trans-da-2.19.0-31.34.1.noarch.rpm
distribution/11.4/repo/oss/suse/noarch/yast2-trans-de-2.19.0-31.34.1.noarch.rpm
distribution/11.4/repo/oss/suse/noarch/yast2-trans-el-2.19.0-31.34.1.noarch.rpm
distribution/11.4/repo/oss/suse/noarch/yast2-trans-en_GB-2.19.0-31.34.1.noarch.rpm
distribution/11.4/repo/oss/suse/noarch/yast2-trans-en_US-2.19.0-31.34.1.noarch.rpm
distribution/11.4/repo/oss/suse/noarch/yast2-trans-es-2.19.0-31.34.1.noarch.rpm
distribution/11.4/repo/oss/suse/noarch/yast2-trans-et-2.19.0-31.34.1.noarch.rpm
distribution/11.4/repo/oss/suse/noarch/yast2-trans-fa-2.19.0-31.34.1.noarch.rpm
distribution/11.4/repo/oss/suse/noarch/yast2-trans-fi-2.19.0-31.34.1.noarch.rpm
distribution/11.4/repo/oss/suse/noarch/yast2-trans-fr-2.19.0-31.34.1.noarch.rpm
distribution/11.4/repo/oss/suse/noarch/yast2-trans-gl-2.19.0-31.34.1.noarch.rpm
distribution/11.4/repo/oss/suse/noarch/yast2-trans-gu-2.19.0-31.34.1.noarch.rpm
distribution/11.4/repo/oss/suse/noarch/yast2-trans-hi-2.19.0-31.34.1.noarch.rpm
distribution/11.4/repo/oss/suse/noarch/yast2-trans-hr-2.19.0-31.34.1.noarch.rpm
distribution/11.4/repo/oss/suse/noarch/yast2-trans-hu-2.19.0-31.34.1.noarch.rpm
distribution/11.4/repo/oss/suse/noarch/yast2-trans-id-2.19.0-31.34.1.noarch.rpm
distribution/11.4/repo/oss/suse/noarch/yast2-trans-it-2.19.0-31.34.1.noarch.rpm
distribution/11.4/repo/oss/suse/noarch/yast2-trans-ja-2.19.0-31.34.1.noarch.rpm
distribution/11.4/repo/oss/suse/noarch/yast2-trans-jv-2.19.0-31.34.1.noarch.rpm
distribution/11.4/repo/oss/suse/noarch/yast2-trans-ka-2.19.0-31.34.1.noarch.rpm
distribution/11.4/repo/oss/suse/noarch/yast2-trans-km-2.19.0-31.34.1.noarch.rpm
distribution/11.4/repo/oss/suse/noarch/yast2-trans-kn-2.19.0-31.34.1.noarch.rpm
distribution/11.4/repo/oss/suse/noarch/yast2-trans-ko-2.19.0-31.34.1.noarch.rpm
distribution/11.4/repo/oss/suse/noarch/yast2-trans-ku-2.19.0-31.34.1.noarch.rpm
distribution/11.4/repo/oss/suse/noarch/yast2-trans-lo-2.19.0-31.34.1.noarch.rpm
distribution/11.4/repo/oss/suse/noarch/yast2-trans-lt-2.19.0-31.34.1.noarch.rpm
distribution/11.4/repo/oss/suse/noarch/yast2-trans-mk-2.19.0-31.34.1.noarch.rpm
distribution/11.4/repo/oss/suse/noarch/yast2-trans-mr-2.19.0-31.34.1.noarch.rpm
distribution/11.4/repo/oss/suse/noarch/yast2-trans-nb-2.19.0-31.34.1.noarch.rpm
distribution/11.4/repo/oss/suse/noarch/yast2-trans-nl-2.19.0-31.34.1.noarch.rpm
distribution/11.4/repo/oss/suse/noarch/yast2-trans-pa-2.19.0-31.34.1.noarch.rpm
distribution/11.4/repo/oss/suse/noarch/yast2-trans-pl-2.19.0-31.34.1.noarch.rpm
distribution/11.4/repo/oss/suse/noarch/yast2-trans-pt-2.19.0-31.34.1.noarch.rpm
distribution/11.4/repo/oss/suse/noarch/yast2-trans-pt_BR-2.19.0-31.34.1.noarch.rpm
distribution/11.4/repo/oss/suse/noarch/yast2-trans-ro-2.19.0-31.34.1.noarch.rpm
distribution/11.4/repo/oss/suse/noarch/yast2-trans-ru-2.19.0-31.34.1.noarch.rpm
distribution/11.4/repo/oss/suse/noarch/yast2-trans-si-2.19.0-31.34.1.noarch.rpm
distribution/11.4/repo/oss/suse/noarch/yast2-trans-sk-2.19.0-31.34.1.noarch.rpm
distribution/11.4/repo/oss/suse/noarch/yast2-trans-sl-2.19.0-31.34.1.noarch.rpm
distribution/11.4/repo/oss/suse/noarch/yast2-trans-sr-2.19.0-31.34.1.noarch.rpm
distribution/11.4/repo/oss/suse/noarch/yast2-trans-sv-2.19.0-31.34.1.noarch.rpm
distribution/11.4/repo/oss/suse/noarch/yast2-trans-sw-2.19.0-31.34.1.noarch.rpm
distribution/11.4/repo/oss/suse/noarch/yast2-trans-ta-2.19.0-31.34.1.noarch.rpm
distribution/11.4/repo/oss/suse/noarch/yast2-trans-tg-2.19.0-31.34.1.noarch.rpm
distribution/11.4/repo/oss/suse/noarch/yast2-trans-th-2.19.0-31.34.1.noarch.rpm
distribution/11.4/repo/oss/suse/noarch/yast2-trans-tr-2.19.0-31.34.1.noarch.rpm
distribution/11.4/repo/oss/suse/noarch/yast2-trans-uk-2.19.0-31.34.1.noarch.rpm
distribution/11.4/repo/oss/suse/noarch/yast2-trans-vi-2.19.0-31.34.1.noarch.rpm
distribution/11.4/repo/oss/suse/noarch/yast2-trans-wa-2.19.0-31.34.1.noarch.rpm
distribution/11.4/repo/oss/suse/noarch/yast2-trans-xh-2.19.0-31.34.1.noarch.rpm
distribution/11.4/repo/oss/suse/noarch/yast2-trans-zh_CN-2.19.0-31.34.1.noarch.rpm
distribution/11.4/repo/oss/suse/noarch/yast2-trans-zh_TW-2.19.0-31.34.1.noarch.rpm
distribution/11.4/repo/oss/suse/noarch/yast2-trans-zu-2.19.0-31.34.1.noarch.rpm
distribution/11.4/repo/oss/suse/repodata/
distribution/11.4/repo/oss/suse/setup/
distribution/11.4/repo/oss/suse/setup/descr/
distribution/11.4/repo/oss/suse/setup/slide/
distribution/11.4/repo/oss/suse/setup/slide/pic/
distribution/11.4/repo/oss/suse/setup/slide/txt/
distribution/11.4/repo/oss/suse/setup/slide/txt/bg/
distribution/11.4/repo/oss/suse/setup/slide/txt/cs/
distribution/11.4/repo/oss/suse/setup/slide/txt/da/
distribution/11.4/repo/oss/suse/setup/slide/txt/de/
distribution/11.4/repo/oss/suse/setup/slide/txt/en/
distribution/11.4/repo/oss/suse/setup/slide/txt/en_GB/
distribution/11.4/repo/oss/suse/setup/slide/txt/es/
distribution/11.4/repo/oss/suse/setup/slide/txt/fi/
distribution/11.4/repo/oss/suse/setup/slide/txt/fr/
distribution/11.4/repo/oss/suse/setup/slide/txt/gl/
distribution/11.4/repo/oss/suse/setup/slide/txt/hr/
distribution/11.4/repo/oss/suse/setup/slide/txt/hu/
distribution/11.4/repo/oss/suse/setup/slide/txt/it/
distribution/11.4/repo/oss/suse/setup/slide/txt/ja/
distribution/11.4/repo/oss/suse/setup/slide/txt/km/
distribution/11.4/repo/oss/suse/setup/slide/txt/ko/
distribution/11.4/repo/oss/suse/setup/slide/txt/lt/
distribution/11.4/repo/oss/suse/setup/slide/txt/nb/
distribution/11.4/repo/oss/suse/setup/slide/txt/nl/
distribution/11.4/repo/oss/suse/setup/slide/txt/pa/
distribution/11.4/repo/oss/suse/setup/slide/txt/pl/
distribution/11.4/repo/oss/suse/setup/slide/txt/pt/
distribution/11.4/repo/oss/suse/setup/slide/txt/pt_BR/
distribution/11.4/repo/oss/suse/setup/slide/txt/ro/
distribution/11.4/repo/oss/suse/setup/slide/txt/ru/
distribution/11.4/repo/oss/suse/setup/slide/txt/sk/
distribution/11.4/repo/oss/suse/setup/slide/txt/sv/
distribution/11.4/repo/oss/suse/setup/slide/txt/th/
distribution/11.4/repo/oss/suse/setup/slide/txt/uk/
distribution/11.4/repo/oss/suse/setup/slide/txt/wa/
distribution/11.4/repo/oss/suse/setup/slide/txt/zh_CN/
distribution/11.4/repo/oss/suse/setup/slide/txt/zh_TW/
distribution/11.4/repo/oss/suse/x86_64/
distribution/11.4/repo/oss/suse/x86_64/cracklib-dict-full-2.8.12-50.1.x86_64.rpm
distribution/12.1/
distribution/12.1/iso/
distribution/12.1/repo/
distribution/12.1/repo/non-oss/
distribution/12.1/repo/non-oss/GPLv3.txt
distribution/12.1/repo/non-oss/gpg-pubkey-3dbdc284-4be1884d.asc
distribution/12.1/repo/non-oss/boot/
distribution/12.1/repo/non-oss/media.1/
distribution/12.1/repo/non-oss/media.1/products.key
distribution/12.1/repo/non-oss/suse/
distribution/12.1/repo/non-oss/suse/i586/
distribution/12.1/repo/non-oss/suse/noarch/
distribution/12.1/repo/non-oss/suse/setup/
distribution/12.1/repo/non-oss/suse/setup/descr/
distribution/12.1/repo/non-oss/suse/x86_64/
distribution/12.1/repo/oss/
distribution/12.1/repo/oss/GPLv2.txt
distribution/12.1/repo/oss/GPLv3.txt
distribution/12.1/repo/oss/gpg-pubkey-3dbdc284-4be1884d.asc
distribution/12.1/repo/oss/boot/
distribution/12.1/repo/oss/boot/i386/
distribution/12.1/repo/oss/boot/i386/loader/
distribution/12.1/repo/oss/boot/x86_64/
distribution/12.1/repo/oss/boot/x86_64/IPAGothic.rpm
distribution/12.1/repo/oss/boot/x86_64/KhmerOS-fonts.rpm
distribution/12.1/repo/oss/boot/x86_64/fonts-arabic.rpm
distribution/12.1/repo/oss/boot/x86_64/fonts-thai.rpm
distribution/12.1/repo/oss/boot/x86_64/indic-fonts.rpm
distribution/12.1/repo/oss/boot/x86_64/lklug.rpm
distribution/12.1/repo/oss/boot/x86_64/mkbootdisk
distribution/12.1/repo/oss/boot/x86_64/ttf-arphic-uming.rpm
distribution/12.1/repo/oss/boot/x86_64/unfonts.rpm
distribution/12.1/repo/oss/boot/x86_64/yast2-trans-af.rpm
distribution/12.1/repo/oss/boot/x86_64/yast2-trans-ar.rpm
distribution/12.1/repo/oss/boot/x86_64/yast2-trans-ast.rpm
distribution/12.1/repo/oss/boot/x86_64/yast2-trans-bg.rpm
distribution/12.1/repo/oss/boot/x86_64/yast2-trans-bn.rpm
distribution/12.1/repo/oss/boot/x86_64/yast2-trans-bs.rpm
distribution/12.1/repo/oss/boot/x86_64/yast2-trans-ca.rpm
distribution/12.1/repo/oss/boot/x86_64/yast2-trans-cs.rpm
distribution/12.1/repo/oss/boot/x86_64/yast2-trans-cy.rpm
distribution/12.1/repo/oss/boot/x86_64/yast2-trans-da.rpm
distribution/12.1/repo/oss/boot/x86_64/yast2-trans-de.rpm
distribution/12.1/repo/oss/boot/x86_64/yast2-trans-el.rpm
distribution/12.1/repo/oss/boot/x86_64/yast2-trans-en_GB.rpm
distribution/12.1/repo/oss/boot/x86_64/yast2-trans-en_US.rpm
distribution/12.1/repo/oss/boot/x86_64/yast2-trans-es.rpm
distribution/12.1/repo/oss/boot/x86_64/yast2-trans-et.rpm
distribution/12.1/repo/oss/boot/x86_64/yast2-trans-fa.rpm
distribution/12.1/repo/oss/boot/x86_64/yast2-trans-fi.rpm
distribution/12.1/repo/oss/boot/x86_64/yast2-trans-fr.rpm
distribution/12.1/repo/oss/boot/x86_64/yast2-trans-gl.rpm
distribution/12.1/repo/oss/boot/x86_64/yast2-trans-gu.rpm
distribution/12.1/repo/oss/boot/x86_64/yast2-trans-hi.rpm
distribution/12.1/repo/oss/boot/x86_64/yast2-trans-hr.rpm
distribution/12.1/repo/oss/boot/x86_64/yast2-trans-hu.rpm
distribution/12.1/repo/oss/boot/x86_64/yast2-trans-id.rpm
distribution/12.1/repo/oss/boot/x86_64/yast2-trans-it.rpm
distribution/12.1/repo/oss/boot/x86_64/yast2-trans-ja.rpm
distribution/12.1/repo/oss/boot/x86_64/yast2-trans-jv.rpm
distribution/12.1/repo/oss/boot/x86_64/yast2-trans-ka.rpm
distribution/12.1/repo/oss/boot/x86_64/yast2-trans-km.rpm
distribution/12.1/repo/oss/boot/x86_64/yast2-trans-kn.rpm
distribution/12.1/repo/oss/boot/x86_64/yast2-trans-ko.rpm
distribution/12.1/repo/oss/boot/x86_64/yast2-trans-ku.rpm
distribution/12.1/repo/oss/boot/x86_64/yast2-trans-lo.rpm
distribution/12.1/repo/oss/boot/x86_64/yast2-trans-lt.rpm
distribution/12.1/repo/oss/boot/x86_64/yast2-trans-mk.rpm
distribution/12.1/repo/oss/boot/x86_64/yast2-trans-mr.rpm
distribution/12.1/repo/oss/boot/x86_64/yast2-trans-nb.rpm
distribution/12.1/repo/oss/boot/x86_64/yast2-trans-nds.rpm
distribution/12.1/repo/oss/boot/x86_64/yast2-trans-nl.rpm
distribution/12.1/repo/oss/boot/x86_64/yast2-trans-nn.rpm
distribution/12.1/repo/oss/boot/x86_64/yast2-trans-pa.rpm
distribution/12.1/repo/oss/boot/x86_64/yast2-trans-pl.rpm
distribution/12.1/repo/oss/boot/x86_64/yast2-trans-pt.rpm
distribution/12.1/repo/oss/boot/x86_64/yast2-trans-pt_BR.rpm
distribution/12.1/repo/oss/boot/x86_64/yast2-trans-ro.rpm
distribution/12.1/repo/oss/boot/x86_64/yast2-trans-ru.rpm
distribution/12.1/repo/oss/boot/x86_64/yast2-trans-si.rpm
distribution/12.1/repo/oss/boot/x86_64/yast2-trans-sk.rpm
distribution/12.1/repo/oss/boot/x86_64/yast2-trans-sl.rpm
distribution/12.1/repo/oss/boot/x86_64/yast2-trans-sr.rpm
distribution/12.1/repo/oss/boot/x86_64/yast2-trans-sv.rpm
distribution/12.1/repo/oss/boot/x86_64/yast2-trans-sw.rpm
distribution/12.1/repo/oss/boot/x86_64/yast2-trans-ta.rpm
distribution/12.1/repo/oss/boot/x86_64/yast2-trans-tg.rpm
distribution/12.1/repo/oss/boot/x86_64/yast2-trans-th.rpm
distribution/12.1/repo/oss/boot/x86_64/yast2-trans-tr.rpm
distribution/12.1/repo/oss/boot/x86_64/yast2-trans-uk.rpm
distribution/12.1/repo/oss/boot/x86_64/yast2-trans-vi.rpm
distribution/12.1/repo/oss/boot/x86_64/yast2-trans-wa.rpm
distribution/12.1/repo/oss/boot/x86_64/yast2-trans-xh.rpm
distribution/12.1/repo/oss/boot/x86_64/yast2-trans-zh_CN.rpm
distribution/12.1/repo/oss/boot/x86_64/yast2-trans-zh_TW.rpm
distribution/12.1/repo/oss/boot/x86_64/yast2-trans-zu.rpm
distribution/12.1/repo/oss/boot/x86_64/loader/
distribution/12.1/repo/oss/boot/x86_64/loader/16x16.fnt
distribution/12.1/repo/oss/boot/x86_64/loader/af.hlp
distribution/12.1/repo/oss/boot/x86_64/loader/ar.hlp
distribution/12.1/repo/oss/boot/x86_64/loader/back.jpg
distribution/12.1/repo/oss/boot/x86_64/loader/ca.hlp
distribution/12.1/repo/oss/boot/x86_64/loader/cs.hlp
distribution/12.1/repo/oss/boot/x86_64/loader/da.hlp
distribution/12.1/repo/oss/boot/x86_64/loader/de.hlp
distribution/12.1/repo/oss/boot/x86_64/loader/directory.yast
distribution/12.1/repo/oss/boot/x86_64/loader/el.hlp
distribution/12.1/repo/oss/boot/x86_64/loader/en.hlp
distribution/12.1/repo/oss/boot/x86_64/loader/en.tlk
distribution/12.1/repo/oss/boot/x86_64/loader/es.hlp
distribution/12.1/repo/oss/boot/x86_64/loader/et.hlp
distribution/12.1/repo/oss/boot/x86_64/loader/fi.hlp
distribution/12.1/repo/oss/boot/x86_64/loader/fr.hlp
distribution/12.1/repo/oss/boot/x86_64/loader/gu.hlp
distribution/12.1/repo/oss/boot/x86_64/loader/hr.hlp
distribution/12.1/repo/oss/boot/x86_64/loader/hu.hlp
distribution/12.1/repo/oss/boot/x86_64/loader/it.hlp
distribution/12.1/repo/oss/boot/x86_64/loader/ja.hlp
distribution/12.1/repo/oss/boot/x86_64/loader/ko.hlp
distribution/12.1/repo/oss/boot/x86_64/loader/kroete.dat
distribution/12.1/repo/oss/boot/x86_64/loader/ky.hlp
distribution/12.1/repo/oss/boot/x86_64/loader/lt.hlp
distribution/12.1/repo/oss/boot/x86_64/loader/mr.hlp
distribution/12.1/repo/oss/boot/x86_64/loader/nb.hlp
distribution/12.1/repo/oss/boot/x86_64/loader/nl.hlp
distribution/12.1/repo/oss/boot/x86_64/loader/pa.hlp
distribution/12.1/repo/oss/boot/x86_64/loader/panim.jpg
distribution/12.1/repo/oss/boot/x86_64/loader/panim_a.jpg
distribution/12.1/repo/oss/boot/x86_64/loader/pback.jpg
distribution/12.1/repo/oss/boot/x86_64/loader/pl.hlp
distribution/12.1/repo/oss/boot/x86_64/loader/pt.hlp
distribution/12.1/repo/oss/boot/x86_64/loader/pt_BR.hlp
distribution/12.1/repo/oss/boot/x86_64/loader/ro.hlp
distribution/12.1/repo/oss/boot/x86_64/loader/ru.hlp
distribution/12.1/repo/oss/boot/x86_64/loader/sk.hlp
distribution/12.1/repo/oss/boot/x86_64/loader/sv.hlp
distribution/12.1/repo/oss/boot/x86_64/loader/th.hlp
distribution/12.1/repo/oss/boot/x86_64/loader/uk.hlp
distribution/12.1/repo/oss/boot/x86_64/loader/welcome.jpg
distribution/12.1/repo/oss/boot/x86_64/loader/xh.hlp
distribution/12.1/repo/oss/boot/x86_64/loader/zh_CN.hlp
distribution/12.1/repo/oss/boot/x86_64/loader/zh_TW.hlp
distribution/12.1/repo/oss/docu/
distribution/12.1/repo/oss/dosutils/
distribution/12.1/repo/oss/dosutils/putty/
distribution/12.1/repo/oss/dosutils/putty/htmldoc/
distribution/12.1/repo/oss/dosutils/rawwritewin/
distribution/12.1/repo/oss/dosutils/tightvnc/
distribution/12.1/repo/oss/dosutils/weirdx/
distribution/12.1/repo/oss/dosutils/weirdx/com/
distribution/12.1/repo/oss/dosutils/weirdx/com/jcraft/
distribution/12.1/repo/oss/dosutils/weirdx/com/jcraft/util/
distribution/12.1/repo/oss/dosutils/weirdx/com/jcraft/weirdx/
distribution/12.1/repo/oss/dosutils/weirdx/config/
distribution/12.1/repo/oss/dosutils/weirdx/misc/
distribution/12.1/repo/oss/dosutils/weirdx/misc/META-INF/
distribution/12.1/repo/oss/dosutils/weirdx/misc/config/
distribution/12.1/repo/oss/dosutils/weirdx/misc/keymap/
distribution/12.1/repo/oss/dosutils/weirdx/misc/msockets/
distribution/12.1/repo/oss/dosutils/weirdx/misc/msockets/de/
distribution/12.1/repo/oss/dosutils/weirdx/misc/msockets/de/linuxtest/
distribution/12.1/repo/oss/dosutils/weirdx/misc/msockets/de/linuxtest/msockets/
distribution/12.1/repo/oss/dosutils/weirdx/misc/xjs/
distribution/12.1/repo/oss/media.1/
distribution/12.1/repo/oss/media.1/products.key
distribution/12.1/repo/oss/suse/
distribution/12.1/repo/oss/suse/i586/
distribution/12.1/repo/oss/suse/i586/cracklib-dict-full-2.8.12-54.1.1.i586.rpm
distribution/12.1/repo/oss/suse/i686/
distribution/12.1/repo/oss/suse/noarch/
distribution/12.1/repo/oss/suse/noarch/IPAGothic-003.02-6.1.2.noarch.rpm
distribution/12.1/repo/oss/suse/noarch/KhmerOS-fonts-5.0-118.1.1.noarch.rpm
distribution/12.1/repo/oss/suse/noarch/fonts-arabic-0.20091208-11.1.2.noarch.rpm
distribution/12.1/repo/oss/suse/noarch/fonts-thai-0.4.15-4.1.3.noarch.rpm
distribution/12.1/repo/oss/suse/noarch/indic-fonts-2009.12.08-10.1.1.noarch.rpm
distribution/12.1/repo/oss/suse/noarch/lklug-0.3-120.1.1.noarch.rpm
distribution/12.1/repo/oss/suse/noarch/ttf-arphic-uming-0.1.20060928-99.1.2.noarch.rpm
distribution/12.1/repo/oss/suse/noarch/unfonts-1.0.20080608-10.1.2.noarch.rpm
distribution/12.1/repo/oss/suse/noarch/yast2-trans-af-2.21.0-57.54.1.noarch.rpm
distribution/12.1/repo/oss/suse/noarch/yast2-trans-ar-2.21.0-57.54.1.noarch.rpm
distribution/12.1/repo/oss/suse/noarch/yast2-trans-ast-2.21.0-57.54.1.noarch.rpm
distribution/12.1/repo/oss/suse/noarch/yast2-trans-bg-2.21.0-57.54.1.noarch.rpm
distribution/12.1/repo/oss/suse/noarch/yast2-trans-bn-2.21.0-57.54.1.noarch.rpm
distribution/12.1/repo/oss/suse/noarch/yast2-trans-bs-2.21.0-57.54.1.noarch.rpm
distribution/12.1/repo/oss/suse/noarch/yast2-trans-ca-2.21.0-57.54.1.noarch.rpm
distribution/12.1/repo/oss/suse/noarch/yast2-trans-cs-2.21.0-57.54.1.noarch.rpm
distribution/12.1/repo/oss/suse/noarch/yast2-trans-cy-2.21.0-57.54.1.noarch.rpm
distribution/12.1/repo/oss/suse/noarch/yast2-trans-da-2.21.0-57.54.1.noarch.rpm
distribution/12.1/repo/oss/suse/noarch/yast2-trans-de-2.21.0-57.54.1.noarch.rpm
distribution/12.1/repo/oss/suse/noarch/yast2-trans-el-2.21.0-57.54.1.noarch.rpm
distribution/12.1/repo/oss/suse/noarch/yast2-trans-en_GB-2.21.0-57.54.1.noarch.rpm
distribution/12.1/repo/oss/suse/noarch/yast2-trans-en_US-2.21.0-57.54.1.noarch.rpm
distribution/12.1/repo/oss/suse/noarch/yast2-trans-es-2.21.0-57.54.1.noarch.rpm
distribution/12.1/repo/oss/suse/noarch/yast2-trans-et-2.21.0-57.54.1.noarch.rpm
distribution/12.1/repo/oss/suse/noarch/yast2-trans-fa-2.21.0-57.54.1.noarch.rpm
distribution/12.1/repo/oss/suse/noarch/yast2-trans-fi-2.21.0-57.54.1.noarch.rpm
distribution/12.1/repo/oss/suse/noarch/yast2-trans-fr-2.21.0-57.54.1.noarch.rpm
distribution/12.1/repo/oss/suse/noarch/yast2-trans-gl-2.21.0-57.54.1.noarch.rpm
distribution/12.1/repo/oss/suse/noarch/yast2-trans-gu-2.21.0-57.54.1.noarch.rpm
distribution/12.1/repo/oss/suse/noarch/yast2-trans-hi-2.21.0-57.54.1.noarch.rpm
distribution/12.1/repo/oss/suse/noarch/yast2-trans-hr-2.21.0-57.54.1.noarch.rpm
distribution/12.1/repo/oss/suse/noarch/yast2-trans-hu-2.21.0-57.54.1.noarch.rpm
distribution/12.1/repo/oss/suse/noarch/yast2-trans-id-2.21.0-57.54.1.noarch.rpm
distribution/12.1/repo/oss/suse/noarch/yast2-trans-it-2.21.0-57.54.1.noarch.rpm
distribution/12.1/repo/oss/suse/noarch/yast2-trans-ja-2.21.0-57.54.1.noarch.rpm
distribution/12.1/repo/oss/suse/noarch/yast2-trans-jv-2.21.0-57.54.1.noarch.rpm
distribution/12.1/repo/oss/suse/noarch/yast2-trans-ka-2.21.0-57.54.1.noarch.rpm
distribution/12.1/repo/oss/suse/noarch/yast2-trans-km-2.21.0-57.54.1.noarch.rpm
distribution/12.1/repo/oss/suse/noarch/yast2-trans-kn-2.21.0-57.54.1.noarch.rpm
distribution/12.1/repo/oss/suse/noarch/yast2-trans-ko-2.21.0-57.54.1.noarch.rpm
distribution/12.1/repo/oss/suse/noarch/yast2-trans-ku-2.21.0-57.54.1.noarch.rpm
distribution/12.1/repo/oss/suse/noarch/yast2-trans-lo-2.21.0-57.54.1.noarch.rpm
distribution/12.1/repo/oss/suse/noarch/yast2-trans-lt-2.21.0-57.54.1.noarch.rpm
distribution/12.1/repo/oss/suse/noarch/yast2-trans-mk-2.21.0-57.54.1.noarch.rpm
distribution/12.1/repo/oss/suse/noarch/yast2-trans-mr-2.21.0-57.54.1.noarch.rpm
distribution/12.1/repo/oss/suse/noarch/yast2-trans-nb-2.21.0-57.54.1.noarch.rpm
distribution/12.1/repo/oss/suse/noarch/yast2-trans-nds-2.21.0-57.54.1.noarch.rpm
distribution/12.1/repo/oss/suse/noarch/yast2-trans-nl-2.21.0-57.54.1.noarch.rpm
distribution/12.1/repo/oss/suse/noarch/yast2-trans-nn-2.21.0-57.54.1.noarch.rpm
distribution/12.1/repo/oss/suse/noarch/yast2-trans-pa-2.21.0-57.54.1.noarch.rpm
distribution/12.1/repo/oss/suse/noarch/yast2-trans-pl-2.21.0-57.54.1.noarch.rpm
distribution/12.1/repo/oss/suse/noarch/yast2-trans-pt-2.21.0-57.54.1.noarch.rpm
distribution/12.1/repo/oss/suse/noarch/yast2-trans-pt_BR-2.21.0-57.54.1.noarch.rpm
distribution/12.1/repo/oss/suse/noarch/yast2-trans-ro-2.21.0-57.54.1.noarch.rpm
distribution/12.1/repo/oss/suse/noarch/yast2-trans-ru-2.21.0-57.54.1.noarch.rpm
distribution/12.1/repo/oss/suse/noarch/yast2-trans-si-2.21.0-57.54.1.noarch.rpm
distribution/12.1/repo/oss/suse/noarch/yast2-trans-sk-2.21.0-57.54.1.noarch.rpm
distribution/12.1/repo/oss/suse/noarch/yast2-trans-sl-2.21.0-57.54.1.noarch.rpm
distribution/12.1/repo/oss/suse/noarch/yast2-trans-sr-2.21.0-57.54.1.noarch.rpm
distribution/12.1/repo/oss/suse/noarch/yast2-trans-sv-2.21.0-57.54.1.noarch.rpm
distribution/12.1/repo/oss/suse/noarch/yast2-trans-sw-2.21.0-57.54.1.noarch.rpm
distribution/12.1/repo/oss/suse/noarch/yast2-trans-ta-2.21.0-57.54.1.noarch.rpm
distribution/12.1/repo/oss/suse/noarch/yast2-trans-tg-2.21.0-57.54.1.noarch.rpm
distribution/12.1/repo/oss/suse/noarch/yast2-trans-th-2.21.0-57.54.1.noarch.rpm
distribution/12.1/repo/oss/suse/noarch/yast2-trans-tr-2.21.0-57.54.1.noarch.rpm
distribution/12.1/repo/oss/suse/noarch/yast2-trans-uk-2.21.0-57.54.1.noarch.rpm
distribution/12.1/repo/oss/suse/noarch/yast2-trans-vi-2.21.0-57.54.1.noarch.rpm
distribution/12.1/repo/oss/suse/noarch/yast2-trans-wa-2.21.0-57.54.1.noarch.rpm
distribution/12.1/repo/oss/suse/noarch/yast2-trans-xh-2.21.0-57.54.1.noarch.rpm
distribution/12.1/repo/oss/suse/noarch/yast2-trans-zh_CN-2.21.0-57.54.1.noarch.rpm
distribution/12.1/repo/oss/suse/noarch/yast2-trans-zh_TW-2.21.0-57.54.1.noarch.rpm
distribution/12.1/repo/oss/suse/noarch/yast2-trans-zu-2.21.0-57.54.1.noarch.rpm
distribution/12.1/repo/oss/suse/repodata/
distribution/12.1/repo/oss/suse/repodata/repomd.xml.key
distribution/12.1/repo/oss/suse/setup/
distribution/12.1/repo/oss/suse/setup/descr/
distribution/12.1/repo/oss/suse/setup/slide/
distribution/12.1/repo/oss/suse/setup/slide/pic/
distribution/12.1/repo/oss/suse/setup/slide/pic/SHA1SUMS.key
distribution/12.1/repo/oss/suse/setup/slide/txt/
distribution/12.1/repo/oss/suse/setup/slide/txt/bg/
distribution/12.1/repo/oss/suse/setup/slide/txt/bg/SHA1SUMS.key
distribution/12.1/repo/oss/suse/setup/slide/txt/cs/
distribution/12.1/repo/oss/suse/setup/slide/txt/cs/SHA1SUMS.key
distribution/12.1/repo/oss/suse/setup/slide/txt/cs/directory.yast
distribution/12.1/repo/oss/suse/setup/slide/txt/da/
distribution/12.1/repo/oss/suse/setup/slide/txt/da/SHA1SUMS.key
distribution/12.1/repo/oss/suse/setup/slide/txt/da/directory.yast
distribution/12.1/repo/oss/suse/setup/slide/txt/de/
distribution/12.1/repo/oss/suse/setup/slide/txt/de/SHA1SUMS.key
distribution/12.1/repo/oss/suse/setup/slide/txt/de/directory.yast
distribution/12.1/repo/oss/suse/setup/slide/txt/el/
distribution/12.1/repo/oss/suse/setup/slide/txt/el/SHA1SUMS.key
distribution/12.1/repo/oss/suse/setup/slide/txt/el/directory.yast
distribution/12.1/repo/oss/suse/setup/slide/txt/en/
distribution/12.1/repo/oss/suse/setup/slide/txt/en/SHA1SUMS.key
distribution/12.1/repo/oss/suse/setup/slide/txt/en/directory.yast
distribution/12.1/repo/oss/suse/setup/slide/txt/es/
distribution/12.1/repo/oss/suse/setup/slide/txt/es/SHA1SUMS.key
distribution/12.1/repo/oss/suse/setup/slide/txt/es/directory.yast
distribution/12.1/repo/oss/suse/setup/slide/txt/fi/
distribution/12.1/repo/oss/suse/setup/slide/txt/fi/SHA1SUMS.key
distribution/12.1/repo/oss/suse/setup/slide/txt/fi/directory.yast
distribution/12.1/repo/oss/suse/setup/slide/txt/fr/
distribution/12.1/repo/oss/suse/setup/slide/txt/fr/SHA1SUMS.key
distribution/12.1/repo/oss/suse/setup/slide/txt/fr/directory.yast
distribution/12.1/repo/oss/suse/setup/slide/txt/gl/
distribution/12.1/repo/oss/suse/setup/slide/txt/gl/SHA1SUMS.key
distribution/12.1/repo/oss/suse/setup/slide/txt/gl/directory.yast
distribution/12.1/repo/oss/suse/setup/slide/txt/hu/
distribution/12.1/repo/oss/suse/setup/slide/txt/hu/SHA1SUMS.key
distribution/12.1/repo/oss/suse/setup/slide/txt/hu/directory.yast
distribution/12.1/repo/oss/suse/setup/slide/txt/it/
distribution/12.1/repo/oss/suse/setup/slide/txt/it/SHA1SUMS.key
distribution/12.1/repo/oss/suse/setup/slide/txt/it/directory.yast
distribution/12.1/repo/oss/suse/setup/slide/txt/ja/
distribution/12.1/repo/oss/suse/setup/slide/txt/ja/SHA1SUMS.key
distribution/12.1/repo/oss/suse/setup/slide/txt/ja/directory.yast
distribution/12.1/repo/oss/suse/setup/slide/txt/km/
distribution/12.1/repo/oss/suse/setup/slide/txt/km/SHA1SUMS.key
distribution/12.1/repo/oss/suse/setup/slide/txt/km/directory.yast
distribution/12.1/repo/oss/suse/setup/slide/txt/ko/
distribution/12.1/repo/oss/suse/setup/slide/txt/ko/SHA1SUMS.key
distribution/12.1/repo/oss/suse/setup/slide/txt/ko/directory.yast
distribution/12.1/repo/oss/suse/setup/slide/txt/lt/
distribution/12.1/repo/oss/suse/setup/slide/txt/lt/SHA1SUMS.key
distribution/12.1/repo/oss/suse/setup/slide/txt/lt/directory.yast
distribution/12.1/repo/oss/suse/setup/slide/txt/nb/
distribution/12.1/repo/oss/suse/setup/slide/txt/nb/SHA1SUMS.key
distribution/12.1/repo/oss/suse/setup/slide/txt/nb/directory.yast
distribution/12.1/repo/oss/suse/setup/slide/txt/nl/
distribution/12.1/repo/oss/suse/setup/slide/txt/nl/SHA1SUMS.key
distribution/12.1/repo/oss/suse/setup/slide/txt/nl/directory.yast
distribution/12.1/repo/oss/suse/setup/slide/txt/pa/
distribution/12.1/repo/oss/suse/setup/slide/txt/pa/01_welcome.rtf
distribution/12.1/repo/oss/suse/setup/slide/txt/pa/SHA1SUMS.key
distribution/12.1/repo/oss/suse/setup/slide/txt/pa/directory.yast
distribution/12.1/repo/oss/suse/setup/slide/txt/pl/
distribution/12.1/repo/oss/suse/setup/slide/txt/pl/SHA1SUMS.key
distribution/12.1/repo/oss/suse/setup/slide/txt/pl/directory.yast
distribution/12.1/repo/oss/suse/setup/slide/txt/pt/
distribution/12.1/repo/oss/suse/setup/slide/txt/pt/01_welcome.rtf
distribution/12.1/repo/oss/suse/setup/slide/txt/pt/12_novell.rtf
distribution/12.1/repo/oss/suse/setup/slide/txt/pt/SHA1SUMS.key
distribution/12.1/repo/oss/suse/setup/slide/txt/pt/directory.yast
distribution/12.1/repo/oss/suse/setup/slide/txt/pt_BR/
distribution/12.1/repo/oss/suse/setup/slide/txt/pt_BR/SHA1SUMS.key
distribution/12.1/repo/oss/suse/setup/slide/txt/pt_BR/directory.yast
distribution/12.1/repo/oss/suse/setup/slide/txt/ro/
distribution/12.1/repo/oss/suse/setup/slide/txt/ro/01_welcome.rtf
distribution/12.1/repo/oss/suse/setup/slide/txt/ro/SHA1SUMS.key
distribution/12.1/repo/oss/suse/setup/slide/txt/ro/directory.yast
distribution/12.1/repo/oss/suse/setup/slide/txt/ru/
distribution/12.1/repo/oss/suse/setup/slide/txt/ru/SHA1SUMS.key
distribution/12.1/repo/oss/suse/setup/slide/txt/ru/directory.yast
distribution/12.1/repo/oss/suse/setup/slide/txt/sk/
distribution/12.1/repo/oss/suse/setup/slide/txt/sk/01_welcome.rtf
distribution/12.1/repo/oss/suse/setup/slide/txt/sk/SHA1SUMS.key
distribution/12.1/repo/oss/suse/setup/slide/txt/sk/directory.yast
distribution/12.1/repo/oss/suse/setup/slide/txt/sv/
distribution/12.1/repo/oss/suse/setup/slide/txt/sv/01_welcome.rtf
distribution/12.1/repo/oss/suse/setup/slide/txt/sv/12_novell.rtf
distribution/12.1/repo/oss/suse/setup/slide/txt/sv/SHA1SUMS.key
distribution/12.1/repo/oss/suse/setup/slide/txt/sv/directory.yast
distribution/12.1/repo/oss/suse/setup/slide/txt/th/
distribution/12.1/repo/oss/suse/setup/slide/txt/th/01_welcome.rtf
distribution/12.1/repo/oss/suse/setup/slide/txt/th/12_novell.rtf
distribution/12.1/repo/oss/suse/setup/slide/txt/th/SHA1SUMS.key
distribution/12.1/repo/oss/suse/setup/slide/txt/th/directory.yast
distribution/12.1/repo/oss/suse/setup/slide/txt/uk/
distribution/12.1/repo/oss/suse/setup/slide/txt/uk/01_welcome.rtf
distribution/12.1/repo/oss/suse/setup/slide/txt/uk/12_novell.rtf
distribution/12.1/repo/oss/suse/setup/slide/txt/uk/SHA1SUMS.key
distribution/12.1/repo/oss/suse/setup/slide/txt/wa/
distribution/12.1/repo/oss/suse/setup/slide/txt/wa/01_welcome.rtf
distribution/12.1/repo/oss/suse/setup/slide/txt/wa/12_novell.rtf
distribution/12.1/repo/oss/suse/setup/slide/txt/wa/SHA1SUMS.key
distribution/12.1/repo/oss/suse/setup/slide/txt/wa/directory.yast
distribution/12.1/repo/oss/suse/setup/slide/txt/zh_CN/
distribution/12.1/repo/oss/suse/setup/slide/txt/zh_CN/01_welcome.rtf
distribution/12.1/repo/oss/suse/setup/slide/txt/zh_CN/12_novell.rtf
distribution/12.1/repo/oss/suse/setup/slide/txt/zh_CN/SHA1SUMS.key
distribution/12.1/repo/oss/suse/setup/slide/txt/zh_CN/directory.yast
distribution/12.1/repo/oss/suse/setup/slide/txt/zh_TW/
distribution/12.1/repo/oss/suse/setup/slide/txt/zh_TW/SHA1SUMS.key
distribution/12.1/repo/oss/suse/setup/slide/txt/zh_TW/directory.yast
distribution/12.1/repo/oss/suse/x86_64/
distribution/12.1/repo/oss/suse/x86_64/cracklib-dict-full-2.8.12-54.1.1.x86_64.rpm
distribution/12.2/
distribution/12.2/delta/
distribution/12.2/iso/
distribution/12.2/repo/
distribution/12.2/repo/non-oss/
distribution/12.2/repo/non-oss/boot/
distribution/12.2/repo/non-oss/media.1/
distribution/12.2/repo/non-oss/suse/
distribution/12.2/repo/non-oss/suse/i586/
distribution/12.2/repo/non-oss/suse/noarch/
distribution/12.2/repo/non-oss/suse/repodata/
distribution/12.2/repo/non-oss/suse/setup/
distribution/12.2/repo/non-oss/suse/setup/descr/
distribution/12.2/repo/non-oss/suse/x86_64/
distribution/12.2/repo/oss/
distribution/12.2/repo/oss/boot/
distribution/12.2/repo/oss/boot/i386/
distribution/12.2/repo/oss/boot/i386/loader/
distribution/12.2/repo/oss/boot/x86_64/
distribution/12.2/repo/oss/boot/x86_64/arabic-fonts.rpm
distribution/12.2/repo/oss/boot/x86_64/arphic-uming-fonts.rpm
distribution/12.2/repo/oss/boot/x86_64/indic-fonts.rpm
distribution/12.2/repo/oss/boot/x86_64/ipa-gothic-fonts.rpm
distribution/12.2/repo/oss/boot/x86_64/khmeros-fonts.rpm
distribution/12.2/repo/oss/boot/x86_64/lklug-fonts.rpm
distribution/12.2/repo/oss/boot/x86_64/thai-fonts.rpm
distribution/12.2/repo/oss/boot/x86_64/un-fonts.rpm
distribution/12.2/repo/oss/boot/x86_64/yast2-trans-af.rpm
distribution/12.2/repo/oss/boot/x86_64/yast2-trans-ar.rpm
distribution/12.2/repo/oss/boot/x86_64/yast2-trans-ast.rpm
distribution/12.2/repo/oss/boot/x86_64/yast2-trans-bg.rpm
distribution/12.2/repo/oss/boot/x86_64/yast2-trans-bn.rpm
distribution/12.2/repo/oss/boot/x86_64/yast2-trans-bs.rpm
distribution/12.2/repo/oss/boot/x86_64/yast2-trans-ca.rpm
distribution/12.2/repo/oss/boot/x86_64/yast2-trans-cs.rpm
distribution/12.2/repo/oss/boot/x86_64/yast2-trans-cy.rpm
distribution/12.2/repo/oss/boot/x86_64/yast2-trans-da.rpm
distribution/12.2/repo/oss/boot/x86_64/yast2-trans-de.rpm
distribution/12.2/repo/oss/boot/x86_64/yast2-trans-el.rpm
distribution/12.2/repo/oss/boot/x86_64/yast2-trans-en_GB.rpm
distribution/12.2/repo/oss/boot/x86_64/yast2-trans-en_US.rpm
distribution/12.2/repo/oss/boot/x86_64/yast2-trans-es.rpm
distribution/12.2/repo/oss/boot/x86_64/yast2-trans-et.rpm
distribution/12.2/repo/oss/boot/x86_64/yast2-trans-fa.rpm
distribution/12.2/repo/oss/boot/x86_64/yast2-trans-fi.rpm
distribution/12.2/repo/oss/boot/x86_64/yast2-trans-fr.rpm
distribution/12.2/repo/oss/boot/x86_64/yast2-trans-gl.rpm
distribution/12.2/repo/oss/boot/x86_64/yast2-trans-gu.rpm
distribution/12.2/repo/oss/boot/x86_64/yast2-trans-hi.rpm
distribution/12.2/repo/oss/boot/x86_64/yast2-trans-hr.rpm
distribution/12.2/repo/oss/boot/x86_64/yast2-trans-hu.rpm
distribution/12.2/repo/oss/boot/x86_64/yast2-trans-id.rpm
distribution/12.2/repo/oss/boot/x86_64/yast2-trans-it.rpm
distribution/12.2/repo/oss/boot/x86_64/yast2-trans-ja.rpm
distribution/12.2/repo/oss/boot/x86_64/yast2-trans-jv.rpm
distribution/12.2/repo/oss/boot/x86_64/yast2-trans-ka.rpm
distribution/12.2/repo/oss/boot/x86_64/yast2-trans-km.rpm
distribution/12.2/repo/oss/boot/x86_64/yast2-trans-kn.rpm
distribution/12.2/repo/oss/boot/x86_64/yast2-trans-ko.rpm
distribution/12.2/repo/oss/boot/x86_64/yast2-trans-ku.rpm
distribution/12.2/repo/oss/boot/x86_64/yast2-trans-lo.rpm
distribution/12.2/repo/oss/boot/x86_64/yast2-trans-lt.rpm
distribution/12.2/repo/oss/boot/x86_64/yast2-trans-mk.rpm
distribution/12.2/repo/oss/boot/x86_64/yast2-trans-mr.rpm
distribution/12.2/repo/oss/boot/x86_64/yast2-trans-nb.rpm
distribution/12.2/repo/oss/boot/x86_64/yast2-trans-nds.rpm
distribution/12.2/repo/oss/boot/x86_64/yast2-trans-nl.rpm
distribution/12.2/repo/oss/boot/x86_64/yast2-trans-nn.rpm
distribution/12.2/repo/oss/boot/x86_64/yast2-trans-pa.rpm
distribution/12.2/repo/oss/boot/x86_64/yast2-trans-pl.rpm
distribution/12.2/repo/oss/boot/x86_64/yast2-trans-pt.rpm
distribution/12.2/repo/oss/boot/x86_64/yast2-trans-pt_BR.rpm
distribution/12.2/repo/oss/boot/x86_64/yast2-trans-ro.rpm
distribution/12.2/repo/oss/boot/x86_64/yast2-trans-ru.rpm
distribution/12.2/repo/oss/boot/x86_64/yast2-trans-si.rpm
distribution/12.2/repo/oss/boot/x86_64/yast2-trans-sk.rpm
distribution/12.2/repo/oss/boot/x86_64/yast2-trans-sl.rpm
distribution/12.2/repo/oss/boot/x86_64/yast2-trans-sr.rpm
distribution/12.2/repo/oss/boot/x86_64/yast2-trans-sv.rpm
distribution/12.2/repo/oss/boot/x86_64/yast2-trans-sw.rpm
distribution/12.2/repo/oss/boot/x86_64/yast2-trans-ta.rpm
distribution/12.2/repo/oss/boot/x86_64/yast2-trans-tg.rpm
distribution/12.2/repo/oss/boot/x86_64/yast2-trans-th.rpm
distribution/12.2/repo/oss/boot/x86_64/yast2-trans-tr.rpm
distribution/12.2/repo/oss/boot/x86_64/yast2-trans-uk.rpm
distribution/12.2/repo/oss/boot/x86_64/yast2-trans-vi.rpm
distribution/12.2/repo/oss/boot/x86_64/yast2-trans-wa.rpm
distribution/12.2/repo/oss/boot/x86_64/yast2-trans-xh.rpm
distribution/12.2/repo/oss/boot/x86_64/yast2-trans-zh_CN.rpm
distribution/12.2/repo/oss/boot/x86_64/yast2-trans-zh_TW.rpm
distribution/12.2/repo/oss/boot/x86_64/yast2-trans-zu.rpm
distribution/12.2/repo/oss/boot/x86_64/loader/
distribution/12.2/repo/oss/boot/x86_64/loader/directory.yast
distribution/12.2/repo/oss/docu/
distribution/12.2/repo/oss/docu/RELEASE-NOTES.en.rtf
distribution/12.2/repo/oss/dosutils/
distribution/12.2/repo/oss/dosutils/putty/
distribution/12.2/repo/oss/dosutils/putty/htmldoc/
distribution/12.2/repo/oss/dosutils/rawwritewin/
distribution/12.2/repo/oss/dosutils/tightvnc/
distribution/12.2/repo/oss/dosutils/weirdx/
distribution/12.2/repo/oss/dosutils/weirdx/com/
distribution/12.2/repo/oss/dosutils/weirdx/com/jcraft/
distribution/12.2/repo/oss/dosutils/weirdx/com/jcraft/util/
distribution/12.2/repo/oss/dosutils/weirdx/com/jcraft/weirdx/
distribution/12.2/repo/oss/dosutils/weirdx/config/
distribution/12.2/repo/oss/dosutils/weirdx/misc/
distribution/12.2/repo/oss/dosutils/weirdx/misc/META-INF/
distribution/12.2/repo/oss/dosutils/weirdx/misc/config/
distribution/12.2/repo/oss/dosutils/weirdx/misc/keymap/
distribution/12.2/repo/oss/dosutils/weirdx/misc/msockets/
distribution/12.2/repo/oss/dosutils/weirdx/misc/msockets/de/
distribution/12.2/repo/oss/dosutils/weirdx/misc/msockets/de/linuxtest/
distribution/12.2/repo/oss/dosutils/weirdx/misc/msockets/de/linuxtest/msockets/
distribution/12.2/repo/oss/dosutils/weirdx/misc/xjs/
distribution/12.2/repo/oss/media.1/
distribution/12.2/repo/oss/suse/
distribution/12.2/repo/oss/suse/i586/
distribution/12.2/repo/oss/suse/i586/cracklib-dict-full-2.8.12-57.2.1.i586.rpm
distribution/12.2/repo/oss/suse/i686/
distribution/12.2/repo/oss/suse/noarch/
distribution/12.2/repo/oss/suse/noarch/arabic-fonts-0.20091208-4.1.2.noarch.rpm
distribution/12.2/repo/oss/suse/noarch/arphic-uming-fonts-0.2.20080216.1-91.1.1.noarch.rpm
distribution/12.2/repo/oss/suse/noarch/indic-fonts-2009.12.08-13.1.1.noarch.rpm
distribution/12.2/repo/oss/suse/noarch/ipa-gothic-fonts-003.02-5.1.1.noarch.rpm
distribution/12.2/repo/oss/suse/noarch/khmeros-fonts-5.0-109.1.1.noarch.rpm
distribution/12.2/repo/oss/suse/noarch/lklug-fonts-0.6-112.1.1.noarch.rpm
distribution/12.2/repo/oss/suse/noarch/thai-fonts-0.4.17-3.1.2.noarch.rpm
distribution/12.2/repo/oss/suse/noarch/un-fonts-1.0.20080608-3.1.1.noarch.rpm
distribution/12.2/repo/oss/suse/noarch/yast2-trans-af-2.22.0-8.7.1.noarch.rpm
distribution/12.2/repo/oss/suse/noarch/yast2-trans-ar-2.22.0-8.7.1.noarch.rpm
distribution/12.2/repo/oss/suse/noarch/yast2-trans-ast-2.22.0-8.7.1.noarch.rpm
distribution/12.2/repo/oss/suse/noarch/yast2-trans-bg-2.22.0-8.7.1.noarch.rpm
distribution/12.2/repo/oss/suse/noarch/yast2-trans-bn-2.22.0-8.7.1.noarch.rpm
distribution/12.2/repo/oss/suse/noarch/yast2-trans-bs-2.22.0-8.7.1.noarch.rpm
distribution/12.2/repo/oss/suse/noarch/yast2-trans-ca-2.22.0-8.7.1.noarch.rpm
distribution/12.2/repo/oss/suse/noarch/yast2-trans-cs-2.22.0-8.7.1.noarch.rpm
distribution/12.2/repo/oss/suse/noarch/yast2-trans-cy-2.22.0-8.7.1.noarch.rpm
distribution/12.2/repo/oss/suse/noarch/yast2-trans-da-2.22.0-8.7.1.noarch.rpm
distribution/12.2/repo/oss/suse/noarch/yast2-trans-de-2.22.0-8.7.1.noarch.rpm
distribution/12.2/repo/oss/suse/noarch/yast2-trans-el-2.22.0-8.7.1.noarch.rpm
distribution/12.2/repo/oss/suse/noarch/yast2-trans-en_GB-2.22.0-8.7.1.noarch.rpm
distribution/12.2/repo/oss/suse/noarch/yast2-trans-en_US-2.22.0-8.7.1.noarch.rpm
distribution/12.2/repo/oss/suse/noarch/yast2-trans-es-2.22.0-8.7.1.noarch.rpm
distribution/12.2/repo/oss/suse/noarch/yast2-trans-et-2.22.0-8.7.1.noarch.rpm
distribution/12.2/repo/oss/suse/noarch/yast2-trans-fa-2.22.0-8.7.1.noarch.rpm
distribution/12.2/repo/oss/suse/noarch/yast2-trans-fi-2.22.0-8.7.1.noarch.rpm
distribution/12.2/repo/oss/suse/noarch/yast2-trans-fr-2.22.0-8.7.1.noarch.rpm
distribution/12.2/repo/oss/suse/noarch/yast2-trans-gl-2.22.0-8.7.1.noarch.rpm
distribution/12.2/repo/oss/suse/noarch/yast2-trans-gu-2.22.0-8.7.1.noarch.rpm
distribution/12.2/repo/oss/suse/noarch/yast2-trans-hi-2.22.0-8.7.1.noarch.rpm
distribution/12.2/repo/oss/suse/noarch/yast2-trans-hr-2.22.0-8.7.1.noarch.rpm
distribution/12.2/repo/oss/suse/noarch/yast2-trans-hu-2.22.0-8.7.1.noarch.rpm
distribution/12.2/repo/oss/suse/noarch/yast2-trans-id-2.22.0-8.7.1.noarch.rpm
distribution/12.2/repo/oss/suse/noarch/yast2-trans-it-2.22.0-8.7.1.noarch.rpm
distribution/12.2/repo/oss/suse/noarch/yast2-trans-ja-2.22.0-8.7.1.noarch.rpm
distribution/12.2/repo/oss/suse/noarch/yast2-trans-jv-2.22.0-8.7.1.noarch.rpm
distribution/12.2/repo/oss/suse/noarch/yast2-trans-ka-2.22.0-8.7.1.noarch.rpm
distribution/12.2/repo/oss/suse/noarch/yast2-trans-km-2.22.0-8.7.1.noarch.rpm
distribution/12.2/repo/oss/suse/noarch/yast2-trans-kn-2.22.0-8.7.1.noarch.rpm
distribution/12.2/repo/oss/suse/noarch/yast2-trans-ko-2.22.0-8.7.1.noarch.rpm
distribution/12.2/repo/oss/suse/noarch/yast2-trans-ku-2.22.0-8.7.1.noarch.rpm
distribution/12.2/repo/oss/suse/noarch/yast2-trans-lo-2.22.0-8.7.1.noarch.rpm
distribution/12.2/repo/oss/suse/noarch/yast2-trans-lt-2.22.0-8.7.1.noarch.rpm
distribution/12.2/repo/oss/suse/noarch/yast2-trans-mk-2.22.0-8.7.1.noarch.rpm
distribution/12.2/repo/oss/suse/noarch/yast2-trans-mr-2.22.0-8.7.1.noarch.rpm
distribution/12.2/repo/oss/suse/noarch/yast2-trans-nb-2.22.0-8.7.1.noarch.rpm
distribution/12.2/repo/oss/suse/noarch/yast2-trans-nds-2.22.0-8.7.1.noarch.rpm
distribution/12.2/repo/oss/suse/noarch/yast2-trans-nl-2.22.0-8.7.1.noarch.rpm
distribution/12.2/repo/oss/suse/noarch/yast2-trans-nn-2.22.0-8.7.1.noarch.rpm
distribution/12.2/repo/oss/suse/noarch/yast2-trans-pa-2.22.0-8.7.1.noarch.rpm
distribution/12.2/repo/oss/suse/noarch/yast2-trans-pl-2.22.0-8.7.1.noarch.rpm
distribution/12.2/repo/oss/suse/noarch/yast2-trans-pt-2.22.0-8.7.1.noarch.rpm
distribution/12.2/repo/oss/suse/noarch/yast2-trans-pt_BR-2.22.0-8.7.1.noarch.rpm
distribution/12.2/repo/oss/suse/noarch/yast2-trans-ro-2.22.0-8.7.1.noarch.rpm
distribution/12.2/repo/oss/suse/noarch/yast2-trans-ru-2.22.0-8.7.1.noarch.rpm
distribution/12.2/repo/oss/suse/noarch/yast2-trans-si-2.22.0-8.7.1.noarch.rpm
distribution/12.2/repo/oss/suse/noarch/yast2-trans-sk-2.22.0-8.7.1.noarch.rpm
distribution/12.2/repo/oss/suse/noarch/yast2-trans-sl-2.22.0-8.7.1.noarch.rpm
distribution/12.2/repo/oss/suse/noarch/yast2-trans-sr-2.22.0-8.7.1.noarch.rpm
distribution/12.2/repo/oss/suse/noarch/yast2-trans-sv-2.22.0-8.7.1.noarch.rpm
distribution/12.2/repo/oss/suse/noarch/yast2-trans-sw-2.22.0-8.7.1.noarch.rpm
distribution/12.2/repo/oss/suse/noarch/yast2-trans-ta-2.22.0-8.7.1.noarch.rpm
distribution/12.2/repo/oss/suse/noarch/yast2-trans-tg-2.22.0-8.7.1.noarch.rpm
distribution/12.2/repo/oss/suse/noarch/yast2-trans-th-2.22.0-8.7.1.noarch.rpm
distribution/12.2/repo/oss/suse/noarch/yast2-trans-tr-2.22.0-8.7.1.noarch.rpm
distribution/12.2/repo/oss/suse/noarch/yast2-trans-uk-2.22.0-8.7.1.noarch.rpm
distribution/12.2/repo/oss/suse/noarch/yast2-trans-vi-2.22.0-8.7.1.noarch.rpm
distribution/12.2/repo/oss/suse/noarch/yast2-trans-wa-2.22.0-8.7.1.noarch.rpm
distribution/12.2/repo/oss/suse/noarch/yast2-trans-xh-2.22.0-8.7.1.noarch.rpm
distribution/12.2/repo/oss/suse/noarch/yast2-trans-zh_CN-2.22.0-8.7.1.noarch.rpm
distribution/12.2/repo/oss/suse/noarch/yast2-trans-zh_TW-2.22.0-8.7.1.noarch.rpm
distribution/12.2/repo/oss/suse/noarch/yast2-trans-zu-2.22.0-8.7.1.noarch.rpm
distribution/12.2/repo/oss/suse/repodata/
distribution/12.2/repo/oss/suse/setup/
distribution/12.2/repo/oss/suse/setup/descr/
distribution/12.2/repo/oss/suse/setup/slide/
distribution/12.2/repo/oss/suse/setup/slide/pic/
distribution/12.2/repo/oss/suse/setup/slide/txt/
distribution/12.2/repo/oss/suse/setup/slide/txt/ar/
distribution/12.2/repo/oss/suse/setup/slide/txt/bg/
distribution/12.2/repo/oss/suse/setup/slide/txt/bg/01_welcome.rtf
distribution/12.2/repo/oss/suse/setup/slide/txt/cs/
distribution/12.2/repo/oss/suse/setup/slide/txt/da/
distribution/12.2/repo/oss/suse/setup/slide/txt/de/
distribution/12.2/repo/oss/suse/setup/slide/txt/el/
distribution/12.2/repo/oss/suse/setup/slide/txt/en/
distribution/12.2/repo/oss/suse/setup/slide/txt/es/
distribution/12.2/repo/oss/suse/setup/slide/txt/fi/
distribution/12.2/repo/oss/suse/setup/slide/txt/fr/
distribution/12.2/repo/oss/suse/setup/slide/txt/gl/
distribution/12.2/repo/oss/suse/setup/slide/txt/hu/
distribution/12.2/repo/oss/suse/setup/slide/txt/it/
distribution/12.2/repo/oss/suse/setup/slide/txt/ja/
distribution/12.2/repo/oss/suse/setup/slide/txt/km/
distribution/12.2/repo/oss/suse/setup/slide/txt/km/01_welcome.rtf
distribution/12.2/repo/oss/suse/setup/slide/txt/ko/
distribution/12.2/repo/oss/suse/setup/slide/txt/ko/01_welcome.rtf
distribution/12.2/repo/oss/suse/setup/slide/txt/lt/
distribution/12.2/repo/oss/suse/setup/slide/txt/nb/
distribution/12.2/repo/oss/suse/setup/slide/txt/nl/
distribution/12.2/repo/oss/suse/setup/slide/txt/pa/
distribution/12.2/repo/oss/suse/setup/slide/txt/pa/01_welcome.rtf
distribution/12.2/repo/oss/suse/setup/slide/txt/pa/12_suse.rtf
distribution/12.2/repo/oss/suse/setup/slide/txt/pl/
distribution/12.2/repo/oss/suse/setup/slide/txt/pl/01_welcome.rtf
distribution/12.2/repo/oss/suse/setup/slide/txt/pt/
distribution/12.2/repo/oss/suse/setup/slide/txt/pt/01_welcome.rtf
distribution/12.2/repo/oss/suse/setup/slide/txt/pt_BR/
distribution/12.2/repo/oss/suse/setup/slide/txt/ro/
distribution/12.2/repo/oss/suse/setup/slide/txt/ro/01_welcome.rtf
distribution/12.2/repo/oss/suse/setup/slide/txt/ru/
distribution/12.2/repo/oss/suse/setup/slide/txt/sk/
distribution/12.2/repo/oss/suse/setup/slide/txt/sk/01_welcome.rtf
distribution/12.2/repo/oss/suse/setup/slide/txt/sv/
distribution/12.2/repo/oss/suse/setup/slide/txt/sv/01_welcome.rtf
distribution/12.2/repo/oss/suse/setup/slide/txt/sv/12_suse.rtf
distribution/12.2/repo/oss/suse/setup/slide/txt/th/
distribution/12.2/repo/oss/suse/setup/slide/txt/th/01_welcome.rtf
distribution/12.2/repo/oss/suse/setup/slide/txt/th/12_suse.rtf
distribution/12.2/repo/oss/suse/setup/slide/txt/uk/
distribution/12.2/repo/oss/suse/setup/slide/txt/uk/01_welcome.rtf
distribution/12.2/repo/oss/suse/setup/slide/txt/uk/12_suse.rtf
distribution/12.2/repo/oss/suse/setup/slide/txt/wa/
distribution/12.2/repo/oss/suse/setup/slide/txt/wa/01_welcome.rtf
distribution/12.2/repo/oss/suse/setup/slide/txt/zh_CN/
distribution/12.2/repo/oss/suse/setup/slide/txt/zh_TW/
distribution/12.2/repo/oss/suse/x86_64/
distribution/12.2/repo/oss/suse/x86_64/cracklib-dict-full-2.8.12-57.2.1.x86_64.rpm
distribution/12.3/
distribution/12.3/delta/
distribution/12.3/iso/
distribution/12.3/repo/
distribution/12.3/repo/non-oss/
distribution/12.3/repo/non-oss/boot/
distribution/12.3/repo/non-oss/media.1/
distribution/12.3/repo/non-oss/media.1/products.key
distribution/12.3/repo/non-oss/suse/
distribution/12.3/repo/non-oss/suse/i586/
distribution/12.3/repo/non-oss/suse/noarch/
distribution/12.3/repo/non-oss/suse/repodata/
distribution/12.3/repo/non-oss/suse/repodata/repomd.xml.key
distribution/12.3/repo/non-oss/suse/setup/
distribution/12.3/repo/non-oss/suse/setup/descr/
distribution/12.3/repo/non-oss/suse/x86_64/
distribution/12.3/repo/oss/
distribution/12.3/repo/oss/EFI/
distribution/12.3/repo/oss/EFI/BOOT/
distribution/12.3/repo/oss/EFI/BOOT/locale/
distribution/12.3/repo/oss/boot/
distribution/12.3/repo/oss/boot/i386/
distribution/12.3/repo/oss/boot/i386/loader/
distribution/12.3/repo/oss/boot/x86_64/
distribution/12.3/repo/oss/boot/x86_64/arabic-fonts.rpm
distribution/12.3/repo/oss/boot/x86_64/arphic-uming-fonts.rpm
distribution/12.3/repo/oss/boot/x86_64/indic-fonts.rpm
distribution/12.3/repo/oss/boot/x86_64/ipa-gothic-fonts.rpm
distribution/12.3/repo/oss/boot/x86_64/khmeros-fonts.rpm
distribution/12.3/repo/oss/boot/x86_64/lklug-fonts.rpm
distribution/12.3/repo/oss/boot/x86_64/thai-fonts.rpm
distribution/12.3/repo/oss/boot/x86_64/un-fonts.rpm
distribution/12.3/repo/oss/boot/x86_64/yast2-trans-af.rpm
distribution/12.3/repo/oss/boot/x86_64/yast2-trans-ar.rpm
distribution/12.3/repo/oss/boot/x86_64/yast2-trans-ast.rpm
distribution/12.3/repo/oss/boot/x86_64/yast2-trans-bg.rpm
distribution/12.3/repo/oss/boot/x86_64/yast2-trans-bn.rpm
distribution/12.3/repo/oss/boot/x86_64/yast2-trans-bs.rpm
distribution/12.3/repo/oss/boot/x86_64/yast2-trans-ca.rpm
distribution/12.3/repo/oss/boot/x86_64/yast2-trans-cs.rpm
distribution/12.3/repo/oss/boot/x86_64/yast2-trans-cy.rpm
distribution/12.3/repo/oss/boot/x86_64/yast2-trans-da.rpm
distribution/12.3/repo/oss/boot/x86_64/yast2-trans-de.rpm
distribution/12.3/repo/oss/boot/x86_64/yast2-trans-el.rpm
distribution/12.3/repo/oss/boot/x86_64/yast2-trans-en_GB.rpm
distribution/12.3/repo/oss/boot/x86_64/yast2-trans-en_US.rpm
distribution/12.3/repo/oss/boot/x86_64/yast2-trans-es.rpm
distribution/12.3/repo/oss/boot/x86_64/yast2-trans-et.rpm
distribution/12.3/repo/oss/boot/x86_64/yast2-trans-fa.rpm
distribution/12.3/repo/oss/boot/x86_64/yast2-trans-fi.rpm
distribution/12.3/repo/oss/boot/x86_64/yast2-trans-fr.rpm
distribution/12.3/repo/oss/boot/x86_64/yast2-trans-gl.rpm
distribution/12.3/repo/oss/boot/x86_64/yast2-trans-gu.rpm
distribution/12.3/repo/oss/boot/x86_64/yast2-trans-hi.rpm
distribution/12.3/repo/oss/boot/x86_64/yast2-trans-hr.rpm
distribution/12.3/repo/oss/boot/x86_64/yast2-trans-hu.rpm
distribution/12.3/repo/oss/boot/x86_64/yast2-trans-id.rpm
distribution/12.3/repo/oss/boot/x86_64/yast2-trans-it.rpm
distribution/12.3/repo/oss/boot/x86_64/yast2-trans-ja.rpm
distribution/12.3/repo/oss/boot/x86_64/yast2-trans-jv.rpm
distribution/12.3/repo/oss/boot/x86_64/yast2-trans-ka.rpm
distribution/12.3/repo/oss/boot/x86_64/yast2-trans-km.rpm
distribution/12.3/repo/oss/boot/x86_64/yast2-trans-kn.rpm
distribution/12.3/repo/oss/boot/x86_64/yast2-trans-ko.rpm
distribution/12.3/repo/oss/boot/x86_64/yast2-trans-ku.rpm
distribution/12.3/repo/oss/boot/x86_64/yast2-trans-lo.rpm
distribution/12.3/repo/oss/boot/x86_64/yast2-trans-lt.rpm
distribution/12.3/repo/oss/boot/x86_64/yast2-trans-mk.rpm
distribution/12.3/repo/oss/boot/x86_64/yast2-trans-mr.rpm
distribution/12.3/repo/oss/boot/x86_64/yast2-trans-nb.rpm
distribution/12.3/repo/oss/boot/x86_64/yast2-trans-nds.rpm
distribution/12.3/repo/oss/boot/x86_64/yast2-trans-nl.rpm
distribution/12.3/repo/oss/boot/x86_64/yast2-trans-nn.rpm
distribution/12.3/repo/oss/boot/x86_64/yast2-trans-pa.rpm
distribution/12.3/repo/oss/boot/x86_64/yast2-trans-pl.rpm
distribution/12.3/repo/oss/boot/x86_64/yast2-trans-pt.rpm
distribution/12.3/repo/oss/boot/x86_64/yast2-trans-pt_BR.rpm
distribution/12.3/repo/oss/boot/x86_64/yast2-trans-ro.rpm
distribution/12.3/repo/oss/boot/x86_64/yast2-trans-ru.rpm
distribution/12.3/repo/oss/boot/x86_64/yast2-trans-si.rpm
distribution/12.3/repo/oss/boot/x86_64/yast2-trans-sk.rpm
distribution/12.3/repo/oss/boot/x86_64/yast2-trans-sl.rpm
distribution/12.3/repo/oss/boot/x86_64/yast2-trans-sr.rpm
distribution/12.3/repo/oss/boot/x86_64/yast2-trans-sv.rpm
distribution/12.3/repo/oss/boot/x86_64/yast2-trans-sw.rpm
distribution/12.3/repo/oss/boot/x86_64/yast2-trans-ta.rpm
distribution/12.3/repo/oss/boot/x86_64/yast2-trans-tg.rpm
distribution/12.3/repo/oss/boot/x86_64/yast2-trans-th.rpm
distribution/12.3/repo/oss/boot/x86_64/yast2-trans-tr.rpm
distribution/12.3/repo/oss/boot/x86_64/yast2-trans-uk.rpm
distribution/12.3/repo/oss/boot/x86_64/yast2-trans-vi.rpm
distribution/12.3/repo/oss/boot/x86_64/yast2-trans-wa.rpm
distribution/12.3/repo/oss/boot/x86_64/yast2-trans-xh.rpm
distribution/12.3/repo/oss/boot/x86_64/yast2-trans-zh_CN.rpm
distribution/12.3/repo/oss/boot/x86_64/yast2-trans-zh_TW.rpm
distribution/12.3/repo/oss/boot/x86_64/yast2-trans-zu.rpm
distribution/12.3/repo/oss/boot/x86_64/grub2-efi/
distribution/12.3/repo/oss/boot/x86_64/grub2-efi/themes/
distribution/12.3/repo/oss/boot/x86_64/grub2-efi/themes/openSUSE/
distribution/12.3/repo/oss/boot/x86_64/grub2-efi/themes/openSUSE/icons/
distribution/12.3/repo/oss/boot/x86_64/loader/
distribution/12.3/repo/oss/boot/x86_64/loader/directory.yast
distribution/12.3/repo/oss/docu/
distribution/12.3/repo/oss/docu/RELEASE-NOTES.en.rtf
distribution/12.3/repo/oss/dosutils/
distribution/12.3/repo/oss/dosutils/putty/
distribution/12.3/repo/oss/dosutils/putty/htmldoc/
distribution/12.3/repo/oss/dosutils/rawwritewin/
distribution/12.3/repo/oss/dosutils/tightvnc/
distribution/12.3/repo/oss/dosutils/weirdx/
distribution/12.3/repo/oss/dosutils/weirdx/com/
distribution/12.3/repo/oss/dosutils/weirdx/com/jcraft/
distribution/12.3/repo/oss/dosutils/weirdx/com/jcraft/util/
distribution/12.3/repo/oss/dosutils/weirdx/com/jcraft/weirdx/
distribution/12.3/repo/oss/dosutils/weirdx/config/
distribution/12.3/repo/oss/dosutils/weirdx/misc/
distribution/12.3/repo/oss/dosutils/weirdx/misc/weirdx
distribution/12.3/repo/oss/dosutils/weirdx/misc/weirdx-Java2
distribution/12.3/repo/oss/dosutils/weirdx/misc/META-INF/
distribution/12.3/repo/oss/dosutils/weirdx/misc/config/
distribution/12.3/repo/oss/dosutils/weirdx/misc/keymap/
distribution/12.3/repo/oss/dosutils/weirdx/misc/keymap/genkeymap.pl
distribution/12.3/repo/oss/dosutils/weirdx/misc/msockets/
distribution/12.3/repo/oss/dosutils/weirdx/misc/msockets/de/
distribution/12.3/repo/oss/dosutils/weirdx/misc/msockets/de/linuxtest/
distribution/12.3/repo/oss/dosutils/weirdx/misc/msockets/de/linuxtest/msockets/
distribution/12.3/repo/oss/dosutils/weirdx/misc/xjs/
distribution/12.3/repo/oss/media.1/
distribution/12.3/repo/oss/suse/
distribution/12.3/repo/oss/suse/i586/
distribution/12.3/repo/oss/suse/i586/cracklib-dict-full-2.8.12-60.1.1.i586.rpm
distribution/12.3/repo/oss/suse/i686/
distribution/12.3/repo/oss/suse/noarch/
distribution/12.3/repo/oss/suse/noarch/arabic-fonts-0.20091208-7.1.1.noarch.rpm
distribution/12.3/repo/oss/suse/noarch/arphic-uming-fonts-0.2.20080216.1-94.1.1.noarch.rpm
distribution/12.3/repo/oss/suse/noarch/indic-fonts-2009.12.08-16.1.1.noarch.rpm
distribution/12.3/repo/oss/suse/noarch/ipa-gothic-fonts-003.03-2.1.1.noarch.rpm
distribution/12.3/repo/oss/suse/noarch/khmeros-fonts-5.0-112.1.1.noarch.rpm
distribution/12.3/repo/oss/suse/noarch/lklug-fonts-0.6-115.1.1.noarch.rpm
distribution/12.3/repo/oss/suse/noarch/thai-fonts-0.4.17-7.1.1.noarch.rpm
distribution/12.3/repo/oss/suse/noarch/un-fonts-1.0.20080608-6.1.1.noarch.rpm
distribution/12.3/repo/oss/suse/noarch/yast2-trans-af-2.23.0-5.4.1.noarch.rpm
distribution/12.3/repo/oss/suse/noarch/yast2-trans-ar-2.23.0-5.4.1.noarch.rpm
distribution/12.3/repo/oss/suse/noarch/yast2-trans-ast-2.23.0-5.4.1.noarch.rpm
distribution/12.3/repo/oss/suse/noarch/yast2-trans-bg-2.23.0-5.4.1.noarch.rpm
distribution/12.3/repo/oss/suse/noarch/yast2-trans-bn-2.23.0-5.4.1.noarch.rpm
distribution/12.3/repo/oss/suse/noarch/yast2-trans-bs-2.23.0-5.4.1.noarch.rpm
distribution/12.3/repo/oss/suse/noarch/yast2-trans-ca-2.23.0-5.4.1.noarch.rpm
distribution/12.3/repo/oss/suse/noarch/yast2-trans-cs-2.23.0-5.4.1.noarch.rpm
distribution/12.3/repo/oss/suse/noarch/yast2-trans-cy-2.23.0-5.4.1.noarch.rpm
distribution/12.3/repo/oss/suse/noarch/yast2-trans-da-2.23.0-5.4.1.noarch.rpm
distribution/12.3/repo/oss/suse/noarch/yast2-trans-de-2.23.0-5.4.1.noarch.rpm
distribution/12.3/repo/oss/suse/noarch/yast2-trans-el-2.23.0-5.4.1.noarch.rpm
distribution/12.3/repo/oss/suse/noarch/yast2-trans-en_GB-2.23.0-5.4.1.noarch.rpm
distribution/12.3/repo/oss/suse/noarch/yast2-trans-en_US-2.23.0-5.4.1.noarch.rpm
distribution/12.3/repo/oss/suse/noarch/yast2-trans-es-2.23.0-5.4.1.noarch.rpm
distribution/12.3/repo/oss/suse/noarch/yast2-trans-et-2.23.0-5.4.1.noarch.rpm
distribution/12.3/repo/oss/suse/noarch/yast2-trans-fa-2.23.0-5.4.1.noarch.rpm
distribution/12.3/repo/oss/suse/noarch/yast2-trans-fi-2.23.0-5.4.1.noarch.rpm
distribution/12.3/repo/oss/suse/noarch/yast2-trans-fr-2.23.0-5.4.1.noarch.rpm
distribution/12.3/repo/oss/suse/noarch/yast2-trans-gl-2.23.0-5.4.1.noarch.rpm
distribution/12.3/repo/oss/suse/noarch/yast2-trans-gu-2.23.0-5.4.1.noarch.rpm
distribution/12.3/repo/oss/suse/noarch/yast2-trans-hi-2.23.0-5.4.1.noarch.rpm
distribution/12.3/repo/oss/suse/noarch/yast2-trans-hr-2.23.0-5.4.1.noarch.rpm
distribution/12.3/repo/oss/suse/noarch/yast2-trans-hu-2.23.0-5.4.1.noarch.rpm
distribution/12.3/repo/oss/suse/noarch/yast2-trans-id-2.23.0-5.4.1.noarch.rpm
distribution/12.3/repo/oss/suse/noarch/yast2-trans-it-2.23.0-5.4.1.noarch.rpm
distribution/12.3/repo/oss/suse/noarch/yast2-trans-ja-2.23.0-5.4.1.noarch.rpm
distribution/12.3/repo/oss/suse/noarch/yast2-trans-jv-2.23.0-5.4.1.noarch.rpm
distribution/12.3/repo/oss/suse/noarch/yast2-trans-ka-2.23.0-5.4.1.noarch.rpm
distribution/12.3/repo/oss/suse/noarch/yast2-trans-km-2.23.0-5.4.1.noarch.rpm
distribution/12.3/repo/oss/suse/noarch/yast2-trans-kn-2.23.0-5.4.1.noarch.rpm
distribution/12.3/repo/oss/suse/noarch/yast2-trans-ko-2.23.0-5.4.1.noarch.rpm
distribution/12.3/repo/oss/suse/noarch/yast2-trans-ku-2.23.0-5.4.1.noarch.rpm
distribution/12.3/repo/oss/suse/noarch/yast2-trans-lo-2.23.0-5.4.1.noarch.rpm
distribution/12.3/repo/oss/suse/noarch/yast2-trans-lt-2.23.0-5.4.1.noarch.rpm
distribution/12.3/repo/oss/suse/noarch/yast2-trans-mk-2.23.0-5.4.1.noarch.rpm
distribution/12.3/repo/oss/suse/noarch/yast2-trans-mr-2.23.0-5.4.1.noarch.rpm
distribution/12.3/repo/oss/suse/noarch/yast2-trans-nb-2.23.0-5.4.1.noarch.rpm
distribution/12.3/repo/oss/suse/noarch/yast2-trans-nds-2.23.0-5.4.1.noarch.rpm
distribution/12.3/repo/oss/suse/noarch/yast2-trans-nl-2.23.0-5.4.1.noarch.rpm
distribution/12.3/repo/oss/suse/noarch/yast2-trans-nn-2.23.0-5.4.1.noarch.rpm
distribution/12.3/repo/oss/suse/noarch/yast2-trans-pa-2.23.0-5.4.1.noarch.rpm
distribution/12.3/repo/oss/suse/noarch/yast2-trans-pl-2.23.0-5.4.1.noarch.rpm
distribution/12.3/repo/oss/suse/noarch/yast2-trans-pt-2.23.0-5.4.1.noarch.rpm
distribution/12.3/repo/oss/suse/noarch/yast2-trans-pt_BR-2.23.0-5.4.1.noarch.rpm
distribution/12.3/repo/oss/suse/noarch/yast2-trans-ro-2.23.0-5.4.1.noarch.rpm
distribution/12.3/repo/oss/suse/noarch/yast2-trans-ru-2.23.0-5.4.1.noarch.rpm
distribution/12.3/repo/oss/suse/noarch/yast2-trans-si-2.23.0-5.4.1.noarch.rpm
distribution/12.3/repo/oss/suse/noarch/yast2-trans-sk-2.23.0-5.4.1.noarch.rpm
distribution/12.3/repo/oss/suse/noarch/yast2-trans-sl-2.23.0-5.4.1.noarch.rpm
distribution/12.3/repo/oss/suse/noarch/yast2-trans-sr-2.23.0-5.4.1.noarch.rpm
distribution/12.3/repo/oss/suse/noarch/yast2-trans-sv-2.23.0-5.4.1.noarch.rpm
distribution/12.3/repo/oss/suse/noarch/yast2-trans-sw-2.23.0-5.4.1.noarch.rpm
distribution/12.3/repo/oss/suse/noarch/yast2-trans-ta-2.23.0-5.4.1.noarch.rpm
distribution/12.3/repo/oss/suse/noarch/yast2-trans-tg-2.23.0-5.4.1.noarch.rpm
distribution/12.3/repo/oss/suse/noarch/yast2-trans-th-2.23.0-5.4.1.noarch.rpm
distribution/12.3/repo/oss/suse/noarch/yast2-trans-tr-2.23.0-5.4.1.noarch.rpm
distribution/12.3/repo/oss/suse/noarch/yast2-trans-uk-2.23.0-5.4.1.noarch.rpm
distribution/12.3/repo/oss/suse/noarch/yast2-trans-vi-2.23.0-5.4.1.noarch.rpm
distribution/12.3/repo/oss/suse/noarch/yast2-trans-wa-2.23.0-5.4.1.noarch.rpm
distribution/12.3/repo/oss/suse/noarch/yast2-trans-xh-2.23.0-5.4.1.noarch.rpm
distribution/12.3/repo/oss/suse/noarch/yast2-trans-zh_CN-2.23.0-5.4.1.noarch.rpm
distribution/12.3/repo/oss/suse/noarch/yast2-trans-zh_TW-2.23.0-5.4.1.noarch.rpm
distribution/12.3/repo/oss/suse/noarch/yast2-trans-zu-2.23.0-5.4.1.noarch.rpm
distribution/12.3/repo/oss/suse/repodata/
distribution/12.3/repo/oss/suse/repodata/repomd.xml.key
distribution/12.3/repo/oss/suse/setup/
distribution/12.3/repo/oss/suse/setup/descr/
distribution/12.3/repo/oss/suse/setup/slide/
distribution/12.3/repo/oss/suse/setup/slide/pic/
distribution/12.3/repo/oss/suse/setup/slide/pic/CHECKSUMS.key
distribution/12.3/repo/oss/suse/setup/slide/txt/
distribution/12.3/repo/oss/suse/setup/slide/txt/af/
distribution/12.3/repo/oss/suse/setup/slide/txt/af/CHECKSUMS.key
distribution/12.3/repo/oss/suse/setup/slide/txt/ar/
distribution/12.3/repo/oss/suse/setup/slide/txt/ar/CHECKSUMS.key
distribution/12.3/repo/oss/suse/setup/slide/txt/be/
distribution/12.3/repo/oss/suse/setup/slide/txt/be/01_welcome.rtf
distribution/12.3/repo/oss/suse/setup/slide/txt/be/02_opensuse.rtf
distribution/12.3/repo/oss/suse/setup/slide/txt/be/02_z_opensuse.rtf
distribution/12.3/repo/oss/suse/setup/slide/txt/be/03_connect.rtf
distribution/12.3/repo/oss/suse/setup/slide/txt/be/04_create.rtf
distribution/12.3/repo/oss/suse/setup/slide/txt/be/05_office.rtf
distribution/12.3/repo/oss/suse/setup/slide/txt/be/06_graphics.rtf
distribution/12.3/repo/oss/suse/setup/slide/txt/be/08_mobility.rtf
distribution/12.3/repo/oss/suse/setup/slide/txt/be/09_security.rtf
distribution/12.3/repo/oss/suse/setup/slide/txt/be/10_devel.rtf
distribution/12.3/repo/oss/suse/setup/slide/txt/be/11_docs.rtf
distribution/12.3/repo/oss/suse/setup/slide/txt/be/12_suse.rtf
distribution/12.3/repo/oss/suse/setup/slide/txt/be/CHECKSUMS
distribution/12.3/repo/oss/suse/setup/slide/txt/be/CHECKSUMS.asc
distribution/12.3/repo/oss/suse/setup/slide/txt/be/CHECKSUMS.key
distribution/12.3/repo/oss/suse/setup/slide/txt/bg/
distribution/12.3/repo/oss/suse/setup/slide/txt/bg/CHECKSUMS.key
distribution/12.3/repo/oss/suse/setup/slide/txt/bn/
distribution/12.3/repo/oss/suse/setup/slide/txt/bn/01_welcome.rtf
distribution/12.3/repo/oss/suse/setup/slide/txt/bn/CHECKSUMS
distribution/12.3/repo/oss/suse/setup/slide/txt/bn/CHECKSUMS.asc
distribution/12.3/repo/oss/suse/setup/slide/txt/bn/CHECKSUMS.key
distribution/12.3/repo/oss/suse/setup/slide/txt/bs/
distribution/12.3/repo/oss/suse/setup/slide/txt/bs/01_welcome.rtf
distribution/12.3/repo/oss/suse/setup/slide/txt/bs/02_opensuse.rtf
distribution/12.3/repo/oss/suse/setup/slide/txt/bs/02_z_opensuse.rtf
distribution/12.3/repo/oss/suse/setup/slide/txt/bs/03_connect.rtf
distribution/12.3/repo/oss/suse/setup/slide/txt/bs/04_create.rtf
distribution/12.3/repo/oss/suse/setup/slide/txt/bs/05_office.rtf
distribution/12.3/repo/oss/suse/setup/slide/txt/bs/06_graphics.rtf
distribution/12.3/repo/oss/suse/setup/slide/txt/bs/08_mobility.rtf
distribution/12.3/repo/oss/suse/setup/slide/txt/bs/09_security.rtf
distribution/12.3/repo/oss/suse/setup/slide/txt/bs/10_devel.rtf
distribution/12.3/repo/oss/suse/setup/slide/txt/bs/11_docs.rtf
distribution/12.3/repo/oss/suse/setup/slide/txt/bs/12_suse.rtf
distribution/12.3/repo/oss/suse/setup/slide/txt/bs/CHECKSUMS
distribution/12.3/repo/oss/suse/setup/slide/txt/bs/CHECKSUMS.asc
distribution/12.3/repo/oss/suse/setup/slide/txt/bs/CHECKSUMS.key
distribution/12.3/repo/oss/suse/setup/slide/txt/ca/
distribution/12.3/repo/oss/suse/setup/slide/txt/ca/01_welcome.rtf
distribution/12.3/repo/oss/suse/setup/slide/txt/ca/02_opensuse.rtf
distribution/12.3/repo/oss/suse/setup/slide/txt/ca/02_z_opensuse.rtf
distribution/12.3/repo/oss/suse/setup/slide/txt/ca/04_create.rtf
distribution/12.3/repo/oss/suse/setup/slide/txt/ca/05_office.rtf
distribution/12.3/repo/oss/suse/setup/slide/txt/ca/06_graphics.rtf
distribution/12.3/repo/oss/suse/setup/slide/txt/ca/08_mobility.rtf
distribution/12.3/repo/oss/suse/setup/slide/txt/ca/10_devel.rtf
distribution/12.3/repo/oss/suse/setup/slide/txt/ca/11_docs.rtf
distribution/12.3/repo/oss/suse/setup/slide/txt/ca/12_suse.rtf
distribution/12.3/repo/oss/suse/setup/slide/txt/ca/CHECKSUMS.key
distribution/12.3/repo/oss/suse/setup/slide/txt/cs/
distribution/12.3/repo/oss/suse/setup/slide/txt/cs/CHECKSUMS.key
distribution/12.3/repo/oss/suse/setup/slide/txt/cy/
distribution/12.3/repo/oss/suse/setup/slide/txt/cy/01_welcome.rtf
distribution/12.3/repo/oss/suse/setup/slide/txt/cy/02_opensuse.rtf
distribution/12.3/repo/oss/suse/setup/slide/txt/cy/02_z_opensuse.rtf
distribution/12.3/repo/oss/suse/setup/slide/txt/cy/03_connect.rtf
distribution/12.3/repo/oss/suse/setup/slide/txt/cy/04_create.rtf
distribution/12.3/repo/oss/suse/setup/slide/txt/cy/05_office.rtf
distribution/12.3/repo/oss/suse/setup/slide/txt/cy/06_graphics.rtf
distribution/12.3/repo/oss/suse/setup/slide/txt/cy/08_mobility.rtf
distribution/12.3/repo/oss/suse/setup/slide/txt/cy/09_security.rtf
distribution/12.3/repo/oss/suse/setup/slide/txt/cy/10_devel.rtf
distribution/12.3/repo/oss/suse/setup/slide/txt/cy/11_docs.rtf
distribution/12.3/repo/oss/suse/setup/slide/txt/cy/12_suse.rtf
distribution/12.3/repo/oss/suse/setup/slide/txt/cy/CHECKSUMS
distribution/12.3/repo/oss/suse/setup/slide/txt/cy/CHECKSUMS.asc
distribution/12.3/repo/oss/suse/setup/slide/txt/cy/CHECKSUMS.key
distribution/12.3/repo/oss/suse/setup/slide/txt/da/
distribution/12.3/repo/oss/suse/setup/slide/txt/da/CHECKSUMS.key
distribution/12.3/repo/oss/suse/setup/slide/txt/de/
distribution/12.3/repo/oss/suse/setup/slide/txt/el/
distribution/12.3/repo/oss/suse/setup/slide/txt/el/CHECKSUMS.key
distribution/12.3/repo/oss/suse/setup/slide/txt/en/
distribution/12.3/repo/oss/suse/setup/slide/txt/en/CHECKSUMS.key
distribution/12.3/repo/oss/suse/setup/slide/txt/en_GB/
distribution/12.3/repo/oss/suse/setup/slide/txt/en_GB/01_welcome.rtf
distribution/12.3/repo/oss/suse/setup/slide/txt/en_GB/CHECKSUMS.key
distribution/12.3/repo/oss/suse/setup/slide/txt/en_US/
distribution/12.3/repo/oss/suse/setup/slide/txt/en_US/01_welcome.rtf
distribution/12.3/repo/oss/suse/setup/slide/txt/en_US/02_opensuse.rtf
distribution/12.3/repo/oss/suse/setup/slide/txt/en_US/03_connect.rtf
distribution/12.3/repo/oss/suse/setup/slide/txt/en_US/06_graphics.rtf
distribution/12.3/repo/oss/suse/setup/slide/txt/en_US/08_mobility.rtf
distribution/12.3/repo/oss/suse/setup/slide/txt/en_US/11_docs.rtf
distribution/12.3/repo/oss/suse/setup/slide/txt/en_US/12_suse.rtf
distribution/12.3/repo/oss/suse/setup/slide/txt/en_US/CHECKSUMS
distribution/12.3/repo/oss/suse/setup/slide/txt/en_US/CHECKSUMS.key
distribution/12.3/repo/oss/suse/setup/slide/txt/eo/
distribution/12.3/repo/oss/suse/setup/slide/txt/eo/01_welcome.rtf
distribution/12.3/repo/oss/suse/setup/slide/txt/eo/02_opensuse.rtf
distribution/12.3/repo/oss/suse/setup/slide/txt/eo/02_z_opensuse.rtf
distribution/12.3/repo/oss/suse/setup/slide/txt/eo/03_connect.rtf
distribution/12.3/repo/oss/suse/setup/slide/txt/eo/04_create.rtf
distribution/12.3/repo/oss/suse/setup/slide/txt/eo/05_office.rtf
distribution/12.3/repo/oss/suse/setup/slide/txt/eo/06_graphics.rtf
distribution/12.3/repo/oss/suse/setup/slide/txt/eo/08_mobility.rtf
distribution/12.3/repo/oss/suse/setup/slide/txt/eo/09_security.rtf
distribution/12.3/repo/oss/suse/setup/slide/txt/eo/10_devel.rtf
distribution/12.3/repo/oss/suse/setup/slide/txt/eo/11_docs.rtf
distribution/12.3/repo/oss/suse/setup/slide/txt/eo/12_suse.rtf
distribution/12.3/repo/oss/suse/setup/slide/txt/eo/CHECKSUMS
distribution/12.3/repo/oss/suse/setup/slide/txt/eo/CHECKSUMS.asc
distribution/12.3/repo/oss/suse/setup/slide/txt/eo/CHECKSUMS.key
distribution/12.3/repo/oss/suse/setup/slide/txt/es/
distribution/12.3/repo/oss/suse/setup/slide/txt/es/CHECKSUMS.key
distribution/12.3/repo/oss/suse/setup/slide/txt/et/
distribution/12.3/repo/oss/suse/setup/slide/txt/et/01_welcome.rtf
distribution/12.3/repo/oss/suse/setup/slide/txt/et/02_opensuse.rtf
distribution/12.3/repo/oss/suse/setup/slide/txt/et/02_z_opensuse.rtf
distribution/12.3/repo/oss/suse/setup/slide/txt/et/04_create.rtf
distribution/12.3/repo/oss/suse/setup/slide/txt/et/05_office.rtf
distribution/12.3/repo/oss/suse/setup/slide/txt/et/09_security.rtf
distribution/12.3/repo/oss/suse/setup/slide/txt/et/10_devel.rtf
distribution/12.3/repo/oss/suse/setup/slide/txt/et/11_docs.rtf
distribution/12.3/repo/oss/suse/setup/slide/txt/et/12_suse.rtf
distribution/12.3/repo/oss/suse/setup/slide/txt/et/CHECKSUMS.key
distribution/12.3/repo/oss/suse/setup/slide/txt/eu/
distribution/12.3/repo/oss/suse/setup/slide/txt/eu/01_welcome.rtf
distribution/12.3/repo/oss/suse/setup/slide/txt/eu/02_opensuse.rtf
distribution/12.3/repo/oss/suse/setup/slide/txt/eu/02_z_opensuse.rtf
distribution/12.3/repo/oss/suse/setup/slide/txt/eu/03_connect.rtf
distribution/12.3/repo/oss/suse/setup/slide/txt/eu/04_create.rtf
distribution/12.3/repo/oss/suse/setup/slide/txt/eu/05_office.rtf
distribution/12.3/repo/oss/suse/setup/slide/txt/eu/06_graphics.rtf
distribution/12.3/repo/oss/suse/setup/slide/txt/eu/08_mobility.rtf
distribution/12.3/repo/oss/suse/setup/slide/txt/eu/09_security.rtf
distribution/12.3/repo/oss/suse/setup/slide/txt/eu/10_devel.rtf
distribution/12.3/repo/oss/suse/setup/slide/txt/eu/11_docs.rtf
distribution/12.3/repo/oss/suse/setup/slide/txt/eu/12_suse.rtf
distribution/12.3/repo/oss/suse/setup/slide/txt/eu/CHECKSUMS.asc
distribution/12.3/repo/oss/suse/setup/slide/txt/eu/CHECKSUMS.key
distribution/12.3/repo/oss/suse/setup/slide/txt/fi/
distribution/12.3/repo/oss/suse/setup/slide/txt/fi/CHECKSUMS.key
distribution/12.3/repo/oss/suse/setup/slide/txt/fr/
distribution/12.3/repo/oss/suse/setup/slide/txt/fr/CHECKSUMS.key
distribution/12.3/repo/oss/suse/setup/slide/txt/gl/
distribution/12.3/repo/oss/suse/setup/slide/txt/gl/CHECKSUMS.key
distribution/12.3/repo/oss/suse/setup/slide/txt/gu/
distribution/12.3/repo/oss/suse/setup/slide/txt/gu/01_welcome.rtf
distribution/12.3/repo/oss/suse/setup/slide/txt/gu/CHECKSUMS.asc
distribution/12.3/repo/oss/suse/setup/slide/txt/gu/CHECKSUMS.key
distribution/12.3/repo/oss/suse/setup/slide/txt/he/
distribution/12.3/repo/oss/suse/setup/slide/txt/he/01_welcome.rtf
distribution/12.3/repo/oss/suse/setup/slide/txt/he/02_opensuse.rtf
distribution/12.3/repo/oss/suse/setup/slide/txt/he/02_z_opensuse.rtf
distribution/12.3/repo/oss/suse/setup/slide/txt/he/03_connect.rtf
distribution/12.3/repo/oss/suse/setup/slide/txt/he/04_create.rtf
distribution/12.3/repo/oss/suse/setup/slide/txt/he/05_office.rtf
distribution/12.3/repo/oss/suse/setup/slide/txt/he/06_graphics.rtf
distribution/12.3/repo/oss/suse/setup/slide/txt/he/08_mobility.rtf
distribution/12.3/repo/oss/suse/setup/slide/txt/he/09_security.rtf
distribution/12.3/repo/oss/suse/setup/slide/txt/he/10_devel.rtf
distribution/12.3/repo/oss/suse/setup/slide/txt/he/11_docs.rtf
distribution/12.3/repo/oss/suse/setup/slide/txt/he/12_suse.rtf
distribution/12.3/repo/oss/suse/setup/slide/txt/he/CHECKSUMS
distribution/12.3/repo/oss/suse/setup/slide/txt/he/CHECKSUMS.asc
distribution/12.3/repo/oss/suse/setup/slide/txt/he/CHECKSUMS.key
distribution/12.3/repo/oss/suse/setup/slide/txt/hi/
distribution/12.3/repo/oss/suse/setup/slide/txt/hi/01_welcome.rtf
distribution/12.3/repo/oss/suse/setup/slide/txt/hi/02_opensuse.rtf
distribution/12.3/repo/oss/suse/setup/slide/txt/hi/02_z_opensuse.rtf
distribution/12.3/repo/oss/suse/setup/slide/txt/hi/03_connect.rtf
distribution/12.3/repo/oss/suse/setup/slide/txt/hi/04_create.rtf
distribution/12.3/repo/oss/suse/setup/slide/txt/hi/05_office.rtf
distribution/12.3/repo/oss/suse/setup/slide/txt/hi/06_graphics.rtf
distribution/12.3/repo/oss/suse/setup/slide/txt/hi/08_mobility.rtf
distribution/12.3/repo/oss/suse/setup/slide/txt/hi/09_security.rtf
distribution/12.3/repo/oss/suse/setup/slide/txt/hi/10_devel.rtf
distribution/12.3/repo/oss/suse/setup/slide/txt/hi/11_docs.rtf
distribution/12.3/repo/oss/suse/setup/slide/txt/hi/12_suse.rtf
distribution/12.3/repo/oss/suse/setup/slide/txt/hi/CHECKSUMS
distribution/12.3/repo/oss/suse/setup/slide/txt/hr/
distribution/12.3/repo/oss/suse/setup/slide/txt/hr/01_welcome.rtf
distribution/12.3/repo/oss/suse/setup/slide/txt/hr/02_opensuse.rtf
distribution/12.3/repo/oss/suse/setup/slide/txt/hr/12_suse.rtf
distribution/12.3/repo/oss/suse/setup/slide/txt/hr/CHECKSUMS.key
distribution/12.3/repo/oss/suse/setup/slide/txt/hu/
distribution/12.3/repo/oss/suse/setup/slide/txt/hu/CHECKSUMS.key
distribution/12.3/repo/oss/suse/setup/slide/txt/id/
distribution/12.3/repo/oss/suse/setup/slide/txt/id/01_welcome.rtf
distribution/12.3/repo/oss/suse/setup/slide/txt/id/02_opensuse.rtf
distribution/12.3/repo/oss/suse/setup/slide/txt/id/02_z_opensuse.rtf
distribution/12.3/repo/oss/suse/setup/slide/txt/id/03_connect.rtf
distribution/12.3/repo/oss/suse/setup/slide/txt/id/04_create.rtf
distribution/12.3/repo/oss/suse/setup/slide/txt/id/05_office.rtf
distribution/12.3/repo/oss/suse/setup/slide/txt/id/06_graphics.rtf
distribution/12.3/repo/oss/suse/setup/slide/txt/id/08_mobility.rtf
distribution/12.3/repo/oss/suse/setup/slide/txt/id/09_security.rtf
distribution/12.3/repo/oss/suse/setup/slide/txt/id/10_devel.rtf
distribution/12.3/repo/oss/suse/setup/slide/txt/id/11_docs.rtf
distribution/12.3/repo/oss/suse/setup/slide/txt/id/12_suse.rtf
distribution/12.3/repo/oss/suse/setup/slide/txt/id/CHECKSUMS
distribution/12.3/repo/oss/suse/setup/slide/txt/id/CHECKSUMS.key
distribution/12.3/repo/oss/suse/setup/slide/txt/it/
distribution/12.3/repo/oss/suse/setup/slide/txt/it/CHECKSUMS.key
distribution/12.3/repo/oss/suse/setup/slide/txt/ja/
distribution/12.3/repo/oss/suse/setup/slide/txt/ja/CHECKSUMS.key
distribution/12.3/repo/oss/suse/setup/slide/txt/ka/
distribution/12.3/repo/oss/suse/setup/slide/txt/ka/01_welcome.rtf
distribution/12.3/repo/oss/suse/setup/slide/txt/ka/CHECKSUMS
distribution/12.3/repo/oss/suse/setup/slide/txt/ka/CHECKSUMS.asc
distribution/12.3/repo/oss/suse/setup/slide/txt/ka/CHECKSUMS.key
distribution/12.3/repo/oss/suse/setup/slide/txt/km/
distribution/12.3/repo/oss/suse/setup/slide/txt/km/CHECKSUMS.key
distribution/12.3/repo/oss/suse/setup/slide/txt/ko/
distribution/12.3/repo/oss/suse/setup/slide/txt/ko/01_welcome.rtf
distribution/12.3/repo/oss/suse/setup/slide/txt/ko/12_suse.rtf
distribution/12.3/repo/oss/suse/setup/slide/txt/ko/CHECKSUMS.key
distribution/12.3/repo/oss/suse/setup/slide/txt/ku/
distribution/12.3/repo/oss/suse/setup/slide/txt/ku/01_welcome.rtf
distribution/12.3/repo/oss/suse/setup/slide/txt/ku/02_opensuse.rtf
distribution/12.3/repo/oss/suse/setup/slide/txt/ku/02_z_opensuse.rtf
distribution/12.3/repo/oss/suse/setup/slide/txt/ku/03_connect.rtf
distribution/12.3/repo/oss/suse/setup/slide/txt/ku/04_create.rtf
distribution/12.3/repo/oss/suse/setup/slide/txt/ku/05_office.rtf
distribution/12.3/repo/oss/suse/setup/slide/txt/ku/06_graphics.rtf
distribution/12.3/repo/oss/suse/setup/slide/txt/ku/08_mobility.rtf
distribution/12.3/repo/oss/suse/setup/slide/txt/ku/09_security.rtf
distribution/12.3/repo/oss/suse/setup/slide/txt/ku/10_devel.rtf
distribution/12.3/repo/oss/suse/setup/slide/txt/ku/11_docs.rtf
distribution/12.3/repo/oss/suse/setup/slide/txt/ku/12_suse.rtf
distribution/12.3/repo/oss/suse/setup/slide/txt/ku/CHECKSUMS
distribution/12.3/repo/oss/suse/setup/slide/txt/ku/CHECKSUMS.asc
distribution/12.3/repo/oss/suse/setup/slide/txt/ku/CHECKSUMS.key
distribution/12.3/repo/oss/suse/setup/slide/txt/lo/
distribution/12.3/repo/oss/suse/setup/slide/txt/lo/01_welcome.rtf
distribution/12.3/repo/oss/suse/setup/slide/txt/lo/02_opensuse.rtf
distribution/12.3/repo/oss/suse/setup/slide/txt/lo/02_z_opensuse.rtf
distribution/12.3/repo/oss/suse/setup/slide/txt/lo/03_connect.rtf
distribution/12.3/repo/oss/suse/setup/slide/txt/lo/04_create.rtf
distribution/12.3/repo/oss/suse/setup/slide/txt/lo/05_office.rtf
distribution/12.3/repo/oss/suse/setup/slide/txt/lo/06_graphics.rtf
distribution/12.3/repo/oss/suse/setup/slide/txt/lo/08_mobility.rtf
distribution/12.3/repo/oss/suse/setup/slide/txt/lo/09_security.rtf
distribution/12.3/repo/oss/suse/setup/slide/txt/lo/10_devel.rtf
distribution/12.3/repo/oss/suse/setup/slide/txt/lo/11_docs.rtf
distribution/12.3/repo/oss/suse/setup/slide/txt/lo/12_suse.rtf
distribution/12.3/repo/oss/suse/setup/slide/txt/lo/CHECKSUMS
distribution/12.3/repo/oss/suse/setup/slide/txt/lo/CHECKSUMS.asc
distribution/12.3/repo/oss/suse/setup/slide/txt/lo/CHECKSUMS.key
distribution/12.3/repo/oss/suse/setup/slide/txt/lt/
distribution/12.3/repo/oss/suse/setup/slide/txt/lt/CHECKSUMS.key
distribution/12.3/repo/oss/suse/setup/slide/txt/mk/
distribution/12.3/repo/oss/suse/setup/slide/txt/mk/01_welcome.rtf
distribution/12.3/repo/oss/suse/setup/slide/txt/mk/CHECKSUMS
distribution/12.3/repo/oss/suse/setup/slide/txt/mk/CHECKSUMS.asc
distribution/12.3/repo/oss/suse/setup/slide/txt/mk/CHECKSUMS.key
distribution/12.3/repo/oss/suse/setup/slide/txt/mr/
distribution/12.3/repo/oss/suse/setup/slide/txt/mr/01_welcome.rtf
distribution/12.3/repo/oss/suse/setup/slide/txt/mr/02_opensuse.rtf
distribution/12.3/repo/oss/suse/setup/slide/txt/mr/02_z_opensuse.rtf
distribution/12.3/repo/oss/suse/setup/slide/txt/mr/03_connect.rtf
distribution/12.3/repo/oss/suse/setup/slide/txt/mr/04_create.rtf
distribution/12.3/repo/oss/suse/setup/slide/txt/mr/05_office.rtf
distribution/12.3/repo/oss/suse/setup/slide/txt/mr/06_graphics.rtf
distribution/12.3/repo/oss/suse/setup/slide/txt/mr/08_mobility.rtf
distribution/12.3/repo/oss/suse/setup/slide/txt/mr/09_security.rtf
distribution/12.3/repo/oss/suse/setup/slide/txt/mr/10_devel.rtf
distribution/12.3/repo/oss/suse/setup/slide/txt/mr/11_docs.rtf
distribution/12.3/repo/oss/suse/setup/slide/txt/mr/12_suse.rtf
distribution/12.3/repo/oss/suse/setup/slide/txt/mr/CHECKSUMS
distribution/12.3/repo/oss/suse/setup/slide/txt/mr/CHECKSUMS.asc
distribution/12.3/repo/oss/suse/setup/slide/txt/mr/CHECKSUMS.key
distribution/12.3/repo/oss/suse/setup/slide/txt/nb/
distribution/12.3/repo/oss/suse/setup/slide/txt/nds/
distribution/12.3/repo/oss/suse/setup/slide/txt/nds/01_welcome.rtf
distribution/12.3/repo/oss/suse/setup/slide/txt/nds/02_opensuse.rtf
distribution/12.3/repo/oss/suse/setup/slide/txt/nds/02_z_opensuse.rtf
distribution/12.3/repo/oss/suse/setup/slide/txt/nds/03_connect.rtf
distribution/12.3/repo/oss/suse/setup/slide/txt/nds/04_create.rtf
distribution/12.3/repo/oss/suse/setup/slide/txt/nds/05_office.rtf
distribution/12.3/repo/oss/suse/setup/slide/txt/nds/06_graphics.rtf
distribution/12.3/repo/oss/suse/setup/slide/txt/nds/08_mobility.rtf
distribution/12.3/repo/oss/suse/setup/slide/txt/nds/09_security.rtf
distribution/12.3/repo/oss/suse/setup/slide/txt/nds/10_devel.rtf
distribution/12.3/repo/oss/suse/setup/slide/txt/nds/11_docs.rtf
distribution/12.3/repo/oss/suse/setup/slide/txt/nds/12_suse.rtf
distribution/12.3/repo/oss/suse/setup/slide/txt/nds/CHECKSUMS
distribution/12.3/repo/oss/suse/setup/slide/txt/nds/CHECKSUMS.key
distribution/12.3/repo/oss/suse/setup/slide/txt/nl/
distribution/12.3/repo/oss/suse/setup/slide/txt/nl/CHECKSUMS.key
distribution/12.3/repo/oss/suse/setup/slide/txt/nn/
distribution/12.3/repo/oss/suse/setup/slide/txt/nn/01_welcome.rtf
distribution/12.3/repo/oss/suse/setup/slide/txt/nn/02_opensuse.rtf
distribution/12.3/repo/oss/suse/setup/slide/txt/nn/02_z_opensuse.rtf
distribution/12.3/repo/oss/suse/setup/slide/txt/nn/03_connect.rtf
distribution/12.3/repo/oss/suse/setup/slide/txt/nn/04_create.rtf
distribution/12.3/repo/oss/suse/setup/slide/txt/nn/05_office.rtf
distribution/12.3/repo/oss/suse/setup/slide/txt/nn/06_graphics.rtf
distribution/12.3/repo/oss/suse/setup/slide/txt/nn/08_mobility.rtf
distribution/12.3/repo/oss/suse/setup/slide/txt/nn/09_security.rtf
distribution/12.3/repo/oss/suse/setup/slide/txt/nn/10_devel.rtf
distribution/12.3/repo/oss/suse/setup/slide/txt/nn/11_docs.rtf
distribution/12.3/repo/oss/suse/setup/slide/txt/nn/12_suse.rtf
distribution/12.3/repo/oss/suse/setup/slide/txt/nn/CHECKSUMS
distribution/12.3/repo/oss/suse/setup/slide/txt/nn/CHECKSUMS.asc
distribution/12.3/repo/oss/suse/setup/slide/txt/nn/CHECKSUMS.key
distribution/12.3/repo/oss/suse/setup/slide/txt/pa/
distribution/12.3/repo/oss/suse/setup/slide/txt/pa/01_welcome.rtf
distribution/12.3/repo/oss/suse/setup/slide/txt/pa/12_suse.rtf
distribution/12.3/repo/oss/suse/setup/slide/txt/pa/CHECKSUMS.key
distribution/12.3/repo/oss/suse/setup/slide/txt/pl/
distribution/12.3/repo/oss/suse/setup/slide/txt/pl/CHECKSUMS.key
distribution/12.3/repo/oss/suse/setup/slide/txt/pt/
distribution/12.3/repo/oss/suse/setup/slide/txt/pt/01_welcome.rtf
distribution/12.3/repo/oss/suse/setup/slide/txt/pt/CHECKSUMS.key
distribution/12.3/repo/oss/suse/setup/slide/txt/pt_BR/
distribution/12.3/repo/oss/suse/setup/slide/txt/pt_BR/CHECKSUMS.key
distribution/12.3/repo/oss/suse/setup/slide/txt/ro/
distribution/12.3/repo/oss/suse/setup/slide/txt/ro/01_welcome.rtf
distribution/12.3/repo/oss/suse/setup/slide/txt/ro/CHECKSUMS.key
distribution/12.3/repo/oss/suse/setup/slide/txt/ru/
distribution/12.3/repo/oss/suse/setup/slide/txt/ru/CHECKSUMS.key
distribution/12.3/repo/oss/suse/setup/slide/txt/si/
distribution/12.3/repo/oss/suse/setup/slide/txt/si/01_welcome.rtf
distribution/12.3/repo/oss/suse/setup/slide/txt/si/CHECKSUMS
distribution/12.3/repo/oss/suse/setup/slide/txt/si/CHECKSUMS.asc
distribution/12.3/repo/oss/suse/setup/slide/txt/si/CHECKSUMS.key
distribution/12.3/repo/oss/suse/setup/slide/txt/sk/
distribution/12.3/repo/oss/suse/setup/slide/txt/sk/01_welcome.rtf
distribution/12.3/repo/oss/suse/setup/slide/txt/sk/12_suse.rtf
distribution/12.3/repo/oss/suse/setup/slide/txt/sk/CHECKSUMS.key
distribution/12.3/repo/oss/suse/setup/slide/txt/sl/
distribution/12.3/repo/oss/suse/setup/slide/txt/sl/01_welcome.rtf
distribution/12.3/repo/oss/suse/setup/slide/txt/sl/02_opensuse.rtf
distribution/12.3/repo/oss/suse/setup/slide/txt/sl/02_z_opensuse.rtf
distribution/12.3/repo/oss/suse/setup/slide/txt/sl/CHECKSUMS.key
distribution/12.3/repo/oss/suse/setup/slide/txt/sr/
distribution/12.3/repo/oss/suse/setup/slide/txt/sr/01_welcome.rtf
distribution/12.3/repo/oss/suse/setup/slide/txt/sr/04_create.rtf
distribution/12.3/repo/oss/suse/setup/slide/txt/sr/05_office.rtf
distribution/12.3/repo/oss/suse/setup/slide/txt/sr/09_security.rtf
distribution/12.3/repo/oss/suse/setup/slide/txt/sr/10_devel.rtf
distribution/12.3/repo/oss/suse/setup/slide/txt/sr/11_docs.rtf
distribution/12.3/repo/oss/suse/setup/slide/txt/sr/12_suse.rtf
distribution/12.3/repo/oss/suse/setup/slide/txt/sr/CHECKSUMS
distribution/12.3/repo/oss/suse/setup/slide/txt/sv/
distribution/12.3/repo/oss/suse/setup/slide/txt/sv/01_welcome.rtf
distribution/12.3/repo/oss/suse/setup/slide/txt/sv/12_suse.rtf
distribution/12.3/repo/oss/suse/setup/slide/txt/sv/CHECKSUMS.key
distribution/12.3/repo/oss/suse/setup/slide/txt/ta/
distribution/12.3/repo/oss/suse/setup/slide/txt/ta/01_welcome.rtf
distribution/12.3/repo/oss/suse/setup/slide/txt/ta/02_opensuse.rtf
distribution/12.3/repo/oss/suse/setup/slide/txt/ta/02_z_opensuse.rtf
distribution/12.3/repo/oss/suse/setup/slide/txt/ta/03_connect.rtf
distribution/12.3/repo/oss/suse/setup/slide/txt/ta/04_create.rtf
distribution/12.3/repo/oss/suse/setup/slide/txt/ta/05_office.rtf
distribution/12.3/repo/oss/suse/setup/slide/txt/ta/06_graphics.rtf
distribution/12.3/repo/oss/suse/setup/slide/txt/ta/08_mobility.rtf
distribution/12.3/repo/oss/suse/setup/slide/txt/ta/09_security.rtf
distribution/12.3/repo/oss/suse/setup/slide/txt/ta/10_devel.rtf
distribution/12.3/repo/oss/suse/setup/slide/txt/ta/11_docs.rtf
distribution/12.3/repo/oss/suse/setup/slide/txt/ta/12_suse.rtf
distribution/12.3/repo/oss/suse/setup/slide/txt/ta/CHECKSUMS
distribution/12.3/repo/oss/suse/setup/slide/txt/ta/CHECKSUMS.key
distribution/12.3/repo/oss/suse/setup/slide/txt/tg/
distribution/12.3/repo/oss/suse/setup/slide/txt/tg/01_welcome.rtf
distribution/12.3/repo/oss/suse/setup/slide/txt/tg/02_opensuse.rtf
distribution/12.3/repo/oss/suse/setup/slide/txt/tg/02_z_opensuse.rtf
distribution/12.3/repo/oss/suse/setup/slide/txt/tg/03_connect.rtf
distribution/12.3/repo/oss/suse/setup/slide/txt/tg/04_create.rtf
distribution/12.3/repo/oss/suse/setup/slide/txt/tg/05_office.rtf
distribution/12.3/repo/oss/suse/setup/slide/txt/tg/06_graphics.rtf
distribution/12.3/repo/oss/suse/setup/slide/txt/tg/08_mobility.rtf
distribution/12.3/repo/oss/suse/setup/slide/txt/tg/09_security.rtf
distribution/12.3/repo/oss/suse/setup/slide/txt/tg/10_devel.rtf
distribution/12.3/repo/oss/suse/setup/slide/txt/tg/11_docs.rtf
distribution/12.3/repo/oss/suse/setup/slide/txt/tg/12_suse.rtf
distribution/12.3/repo/oss/suse/setup/slide/txt/tg/CHECKSUMS
distribution/12.3/repo/oss/suse/setup/slide/txt/tg/CHECKSUMS.asc
distribution/12.3/repo/oss/suse/setup/slide/txt/tg/CHECKSUMS.key
distribution/12.3/repo/oss/suse/setup/slide/txt/th/
distribution/12.3/repo/oss/suse/setup/slide/txt/th/01_welcome.rtf
distribution/12.3/repo/oss/suse/setup/slide/txt/th/12_suse.rtf
distribution/12.3/repo/oss/suse/setup/slide/txt/th/CHECKSUMS.key
distribution/12.3/repo/oss/suse/setup/slide/txt/tr/
distribution/12.3/repo/oss/suse/setup/slide/txt/tr/01_welcome.rtf
distribution/12.3/repo/oss/suse/setup/slide/txt/tr/02_opensuse.rtf
distribution/12.3/repo/oss/suse/setup/slide/txt/tr/02_z_opensuse.rtf
distribution/12.3/repo/oss/suse/setup/slide/txt/tr/03_connect.rtf
distribution/12.3/repo/oss/suse/setup/slide/txt/tr/04_create.rtf
distribution/12.3/repo/oss/suse/setup/slide/txt/tr/05_office.rtf
distribution/12.3/repo/oss/suse/setup/slide/txt/tr/06_graphics.rtf
distribution/12.3/repo/oss/suse/setup/slide/txt/tr/08_mobility.rtf
distribution/12.3/repo/oss/suse/setup/slide/txt/tr/09_security.rtf
distribution/12.3/repo/oss/suse/setup/slide/txt/tr/10_devel.rtf
distribution/12.3/repo/oss/suse/setup/slide/txt/tr/11_docs.rtf
distribution/12.3/repo/oss/suse/setup/slide/txt/tr/12_suse.rtf
distribution/12.3/repo/oss/suse/setup/slide/txt/tr/CHECKSUMS
distribution/12.3/repo/oss/suse/setup/slide/txt/tr/CHECKSUMS.asc
distribution/12.3/repo/oss/suse/setup/slide/txt/tr/CHECKSUMS.key
distribution/12.3/repo/oss/suse/setup/slide/txt/uk/
distribution/12.3/repo/oss/suse/setup/slide/txt/uk/01_welcome.rtf
distribution/12.3/repo/oss/suse/setup/slide/txt/uk/12_suse.rtf
distribution/12.3/repo/oss/suse/setup/slide/txt/uk/CHECKSUMS.key
distribution/12.3/repo/oss/suse/setup/slide/txt/vi/
distribution/12.3/repo/oss/suse/setup/slide/txt/vi/01_welcome.rtf
distribution/12.3/repo/oss/suse/setup/slide/txt/vi/CHECKSUMS
distribution/12.3/repo/oss/suse/setup/slide/txt/vi/CHECKSUMS.asc
distribution/12.3/repo/oss/suse/setup/slide/txt/vi/CHECKSUMS.key
distribution/12.3/repo/oss/suse/setup/slide/txt/wa/
distribution/12.3/repo/oss/suse/setup/slide/txt/wa/CHECKSUMS.key
distribution/12.3/repo/oss/suse/setup/slide/txt/xh/
distribution/12.3/repo/oss/suse/setup/slide/txt/xh/01_welcome.rtf
distribution/12.3/repo/oss/suse/setup/slide/txt/xh/02_opensuse.rtf
distribution/12.3/repo/oss/suse/setup/slide/txt/xh/02_z_opensuse.rtf
distribution/12.3/repo/oss/suse/setup/slide/txt/xh/03_connect.rtf
distribution/12.3/repo/oss/suse/setup/slide/txt/xh/04_create.rtf
distribution/12.3/repo/oss/suse/setup/slide/txt/xh/05_office.rtf
distribution/12.3/repo/oss/suse/setup/slide/txt/xh/06_graphics.rtf
distribution/12.3/repo/oss/suse/setup/slide/txt/xh/08_mobility.rtf
distribution/12.3/repo/oss/suse/setup/slide/txt/xh/09_security.rtf
distribution/12.3/repo/oss/suse/setup/slide/txt/xh/10_devel.rtf
distribution/12.3/repo/oss/suse/setup/slide/txt/xh/11_docs.rtf
distribution/12.3/repo/oss/suse/setup/slide/txt/xh/12_suse.rtf
distribution/12.3/repo/oss/suse/setup/slide/txt/xh/CHECKSUMS
distribution/12.3/repo/oss/suse/setup/slide/txt/xh/CHECKSUMS.asc
distribution/12.3/repo/oss/suse/setup/slide/txt/xh/CHECKSUMS.key
distribution/12.3/repo/oss/suse/setup/slide/txt/zh_CN/
distribution/12.3/repo/oss/suse/setup/slide/txt/zh_CN/CHECKSUMS.key
distribution/12.3/repo/oss/suse/setup/slide/txt/zh_TW/
distribution/12.3/repo/oss/suse/setup/slide/txt/zh_TW/CHECKSUMS.key
distribution/12.3/repo/oss/suse/setup/slide/txt/zu/
distribution/12.3/repo/oss/suse/setup/slide/txt/zu/02_opensuse.rtf
distribution/12.3/repo/oss/suse/setup/slide/txt/zu/02_z_opensuse.rtf
distribution/12.3/repo/oss/suse/setup/slide/txt/zu/03_connect.rtf
distribution/12.3/repo/oss/suse/setup/slide/txt/zu/04_create.rtf
distribution/12.3/repo/oss/suse/setup/slide/txt/zu/05_office.rtf
distribution/12.3/repo/oss/suse/setup/slide/txt/zu/06_graphics.rtf
distribution/12.3/repo/oss/suse/setup/slide/txt/zu/08_mobility.rtf
distribution/12.3/repo/oss/suse/setup/slide/txt/zu/09_security.rtf
distribution/12.3/repo/oss/suse/setup/slide/txt/zu/10_devel.rtf
distribution/12.3/repo/oss/suse/setup/slide/txt/zu/11_docs.rtf
distribution/12.3/repo/oss/suse/setup/slide/txt/zu/12_suse.rtf
distribution/12.3/repo/oss/suse/setup/slide/txt/zu/CHECKSUMS
distribution/12.3/repo/oss/suse/setup/slide/txt/zu/CHECKSUMS.asc
distribution/12.3/repo/oss/suse/setup/slide/txt/zu/CHECKSUMS.key
distribution/12.3/repo/oss/suse/x86_64/
distribution/12.3/repo/oss/suse/x86_64/cracklib-dict-full-2.8.12-60.1.1.x86_64.rpm
distribution/13.1/
distribution/13.1/delta/
distribution/13.1/iso/
distribution/13.1/repo/
distribution/13.1/repo/non-oss/
distribution/13.1/repo/non-oss/boot/
distribution/13.1/repo/non-oss/media.1/
distribution/13.1/repo/non-oss/suse/
distribution/13.1/repo/non-oss/suse/i586/
distribution/13.1/repo/non-oss/suse/noarch/
distribution/13.1/repo/non-oss/suse/repodata/
distribution/13.1/repo/non-oss/suse/setup/
distribution/13.1/repo/non-oss/suse/setup/descr/
distribution/13.1/repo/non-oss/suse/x86_64/
distribution/13.1/repo/oss/
distribution/13.1/repo/oss/EFI/
distribution/13.1/repo/oss/EFI/BOOT/
distribution/13.1/repo/oss/EFI/BOOT/locale/
distribution/13.1/repo/oss/boot/
distribution/13.1/repo/oss/boot/i386/
distribution/13.1/repo/oss/boot/i386/loader/
distribution/13.1/repo/oss/boot/x86_64/
distribution/13.1/repo/oss/boot/x86_64/grub2-efi/
distribution/13.1/repo/oss/boot/x86_64/grub2-efi/themes/
distribution/13.1/repo/oss/boot/x86_64/grub2-efi/themes/openSUSE/
distribution/13.1/repo/oss/boot/x86_64/grub2-efi/themes/openSUSE/icons/
distribution/13.1/repo/oss/boot/x86_64/loader/
distribution/13.1/repo/oss/docu/
distribution/13.1/repo/oss/dosutils/
distribution/13.1/repo/oss/dosutils/putty/
distribution/13.1/repo/oss/dosutils/putty/htmldoc/
distribution/13.1/repo/oss/dosutils/rawwritewin/
distribution/13.1/repo/oss/dosutils/tightvnc/
distribution/13.1/repo/oss/dosutils/weirdx/
distribution/13.1/repo/oss/dosutils/weirdx/com/
distribution/13.1/repo/oss/dosutils/weirdx/com/jcraft/
distribution/13.1/repo/oss/dosutils/weirdx/com/jcraft/util/
distribution/13.1/repo/oss/dosutils/weirdx/com/jcraft/weirdx/
distribution/13.1/repo/oss/dosutils/weirdx/config/
distribution/13.1/repo/oss/dosutils/weirdx/misc/
distribution/13.1/repo/oss/dosutils/weirdx/misc/META-INF/
distribution/13.1/repo/oss/dosutils/weirdx/misc/config/
distribution/13.1/repo/oss/dosutils/weirdx/misc/keymap/
distribution/13.1/repo/oss/dosutils/weirdx/misc/msockets/
distribution/13.1/repo/oss/dosutils/weirdx/misc/msockets/de/
distribution/13.1/repo/oss/dosutils/weirdx/misc/msockets/de/linuxtest/
distribution/13.1/repo/oss/dosutils/weirdx/misc/msockets/de/linuxtest/msockets/
distribution/13.1/repo/oss/dosutils/weirdx/misc/xjs/
distribution/13.1/repo/oss/media.1/
distribution/13.1/repo/oss/suse/
distribution/13.1/repo/oss/suse/i586/
distribution/13.1/repo/oss/suse/i686/
distribution/13.1/repo/oss/suse/noarch/
distribution/13.1/repo/oss/suse/repodata/
distribution/13.1/repo/oss/suse/setup/
distribution/13.1/repo/oss/suse/setup/descr/
distribution/13.1/repo/oss/suse/setup/slide/
distribution/13.1/repo/oss/suse/setup/slide/pic/
distribution/13.1/repo/oss/suse/setup/slide/txt/
distribution/13.1/repo/oss/suse/setup/slide/txt/ar/
distribution/13.1/repo/oss/suse/setup/slide/txt/bg/
distribution/13.1/repo/oss/suse/setup/slide/txt/cs/
distribution/13.1/repo/oss/suse/setup/slide/txt/da/
distribution/13.1/repo/oss/suse/setup/slide/txt/de/
distribution/13.1/repo/oss/suse/setup/slide/txt/el/
distribution/13.1/repo/oss/suse/setup/slide/txt/en/
distribution/13.1/repo/oss/suse/setup/slide/txt/es/
distribution/13.1/repo/oss/suse/setup/slide/txt/fi/
distribution/13.1/repo/oss/suse/setup/slide/txt/fr/
distribution/13.1/repo/oss/suse/setup/slide/txt/gl/
distribution/13.1/repo/oss/suse/setup/slide/txt/hu/
distribution/13.1/repo/oss/suse/setup/slide/txt/it/
distribution/13.1/repo/oss/suse/setup/slide/txt/ja/
distribution/13.1/repo/oss/suse/setup/slide/txt/km/
distribution/13.1/repo/oss/suse/setup/slide/txt/ko/
distribution/13.1/repo/oss/suse/setup/slide/txt/lt/
distribution/13.1/repo/oss/suse/setup/slide/txt/nb/
distribution/13.1/repo/oss/suse/setup/slide/txt/nl/
distribution/13.1/repo/oss/suse/setup/slide/txt/pa/
distribution/13.1/repo/oss/suse/setup/slide/txt/pl/
distribution/13.1/repo/oss/suse/setup/slide/txt/pt/
distribution/13.1/repo/oss/suse/setup/slide/txt/pt_BR/
distribution/13.1/repo/oss/suse/setup/slide/txt/ro/
distribution/13.1/repo/oss/suse/setup/slide/txt/ru/
distribution/13.1/repo/oss/suse/setup/slide/txt/sk/
distribution/13.1/repo/oss/suse/setup/slide/txt/sv/
distribution/13.1/repo/oss/suse/setup/slide/txt/th/
distribution/13.1/repo/oss/suse/setup/slide/txt/uk/
distribution/13.1/repo/oss/suse/setup/slide/txt/wa/
distribution/13.1/repo/oss/suse/setup/slide/txt/zh_CN/
distribution/13.1/repo/oss/suse/setup/slide/txt/zh_TW/
distribution/13.1/repo/oss/suse/x86_64/
distribution/13.2-Milestone0/
distribution/13.2-Milestone0/delta/
distribution/13.2-Milestone0/iso/
factory-tested/
factory/
factory/iso/
factory/iso/README.FIRST
factory/iso/openSUSE-Factory-DVD-i586-Snapshot20140803-Media.iso
rsync: writefd_unbuffered failed to write 4 bytes to socket [generator]: Connection reset by peer (104)
rsync error: error in rsync protocol data stream (code 12) at io.c(1525) [generator=3.0.6]
rsync error: received SIGUSR1 (code 19) at main.c(1285) [receiver=3.0.6]
