2014-08-05 21:56:10
rsync://kali.mirror.garr.it/kali/

receiving file list ... done
pool/main/k/kde-baseapps/
file has vanished: "/pool/main/k/kde-baseapps/.kde-baseapps-dbg_4.13.3-1_i386.deb.2wmGBb" (in kali)
pool/main/k/kde-baseapps/kde-baseapps-dbg_4.13.3-1_armel.deb
pool/main/k/kde-baseapps/kde-baseapps-dbg_4.13.3-1_armhf.deb

Number of files: 338710
Number of files transferred: 2
Total file size: 363961735608 bytes
Total transferred file size: 69911614 bytes
Literal data: 69911614 bytes
Matched data: 0 bytes
File list size: 8452434
File list generation time: 574.697 seconds
File list transfer time: 0.000 seconds
Total bytes sent: 104
Total bytes received: 78372828

sent 104 bytes  received 78372828 bytes  127125.60 bytes/sec
total size is 363961735608  speedup is 4643.97
rsync warning: some files vanished before they could be transferred (code 24) at main.c(1505) [generator=3.0.6]
