2014-08-06 00:00:03
rsync://packages.linuxmint.com/packages/
receiving file list ... done
db/
db/checksums.db
db/contents.cache.db
db/packages.db
db/references.db
db/release.caches.db
db/version
dists/debian/
dists/debian/Release
dists/debian/Release.gpg
dists/debian/backport/binary-amd64/
dists/debian/backport/binary-amd64/Packages
dists/debian/backport/binary-amd64/Packages.gz
dists/debian/backport/binary-amd64/Release
dists/debian/backport/binary-i386/
dists/debian/backport/binary-i386/Packages
dists/debian/backport/binary-i386/Packages.gz
dists/debian/backport/binary-i386/Release
dists/debian/backport/source/
dists/debian/backport/source/Release
dists/debian/backport/source/Sources.gz
dists/debian/import/binary-amd64/
dists/debian/import/binary-amd64/Packages
dists/debian/import/binary-amd64/Packages.gz
dists/debian/import/binary-amd64/Release
dists/debian/import/binary-i386/
dists/debian/import/binary-i386/Packages
dists/debian/import/binary-i386/Packages.gz
dists/debian/import/binary-i386/Release
dists/debian/import/source/
dists/debian/import/source/Release
dists/debian/import/source/Sources.gz
dists/debian/incoming/binary-amd64/
dists/debian/incoming/binary-amd64/Packages
dists/debian/incoming/binary-amd64/Packages.gz
dists/debian/incoming/binary-amd64/Release
dists/debian/incoming/binary-i386/
dists/debian/incoming/binary-i386/Packages
dists/debian/incoming/binary-i386/Packages.gz
dists/debian/incoming/binary-i386/Release
dists/debian/incoming/debian-installer/binary-amd64/
dists/debian/incoming/debian-installer/binary-amd64/Packages
dists/debian/incoming/debian-installer/binary-amd64/Packages.gz
dists/debian/incoming/debian-installer/binary-i386/
dists/debian/incoming/debian-installer/binary-i386/Packages
dists/debian/incoming/debian-installer/binary-i386/Packages.gz
dists/debian/incoming/source/
dists/debian/incoming/source/Release
dists/debian/incoming/source/Sources.gz
dists/debian/main/binary-amd64/
dists/debian/main/binary-amd64/Packages
dists/debian/main/binary-amd64/Packages.gz
dists/debian/main/binary-amd64/Release
dists/debian/main/binary-i386/
dists/debian/main/binary-i386/Packages
dists/debian/main/binary-i386/Packages.gz
dists/debian/main/binary-i386/Release
dists/debian/main/source/
dists/debian/main/source/Release
dists/debian/main/source/Sources.gz
dists/debian/romeo/binary-amd64/
dists/debian/romeo/binary-amd64/Packages
dists/debian/romeo/binary-amd64/Packages.gz
dists/debian/romeo/binary-amd64/Release
dists/debian/romeo/binary-i386/
dists/debian/romeo/binary-i386/Packages
dists/debian/romeo/binary-i386/Packages.gz
dists/debian/romeo/binary-i386/Release
dists/debian/romeo/debian-installer/binary-amd64/
dists/debian/romeo/debian-installer/binary-amd64/Packages
dists/debian/romeo/debian-installer/binary-amd64/Packages.gz
dists/debian/romeo/debian-installer/binary-i386/
dists/debian/romeo/debian-installer/binary-i386/Packages
dists/debian/romeo/debian-installer/binary-i386/Packages.gz
dists/debian/romeo/source/
dists/debian/romeo/source/Release
dists/debian/romeo/source/Sources.gz
dists/debian/upstream/binary-amd64/
dists/debian/upstream/binary-amd64/Packages
dists/debian/upstream/binary-amd64/Packages.gz
dists/debian/upstream/binary-amd64/Release
dists/debian/upstream/binary-i386/
dists/debian/upstream/binary-i386/Packages
dists/debian/upstream/binary-i386/Packages.gz
dists/debian/upstream/binary-i386/Release
dists/debian/upstream/debian-installer/binary-amd64/
dists/debian/upstream/debian-installer/binary-amd64/Packages
dists/debian/upstream/debian-installer/binary-amd64/Packages.gz
dists/debian/upstream/debian-installer/binary-i386/
dists/debian/upstream/debian-installer/binary-i386/Packages
dists/debian/upstream/debian-installer/binary-i386/Packages.gz
dists/debian/upstream/source/
dists/debian/upstream/source/Release
dists/debian/upstream/source/Sources.gz
dists/maya/
dists/maya/Contents-amd64.gz
dists/maya/Contents-i386.gz
dists/maya/Release
dists/maya/Release.gpg
dists/maya/backport/binary-amd64/
dists/maya/backport/binary-amd64/Packages
dists/maya/backport/binary-amd64/Packages.gz
dists/maya/backport/binary-amd64/Release
dists/maya/backport/binary-i386/
dists/maya/backport/binary-i386/Packages
dists/maya/backport/binary-i386/Packages.gz
dists/maya/backport/binary-i386/Release
dists/maya/backport/source/
dists/maya/backport/source/Release
dists/maya/backport/source/Sources.gz
dists/maya/import/binary-amd64/
dists/maya/import/binary-amd64/Packages
dists/maya/import/binary-amd64/Packages.gz
dists/maya/import/binary-amd64/Release
dists/maya/import/binary-i386/
dists/maya/import/binary-i386/Packages
dists/maya/import/binary-i386/Packages.gz
dists/maya/import/binary-i386/Release
dists/maya/import/source/
dists/maya/import/source/Release
dists/maya/import/source/Sources.gz
dists/maya/main/binary-amd64/
dists/maya/main/binary-amd64/Packages
dists/maya/main/binary-amd64/Packages.gz
dists/maya/main/binary-amd64/Release
dists/maya/main/binary-i386/
dists/maya/main/binary-i386/Packages
dists/maya/main/binary-i386/Packages.gz
dists/maya/main/binary-i386/Release
dists/maya/main/source/
dists/maya/main/source/Release
dists/maya/main/source/Sources.gz
dists/maya/multiverse/binary-amd64/
dists/maya/multiverse/binary-amd64/Packages
dists/maya/multiverse/binary-amd64/Packages.gz
dists/maya/multiverse/binary-amd64/Release
dists/maya/multiverse/binary-i386/
dists/maya/multiverse/binary-i386/Packages
dists/maya/multiverse/binary-i386/Packages.gz
dists/maya/multiverse/binary-i386/Release
dists/maya/multiverse/source/
dists/maya/multiverse/source/Release
dists/maya/multiverse/source/Sources.gz
dists/maya/romeo/binary-amd64/
dists/maya/romeo/binary-amd64/Packages
dists/maya/romeo/binary-amd64/Packages.gz
dists/maya/romeo/binary-amd64/Release
dists/maya/romeo/binary-i386/
dists/maya/romeo/binary-i386/Packages
dists/maya/romeo/binary-i386/Packages.gz
dists/maya/romeo/binary-i386/Release
dists/maya/romeo/debian-installer/binary-amd64/
dists/maya/romeo/debian-installer/binary-amd64/Packages
dists/maya/romeo/debian-installer/binary-amd64/Packages.gz
dists/maya/romeo/debian-installer/binary-i386/
dists/maya/romeo/debian-installer/binary-i386/Packages
dists/maya/romeo/debian-installer/binary-i386/Packages.gz
dists/maya/romeo/source/
dists/maya/romeo/source/Release
dists/maya/romeo/source/Sources.gz
dists/maya/universe/binary-amd64/
dists/maya/universe/binary-amd64/Packages
dists/maya/universe/binary-amd64/Packages.gz
dists/maya/universe/binary-amd64/Release
dists/maya/universe/binary-i386/
dists/maya/universe/binary-i386/Packages
dists/maya/universe/binary-i386/Packages.gz
dists/maya/universe/binary-i386/Release
dists/maya/universe/source/
dists/maya/universe/source/Release
dists/maya/universe/source/Sources.gz
dists/maya/upstream/binary-amd64/
dists/maya/upstream/binary-amd64/Packages
dists/maya/upstream/binary-amd64/Packages.gz
dists/maya/upstream/binary-amd64/Release
dists/maya/upstream/binary-i386/
dists/maya/upstream/binary-i386/Packages
dists/maya/upstream/binary-i386/Packages.gz
dists/maya/upstream/binary-i386/Release
dists/maya/upstream/debian-installer/binary-amd64/
dists/maya/upstream/debian-installer/binary-amd64/Packages
dists/maya/upstream/debian-installer/binary-amd64/Packages.gz
dists/maya/upstream/debian-installer/binary-i386/
dists/maya/upstream/debian-installer/binary-i386/Packages
dists/maya/upstream/debian-installer/binary-i386/Packages.gz
dists/maya/upstream/source/
dists/maya/upstream/source/Release
dists/maya/upstream/source/Sources.gz
dists/qiana/
dists/qiana/Contents-amd64.gz
dists/qiana/Contents-i386.gz
dists/qiana/Release
dists/qiana/Release.gpg
dists/qiana/backport/binary-amd64/
dists/qiana/backport/binary-amd64/Packages
dists/qiana/backport/binary-amd64/Packages.gz
dists/qiana/backport/binary-amd64/Release
dists/qiana/backport/binary-i386/
dists/qiana/backport/binary-i386/Packages
dists/qiana/backport/binary-i386/Packages.gz
dists/qiana/backport/binary-i386/Release
dists/qiana/backport/source/
dists/qiana/backport/source/Release
dists/qiana/backport/source/Sources.gz
dists/qiana/import/binary-amd64/
dists/qiana/import/binary-amd64/Packages
dists/qiana/import/binary-amd64/Packages.gz
dists/qiana/import/binary-amd64/Release
dists/qiana/import/binary-i386/
dists/qiana/import/binary-i386/Packages
dists/qiana/import/binary-i386/Packages.gz
dists/qiana/import/binary-i386/Release
dists/qiana/import/source/
dists/qiana/import/source/Release
dists/qiana/import/source/Sources.gz
dists/qiana/main/binary-amd64/
dists/qiana/main/binary-amd64/Packages
dists/qiana/main/binary-amd64/Packages.gz
dists/qiana/main/binary-amd64/Release
dists/qiana/main/binary-i386/
dists/qiana/main/binary-i386/Packages
dists/qiana/main/binary-i386/Packages.gz
dists/qiana/main/binary-i386/Release
dists/qiana/main/source/
dists/qiana/main/source/Release
dists/qiana/main/source/Sources.gz
dists/qiana/multiverse/binary-amd64/
dists/qiana/multiverse/binary-amd64/Packages
dists/qiana/multiverse/binary-amd64/Packages.gz
dists/qiana/multiverse/binary-amd64/Release
dists/qiana/multiverse/binary-i386/
dists/qiana/multiverse/binary-i386/Packages
dists/qiana/multiverse/binary-i386/Packages.gz
dists/qiana/multiverse/binary-i386/Release
dists/qiana/multiverse/source/
dists/qiana/multiverse/source/Release
dists/qiana/multiverse/source/Sources.gz
dists/qiana/romeo/binary-amd64/
dists/qiana/romeo/binary-amd64/Packages
dists/qiana/romeo/binary-amd64/Packages.gz
dists/qiana/romeo/binary-amd64/Release
dists/qiana/romeo/binary-i386/
dists/qiana/romeo/binary-i386/Packages
dists/qiana/romeo/binary-i386/Packages.gz
dists/qiana/romeo/binary-i386/Release
dists/qiana/romeo/debian-installer/binary-amd64/
dists/qiana/romeo/debian-installer/binary-amd64/Packages
dists/qiana/romeo/debian-installer/binary-amd64/Packages.gz
dists/qiana/romeo/debian-installer/binary-i386/
dists/qiana/romeo/debian-installer/binary-i386/Packages
dists/qiana/romeo/debian-installer/binary-i386/Packages.gz
dists/qiana/romeo/source/
dists/qiana/romeo/source/Release
dists/qiana/romeo/source/Sources.gz
dists/qiana/universe/binary-amd64/
dists/qiana/universe/binary-amd64/Packages
dists/qiana/universe/binary-amd64/Packages.gz
dists/qiana/universe/binary-amd64/Release
dists/qiana/universe/binary-i386/
dists/qiana/universe/binary-i386/Packages
dists/qiana/universe/binary-i386/Packages.gz
dists/qiana/universe/binary-i386/Release
dists/qiana/universe/source/
dists/qiana/universe/source/Release
dists/qiana/universe/source/Sources.gz
dists/qiana/upstream/binary-amd64/
dists/qiana/upstream/binary-amd64/Packages
dists/qiana/upstream/binary-amd64/Packages.gz
dists/qiana/upstream/binary-amd64/Release
dists/qiana/upstream/binary-i386/
dists/qiana/upstream/binary-i386/Packages
dists/qiana/upstream/binary-i386/Packages.gz
dists/qiana/upstream/binary-i386/Release
dists/qiana/upstream/debian-installer/binary-amd64/
dists/qiana/upstream/debian-installer/binary-amd64/Packages
dists/qiana/upstream/debian-installer/binary-amd64/Packages.gz
dists/qiana/upstream/debian-installer/binary-i386/
dists/qiana/upstream/debian-installer/binary-i386/Packages
dists/qiana/upstream/debian-installer/binary-i386/Packages.gz
dists/qiana/upstream/source/
dists/qiana/upstream/source/Release
dists/qiana/upstream/source/Sources.gz
pool/backport/m/
pool/main/m/mint-mirrors/
pool/main/m/mint-mirrors/mint-mirrors_1.0.9.dsc
pool/main/m/mint-mirrors/mint-mirrors_1.0.9.tar.gz
pool/main/m/mint-mirrors/mint-mirrors_1.0.9_all.deb
deleting pool/backport/m/mint-mirrors/mint-mirrors_1.0.5_all.deb
deleting pool/backport/m/mint-mirrors/mint-mirrors_1.0.5.tar.gz
deleting pool/backport/m/mint-mirrors/mint-mirrors_1.0.5.dsc
deleting pool/backport/m/mint-mirrors/
deleting pool/main/m/mint-mirrors/mint-mirrors_1.0.8_all.deb
deleting pool/main/m/mint-mirrors/mint-mirrors_1.0.8.tar.gz
deleting pool/main/m/mint-mirrors/mint-mirrors_1.0.8.dsc

Number of files: 12292
Number of files transferred: 207
Total file size: 16855335670 bytes
Total transferred file size: 57772242 bytes
Literal data: 1423079 bytes
Matched data: 56349163 bytes
File list size: 370654
File list generation time: 1.123 seconds
File list transfer time: 0.000 seconds
Total bytes sent: 136061
Total bytes received: 1883654

sent 136061 bytes  received 1883654 bytes  98522.68 bytes/sec
total size is 16855335670  speedup is 8345.40
