2014-08-06 03:21:14
rsync://dl.fedoraproject.org/fedora-epel/
----------------------------
Fedora Master Mirror Servers
----------------------------
Modules for Fedora Core and Extras have been removed, as this content is
no longer updated. See the instructions below for how to mirror current
content.

See http://fedoraproject.org/wiki/Infrastructure/Mirroring for
instructions.
----------------------------

receiving file list ... done
./
fullfilelist
4/
4/SRPMS/
4/SRPMS/headers/
4/SRPMS/repodata/
4/SRPMS/repoview/
4/SRPMS/repoview/layout/
4/i386/
4/i386/debug/
4/i386/debug/headers/
4/i386/debug/repodata/
4/i386/debug/repoview/
4/i386/debug/repoview/layout/
4/i386/headers/
4/i386/repodata/
4/i386/repoview/
4/i386/repoview/layout/
4/ppc/
4/ppc/Ajaxterm-0.10-5.el4.noarch.rpm
4/ppc/Django-1.1.4-1.el4.noarch.rpm
4/ppc/GMT-coastlines-1.10-2.noarch.rpm
4/ppc/GMT-coastlines-all-1.10-2.noarch.rpm
4/ppc/GMT-coastlines-full-1.10-2.noarch.rpm
4/ppc/GMT-coastlines-high-1.10-2.noarch.rpm
4/ppc/GMT-doc-4.3.1-3.noarch.rpm
4/ppc/MochiKit-1.4.2-2.el4.noarch.rpm
4/ppc/Perlbal-1.75-1.el4.noarch.rpm
4/ppc/R-DBI-0.2.5-3.el4.noarch.rpm
4/ppc/R-car-1.2-16.1.el4.noarch.rpm
4/ppc/R-nws-1.7.0.1-3.el4.noarch.rpm
4/ppc/TurboGears-1.0.4.4-2.el4.noarch.rpm
4/ppc/ack-1.78-1.el4.noarch.rpm
4/ppc/apt-mirror-0.4.5-3.el4.noarch.rpm
4/ppc/archivemail-0.7.0-6.el4.noarch.rpm
4/ppc/artwiz-aleczapka-fonts-1.3-6.el4.noarch.rpm
4/ppc/asciidoc-7.0.2-3.el4.noarch.rpm
4/ppc/bash-completion-1.0-2.el4.noarch.rpm
4/ppc/bcfg2-0.9.6-1.el4.noarch.rpm
4/ppc/bcfg2-server-0.9.6-1.el4.noarch.rpm
4/ppc/bdii-5.2.5-1.el4.noarch.rpm
4/ppc/bibexport-2.10-2.el4.noarch.rpm
4/ppc/brettfont-fonts-20080506-3.el4.noarch.rpm
4/ppc/bugzilla-3.2.4-1.el4.noarch.rpm
4/ppc/bugzilla-contrib-3.2.4-1.el4.noarch.rpm
4/ppc/bugzilla-doc-3.2.4-1.el4.noarch.rpm
4/ppc/bwidget-1.8.0-1.el4.noarch.rpm
4/ppc/cacti-0.8.7i-2.el4.1.noarch.rpm
4/ppc/calamaris-2.59-1.el4.noarch.rpm
4/ppc/cas-0.14-10.el4.noarch.rpm
4/ppc/certmaster-0.24-1.el4.noarch.rpm
4/ppc/check_postgres-2.19.0-1.el4.noarch.rpm
4/ppc/cim-schema-2.22.0-1.el4.noarch.rpm
4/ppc/cim-schema-docs-2.22.0-1.el4.noarch.rpm
4/ppc/clac-005-1.el4.noarch.rpm
4/ppc/clamav-unofficial-sigs-3.7.1-3.el4.noarch.rpm
4/ppc/cobbler-2.0.11-2.el4.noarch.rpm
4/ppc/cobbler-web-2.0.11-2.el4.noarch.rpm
4/ppc/collectl-3.1.3-1.el4.noarch.rpm
4/ppc/cowsay-3.03-4.el4.noarch.rpm
4/ppc/createrepo-0.4.4-0.4.el4.noarch.rpm
4/ppc/crudminer-0.3.2-2.el4.noarch.rpm
4/ppc/cvs2svn-1.5.1-2.el4.noarch.rpm
4/ppc/cvsplot-1.7.4-4.el4.noarch.rpm
4/ppc/cvsweb-3.0.5-5.el4.noarch.rpm
4/ppc/ddclient-3.8.0-2.el4.noarch.rpm
4/ppc/debmirror-20090807-1.el4.noarch.rpm
4/ppc/debootstrap-1.0.7-2.el4.noarch.rpm
4/ppc/denyhosts-2.6-5.el4.noarch.rpm
4/ppc/django-authopenid-0.9.6-2.el4.noarch.rpm
4/ppc/dkms-2.1.0.1-1.el4.noarch.rpm
4/ppc/drbdlinks-1.20-1.el4.noarch.rpm
4/ppc/drgeo-doc-1.6-5.el4.noarch.rpm
4/ppc/drupal-5.23-1.el4.noarch.rpm
4/ppc/emacs-nxml-mode-0.20041004-6.el4.noarch.rpm
4/ppc/epel-release-4-10.noarch.rpm
4/ppc/fail2ban-0.8.4-23.el4.noarch.rpm
4/ppc/fedora-usermgmt-0.8-1.el4.noarch.rpm
4/ppc/fedora-usermgmt-setup-0.8-1.el4.noarch.rpm
4/ppc/fedora-usermgmt-shadow-utils-0.8-1.el4.noarch.rpm
4/ppc/fetch-crl-2.8.4-2.el4.noarch.rpm
4/ppc/fetch-crl3-3.0.7-1.el4.noarch.rpm
4/ppc/firehol-1.273-5.el4.noarch.rpm
4/ppc/firmware-tools-2.1.5-1.1.el4.noarch.rpm
4/ppc/fpdns-0.9.3-1.el4.noarch.rpm
4/ppc/freefont-20060126-4.el4.noarch.rpm
4/ppc/func-0.24-1.el4.noarch.rpm
4/ppc/fwrestart-1.04-1.el4.noarch.rpm
4/ppc/git2cl-2.0-0.1.git8373c9f.el4.noarch.rpm
4/ppc/globus-gram-audit-3.1-3.el4.noarch.rpm
4/ppc/globus-gram-job-manager-condor-1.0-2.el4.noarch.rpm
4/ppc/globus-gram-job-manager-scripts-4.2-2.el4.noarch.rpm
4/ppc/globus-gram-job-manager-scripts-doc-4.2-2.el4.noarch.rpm
4/ppc/globus-gram-job-manager-setup-condor-4.4-3.el4.noarch.rpm
4/ppc/globus-gram-job-manager-setup-condor-doc-4.4-3.el4.noarch.rpm
4/ppc/globus-gram-job-manager-setup-fork-4.2-3.el4.noarch.rpm
4/ppc/globus-gram-job-manager-setup-fork-doc-4.2-3.el4.noarch.rpm
4/ppc/globus-gram-job-manager-setup-lsf-2.5-3.el4.noarch.rpm
4/ppc/globus-gram-job-manager-setup-lsf-doc-2.5-3.el4.noarch.rpm
4/ppc/globus-gram-job-manager-setup-pbs-4.4-1.el4.noarch.rpm
4/ppc/globus-gram-job-manager-setup-pbs-doc-4.4-1.el4.noarch.rpm
4/ppc/globus-gram-job-manager-setup-sge-2.5-3.el4.noarch.rpm
4/ppc/globus-simple-ca-3.0-2.el4.noarch.rpm
4/ppc/glue-schema-2.0.8-1.el4.noarch.rpm
4/ppc/glue-schema-doc-2.0.8-1.el4.noarch.rpm
4/ppc/gnucash-docs-2.0.1-2.el4.noarch.rpm
4/ppc/greylistd-0.8.3.2-8.el4.noarch.rpm
4/ppc/grid-packaging-tools-3.5-2.el4.noarch.rpm
4/ppc/halberd-0.2.3-1.el4.noarch.rpm
4/ppc/holland-1.0.6-3.el4.noarch.rpm
4/ppc/holland-common-1.0.6-3.el4.noarch.rpm
4/ppc/holland-mysqldump-1.0.6-3.el4.noarch.rpm
4/ppc/holland-mysqllvm-1.0.6-3.el4.noarch.rpm
4/ppc/holland-pgdump-1.0.6-3.el4.noarch.rpm
4/ppc/holland-xtrabackup-1.0.6-3.el4.noarch.rpm
4/ppc/imapsync-1.476-1.el4.noarch.rpm
4/ppc/innotop-1.6.0-1.el4.noarch.rpm
4/ppc/international-time-0.0.2-4.el4.noarch.rpm
4/ppc/iwidgets-4.0.1-5.el4.noarch.rpm
4/ppc/jabberpy-0.5-0.17.el4.noarch.rpm
4/ppc/keychecker-0.1-3.el4.noarch.rpm
4/ppc/khmeros-fonts-base-5.0-3.el4.noarch.rpm
4/ppc/khmeros-fonts-battambang-5.0-3.el4.noarch.rpm
4/ppc/khmeros-fonts-bokor-5.0-3.el4.noarch.rpm
4/ppc/khmeros-fonts-handwritten-5.0-3.el4.noarch.rpm
4/ppc/khmeros-fonts-metalchrieng-5.0-3.el4.noarch.rpm
4/ppc/khmeros-fonts-muol-5.0-3.el4.noarch.rpm
4/ppc/khmeros-fonts-siemreap-5.0-3.el4.noarch.rpm
4/ppc/koan-1.6.6-1.el4.noarch.rpm
4/ppc/koan-2.0.11-2.el4.noarch.rpm
4/ppc/mathml-fonts-1.0-21.el4.noarch.rpm
4/ppc/mb2md-3.20-4.el4.noarch.rpm
4/ppc/metagoofil-1.4a-5.el4.noarch.rpm
4/ppc/mock-1.0.1-1.el4.noarch.rpm
4/ppc/moin-1.5.9-1.el4.noarch.rpm
4/ppc/moodle-1.8.13-1.el4.noarch.rpm
4/ppc/moodle-af-1.8.13-1.el4.noarch.rpm
4/ppc/moodle-ar-1.8.13-1.el4.noarch.rpm
4/ppc/moodle-ast-1.8.13-1.el4.noarch.rpm
4/ppc/moodle-be-1.8.13-1.el4.noarch.rpm
4/ppc/moodle-bg-1.8.13-1.el4.noarch.rpm
4/ppc/moodle-bn-1.8.13-1.el4.noarch.rpm
4/ppc/moodle-bs-1.8.13-1.el4.noarch.rpm
4/ppc/moodle-ca-1.8.13-1.el4.noarch.rpm
4/ppc/moodle-cs-1.8.13-1.el4.noarch.rpm
4/ppc/moodle-cy-1.8.13-1.el4.noarch.rpm
4/ppc/moodle-da-1.8.13-1.el4.noarch.rpm
4/ppc/moodle-de-1.8.13-1.el4.noarch.rpm
4/ppc/moodle-de_du-1.8.13-1.el4.noarch.rpm
4/ppc/moodle-dv-1.8.13-1.el4.noarch.rpm
4/ppc/moodle-el-1.8.13-1.el4.noarch.rpm
4/ppc/moodle-es-1.8.13-1.el4.noarch.rpm
4/ppc/moodle-et-1.8.13-1.el4.noarch.rpm
4/ppc/moodle-eu-1.8.13-1.el4.noarch.rpm
4/ppc/moodle-fa-1.8.13-1.el4.noarch.rpm
4/ppc/moodle-fi-1.8.13-1.el4.noarch.rpm
4/ppc/moodle-fil-1.8.13-1.el4.noarch.rpm
4/ppc/moodle-fr-1.8.13-1.el4.noarch.rpm
4/ppc/moodle-fr_ca-1.8.13-1.el4.noarch.rpm
4/ppc/moodle-ga-1.8.13-1.el4.noarch.rpm
4/ppc/moodle-gl-1.8.13-1.el4.noarch.rpm
4/ppc/moodle-gu-1.8.13-1.el4.noarch.rpm
4/ppc/moodle-he-1.8.13-1.el4.noarch.rpm
4/ppc/moodle-hi-1.8.13-1.el4.noarch.rpm
4/ppc/moodle-hr-1.8.13-1.el4.noarch.rpm
4/ppc/moodle-hu-1.8.13-1.el4.noarch.rpm
4/ppc/moodle-hy-1.8.13-1.el4.noarch.rpm
4/ppc/moodle-id-1.8.13-1.el4.noarch.rpm
4/ppc/moodle-is-1.8.13-1.el4.noarch.rpm
4/ppc/moodle-it-1.8.13-1.el4.noarch.rpm
4/ppc/moodle-ja-1.8.13-1.el4.noarch.rpm
4/ppc/moodle-ka-1.8.13-1.el4.noarch.rpm
4/ppc/moodle-kk-1.8.13-1.el4.noarch.rpm
4/ppc/moodle-km-1.8.13-1.el4.noarch.rpm
4/ppc/moodle-kn-1.8.13-1.el4.noarch.rpm
4/ppc/moodle-ko-1.8.13-1.el4.noarch.rpm
4/ppc/moodle-lo-1.8.13-1.el4.noarch.rpm
4/ppc/moodle-lt-1.8.13-1.el4.noarch.rpm
4/ppc/moodle-lv-1.8.13-1.el4.noarch.rpm
4/ppc/moodle-mi_tn-1.8.13-1.el4.noarch.rpm
4/ppc/moodle-mi_wwow-1.8.13-1.el4.noarch.rpm
4/ppc/moodle-mk-1.8.13-1.el4.noarch.rpm
4/ppc/moodle-ml-1.8.13-1.el4.noarch.rpm
4/ppc/moodle-mn-1.8.13-1.el4.noarch.rpm
4/ppc/moodle-mr-1.8.13-1.el4.noarch.rpm
4/ppc/moodle-ms-1.8.13-1.el4.noarch.rpm
4/ppc/moodle-nl-1.8.13-1.el4.noarch.rpm
4/ppc/moodle-nn-1.8.13-1.el4.noarch.rpm
4/ppc/moodle-no-1.8.13-1.el4.noarch.rpm
4/ppc/moodle-no_gr-1.8.13-1.el4.noarch.rpm
4/ppc/moodle-pl-1.8.13-1.el4.noarch.rpm
4/ppc/moodle-pt-1.8.13-1.el4.noarch.rpm
4/ppc/moodle-pt_br-1.8.13-1.el4.noarch.rpm
4/ppc/moodle-ro-1.8.13-1.el4.noarch.rpm
4/ppc/moodle-ru-1.8.13-1.el4.noarch.rpm
4/ppc/moodle-si-1.8.13-1.el4.noarch.rpm
4/ppc/moodle-sk-1.8.13-1.el4.noarch.rpm
4/ppc/moodle-sl-1.8.13-1.el4.noarch.rpm
4/ppc/moodle-sm-1.8.13-1.el4.noarch.rpm
4/ppc/moodle-so-1.8.13-1.el4.noarch.rpm
4/ppc/moodle-sq-1.8.13-1.el4.noarch.rpm
4/ppc/moodle-sr_cr-1.8.13-1.el4.noarch.rpm
4/ppc/moodle-sr_cr_bo-1.8.13-1.el4.noarch.rpm
4/ppc/moodle-sr_lt-1.8.13-1.el4.noarch.rpm
4/ppc/moodle-sv-1.8.13-1.el4.noarch.rpm
4/ppc/moodle-ta-1.8.13-1.el4.noarch.rpm
4/ppc/moodle-ta_lk-1.8.13-1.el4.noarch.rpm
4/ppc/moodle-th-1.8.13-1.el4.noarch.rpm
4/ppc/moodle-tl-1.8.13-1.el4.noarch.rpm
4/ppc/moodle-to-1.8.13-1.el4.noarch.rpm
4/ppc/moodle-tr-1.8.13-1.el4.noarch.rpm
4/ppc/moodle-uk-1.8.13-1.el4.noarch.rpm
4/ppc/moodle-ur-1.8.13-1.el4.noarch.rpm
4/ppc/moodle-uz-1.8.13-1.el4.noarch.rpm
4/ppc/moodle-vi-1.8.13-1.el4.noarch.rpm
4/ppc/moodle-zh_cn-1.8.13-1.el4.noarch.rpm
4/ppc/moodle-zh_tw-1.8.13-1.el4.noarch.rpm
4/ppc/moodle-zu-1.8.13-1.el4.noarch.rpm
4/ppc/mrepo-0.8.6-5.el4.noarch.rpm
4/ppc/munin-1.2.6-4.el4.noarch.rpm
4/ppc/munin-node-1.2.6-4.el4.noarch.rpm
4/ppc/mussh-0.7-1.el4.noarch.rpm
4/ppc/mysqlreport-3.5-2.el4.noarch.rpm
4/ppc/mysqltuner-1.0.0-1.el4.noarch.rpm
4/ppc/mytop-1.7-5.b737f60.el4.noarch.rpm
4/ppc/nikto-1.36-3.el4.noarch.rpm
4/ppc/nocpulse-common-2.0.14-1.el4.noarch.rpm
4/ppc/nopaste-2.1-2.el4.noarch.rpm
4/ppc/ocsinventory-1.3.3-5.el4.noarch.rpm
4/ppc/ocsinventory-agent-1.1.2.1-1.el4.noarch.rpm
4/ppc/ocsinventory-reports-1.3.3-5.el4.noarch.rpm
4/ppc/ocsinventory-server-1.3.3-5.el4.noarch.rpm
4/ppc/odfpy-0.9-1.el4.noarch.rpm
4/ppc/ooo2txt-0.0.6-3.el4.noarch.rpm
4/ppc/pastebin-0.60-4.el4.noarch.rpm
4/ppc/pdfmerge-1.0.4-1.el4.noarch.rpm
4/ppc/pem-0.7.8-1.el4.noarch.rpm
4/ppc/perl-Algorithm-Annotate-0.10-6.el4.noarch.rpm
4/ppc/perl-Algorithm-CheckDigits-0.48-2.el4.noarch.rpm
4/ppc/perl-Algorithm-Diff-1.1902-2.el4.noarch.rpm
4/ppc/perl-AnyData-0.10-4.el4.noarch.rpm
4/ppc/perl-Apache-DBI-1.09-1.el4.noarch.rpm
4/ppc/perl-Apache-Htpasswd-1.8-2.el4.noarch.rpm
4/ppc/perl-Apache-LogRegex-1.4-1.el4.noarch.rpm
4/ppc/perl-Archive-Zip-1.16-0.1.2.1.el4.noarch.rpm
4/ppc/perl-Array-Compare-1.16-1.el4.noarch.rpm
4/ppc/perl-Authen-DigestMD5-0.04-10.el4.noarch.rpm
4/ppc/perl-Authen-SASL-2.10-1.el4.1.noarch.rpm
4/ppc/perl-Boulder-1.30-3.el4.noarch.rpm
4/ppc/perl-Business-CreditCard-0.30-1.el4.noarch.rpm
4/ppc/perl-CGI-Session-4.35-1.el4.noarch.rpm
4/ppc/perl-CGI-Simple-0.077-7.el4.noarch.rpm
4/ppc/perl-CGI-Untaint-1.26-3.el4.noarch.rpm
4/ppc/perl-CGI-Untaint-date-1.00-3.el4.noarch.rpm
4/ppc/perl-CPAN-DistnameInfo-0.06-1.el4.noarch.rpm
4/ppc/perl-CPAN-Meta-YAML-0.003-3.el4.noarch.rpm
4/ppc/perl-Cache-2.04-2.el4.3.noarch.rpm
4/ppc/perl-Cache-Cache-1.05-1.el4.1.noarch.rpm
4/ppc/perl-Cache-Memcached-1.26-3.el4.noarch.rpm
4/ppc/perl-Class-Accessor-0.31-1.el4.noarch.rpm
4/ppc/perl-Class-Accessor-Chained-0.01-5.el4.noarch.rpm
4/ppc/perl-Class-Data-Inheritable-0.06-2.el4.noarch.rpm
4/ppc/perl-Class-ErrorHandler-0.01-4.el4.noarch.rpm
4/ppc/perl-Class-Inner-0.1-4.el4.noarch.rpm
4/ppc/perl-Class-Inspector-1.17-1.el4.noarch.rpm
4/ppc/perl-Class-Load-0.06-3.el4.noarch.rpm
4/ppc/perl-Class-Loader-2.03-5.el4.noarch.rpm
4/ppc/perl-Class-Singleton-1.03-3.el4.noarch.rpm
4/ppc/perl-Class-Trigger-0.12-1.el4.noarch.rpm
4/ppc/perl-Class-Whitehole-0.04-4.el4.noarch.rpm
4/ppc/perl-Config-IniFiles-2.39-6.el4.noarch.rpm
4/ppc/perl-Config-IniHash-3.00.00-5.el4.noarch.rpm
4/ppc/perl-Convert-ASCII-Armour-1.4-5.el4.noarch.rpm
4/ppc/perl-Convert-BinHex-1.119-5.el4.noarch.rpm
4/ppc/perl-Convert-PEM-0.07-5.el4.noarch.rpm
4/ppc/perl-Convert-TNEF-0.17-7.el4.noarch.rpm
4/ppc/perl-Crypt-CAST5_PP-1.04-2.el4.noarch.rpm
4/ppc/perl-Crypt-CBC-2.17-1.el4.noarch.rpm
4/ppc/perl-Crypt-DES_EDE3-0.01-5.el4.noarch.rpm
4/ppc/perl-Crypt-DH-0.06-9.el4.noarch.rpm
4/ppc/perl-Crypt-DSA-0.14-7.el4.noarch.rpm
4/ppc/perl-Crypt-GPG-1.63-3.el4.noarch.rpm
4/ppc/perl-Crypt-GeneratePassword-0.03-14.el4.noarch.rpm
4/ppc/perl-Crypt-PasswdMD5-1.3-2.el4.noarch.rpm
4/ppc/perl-Crypt-Primes-0.50-4.el4.noarch.rpm
4/ppc/perl-Crypt-RSA-1.98-3.el4.noarch.rpm
4/ppc/perl-Crypt-Random-1.25-4.el4.noarch.rpm
4/ppc/perl-Crypt-SmbHash-0.12-6.el4.noarch.rpm
4/ppc/perl-DBIx-ContextualFetch-1.03-3.el4.noarch.rpm
4/ppc/perl-Danga-Socket-1.57-2.el4.1.noarch.rpm
4/ppc/perl-Data-Buffer-0.04-5.el4.noarch.rpm
4/ppc/perl-Data-Dump-1.08-3.el4.noarch.rpm
4/ppc/perl-Data-Hierarchy-0.34-4.el4.noarch.rpm
4/ppc/perl-Data-OptList-0.101-2.el4.noarch.rpm
4/ppc/perl-Data-Section-Simple-0.02-2.el4.noarch.rpm
4/ppc/perl-Date-ICal-1.72-1.el4.noarch.rpm
4/ppc/perl-Date-Leapyear-1.72-1.el4.noarch.rpm
4/ppc/perl-Date-Pcalc-1.2-4.el4.noarch.rpm
4/ppc/perl-DateTime-Event-ICal-0.10-2.el4.noarch.rpm
4/ppc/perl-DateTime-Event-Recurrence-0.16-10.el4.noarch.rpm
4/ppc/perl-DateTime-Format-Excel-0.31-1.el4.noarch.rpm
4/ppc/perl-DateTime-Format-ICal-0.09-5.el4.noarch.rpm
4/ppc/perl-DateTime-Precise-1.05-3.el4.noarch.rpm
4/ppc/perl-DateTime-Set-0.28-2.el4.noarch.rpm
4/ppc/perl-Devel-Cycle-1.07-1.el4.noarch.rpm
4/ppc/perl-Devel-StackTrace-1.22-1.el4.noarch.rpm
4/ppc/perl-Devel-Symdump-2.07-3.el4.1.noarch.rpm
4/ppc/perl-Digest-BubbleBabble-0.02-1.el4.noarch.rpm
4/ppc/perl-Digest-Perl-MD5-1.8-2.el4.noarch.rpm
4/ppc/perl-Directory-Queue-1.2-1.el4.noarch.rpm
4/ppc/perl-Dist-CheckConflicts-0.02-2.el4.noarch.rpm
4/ppc/perl-Email-Date-Format-1.002-4.el4.1.noarch.rpm
4/ppc/perl-Email-Valid-0.179-2.el4.noarch.rpm
4/ppc/perl-Exception-Class-1.23-2.el4.noarch.rpm
4/ppc/perl-Exporter-Lite-0.02-2.el4.noarch.rpm
4/ppc/perl-ExtUtils-CBuilder-0.18-1.el4.noarch.rpm
4/ppc/perl-ExtUtils-F77-1.16-2.el4.noarch.rpm
4/ppc/perl-ExtUtils-ParseXS-2.18-1.el4.noarch.rpm
4/ppc/perl-ExtUtils-PkgConfig-1.08-1.el4.noarch.rpm
4/ppc/perl-File-BaseDir-0.03-1.el4.noarch.rpm
4/ppc/perl-File-Copy-Recursive-0.35-1.el4.noarch.rpm
4/ppc/perl-File-DesktopEntry-0.04-5.el4.noarch.rpm
4/ppc/perl-File-Find-Rule-0.30-3.el4.noarch.rpm
4/ppc/perl-File-MMagic-1.27-2.el4.noarch.rpm
4/ppc/perl-File-MimeInfo-0.14-1.el4.noarch.rpm
4/ppc/perl-File-NFSLock-1.20-2.el4.1.noarch.rpm
4/ppc/perl-File-Next-1.02-1.el4.noarch.rpm
4/ppc/perl-File-Pid-1.01-3.el4.noarch.rpm
4/ppc/perl-File-ReadBackwards-1.04-2.el4.noarch.rpm
4/ppc/perl-File-Remove-0.38-1.el4.noarch.rpm
4/ppc/perl-File-Tail-0.99.3-5.el4.1.noarch.rpm
4/ppc/perl-File-Type-0.22-3.el4.noarch.rpm
4/ppc/perl-File-Which-0.05-4.el4.noarch.rpm
4/ppc/perl-File-chdir-0.09-2.el4.noarch.rpm
4/ppc/perl-FileHandle-Unget-0.1623-5.el4.noarch.rpm
4/ppc/perl-Finance-Quote-1.13-1.el4.noarch.rpm
4/ppc/perl-FreezeThaw-0.43-5.el4.noarch.rpm
4/ppc/perl-Frontier-RPC-0.07b4-5.el4.noarch.rpm
4/ppc/perl-GDGraph-1.44-1.el4.noarch.rpm
4/ppc/perl-GDGraph3d-0.63-6.el4.noarch.rpm
4/ppc/perl-GDTextUtil-0.86-8.el4.noarch.rpm
4/ppc/perl-Geography-Countries-1.4-1.el4.noarch.rpm
4/ppc/perl-HTML-PrettyPrinter-0.03-3.el4.noarch.rpm
4/ppc/perl-HTML-RewriteAttributes-0.03-4.el4.noarch.rpm
4/ppc/perl-HTML-Scrubber-0.08-4.el4.2.noarch.rpm
4/ppc/perl-HTML-Table-2.05-1.el4.noarch.rpm
4/ppc/perl-HTML-TableExtract-2.10-2.el4.noarch.rpm
4/ppc/perl-HTML-Template-2.9-1.el4.2.noarch.rpm
4/ppc/perl-HTML-Tree-3.23-9.el4.noarch.rpm
4/ppc/perl-HTTP-BrowserDetect-0.98-3.el4.noarch.rpm
4/ppc/perl-HTTP-Daemon-SSL-1.04-2.el4.noarch.rpm
4/ppc/perl-Hash-Case-1.006-4.el4.noarch.rpm
4/ppc/perl-Hash-Merge-0.11-2.el4.noarch.rpm
4/ppc/perl-Hash-WithDefaults-0.04-7.el4.noarch.rpm
4/ppc/perl-Heap-0.80-1.el4.noarch.rpm
4/ppc/perl-IO-Capture-0.05-3.el4.noarch.rpm
4/ppc/perl-IO-Digest-0.10-6.el4.noarch.rpm
4/ppc/perl-IO-Socket-SSL-1.01-1.el4.noarch.rpm
4/ppc/perl-IO-String-1.08-0.3.el4.noarch.rpm
4/ppc/perl-IO-Zlib-1.04-3.el4.noarch.rpm
4/ppc/perl-IO-stringy-2.110-5.el4.noarch.rpm
4/ppc/perl-IPC-DirQueue-1.0-2.el4.noarch.rpm
4/ppc/perl-IPC-Run-0.80-3.el4.noarch.rpm
4/ppc/perl-IPC-SharedCache-1.3-8.el4.noarch.rpm
4/ppc/perl-Image-ExifTool-6.94-1.el4.noarch.rpm
4/ppc/perl-Inline-0.44-18.el4.noarch.rpm
4/ppc/perl-Inline-Files-0.62-2.el4.noarch.rpm
4/ppc/perl-JSON-2.17-1.el4.noarch.rpm
4/ppc/perl-Jcode-2.06-6.el4.noarch.rpm
4/ppc/perl-LWP-Authen-Wsse-0.05-2.el4.1.noarch.rpm
4/ppc/perl-Lingua-EN-Inflect-1.89-3.el4.noarch.rpm
4/ppc/perl-Lingua-EN-Inflect-Number-1.1-4.el4.noarch.rpm
4/ppc/perl-Locale-Maketext-Fuzzy-0.10-1.el4.noarch.rpm
4/ppc/perl-Locale-Maketext-Gettext-1.27-2.el4.noarch.rpm
4/ppc/perl-LockFile-Simple-0.2.5-1.el4.noarch.rpm
4/ppc/perl-Log-Dispatch-2.20-1.el4.noarch.rpm
4/ppc/perl-Log-Dispatch-FileRotate-1.19-1.el4.noarch.rpm
4/ppc/perl-Log-Trivial-0.31-1.el4.noarch.rpm
4/ppc/perl-MD5-2.03-2.el4.noarch.rpm
4/ppc/perl-MIME-Lite-3.01-5.el4.noarch.rpm
4/ppc/perl-MIME-tools-5.420-3.el4.noarch.rpm
4/ppc/perl-MLDBM-2.01-5.el4.1.noarch.rpm
4/ppc/perl-Mail-IMAPClient-3.30-1.el4.noarch.rpm
4/ppc/perl-Mail-Mbox-MessageParser-1.5002-6.el4.noarch.rpm
4/ppc/perl-Mail-SPF-Query-1.999.1-3.el4.noarch.rpm
4/ppc/perl-Mail-Sender-0.8.13-2.el4.1.noarch.rpm
4/ppc/perl-Mail-Sendmail-0.79-9.el4.1.noarch.rpm
4/ppc/perl-MailTools-1.77-1.el4.noarch.rpm
4/ppc/perl-Math-Base85-0.2-2.el4.noarch.rpm
4/ppc/perl-Math-BaseCnv-1.4.75O6Pbr-2.el4.noarch.rpm
4/ppc/perl-Math-MatrixReal-2.03-1.el4.noarch.rpm
4/ppc/perl-Mixin-Linewise-0.002-2.el4.noarch.rpm
4/ppc/perl-Module-Build-0.2807-2.el4.noarch.rpm
4/ppc/perl-Module-CoreList-2.11-2.el4.noarch.rpm
4/ppc/perl-Module-Depends-0.13-2.el4.noarch.rpm
4/ppc/perl-Module-Extract-VERSION-1.01-3.el4.noarch.rpm
4/ppc/perl-Module-Install-0.67-2.el4.noarch.rpm
4/ppc/perl-Module-Manifest-1.08-5.el4.noarch.rpm
4/ppc/perl-Module-Pluggable-3.60-3.el4.noarch.rpm
4/ppc/perl-Module-ScanDeps-0.75-1.el4.noarch.rpm
4/ppc/perl-Module-Signature-0.68-1.el4.noarch.rpm
4/ppc/perl-MogileFS-Client-1.07-2.el4.1.noarch.rpm
4/ppc/perl-NOCpulse-CLAC-1.9.8-1.el4.noarch.rpm
4/ppc/perl-NOCpulse-Debug-1.23.15-1.el4.noarch.rpm
4/ppc/perl-NOCpulse-Gritch-1.27.4-1.el4.noarch.rpm
4/ppc/perl-NOCpulse-Object-1.26.10-1.el4.noarch.rpm
4/ppc/perl-NOCpulse-SetID-1.6.9-1.el4.noarch.rpm
4/ppc/perl-NOCpulse-Utils-1.14.11-1.el4.noarch.rpm
4/ppc/perl-NTLM-1.09-1.el4.noarch.rpm
4/ppc/perl-Net-CIDR-Lite-0.20-2.1.el4.noarch.rpm
4/ppc/perl-Net-Daemon-0.44-7.el4.noarch.rpm
4/ppc/perl-Net-Domain-TLD-1.65-1.el4.noarch.rpm
4/ppc/perl-Net-IP-1.25-1.el4.noarch.rpm
4/ppc/perl-Net-IPv4Addr-0.10-3.el4.noarch.rpm
4/ppc/perl-Net-IPv6Addr-0.2-3.el4.noarch.rpm
4/ppc/perl-Net-SFTP-0.10-1.el4.noarch.rpm
4/ppc/perl-Net-SNMP-5.2.0-1.el4.1.noarch.rpm
4/ppc/perl-Net-SSH-Perl-1.34-1.el4.noarch.rpm
4/ppc/perl-Net-STOMP-Client-0.9.2-1.el4.noarch.rpm
4/ppc/perl-Net-Server-0.96-2.el4.noarch.rpm
4/ppc/perl-Net-Telnet-3.03-7.el4.noarch.rpm
4/ppc/perl-Nmap-Parser-1.19-4.el4.1.noarch.rpm
4/ppc/perl-Number-Compare-0.01-8.el4.noarch.rpm
4/ppc/perl-OLE-Storage_Lite-0.14-9.el4.noarch.rpm
4/ppc/perl-Object-Realize-Later-0.16-1.el4.noarch.rpm
4/ppc/perl-PAR-Dist-0.25-2.el4.noarch.rpm
4/ppc/perl-POE-1.269-4.el4.noarch.rpm
4/ppc/perl-Package-DeprecationManager-0.10-3.el4.noarch.rpm
4/ppc/perl-Package-Generator-0.100-2.el4.noarch.rpm
4/ppc/perl-Package-Stash-0.05-1.el4.noarch.rpm
4/ppc/perl-Params-Util-0.25-1.el4.noarch.rpm
4/ppc/perl-Parse-CPAN-Meta-1.40-1.el4.noarch.rpm
4/ppc/perl-Parse-RecDescent-1.94-7.el4.noarch.rpm
4/ppc/perl-ParseLex-2.15-12.el4.noarch.rpm
4/ppc/perl-Path-Class-0.16-3.el4.noarch.rpm
4/ppc/perl-Perl-OSType-1.002-3.el4.noarch.rpm
4/ppc/perl-PerlIO-via-dynamic-0.12-4.el4.noarch.rpm
4/ppc/perl-PerlIO-via-symlink-0.05-5.el4.noarch.rpm
4/ppc/perl-Pod-Coverage-0.18-2.el4.noarch.rpm
4/ppc/perl-Pod-Coverage-TrustPod-0.092830-4.el4.noarch.rpm
4/ppc/perl-Pod-Escapes-1.04-5.el4.noarch.rpm
4/ppc/perl-Pod-Eventual-0.093330-1.el4.noarch.rpm
4/ppc/perl-Pod-POM-0.17-6.el4.noarch.rpm
4/ppc/perl-Pod-Simple-3.04-3.el4.noarch.rpm
4/ppc/perl-Pod-Spell-1.01-2.el4.noarch.rpm
4/ppc/perl-Pod-Wordlist-hanekomu-1.110090-3.el4.noarch.rpm
4/ppc/perl-Proc-Daemon-0.03-1.el4.1.noarch.rpm
4/ppc/perl-Proc-PID-File-1.27-1.el4.noarch.rpm
4/ppc/perl-Readonly-1.03-4.el4.noarch.rpm
4/ppc/perl-SOAP-Lite-0.68-5.el4.noarch.rpm
4/ppc/perl-SQL-Abstract-1.22-2.el4.noarch.rpm
4/ppc/perl-SVN-Simple-0.27-6.el4.noarch.rpm
4/ppc/perl-Satcon-1.10-1.el4.noarch.rpm
4/ppc/perl-Schedule-Cron-Events-1.8-15.el4.noarch.rpm
4/ppc/perl-Set-Crontab-1.02-1.el4.noarch.rpm
4/ppc/perl-Set-Infinite-0.63-5.el4.noarch.rpm
4/ppc/perl-Sort-Versions-1.5-7.el4.1.noarch.rpm
4/ppc/perl-Spiffy-0.30-6.el4.noarch.rpm
4/ppc/perl-Spreadsheet-WriteExcel-2.18-1.el4.noarch.rpm
4/ppc/perl-Statistics-Descriptive-2.6-2.el4.1.noarch.rpm
4/ppc/perl-String-ShellQuote-1.03-4.el4.noarch.rpm
4/ppc/perl-Sub-Exporter-0.975-1.el4.noarch.rpm
4/ppc/perl-Sub-Identify-0.02-2.el4.noarch.rpm
4/ppc/perl-Sub-Install-0.925-1.el4.noarch.rpm
4/ppc/perl-Sub-Uplevel-0.18-2.el4.noarch.rpm
4/ppc/perl-Sys-Syscall-0.22-2.el4.noarch.rpm
4/ppc/perl-Term-Shell-0.02-2.el4.noarch.rpm
4/ppc/perl-Test-Builder-Tester-1.01-1.el4.3.noarch.rpm
4/ppc/perl-Test-CPAN-Meta-0.17-1.el4.noarch.rpm
4/ppc/perl-Test-CPAN-Meta-JSON-0.10-2.el4.noarch.rpm
4/ppc/perl-Test-CPAN-Meta-YAML-0.17-2.el4.noarch.rpm
4/ppc/perl-Test-CheckChanges-0.14-2.el4.noarch.rpm
4/ppc/perl-Test-Cmd-1.05-2.el4.noarch.rpm
4/ppc/perl-Test-Deep-0.096-1.el4.noarch.rpm
4/ppc/perl-Test-DistManifest-1.011-4.el4.noarch.rpm
4/ppc/perl-Test-EOL-0.9-2.el4.noarch.rpm
4/ppc/perl-Test-Exception-0.26-2.el4.noarch.rpm
4/ppc/perl-Test-Fatal-0.003-1.el4.noarch.rpm
4/ppc/perl-Test-HasVersion-0.012-3.el4.noarch.rpm
4/ppc/perl-Test-Manifest-1.22-1.el4.noarch.rpm
4/ppc/perl-Test-Memory-Cycle-1.04-1.el4.noarch.rpm
4/ppc/perl-Test-MockModule-0.05-5.el4.noarch.rpm
4/ppc/perl-Test-Mojibake-0.3-3.el4.noarch.rpm
4/ppc/perl-Test-NoTabs-1.0-3.el4.noarch.rpm
4/ppc/perl-Test-NoWarnings-0.083-1.el4.noarch.rpm
4/ppc/perl-Test-Output-0.10-2.el4.noarch.rpm
4/ppc/perl-Test-Pod-1.20-3.el4.noarch.rpm
4/ppc/perl-Test-Pod-Coverage-1.08-1.el4.noarch.rpm
4/ppc/perl-Test-Portability-Files-0.05-3.el4.noarch.rpm
4/ppc/perl-Test-Spelling-0.11-1.el4.noarch.rpm
4/ppc/perl-Test-Tester-0.104-1.el4.noarch.rpm
4/ppc/perl-Test-Unit-0.25-3.el4.noarch.rpm
4/ppc/perl-Test-Warn-0.11-2.el4.noarch.rpm
4/ppc/perl-Test-YAML-Valid-0.04-5.el4.noarch.rpm
4/ppc/perl-Text-Diff-0.35-3.el4.noarch.rpm
4/ppc/perl-Text-Format-0.52-1.el4.noarch.rpm
4/ppc/perl-Text-Glob-0.08-2.el4.noarch.rpm
4/ppc/perl-Text-SpellChecker-0.03-1.el4.noarch.rpm
4/ppc/perl-Text-Template-1.44-4.el4.noarch.rpm
4/ppc/perl-Text-Unidecode-0.04-4.el4.1.noarch.rpm
4/ppc/perl-Text-WrapI18N-0.06-2.el4.noarch.rpm
4/ppc/perl-Text-vFile-asData-0.05-3.el4.noarch.rpm
4/ppc/perl-Text-vFile-asData-utils-0.05-3.el4.noarch.rpm
4/ppc/perl-Tie-DBI-1.02-3.el4.1.noarch.rpm
4/ppc/perl-Tie-EncryptedHash-1.24-1.el4.noarch.rpm
4/ppc/perl-Tie-IxHash-1.21-6.el4.1.noarch.rpm
4/ppc/perl-Time-Duration-1.06-4.el4.noarch.rpm
4/ppc/perl-TimeDate-1.16-6.el4.noarch.rpm
4/ppc/perl-Tree-DAG_Node-1.06-5.el4.noarch.rpm
4/ppc/perl-Try-Tiny-0.07-1.el4.noarch.rpm
4/ppc/perl-UNIVERSAL-exports-0.05-3.el4.noarch.rpm
4/ppc/perl-UNIVERSAL-isa-0.06-4.el4.noarch.rpm
4/ppc/perl-UNIVERSAL-moniker-0.08-5.el4.noarch.rpm
4/ppc/perl-UNIVERSAL-require-0.11-1.el4.noarch.rpm
4/ppc/perl-Unicode-MapUTF8-1.11-7.el4.noarch.rpm
4/ppc/perl-User-1.8-2.el4.noarch.rpm
4/ppc/perl-User-Identity-0.91-1.el4.noarch.rpm
4/ppc/perl-XML-Entities-0.03-1.el4.noarch.rpm
4/ppc/perl-XML-Filter-BufferText-1.01-4.el4.noarch.rpm
4/ppc/perl-XML-Generator-DBI-1.00-4.el4.noarch.rpm
4/ppc/perl-XML-Handler-YAWriter-0.23-4.el4.noarch.rpm
4/ppc/perl-XML-Merge-1.2.565EgGd-2.el4.noarch.rpm
4/ppc/perl-XML-SAX-Writer-0.50-4.el4.noarch.rpm
4/ppc/perl-XML-Simple-2.14-4.el4.noarch.rpm
4/ppc/perl-XML-Simple-DTDReader-0.04-3.el4.noarch.rpm
4/ppc/perl-XML-Tidy-1.2.54HJnFa-3.el4.noarch.rpm
4/ppc/perl-XML-TreeBuilder-3.09-9.el4.noarch.rpm
4/ppc/perl-XML-Writer-0.604-1.el4.noarch.rpm
4/ppc/perl-XML-XPath-1.13-3.el4.noarch.rpm
4/ppc/perl-YAML-0.66-2.el4.noarch.rpm
4/ppc/perl-YAML-Tiny-1.04-2.el4.noarch.rpm
4/ppc/perl-libwhisker2-2.4-3.el4.noarch.rpm
4/ppc/perl-pmtools-1.01-2.el4.noarch.rpm
4/ppc/pgfouine-1.1-1.el4.noarch.rpm
4/ppc/php-adodb-4.95-1.a.el4.noarch.rpm
4/ppc/php-php-gettext-1.0.11-4.el4.noarch.rpm
4/ppc/php-spyc-0.2.5-1.el4.noarch.rpm
4/ppc/phpMyAdmin-2.11.11.3-2.el4.noarch.rpm
4/ppc/phpPgAdmin-5.0.3-1.el4.noarch.rpm
4/ppc/phpldapadmin-0.9.8.5-1.el4.noarch.rpm
4/ppc/pisg-0.72-3.el4.noarch.rpm
4/ppc/postgresql_autodoc-1.40-2.el4.noarch.rpm
4/ppc/poweradmin-2.1.2-2.el4.1.noarch.rpm
4/ppc/publican-0.33-0.el4.noarch.rpm
4/ppc/publican-doc-0.33-0.el4.noarch.rpm
4/ppc/publican-fedora-0.19-3.el4.noarch.rpm
4/ppc/pychart-1.39-3.el4.noarch.rpm
4/ppc/pychart-doc-1.39-3.el4.noarch.rpm
4/ppc/pydot-0.9.10-3.el4.noarch.rpm
4/ppc/pyflakes-0.2.1-3.el4.noarch.rpm
4/ppc/pyke-0.2-2.el4.1.noarch.rpm
4/ppc/pyparsing-1.4.11-1.el4.noarch.rpm
4/ppc/python-GnuPGInterface-0.3.2-2.el4.noarch.rpm
4/ppc/python-IPy-0.70-1.el4.noarch.rpm
4/ppc/python-ZSI-2.0-6.el4.noarch.rpm
4/ppc/python-application-1.1.5-1.el4.noarch.rpm
4/ppc/python-boto-1.0a-1.el4.1.noarch.rpm
4/ppc/python-cherrypy-2.2.1-10.el4.noarch.rpm
4/ppc/python-configobj-4.4.0-2.el4.noarch.rpm
4/ppc/python-coverage-2.85-2.el4.noarch.rpm
4/ppc/python-dateutil-1.1-6.el4.noarch.rpm
4/ppc/python-decoratortools-1.7-1.el4.noarch.rpm
4/ppc/python-dictclient-1.0.1-1.el4.noarch.rpm
4/ppc/python-dns-1.6.0-3.el4.noarch.rpm
4/ppc/python-docutils-0.4-4.el4.noarch.rpm
4/ppc/python-dtopt-0.1-2.el4.noarch.rpm
4/ppc/python-feedparser-4.1-5.el4.noarch.rpm
4/ppc/python-formencode-0.7.1-2.el4.noarch.rpm
4/ppc/python-genshi-0.4.4-2.el4.noarch.rpm
4/ppc/python-html2text-2.26-2.el4.noarch.rpm
4/ppc/python-json-3.4-3.el4.noarch.rpm
4/ppc/python-kid-0.9.6-6.el4.noarch.rpm
4/ppc/python-kitchen-1.1.1-1.el4.noarch.rpm
4/ppc/python-ldaphelper-1.0.1-1.el4.noarch.rpm
4/ppc/python-libgmail-0.1.8-4.el4.noarch.rpm
4/ppc/python-libgmail-docs-0.3-10.el4.noarch.rpm
4/ppc/python-louie-1.1-4.el4.noarch.rpm
4/ppc/python-metar-1.3.0-2.el4.noarch.rpm
4/ppc/python-netaddr-0.5.2-1.el4.noarch.rpm
4/ppc/python-nose-0.10.3-1.el4.noarch.rpm
4/ppc/python-openid-2.1.1-3.el4.noarch.rpm
4/ppc/python-paste-1.7.1-1.el4.noarch.rpm
4/ppc/python-paste-deploy-1.3.2-1.el4.noarch.rpm
4/ppc/python-paste-script-1.6.3-3.el4.noarch.rpm
4/ppc/python-peak-rules-0.5a1.dev-0.2569.el4.noarch.rpm
4/ppc/python-peak-util-addons-0.6-1.el4.noarch.rpm
4/ppc/python-peak-util-assembler-0.5-2.el4.noarch.rpm
4/ppc/python-peak-util-extremes-1.1-1.el4.noarch.rpm
4/ppc/python-peak-util-symbols-1.0-2.el4.noarch.rpm
4/ppc/python-pip-0.6.3-1.el4.noarch.rpm
4/ppc/python-ply-2.3-2.el4.1.noarch.rpm
4/ppc/python-prioritized-methods-0.2.1-1.el4.noarch.rpm
4/ppc/python-pygments-1.1.1-1.el4.noarch.rpm
4/ppc/python-rpmfluff-0.3-6.el4.noarch.rpm
4/ppc/python-setuptools-0.6c7-1.el4.noarch.rpm
4/ppc/python-shove-0.1.3-2.el4.noarch.rpm
4/ppc/python-sqlalchemy-0.3.11-1.el4.noarch.rpm
4/ppc/python-sqlobject-0.9.7-1.el4.noarch.rpm
4/ppc/python-suds-0.3.5-1.el4.noarch.rpm
4/ppc/python-text_table-0.02-2.el4.noarch.rpm
4/ppc/python-tgfastdata-0.9a6-6.el4.noarch.rpm
4/ppc/python-turbocheetah-1.0-1.el4.noarch.rpm
4/ppc/python-turbojson-1.1.2-3.el4.noarch.rpm
4/ppc/python-turbokid-1.0.4-1.el4.noarch.rpm
4/ppc/python-urlgrabber-2.9.8-0.3.el4.noarch.rpm
4/ppc/python-uuid-1.30-3.el4.noarch.rpm
4/ppc/python-webpy-0.32-3.el4.noarch.rpm
4/ppc/python-werkzeug-0.6-1.el4.noarch.rpm
4/ppc/python-werkzeug-doc-0.6-1.el4.noarch.rpm
4/ppc/python-xlrd-0.6.1-5.el4.noarch.rpm
4/ppc/python-xmpp-0.4.1-6.el4.noarch.rpm
4/ppc/pyxdg-0.16-1.el4.noarch.rpm
4/ppc/pyzor-0.4.0-11.el4.noarch.rpm
4/ppc/queuegraph-1.1-2.el4.noarch.rpm
4/ppc/redet-8.22-4.el4.noarch.rpm
4/ppc/redet-doc-8.22-1.el4.noarch.rpm
4/ppc/rhnpush-0.4.5-1.el4.noarch.rpm
4/ppc/rkhunter-1.3.8-2.el4.noarch.rpm
4/ppc/roadstencil-fonts-1.0-2.el4.noarch.rpm
4/ppc/roundcubemail-0.1.1-4.el4.noarch.rpm
4/ppc/roundup-1.4.15-1.el4.noarch.rpm
4/ppc/rpl-1.5.3-4.el4.noarch.rpm
4/ppc/rpmconf-0.1.8-1.el4.noarch.rpm
4/ppc/rpmdevtools-5.3-1.el4.noarch.rpm
4/ppc/rpmlint-0.85-3.el4.1.noarch.rpm
4/ppc/rss2email-2.60-3.el4.noarch.rpm
4/ppc/sagator-1.2.0-1.el4.noarch.rpm
4/ppc/sagator-core-1.2.0-1.el4.noarch.rpm
4/ppc/sagator-webq-1.2.0-1.el4.noarch.rpm
4/ppc/scons-0.98.1-1.el4.noarch.rpm
4/ppc/shorewall-4.0.15-1.el4.noarch.rpm
4/ppc/shorewall-common-4.0.15-1.el4.noarch.rpm
4/ppc/shorewall-lite-4.0.15-1.el4.noarch.rpm
4/ppc/shorewall-perl-4.0.15-1.el4.noarch.rpm
4/ppc/shorewall-shell-4.0.15-1.el4.noarch.rpm
4/ppc/silkscreen-fonts-1.0-1.el4.noarch.rpm
4/ppc/sip-redirect-0.1.2-2.el4.noarch.rpm
4/ppc/smbldap-tools-0.9.6-3.el4.noarch.rpm
4/ppc/snake-0.11-0.19.el4.noarch.rpm
4/ppc/spacewalk-proxy-docs-0.6.2-1.el4.noarch.rpm
4/ppc/sqlgrey-1.7.5-1.el4.noarch.rpm
4/ppc/stomppy-2.0.4-1.el4.1.noarch.rpm
4/ppc/sub2srt-0.5.3-2.el4.noarch.rpm
4/ppc/supybot-0.83.3-8.el4.noarch.rpm
4/ppc/svnmailer-1.0.8-3.el4.noarch.rpm
4/ppc/svnmailer-doc-1.0.8-3.el4.noarch.rpm
4/ppc/swaks-20111230.0-1.el4.noarch.rpm
4/ppc/sysusage-2.6-3.el4.noarch.rpm
4/ppc/tclchecker-1.4-4.20061030cvs.el4.noarch.rpm
4/ppc/tcldebugger-1.4-6.20061030cvs.el4.noarch.rpm
4/ppc/tcllib-1.10-1.el4.noarch.rpm
4/ppc/tclpro-1.5.0-11.20061030cvs.el4.noarch.rpm
4/ppc/tetex-IEEEtran-1.7.1-3.el4.noarch.rpm
4/ppc/tetex-elsevier-0.1.20071024-1.el4.1.noarch.rpm
4/ppc/tetex-lineno-4.41-1.el4.noarch.rpm
4/ppc/tex-simplecv-1.6-6.el4.noarch.rpm
4/ppc/tex-simplecv-doc-1.6-6.el4.noarch.rpm
4/ppc/tiquit-2.5-1.el4.noarch.rpm
4/ppc/tiresias-fonts-1.0-2.el4.noarch.rpm
4/ppc/tklib-0.4.1-5.el4.noarch.rpm
4/ppc/tmda-1.1.11-4.el4.noarch.rpm
4/ppc/tmda-emacs-1.1.11-4.el4.noarch.rpm
4/ppc/tmda-ofmipd-1.1.11-4.el4.noarch.rpm
4/ppc/trac-0.9.3-2.el4.noarch.rpm
4/ppc/trac-git-plugin-0.0.1-3.20070705svn1536.el4.noarch.rpm
4/ppc/trac-iniadmin-plugin-0.1-2.20071126svn2824.el4.noarch.rpm
4/ppc/trac-mercurial-plugin-0.10.0.2-3.20070705svn5798.el4.noarch.rpm
4/ppc/trac-webadmin-0.1.2-0.3.dev_r4429.el4.noarch.rpm
4/ppc/txt2man-1.5.5-1.el4.noarch.rpm
4/ppc/txt2tags-2.5-5.el4.noarch.rpm
4/ppc/viewvc-1.1.13-1.el4.noarch.rpm
4/ppc/viewvc-httpd-1.1.13-1.el4.noarch.rpm
4/ppc/vnc-ltsp-config-4.0-3.el4.noarch.rpm
4/ppc/websec-1.9.0-3.4.noarch.rpm
4/ppc/wine-docs-1.0-1.el4.noarch.rpm
4/ppc/x509watch-0.5.0-1.el4.noarch.rpm
4/ppc/xdg-utils-1.0.2-4.el4.noarch.rpm
4/ppc/yum-2.4.3-0.5.el4.noarch.rpm
4/ppc/debug/
4/ppc/debug/headers/
4/ppc/debug/repodata/
4/ppc/debug/repoview/
4/ppc/debug/repoview/layout/
4/ppc/headers/
4/ppc/repodata/
4/ppc/repoview/
4/ppc/repoview/layout/
4/x86_64/
4/x86_64/Ajaxterm-0.10-5.el4.noarch.rpm
4/x86_64/CGSI-gSOAP-1.3.4.2-2.el4.i386.rpm
4/x86_64/CGSI-gSOAP-devel-1.3.4.2-2.el4.i386.rpm
4/x86_64/Django-1.1.4-1.el4.noarch.rpm
4/x86_64/GMT-4.3.1-2.el4.i386.rpm
4/x86_64/GMT-coastlines-1.10-2.noarch.rpm
4/x86_64/GMT-coastlines-all-1.10-2.noarch.rpm
4/x86_64/GMT-coastlines-full-1.10-2.noarch.rpm
4/x86_64/GMT-coastlines-high-1.10-2.noarch.rpm
4/x86_64/GMT-devel-4.3.1-2.el4.i386.rpm
4/x86_64/GMT-doc-4.3.1-3.noarch.rpm
4/x86_64/GeoIP-1.4.8-1.el4.i386.rpm
4/x86_64/GeoIP-devel-1.4.8-1.el4.i386.rpm
4/x86_64/Judy-1.0.5-1.el4.i386.rpm
4/x86_64/Judy-devel-1.0.5-1.el4.i386.rpm
4/x86_64/MochiKit-1.4.2-2.el4.noarch.rpm
4/x86_64/OpenEXR-1.4.0a-5.el4.i386.rpm
4/x86_64/OpenEXR-devel-1.4.0a-5.el4.i386.rpm
4/x86_64/Perlbal-1.75-1.el4.noarch.rpm
4/x86_64/R-DBI-0.2.5-3.el4.noarch.rpm
4/x86_64/R-car-1.2-16.1.el4.noarch.rpm
4/x86_64/R-core-2.14.1-1.el4.i386.rpm
4/x86_64/R-devel-2.14.1-1.el4.i386.rpm
4/x86_64/R-nws-1.7.0.1-3.el4.noarch.rpm
4/x86_64/SDL_image-1.2.4-2.el4.i386.rpm
4/x86_64/SDL_image-devel-1.2.4-2.el4.i386.rpm
4/x86_64/SDL_mixer-1.2.6-8.el4.i386.rpm
4/x86_64/SDL_mixer-devel-1.2.6-8.el4.i386.rpm
4/x86_64/SDL_net-1.2.6-2.el4.i386.rpm
4/x86_64/SDL_net-devel-1.2.6-2.el4.i386.rpm
4/x86_64/SDL_ttf-2.0.8-3.el4.i386.rpm
4/x86_64/SDL_ttf-devel-2.0.8-3.el4.i386.rpm
4/x86_64/TurboGears-1.0.4.4-2.el4.noarch.rpm
4/x86_64/aalib-1.4.0-0.rc5.3.i386.rpm
4/x86_64/aalib-devel-1.4.0-0.rc5.3.i386.rpm
4/x86_64/ack-1.78-1.el4.noarch.rpm
4/x86_64/apt-mirror-0.4.5-3.el4.noarch.rpm
4/x86_64/aqbanking-2.2.9-2.el4.i386.rpm
4/x86_64/aqbanking-devel-2.2.9-2.el4.i386.rpm
4/x86_64/archivemail-0.7.0-6.el4.noarch.rpm
4/x86_64/artwiz-aleczapka-fonts-1.3-6.el4.noarch.rpm
4/x86_64/asciidoc-7.0.2-3.el4.noarch.rpm
4/x86_64/augeas-devel-0.10.0-3.el4.i386.rpm
4/x86_64/augeas-libs-0.10.0-3.el4.i386.rpm
4/x86_64/barcode-devel-0.98-17.el4.i386.rpm
4/x86_64/bash-completion-1.0-2.el4.noarch.rpm
4/x86_64/bcfg2-0.9.6-1.el4.noarch.rpm
4/x86_64/bcfg2-server-0.9.6-1.el4.noarch.rpm
4/x86_64/bdii-5.2.5-1.el4.noarch.rpm
4/x86_64/bibexport-2.10-2.el4.noarch.rpm
4/x86_64/bind-libbind-9.3.5-2.el4.i386.rpm
4/x86_64/bind-libbind-devel-9.3.5-2.el4.i386.rpm
4/x86_64/bitlbee-devel-3.0.4-1.el4.i386.rpm
4/x86_64/blitz-0.9-3.el4.i386.rpm
4/x86_64/blitz-devel-0.9-3.el4.i386.rpm
4/x86_64/boolstuff-0.1.11-3.el4.i386.rpm
4/x86_64/boolstuff-devel-0.1.11-3.el4.i386.rpm
4/x86_64/boost141-date-time-1.41.0-2.el4.i386.rpm
4/x86_64/boost141-devel-1.41.0-2.el4.i386.rpm
4/x86_64/boost141-filesystem-1.41.0-2.el4.i386.rpm
4/x86_64/boost141-graph-1.41.0-2.el4.i386.rpm
4/x86_64/boost141-iostreams-1.41.0-2.el4.i386.rpm
4/x86_64/boost141-program-options-1.41.0-2.el4.i386.rpm
4/x86_64/boost141-python-1.41.0-2.el4.i386.rpm
4/x86_64/boost141-regex-1.41.0-2.el4.i386.rpm
4/x86_64/boost141-serialization-1.41.0-2.el4.i386.rpm
4/x86_64/boost141-signals-1.41.0-2.el4.i386.rpm
4/x86_64/boost141-system-1.41.0-2.el4.i386.rpm
4/x86_64/boost141-test-1.41.0-2.el4.i386.rpm
4/x86_64/boost141-thread-1.41.0-2.el4.i386.rpm
4/x86_64/boost141-wave-1.41.0-2.el4.i386.rpm
4/x86_64/brettfont-fonts-20080506-3.el4.noarch.rpm
4/x86_64/bugzilla-3.2.4-1.el4.noarch.rpm
4/x86_64/bugzilla-contrib-3.2.4-1.el4.noarch.rpm
4/x86_64/bugzilla-doc-3.2.4-1.el4.noarch.rpm
4/x86_64/bwidget-1.8.0-1.el4.noarch.rpm
4/x86_64/c-ares-1.4.0-1.el4.i386.rpm
4/x86_64/c-ares-devel-1.4.0-1.el4.i386.rpm
4/x86_64/cacti-0.8.7i-2.el4.1.noarch.rpm
4/x86_64/calamaris-2.59-1.el4.noarch.rpm
4/x86_64/cas-0.14-10.el4.noarch.rpm
4/x86_64/cernlib-2006-19.el4.i386.rpm
4/x86_64/cernlib-devel-2006-19.el4.i386.rpm
4/x86_64/certmaster-0.24-1.el4.noarch.rpm
4/x86_64/cfitsio-3.006-3.el4.i386.rpm
4/x86_64/cfitsio-devel-3.006-3.el4.i386.rpm
4/x86_64/check-devel-0.9.3-5.el4.i386.rpm
4/x86_64/check_postgres-2.19.0-1.el4.noarch.rpm
4/x86_64/cherokee-1.2.101-1.el4.i386.rpm
4/x86_64/cherokee-devel-1.2.101-1.el4.i386.rpm
4/x86_64/chmlib-0.40-3.el4.i386.rpm
4/x86_64/chmlib-devel-0.40-3.el4.i386.rpm
4/x86_64/cim-schema-2.22.0-1.el4.noarch.rpm
4/x86_64/cim-schema-docs-2.22.0-1.el4.noarch.rpm
4/x86_64/clac-005-1.el4.noarch.rpm
4/x86_64/clamav-0.97-13.el4.i386.rpm
4/x86_64/clamav-devel-0.97-13.el4.i386.rpm
4/x86_64/clamav-unofficial-sigs-3.7.1-3.el4.noarch.rpm
4/x86_64/classads-1.0.8-1.el4.i386.rpm
4/x86_64/classads-devel-1.0.8-1.el4.i386.rpm
4/x86_64/clearsilver-devel-0.10.3-3.el4.1.i386.rpm
4/x86_64/clucene-core-0.9.21b-1.el4.i386.rpm
4/x86_64/clucene-core-devel-0.9.21b-1.el4.i386.rpm
4/x86_64/cobbler-2.0.11-2.el4.noarch.rpm
4/x86_64/cobbler-web-2.0.11-2.el4.noarch.rpm
4/x86_64/codeblocks-contrib-devel-10.05-1.el4.i386.rpm
4/x86_64/codeblocks-contrib-libs-10.05-1.el4.i386.rpm
4/x86_64/codeblocks-devel-10.05-1.el4.i386.rpm
4/x86_64/codeblocks-libs-10.05-1.el4.i386.rpm
4/x86_64/collectl-3.1.3-1.el4.noarch.rpm
4/x86_64/cowsay-3.03-4.el4.noarch.rpm
4/x86_64/cppunit-1.12.0-4.el4.1.i386.rpm
4/x86_64/cppunit-devel-1.12.0-4.el4.1.i386.rpm
4/x86_64/createrepo-0.4.4-0.4.el4.noarch.rpm
4/x86_64/crudminer-0.3.2-2.el4.noarch.rpm
4/x86_64/ctapi-common-1.1-3.el4.i386.rpm
4/x86_64/ctapi-cyberjack-devel-3.3.0-4.el4.i386.rpm
4/x86_64/cvs2svn-1.5.1-2.el4.noarch.rpm
4/x86_64/cvsplot-1.7.4-4.el4.noarch.rpm
4/x86_64/cvsweb-3.0.5-5.el4.noarch.rpm
4/x86_64/dcap-devel-2.47.5-1.el4.i386.rpm
4/x86_64/dcap-libs-2.47.5-1.el4.i386.rpm
4/x86_64/ddclient-3.8.0-2.el4.noarch.rpm
4/x86_64/debmirror-20090807-1.el4.noarch.rpm
4/x86_64/debootstrap-1.0.7-2.el4.noarch.rpm
4/x86_64/denyhosts-2.6-5.el4.noarch.rpm
4/x86_64/django-authopenid-0.9.6-2.el4.noarch.rpm
4/x86_64/dkms-2.1.0.1-1.el4.noarch.rpm
4/x86_64/dpm-devel-1.8.2-1.el4.i386.rpm
4/x86_64/dpm-libs-1.8.2-1.el4.i386.rpm
4/x86_64/drbdlinks-1.20-1.el4.noarch.rpm
4/x86_64/drgeo-doc-1.6-5.el4.noarch.rpm
4/x86_64/drupal-5.23-1.el4.noarch.rpm
4/x86_64/dspam-devel-3.9.0-8.el4.i386.rpm
4/x86_64/dspam-libs-3.9.0-8.el4.i386.rpm
4/x86_64/emacs-nxml-mode-0.20041004-6.el4.noarch.rpm
4/x86_64/enca-1.9-1.el4.i386.rpm
4/x86_64/enca-devel-1.9-1.el4.i386.rpm
4/x86_64/epel-release-4-10.noarch.rpm
4/x86_64/eventlog-0.2.7-3.el4.i386.rpm
4/x86_64/eventlog-devel-0.2.7-3.el4.i386.rpm
4/x86_64/exiv2-0.17.1-1.el4.i386.rpm
4/x86_64/exiv2-devel-0.17.1-1.el4.i386.rpm
4/x86_64/fail2ban-0.8.4-23.el4.noarch.rpm
4/x86_64/fedora-usermgmt-0.8-1.el4.noarch.rpm
4/x86_64/fedora-usermgmt-setup-0.8-1.el4.noarch.rpm
4/x86_64/fedora-usermgmt-shadow-utils-0.8-1.el4.noarch.rpm
4/x86_64/fetch-crl-2.8.4-2.el4.noarch.rpm
4/x86_64/fetch-crl3-3.0.7-1.el4.noarch.rpm
4/x86_64/fftw3-3.2.2-3.el4.i386.rpm
4/x86_64/fftw3-devel-3.2.2-3.el4.i386.rpm
4/x86_64/firebird-devel-2.1.4.18393.0-1.el4.i386.rpm
4/x86_64/firebird-libfbclient-2.1.4.18393.0-1.el4.i386.rpm
4/x86_64/firebird-libfbembed-2.1.4.18393.0-1.el4.i386.rpm
4/x86_64/firehol-1.273-5.el4.noarch.rpm
4/x86_64/firmware-tools-2.1.5-1.1.el4.noarch.rpm
4/x86_64/flam3-devel-2.7.13-1.el4.1.i386.rpm
4/x86_64/flite-1.3-11.el4.i386.rpm
4/x86_64/flite-devel-1.3-11.el4.i386.rpm
4/x86_64/fltk-1.1.9-4.el4.i386.rpm
4/x86_64/fltk-devel-1.1.9-4.el4.i386.rpm
4/x86_64/fontforge-20061025-3.el4.i386.rpm
4/x86_64/fpdns-0.9.3-1.el4.noarch.rpm
4/x86_64/freealut-1.1.0-5.el4.i386.rpm
4/x86_64/freealut-devel-1.1.0-5.el4.i386.rpm
4/x86_64/freefont-20060126-4.el4.noarch.rpm
4/x86_64/freehdl-0.0.6-1.el4.i386.rpm
4/x86_64/freetds-0.64-6.el4.i386.rpm
4/x86_64/freetds-devel-0.64-6.el4.i386.rpm
4/x86_64/ftplib-3.1-2.el4.i386.rpm
4/x86_64/ftplib-devel-3.1-2.el4.i386.rpm
4/x86_64/func-0.24-1.el4.noarch.rpm
4/x86_64/fwrestart-1.04-1.el4.noarch.rpm
4/x86_64/g-wrap-1.9.6-13.el4.i386.rpm
4/x86_64/g-wrap-devel-1.9.6-13.el4.i386.rpm
4/x86_64/g2banking-2.2.9-2.el4.i386.rpm
4/x86_64/g2banking-devel-2.2.9-2.el4.i386.rpm
4/x86_64/g2clib-devel-1.2.2-2.el4.i386.rpm
4/x86_64/ganglia-3.0.7-1.el4.i386.rpm
4/x86_64/ganglia-devel-3.0.7-1.el4.i386.rpm
4/x86_64/gc-6.8-3.el4.i386.rpm
4/x86_64/gc-devel-6.8-3.el4.i386.rpm
4/x86_64/gconfmm26-2.8.1-1.el4.i386.rpm
4/x86_64/gconfmm26-devel-2.8.1-1.el4.i386.rpm
4/x86_64/geomview-devel-1.9.4-2.el4.i386.rpm
4/x86_64/geos-2.2.3-2.el4.i386.rpm
4/x86_64/geos-devel-2.2.3-2.el4.i386.rpm
4/x86_64/ghex-2.8.2-4.el4.i386.rpm
4/x86_64/ghex-devel-2.8.2-4.el4.i386.rpm
4/x86_64/git2cl-2.0-0.1.git8373c9f.el4.noarch.rpm
4/x86_64/glew-1.5.1-3.el4.1.i386.rpm
4/x86_64/glew-devel-1.5.1-3.el4.1.i386.rpm
4/x86_64/glibmm24-2.4.8-1.el4.i386.rpm
4/x86_64/glibmm24-devel-2.4.8-1.el4.i386.rpm
4/x86_64/globus-authz-2.1-2.el4.i386.rpm
4/x86_64/globus-authz-callout-error-2.1-2.el4.i386.rpm
4/x86_64/globus-authz-callout-error-devel-2.1-2.el4.i386.rpm
4/x86_64/globus-authz-devel-2.1-2.el4.i386.rpm
4/x86_64/globus-callout-2.1-2.el4.i386.rpm
4/x86_64/globus-callout-devel-2.1-2.el4.i386.rpm
4/x86_64/globus-common-14.5-4.el4.i386.rpm
4/x86_64/globus-common-devel-14.5-4.el4.i386.rpm
4/x86_64/globus-data-conversion-2.1-1.el4.i386.rpm
4/x86_64/globus-data-conversion-devel-2.1-1.el4.i386.rpm
4/x86_64/globus-duct-common-2.1-1.el4.i386.rpm
4/x86_64/globus-duct-common-devel-2.1-1.el4.i386.rpm
4/x86_64/globus-duct-control-2.1-1.el4.i386.rpm
4/x86_64/globus-duct-control-devel-2.1-1.el4.i386.rpm
4/x86_64/globus-duroc-common-2.1-1.el4.i386.rpm
4/x86_64/globus-duroc-common-devel-2.1-1.el4.i386.rpm
4/x86_64/globus-ftp-client-7.2-2.el4.i386.rpm
4/x86_64/globus-ftp-client-devel-7.2-2.el4.i386.rpm
4/x86_64/globus-ftp-control-4.2-2.el4.i386.rpm
4/x86_64/globus-ftp-control-devel-4.2-2.el4.i386.rpm
4/x86_64/globus-gass-cache-8.1-2.el4.i386.rpm
4/x86_64/globus-gass-cache-devel-8.1-2.el4.i386.rpm
4/x86_64/globus-gass-copy-8.2-2.el4.i386.rpm
4/x86_64/globus-gass-copy-devel-8.2-2.el4.i386.rpm
4/x86_64/globus-gass-server-ez-4.1-2.el4.i386.rpm
4/x86_64/globus-gass-server-ez-devel-4.1-2.el4.i386.rpm
4/x86_64/globus-gass-transfer-7.1-2.el4.i386.rpm
4/x86_64/globus-gass-transfer-devel-7.1-2.el4.i386.rpm
4/x86_64/globus-gfork-3.1-2.el4.i386.rpm
4/x86_64/globus-gfork-devel-3.1-2.el4.i386.rpm
4/x86_64/globus-gram-audit-3.1-3.el4.noarch.rpm
4/x86_64/globus-gram-client-12.3-2.el4.i386.rpm
4/x86_64/globus-gram-client-devel-12.3-2.el4.i386.rpm
4/x86_64/globus-gram-job-manager-13.14-2.el4.i386.rpm
4/x86_64/globus-gram-job-manager-callout-error-2.1-2.el4.i386.rpm
4/x86_64/globus-gram-job-manager-callout-error-devel-2.1-2.el4.i386.rpm
4/x86_64/globus-gram-job-manager-condor-1.0-2.el4.noarch.rpm
4/x86_64/globus-gram-job-manager-scripts-4.2-2.el4.noarch.rpm
4/x86_64/globus-gram-job-manager-scripts-doc-4.2-2.el4.noarch.rpm
4/x86_64/globus-gram-job-manager-setup-condor-4.4-3.el4.noarch.rpm
4/x86_64/globus-gram-job-manager-setup-condor-doc-4.4-3.el4.noarch.rpm
4/x86_64/globus-gram-job-manager-setup-fork-4.2-3.el4.noarch.rpm
4/x86_64/globus-gram-job-manager-setup-fork-doc-4.2-3.el4.noarch.rpm
4/x86_64/globus-gram-job-manager-setup-lsf-2.5-3.el4.noarch.rpm
4/x86_64/globus-gram-job-manager-setup-lsf-doc-2.5-3.el4.noarch.rpm
4/x86_64/globus-gram-job-manager-setup-pbs-4.4-1.el4.noarch.rpm
4/x86_64/globus-gram-job-manager-setup-pbs-doc-4.4-1.el4.noarch.rpm
4/x86_64/globus-gram-job-manager-setup-sge-2.5-3.el4.noarch.rpm
4/x86_64/globus-gram-protocol-11.2-2.el4.i386.rpm
4/x86_64/globus-gram-protocol-devel-11.2-2.el4.i386.rpm
4/x86_64/globus-gridftp-server-6.5-2.el4.i386.rpm
4/x86_64/globus-gridftp-server-control-2.3-2.el4.i386.rpm
4/x86_64/globus-gridftp-server-control-devel-2.3-2.el4.i386.rpm
4/x86_64/globus-gridftp-server-devel-6.5-2.el4.i386.rpm
4/x86_64/globus-gridmap-callout-error-1.2-2.el4.i386.rpm
4/x86_64/globus-gridmap-callout-error-devel-1.2-2.el4.i386.rpm
4/x86_64/globus-gsi-callback-4.1-2.el4.i386.rpm
4/x86_64/globus-gsi-callback-devel-4.1-2.el4.i386.rpm
4/x86_64/globus-gsi-cert-utils-8.1-2.el4.i386.rpm
4/x86_64/globus-gsi-cert-utils-devel-8.1-2.el4.i386.rpm
4/x86_64/globus-gsi-credential-5.1-2.el4.i386.rpm
4/x86_64/globus-gsi-credential-devel-5.1-2.el4.i386.rpm
4/x86_64/globus-gsi-openssl-error-2.1-2.el4.i386.rpm
4/x86_64/globus-gsi-openssl-error-devel-2.1-2.el4.i386.rpm
4/x86_64/globus-gsi-proxy-core-6.1-2.el4.i386.rpm
4/x86_64/globus-gsi-proxy-core-devel-6.1-2.el4.i386.rpm
4/x86_64/globus-gsi-proxy-ssl-4.1-2.el4.i386.rpm
4/x86_64/globus-gsi-proxy-ssl-devel-4.1-2.el4.i386.rpm
4/x86_64/globus-gsi-sysconfig-5.1-2.el4.i386.rpm
4/x86_64/globus-gsi-sysconfig-devel-5.1-2.el4.i386.rpm
4/x86_64/globus-gss-assist-8.1-2.el4.i386.rpm
4/x86_64/globus-gss-assist-devel-8.1-2.el4.i386.rpm
4/x86_64/globus-gssapi-error-4.1-2.el4.i386.rpm
4/x86_64/globus-gssapi-error-devel-4.1-2.el4.i386.rpm
4/x86_64/globus-gssapi-gsi-10.2-2.el4.i386.rpm
4/x86_64/globus-gssapi-gsi-devel-10.2-2.el4.i386.rpm
4/x86_64/globus-io-9.2-2.el4.i386.rpm
4/x86_64/globus-io-devel-9.2-2.el4.i386.rpm
4/x86_64/globus-libtool-devel-1.2-4.el4.i386.rpm
4/x86_64/globus-libxml2-devel-1.8-1.el4.i386.rpm
4/x86_64/globus-mp-2.1-1.el4.i386.rpm
4/x86_64/globus-mp-devel-2.1-1.el4.i386.rpm
4/x86_64/globus-nexus-6.7-1.el4.i386.rpm
4/x86_64/globus-nexus-devel-6.7-1.el4.i386.rpm
4/x86_64/globus-openssl-devel-5.1-2.el4.i386.rpm
4/x86_64/globus-openssl-module-3.1-2.el4.i386.rpm
4/x86_64/globus-openssl-module-devel-3.1-2.el4.i386.rpm
4/x86_64/globus-rls-client-5.2-6.el4.i386.rpm
4/x86_64/globus-rls-client-devel-5.2-6.el4.i386.rpm
4/x86_64/globus-rsl-9.1-2.el4.i386.rpm
4/x86_64/globus-rsl-assist-2.2-3.el4.i386.rpm
4/x86_64/globus-rsl-assist-devel-2.2-3.el4.i386.rpm
4/x86_64/globus-rsl-devel-9.1-2.el4.i386.rpm
4/x86_64/globus-scheduler-event-generator-4.4-2.el4.i386.rpm
4/x86_64/globus-scheduler-event-generator-devel-4.4-2.el4.i386.rpm
4/x86_64/globus-simple-ca-3.0-2.el4.noarch.rpm
4/x86_64/globus-usage-3.1-2.el4.i386.rpm
4/x86_64/globus-usage-devel-3.1-2.el4.i386.rpm
4/x86_64/globus-xio-3.2-2.el4.i386.rpm
4/x86_64/globus-xio-devel-3.2-2.el4.i386.rpm
4/x86_64/globus-xio-gsi-driver-2.1-2.el4.i386.rpm
4/x86_64/globus-xio-gsi-driver-devel-2.1-2.el4.i386.rpm
4/x86_64/globus-xio-pipe-driver-2.1-2.el4.i386.rpm
4/x86_64/globus-xio-pipe-driver-devel-2.1-2.el4.i386.rpm
4/x86_64/globus-xio-popen-driver-2.2-2.el4.i386.rpm
4/x86_64/globus-xio-popen-driver-devel-2.2-2.el4.i386.rpm
4/x86_64/glue-schema-2.0.8-1.el4.noarch.rpm
4/x86_64/glue-schema-doc-2.0.8-1.el4.noarch.rpm
4/x86_64/glusterfs-devel-1.3.12-2.el4.i386.rpm
4/x86_64/glusterfs-libs-1.3.12-2.el4.i386.rpm
4/x86_64/gmime-2.2.1-2.el4.i386.rpm
4/x86_64/gmime-devel-2.2.1-2.el4.i386.rpm
4/x86_64/gnome-vfsmm26-2.8.0-1.el4.i386.rpm
4/x86_64/gnome-vfsmm26-devel-2.8.0-1.el4.i386.rpm
4/x86_64/gnucash-2.0.5-4.el4.i386.rpm
4/x86_64/gnucash-docs-2.0.1-2.el4.noarch.rpm
4/x86_64/google-perftools-1.5-1.el4.i386.rpm
4/x86_64/google-perftools-devel-1.5-1.el4.i386.rpm
4/x86_64/graphviz-devel-2.6-4.el4.i386.rpm
4/x86_64/greylistd-0.8.3.2-8.el4.noarch.rpm
4/x86_64/grid-packaging-tools-3.5-2.el4.noarch.rpm
4/x86_64/gridsite-devel-1.5.19-1.el4.i386.rpm
4/x86_64/gridsite-libs-1.5.19-1.el4.i386.rpm
4/x86_64/gromacs-debug-devel-4.0.7-1.el4.i386.rpm
4/x86_64/gromacs-debug-libs-4.0.7-1.el4.i386.rpm
4/x86_64/gromacs-debug-mpi-devel-4.0.7-1.el4.i386.rpm
4/x86_64/gromacs-debug-mpi-libs-4.0.7-1.el4.i386.rpm
4/x86_64/gromacs-devel-4.0.7-1.el4.i386.rpm
4/x86_64/gromacs-libs-4.0.7-1.el4.i386.rpm
4/x86_64/gromacs-mpi-devel-4.0.7-1.el4.i386.rpm
4/x86_64/gromacs-mpi-libs-4.0.7-1.el4.i386.rpm
4/x86_64/gsl-1.10-10.el4.i386.rpm
4/x86_64/gsl-devel-1.10-10.el4.i386.rpm
4/x86_64/gsm-1.0.12-4.el4.i386.rpm
4/x86_64/gsm-devel-1.0.12-4.el4.i386.rpm
4/x86_64/gsoap-2.7.13-4.el4.i386.rpm
4/x86_64/gsoap-devel-2.7.13-4.el4.i386.rpm
4/x86_64/gtkmm24-2.4.11-2.el4.i386.rpm
4/x86_64/gtkmm24-devel-2.4.11-2.el4.i386.rpm
4/x86_64/gwenhywfar-2.6.0-1.el4.i386.rpm
4/x86_64/gwenhywfar-devel-2.6.0-1.el4.i386.rpm
4/x86_64/halberd-0.2.3-1.el4.noarch.rpm
4/x86_64/hdf-devel-4.2.5-1.el4.i386.rpm
4/x86_64/hdf5-1.6.10-1.el4.i386.rpm
4/x86_64/hdf5-devel-1.6.10-1.el4.i386.rpm
4/x86_64/holland-1.0.6-3.el4.noarch.rpm
4/x86_64/holland-common-1.0.6-3.el4.noarch.rpm
4/x86_64/holland-mysqldump-1.0.6-3.el4.noarch.rpm
4/x86_64/holland-mysqllvm-1.0.6-3.el4.noarch.rpm
4/x86_64/holland-pgdump-1.0.6-3.el4.noarch.rpm
4/x86_64/holland-xtrabackup-1.0.6-3.el4.noarch.rpm
4/x86_64/id3lib-3.8.3-20.el4.i386.rpm
4/x86_64/id3lib-devel-3.8.3-20.el4.i386.rpm
4/x86_64/iec16022-devel-0.2.4-7.el4.i386.rpm
4/x86_64/iec16022-libs-0.2.4-7.el4.i386.rpm
4/x86_64/iksemel-1.2-13.el4.i386.rpm
4/x86_64/iksemel-devel-1.2-13.el4.i386.rpm
4/x86_64/imapsync-1.476-1.el4.noarch.rpm
4/x86_64/imlib2-1.2.1-5.el4.i386.rpm
4/x86_64/imlib2-devel-1.2.1-5.el4.i386.rpm
4/x86_64/innotop-1.6.0-1.el4.noarch.rpm
4/x86_64/international-time-0.0.2-4.el4.noarch.rpm
4/x86_64/itcl-devel-3.3-0.9.RC1.el4.i386.rpm
4/x86_64/itk-devel-3.3-0.7.RC1.el4.i386.rpm
4/x86_64/iverilog-devel-0.9.20070608-1.el4.i386.rpm
4/x86_64/iwidgets-4.0.1-5.el4.noarch.rpm
4/x86_64/jabberpy-0.5-0.17.el4.noarch.rpm
4/x86_64/jasper-devel-1.900.1-14.el4.i386.rpm
4/x86_64/jasper-libs-1.900.1-14.el4.i386.rpm
4/x86_64/kbanking-2.2.9-2.el4.i386.rpm
4/x86_64/kbanking-devel-2.2.9-2.el4.i386.rpm
4/x86_64/keychecker-0.1-3.el4.noarch.rpm
4/x86_64/khmeros-fonts-base-5.0-3.el4.noarch.rpm
4/x86_64/khmeros-fonts-battambang-5.0-3.el4.noarch.rpm
4/x86_64/khmeros-fonts-bokor-5.0-3.el4.noarch.rpm
4/x86_64/khmeros-fonts-handwritten-5.0-3.el4.noarch.rpm
4/x86_64/khmeros-fonts-metalchrieng-5.0-3.el4.noarch.rpm
4/x86_64/khmeros-fonts-muol-5.0-3.el4.noarch.rpm
4/x86_64/khmeros-fonts-siemreap-5.0-3.el4.noarch.rpm
4/x86_64/koan-1.6.6-1.el4.noarch.rpm
4/x86_64/koan-2.0.11-2.el4.noarch.rpm
4/x86_64/lcgdm-devel-1.8.2-1.el4.i386.rpm
4/x86_64/lcgdm-libs-1.8.2-1.el4.i386.rpm
4/x86_64/lcms-1.15-1.el4.i386.rpm
4/x86_64/lcms-devel-1.15-1.el4.i386.rpm
4/x86_64/lfc-devel-1.8.2-1.el4.i386.rpm
4/x86_64/lfc-libs-1.8.2-1.el4.i386.rpm
4/x86_64/libAfterImage-1.15-1.el4.i386.rpm
4/x86_64/libAfterImage-devel-1.15-1.el4.i386.rpm
4/x86_64/libFoundation-1.1.3-10.el4.i386.rpm
4/x86_64/libFoundation-devel-1.1.3-10.el4.i386.rpm
4/x86_64/libRmath-devel-2.14.1-1.el4.i386.rpm
4/x86_64/libburn-1.1.8-1.el4.i386.rpm
4/x86_64/libburn-devel-1.1.8-1.el4.i386.rpm
4/x86_64/libc-client2007-2007e-14.el4.i386.rpm
4/x86_64/libcdaudio-0.99.12p2-8.el4.i386.rpm
4/x86_64/libcdaudio-devel-0.99.12p2-8.el4.i386.rpm
4/x86_64/libcgi-1.0-5.el4.1.i386.rpm
4/x86_64/libcgi-devel-1.0-5.el4.1.i386.rpm
4/x86_64/libcue-1.3.0-2.el4.i386.rpm
4/x86_64/libcue-devel-1.3.0-2.el4.i386.rpm
4/x86_64/libdap-3.7.8-1.el4.1.i386.rpm
4/x86_64/libdap-devel-3.7.8-1.el4.1.i386.rpm
4/x86_64/libdnet-1.12-6.el4.i386.rpm
4/x86_64/libdnet-devel-1.12-6.el4.i386.rpm
4/x86_64/libdockapp-0.6.1-5.el4.i386.rpm
4/x86_64/libdockapp-devel-0.6.1-5.el4.i386.rpm
4/x86_64/libesmtp-1.0.4-5.el4.i386.rpm
4/x86_64/libesmtp-devel-1.0.4-5.el4.i386.rpm
4/x86_64/libetpan-0.52-2.el4.i386.rpm
4/x86_64/libetpan-devel-0.52-2.el4.i386.rpm
4/x86_64/libevent-1.1a-3.el4.i386.rpm
4/x86_64/libevent-devel-1.1a-3.el4.i386.rpm
4/x86_64/libextractor-0.5.22-2.el4.i386.rpm
4/x86_64/libextractor-devel-0.5.22-2.el4.i386.rpm
4/x86_64/libgeotiff-1.2.4-3.el4.i386.rpm
4/x86_64/libgeotiff-devel-1.2.4-3.el4.i386.rpm
4/x86_64/libglademm24-2.4.2-1.el4.i386.rpm
4/x86_64/libglademm24-devel-2.4.2-1.el4.i386.rpm
4/x86_64/libgnomecanvasmm26-2.8.0-1.el4.i386.rpm
4/x86_64/libgnomecanvasmm26-devel-2.8.0-1.el4.i386.rpm
4/x86_64/libgnomemm26-2.8.0-1.el4.i386.rpm
4/x86_64/libgnomemm26-devel-2.8.0-1.el4.i386.rpm
4/x86_64/libgnomeuimm26-2.8.0-1.el4.i386.rpm
4/x86_64/libgnomeuimm26-devel-2.8.0-1.el4.i386.rpm
4/x86_64/libgsasl-0.2.29-1.el4.i386.rpm
4/x86_64/libgsasl-devel-0.2.29-1.el4.i386.rpm
4/x86_64/libical-0.48-1.el4.i386.rpm
4/x86_64/libical-devel-0.48-1.el4.i386.rpm
4/x86_64/libicu-3.6-4.el4.20.i386.rpm
4/x86_64/libicu-devel-3.6-4.el4.20.i386.rpm
4/x86_64/libident-0.32-1.el4.i386.rpm
4/x86_64/libident-devel-0.32-1.el4.i386.rpm
4/x86_64/libidn2-0.8-1.el4.i386.rpm
4/x86_64/libidn2-devel-0.8-1.el4.i386.rpm
4/x86_64/libisoburn-1.1.8-1.el4.i386.rpm
4/x86_64/libisoburn-devel-1.1.8-1.el4.i386.rpm
4/x86_64/libisofs-1.1.6-1.el4.i386.rpm
4/x86_64/libisofs-devel-1.1.6-1.el4.i386.rpm
4/x86_64/liblzf-3.6-2.el4.i386.rpm
4/x86_64/liblzf-devel-3.6-2.el4.i386.rpm
4/x86_64/libmapi-6.40.14-1.el4.i386.rpm
4/x86_64/libmcrypt-2.5.7-5.el4.i386.rpm
4/x86_64/libmcrypt-devel-2.5.7-5.el4.i386.rpm
4/x86_64/libmp4v2-1.5.0.1-6.el4.i386.rpm
4/x86_64/libmp4v2-devel-1.5.0.1-6.el4.i386.rpm
4/x86_64/libmpcdec-1.2.6-1.el4.i386.rpm
4/x86_64/libmpcdec-devel-1.2.6-1.el4.i386.rpm
4/x86_64/libmspack-0.2-0.1.20100723alpha.el4.i386.rpm
4/x86_64/libmspack-devel-0.2-0.1.20100723alpha.el4.i386.rpm
4/x86_64/libnc-dap-3.7.0-9.el4.i386.rpm
4/x86_64/libnc-dap-devel-3.7.0-9.el4.i386.rpm
4/x86_64/libnet-1.1.5-1.el4.i386.rpm
4/x86_64/libnet-devel-1.1.5-1.el4.i386.rpm
4/x86_64/libnet10-1.0.2a-17.el4.i386.rpm
4/x86_64/libnet10-devel-1.0.2a-17.el4.i386.rpm
4/x86_64/libnetdevname-0.0.3-4.el4.i386.rpm
4/x86_64/libnetdevname-devel-0.0.3-4.el4.i386.rpm
4/x86_64/libnids-1.24-1.el4.i386.rpm
4/x86_64/libnids-devel-1.24-1.el4.i386.rpm
4/x86_64/libnss-mysql-1.5-6.el4.i386.rpm
4/x86_64/libntlm-1.0-1.el4.i386.rpm
4/x86_64/libntlm-devel-1.0-1.el4.i386.rpm
4/x86_64/libofx-0.8.3-4.el4.i386.rpm
4/x86_64/libofx-devel-0.8.3-4.el4.i386.rpm
4/x86_64/libopm-0.1-6.20050731cvs.el4.i386.rpm
4/x86_64/libopm-devel-0.1-6.20050731cvs.el4.i386.rpm
4/x86_64/libpaper-1.1.21-1.el4.1.i386.rpm
4/x86_64/libpaper-devel-1.1.21-1.el4.1.i386.rpm
4/x86_64/libpqxx-devel-2.6.8-7.el4.i386.rpm
4/x86_64/librsync-0.9.7-11.el4.i386.rpm
4/x86_64/librsync-devel-0.9.7-11.el4.i386.rpm
4/x86_64/librx-1.5-8.el4.i386.rpm
4/x86_64/librx-devel-1.5-8.el4.i386.rpm
4/x86_64/libsieve-2.2.7-1.el4.i386.rpm
4/x86_64/libsieve-devel-2.2.7-1.el4.i386.rpm
4/x86_64/libsigc++20-2.0.18-1.el4.i386.rpm
4/x86_64/libsigc++20-devel-2.0.18-1.el4.i386.rpm
4/x86_64/libsigsegv-2.4-6.el4.i386.rpm
4/x86_64/libsigsegv-devel-2.4-6.el4.i386.rpm
4/x86_64/libsmbios-2.2.26-3.el4.i386.rpm
4/x86_64/libsmbios-devel-2.2.26-3.el4.i386.rpm
4/x86_64/libssh2-0.18-10.el4.i386.rpm
4/x86_64/libssh2-devel-0.18-10.el4.i386.rpm
4/x86_64/libstatgrab-0.12-1.el4.i386.rpm
4/x86_64/libstatgrab-devel-0.12-1.el4.i386.rpm
4/x86_64/libsx-2.05-13.el4.1.i386.rpm
4/x86_64/libsx-devel-2.05-13.el4.1.i386.rpm
4/x86_64/libtar-1.2.11-11.el4.i386.rpm
4/x86_64/libtar-devel-1.2.11-11.el4.i386.rpm
4/x86_64/libtidy-0.99.0-2.20041214.i386.rpm
4/x86_64/libtidy-devel-0.99.0-2.20041214.i386.rpm
4/x86_64/libtidyp-1.02-5.el4.i386.rpm
4/x86_64/libtidyp-devel-1.02-5.el4.i386.rpm
4/x86_64/libtorque-2.5.7-7.el4.i386.rpm
4/x86_64/libtorque-devel-2.5.7-7.el4.i386.rpm
4/x86_64/libuninameslist-0.0-3.20060907.el4.i386.rpm
4/x86_64/libuninameslist-devel-0.0-3.20060907.el4.i386.rpm
4/x86_64/libupnp-1.6.6-1.el4.i386.rpm
4/x86_64/libupnp-devel-1.6.6-1.el4.i386.rpm
4/x86_64/libvmime07-0.7.1-4.el4.i386.rpm
4/x86_64/libvmime07-devel-0.7.1-4.el4.i386.rpm
4/x86_64/libvpd-1.5.0-1.el4.i386.rpm
4/x86_64/libvpd-devel-1.5.0-1.el4.i386.rpm
4/x86_64/libwsman-devel-2.2.0-8.el4.i386.rpm
4/x86_64/libwsman1-2.2.0-8.el4.i386.rpm
4/x86_64/libx86-1.1-9.el4.i386.rpm
4/x86_64/libx86-devel-1.1-9.el4.i386.rpm
4/x86_64/libyahoo2-1.0.1-1.el4.i386.rpm
4/x86_64/libyahoo2-devel-1.0.1-1.el4.i386.rpm
4/x86_64/libyaml-0.1.2-3.el4.i386.rpm
4/x86_64/libyaml-devel-0.1.2-3.el4.i386.rpm
4/x86_64/libyaz-2.1.54-1.el4.i386.rpm
4/x86_64/libyaz-devel-2.1.54-1.el4.i386.rpm
4/x86_64/log4c-1.2.1-7.el4.i386.rpm
4/x86_64/log4c-devel-1.2.1-7.el4.i386.rpm
4/x86_64/log4cpp-1.0-4.el4.i386.rpm
4/x86_64/log4cpp-devel-1.0-4.el4.i386.rpm
4/x86_64/lzo-1.08-2.el4.i386.rpm
4/x86_64/lzo-devel-1.08-2.el4.i386.rpm
4/x86_64/mathml-fonts-1.0-21.el4.noarch.rpm
4/x86_64/mb2md-3.20-4.el4.noarch.rpm
4/x86_64/mdsplib-0.11-9.el4.i386.rpm
4/x86_64/mdsplib-devel-0.11-9.el4.i386.rpm
4/x86_64/metagoofil-1.4a-5.el4.noarch.rpm
4/x86_64/mhash-0.9.2-2.el4.i386.rpm
4/x86_64/mhash-devel-0.9.2-2.el4.i386.rpm
4/x86_64/mock-1.0.1-1.el4.noarch.rpm
4/x86_64/moin-1.5.9-1.el4.noarch.rpm
4/x86_64/moodle-1.8.13-1.el4.noarch.rpm
4/x86_64/moodle-af-1.8.13-1.el4.noarch.rpm
4/x86_64/moodle-ar-1.8.13-1.el4.noarch.rpm
4/x86_64/moodle-ast-1.8.13-1.el4.noarch.rpm
4/x86_64/moodle-be-1.8.13-1.el4.noarch.rpm
4/x86_64/moodle-bg-1.8.13-1.el4.noarch.rpm
4/x86_64/moodle-bn-1.8.13-1.el4.noarch.rpm
4/x86_64/moodle-bs-1.8.13-1.el4.noarch.rpm
4/x86_64/moodle-ca-1.8.13-1.el4.noarch.rpm
4/x86_64/moodle-cs-1.8.13-1.el4.noarch.rpm
4/x86_64/moodle-cy-1.8.13-1.el4.noarch.rpm
4/x86_64/moodle-da-1.8.13-1.el4.noarch.rpm
4/x86_64/moodle-de-1.8.13-1.el4.noarch.rpm
4/x86_64/moodle-de_du-1.8.13-1.el4.noarch.rpm
4/x86_64/moodle-dv-1.8.13-1.el4.noarch.rpm
4/x86_64/moodle-el-1.8.13-1.el4.noarch.rpm
4/x86_64/moodle-es-1.8.13-1.el4.noarch.rpm
4/x86_64/moodle-et-1.8.13-1.el4.noarch.rpm
4/x86_64/moodle-eu-1.8.13-1.el4.noarch.rpm
4/x86_64/moodle-fa-1.8.13-1.el4.noarch.rpm
4/x86_64/moodle-fi-1.8.13-1.el4.noarch.rpm
4/x86_64/moodle-fil-1.8.13-1.el4.noarch.rpm
4/x86_64/moodle-fr-1.8.13-1.el4.noarch.rpm
4/x86_64/moodle-fr_ca-1.8.13-1.el4.noarch.rpm
4/x86_64/moodle-ga-1.8.13-1.el4.noarch.rpm
4/x86_64/moodle-gl-1.8.13-1.el4.noarch.rpm
4/x86_64/moodle-gu-1.8.13-1.el4.noarch.rpm
4/x86_64/moodle-he-1.8.13-1.el4.noarch.rpm
4/x86_64/moodle-hi-1.8.13-1.el4.noarch.rpm
4/x86_64/moodle-hr-1.8.13-1.el4.noarch.rpm
4/x86_64/moodle-hu-1.8.13-1.el4.noarch.rpm
4/x86_64/moodle-hy-1.8.13-1.el4.noarch.rpm
4/x86_64/moodle-id-1.8.13-1.el4.noarch.rpm
4/x86_64/moodle-is-1.8.13-1.el4.noarch.rpm
4/x86_64/moodle-it-1.8.13-1.el4.noarch.rpm
4/x86_64/moodle-ja-1.8.13-1.el4.noarch.rpm
4/x86_64/moodle-ka-1.8.13-1.el4.noarch.rpm
4/x86_64/moodle-kk-1.8.13-1.el4.noarch.rpm
4/x86_64/moodle-km-1.8.13-1.el4.noarch.rpm
4/x86_64/moodle-kn-1.8.13-1.el4.noarch.rpm
4/x86_64/moodle-ko-1.8.13-1.el4.noarch.rpm
4/x86_64/moodle-lo-1.8.13-1.el4.noarch.rpm
4/x86_64/moodle-lt-1.8.13-1.el4.noarch.rpm
4/x86_64/moodle-lv-1.8.13-1.el4.noarch.rpm
4/x86_64/moodle-mi_tn-1.8.13-1.el4.noarch.rpm
4/x86_64/moodle-mi_wwow-1.8.13-1.el4.noarch.rpm
4/x86_64/moodle-mk-1.8.13-1.el4.noarch.rpm
4/x86_64/moodle-ml-1.8.13-1.el4.noarch.rpm
4/x86_64/moodle-mn-1.8.13-1.el4.noarch.rpm
4/x86_64/moodle-mr-1.8.13-1.el4.noarch.rpm
4/x86_64/moodle-ms-1.8.13-1.el4.noarch.rpm
4/x86_64/moodle-nl-1.8.13-1.el4.noarch.rpm
4/x86_64/moodle-nn-1.8.13-1.el4.noarch.rpm
4/x86_64/moodle-no-1.8.13-1.el4.noarch.rpm
4/x86_64/moodle-no_gr-1.8.13-1.el4.noarch.rpm
4/x86_64/moodle-pl-1.8.13-1.el4.noarch.rpm
4/x86_64/moodle-pt-1.8.13-1.el4.noarch.rpm
4/x86_64/moodle-pt_br-1.8.13-1.el4.noarch.rpm
4/x86_64/moodle-ro-1.8.13-1.el4.noarch.rpm
4/x86_64/moodle-ru-1.8.13-1.el4.noarch.rpm
4/x86_64/moodle-si-1.8.13-1.el4.noarch.rpm
4/x86_64/moodle-sk-1.8.13-1.el4.noarch.rpm
4/x86_64/moodle-sl-1.8.13-1.el4.noarch.rpm
4/x86_64/moodle-sm-1.8.13-1.el4.noarch.rpm
4/x86_64/moodle-so-1.8.13-1.el4.noarch.rpm
4/x86_64/moodle-sq-1.8.13-1.el4.noarch.rpm
4/x86_64/moodle-sr_cr-1.8.13-1.el4.noarch.rpm
4/x86_64/moodle-sr_cr_bo-1.8.13-1.el4.noarch.rpm
4/x86_64/moodle-sr_lt-1.8.13-1.el4.noarch.rpm
4/x86_64/moodle-sv-1.8.13-1.el4.noarch.rpm
4/x86_64/moodle-ta-1.8.13-1.el4.noarch.rpm
4/x86_64/moodle-ta_lk-1.8.13-1.el4.noarch.rpm
4/x86_64/moodle-th-1.8.13-1.el4.noarch.rpm
4/x86_64/moodle-tl-1.8.13-1.el4.noarch.rpm
4/x86_64/moodle-to-1.8.13-1.el4.noarch.rpm
4/x86_64/moodle-tr-1.8.13-1.el4.noarch.rpm
4/x86_64/moodle-uk-1.8.13-1.el4.noarch.rpm
4/x86_64/moodle-ur-1.8.13-1.el4.noarch.rpm
4/x86_64/moodle-uz-1.8.13-1.el4.noarch.rpm
4/x86_64/moodle-vi-1.8.13-1.el4.noarch.rpm
4/x86_64/moodle-zh_cn-1.8.13-1.el4.noarch.rpm
4/x86_64/moodle-zh_tw-1.8.13-1.el4.noarch.rpm
4/x86_64/moodle-zu-1.8.13-1.el4.noarch.rpm
4/x86_64/mpich2-devel-1.2.1-3.el4.i386.rpm
4/x86_64/mpiwrappers-devel-1-4.el4.i386.rpm
4/x86_64/mpiwrappers-openmpi-devel-1-4.el4.i386.rpm
4/x86_64/mrepo-0.8.6-5.el4.noarch.rpm
4/x86_64/muParser-1.27-5.el4.i386.rpm
4/x86_64/muParser-devel-1.27-5.el4.i386.rpm
4/x86_64/munge-devel-0.5.8-8.el4.i386.rpm
4/x86_64/munge-libs-0.5.8-8.el4.i386.rpm
4/x86_64/munin-1.2.6-4.el4.noarch.rpm
4/x86_64/munin-node-1.2.6-4.el4.noarch.rpm
4/x86_64/mussh-0.7-1.el4.noarch.rpm
4/x86_64/myproxy-devel-5.5-1.el4.i386.rpm
4/x86_64/myproxy-libs-5.5-1.el4.i386.rpm
4/x86_64/mysql++-3.0.9-4.el4.i386.rpm
4/x86_64/mysql++-devel-3.0.9-4.el4.i386.rpm
4/x86_64/mysqlreport-3.5-2.el4.noarch.rpm
4/x86_64/mysqltuner-1.0.0-1.el4.noarch.rpm
4/x86_64/mytop-1.7-5.b737f60.el4.noarch.rpm
4/x86_64/nagios-devel-2.12-10.el4.i386.rpm
4/x86_64/nas-1.9.1-2.el4.i386.rpm
4/x86_64/nas-devel-1.9.1-2.el4.i386.rpm
4/x86_64/ncarg-devel-4.4.2-1.el4.i386.rpm
4/x86_64/net6-1.3.5-1.el4.i386.rpm
4/x86_64/net6-devel-1.3.5-1.el4.i386.rpm
4/x86_64/netcdf-devel-3.6.1-1.el4.i386.rpm
4/x86_64/nettle-1.15-5.el4.i386.rpm
4/x86_64/nettle-devel-1.15-5.el4.i386.rpm
4/x86_64/nikto-1.36-3.el4.noarch.rpm
4/x86_64/nocpulse-common-2.0.14-1.el4.noarch.rpm
4/x86_64/nopaste-2.1-2.el4.noarch.rpm
4/x86_64/ntfsprogs-1.13.1-5.el4.1.i386.rpm
4/x86_64/ntfsprogs-devel-1.13.1-5.el4.1.i386.rpm
4/x86_64/ntl-devel-5.4.2-1.el4.i386.rpm
4/x86_64/nut-client-2.2.2-1.el4.i386.rpm
4/x86_64/nut-devel-2.2.2-1.el4.i386.rpm
4/x86_64/obby-0.4.4-2.el4.i386.rpm
4/x86_64/obby-devel-0.4.4-2.el4.i386.rpm
4/x86_64/ocaml-findlib-devel-1.2.1-5.el4.i386.rpm
4/x86_64/ocaml-gsl-devel-0.6.0-4.el4.i386.rpm
4/x86_64/ocsinventory-1.3.3-5.el4.noarch.rpm
4/x86_64/ocsinventory-agent-1.1.2.1-1.el4.noarch.rpm
4/x86_64/ocsinventory-reports-1.3.3-5.el4.noarch.rpm
4/x86_64/ocsinventory-server-1.3.3-5.el4.noarch.rpm
4/x86_64/odfpy-0.9-1.el4.noarch.rpm
4/x86_64/ogdi-3.2.0-0.12.beta2.el4.i386.rpm
4/x86_64/ogdi-devel-3.2.0-0.12.beta2.el4.i386.rpm
4/x86_64/ooo2txt-0.0.6-3.el4.noarch.rpm
4/x86_64/openal-0.0.9-0.13.20060204cvs.el4.i386.rpm
4/x86_64/openal-devel-0.0.9-0.13.20060204cvs.el4.i386.rpm
4/x86_64/openhpi-devel-2.14.1-3.el4.1.i386.rpm
4/x86_64/openhpi-libs-2.14.1-3.el4.1.i386.rpm
4/x86_64/openwsman-client-2.2.0-8.el4.i386.rpm
4/x86_64/openwsman-server-2.2.0-8.el4.i386.rpm
4/x86_64/pam_mapi-0.1.0-1.el4.i386.rpm
4/x86_64/pam_mysql-0.7-0.4.rc1.el4.2.i386.rpm
4/x86_64/pam_ssh-1.97-7.el4.i386.rpm
4/x86_64/pastebin-0.60-4.el4.noarch.rpm
4/x86_64/pcp-libs-3.3.3-1.el4.i386.rpm
4/x86_64/pcp-libs-devel-3.3.3-1.el4.i386.rpm
4/x86_64/pdfmerge-1.0.4-1.el4.noarch.rpm
4/x86_64/pem-0.7.8-1.el4.noarch.rpm
4/x86_64/perl-Algorithm-Annotate-0.10-6.el4.noarch.rpm
4/x86_64/perl-Algorithm-CheckDigits-0.48-2.el4.noarch.rpm
4/x86_64/perl-Algorithm-Diff-1.1902-2.el4.noarch.rpm
4/x86_64/perl-AnyData-0.10-4.el4.noarch.rpm
4/x86_64/perl-Apache-DBI-1.09-1.el4.noarch.rpm
4/x86_64/perl-Apache-Htpasswd-1.8-2.el4.noarch.rpm
4/x86_64/perl-Apache-LogRegex-1.4-1.el4.noarch.rpm
4/x86_64/perl-Archive-Zip-1.16-0.1.2.1.el4.noarch.rpm
4/x86_64/perl-Array-Compare-1.16-1.el4.noarch.rpm
4/x86_64/perl-Authen-DigestMD5-0.04-10.el4.noarch.rpm
4/x86_64/perl-Authen-SASL-2.10-1.el4.1.noarch.rpm
4/x86_64/perl-Boulder-1.30-3.el4.noarch.rpm
4/x86_64/perl-Business-CreditCard-0.30-1.el4.noarch.rpm
4/x86_64/perl-CGI-Session-4.35-1.el4.noarch.rpm
4/x86_64/perl-CGI-Simple-0.077-7.el4.noarch.rpm
4/x86_64/perl-CGI-Untaint-1.26-3.el4.noarch.rpm
4/x86_64/perl-CGI-Untaint-date-1.00-3.el4.noarch.rpm
4/x86_64/perl-CPAN-DistnameInfo-0.06-1.el4.noarch.rpm
4/x86_64/perl-CPAN-Meta-YAML-0.003-3.el4.noarch.rpm
4/x86_64/perl-Cache-2.04-2.el4.3.noarch.rpm
4/x86_64/perl-Cache-Cache-1.05-1.el4.1.noarch.rpm
4/x86_64/perl-Cache-Memcached-1.26-3.el4.noarch.rpm
4/x86_64/perl-Class-Accessor-0.31-1.el4.noarch.rpm
4/x86_64/perl-Class-Accessor-Chained-0.01-5.el4.noarch.rpm
4/x86_64/perl-Class-Data-Inheritable-0.06-2.el4.noarch.rpm
4/x86_64/perl-Class-ErrorHandler-0.01-4.el4.noarch.rpm
4/x86_64/perl-Class-Inner-0.1-4.el4.noarch.rpm
4/x86_64/perl-Class-Inspector-1.17-1.el4.noarch.rpm
4/x86_64/perl-Class-Load-0.06-3.el4.noarch.rpm
4/x86_64/perl-Class-Loader-2.03-5.el4.noarch.rpm
4/x86_64/perl-Class-Singleton-1.03-3.el4.noarch.rpm
4/x86_64/perl-Class-Trigger-0.12-1.el4.noarch.rpm
4/x86_64/perl-Class-Whitehole-0.04-4.el4.noarch.rpm
4/x86_64/perl-Config-IniFiles-2.39-6.el4.noarch.rpm
4/x86_64/perl-Config-IniHash-3.00.00-5.el4.noarch.rpm
4/x86_64/perl-Convert-ASCII-Armour-1.4-5.el4.noarch.rpm
4/x86_64/perl-Convert-BinHex-1.119-5.el4.noarch.rpm
4/x86_64/perl-Convert-PEM-0.07-5.el4.noarch.rpm
4/x86_64/perl-Convert-TNEF-0.17-7.el4.noarch.rpm
4/x86_64/perl-Crypt-CAST5_PP-1.04-2.el4.noarch.rpm
4/x86_64/perl-Crypt-CBC-2.17-1.el4.noarch.rpm
4/x86_64/perl-Crypt-DES_EDE3-0.01-5.el4.noarch.rpm
4/x86_64/perl-Crypt-DH-0.06-9.el4.noarch.rpm
4/x86_64/perl-Crypt-DSA-0.14-7.el4.noarch.rpm
4/x86_64/perl-Crypt-GPG-1.63-3.el4.noarch.rpm
4/x86_64/perl-Crypt-GeneratePassword-0.03-14.el4.noarch.rpm
4/x86_64/perl-Crypt-PasswdMD5-1.3-2.el4.noarch.rpm
4/x86_64/perl-Crypt-Primes-0.50-4.el4.noarch.rpm
4/x86_64/perl-Crypt-RSA-1.98-3.el4.noarch.rpm
4/x86_64/perl-Crypt-Random-1.25-4.el4.noarch.rpm
4/x86_64/perl-Crypt-SmbHash-0.12-6.el4.noarch.rpm
4/x86_64/perl-DBIx-ContextualFetch-1.03-3.el4.noarch.rpm
4/x86_64/perl-Danga-Socket-1.57-2.el4.1.noarch.rpm
4/x86_64/perl-Data-Buffer-0.04-5.el4.noarch.rpm
4/x86_64/perl-Data-Dump-1.08-3.el4.noarch.rpm
4/x86_64/perl-Data-Hierarchy-0.34-4.el4.noarch.rpm
4/x86_64/perl-Data-OptList-0.101-2.el4.noarch.rpm
4/x86_64/perl-Data-Section-Simple-0.02-2.el4.noarch.rpm
4/x86_64/perl-Date-ICal-1.72-1.el4.noarch.rpm
4/x86_64/perl-Date-Leapyear-1.72-1.el4.noarch.rpm
4/x86_64/perl-Date-Pcalc-1.2-4.el4.noarch.rpm
4/x86_64/perl-DateTime-Event-ICal-0.10-2.el4.noarch.rpm
4/x86_64/perl-DateTime-Event-Recurrence-0.16-10.el4.noarch.rpm
4/x86_64/perl-DateTime-Format-Excel-0.31-1.el4.noarch.rpm
4/x86_64/perl-DateTime-Format-ICal-0.09-5.el4.noarch.rpm
4/x86_64/perl-DateTime-Precise-1.05-3.el4.noarch.rpm
4/x86_64/perl-DateTime-Set-0.28-2.el4.noarch.rpm
4/x86_64/perl-Devel-Cycle-1.07-1.el4.noarch.rpm
4/x86_64/perl-Devel-StackTrace-1.22-1.el4.noarch.rpm
4/x86_64/perl-Devel-Symdump-2.07-3.el4.1.noarch.rpm
4/x86_64/perl-Digest-BubbleBabble-0.02-1.el4.noarch.rpm
4/x86_64/perl-Digest-Perl-MD5-1.8-2.el4.noarch.rpm
4/x86_64/perl-Directory-Queue-1.2-1.el4.noarch.rpm
4/x86_64/perl-Dist-CheckConflicts-0.02-2.el4.noarch.rpm
4/x86_64/perl-Email-Date-Format-1.002-4.el4.1.noarch.rpm
4/x86_64/perl-Email-Valid-0.179-2.el4.noarch.rpm
4/x86_64/perl-Exception-Class-1.23-2.el4.noarch.rpm
4/x86_64/perl-Exporter-Lite-0.02-2.el4.noarch.rpm
4/x86_64/perl-ExtUtils-CBuilder-0.18-1.el4.noarch.rpm
4/x86_64/perl-ExtUtils-F77-1.16-2.el4.noarch.rpm
4/x86_64/perl-ExtUtils-ParseXS-2.18-1.el4.noarch.rpm
4/x86_64/perl-ExtUtils-PkgConfig-1.08-1.el4.noarch.rpm
4/x86_64/perl-File-BaseDir-0.03-1.el4.noarch.rpm
4/x86_64/perl-File-Copy-Recursive-0.35-1.el4.noarch.rpm
4/x86_64/perl-File-DesktopEntry-0.04-5.el4.noarch.rpm
4/x86_64/perl-File-Find-Rule-0.30-3.el4.noarch.rpm
4/x86_64/perl-File-MMagic-1.27-2.el4.noarch.rpm
4/x86_64/perl-File-MimeInfo-0.14-1.el4.noarch.rpm
4/x86_64/perl-File-NFSLock-1.20-2.el4.1.noarch.rpm
4/x86_64/perl-File-Next-1.02-1.el4.noarch.rpm
4/x86_64/perl-File-Pid-1.01-3.el4.noarch.rpm
4/x86_64/perl-File-ReadBackwards-1.04-2.el4.noarch.rpm
4/x86_64/perl-File-Remove-0.38-1.el4.noarch.rpm
4/x86_64/perl-File-Tail-0.99.3-5.el4.1.noarch.rpm
4/x86_64/perl-File-Type-0.22-3.el4.noarch.rpm
4/x86_64/perl-File-Which-0.05-4.el4.noarch.rpm
4/x86_64/perl-File-chdir-0.09-2.el4.noarch.rpm
4/x86_64/perl-FileHandle-Unget-0.1623-5.el4.noarch.rpm
4/x86_64/perl-Finance-Quote-1.13-1.el4.noarch.rpm
4/x86_64/perl-FreezeThaw-0.43-5.el4.noarch.rpm
4/x86_64/perl-Frontier-RPC-0.07b4-5.el4.noarch.rpm
4/x86_64/perl-GDGraph-1.44-1.el4.noarch.rpm
4/x86_64/perl-GDGraph3d-0.63-6.el4.noarch.rpm
4/x86_64/perl-GDTextUtil-0.86-8.el4.noarch.rpm
4/x86_64/perl-Geography-Countries-1.4-1.el4.noarch.rpm
4/x86_64/perl-HTML-PrettyPrinter-0.03-3.el4.noarch.rpm
4/x86_64/perl-HTML-RewriteAttributes-0.03-4.el4.noarch.rpm
4/x86_64/perl-HTML-Scrubber-0.08-4.el4.2.noarch.rpm
4/x86_64/perl-HTML-Table-2.05-1.el4.noarch.rpm
4/x86_64/perl-HTML-TableExtract-2.10-2.el4.noarch.rpm
4/x86_64/perl-HTML-Template-2.9-1.el4.2.noarch.rpm
4/x86_64/perl-HTML-Tree-3.23-9.el4.noarch.rpm
4/x86_64/perl-HTTP-BrowserDetect-0.98-3.el4.noarch.rpm
4/x86_64/perl-HTTP-Daemon-SSL-1.04-2.el4.noarch.rpm
4/x86_64/perl-Hash-Case-1.006-4.el4.noarch.rpm
4/x86_64/perl-Hash-Merge-0.11-2.el4.noarch.rpm
4/x86_64/perl-Hash-WithDefaults-0.04-7.el4.noarch.rpm
4/x86_64/perl-Heap-0.80-1.el4.noarch.rpm
4/x86_64/perl-IO-Capture-0.05-3.el4.noarch.rpm
4/x86_64/perl-IO-Digest-0.10-6.el4.noarch.rpm
4/x86_64/perl-IO-Socket-SSL-1.01-1.el4.noarch.rpm
4/x86_64/perl-IO-String-1.08-0.3.el4.noarch.rpm
4/x86_64/perl-IO-Zlib-1.04-3.el4.noarch.rpm
4/x86_64/perl-IO-stringy-2.110-5.el4.noarch.rpm
4/x86_64/perl-IPC-DirQueue-1.0-2.el4.noarch.rpm
4/x86_64/perl-IPC-Run-0.80-3.el4.noarch.rpm
4/x86_64/perl-IPC-SharedCache-1.3-8.el4.noarch.rpm
4/x86_64/perl-Image-ExifTool-6.94-1.el4.noarch.rpm
4/x86_64/perl-Inline-0.44-18.el4.noarch.rpm
4/x86_64/perl-Inline-Files-0.62-2.el4.noarch.rpm
4/x86_64/perl-JSON-2.17-1.el4.noarch.rpm
4/x86_64/perl-Jcode-2.06-6.el4.noarch.rpm
4/x86_64/perl-LWP-Authen-Wsse-0.05-2.el4.1.noarch.rpm
4/x86_64/perl-Lingua-EN-Inflect-1.89-3.el4.noarch.rpm
4/x86_64/perl-Lingua-EN-Inflect-Number-1.1-4.el4.noarch.rpm
4/x86_64/perl-Locale-Maketext-Fuzzy-0.10-1.el4.noarch.rpm
4/x86_64/perl-Locale-Maketext-Gettext-1.27-2.el4.noarch.rpm
4/x86_64/perl-LockFile-Simple-0.2.5-1.el4.noarch.rpm
4/x86_64/perl-Log-Dispatch-2.20-1.el4.noarch.rpm
4/x86_64/perl-Log-Dispatch-FileRotate-1.19-1.el4.noarch.rpm
4/x86_64/perl-Log-Trivial-0.31-1.el4.noarch.rpm
4/x86_64/perl-MD5-2.03-2.el4.noarch.rpm
4/x86_64/perl-MIME-Lite-3.01-5.el4.noarch.rpm
4/x86_64/perl-MIME-tools-5.420-3.el4.noarch.rpm
4/x86_64/perl-MLDBM-2.01-5.el4.1.noarch.rpm
4/x86_64/perl-Mail-IMAPClient-3.30-1.el4.noarch.rpm
4/x86_64/perl-Mail-Mbox-MessageParser-1.5002-6.el4.noarch.rpm
4/x86_64/perl-Mail-SPF-Query-1.999.1-3.el4.noarch.rpm
4/x86_64/perl-Mail-Sender-0.8.13-2.el4.1.noarch.rpm
4/x86_64/perl-Mail-Sendmail-0.79-9.el4.1.noarch.rpm
4/x86_64/perl-MailTools-1.77-1.el4.noarch.rpm
4/x86_64/perl-Math-Base85-0.2-2.el4.noarch.rpm
4/x86_64/perl-Math-BaseCnv-1.4.75O6Pbr-2.el4.noarch.rpm
4/x86_64/perl-Math-MatrixReal-2.03-1.el4.noarch.rpm
4/x86_64/perl-Mixin-Linewise-0.002-2.el4.noarch.rpm
4/x86_64/perl-Module-Build-0.2807-2.el4.noarch.rpm
4/x86_64/perl-Module-CoreList-2.11-2.el4.noarch.rpm
4/x86_64/perl-Module-Depends-0.13-2.el4.noarch.rpm
4/x86_64/perl-Module-Extract-VERSION-1.01-3.el4.noarch.rpm
4/x86_64/perl-Module-Install-0.67-2.el4.noarch.rpm
4/x86_64/perl-Module-Manifest-1.08-5.el4.noarch.rpm
4/x86_64/perl-Module-Pluggable-3.60-3.el4.noarch.rpm
4/x86_64/perl-Module-ScanDeps-0.75-1.el4.noarch.rpm
4/x86_64/perl-Module-Signature-0.68-1.el4.noarch.rpm
4/x86_64/perl-MogileFS-Client-1.07-2.el4.1.noarch.rpm
4/x86_64/perl-NOCpulse-CLAC-1.9.8-1.el4.noarch.rpm
4/x86_64/perl-NOCpulse-Debug-1.23.15-1.el4.noarch.rpm
4/x86_64/perl-NOCpulse-Gritch-1.27.4-1.el4.noarch.rpm
4/x86_64/perl-NOCpulse-Object-1.26.10-1.el4.noarch.rpm
4/x86_64/perl-NOCpulse-SetID-1.6.9-1.el4.noarch.rpm
4/x86_64/perl-NOCpulse-Utils-1.14.11-1.el4.noarch.rpm
4/x86_64/perl-NTLM-1.09-1.el4.noarch.rpm
4/x86_64/perl-Net-CIDR-Lite-0.20-2.1.el4.noarch.rpm
4/x86_64/perl-Net-Daemon-0.44-7.el4.noarch.rpm
4/x86_64/perl-Net-Domain-TLD-1.65-1.el4.noarch.rpm
4/x86_64/perl-Net-IP-1.25-1.el4.noarch.rpm
4/x86_64/perl-Net-IPv4Addr-0.10-3.el4.noarch.rpm
4/x86_64/perl-Net-IPv6Addr-0.2-3.el4.noarch.rpm
4/x86_64/perl-Net-SFTP-0.10-1.el4.noarch.rpm
4/x86_64/perl-Net-SNMP-5.2.0-1.el4.1.noarch.rpm
4/x86_64/perl-Net-SSH-Perl-1.34-1.el4.noarch.rpm
4/x86_64/perl-Net-STOMP-Client-0.9.2-1.el4.noarch.rpm
4/x86_64/perl-Net-Server-0.96-2.el4.noarch.rpm
4/x86_64/perl-Net-Telnet-3.03-7.el4.noarch.rpm
4/x86_64/perl-Nmap-Parser-1.19-4.el4.1.noarch.rpm
4/x86_64/perl-Number-Compare-0.01-8.el4.noarch.rpm
4/x86_64/perl-OLE-Storage_Lite-0.14-9.el4.noarch.rpm
4/x86_64/perl-Object-Realize-Later-0.16-1.el4.noarch.rpm
4/x86_64/perl-PAR-Dist-0.25-2.el4.noarch.rpm
4/x86_64/perl-POE-1.269-4.el4.noarch.rpm
4/x86_64/perl-Package-DeprecationManager-0.10-3.el4.noarch.rpm
4/x86_64/perl-Package-Generator-0.100-2.el4.noarch.rpm
4/x86_64/perl-Package-Stash-0.05-1.el4.noarch.rpm
4/x86_64/perl-Params-Util-0.25-1.el4.noarch.rpm
4/x86_64/perl-Parse-CPAN-Meta-1.40-1.el4.noarch.rpm
4/x86_64/perl-Parse-RecDescent-1.94-7.el4.noarch.rpm
4/x86_64/perl-ParseLex-2.15-12.el4.noarch.rpm
4/x86_64/perl-Path-Class-0.16-3.el4.noarch.rpm
4/x86_64/perl-Perl-OSType-1.002-3.el4.noarch.rpm
4/x86_64/perl-PerlIO-via-dynamic-0.12-4.el4.noarch.rpm
4/x86_64/perl-PerlIO-via-symlink-0.05-5.el4.noarch.rpm
4/x86_64/perl-Pod-Coverage-0.18-2.el4.noarch.rpm
4/x86_64/perl-Pod-Coverage-TrustPod-0.092830-4.el4.noarch.rpm
4/x86_64/perl-Pod-Escapes-1.04-5.el4.noarch.rpm
4/x86_64/perl-Pod-Eventual-0.093330-1.el4.noarch.rpm
4/x86_64/perl-Pod-POM-0.17-6.el4.noarch.rpm
4/x86_64/perl-Pod-Simple-3.04-3.el4.noarch.rpm
4/x86_64/perl-Pod-Spell-1.01-2.el4.noarch.rpm
4/x86_64/perl-Pod-Wordlist-hanekomu-1.110090-3.el4.noarch.rpm
4/x86_64/perl-Proc-Daemon-0.03-1.el4.1.noarch.rpm
4/x86_64/perl-Proc-PID-File-1.27-1.el4.noarch.rpm
4/x86_64/perl-Readonly-1.03-4.el4.noarch.rpm
4/x86_64/perl-SOAP-Lite-0.68-5.el4.noarch.rpm
4/x86_64/perl-SQL-Abstract-1.22-2.el4.noarch.rpm
4/x86_64/perl-SVN-Simple-0.27-6.el4.noarch.rpm
4/x86_64/perl-Satcon-1.10-1.el4.noarch.rpm
4/x86_64/perl-Schedule-Cron-Events-1.8-15.el4.noarch.rpm
4/x86_64/perl-Set-Crontab-1.02-1.el4.noarch.rpm
4/x86_64/perl-Set-Infinite-0.63-5.el4.noarch.rpm
4/x86_64/perl-Sort-Versions-1.5-7.el4.1.noarch.rpm
4/x86_64/perl-Spiffy-0.30-6.el4.noarch.rpm
4/x86_64/perl-Spreadsheet-WriteExcel-2.18-1.el4.noarch.rpm
4/x86_64/perl-Statistics-Descriptive-2.6-2.el4.1.noarch.rpm
4/x86_64/perl-String-ShellQuote-1.03-4.el4.noarch.rpm
4/x86_64/perl-Sub-Exporter-0.975-1.el4.noarch.rpm
4/x86_64/perl-Sub-Identify-0.02-2.el4.noarch.rpm
4/x86_64/perl-Sub-Install-0.925-1.el4.noarch.rpm
4/x86_64/perl-Sub-Uplevel-0.18-2.el4.noarch.rpm
4/x86_64/perl-Sys-Syscall-0.22-2.el4.noarch.rpm
4/x86_64/perl-Term-Shell-0.02-2.el4.noarch.rpm
4/x86_64/perl-Test-Builder-Tester-1.01-1.el4.3.noarch.rpm
4/x86_64/perl-Test-CPAN-Meta-0.17-1.el4.noarch.rpm
4/x86_64/perl-Test-CPAN-Meta-JSON-0.10-2.el4.noarch.rpm
4/x86_64/perl-Test-CPAN-Meta-YAML-0.17-2.el4.noarch.rpm
4/x86_64/perl-Test-CheckChanges-0.14-2.el4.noarch.rpm
4/x86_64/perl-Test-Cmd-1.05-2.el4.noarch.rpm
4/x86_64/perl-Test-Deep-0.096-1.el4.noarch.rpm
4/x86_64/perl-Test-DistManifest-1.011-4.el4.noarch.rpm
4/x86_64/perl-Test-EOL-0.9-2.el4.noarch.rpm
4/x86_64/perl-Test-Exception-0.26-2.el4.noarch.rpm
4/x86_64/perl-Test-Fatal-0.003-1.el4.noarch.rpm
4/x86_64/perl-Test-HasVersion-0.012-3.el4.noarch.rpm
4/x86_64/perl-Test-Manifest-1.22-1.el4.noarch.rpm
4/x86_64/perl-Test-Memory-Cycle-1.04-1.el4.noarch.rpm
4/x86_64/perl-Test-MockModule-0.05-5.el4.noarch.rpm
4/x86_64/perl-Test-Mojibake-0.3-3.el4.noarch.rpm
4/x86_64/perl-Test-NoTabs-1.0-3.el4.noarch.rpm
4/x86_64/perl-Test-NoWarnings-0.083-1.el4.noarch.rpm
4/x86_64/perl-Test-Output-0.10-2.el4.noarch.rpm
4/x86_64/perl-Test-Pod-1.20-3.el4.noarch.rpm
4/x86_64/perl-Test-Pod-Coverage-1.08-1.el4.noarch.rpm
4/x86_64/perl-Test-Portability-Files-0.05-3.el4.noarch.rpm
4/x86_64/perl-Test-Spelling-0.11-1.el4.noarch.rpm
4/x86_64/perl-Test-Tester-0.104-1.el4.noarch.rpm
4/x86_64/perl-Test-Unit-0.25-3.el4.noarch.rpm
4/x86_64/perl-Test-Warn-0.11-2.el4.noarch.rpm
4/x86_64/perl-Test-YAML-Valid-0.04-5.el4.noarch.rpm
4/x86_64/perl-Text-Diff-0.35-3.el4.noarch.rpm
4/x86_64/perl-Text-Format-0.52-1.el4.noarch.rpm
4/x86_64/perl-Text-Glob-0.08-2.el4.noarch.rpm
4/x86_64/perl-Text-SpellChecker-0.03-1.el4.noarch.rpm
4/x86_64/perl-Text-Template-1.44-4.el4.noarch.rpm
4/x86_64/perl-Text-Unidecode-0.04-4.el4.1.noarch.rpm
4/x86_64/perl-Text-WrapI18N-0.06-2.el4.noarch.rpm
4/x86_64/perl-Text-vFile-asData-0.05-3.el4.noarch.rpm
4/x86_64/perl-Text-vFile-asData-utils-0.05-3.el4.noarch.rpm
4/x86_64/perl-Tie-DBI-1.02-3.el4.1.noarch.rpm
4/x86_64/perl-Tie-EncryptedHash-1.24-1.el4.noarch.rpm
4/x86_64/perl-Tie-IxHash-1.21-6.el4.1.noarch.rpm
4/x86_64/perl-Time-Duration-1.06-4.el4.noarch.rpm
4/x86_64/perl-TimeDate-1.16-6.el4.noarch.rpm
4/x86_64/perl-Tree-DAG_Node-1.06-5.el4.noarch.rpm
4/x86_64/perl-Try-Tiny-0.07-1.el4.noarch.rpm
4/x86_64/perl-UNIVERSAL-exports-0.05-3.el4.noarch.rpm
4/x86_64/perl-UNIVERSAL-isa-0.06-4.el4.noarch.rpm
4/x86_64/perl-UNIVERSAL-moniker-0.08-5.el4.noarch.rpm
4/x86_64/perl-UNIVERSAL-require-0.11-1.el4.noarch.rpm
4/x86_64/perl-Unicode-MapUTF8-1.11-7.el4.noarch.rpm
4/x86_64/perl-User-1.8-2.el4.noarch.rpm
4/x86_64/perl-User-Identity-0.91-1.el4.noarch.rpm
4/x86_64/perl-XML-Entities-0.03-1.el4.noarch.rpm
4/x86_64/perl-XML-Filter-BufferText-1.01-4.el4.noarch.rpm
4/x86_64/perl-XML-Generator-DBI-1.00-4.el4.noarch.rpm
4/x86_64/perl-XML-Handler-YAWriter-0.23-4.el4.noarch.rpm
4/x86_64/perl-XML-Merge-1.2.565EgGd-2.el4.noarch.rpm
4/x86_64/perl-XML-SAX-Writer-0.50-4.el4.noarch.rpm
4/x86_64/perl-XML-Simple-2.14-4.el4.noarch.rpm
4/x86_64/perl-XML-Simple-DTDReader-0.04-3.el4.noarch.rpm
4/x86_64/perl-XML-Tidy-1.2.54HJnFa-3.el4.noarch.rpm
4/x86_64/perl-XML-TreeBuilder-3.09-9.el4.noarch.rpm
4/x86_64/perl-XML-Writer-0.604-1.el4.noarch.rpm
4/x86_64/perl-XML-XPath-1.13-3.el4.noarch.rpm
4/x86_64/perl-YAML-0.66-2.el4.noarch.rpm
4/x86_64/perl-YAML-Tiny-1.04-2.el4.noarch.rpm
4/x86_64/perl-libwhisker2-2.4-3.el4.noarch.rpm
4/x86_64/perl-pmtools-1.01-2.el4.noarch.rpm
4/x86_64/pfqueue-0.5.6-4.el4.i386.rpm
4/x86_64/pgfouine-1.1-1.el4.noarch.rpm
4/x86_64/php-adodb-4.95-1.a.el4.noarch.rpm
4/x86_64/php-php-gettext-1.0.11-4.el4.noarch.rpm
4/x86_64/php-spyc-0.2.5-1.el4.noarch.rpm
4/x86_64/phpMyAdmin-2.11.11.3-2.el4.noarch.rpm
4/x86_64/phpPgAdmin-5.0.3-1.el4.noarch.rpm
4/x86_64/phpldapadmin-0.9.8.5-1.el4.noarch.rpm
4/x86_64/physfs-1.0.1-4.el4.i386.rpm
4/x86_64/physfs-devel-1.0.1-4.el4.i386.rpm
4/x86_64/pisg-0.72-3.el4.noarch.rpm
4/x86_64/plotutils-2.5-5.el4.i386.rpm
4/x86_64/plotutils-devel-2.5-5.el4.i386.rpm
4/x86_64/plpa-devel-1.3.2-4.el4.i386.rpm
4/x86_64/plpa-libs-1.3.2-4.el4.i386.rpm
4/x86_64/postgresql-pgpool-II-2.3.1-1.el4.i386.rpm
4/x86_64/postgresql-pgpool-II-devel-2.3.1-1.el4.i386.rpm
4/x86_64/postgresql_autodoc-1.40-2.el4.noarch.rpm
4/x86_64/poweradmin-2.1.2-2.el4.1.noarch.rpm
4/x86_64/proj-4.4.8-7.i386.rpm
4/x86_64/proj-devel-4.4.8-7.i386.rpm
4/x86_64/pstoedit-3.45-3.el4.i386.rpm
4/x86_64/pstoedit-devel-3.45-3.el4.i386.rpm
4/x86_64/pth-2.0.7-2.el4.i386.rpm
4/x86_64/pth-devel-2.0.7-2.el4.i386.rpm
4/x86_64/publican-0.33-0.el4.noarch.rpm
4/x86_64/publican-doc-0.33-0.el4.noarch.rpm
4/x86_64/publican-fedora-0.19-3.el4.noarch.rpm
4/x86_64/pychart-1.39-3.el4.noarch.rpm
4/x86_64/pychart-doc-1.39-3.el4.noarch.rpm
4/x86_64/pydot-0.9.10-3.el4.noarch.rpm
4/x86_64/pyflakes-0.2.1-3.el4.noarch.rpm
4/x86_64/pyke-0.2-2.el4.1.noarch.rpm
4/x86_64/pyparsing-1.4.11-1.el4.noarch.rpm
4/x86_64/python-GnuPGInterface-0.3.2-2.el4.noarch.rpm
4/x86_64/python-IPy-0.70-1.el4.noarch.rpm
4/x86_64/python-ZSI-2.0-6.el4.noarch.rpm
4/x86_64/python-application-1.1.5-1.el4.noarch.rpm
4/x86_64/python-boto-1.0a-1.el4.1.noarch.rpm
4/x86_64/python-cherrypy-2.2.1-10.el4.noarch.rpm
4/x86_64/python-configobj-4.4.0-2.el4.noarch.rpm
4/x86_64/python-coverage-2.85-2.el4.noarch.rpm
4/x86_64/python-dateutil-1.1-6.el4.noarch.rpm
4/x86_64/python-decoratortools-1.7-1.el4.noarch.rpm
4/x86_64/python-dictclient-1.0.1-1.el4.noarch.rpm
4/x86_64/python-dns-1.6.0-3.el4.noarch.rpm
4/x86_64/python-docutils-0.4-4.el4.noarch.rpm
4/x86_64/python-dtopt-0.1-2.el4.noarch.rpm
4/x86_64/python-feedparser-4.1-5.el4.noarch.rpm
4/x86_64/python-formencode-0.7.1-2.el4.noarch.rpm
4/x86_64/python-genshi-0.4.4-2.el4.noarch.rpm
4/x86_64/python-html2text-2.26-2.el4.noarch.rpm
4/x86_64/python-imaging-devel-1.1.4-1.i386.rpm
4/x86_64/python-json-3.4-3.el4.noarch.rpm
4/x86_64/python-kid-0.9.6-6.el4.noarch.rpm
4/x86_64/python-kitchen-1.1.1-1.el4.noarch.rpm
4/x86_64/python-ldaphelper-1.0.1-1.el4.noarch.rpm
4/x86_64/python-libgmail-0.1.8-4.el4.noarch.rpm
4/x86_64/python-libgmail-docs-0.3-10.el4.noarch.rpm
4/x86_64/python-louie-1.1-4.el4.noarch.rpm
4/x86_64/python-metar-1.3.0-2.el4.noarch.rpm
4/x86_64/python-netaddr-0.5.2-1.el4.noarch.rpm
4/x86_64/python-nose-0.10.3-1.el4.noarch.rpm
4/x86_64/python-openid-2.1.1-3.el4.noarch.rpm
4/x86_64/python-paste-1.7.1-1.el4.noarch.rpm
4/x86_64/python-paste-deploy-1.3.2-1.el4.noarch.rpm
4/x86_64/python-paste-script-1.6.3-3.el4.noarch.rpm
4/x86_64/python-peak-rules-0.5a1.dev-0.2569.el4.noarch.rpm
4/x86_64/python-peak-util-addons-0.6-1.el4.noarch.rpm
4/x86_64/python-peak-util-assembler-0.5-2.el4.noarch.rpm
4/x86_64/python-peak-util-extremes-1.1-1.el4.noarch.rpm
4/x86_64/python-peak-util-symbols-1.0-2.el4.noarch.rpm
4/x86_64/python-pip-0.6.3-1.el4.noarch.rpm
4/x86_64/python-ply-2.3-2.el4.1.noarch.rpm
4/x86_64/python-prioritized-methods-0.2.1-1.el4.noarch.rpm
4/x86_64/python-pygments-1.1.1-1.el4.noarch.rpm
4/x86_64/python-rpmfluff-0.3-6.el4.noarch.rpm
4/x86_64/python-setuptools-0.6c7-1.el4.noarch.rpm
4/x86_64/python-shove-0.1.3-2.el4.noarch.rpm
4/x86_64/python-sqlalchemy-0.3.11-1.el4.noarch.rpm
4/x86_64/python-sqlobject-0.9.7-1.el4.noarch.rpm
4/x86_64/python-suds-0.3.5-1.el4.noarch.rpm
4/x86_64/python-text_table-0.02-2.el4.noarch.rpm
4/x86_64/python-tgfastdata-0.9a6-6.el4.noarch.rpm
4/x86_64/python-turbocheetah-1.0-1.el4.noarch.rpm
4/x86_64/python-turbojson-1.1.2-3.el4.noarch.rpm
4/x86_64/python-turbokid-1.0.4-1.el4.noarch.rpm
4/x86_64/python-urlgrabber-2.9.8-0.3.el4.noarch.rpm
4/x86_64/python-uuid-1.30-3.el4.noarch.rpm
4/x86_64/python-webpy-0.32-3.el4.noarch.rpm
4/x86_64/python-werkzeug-0.6-1.el4.noarch.rpm
4/x86_64/python-werkzeug-doc-0.6-1.el4.noarch.rpm
4/x86_64/python-xlrd-0.6.1-5.el4.noarch.rpm
4/x86_64/python-xmpp-0.4.1-6.el4.noarch.rpm
4/x86_64/pyxdg-0.16-1.el4.noarch.rpm
4/x86_64/pyzor-0.4.0-11.el4.noarch.rpm
4/x86_64/qbanking-2.2.9-2.el4.i386.rpm
4/x86_64/qbanking-devel-2.2.9-2.el4.i386.rpm
4/x86_64/queuegraph-1.1-2.el4.noarch.rpm
4/x86_64/recode-3.6-24.el4.i386.rpm
4/x86_64/recode-devel-3.6-24.el4.i386.rpm
4/x86_64/redet-8.22-4.el4.noarch.rpm
4/x86_64/redet-doc-8.22-1.el4.noarch.rpm
4/x86_64/remctl-2.11-5.el4.i386.rpm
4/x86_64/remctl-devel-2.11-5.el4.i386.rpm
4/x86_64/rhnpush-0.4.5-1.el4.noarch.rpm
4/x86_64/rkhunter-1.3.8-2.el4.noarch.rpm
4/x86_64/rlog-1.4-7.el4.i386.rpm
4/x86_64/rlog-devel-1.4-7.el4.i386.rpm
4/x86_64/roadstencil-fonts-1.0-2.el4.noarch.rpm
4/x86_64/roundcubemail-0.1.1-4.el4.noarch.rpm
4/x86_64/roundup-1.4.15-1.el4.noarch.rpm
4/x86_64/rpl-1.5.3-4.el4.noarch.rpm
4/x86_64/rpmconf-0.1.8-1.el4.noarch.rpm
4/x86_64/rpmdevtools-5.3-1.el4.noarch.rpm
4/x86_64/rpmlint-0.85-3.el4.1.noarch.rpm
4/x86_64/rrdtool-1.2.27-3.el4.i386.rpm
4/x86_64/rrdtool-devel-1.2.27-3.el4.i386.rpm
4/x86_64/rss2email-2.60-3.el4.noarch.rpm
4/x86_64/sagator-1.2.0-1.el4.noarch.rpm
4/x86_64/sagator-core-1.2.0-1.el4.noarch.rpm
4/x86_64/sagator-webq-1.2.0-1.el4.noarch.rpm
4/x86_64/sblim-indication_helper-0.4.2-3.el4.i386.rpm
4/x86_64/sblim-indication_helper-devel-0.4.2-3.el4.i386.rpm
4/x86_64/sblim-sfcc-2.1.0-1.el4.i386.rpm
4/x86_64/sblim-sfcc-devel-2.1.0-1.el4.i386.rpm
4/x86_64/scim-devel-1.4.4-2.el4.i386.rpm
4/x86_64/scim-libs-1.4.4-2.el4.i386.rpm
4/x86_64/scons-0.98.1-1.el4.noarch.rpm
4/x86_64/shapelib-1.2.10-13.i386.rpm
4/x86_64/shapelib-devel-1.2.10-13.i386.rpm
4/x86_64/shorewall-4.0.15-1.el4.noarch.rpm
4/x86_64/shorewall-common-4.0.15-1.el4.noarch.rpm
4/x86_64/shorewall-lite-4.0.15-1.el4.noarch.rpm
4/x86_64/shorewall-perl-4.0.15-1.el4.noarch.rpm
4/x86_64/shorewall-shell-4.0.15-1.el4.noarch.rpm
4/x86_64/silkscreen-fonts-1.0-1.el4.noarch.rpm
4/x86_64/sip-redirect-0.1.2-2.el4.noarch.rpm
4/x86_64/smbldap-tools-0.9.6-3.el4.noarch.rpm
4/x86_64/snake-0.11-0.19.el4.noarch.rpm
4/x86_64/spacewalk-proxy-docs-0.6.2-1.el4.noarch.rpm
4/x86_64/sparse-devel-0.2-1.el4.i386.rpm
4/x86_64/spr-3.3.2-2.el4.i386.rpm
4/x86_64/spr-devel-3.3.2-2.el4.i386.rpm
4/x86_64/sqlgrey-1.7.5-1.el4.noarch.rpm
4/x86_64/sqlite-3.3.6-0.3.el4.i386.rpm
4/x86_64/sqlite-devel-3.3.6-0.3.el4.i386.rpm
4/x86_64/stomppy-2.0.4-1.el4.1.noarch.rpm
4/x86_64/sub2srt-0.5.3-2.el4.noarch.rpm
4/x86_64/suitesparse-3.1.0-1.el4.i386.rpm
4/x86_64/suitesparse-devel-3.1.0-1.el4.i386.rpm
4/x86_64/supybot-0.83.3-8.el4.noarch.rpm
4/x86_64/svgalib-1.9.25-3.el4.1.i386.rpm
4/x86_64/svgalib-devel-1.9.25-3.el4.1.i386.rpm
4/x86_64/svnmailer-1.0.8-3.el4.noarch.rpm
4/x86_64/svnmailer-doc-1.0.8-3.el4.noarch.rpm
4/x86_64/swaks-20111230.0-1.el4.noarch.rpm
4/x86_64/sysusage-2.6-3.el4.noarch.rpm
4/x86_64/t1lib-5.0.2-2.i386.rpm
4/x86_64/t1lib-devel-5.0.2-2.i386.rpm
4/x86_64/taglib-1.5-2.el4.i386.rpm
4/x86_64/taglib-devel-1.5-2.el4.i386.rpm
4/x86_64/tbcload-devel-1.4-6.20061030cvs.el4.i386.rpm
4/x86_64/tclchecker-1.4-4.20061030cvs.el4.noarch.rpm
4/x86_64/tcldebugger-1.4-6.20061030cvs.el4.noarch.rpm
4/x86_64/tcldom-devel-3.1-11.el4.i386.rpm
4/x86_64/tcllib-1.10-1.el4.noarch.rpm
4/x86_64/tclpro-1.5.0-11.20061030cvs.el4.noarch.rpm
4/x86_64/tclxml-devel-3.1-11.el4.i386.rpm
4/x86_64/tdom-devel-0.8.2-3.el4.i386.rpm
4/x86_64/tetex-IEEEtran-1.7.1-3.el4.noarch.rpm
4/x86_64/tetex-elsevier-0.1.20071024-1.el4.1.noarch.rpm
4/x86_64/tetex-lineno-4.41-1.el4.noarch.rpm
4/x86_64/tex-simplecv-1.6-6.el4.noarch.rpm
4/x86_64/tex-simplecv-doc-1.6-6.el4.noarch.rpm
4/x86_64/tinyxml-2.6.1-2.el4.i386.rpm
4/x86_64/tinyxml-devel-2.6.1-2.el4.i386.rpm
4/x86_64/tiquit-2.5-1.el4.noarch.rpm
4/x86_64/tiresias-fonts-1.0-2.el4.noarch.rpm
4/x86_64/tklib-0.4.1-5.el4.noarch.rpm
4/x86_64/tlock-1.4-2.el4.i386.rpm
4/x86_64/tlock-devel-1.4-2.el4.i386.rpm
4/x86_64/tmda-1.1.11-4.el4.noarch.rpm
4/x86_64/tmda-emacs-1.1.11-4.el4.noarch.rpm
4/x86_64/tmda-ofmipd-1.1.11-4.el4.noarch.rpm
4/x86_64/torque-pam-2.5.7-7.el4.i386.rpm
4/x86_64/trac-0.9.3-2.el4.noarch.rpm
4/x86_64/trac-git-plugin-0.0.1-3.20070705svn1536.el4.noarch.rpm
4/x86_64/trac-iniadmin-plugin-0.1-2.20071126svn2824.el4.noarch.rpm
4/x86_64/trac-mercurial-plugin-0.10.0.2-3.20070705svn5798.el4.noarch.rpm
4/x86_64/trac-webadmin-0.1.2-0.3.dev_r4429.el4.noarch.rpm
4/x86_64/ttywatch-devel-0.14-4.el4.i386.rpm
4/x86_64/txt2man-1.5.5-1.el4.noarch.rpm
4/x86_64/txt2tags-2.5-5.el4.noarch.rpm
4/x86_64/udunits-devel-1.12.4-11.el4.1.i386.rpm
4/x86_64/unshield-0.5-3.el4.i386.rpm
4/x86_64/unshield-devel-0.5-3.el4.i386.rpm
4/x86_64/varnish-libs-2.0.6-2.el4.i386.rpm
4/x86_64/varnish-libs-devel-2.0.6-2.el4.i386.rpm
4/x86_64/viewvc-1.1.13-1.el4.noarch.rpm
4/x86_64/viewvc-httpd-1.1.13-1.el4.noarch.rpm
4/x86_64/vnc-ltsp-config-4.0-3.el4.noarch.rpm
4/x86_64/voms-2.0.6-2.el4.i386.rpm
4/x86_64/voms-compat-1.9.19.2-5.el4.i386.rpm
4/x86_64/voms-devel-2.0.6-2.el4.i386.rpm
4/x86_64/wavpack-4.50.1-2.el4.i386.rpm
4/x86_64/wavpack-devel-4.50.1-2.el4.i386.rpm
4/x86_64/websec-1.9.0-3.4.noarch.rpm
4/x86_64/wine-1.0.1-1.el4.i386.rpm
4/x86_64/wine-capi-1.0.1-1.el4.i386.rpm
4/x86_64/wine-cms-1.0.1-1.el4.i386.rpm
4/x86_64/wine-core-1.0.1-1.el4.i386.rpm
4/x86_64/wine-desktop-1.0.1-1.el4.i386.rpm
4/x86_64/wine-devel-1.0.1-1.el4.i386.rpm
4/x86_64/wine-docs-1.0-1.el4.noarch.rpm
4/x86_64/wine-esd-1.0.1-1.el4.i386.rpm
4/x86_64/wine-jack-1.0.1-1.el4.i386.rpm
4/x86_64/wine-ldap-1.0.1-1.el4.i386.rpm
4/x86_64/wine-nas-1.0.1-1.el4.i386.rpm
4/x86_64/wine-tools-1.0.1-1.el4.i386.rpm
4/x86_64/wine-twain-1.0.1-1.el4.i386.rpm
4/x86_64/wordnet-3.0-13.el4.i386.rpm
4/x86_64/wordnet-devel-3.0-13.el4.i386.rpm
4/x86_64/wv2-0.2.3-3.el4.i386.rpm
4/x86_64/wv2-devel-0.2.3-3.el4.i386.rpm
4/x86_64/wxBase-2.8.12-1.el4.i386.rpm
4/x86_64/wxGTK-2.8.12-1.el4.i386.rpm
4/x86_64/wxGTK-devel-2.8.12-1.el4.i386.rpm
4/x86_64/wxGTK-gl-2.8.12-1.el4.i386.rpm
4/x86_64/x509watch-0.5.0-1.el4.noarch.rpm
4/x86_64/xalan-c-1.10.0-2.el4.i386.rpm
4/x86_64/xalan-c-devel-1.10.0-2.el4.i386.rpm
4/x86_64/xar-1.5-1.el4.i386.rpm
4/x86_64/xar-devel-1.5-1.el4.i386.rpm
4/x86_64/xbae-4.60.4-8.el4.1.i386.rpm
4/x86_64/xbae-devel-4.60.4-8.el4.1.i386.rpm
4/x86_64/xbase-2.0.0-4.el4.i386.rpm
4/x86_64/xbase-devel-2.0.0-4.el4.i386.rpm
4/x86_64/xbsql-0.11-9.el4.i386.rpm
4/x86_64/xbsql-devel-0.11-9.el4.i386.rpm
4/x86_64/xdg-utils-1.0.2-4.el4.noarch.rpm
4/x86_64/xerces-c-2.7.0-8.el4.i386.rpm
4/x86_64/xerces-c-devel-2.7.0-8.el4.i386.rpm
4/x86_64/xforms-1.0.90-8.el4.i386.rpm
4/x86_64/xforms-devel-1.0.90-8.el4.i386.rpm
4/x86_64/xml-security-c-1.5.1-3.el4.i386.rpm
4/x86_64/xml-security-c-devel-1.5.1-3.el4.i386.rpm
4/x86_64/xrootd-devel-3.0.5-1.el4.i386.rpm
4/x86_64/xrootd-libs-3.0.5-1.el4.i386.rpm
4/x86_64/xsupplicant-devel-1.2.8-3.el4.i386.rpm
4/x86_64/yasm-devel-0.7.1-1.el4.i386.rpm
4/x86_64/yum-2.4.3-0.5.el4.noarch.rpm
4/x86_64/zarafa-devel-6.40.14-1.el4.i386.rpm
4/x86_64/znc-devel-0.204-3.el4.i386.rpm
4/x86_64/zziplib-0.13.49-1.el4.i386.rpm
4/x86_64/zziplib-devel-0.13.49-1.el4.i386.rpm
4/x86_64/debug/
4/x86_64/debug/headers/
4/x86_64/debug/repodata/
4/x86_64/debug/repoview/
4/x86_64/debug/repoview/layout/
4/x86_64/headers/
rsync error: timeout in data send/receive (code 30) at io.c(137) [sender=3.0.9]
rsync: connection unexpectedly closed (7083165 bytes received so far) [receiver]
rsync error: error in rsync protocol data stream (code 12) at io.c(600) [receiver=3.0.6]
rsync: connection unexpectedly closed (6986199 bytes received so far) [generator]
rsync error: error in rsync protocol data stream (code 12) at io.c(600) [generator=3.0.6]
