2014-08-06 00:00:03
rsync://mirrors.hustunique.com/archlinux/
Welcome to HUST Open Source Mirror!

This service is brought to you by
    Unique Studio in Qiming College, HUST

URL:
    http://mirrors.hustunique.com/
    rsync://mirrors.hustunique.com/

Contact:
    it+mirrors@hustunique.com


receiving file list ... done
./
lastsync
lastupdate
community-staging/
community-staging/os/
community-staging/os/i686/
community-staging/os/x86_64/
community-testing/
community-testing/os/
community-testing/os/i686/
community-testing/os/x86_64/
community/
community/os/
community/os/i686/
community/os/i686/community.db.tar.gz
community/os/i686/community.db.tar.gz.old
community/os/i686/community.files.tar.gz
community/os/i686/community.files.tar.gz.old
community/os/i686/mingw-w64-gcc-base-4.9.1-1-i686.pkg.tar.xz -> ../../../pool/community/mingw-w64-gcc-base-4.9.1-1-i686.pkg.tar.xz
community/os/i686/mingw-w64-gcc-base-4.9.1-1-i686.pkg.tar.xz.sig -> ../../../pool/community/mingw-w64-gcc-base-4.9.1-1-i686.pkg.tar.xz.sig
community/os/x86_64/
community/os/x86_64/community.db.tar.gz
community/os/x86_64/community.db.tar.gz.old
community/os/x86_64/community.files.tar.gz
community/os/x86_64/community.files.tar.gz.old
community/os/x86_64/mingw-w64-gcc-base-4.9.1-1-x86_64.pkg.tar.xz -> ../../../pool/community/mingw-w64-gcc-base-4.9.1-1-x86_64.pkg.tar.xz
community/os/x86_64/mingw-w64-gcc-base-4.9.1-1-x86_64.pkg.tar.xz.sig -> ../../../pool/community/mingw-w64-gcc-base-4.9.1-1-x86_64.pkg.tar.xz.sig
core/
core/os/
core/os/i686/
core/os/x86_64/
extra/
extra/os/
extra/os/i686/
extra/os/i686/extra.db.tar.gz
extra/os/i686/extra.db.tar.gz.old
extra/os/i686/extra.files.tar.gz
extra/os/i686/extra.files.tar.gz.old
extra/os/i686/libmediaart-0.4.0-2-i686.pkg.tar.xz -> ../../../pool/packages/libmediaart-0.4.0-2-i686.pkg.tar.xz
extra/os/i686/libmediaart-0.4.0-2-i686.pkg.tar.xz.sig -> ../../../pool/packages/libmediaart-0.4.0-2-i686.pkg.tar.xz.sig
extra/os/i686/zenity-3.12.1-2-i686.pkg.tar.xz -> ../../../pool/packages/zenity-3.12.1-2-i686.pkg.tar.xz
extra/os/i686/zenity-3.12.1-2-i686.pkg.tar.xz.sig -> ../../../pool/packages/zenity-3.12.1-2-i686.pkg.tar.xz.sig
extra/os/x86_64/
extra/os/x86_64/extra.db.tar.gz
extra/os/x86_64/extra.db.tar.gz.old
extra/os/x86_64/extra.files.tar.gz
extra/os/x86_64/extra.files.tar.gz.old
extra/os/x86_64/libmediaart-0.4.0-2-x86_64.pkg.tar.xz -> ../../../pool/packages/libmediaart-0.4.0-2-x86_64.pkg.tar.xz
extra/os/x86_64/libmediaart-0.4.0-2-x86_64.pkg.tar.xz.sig -> ../../../pool/packages/libmediaart-0.4.0-2-x86_64.pkg.tar.xz.sig
extra/os/x86_64/zenity-3.12.1-2-x86_64.pkg.tar.xz -> ../../../pool/packages/zenity-3.12.1-2-x86_64.pkg.tar.xz
extra/os/x86_64/zenity-3.12.1-2-x86_64.pkg.tar.xz.sig -> ../../../pool/packages/zenity-3.12.1-2-x86_64.pkg.tar.xz.sig
gnome-unstable/
gnome-unstable/os/
gnome-unstable/os/i686/
gnome-unstable/os/x86_64/
iso/
iso/2014.06.01/
iso/2014.06.01/arch/
iso/2014.06.01/arch/boot/
iso/2014.06.01/arch/boot/i686/
iso/2014.06.01/arch/boot/x86_64/
iso/2014.06.01/arch/i686/
iso/2014.06.01/arch/x86_64/
iso/2014.07.03/
iso/2014.07.03/arch/
iso/2014.07.03/arch/boot/
iso/2014.07.03/arch/boot/i686/
iso/2014.07.03/arch/boot/x86_64/
iso/2014.07.03/arch/i686/
iso/2014.07.03/arch/x86_64/
iso/2014.08.01/
iso/2014.08.01/arch/
iso/2014.08.01/arch/boot/
iso/2014.08.01/arch/boot/i686/
iso/2014.08.01/arch/boot/x86_64/
iso/2014.08.01/arch/i686/
iso/2014.08.01/arch/x86_64/
iso/archboot/
iso/archboot/2014.06/
iso/archboot/2014.06/boot/
iso/archboot/2014.08/
iso/archboot/2014.08/boot/
iso/archboot/history/
kde-unstable/
kde-unstable/os/
kde-unstable/os/i686/
kde-unstable/os/x86_64/
multilib-staging/
multilib-staging/os/
multilib-staging/os/i686/
multilib-staging/os/x86_64/
multilib-testing/
multilib-testing/os/
multilib-testing/os/i686/
multilib-testing/os/x86_64/
multilib/
multilib/os/
multilib/os/i686/
multilib/os/x86_64/
pool/
pool/community/
pool/community/mingw-w64-gcc-base-4.9.1-1-i686.pkg.tar.xz
pool/community/mingw-w64-gcc-base-4.9.1-1-i686.pkg.tar.xz.sig
pool/community/mingw-w64-gcc-base-4.9.1-1-x86_64.pkg.tar.xz
pool/community/mingw-w64-gcc-base-4.9.1-1-x86_64.pkg.tar.xz.sig
pool/packages/
pool/packages/libmediaart-0.4.0-2-i686.pkg.tar.xz
pool/packages/libmediaart-0.4.0-2-i686.pkg.tar.xz.sig
pool/packages/libmediaart-0.4.0-2-x86_64.pkg.tar.xz
pool/packages/libmediaart-0.4.0-2-x86_64.pkg.tar.xz.sig
pool/packages/netctl-1.9-1-any.pkg.tar.xz
pool/packages/netctl-1.9-1-any.pkg.tar.xz.sig
pool/packages/upower-0.99.0-3-i686.pkg.tar.xz
pool/packages/upower-0.99.0-3-i686.pkg.tar.xz.sig
pool/packages/upower-0.99.0-3-x86_64.pkg.tar.xz
pool/packages/upower-0.99.0-3-x86_64.pkg.tar.xz.sig
pool/packages/zenity-3.12.1-2-i686.pkg.tar.xz
pool/packages/zenity-3.12.1-2-i686.pkg.tar.xz.sig
pool/packages/zenity-3.12.1-2-x86_64.pkg.tar.xz
pool/packages/zenity-3.12.1-2-x86_64.pkg.tar.xz.sig
project/
project/trace/
project/trace/mirror.nl.leaseweb.net
project/trace/mirror.us.leaseweb.net
staging/
staging/os/
staging/os/i686/
staging/os/x86_64/
testing/
testing/os/
testing/os/i686/
testing/os/i686/netctl-1.9-1-any.pkg.tar.xz -> ../../../pool/packages/netctl-1.9-1-any.pkg.tar.xz
testing/os/i686/netctl-1.9-1-any.pkg.tar.xz.sig -> ../../../pool/packages/netctl-1.9-1-any.pkg.tar.xz.sig
testing/os/i686/testing.db.tar.gz
testing/os/i686/testing.db.tar.gz.old
testing/os/i686/testing.files.tar.gz
testing/os/i686/testing.files.tar.gz.old
testing/os/i686/upower-0.99.0-3-i686.pkg.tar.xz -> ../../../pool/packages/upower-0.99.0-3-i686.pkg.tar.xz
testing/os/i686/upower-0.99.0-3-i686.pkg.tar.xz.sig -> ../../../pool/packages/upower-0.99.0-3-i686.pkg.tar.xz.sig
testing/os/x86_64/
testing/os/x86_64/netctl-1.9-1-any.pkg.tar.xz -> ../../../pool/packages/netctl-1.9-1-any.pkg.tar.xz
testing/os/x86_64/netctl-1.9-1-any.pkg.tar.xz.sig -> ../../../pool/packages/netctl-1.9-1-any.pkg.tar.xz.sig
testing/os/x86_64/testing.db.tar.gz
testing/os/x86_64/testing.db.tar.gz.old
testing/os/x86_64/testing.files.tar.gz
testing/os/x86_64/testing.files.tar.gz.old
testing/os/x86_64/upower-0.99.0-3-x86_64.pkg.tar.xz -> ../../../pool/packages/upower-0.99.0-3-x86_64.pkg.tar.xz
testing/os/x86_64/upower-0.99.0-3-x86_64.pkg.tar.xz.sig -> ../../../pool/packages/upower-0.99.0-3-x86_64.pkg.tar.xz.sig
deleting community/os/i686/tigervnc-1.3.1-4-i686.pkg.tar.xz.sig
deleting community/os/i686/tigervnc-1.3.1-4-i686.pkg.tar.xz
deleting community/os/i686/squashfs-tools-4.3-2-i686.pkg.tar.xz.sig
deleting community/os/i686/squashfs-tools-4.3-2-i686.pkg.tar.xz
deleting community/os/i686/mingw-w64-gcc-base-4.8.2-2-i686.pkg.tar.xz.sig
deleting community/os/i686/mingw-w64-gcc-base-4.8.2-2-i686.pkg.tar.xz
deleting community/os/i686/firefox-adblock-plus-2.6.3-1-any.pkg.tar.xz.sig
deleting community/os/i686/firefox-adblock-plus-2.6.3-1-any.pkg.tar.xz
deleting community/os/x86_64/tigervnc-1.3.1-4-x86_64.pkg.tar.xz.sig
deleting community/os/x86_64/tigervnc-1.3.1-4-x86_64.pkg.tar.xz
deleting community/os/x86_64/squashfs-tools-4.3-2-x86_64.pkg.tar.xz.sig
deleting community/os/x86_64/squashfs-tools-4.3-2-x86_64.pkg.tar.xz
deleting community/os/x86_64/mingw-w64-gcc-base-4.8.2-2-x86_64.pkg.tar.xz.sig
deleting community/os/x86_64/mingw-w64-gcc-base-4.8.2-2-x86_64.pkg.tar.xz
deleting community/os/x86_64/firefox-adblock-plus-2.6.3-1-any.pkg.tar.xz.sig
deleting community/os/x86_64/firefox-adblock-plus-2.6.3-1-any.pkg.tar.xz
deleting pool/community/tigervnc-1.3.1-4-x86_64.pkg.tar.xz.sig
deleting pool/community/tigervnc-1.3.1-4-x86_64.pkg.tar.xz
deleting pool/community/tigervnc-1.3.1-4-i686.pkg.tar.xz.sig
deleting pool/community/tigervnc-1.3.1-4-i686.pkg.tar.xz
deleting pool/community/squashfs-tools-4.3-2-x86_64.pkg.tar.xz.sig
deleting pool/community/squashfs-tools-4.3-2-x86_64.pkg.tar.xz
deleting pool/community/squashfs-tools-4.3-2-i686.pkg.tar.xz.sig
deleting pool/community/squashfs-tools-4.3-2-i686.pkg.tar.xz
deleting pool/community/mingw-w64-gcc-base-4.8.2-2-x86_64.pkg.tar.xz.sig
deleting pool/community/mingw-w64-gcc-base-4.8.2-2-x86_64.pkg.tar.xz
deleting pool/community/mingw-w64-gcc-base-4.8.2-2-i686.pkg.tar.xz.sig
deleting pool/community/mingw-w64-gcc-base-4.8.2-2-i686.pkg.tar.xz
deleting pool/community/firefox-adblock-plus-2.6.3-1-any.pkg.tar.xz.sig
deleting pool/community/firefox-adblock-plus-2.6.3-1-any.pkg.tar.xz

Number of files: 52530
Number of files transferred: 46
Total file size: 47869347692 bytes
Total transferred file size: 133681988 bytes
Literal data: 109440227 bytes
Matched data: 24249809 bytes
File list size: 4319759
File list generation time: 0.370 seconds
File list transfer time: 0.000 seconds
Total bytes sent: 374569
Total bytes received: 113985291

sent 374569 bytes  received 113985291 bytes  8645.61 bytes/sec
total size is 47869347692  speedup is 418.59
